[2024-09-24T23:38:28.412+0000] {processor.py:186} INFO - Started process (PID=432) to work on /home/airflow/.local/lib/python3.12/site-packages/airflow/example_dags/example_branch_labels.py
[2024-09-24T23:38:28.415+0000] {processor.py:914} INFO - Processing file /home/airflow/.local/lib/python3.12/site-packages/airflow/example_dags/example_branch_labels.py for tasks to queue
[2024-09-24T23:38:28.421+0000] {logging_mixin.py:190} INFO - [2024-09-24T23:38:28.420+0000] {dagbag.py:588} INFO - Filling up the DagBag from /home/airflow/.local/lib/python3.12/site-packages/airflow/example_dags/example_branch_labels.py
[2024-09-24T23:38:28.450+0000] {processor.py:925} INFO - DAG(s) 'example_branch_labels' retrieved from /home/airflow/.local/lib/python3.12/site-packages/airflow/example_dags/example_branch_labels.py
[2024-09-24T23:38:28.821+0000] {logging_mixin.py:190} INFO - [2024-09-24T23:38:28.819+0000] {override.py:1900} INFO - Created Permission View: can edit on DAG:example_branch_labels
[2024-09-24T23:38:28.855+0000] {logging_mixin.py:190} INFO - [2024-09-24T23:38:28.855+0000] {override.py:1900} INFO - Created Permission View: can read on DAG:example_branch_labels
[2024-09-24T23:38:28.879+0000] {logging_mixin.py:190} INFO - [2024-09-24T23:38:28.878+0000] {override.py:1900} INFO - Created Permission View: can delete on DAG:example_branch_labels
[2024-09-24T23:38:28.904+0000] {logging_mixin.py:190} INFO - [2024-09-24T23:38:28.903+0000] {override.py:1900} INFO - Created Permission View: can read on DAG Run:example_branch_labels
[2024-09-24T23:38:28.926+0000] {logging_mixin.py:190} INFO - [2024-09-24T23:38:28.925+0000] {override.py:1900} INFO - Created Permission View: menu access on DAG Run:example_branch_labels
[2024-09-24T23:38:28.946+0000] {logging_mixin.py:190} INFO - [2024-09-24T23:38:28.946+0000] {override.py:1900} INFO - Created Permission View: can delete on DAG Run:example_branch_labels
[2024-09-24T23:38:28.966+0000] {logging_mixin.py:190} INFO - [2024-09-24T23:38:28.965+0000] {override.py:1900} INFO - Created Permission View: can create on DAG Run:example_branch_labels
[2024-09-24T23:38:28.968+0000] {logging_mixin.py:190} INFO - [2024-09-24T23:38:28.967+0000] {dag.py:3239} INFO - Sync 1 DAGs
[2024-09-24T23:38:29.006+0000] {logging_mixin.py:190} INFO - [2024-09-24T23:38:29.005+0000] {dag.py:3262} INFO - Creating ORM DAG for example_branch_labels
[2024-09-24T23:38:29.053+0000] {logging_mixin.py:190} INFO - [2024-09-24T23:38:29.052+0000] {dag.py:4180} INFO - Setting next_dagrun for example_branch_labels to 2024-09-23 00:00:00+00:00, run_after=2024-09-24 00:00:00+00:00
[2024-09-24T23:38:29.096+0000] {processor.py:208} INFO - Processing /home/airflow/.local/lib/python3.12/site-packages/airflow/example_dags/example_branch_labels.py took 0.697 seconds
[2024-09-24T23:38:59.828+0000] {processor.py:186} INFO - Started process (PID=717) to work on /home/airflow/.local/lib/python3.12/site-packages/airflow/example_dags/example_branch_labels.py
[2024-09-24T23:38:59.831+0000] {processor.py:914} INFO - Processing file /home/airflow/.local/lib/python3.12/site-packages/airflow/example_dags/example_branch_labels.py for tasks to queue
[2024-09-24T23:38:59.838+0000] {logging_mixin.py:190} INFO - [2024-09-24T23:38:59.837+0000] {dagbag.py:588} INFO - Filling up the DagBag from /home/airflow/.local/lib/python3.12/site-packages/airflow/example_dags/example_branch_labels.py
[2024-09-24T23:38:59.882+0000] {processor.py:925} INFO - DAG(s) 'example_branch_labels' retrieved from /home/airflow/.local/lib/python3.12/site-packages/airflow/example_dags/example_branch_labels.py
[2024-09-24T23:39:00.061+0000] {logging_mixin.py:190} INFO - [2024-09-24T23:39:00.060+0000] {dag.py:3239} INFO - Sync 1 DAGs
[2024-09-24T23:39:00.169+0000] {logging_mixin.py:190} INFO - [2024-09-24T23:39:00.168+0000] {dag.py:4180} INFO - Setting next_dagrun for example_branch_labels to 2024-09-23 00:00:00+00:00, run_after=2024-09-24 00:00:00+00:00
[2024-09-24T23:39:00.246+0000] {processor.py:208} INFO - Processing /home/airflow/.local/lib/python3.12/site-packages/airflow/example_dags/example_branch_labels.py took 0.434 seconds
[2024-09-24T23:39:30.883+0000] {processor.py:186} INFO - Started process (PID=1005) to work on /home/airflow/.local/lib/python3.12/site-packages/airflow/example_dags/example_branch_labels.py
[2024-09-24T23:39:30.890+0000] {processor.py:914} INFO - Processing file /home/airflow/.local/lib/python3.12/site-packages/airflow/example_dags/example_branch_labels.py for tasks to queue
[2024-09-24T23:39:30.909+0000] {logging_mixin.py:190} INFO - [2024-09-24T23:39:30.908+0000] {dagbag.py:588} INFO - Filling up the DagBag from /home/airflow/.local/lib/python3.12/site-packages/airflow/example_dags/example_branch_labels.py
[2024-09-24T23:39:30.971+0000] {processor.py:925} INFO - DAG(s) 'example_branch_labels' retrieved from /home/airflow/.local/lib/python3.12/site-packages/airflow/example_dags/example_branch_labels.py
[2024-09-24T23:39:31.074+0000] {logging_mixin.py:190} INFO - [2024-09-24T23:39:31.073+0000] {dag.py:3239} INFO - Sync 1 DAGs
[2024-09-24T23:39:31.212+0000] {logging_mixin.py:190} INFO - [2024-09-24T23:39:31.211+0000] {dag.py:4180} INFO - Setting next_dagrun for example_branch_labels to 2024-09-23 00:00:00+00:00, run_after=2024-09-24 00:00:00+00:00
[2024-09-24T23:39:31.321+0000] {processor.py:208} INFO - Processing /home/airflow/.local/lib/python3.12/site-packages/airflow/example_dags/example_branch_labels.py took 0.463 seconds
[2024-09-24T23:40:02.253+0000] {processor.py:186} INFO - Started process (PID=1291) to work on /home/airflow/.local/lib/python3.12/site-packages/airflow/example_dags/example_branch_labels.py
[2024-09-24T23:40:02.256+0000] {processor.py:914} INFO - Processing file /home/airflow/.local/lib/python3.12/site-packages/airflow/example_dags/example_branch_labels.py for tasks to queue
[2024-09-24T23:40:02.261+0000] {logging_mixin.py:190} INFO - [2024-09-24T23:40:02.260+0000] {dagbag.py:588} INFO - Filling up the DagBag from /home/airflow/.local/lib/python3.12/site-packages/airflow/example_dags/example_branch_labels.py
[2024-09-24T23:40:02.284+0000] {processor.py:925} INFO - DAG(s) 'example_branch_labels' retrieved from /home/airflow/.local/lib/python3.12/site-packages/airflow/example_dags/example_branch_labels.py
[2024-09-24T23:40:02.347+0000] {logging_mixin.py:190} INFO - [2024-09-24T23:40:02.346+0000] {dag.py:3239} INFO - Sync 1 DAGs
[2024-09-24T23:40:02.407+0000] {logging_mixin.py:190} INFO - [2024-09-24T23:40:02.407+0000] {dag.py:4180} INFO - Setting next_dagrun for example_branch_labels to 2024-09-23 00:00:00+00:00, run_after=2024-09-24 00:00:00+00:00
[2024-09-24T23:40:02.451+0000] {processor.py:208} INFO - Processing /home/airflow/.local/lib/python3.12/site-packages/airflow/example_dags/example_branch_labels.py took 0.210 seconds
[2024-09-24T23:40:32.877+0000] {processor.py:186} INFO - Started process (PID=1578) to work on /home/airflow/.local/lib/python3.12/site-packages/airflow/example_dags/example_branch_labels.py
[2024-09-24T23:40:32.880+0000] {processor.py:914} INFO - Processing file /home/airflow/.local/lib/python3.12/site-packages/airflow/example_dags/example_branch_labels.py for tasks to queue
[2024-09-24T23:40:32.899+0000] {logging_mixin.py:190} INFO - [2024-09-24T23:40:32.898+0000] {dagbag.py:588} INFO - Filling up the DagBag from /home/airflow/.local/lib/python3.12/site-packages/airflow/example_dags/example_branch_labels.py
[2024-09-24T23:40:32.941+0000] {processor.py:925} INFO - DAG(s) 'example_branch_labels' retrieved from /home/airflow/.local/lib/python3.12/site-packages/airflow/example_dags/example_branch_labels.py
[2024-09-24T23:40:33.051+0000] {logging_mixin.py:190} INFO - [2024-09-24T23:40:33.049+0000] {dag.py:3239} INFO - Sync 1 DAGs
[2024-09-24T23:40:33.231+0000] {logging_mixin.py:190} INFO - [2024-09-24T23:40:33.219+0000] {dag.py:4180} INFO - Setting next_dagrun for example_branch_labels to 2024-09-23 00:00:00+00:00, run_after=2024-09-24 00:00:00+00:00
[2024-09-24T23:40:33.367+0000] {processor.py:208} INFO - Processing /home/airflow/.local/lib/python3.12/site-packages/airflow/example_dags/example_branch_labels.py took 0.515 seconds
[2024-09-24T23:41:04.155+0000] {processor.py:186} INFO - Started process (PID=1863) to work on /home/airflow/.local/lib/python3.12/site-packages/airflow/example_dags/example_branch_labels.py
[2024-09-24T23:41:04.158+0000] {processor.py:914} INFO - Processing file /home/airflow/.local/lib/python3.12/site-packages/airflow/example_dags/example_branch_labels.py for tasks to queue
[2024-09-24T23:41:04.166+0000] {logging_mixin.py:190} INFO - [2024-09-24T23:41:04.165+0000] {dagbag.py:588} INFO - Filling up the DagBag from /home/airflow/.local/lib/python3.12/site-packages/airflow/example_dags/example_branch_labels.py
[2024-09-24T23:41:04.196+0000] {processor.py:925} INFO - DAG(s) 'example_branch_labels' retrieved from /home/airflow/.local/lib/python3.12/site-packages/airflow/example_dags/example_branch_labels.py
[2024-09-24T23:41:04.274+0000] {logging_mixin.py:190} INFO - [2024-09-24T23:41:04.274+0000] {dag.py:3239} INFO - Sync 1 DAGs
[2024-09-24T23:41:04.382+0000] {logging_mixin.py:190} INFO - [2024-09-24T23:41:04.381+0000] {dag.py:4180} INFO - Setting next_dagrun for example_branch_labels to 2024-09-23 00:00:00+00:00, run_after=2024-09-24 00:00:00+00:00
[2024-09-24T23:41:04.505+0000] {processor.py:208} INFO - Processing /home/airflow/.local/lib/python3.12/site-packages/airflow/example_dags/example_branch_labels.py took 0.383 seconds
[2024-09-24T23:41:35.460+0000] {processor.py:186} INFO - Started process (PID=2151) to work on /home/airflow/.local/lib/python3.12/site-packages/airflow/example_dags/example_branch_labels.py
[2024-09-24T23:41:35.463+0000] {processor.py:914} INFO - Processing file /home/airflow/.local/lib/python3.12/site-packages/airflow/example_dags/example_branch_labels.py for tasks to queue
[2024-09-24T23:41:35.469+0000] {logging_mixin.py:190} INFO - [2024-09-24T23:41:35.468+0000] {dagbag.py:588} INFO - Filling up the DagBag from /home/airflow/.local/lib/python3.12/site-packages/airflow/example_dags/example_branch_labels.py
[2024-09-24T23:41:35.494+0000] {processor.py:925} INFO - DAG(s) 'example_branch_labels' retrieved from /home/airflow/.local/lib/python3.12/site-packages/airflow/example_dags/example_branch_labels.py
[2024-09-24T23:41:35.545+0000] {logging_mixin.py:190} INFO - [2024-09-24T23:41:35.545+0000] {dag.py:3239} INFO - Sync 1 DAGs
[2024-09-24T23:41:35.605+0000] {logging_mixin.py:190} INFO - [2024-09-24T23:41:35.605+0000] {dag.py:4180} INFO - Setting next_dagrun for example_branch_labels to 2024-09-23 00:00:00+00:00, run_after=2024-09-24 00:00:00+00:00
[2024-09-24T23:41:35.648+0000] {processor.py:208} INFO - Processing /home/airflow/.local/lib/python3.12/site-packages/airflow/example_dags/example_branch_labels.py took 0.205 seconds
[2024-09-24T23:42:06.053+0000] {processor.py:186} INFO - Started process (PID=2437) to work on /home/airflow/.local/lib/python3.12/site-packages/airflow/example_dags/example_branch_labels.py
[2024-09-24T23:42:06.055+0000] {processor.py:914} INFO - Processing file /home/airflow/.local/lib/python3.12/site-packages/airflow/example_dags/example_branch_labels.py for tasks to queue
[2024-09-24T23:42:06.059+0000] {logging_mixin.py:190} INFO - [2024-09-24T23:42:06.059+0000] {dagbag.py:588} INFO - Filling up the DagBag from /home/airflow/.local/lib/python3.12/site-packages/airflow/example_dags/example_branch_labels.py
[2024-09-24T23:42:06.087+0000] {processor.py:925} INFO - DAG(s) 'example_branch_labels' retrieved from /home/airflow/.local/lib/python3.12/site-packages/airflow/example_dags/example_branch_labels.py
[2024-09-24T23:42:06.143+0000] {logging_mixin.py:190} INFO - [2024-09-24T23:42:06.142+0000] {dag.py:3239} INFO - Sync 1 DAGs
[2024-09-24T23:42:06.219+0000] {logging_mixin.py:190} INFO - [2024-09-24T23:42:06.218+0000] {dag.py:4180} INFO - Setting next_dagrun for example_branch_labels to 2024-09-23 00:00:00+00:00, run_after=2024-09-24 00:00:00+00:00
[2024-09-24T23:42:06.266+0000] {processor.py:208} INFO - Processing /home/airflow/.local/lib/python3.12/site-packages/airflow/example_dags/example_branch_labels.py took 0.230 seconds
[2024-09-24T23:42:36.858+0000] {processor.py:186} INFO - Started process (PID=2723) to work on /home/airflow/.local/lib/python3.12/site-packages/airflow/example_dags/example_branch_labels.py
[2024-09-24T23:42:36.860+0000] {processor.py:914} INFO - Processing file /home/airflow/.local/lib/python3.12/site-packages/airflow/example_dags/example_branch_labels.py for tasks to queue
[2024-09-24T23:42:36.864+0000] {logging_mixin.py:190} INFO - [2024-09-24T23:42:36.864+0000] {dagbag.py:588} INFO - Filling up the DagBag from /home/airflow/.local/lib/python3.12/site-packages/airflow/example_dags/example_branch_labels.py
[2024-09-24T23:42:36.882+0000] {processor.py:925} INFO - DAG(s) 'example_branch_labels' retrieved from /home/airflow/.local/lib/python3.12/site-packages/airflow/example_dags/example_branch_labels.py
[2024-09-24T23:42:36.927+0000] {logging_mixin.py:190} INFO - [2024-09-24T23:42:36.927+0000] {dag.py:3239} INFO - Sync 1 DAGs
[2024-09-24T23:42:36.985+0000] {logging_mixin.py:190} INFO - [2024-09-24T23:42:36.984+0000] {dag.py:4180} INFO - Setting next_dagrun for example_branch_labels to 2024-09-23 00:00:00+00:00, run_after=2024-09-24 00:00:00+00:00
[2024-09-24T23:42:37.028+0000] {processor.py:208} INFO - Processing /home/airflow/.local/lib/python3.12/site-packages/airflow/example_dags/example_branch_labels.py took 0.179 seconds
[2024-09-24T23:43:07.396+0000] {processor.py:186} INFO - Started process (PID=3009) to work on /home/airflow/.local/lib/python3.12/site-packages/airflow/example_dags/example_branch_labels.py
[2024-09-24T23:43:07.398+0000] {processor.py:914} INFO - Processing file /home/airflow/.local/lib/python3.12/site-packages/airflow/example_dags/example_branch_labels.py for tasks to queue
[2024-09-24T23:43:07.402+0000] {logging_mixin.py:190} INFO - [2024-09-24T23:43:07.402+0000] {dagbag.py:588} INFO - Filling up the DagBag from /home/airflow/.local/lib/python3.12/site-packages/airflow/example_dags/example_branch_labels.py
[2024-09-24T23:43:07.423+0000] {processor.py:925} INFO - DAG(s) 'example_branch_labels' retrieved from /home/airflow/.local/lib/python3.12/site-packages/airflow/example_dags/example_branch_labels.py
[2024-09-24T23:43:07.463+0000] {logging_mixin.py:190} INFO - [2024-09-24T23:43:07.462+0000] {dag.py:3239} INFO - Sync 1 DAGs
[2024-09-24T23:43:07.531+0000] {logging_mixin.py:190} INFO - [2024-09-24T23:43:07.531+0000] {dag.py:4180} INFO - Setting next_dagrun for example_branch_labels to 2024-09-23 00:00:00+00:00, run_after=2024-09-24 00:00:00+00:00
[2024-09-24T23:43:07.575+0000] {processor.py:208} INFO - Processing /home/airflow/.local/lib/python3.12/site-packages/airflow/example_dags/example_branch_labels.py took 0.192 seconds
[2024-09-24T23:43:37.944+0000] {processor.py:186} INFO - Started process (PID=3295) to work on /home/airflow/.local/lib/python3.12/site-packages/airflow/example_dags/example_branch_labels.py
[2024-09-24T23:43:37.946+0000] {processor.py:914} INFO - Processing file /home/airflow/.local/lib/python3.12/site-packages/airflow/example_dags/example_branch_labels.py for tasks to queue
[2024-09-24T23:43:37.952+0000] {logging_mixin.py:190} INFO - [2024-09-24T23:43:37.951+0000] {dagbag.py:588} INFO - Filling up the DagBag from /home/airflow/.local/lib/python3.12/site-packages/airflow/example_dags/example_branch_labels.py
[2024-09-24T23:43:37.976+0000] {processor.py:925} INFO - DAG(s) 'example_branch_labels' retrieved from /home/airflow/.local/lib/python3.12/site-packages/airflow/example_dags/example_branch_labels.py
[2024-09-24T23:43:38.022+0000] {logging_mixin.py:190} INFO - [2024-09-24T23:43:38.021+0000] {dag.py:3239} INFO - Sync 1 DAGs
[2024-09-24T23:43:38.084+0000] {logging_mixin.py:190} INFO - [2024-09-24T23:43:38.083+0000] {dag.py:4180} INFO - Setting next_dagrun for example_branch_labels to 2024-09-23 00:00:00+00:00, run_after=2024-09-24 00:00:00+00:00
[2024-09-24T23:43:38.125+0000] {processor.py:208} INFO - Processing /home/airflow/.local/lib/python3.12/site-packages/airflow/example_dags/example_branch_labels.py took 0.196 seconds
[2024-09-24T23:44:08.575+0000] {processor.py:186} INFO - Started process (PID=3579) to work on /home/airflow/.local/lib/python3.12/site-packages/airflow/example_dags/example_branch_labels.py
[2024-09-24T23:44:08.578+0000] {processor.py:914} INFO - Processing file /home/airflow/.local/lib/python3.12/site-packages/airflow/example_dags/example_branch_labels.py for tasks to queue
[2024-09-24T23:44:08.584+0000] {logging_mixin.py:190} INFO - [2024-09-24T23:44:08.583+0000] {dagbag.py:588} INFO - Filling up the DagBag from /home/airflow/.local/lib/python3.12/site-packages/airflow/example_dags/example_branch_labels.py
[2024-09-24T23:44:08.611+0000] {processor.py:925} INFO - DAG(s) 'example_branch_labels' retrieved from /home/airflow/.local/lib/python3.12/site-packages/airflow/example_dags/example_branch_labels.py
[2024-09-24T23:44:08.671+0000] {logging_mixin.py:190} INFO - [2024-09-24T23:44:08.670+0000] {dag.py:3239} INFO - Sync 1 DAGs
[2024-09-24T23:44:08.767+0000] {logging_mixin.py:190} INFO - [2024-09-24T23:44:08.765+0000] {dag.py:4180} INFO - Setting next_dagrun for example_branch_labels to 2024-09-23 00:00:00+00:00, run_after=2024-09-24 00:00:00+00:00
[2024-09-24T23:44:08.837+0000] {processor.py:208} INFO - Processing /home/airflow/.local/lib/python3.12/site-packages/airflow/example_dags/example_branch_labels.py took 0.284 seconds
[2024-09-24T23:44:39.658+0000] {processor.py:186} INFO - Started process (PID=3865) to work on /home/airflow/.local/lib/python3.12/site-packages/airflow/example_dags/example_branch_labels.py
[2024-09-24T23:44:39.661+0000] {processor.py:914} INFO - Processing file /home/airflow/.local/lib/python3.12/site-packages/airflow/example_dags/example_branch_labels.py for tasks to queue
[2024-09-24T23:44:39.664+0000] {logging_mixin.py:190} INFO - [2024-09-24T23:44:39.664+0000] {dagbag.py:588} INFO - Filling up the DagBag from /home/airflow/.local/lib/python3.12/site-packages/airflow/example_dags/example_branch_labels.py
[2024-09-24T23:44:39.678+0000] {processor.py:925} INFO - DAG(s) 'example_branch_labels' retrieved from /home/airflow/.local/lib/python3.12/site-packages/airflow/example_dags/example_branch_labels.py
[2024-09-24T23:44:39.734+0000] {logging_mixin.py:190} INFO - [2024-09-24T23:44:39.734+0000] {dag.py:3239} INFO - Sync 1 DAGs
[2024-09-24T23:44:39.794+0000] {logging_mixin.py:190} INFO - [2024-09-24T23:44:39.793+0000] {dag.py:4180} INFO - Setting next_dagrun for example_branch_labels to 2024-09-23 00:00:00+00:00, run_after=2024-09-24 00:00:00+00:00
[2024-09-24T23:44:39.844+0000] {processor.py:208} INFO - Processing /home/airflow/.local/lib/python3.12/site-packages/airflow/example_dags/example_branch_labels.py took 0.193 seconds
[2024-09-24T23:45:10.574+0000] {processor.py:186} INFO - Started process (PID=4151) to work on /home/airflow/.local/lib/python3.12/site-packages/airflow/example_dags/example_branch_labels.py
[2024-09-24T23:45:10.577+0000] {processor.py:914} INFO - Processing file /home/airflow/.local/lib/python3.12/site-packages/airflow/example_dags/example_branch_labels.py for tasks to queue
[2024-09-24T23:45:10.583+0000] {logging_mixin.py:190} INFO - [2024-09-24T23:45:10.582+0000] {dagbag.py:588} INFO - Filling up the DagBag from /home/airflow/.local/lib/python3.12/site-packages/airflow/example_dags/example_branch_labels.py
[2024-09-24T23:45:10.603+0000] {processor.py:925} INFO - DAG(s) 'example_branch_labels' retrieved from /home/airflow/.local/lib/python3.12/site-packages/airflow/example_dags/example_branch_labels.py
[2024-09-24T23:45:10.648+0000] {logging_mixin.py:190} INFO - [2024-09-24T23:45:10.647+0000] {dag.py:3239} INFO - Sync 1 DAGs
[2024-09-24T23:45:10.699+0000] {logging_mixin.py:190} INFO - [2024-09-24T23:45:10.698+0000] {dag.py:4180} INFO - Setting next_dagrun for example_branch_labels to 2024-09-23 00:00:00+00:00, run_after=2024-09-24 00:00:00+00:00
[2024-09-24T23:45:10.748+0000] {processor.py:208} INFO - Processing /home/airflow/.local/lib/python3.12/site-packages/airflow/example_dags/example_branch_labels.py took 0.185 seconds
[2024-09-24T23:45:41.056+0000] {processor.py:186} INFO - Started process (PID=4437) to work on /home/airflow/.local/lib/python3.12/site-packages/airflow/example_dags/example_branch_labels.py
[2024-09-24T23:45:41.058+0000] {processor.py:914} INFO - Processing file /home/airflow/.local/lib/python3.12/site-packages/airflow/example_dags/example_branch_labels.py for tasks to queue
[2024-09-24T23:45:41.063+0000] {logging_mixin.py:190} INFO - [2024-09-24T23:45:41.063+0000] {dagbag.py:588} INFO - Filling up the DagBag from /home/airflow/.local/lib/python3.12/site-packages/airflow/example_dags/example_branch_labels.py
[2024-09-24T23:45:41.084+0000] {processor.py:925} INFO - DAG(s) 'example_branch_labels' retrieved from /home/airflow/.local/lib/python3.12/site-packages/airflow/example_dags/example_branch_labels.py
[2024-09-24T23:45:41.129+0000] {logging_mixin.py:190} INFO - [2024-09-24T23:45:41.129+0000] {dag.py:3239} INFO - Sync 1 DAGs
[2024-09-24T23:45:41.193+0000] {logging_mixin.py:190} INFO - [2024-09-24T23:45:41.193+0000] {dag.py:4180} INFO - Setting next_dagrun for example_branch_labels to 2024-09-23 00:00:00+00:00, run_after=2024-09-24 00:00:00+00:00
[2024-09-24T23:45:41.234+0000] {processor.py:208} INFO - Processing /home/airflow/.local/lib/python3.12/site-packages/airflow/example_dags/example_branch_labels.py took 0.191 seconds
[2024-09-24T23:46:12.454+0000] {processor.py:186} INFO - Started process (PID=4723) to work on /home/airflow/.local/lib/python3.12/site-packages/airflow/example_dags/example_branch_labels.py
[2024-09-24T23:46:12.458+0000] {processor.py:914} INFO - Processing file /home/airflow/.local/lib/python3.12/site-packages/airflow/example_dags/example_branch_labels.py for tasks to queue
[2024-09-24T23:46:12.471+0000] {logging_mixin.py:190} INFO - [2024-09-24T23:46:12.471+0000] {dagbag.py:588} INFO - Filling up the DagBag from /home/airflow/.local/lib/python3.12/site-packages/airflow/example_dags/example_branch_labels.py
[2024-09-24T23:46:12.503+0000] {processor.py:925} INFO - DAG(s) 'example_branch_labels' retrieved from /home/airflow/.local/lib/python3.12/site-packages/airflow/example_dags/example_branch_labels.py
[2024-09-24T23:46:12.579+0000] {logging_mixin.py:190} INFO - [2024-09-24T23:46:12.579+0000] {dag.py:3239} INFO - Sync 1 DAGs
[2024-09-24T23:46:12.884+0000] {logging_mixin.py:190} INFO - [2024-09-24T23:46:12.881+0000] {dag.py:4180} INFO - Setting next_dagrun for example_branch_labels to 2024-09-23 00:00:00+00:00, run_after=2024-09-24 00:00:00+00:00
[2024-09-24T23:46:13.023+0000] {processor.py:208} INFO - Processing /home/airflow/.local/lib/python3.12/site-packages/airflow/example_dags/example_branch_labels.py took 0.587 seconds
[2024-09-24T23:46:43.381+0000] {processor.py:186} INFO - Started process (PID=5006) to work on /home/airflow/.local/lib/python3.12/site-packages/airflow/example_dags/example_branch_labels.py
[2024-09-24T23:46:43.384+0000] {processor.py:914} INFO - Processing file /home/airflow/.local/lib/python3.12/site-packages/airflow/example_dags/example_branch_labels.py for tasks to queue
[2024-09-24T23:46:43.391+0000] {logging_mixin.py:190} INFO - [2024-09-24T23:46:43.390+0000] {dagbag.py:588} INFO - Filling up the DagBag from /home/airflow/.local/lib/python3.12/site-packages/airflow/example_dags/example_branch_labels.py
[2024-09-24T23:46:43.426+0000] {processor.py:925} INFO - DAG(s) 'example_branch_labels' retrieved from /home/airflow/.local/lib/python3.12/site-packages/airflow/example_dags/example_branch_labels.py
[2024-09-24T23:46:43.495+0000] {logging_mixin.py:190} INFO - [2024-09-24T23:46:43.495+0000] {dag.py:3239} INFO - Sync 1 DAGs
[2024-09-24T23:46:43.573+0000] {logging_mixin.py:190} INFO - [2024-09-24T23:46:43.573+0000] {dag.py:4180} INFO - Setting next_dagrun for example_branch_labels to 2024-09-23 00:00:00+00:00, run_after=2024-09-24 00:00:00+00:00
[2024-09-24T23:46:43.760+0000] {processor.py:208} INFO - Processing /home/airflow/.local/lib/python3.12/site-packages/airflow/example_dags/example_branch_labels.py took 0.393 seconds
[2024-09-24T23:47:14.014+0000] {processor.py:186} INFO - Started process (PID=5292) to work on /home/airflow/.local/lib/python3.12/site-packages/airflow/example_dags/example_branch_labels.py
[2024-09-24T23:47:14.016+0000] {processor.py:914} INFO - Processing file /home/airflow/.local/lib/python3.12/site-packages/airflow/example_dags/example_branch_labels.py for tasks to queue
[2024-09-24T23:47:14.022+0000] {logging_mixin.py:190} INFO - [2024-09-24T23:47:14.021+0000] {dagbag.py:588} INFO - Filling up the DagBag from /home/airflow/.local/lib/python3.12/site-packages/airflow/example_dags/example_branch_labels.py
[2024-09-24T23:47:14.042+0000] {processor.py:925} INFO - DAG(s) 'example_branch_labels' retrieved from /home/airflow/.local/lib/python3.12/site-packages/airflow/example_dags/example_branch_labels.py
[2024-09-24T23:47:14.083+0000] {logging_mixin.py:190} INFO - [2024-09-24T23:47:14.082+0000] {dag.py:3239} INFO - Sync 1 DAGs
[2024-09-24T23:47:14.133+0000] {logging_mixin.py:190} INFO - [2024-09-24T23:47:14.132+0000] {dag.py:4180} INFO - Setting next_dagrun for example_branch_labels to 2024-09-23 00:00:00+00:00, run_after=2024-09-24 00:00:00+00:00
[2024-09-24T23:47:14.170+0000] {processor.py:208} INFO - Processing /home/airflow/.local/lib/python3.12/site-packages/airflow/example_dags/example_branch_labels.py took 0.170 seconds
[2024-09-24T23:47:44.371+0000] {processor.py:186} INFO - Started process (PID=5578) to work on /home/airflow/.local/lib/python3.12/site-packages/airflow/example_dags/example_branch_labels.py
[2024-09-24T23:47:44.373+0000] {processor.py:914} INFO - Processing file /home/airflow/.local/lib/python3.12/site-packages/airflow/example_dags/example_branch_labels.py for tasks to queue
[2024-09-24T23:47:44.377+0000] {logging_mixin.py:190} INFO - [2024-09-24T23:47:44.377+0000] {dagbag.py:588} INFO - Filling up the DagBag from /home/airflow/.local/lib/python3.12/site-packages/airflow/example_dags/example_branch_labels.py
[2024-09-24T23:47:44.393+0000] {processor.py:925} INFO - DAG(s) 'example_branch_labels' retrieved from /home/airflow/.local/lib/python3.12/site-packages/airflow/example_dags/example_branch_labels.py
[2024-09-24T23:47:44.427+0000] {logging_mixin.py:190} INFO - [2024-09-24T23:47:44.426+0000] {dag.py:3239} INFO - Sync 1 DAGs
[2024-09-24T23:47:44.468+0000] {logging_mixin.py:190} INFO - [2024-09-24T23:47:44.467+0000] {dag.py:4180} INFO - Setting next_dagrun for example_branch_labels to 2024-09-23 00:00:00+00:00, run_after=2024-09-24 00:00:00+00:00
[2024-09-24T23:47:44.502+0000] {processor.py:208} INFO - Processing /home/airflow/.local/lib/python3.12/site-packages/airflow/example_dags/example_branch_labels.py took 0.141 seconds
[2024-09-24T23:48:14.973+0000] {processor.py:186} INFO - Started process (PID=5864) to work on /home/airflow/.local/lib/python3.12/site-packages/airflow/example_dags/example_branch_labels.py
[2024-09-24T23:48:14.975+0000] {processor.py:914} INFO - Processing file /home/airflow/.local/lib/python3.12/site-packages/airflow/example_dags/example_branch_labels.py for tasks to queue
[2024-09-24T23:48:14.979+0000] {logging_mixin.py:190} INFO - [2024-09-24T23:48:14.978+0000] {dagbag.py:588} INFO - Filling up the DagBag from /home/airflow/.local/lib/python3.12/site-packages/airflow/example_dags/example_branch_labels.py
[2024-09-24T23:48:14.998+0000] {processor.py:925} INFO - DAG(s) 'example_branch_labels' retrieved from /home/airflow/.local/lib/python3.12/site-packages/airflow/example_dags/example_branch_labels.py
[2024-09-24T23:48:15.042+0000] {logging_mixin.py:190} INFO - [2024-09-24T23:48:15.042+0000] {dag.py:3239} INFO - Sync 1 DAGs
[2024-09-24T23:48:15.084+0000] {logging_mixin.py:190} INFO - [2024-09-24T23:48:15.084+0000] {dag.py:4180} INFO - Setting next_dagrun for example_branch_labels to 2024-09-23 00:00:00+00:00, run_after=2024-09-24 00:00:00+00:00
[2024-09-24T23:48:15.120+0000] {processor.py:208} INFO - Processing /home/airflow/.local/lib/python3.12/site-packages/airflow/example_dags/example_branch_labels.py took 0.162 seconds
[2024-09-24T23:48:45.885+0000] {processor.py:186} INFO - Started process (PID=6150) to work on /home/airflow/.local/lib/python3.12/site-packages/airflow/example_dags/example_branch_labels.py
[2024-09-24T23:48:45.888+0000] {processor.py:914} INFO - Processing file /home/airflow/.local/lib/python3.12/site-packages/airflow/example_dags/example_branch_labels.py for tasks to queue
[2024-09-24T23:48:45.894+0000] {logging_mixin.py:190} INFO - [2024-09-24T23:48:45.893+0000] {dagbag.py:588} INFO - Filling up the DagBag from /home/airflow/.local/lib/python3.12/site-packages/airflow/example_dags/example_branch_labels.py
[2024-09-24T23:48:45.920+0000] {processor.py:925} INFO - DAG(s) 'example_branch_labels' retrieved from /home/airflow/.local/lib/python3.12/site-packages/airflow/example_dags/example_branch_labels.py
[2024-09-24T23:48:45.979+0000] {logging_mixin.py:190} INFO - [2024-09-24T23:48:45.978+0000] {dag.py:3239} INFO - Sync 1 DAGs
[2024-09-24T23:48:46.047+0000] {logging_mixin.py:190} INFO - [2024-09-24T23:48:46.046+0000] {dag.py:4180} INFO - Setting next_dagrun for example_branch_labels to 2024-09-23 00:00:00+00:00, run_after=2024-09-24 00:00:00+00:00
[2024-09-24T23:48:46.116+0000] {processor.py:208} INFO - Processing /home/airflow/.local/lib/python3.12/site-packages/airflow/example_dags/example_branch_labels.py took 0.253 seconds
[2024-09-24T23:49:16.818+0000] {processor.py:186} INFO - Started process (PID=6434) to work on /home/airflow/.local/lib/python3.12/site-packages/airflow/example_dags/example_branch_labels.py
[2024-09-24T23:49:16.832+0000] {processor.py:914} INFO - Processing file /home/airflow/.local/lib/python3.12/site-packages/airflow/example_dags/example_branch_labels.py for tasks to queue
[2024-09-24T23:49:16.847+0000] {logging_mixin.py:190} INFO - [2024-09-24T23:49:16.846+0000] {dagbag.py:588} INFO - Filling up the DagBag from /home/airflow/.local/lib/python3.12/site-packages/airflow/example_dags/example_branch_labels.py
[2024-09-24T23:49:16.925+0000] {processor.py:925} INFO - DAG(s) 'example_branch_labels' retrieved from /home/airflow/.local/lib/python3.12/site-packages/airflow/example_dags/example_branch_labels.py
[2024-09-24T23:49:17.113+0000] {logging_mixin.py:190} INFO - [2024-09-24T23:49:17.102+0000] {dag.py:3239} INFO - Sync 1 DAGs
[2024-09-24T23:49:17.304+0000] {logging_mixin.py:190} INFO - [2024-09-24T23:49:17.303+0000] {dag.py:4180} INFO - Setting next_dagrun for example_branch_labels to 2024-09-23 00:00:00+00:00, run_after=2024-09-24 00:00:00+00:00
[2024-09-24T23:49:17.433+0000] {processor.py:208} INFO - Processing /home/airflow/.local/lib/python3.12/site-packages/airflow/example_dags/example_branch_labels.py took 0.661 seconds
[2024-09-24T23:49:47.778+0000] {processor.py:186} INFO - Started process (PID=6720) to work on /home/airflow/.local/lib/python3.12/site-packages/airflow/example_dags/example_branch_labels.py
[2024-09-24T23:49:47.780+0000] {processor.py:914} INFO - Processing file /home/airflow/.local/lib/python3.12/site-packages/airflow/example_dags/example_branch_labels.py for tasks to queue
[2024-09-24T23:49:47.785+0000] {logging_mixin.py:190} INFO - [2024-09-24T23:49:47.785+0000] {dagbag.py:588} INFO - Filling up the DagBag from /home/airflow/.local/lib/python3.12/site-packages/airflow/example_dags/example_branch_labels.py
[2024-09-24T23:49:47.807+0000] {processor.py:925} INFO - DAG(s) 'example_branch_labels' retrieved from /home/airflow/.local/lib/python3.12/site-packages/airflow/example_dags/example_branch_labels.py
[2024-09-24T23:49:47.854+0000] {logging_mixin.py:190} INFO - [2024-09-24T23:49:47.854+0000] {dag.py:3239} INFO - Sync 1 DAGs
[2024-09-24T23:49:47.933+0000] {logging_mixin.py:190} INFO - [2024-09-24T23:49:47.932+0000] {dag.py:4180} INFO - Setting next_dagrun for example_branch_labels to 2024-09-23 00:00:00+00:00, run_after=2024-09-24 00:00:00+00:00
[2024-09-24T23:49:47.997+0000] {processor.py:208} INFO - Processing /home/airflow/.local/lib/python3.12/site-packages/airflow/example_dags/example_branch_labels.py took 0.232 seconds
[2024-09-24T23:50:18.492+0000] {processor.py:186} INFO - Started process (PID=7006) to work on /home/airflow/.local/lib/python3.12/site-packages/airflow/example_dags/example_branch_labels.py
[2024-09-24T23:50:18.494+0000] {processor.py:914} INFO - Processing file /home/airflow/.local/lib/python3.12/site-packages/airflow/example_dags/example_branch_labels.py for tasks to queue
[2024-09-24T23:50:18.499+0000] {logging_mixin.py:190} INFO - [2024-09-24T23:50:18.499+0000] {dagbag.py:588} INFO - Filling up the DagBag from /home/airflow/.local/lib/python3.12/site-packages/airflow/example_dags/example_branch_labels.py
[2024-09-24T23:50:18.521+0000] {processor.py:925} INFO - DAG(s) 'example_branch_labels' retrieved from /home/airflow/.local/lib/python3.12/site-packages/airflow/example_dags/example_branch_labels.py
[2024-09-24T23:50:18.576+0000] {logging_mixin.py:190} INFO - [2024-09-24T23:50:18.575+0000] {dag.py:3239} INFO - Sync 1 DAGs
[2024-09-24T23:50:18.641+0000] {logging_mixin.py:190} INFO - [2024-09-24T23:50:18.640+0000] {dag.py:4180} INFO - Setting next_dagrun for example_branch_labels to 2024-09-23 00:00:00+00:00, run_after=2024-09-24 00:00:00+00:00
[2024-09-24T23:50:18.688+0000] {processor.py:208} INFO - Processing /home/airflow/.local/lib/python3.12/site-packages/airflow/example_dags/example_branch_labels.py took 0.211 seconds
[2024-09-24T23:50:48.943+0000] {processor.py:186} INFO - Started process (PID=7292) to work on /home/airflow/.local/lib/python3.12/site-packages/airflow/example_dags/example_branch_labels.py
[2024-09-24T23:50:48.945+0000] {processor.py:914} INFO - Processing file /home/airflow/.local/lib/python3.12/site-packages/airflow/example_dags/example_branch_labels.py for tasks to queue
[2024-09-24T23:50:48.951+0000] {logging_mixin.py:190} INFO - [2024-09-24T23:50:48.950+0000] {dagbag.py:588} INFO - Filling up the DagBag from /home/airflow/.local/lib/python3.12/site-packages/airflow/example_dags/example_branch_labels.py
[2024-09-24T23:50:48.977+0000] {processor.py:925} INFO - DAG(s) 'example_branch_labels' retrieved from /home/airflow/.local/lib/python3.12/site-packages/airflow/example_dags/example_branch_labels.py
[2024-09-24T23:50:49.026+0000] {logging_mixin.py:190} INFO - [2024-09-24T23:50:49.026+0000] {dag.py:3239} INFO - Sync 1 DAGs
[2024-09-24T23:50:49.094+0000] {logging_mixin.py:190} INFO - [2024-09-24T23:50:49.093+0000] {dag.py:4180} INFO - Setting next_dagrun for example_branch_labels to 2024-09-23 00:00:00+00:00, run_after=2024-09-24 00:00:00+00:00
[2024-09-24T23:50:49.152+0000] {processor.py:208} INFO - Processing /home/airflow/.local/lib/python3.12/site-packages/airflow/example_dags/example_branch_labels.py took 0.220 seconds
[2024-09-24T23:51:19.485+0000] {processor.py:186} INFO - Started process (PID=7578) to work on /home/airflow/.local/lib/python3.12/site-packages/airflow/example_dags/example_branch_labels.py
[2024-09-24T23:51:19.489+0000] {processor.py:914} INFO - Processing file /home/airflow/.local/lib/python3.12/site-packages/airflow/example_dags/example_branch_labels.py for tasks to queue
[2024-09-24T23:51:19.495+0000] {logging_mixin.py:190} INFO - [2024-09-24T23:51:19.494+0000] {dagbag.py:588} INFO - Filling up the DagBag from /home/airflow/.local/lib/python3.12/site-packages/airflow/example_dags/example_branch_labels.py
[2024-09-24T23:51:19.518+0000] {processor.py:925} INFO - DAG(s) 'example_branch_labels' retrieved from /home/airflow/.local/lib/python3.12/site-packages/airflow/example_dags/example_branch_labels.py
[2024-09-24T23:51:19.570+0000] {logging_mixin.py:190} INFO - [2024-09-24T23:51:19.569+0000] {dag.py:3239} INFO - Sync 1 DAGs
[2024-09-24T23:51:19.622+0000] {logging_mixin.py:190} INFO - [2024-09-24T23:51:19.622+0000] {dag.py:4180} INFO - Setting next_dagrun for example_branch_labels to 2024-09-23 00:00:00+00:00, run_after=2024-09-24 00:00:00+00:00
[2024-09-24T23:51:19.672+0000] {processor.py:208} INFO - Processing /home/airflow/.local/lib/python3.12/site-packages/airflow/example_dags/example_branch_labels.py took 0.202 seconds
[2024-09-24T23:51:50.074+0000] {processor.py:186} INFO - Started process (PID=7864) to work on /home/airflow/.local/lib/python3.12/site-packages/airflow/example_dags/example_branch_labels.py
[2024-09-24T23:51:50.076+0000] {processor.py:914} INFO - Processing file /home/airflow/.local/lib/python3.12/site-packages/airflow/example_dags/example_branch_labels.py for tasks to queue
[2024-09-24T23:51:50.081+0000] {logging_mixin.py:190} INFO - [2024-09-24T23:51:50.081+0000] {dagbag.py:588} INFO - Filling up the DagBag from /home/airflow/.local/lib/python3.12/site-packages/airflow/example_dags/example_branch_labels.py
[2024-09-24T23:51:50.102+0000] {processor.py:925} INFO - DAG(s) 'example_branch_labels' retrieved from /home/airflow/.local/lib/python3.12/site-packages/airflow/example_dags/example_branch_labels.py
[2024-09-24T23:51:50.155+0000] {logging_mixin.py:190} INFO - [2024-09-24T23:51:50.154+0000] {dag.py:3239} INFO - Sync 1 DAGs
[2024-09-24T23:51:50.240+0000] {logging_mixin.py:190} INFO - [2024-09-24T23:51:50.239+0000] {dag.py:4180} INFO - Setting next_dagrun for example_branch_labels to 2024-09-23 00:00:00+00:00, run_after=2024-09-24 00:00:00+00:00
[2024-09-24T23:51:50.294+0000] {processor.py:208} INFO - Processing /home/airflow/.local/lib/python3.12/site-packages/airflow/example_dags/example_branch_labels.py took 0.232 seconds
[2024-09-24T23:52:20.629+0000] {processor.py:186} INFO - Started process (PID=8151) to work on /home/airflow/.local/lib/python3.12/site-packages/airflow/example_dags/example_branch_labels.py
[2024-09-24T23:52:20.631+0000] {processor.py:914} INFO - Processing file /home/airflow/.local/lib/python3.12/site-packages/airflow/example_dags/example_branch_labels.py for tasks to queue
[2024-09-24T23:52:20.635+0000] {logging_mixin.py:190} INFO - [2024-09-24T23:52:20.635+0000] {dagbag.py:588} INFO - Filling up the DagBag from /home/airflow/.local/lib/python3.12/site-packages/airflow/example_dags/example_branch_labels.py
[2024-09-24T23:52:20.652+0000] {processor.py:925} INFO - DAG(s) 'example_branch_labels' retrieved from /home/airflow/.local/lib/python3.12/site-packages/airflow/example_dags/example_branch_labels.py
[2024-09-24T23:52:20.692+0000] {logging_mixin.py:190} INFO - [2024-09-24T23:52:20.692+0000] {dag.py:3239} INFO - Sync 1 DAGs
[2024-09-24T23:52:20.746+0000] {logging_mixin.py:190} INFO - [2024-09-24T23:52:20.746+0000] {dag.py:4180} INFO - Setting next_dagrun for example_branch_labels to 2024-09-23 00:00:00+00:00, run_after=2024-09-24 00:00:00+00:00
[2024-09-24T23:52:20.786+0000] {processor.py:208} INFO - Processing /home/airflow/.local/lib/python3.12/site-packages/airflow/example_dags/example_branch_labels.py took 0.169 seconds
[2024-09-24T23:52:51.307+0000] {processor.py:186} INFO - Started process (PID=8439) to work on /home/airflow/.local/lib/python3.12/site-packages/airflow/example_dags/example_branch_labels.py
[2024-09-24T23:52:51.310+0000] {processor.py:914} INFO - Processing file /home/airflow/.local/lib/python3.12/site-packages/airflow/example_dags/example_branch_labels.py for tasks to queue
[2024-09-24T23:52:51.315+0000] {logging_mixin.py:190} INFO - [2024-09-24T23:52:51.314+0000] {dagbag.py:588} INFO - Filling up the DagBag from /home/airflow/.local/lib/python3.12/site-packages/airflow/example_dags/example_branch_labels.py
[2024-09-24T23:52:51.334+0000] {processor.py:925} INFO - DAG(s) 'example_branch_labels' retrieved from /home/airflow/.local/lib/python3.12/site-packages/airflow/example_dags/example_branch_labels.py
[2024-09-24T23:52:51.375+0000] {logging_mixin.py:190} INFO - [2024-09-24T23:52:51.374+0000] {dag.py:3239} INFO - Sync 1 DAGs
[2024-09-24T23:52:51.422+0000] {logging_mixin.py:190} INFO - [2024-09-24T23:52:51.421+0000] {dag.py:4180} INFO - Setting next_dagrun for example_branch_labels to 2024-09-23 00:00:00+00:00, run_after=2024-09-24 00:00:00+00:00
[2024-09-24T23:52:51.458+0000] {processor.py:208} INFO - Processing /home/airflow/.local/lib/python3.12/site-packages/airflow/example_dags/example_branch_labels.py took 0.166 seconds
[2024-09-24T23:53:21.592+0000] {processor.py:186} INFO - Started process (PID=8725) to work on /home/airflow/.local/lib/python3.12/site-packages/airflow/example_dags/example_branch_labels.py
[2024-09-24T23:53:21.593+0000] {processor.py:914} INFO - Processing file /home/airflow/.local/lib/python3.12/site-packages/airflow/example_dags/example_branch_labels.py for tasks to queue
[2024-09-24T23:53:21.597+0000] {logging_mixin.py:190} INFO - [2024-09-24T23:53:21.596+0000] {dagbag.py:588} INFO - Filling up the DagBag from /home/airflow/.local/lib/python3.12/site-packages/airflow/example_dags/example_branch_labels.py
[2024-09-24T23:53:21.616+0000] {processor.py:925} INFO - DAG(s) 'example_branch_labels' retrieved from /home/airflow/.local/lib/python3.12/site-packages/airflow/example_dags/example_branch_labels.py
[2024-09-24T23:53:21.656+0000] {logging_mixin.py:190} INFO - [2024-09-24T23:53:21.655+0000] {dag.py:3239} INFO - Sync 1 DAGs
[2024-09-24T23:53:21.705+0000] {logging_mixin.py:190} INFO - [2024-09-24T23:53:21.704+0000] {dag.py:4180} INFO - Setting next_dagrun for example_branch_labels to 2024-09-23 00:00:00+00:00, run_after=2024-09-24 00:00:00+00:00
[2024-09-24T23:53:21.742+0000] {processor.py:208} INFO - Processing /home/airflow/.local/lib/python3.12/site-packages/airflow/example_dags/example_branch_labels.py took 0.163 seconds
[2024-09-24T23:53:52.464+0000] {processor.py:186} INFO - Started process (PID=9011) to work on /home/airflow/.local/lib/python3.12/site-packages/airflow/example_dags/example_branch_labels.py
[2024-09-24T23:53:52.466+0000] {processor.py:914} INFO - Processing file /home/airflow/.local/lib/python3.12/site-packages/airflow/example_dags/example_branch_labels.py for tasks to queue
[2024-09-24T23:53:52.471+0000] {logging_mixin.py:190} INFO - [2024-09-24T23:53:52.471+0000] {dagbag.py:588} INFO - Filling up the DagBag from /home/airflow/.local/lib/python3.12/site-packages/airflow/example_dags/example_branch_labels.py
[2024-09-24T23:53:52.489+0000] {processor.py:925} INFO - DAG(s) 'example_branch_labels' retrieved from /home/airflow/.local/lib/python3.12/site-packages/airflow/example_dags/example_branch_labels.py
[2024-09-24T23:53:52.540+0000] {logging_mixin.py:190} INFO - [2024-09-24T23:53:52.540+0000] {dag.py:3239} INFO - Sync 1 DAGs
[2024-09-24T23:53:52.607+0000] {logging_mixin.py:190} INFO - [2024-09-24T23:53:52.607+0000] {dag.py:4180} INFO - Setting next_dagrun for example_branch_labels to 2024-09-23 00:00:00+00:00, run_after=2024-09-24 00:00:00+00:00
[2024-09-24T23:53:52.647+0000] {processor.py:208} INFO - Processing /home/airflow/.local/lib/python3.12/site-packages/airflow/example_dags/example_branch_labels.py took 0.194 seconds
[2024-09-24T23:54:22.823+0000] {processor.py:186} INFO - Started process (PID=9297) to work on /home/airflow/.local/lib/python3.12/site-packages/airflow/example_dags/example_branch_labels.py
[2024-09-24T23:54:22.825+0000] {processor.py:914} INFO - Processing file /home/airflow/.local/lib/python3.12/site-packages/airflow/example_dags/example_branch_labels.py for tasks to queue
[2024-09-24T23:54:22.829+0000] {logging_mixin.py:190} INFO - [2024-09-24T23:54:22.828+0000] {dagbag.py:588} INFO - Filling up the DagBag from /home/airflow/.local/lib/python3.12/site-packages/airflow/example_dags/example_branch_labels.py
[2024-09-24T23:54:22.844+0000] {processor.py:925} INFO - DAG(s) 'example_branch_labels' retrieved from /home/airflow/.local/lib/python3.12/site-packages/airflow/example_dags/example_branch_labels.py
[2024-09-24T23:54:22.881+0000] {logging_mixin.py:190} INFO - [2024-09-24T23:54:22.881+0000] {dag.py:3239} INFO - Sync 1 DAGs
[2024-09-24T23:54:22.935+0000] {logging_mixin.py:190} INFO - [2024-09-24T23:54:22.935+0000] {dag.py:4180} INFO - Setting next_dagrun for example_branch_labels to 2024-09-23 00:00:00+00:00, run_after=2024-09-24 00:00:00+00:00
[2024-09-24T23:54:22.970+0000] {processor.py:208} INFO - Processing /home/airflow/.local/lib/python3.12/site-packages/airflow/example_dags/example_branch_labels.py took 0.158 seconds
[2024-09-24T23:54:53.207+0000] {processor.py:186} INFO - Started process (PID=9583) to work on /home/airflow/.local/lib/python3.12/site-packages/airflow/example_dags/example_branch_labels.py
[2024-09-24T23:54:53.210+0000] {processor.py:914} INFO - Processing file /home/airflow/.local/lib/python3.12/site-packages/airflow/example_dags/example_branch_labels.py for tasks to queue
[2024-09-24T23:54:53.215+0000] {logging_mixin.py:190} INFO - [2024-09-24T23:54:53.214+0000] {dagbag.py:588} INFO - Filling up the DagBag from /home/airflow/.local/lib/python3.12/site-packages/airflow/example_dags/example_branch_labels.py
[2024-09-24T23:54:53.230+0000] {processor.py:925} INFO - DAG(s) 'example_branch_labels' retrieved from /home/airflow/.local/lib/python3.12/site-packages/airflow/example_dags/example_branch_labels.py
[2024-09-24T23:54:53.268+0000] {logging_mixin.py:190} INFO - [2024-09-24T23:54:53.268+0000] {dag.py:3239} INFO - Sync 1 DAGs
[2024-09-24T23:54:53.317+0000] {logging_mixin.py:190} INFO - [2024-09-24T23:54:53.316+0000] {dag.py:4180} INFO - Setting next_dagrun for example_branch_labels to 2024-09-23 00:00:00+00:00, run_after=2024-09-24 00:00:00+00:00
[2024-09-24T23:54:53.373+0000] {processor.py:208} INFO - Processing /home/airflow/.local/lib/python3.12/site-packages/airflow/example_dags/example_branch_labels.py took 0.174 seconds
[2024-09-24T23:55:23.864+0000] {processor.py:186} INFO - Started process (PID=9869) to work on /home/airflow/.local/lib/python3.12/site-packages/airflow/example_dags/example_branch_labels.py
[2024-09-24T23:55:23.871+0000] {processor.py:914} INFO - Processing file /home/airflow/.local/lib/python3.12/site-packages/airflow/example_dags/example_branch_labels.py for tasks to queue
[2024-09-24T23:55:23.879+0000] {logging_mixin.py:190} INFO - [2024-09-24T23:55:23.878+0000] {dagbag.py:588} INFO - Filling up the DagBag from /home/airflow/.local/lib/python3.12/site-packages/airflow/example_dags/example_branch_labels.py
[2024-09-24T23:55:23.920+0000] {processor.py:925} INFO - DAG(s) 'example_branch_labels' retrieved from /home/airflow/.local/lib/python3.12/site-packages/airflow/example_dags/example_branch_labels.py
[2024-09-24T23:55:23.991+0000] {logging_mixin.py:190} INFO - [2024-09-24T23:55:23.991+0000] {dag.py:3239} INFO - Sync 1 DAGs
[2024-09-24T23:55:24.080+0000] {logging_mixin.py:190} INFO - [2024-09-24T23:55:24.080+0000] {dag.py:4180} INFO - Setting next_dagrun for example_branch_labels to 2024-09-23 00:00:00+00:00, run_after=2024-09-24 00:00:00+00:00
[2024-09-24T23:55:24.135+0000] {processor.py:208} INFO - Processing /home/airflow/.local/lib/python3.12/site-packages/airflow/example_dags/example_branch_labels.py took 0.296 seconds
[2024-09-24T23:55:57.943+0000] {processor.py:186} INFO - Started process (PID=10155) to work on /home/airflow/.local/lib/python3.12/site-packages/airflow/example_dags/example_branch_labels.py
[2024-09-24T23:55:57.946+0000] {processor.py:914} INFO - Processing file /home/airflow/.local/lib/python3.12/site-packages/airflow/example_dags/example_branch_labels.py for tasks to queue
[2024-09-24T23:55:57.956+0000] {logging_mixin.py:190} INFO - [2024-09-24T23:55:57.954+0000] {dagbag.py:588} INFO - Filling up the DagBag from /home/airflow/.local/lib/python3.12/site-packages/airflow/example_dags/example_branch_labels.py
[2024-09-24T23:55:57.983+0000] {processor.py:925} INFO - DAG(s) 'example_branch_labels' retrieved from /home/airflow/.local/lib/python3.12/site-packages/airflow/example_dags/example_branch_labels.py
[2024-09-24T23:55:58.063+0000] {logging_mixin.py:190} INFO - [2024-09-24T23:55:58.062+0000] {dag.py:3239} INFO - Sync 1 DAGs
[2024-09-24T23:55:58.145+0000] {logging_mixin.py:190} INFO - [2024-09-24T23:55:58.144+0000] {dag.py:4180} INFO - Setting next_dagrun for example_branch_labels to 2024-09-23 00:00:00+00:00, run_after=2024-09-24 00:00:00+00:00
[2024-09-24T23:55:58.233+0000] {processor.py:208} INFO - Processing /home/airflow/.local/lib/python3.12/site-packages/airflow/example_dags/example_branch_labels.py took 0.304 seconds
