[2024-09-24T23:38:27.677+0000] {processor.py:186} INFO - Started process (PID=427) to work on /home/airflow/.local/lib/python3.12/site-packages/airflow/example_dags/example_latest_only.py
[2024-09-24T23:38:27.694+0000] {processor.py:914} INFO - Processing file /home/airflow/.local/lib/python3.12/site-packages/airflow/example_dags/example_latest_only.py for tasks to queue
[2024-09-24T23:38:27.715+0000] {logging_mixin.py:190} INFO - [2024-09-24T23:38:27.713+0000] {dagbag.py:588} INFO - Filling up the DagBag from /home/airflow/.local/lib/python3.12/site-packages/airflow/example_dags/example_latest_only.py
[2024-09-24T23:38:27.783+0000] {processor.py:925} INFO - DAG(s) 'latest_only' retrieved from /home/airflow/.local/lib/python3.12/site-packages/airflow/example_dags/example_latest_only.py
[2024-09-24T23:38:28.296+0000] {logging_mixin.py:190} INFO - [2024-09-24T23:38:28.294+0000] {override.py:1900} INFO - Created Permission View: can edit on DAG:latest_only
[2024-09-24T23:38:28.329+0000] {logging_mixin.py:190} INFO - [2024-09-24T23:38:28.329+0000] {override.py:1900} INFO - Created Permission View: can read on DAG:latest_only
[2024-09-24T23:38:28.356+0000] {logging_mixin.py:190} INFO - [2024-09-24T23:38:28.356+0000] {override.py:1900} INFO - Created Permission View: can delete on DAG:latest_only
[2024-09-24T23:38:28.384+0000] {logging_mixin.py:190} INFO - [2024-09-24T23:38:28.383+0000] {override.py:1900} INFO - Created Permission View: can read on DAG Run:latest_only
[2024-09-24T23:38:28.407+0000] {logging_mixin.py:190} INFO - [2024-09-24T23:38:28.406+0000] {override.py:1900} INFO - Created Permission View: menu access on DAG Run:latest_only
[2024-09-24T23:38:28.430+0000] {logging_mixin.py:190} INFO - [2024-09-24T23:38:28.429+0000] {override.py:1900} INFO - Created Permission View: can delete on DAG Run:latest_only
[2024-09-24T23:38:28.451+0000] {logging_mixin.py:190} INFO - [2024-09-24T23:38:28.450+0000] {override.py:1900} INFO - Created Permission View: can create on DAG Run:latest_only
[2024-09-24T23:38:28.452+0000] {logging_mixin.py:190} INFO - [2024-09-24T23:38:28.452+0000] {dag.py:3239} INFO - Sync 1 DAGs
[2024-09-24T23:38:28.499+0000] {logging_mixin.py:190} INFO - [2024-09-24T23:38:28.498+0000] {dag.py:3262} INFO - Creating ORM DAG for latest_only
[2024-09-24T23:38:28.531+0000] {logging_mixin.py:190} INFO - [2024-09-24T23:38:28.530+0000] {dag.py:4180} INFO - Setting next_dagrun for latest_only to 2024-09-24 16:00:00+00:00, run_after=2024-09-24 20:00:00+00:00
[2024-09-24T23:38:28.583+0000] {processor.py:208} INFO - Processing /home/airflow/.local/lib/python3.12/site-packages/airflow/example_dags/example_latest_only.py took 0.946 seconds
[2024-09-24T23:38:59.412+0000] {processor.py:186} INFO - Started process (PID=712) to work on /home/airflow/.local/lib/python3.12/site-packages/airflow/example_dags/example_latest_only.py
[2024-09-24T23:38:59.417+0000] {processor.py:914} INFO - Processing file /home/airflow/.local/lib/python3.12/site-packages/airflow/example_dags/example_latest_only.py for tasks to queue
[2024-09-24T23:38:59.486+0000] {logging_mixin.py:190} INFO - [2024-09-24T23:38:59.483+0000] {dagbag.py:588} INFO - Filling up the DagBag from /home/airflow/.local/lib/python3.12/site-packages/airflow/example_dags/example_latest_only.py
[2024-09-24T23:38:59.531+0000] {processor.py:925} INFO - DAG(s) 'latest_only' retrieved from /home/airflow/.local/lib/python3.12/site-packages/airflow/example_dags/example_latest_only.py
[2024-09-24T23:38:59.738+0000] {logging_mixin.py:190} INFO - [2024-09-24T23:38:59.737+0000] {dag.py:3239} INFO - Sync 1 DAGs
[2024-09-24T23:38:59.866+0000] {logging_mixin.py:190} INFO - [2024-09-24T23:38:59.864+0000] {dag.py:4180} INFO - Setting next_dagrun for latest_only to 2024-09-24 16:00:00+00:00, run_after=2024-09-24 20:00:00+00:00
[2024-09-24T23:38:59.992+0000] {processor.py:208} INFO - Processing /home/airflow/.local/lib/python3.12/site-packages/airflow/example_dags/example_latest_only.py took 0.613 seconds
[2024-09-24T23:39:30.221+0000] {processor.py:186} INFO - Started process (PID=998) to work on /home/airflow/.local/lib/python3.12/site-packages/airflow/example_dags/example_latest_only.py
[2024-09-24T23:39:30.227+0000] {processor.py:914} INFO - Processing file /home/airflow/.local/lib/python3.12/site-packages/airflow/example_dags/example_latest_only.py for tasks to queue
[2024-09-24T23:39:30.239+0000] {logging_mixin.py:190} INFO - [2024-09-24T23:39:30.238+0000] {dagbag.py:588} INFO - Filling up the DagBag from /home/airflow/.local/lib/python3.12/site-packages/airflow/example_dags/example_latest_only.py
[2024-09-24T23:39:30.277+0000] {processor.py:925} INFO - DAG(s) 'latest_only' retrieved from /home/airflow/.local/lib/python3.12/site-packages/airflow/example_dags/example_latest_only.py
[2024-09-24T23:39:30.376+0000] {logging_mixin.py:190} INFO - [2024-09-24T23:39:30.375+0000] {dag.py:3239} INFO - Sync 1 DAGs
[2024-09-24T23:39:30.519+0000] {logging_mixin.py:190} INFO - [2024-09-24T23:39:30.518+0000] {dag.py:4180} INFO - Setting next_dagrun for latest_only to 2024-09-24 16:00:00+00:00, run_after=2024-09-24 20:00:00+00:00
[2024-09-24T23:39:30.640+0000] {processor.py:208} INFO - Processing /home/airflow/.local/lib/python3.12/site-packages/airflow/example_dags/example_latest_only.py took 0.445 seconds
[2024-09-24T23:40:01.181+0000] {processor.py:186} INFO - Started process (PID=1286) to work on /home/airflow/.local/lib/python3.12/site-packages/airflow/example_dags/example_latest_only.py
[2024-09-24T23:40:01.183+0000] {processor.py:914} INFO - Processing file /home/airflow/.local/lib/python3.12/site-packages/airflow/example_dags/example_latest_only.py for tasks to queue
[2024-09-24T23:40:01.188+0000] {logging_mixin.py:190} INFO - [2024-09-24T23:40:01.188+0000] {dagbag.py:588} INFO - Filling up the DagBag from /home/airflow/.local/lib/python3.12/site-packages/airflow/example_dags/example_latest_only.py
[2024-09-24T23:40:01.201+0000] {processor.py:925} INFO - DAG(s) 'latest_only' retrieved from /home/airflow/.local/lib/python3.12/site-packages/airflow/example_dags/example_latest_only.py
[2024-09-24T23:40:01.238+0000] {logging_mixin.py:190} INFO - [2024-09-24T23:40:01.238+0000] {dag.py:3239} INFO - Sync 1 DAGs
[2024-09-24T23:40:01.280+0000] {logging_mixin.py:190} INFO - [2024-09-24T23:40:01.280+0000] {dag.py:4180} INFO - Setting next_dagrun for latest_only to 2024-09-24 16:00:00+00:00, run_after=2024-09-24 20:00:00+00:00
[2024-09-24T23:40:01.317+0000] {processor.py:208} INFO - Processing /home/airflow/.local/lib/python3.12/site-packages/airflow/example_dags/example_latest_only.py took 0.146 seconds
[2024-09-24T23:40:32.280+0000] {processor.py:186} INFO - Started process (PID=1573) to work on /home/airflow/.local/lib/python3.12/site-packages/airflow/example_dags/example_latest_only.py
[2024-09-24T23:40:32.287+0000] {processor.py:914} INFO - Processing file /home/airflow/.local/lib/python3.12/site-packages/airflow/example_dags/example_latest_only.py for tasks to queue
[2024-09-24T23:40:32.299+0000] {logging_mixin.py:190} INFO - [2024-09-24T23:40:32.298+0000] {dagbag.py:588} INFO - Filling up the DagBag from /home/airflow/.local/lib/python3.12/site-packages/airflow/example_dags/example_latest_only.py
[2024-09-24T23:40:32.350+0000] {processor.py:925} INFO - DAG(s) 'latest_only' retrieved from /home/airflow/.local/lib/python3.12/site-packages/airflow/example_dags/example_latest_only.py
[2024-09-24T23:40:32.465+0000] {logging_mixin.py:190} INFO - [2024-09-24T23:40:32.464+0000] {dag.py:3239} INFO - Sync 1 DAGs
[2024-09-24T23:40:32.586+0000] {logging_mixin.py:190} INFO - [2024-09-24T23:40:32.586+0000] {dag.py:4180} INFO - Setting next_dagrun for latest_only to 2024-09-24 16:00:00+00:00, run_after=2024-09-24 20:00:00+00:00
[2024-09-24T23:40:32.711+0000] {processor.py:208} INFO - Processing /home/airflow/.local/lib/python3.12/site-packages/airflow/example_dags/example_latest_only.py took 0.463 seconds
[2024-09-24T23:41:03.479+0000] {processor.py:186} INFO - Started process (PID=1858) to work on /home/airflow/.local/lib/python3.12/site-packages/airflow/example_dags/example_latest_only.py
[2024-09-24T23:41:03.486+0000] {processor.py:914} INFO - Processing file /home/airflow/.local/lib/python3.12/site-packages/airflow/example_dags/example_latest_only.py for tasks to queue
[2024-09-24T23:41:03.494+0000] {logging_mixin.py:190} INFO - [2024-09-24T23:41:03.493+0000] {dagbag.py:588} INFO - Filling up the DagBag from /home/airflow/.local/lib/python3.12/site-packages/airflow/example_dags/example_latest_only.py
[2024-09-24T23:41:03.530+0000] {processor.py:925} INFO - DAG(s) 'latest_only' retrieved from /home/airflow/.local/lib/python3.12/site-packages/airflow/example_dags/example_latest_only.py
[2024-09-24T23:41:03.655+0000] {logging_mixin.py:190} INFO - [2024-09-24T23:41:03.645+0000] {dag.py:3239} INFO - Sync 1 DAGs
[2024-09-24T23:41:03.802+0000] {logging_mixin.py:190} INFO - [2024-09-24T23:41:03.801+0000] {dag.py:4180} INFO - Setting next_dagrun for latest_only to 2024-09-24 16:00:00+00:00, run_after=2024-09-24 20:00:00+00:00
[2024-09-24T23:41:03.923+0000] {processor.py:208} INFO - Processing /home/airflow/.local/lib/python3.12/site-packages/airflow/example_dags/example_latest_only.py took 0.466 seconds
[2024-09-24T23:41:35.076+0000] {processor.py:186} INFO - Started process (PID=2144) to work on /home/airflow/.local/lib/python3.12/site-packages/airflow/example_dags/example_latest_only.py
[2024-09-24T23:41:35.080+0000] {processor.py:914} INFO - Processing file /home/airflow/.local/lib/python3.12/site-packages/airflow/example_dags/example_latest_only.py for tasks to queue
[2024-09-24T23:41:35.087+0000] {logging_mixin.py:190} INFO - [2024-09-24T23:41:35.086+0000] {dagbag.py:588} INFO - Filling up the DagBag from /home/airflow/.local/lib/python3.12/site-packages/airflow/example_dags/example_latest_only.py
[2024-09-24T23:41:35.115+0000] {processor.py:925} INFO - DAG(s) 'latest_only' retrieved from /home/airflow/.local/lib/python3.12/site-packages/airflow/example_dags/example_latest_only.py
[2024-09-24T23:41:35.193+0000] {logging_mixin.py:190} INFO - [2024-09-24T23:41:35.192+0000] {dag.py:3239} INFO - Sync 1 DAGs
[2024-09-24T23:41:35.270+0000] {logging_mixin.py:190} INFO - [2024-09-24T23:41:35.269+0000] {dag.py:4180} INFO - Setting next_dagrun for latest_only to 2024-09-24 16:00:00+00:00, run_after=2024-09-24 20:00:00+00:00
[2024-09-24T23:41:35.333+0000] {processor.py:208} INFO - Processing /home/airflow/.local/lib/python3.12/site-packages/airflow/example_dags/example_latest_only.py took 0.279 seconds
[2024-09-24T23:42:05.718+0000] {processor.py:186} INFO - Started process (PID=2430) to work on /home/airflow/.local/lib/python3.12/site-packages/airflow/example_dags/example_latest_only.py
[2024-09-24T23:42:05.720+0000] {processor.py:914} INFO - Processing file /home/airflow/.local/lib/python3.12/site-packages/airflow/example_dags/example_latest_only.py for tasks to queue
[2024-09-24T23:42:05.726+0000] {logging_mixin.py:190} INFO - [2024-09-24T23:42:05.725+0000] {dagbag.py:588} INFO - Filling up the DagBag from /home/airflow/.local/lib/python3.12/site-packages/airflow/example_dags/example_latest_only.py
[2024-09-24T23:42:05.744+0000] {processor.py:925} INFO - DAG(s) 'latest_only' retrieved from /home/airflow/.local/lib/python3.12/site-packages/airflow/example_dags/example_latest_only.py
[2024-09-24T23:42:05.803+0000] {logging_mixin.py:190} INFO - [2024-09-24T23:42:05.803+0000] {dag.py:3239} INFO - Sync 1 DAGs
[2024-09-24T23:42:05.862+0000] {logging_mixin.py:190} INFO - [2024-09-24T23:42:05.861+0000] {dag.py:4180} INFO - Setting next_dagrun for latest_only to 2024-09-24 16:00:00+00:00, run_after=2024-09-24 20:00:00+00:00
[2024-09-24T23:42:05.919+0000] {processor.py:208} INFO - Processing /home/airflow/.local/lib/python3.12/site-packages/airflow/example_dags/example_latest_only.py took 0.215 seconds
[2024-09-24T23:42:36.602+0000] {processor.py:186} INFO - Started process (PID=2716) to work on /home/airflow/.local/lib/python3.12/site-packages/airflow/example_dags/example_latest_only.py
[2024-09-24T23:42:36.604+0000] {processor.py:914} INFO - Processing file /home/airflow/.local/lib/python3.12/site-packages/airflow/example_dags/example_latest_only.py for tasks to queue
[2024-09-24T23:42:36.609+0000] {logging_mixin.py:190} INFO - [2024-09-24T23:42:36.608+0000] {dagbag.py:588} INFO - Filling up the DagBag from /home/airflow/.local/lib/python3.12/site-packages/airflow/example_dags/example_latest_only.py
[2024-09-24T23:42:36.623+0000] {processor.py:925} INFO - DAG(s) 'latest_only' retrieved from /home/airflow/.local/lib/python3.12/site-packages/airflow/example_dags/example_latest_only.py
[2024-09-24T23:42:36.666+0000] {logging_mixin.py:190} INFO - [2024-09-24T23:42:36.665+0000] {dag.py:3239} INFO - Sync 1 DAGs
[2024-09-24T23:42:36.719+0000] {logging_mixin.py:190} INFO - [2024-09-24T23:42:36.719+0000] {dag.py:4180} INFO - Setting next_dagrun for latest_only to 2024-09-24 16:00:00+00:00, run_after=2024-09-24 20:00:00+00:00
[2024-09-24T23:42:36.760+0000] {processor.py:208} INFO - Processing /home/airflow/.local/lib/python3.12/site-packages/airflow/example_dags/example_latest_only.py took 0.169 seconds
[2024-09-24T23:43:07.113+0000] {processor.py:186} INFO - Started process (PID=3002) to work on /home/airflow/.local/lib/python3.12/site-packages/airflow/example_dags/example_latest_only.py
[2024-09-24T23:43:07.114+0000] {processor.py:914} INFO - Processing file /home/airflow/.local/lib/python3.12/site-packages/airflow/example_dags/example_latest_only.py for tasks to queue
[2024-09-24T23:43:07.118+0000] {logging_mixin.py:190} INFO - [2024-09-24T23:43:07.118+0000] {dagbag.py:588} INFO - Filling up the DagBag from /home/airflow/.local/lib/python3.12/site-packages/airflow/example_dags/example_latest_only.py
[2024-09-24T23:43:07.130+0000] {processor.py:925} INFO - DAG(s) 'latest_only' retrieved from /home/airflow/.local/lib/python3.12/site-packages/airflow/example_dags/example_latest_only.py
[2024-09-24T23:43:07.169+0000] {logging_mixin.py:190} INFO - [2024-09-24T23:43:07.168+0000] {dag.py:3239} INFO - Sync 1 DAGs
[2024-09-24T23:43:07.233+0000] {logging_mixin.py:190} INFO - [2024-09-24T23:43:07.232+0000] {dag.py:4180} INFO - Setting next_dagrun for latest_only to 2024-09-24 16:00:00+00:00, run_after=2024-09-24 20:00:00+00:00
[2024-09-24T23:43:07.279+0000] {processor.py:208} INFO - Processing /home/airflow/.local/lib/python3.12/site-packages/airflow/example_dags/example_latest_only.py took 0.175 seconds
[2024-09-24T23:43:37.691+0000] {processor.py:186} INFO - Started process (PID=3288) to work on /home/airflow/.local/lib/python3.12/site-packages/airflow/example_dags/example_latest_only.py
[2024-09-24T23:43:37.693+0000] {processor.py:914} INFO - Processing file /home/airflow/.local/lib/python3.12/site-packages/airflow/example_dags/example_latest_only.py for tasks to queue
[2024-09-24T23:43:37.698+0000] {logging_mixin.py:190} INFO - [2024-09-24T23:43:37.698+0000] {dagbag.py:588} INFO - Filling up the DagBag from /home/airflow/.local/lib/python3.12/site-packages/airflow/example_dags/example_latest_only.py
[2024-09-24T23:43:37.710+0000] {processor.py:925} INFO - DAG(s) 'latest_only' retrieved from /home/airflow/.local/lib/python3.12/site-packages/airflow/example_dags/example_latest_only.py
[2024-09-24T23:43:37.749+0000] {logging_mixin.py:190} INFO - [2024-09-24T23:43:37.749+0000] {dag.py:3239} INFO - Sync 1 DAGs
[2024-09-24T23:43:37.800+0000] {logging_mixin.py:190} INFO - [2024-09-24T23:43:37.800+0000] {dag.py:4180} INFO - Setting next_dagrun for latest_only to 2024-09-24 16:00:00+00:00, run_after=2024-09-24 20:00:00+00:00
[2024-09-24T23:43:37.844+0000] {processor.py:208} INFO - Processing /home/airflow/.local/lib/python3.12/site-packages/airflow/example_dags/example_latest_only.py took 0.167 seconds
[2024-09-24T23:44:08.439+0000] {processor.py:186} INFO - Started process (PID=3574) to work on /home/airflow/.local/lib/python3.12/site-packages/airflow/example_dags/example_latest_only.py
[2024-09-24T23:44:08.442+0000] {processor.py:914} INFO - Processing file /home/airflow/.local/lib/python3.12/site-packages/airflow/example_dags/example_latest_only.py for tasks to queue
[2024-09-24T23:44:08.453+0000] {logging_mixin.py:190} INFO - [2024-09-24T23:44:08.451+0000] {dagbag.py:588} INFO - Filling up the DagBag from /home/airflow/.local/lib/python3.12/site-packages/airflow/example_dags/example_latest_only.py
[2024-09-24T23:44:08.482+0000] {processor.py:925} INFO - DAG(s) 'latest_only' retrieved from /home/airflow/.local/lib/python3.12/site-packages/airflow/example_dags/example_latest_only.py
[2024-09-24T23:44:08.557+0000] {logging_mixin.py:190} INFO - [2024-09-24T23:44:08.556+0000] {dag.py:3239} INFO - Sync 1 DAGs
[2024-09-24T23:44:08.635+0000] {logging_mixin.py:190} INFO - [2024-09-24T23:44:08.634+0000] {dag.py:4180} INFO - Setting next_dagrun for latest_only to 2024-09-24 16:00:00+00:00, run_after=2024-09-24 20:00:00+00:00
[2024-09-24T23:44:08.699+0000] {processor.py:208} INFO - Processing /home/airflow/.local/lib/python3.12/site-packages/airflow/example_dags/example_latest_only.py took 0.282 seconds
[2024-09-24T23:44:39.659+0000] {processor.py:186} INFO - Started process (PID=3862) to work on /home/airflow/.local/lib/python3.12/site-packages/airflow/example_dags/example_latest_only.py
[2024-09-24T23:44:39.661+0000] {processor.py:914} INFO - Processing file /home/airflow/.local/lib/python3.12/site-packages/airflow/example_dags/example_latest_only.py for tasks to queue
[2024-09-24T23:44:39.665+0000] {logging_mixin.py:190} INFO - [2024-09-24T23:44:39.664+0000] {dagbag.py:588} INFO - Filling up the DagBag from /home/airflow/.local/lib/python3.12/site-packages/airflow/example_dags/example_latest_only.py
[2024-09-24T23:44:39.676+0000] {processor.py:925} INFO - DAG(s) 'latest_only' retrieved from /home/airflow/.local/lib/python3.12/site-packages/airflow/example_dags/example_latest_only.py
[2024-09-24T23:44:39.726+0000] {logging_mixin.py:190} INFO - [2024-09-24T23:44:39.725+0000] {dag.py:3239} INFO - Sync 1 DAGs
[2024-09-24T23:44:39.789+0000] {logging_mixin.py:190} INFO - [2024-09-24T23:44:39.789+0000] {dag.py:4180} INFO - Setting next_dagrun for latest_only to 2024-09-24 16:00:00+00:00, run_after=2024-09-24 20:00:00+00:00
[2024-09-24T23:44:39.843+0000] {processor.py:208} INFO - Processing /home/airflow/.local/lib/python3.12/site-packages/airflow/example_dags/example_latest_only.py took 0.193 seconds
[2024-09-24T23:45:10.518+0000] {processor.py:186} INFO - Started process (PID=4146) to work on /home/airflow/.local/lib/python3.12/site-packages/airflow/example_dags/example_latest_only.py
[2024-09-24T23:45:10.520+0000] {processor.py:914} INFO - Processing file /home/airflow/.local/lib/python3.12/site-packages/airflow/example_dags/example_latest_only.py for tasks to queue
[2024-09-24T23:45:10.524+0000] {logging_mixin.py:190} INFO - [2024-09-24T23:45:10.524+0000] {dagbag.py:588} INFO - Filling up the DagBag from /home/airflow/.local/lib/python3.12/site-packages/airflow/example_dags/example_latest_only.py
[2024-09-24T23:45:10.536+0000] {processor.py:925} INFO - DAG(s) 'latest_only' retrieved from /home/airflow/.local/lib/python3.12/site-packages/airflow/example_dags/example_latest_only.py
[2024-09-24T23:45:10.580+0000] {logging_mixin.py:190} INFO - [2024-09-24T23:45:10.579+0000] {dag.py:3239} INFO - Sync 1 DAGs
[2024-09-24T23:45:10.627+0000] {logging_mixin.py:190} INFO - [2024-09-24T23:45:10.626+0000] {dag.py:4180} INFO - Setting next_dagrun for latest_only to 2024-09-24 16:00:00+00:00, run_after=2024-09-24 20:00:00+00:00
[2024-09-24T23:45:10.671+0000] {processor.py:208} INFO - Processing /home/airflow/.local/lib/python3.12/site-packages/airflow/example_dags/example_latest_only.py took 0.164 seconds
[2024-09-24T23:45:40.810+0000] {processor.py:186} INFO - Started process (PID=4432) to work on /home/airflow/.local/lib/python3.12/site-packages/airflow/example_dags/example_latest_only.py
[2024-09-24T23:45:40.813+0000] {processor.py:914} INFO - Processing file /home/airflow/.local/lib/python3.12/site-packages/airflow/example_dags/example_latest_only.py for tasks to queue
[2024-09-24T23:45:40.819+0000] {logging_mixin.py:190} INFO - [2024-09-24T23:45:40.818+0000] {dagbag.py:588} INFO - Filling up the DagBag from /home/airflow/.local/lib/python3.12/site-packages/airflow/example_dags/example_latest_only.py
[2024-09-24T23:45:40.834+0000] {processor.py:925} INFO - DAG(s) 'latest_only' retrieved from /home/airflow/.local/lib/python3.12/site-packages/airflow/example_dags/example_latest_only.py
[2024-09-24T23:45:40.878+0000] {logging_mixin.py:190} INFO - [2024-09-24T23:45:40.877+0000] {dag.py:3239} INFO - Sync 1 DAGs
[2024-09-24T23:45:40.932+0000] {logging_mixin.py:190} INFO - [2024-09-24T23:45:40.931+0000] {dag.py:4180} INFO - Setting next_dagrun for latest_only to 2024-09-24 16:00:00+00:00, run_after=2024-09-24 20:00:00+00:00
[2024-09-24T23:45:40.974+0000] {processor.py:208} INFO - Processing /home/airflow/.local/lib/python3.12/site-packages/airflow/example_dags/example_latest_only.py took 0.176 seconds
[2024-09-24T23:46:11.712+0000] {processor.py:186} INFO - Started process (PID=4715) to work on /home/airflow/.local/lib/python3.12/site-packages/airflow/example_dags/example_latest_only.py
[2024-09-24T23:46:11.748+0000] {processor.py:914} INFO - Processing file /home/airflow/.local/lib/python3.12/site-packages/airflow/example_dags/example_latest_only.py for tasks to queue
[2024-09-24T23:46:11.754+0000] {logging_mixin.py:190} INFO - [2024-09-24T23:46:11.754+0000] {dagbag.py:588} INFO - Filling up the DagBag from /home/airflow/.local/lib/python3.12/site-packages/airflow/example_dags/example_latest_only.py
[2024-09-24T23:46:11.854+0000] {processor.py:925} INFO - DAG(s) 'latest_only' retrieved from /home/airflow/.local/lib/python3.12/site-packages/airflow/example_dags/example_latest_only.py
[2024-09-24T23:46:11.966+0000] {logging_mixin.py:190} INFO - [2024-09-24T23:46:11.965+0000] {dag.py:3239} INFO - Sync 1 DAGs
[2024-09-24T23:46:12.205+0000] {logging_mixin.py:190} INFO - [2024-09-24T23:46:12.204+0000] {dag.py:4180} INFO - Setting next_dagrun for latest_only to 2024-09-24 16:00:00+00:00, run_after=2024-09-24 20:00:00+00:00
[2024-09-24T23:46:12.325+0000] {processor.py:208} INFO - Processing /home/airflow/.local/lib/python3.12/site-packages/airflow/example_dags/example_latest_only.py took 0.653 seconds
[2024-09-24T23:46:42.890+0000] {processor.py:186} INFO - Started process (PID=5001) to work on /home/airflow/.local/lib/python3.12/site-packages/airflow/example_dags/example_latest_only.py
[2024-09-24T23:46:42.892+0000] {processor.py:914} INFO - Processing file /home/airflow/.local/lib/python3.12/site-packages/airflow/example_dags/example_latest_only.py for tasks to queue
[2024-09-24T23:46:42.900+0000] {logging_mixin.py:190} INFO - [2024-09-24T23:46:42.899+0000] {dagbag.py:588} INFO - Filling up the DagBag from /home/airflow/.local/lib/python3.12/site-packages/airflow/example_dags/example_latest_only.py
[2024-09-24T23:46:42.927+0000] {processor.py:925} INFO - DAG(s) 'latest_only' retrieved from /home/airflow/.local/lib/python3.12/site-packages/airflow/example_dags/example_latest_only.py
[2024-09-24T23:46:42.993+0000] {logging_mixin.py:190} INFO - [2024-09-24T23:46:42.993+0000] {dag.py:3239} INFO - Sync 1 DAGs
[2024-09-24T23:46:43.076+0000] {logging_mixin.py:190} INFO - [2024-09-24T23:46:43.074+0000] {dag.py:4180} INFO - Setting next_dagrun for latest_only to 2024-09-24 16:00:00+00:00, run_after=2024-09-24 20:00:00+00:00
[2024-09-24T23:46:43.137+0000] {processor.py:208} INFO - Processing /home/airflow/.local/lib/python3.12/site-packages/airflow/example_dags/example_latest_only.py took 0.261 seconds
[2024-09-24T23:47:13.784+0000] {processor.py:186} INFO - Started process (PID=5287) to work on /home/airflow/.local/lib/python3.12/site-packages/airflow/example_dags/example_latest_only.py
[2024-09-24T23:47:13.786+0000] {processor.py:914} INFO - Processing file /home/airflow/.local/lib/python3.12/site-packages/airflow/example_dags/example_latest_only.py for tasks to queue
[2024-09-24T23:47:13.791+0000] {logging_mixin.py:190} INFO - [2024-09-24T23:47:13.790+0000] {dagbag.py:588} INFO - Filling up the DagBag from /home/airflow/.local/lib/python3.12/site-packages/airflow/example_dags/example_latest_only.py
[2024-09-24T23:47:13.805+0000] {processor.py:925} INFO - DAG(s) 'latest_only' retrieved from /home/airflow/.local/lib/python3.12/site-packages/airflow/example_dags/example_latest_only.py
[2024-09-24T23:47:13.837+0000] {logging_mixin.py:190} INFO - [2024-09-24T23:47:13.837+0000] {dag.py:3239} INFO - Sync 1 DAGs
[2024-09-24T23:47:13.883+0000] {logging_mixin.py:190} INFO - [2024-09-24T23:47:13.883+0000] {dag.py:4180} INFO - Setting next_dagrun for latest_only to 2024-09-24 16:00:00+00:00, run_after=2024-09-24 20:00:00+00:00
[2024-09-24T23:47:13.919+0000] {processor.py:208} INFO - Processing /home/airflow/.local/lib/python3.12/site-packages/airflow/example_dags/example_latest_only.py took 0.144 seconds
[2024-09-24T23:47:44.121+0000] {processor.py:186} INFO - Started process (PID=5573) to work on /home/airflow/.local/lib/python3.12/site-packages/airflow/example_dags/example_latest_only.py
[2024-09-24T23:47:44.124+0000] {processor.py:914} INFO - Processing file /home/airflow/.local/lib/python3.12/site-packages/airflow/example_dags/example_latest_only.py for tasks to queue
[2024-09-24T23:47:44.131+0000] {logging_mixin.py:190} INFO - [2024-09-24T23:47:44.131+0000] {dagbag.py:588} INFO - Filling up the DagBag from /home/airflow/.local/lib/python3.12/site-packages/airflow/example_dags/example_latest_only.py
[2024-09-24T23:47:44.149+0000] {processor.py:925} INFO - DAG(s) 'latest_only' retrieved from /home/airflow/.local/lib/python3.12/site-packages/airflow/example_dags/example_latest_only.py
[2024-09-24T23:47:44.195+0000] {logging_mixin.py:190} INFO - [2024-09-24T23:47:44.194+0000] {dag.py:3239} INFO - Sync 1 DAGs
[2024-09-24T23:47:44.250+0000] {logging_mixin.py:190} INFO - [2024-09-24T23:47:44.250+0000] {dag.py:4180} INFO - Setting next_dagrun for latest_only to 2024-09-24 16:00:00+00:00, run_after=2024-09-24 20:00:00+00:00
[2024-09-24T23:47:44.288+0000] {processor.py:208} INFO - Processing /home/airflow/.local/lib/python3.12/site-packages/airflow/example_dags/example_latest_only.py took 0.183 seconds
[2024-09-24T23:48:14.723+0000] {processor.py:186} INFO - Started process (PID=5859) to work on /home/airflow/.local/lib/python3.12/site-packages/airflow/example_dags/example_latest_only.py
[2024-09-24T23:48:14.725+0000] {processor.py:914} INFO - Processing file /home/airflow/.local/lib/python3.12/site-packages/airflow/example_dags/example_latest_only.py for tasks to queue
[2024-09-24T23:48:14.729+0000] {logging_mixin.py:190} INFO - [2024-09-24T23:48:14.728+0000] {dagbag.py:588} INFO - Filling up the DagBag from /home/airflow/.local/lib/python3.12/site-packages/airflow/example_dags/example_latest_only.py
[2024-09-24T23:48:14.741+0000] {processor.py:925} INFO - DAG(s) 'latest_only' retrieved from /home/airflow/.local/lib/python3.12/site-packages/airflow/example_dags/example_latest_only.py
[2024-09-24T23:48:14.779+0000] {logging_mixin.py:190} INFO - [2024-09-24T23:48:14.778+0000] {dag.py:3239} INFO - Sync 1 DAGs
[2024-09-24T23:48:14.825+0000] {logging_mixin.py:190} INFO - [2024-09-24T23:48:14.825+0000] {dag.py:4180} INFO - Setting next_dagrun for latest_only to 2024-09-24 16:00:00+00:00, run_after=2024-09-24 20:00:00+00:00
[2024-09-24T23:48:14.866+0000] {processor.py:208} INFO - Processing /home/airflow/.local/lib/python3.12/site-packages/airflow/example_dags/example_latest_only.py took 0.153 seconds
[2024-09-24T23:48:45.560+0000] {processor.py:186} INFO - Started process (PID=6145) to work on /home/airflow/.local/lib/python3.12/site-packages/airflow/example_dags/example_latest_only.py
[2024-09-24T23:48:45.564+0000] {processor.py:914} INFO - Processing file /home/airflow/.local/lib/python3.12/site-packages/airflow/example_dags/example_latest_only.py for tasks to queue
[2024-09-24T23:48:45.571+0000] {logging_mixin.py:190} INFO - [2024-09-24T23:48:45.570+0000] {dagbag.py:588} INFO - Filling up the DagBag from /home/airflow/.local/lib/python3.12/site-packages/airflow/example_dags/example_latest_only.py
[2024-09-24T23:48:45.587+0000] {processor.py:925} INFO - DAG(s) 'latest_only' retrieved from /home/airflow/.local/lib/python3.12/site-packages/airflow/example_dags/example_latest_only.py
[2024-09-24T23:48:45.631+0000] {logging_mixin.py:190} INFO - [2024-09-24T23:48:45.630+0000] {dag.py:3239} INFO - Sync 1 DAGs
[2024-09-24T23:48:45.690+0000] {logging_mixin.py:190} INFO - [2024-09-24T23:48:45.689+0000] {dag.py:4180} INFO - Setting next_dagrun for latest_only to 2024-09-24 16:00:00+00:00, run_after=2024-09-24 20:00:00+00:00
[2024-09-24T23:48:45.734+0000] {processor.py:208} INFO - Processing /home/airflow/.local/lib/python3.12/site-packages/airflow/example_dags/example_latest_only.py took 0.194 seconds
[2024-09-24T23:49:16.415+0000] {processor.py:186} INFO - Started process (PID=6431) to work on /home/airflow/.local/lib/python3.12/site-packages/airflow/example_dags/example_latest_only.py
[2024-09-24T23:49:16.427+0000] {processor.py:914} INFO - Processing file /home/airflow/.local/lib/python3.12/site-packages/airflow/example_dags/example_latest_only.py for tasks to queue
[2024-09-24T23:49:16.445+0000] {logging_mixin.py:190} INFO - [2024-09-24T23:49:16.444+0000] {dagbag.py:588} INFO - Filling up the DagBag from /home/airflow/.local/lib/python3.12/site-packages/airflow/example_dags/example_latest_only.py
[2024-09-24T23:49:16.494+0000] {processor.py:925} INFO - DAG(s) 'latest_only' retrieved from /home/airflow/.local/lib/python3.12/site-packages/airflow/example_dags/example_latest_only.py
[2024-09-24T23:49:16.619+0000] {logging_mixin.py:190} INFO - [2024-09-24T23:49:16.618+0000] {dag.py:3239} INFO - Sync 1 DAGs
[2024-09-24T23:49:16.857+0000] {logging_mixin.py:190} INFO - [2024-09-24T23:49:16.856+0000] {dag.py:4180} INFO - Setting next_dagrun for latest_only to 2024-09-24 16:00:00+00:00, run_after=2024-09-24 20:00:00+00:00
[2024-09-24T23:49:17.017+0000] {processor.py:208} INFO - Processing /home/airflow/.local/lib/python3.12/site-packages/airflow/example_dags/example_latest_only.py took 0.641 seconds
[2024-09-24T23:49:47.776+0000] {processor.py:186} INFO - Started process (PID=6717) to work on /home/airflow/.local/lib/python3.12/site-packages/airflow/example_dags/example_latest_only.py
[2024-09-24T23:49:47.779+0000] {processor.py:914} INFO - Processing file /home/airflow/.local/lib/python3.12/site-packages/airflow/example_dags/example_latest_only.py for tasks to queue
[2024-09-24T23:49:47.784+0000] {logging_mixin.py:190} INFO - [2024-09-24T23:49:47.783+0000] {dagbag.py:588} INFO - Filling up the DagBag from /home/airflow/.local/lib/python3.12/site-packages/airflow/example_dags/example_latest_only.py
[2024-09-24T23:49:47.797+0000] {processor.py:925} INFO - DAG(s) 'latest_only' retrieved from /home/airflow/.local/lib/python3.12/site-packages/airflow/example_dags/example_latest_only.py
[2024-09-24T23:49:47.842+0000] {logging_mixin.py:190} INFO - [2024-09-24T23:49:47.842+0000] {dag.py:3239} INFO - Sync 1 DAGs
[2024-09-24T23:49:47.912+0000] {logging_mixin.py:190} INFO - [2024-09-24T23:49:47.911+0000] {dag.py:4180} INFO - Setting next_dagrun for latest_only to 2024-09-24 16:00:00+00:00, run_after=2024-09-24 20:00:00+00:00
[2024-09-24T23:49:47.982+0000] {processor.py:208} INFO - Processing /home/airflow/.local/lib/python3.12/site-packages/airflow/example_dags/example_latest_only.py took 0.219 seconds
[2024-09-24T23:50:18.492+0000] {processor.py:186} INFO - Started process (PID=7003) to work on /home/airflow/.local/lib/python3.12/site-packages/airflow/example_dags/example_latest_only.py
[2024-09-24T23:50:18.494+0000] {processor.py:914} INFO - Processing file /home/airflow/.local/lib/python3.12/site-packages/airflow/example_dags/example_latest_only.py for tasks to queue
[2024-09-24T23:50:18.500+0000] {logging_mixin.py:190} INFO - [2024-09-24T23:50:18.499+0000] {dagbag.py:588} INFO - Filling up the DagBag from /home/airflow/.local/lib/python3.12/site-packages/airflow/example_dags/example_latest_only.py
[2024-09-24T23:50:18.513+0000] {processor.py:925} INFO - DAG(s) 'latest_only' retrieved from /home/airflow/.local/lib/python3.12/site-packages/airflow/example_dags/example_latest_only.py
[2024-09-24T23:50:18.566+0000] {logging_mixin.py:190} INFO - [2024-09-24T23:50:18.565+0000] {dag.py:3239} INFO - Sync 1 DAGs
[2024-09-24T23:50:18.627+0000] {logging_mixin.py:190} INFO - [2024-09-24T23:50:18.627+0000] {dag.py:4180} INFO - Setting next_dagrun for latest_only to 2024-09-24 16:00:00+00:00, run_after=2024-09-24 20:00:00+00:00
[2024-09-24T23:50:18.677+0000] {processor.py:208} INFO - Processing /home/airflow/.local/lib/python3.12/site-packages/airflow/example_dags/example_latest_only.py took 0.200 seconds
[2024-09-24T23:50:48.942+0000] {processor.py:186} INFO - Started process (PID=7289) to work on /home/airflow/.local/lib/python3.12/site-packages/airflow/example_dags/example_latest_only.py
[2024-09-24T23:50:48.945+0000] {processor.py:914} INFO - Processing file /home/airflow/.local/lib/python3.12/site-packages/airflow/example_dags/example_latest_only.py for tasks to queue
[2024-09-24T23:50:48.951+0000] {logging_mixin.py:190} INFO - [2024-09-24T23:50:48.950+0000] {dagbag.py:588} INFO - Filling up the DagBag from /home/airflow/.local/lib/python3.12/site-packages/airflow/example_dags/example_latest_only.py
[2024-09-24T23:50:48.970+0000] {processor.py:925} INFO - DAG(s) 'latest_only' retrieved from /home/airflow/.local/lib/python3.12/site-packages/airflow/example_dags/example_latest_only.py
[2024-09-24T23:50:49.017+0000] {logging_mixin.py:190} INFO - [2024-09-24T23:50:49.017+0000] {dag.py:3239} INFO - Sync 1 DAGs
[2024-09-24T23:50:49.083+0000] {logging_mixin.py:190} INFO - [2024-09-24T23:50:49.083+0000] {dag.py:4180} INFO - Setting next_dagrun for latest_only to 2024-09-24 16:00:00+00:00, run_after=2024-09-24 20:00:00+00:00
[2024-09-24T23:50:49.139+0000] {processor.py:208} INFO - Processing /home/airflow/.local/lib/python3.12/site-packages/airflow/example_dags/example_latest_only.py took 0.210 seconds
[2024-09-24T23:51:19.481+0000] {processor.py:186} INFO - Started process (PID=7575) to work on /home/airflow/.local/lib/python3.12/site-packages/airflow/example_dags/example_latest_only.py
[2024-09-24T23:51:19.483+0000] {processor.py:914} INFO - Processing file /home/airflow/.local/lib/python3.12/site-packages/airflow/example_dags/example_latest_only.py for tasks to queue
[2024-09-24T23:51:19.490+0000] {logging_mixin.py:190} INFO - [2024-09-24T23:51:19.489+0000] {dagbag.py:588} INFO - Filling up the DagBag from /home/airflow/.local/lib/python3.12/site-packages/airflow/example_dags/example_latest_only.py
[2024-09-24T23:51:19.510+0000] {processor.py:925} INFO - DAG(s) 'latest_only' retrieved from /home/airflow/.local/lib/python3.12/site-packages/airflow/example_dags/example_latest_only.py
[2024-09-24T23:51:19.565+0000] {logging_mixin.py:190} INFO - [2024-09-24T23:51:19.565+0000] {dag.py:3239} INFO - Sync 1 DAGs
[2024-09-24T23:51:19.621+0000] {logging_mixin.py:190} INFO - [2024-09-24T23:51:19.620+0000] {dag.py:4180} INFO - Setting next_dagrun for latest_only to 2024-09-24 16:00:00+00:00, run_after=2024-09-24 20:00:00+00:00
[2024-09-24T23:51:19.672+0000] {processor.py:208} INFO - Processing /home/airflow/.local/lib/python3.12/site-packages/airflow/example_dags/example_latest_only.py took 0.204 seconds
[2024-09-24T23:51:50.075+0000] {processor.py:186} INFO - Started process (PID=7861) to work on /home/airflow/.local/lib/python3.12/site-packages/airflow/example_dags/example_latest_only.py
[2024-09-24T23:51:50.077+0000] {processor.py:914} INFO - Processing file /home/airflow/.local/lib/python3.12/site-packages/airflow/example_dags/example_latest_only.py for tasks to queue
[2024-09-24T23:51:50.081+0000] {logging_mixin.py:190} INFO - [2024-09-24T23:51:50.081+0000] {dagbag.py:588} INFO - Filling up the DagBag from /home/airflow/.local/lib/python3.12/site-packages/airflow/example_dags/example_latest_only.py
[2024-09-24T23:51:50.099+0000] {processor.py:925} INFO - DAG(s) 'latest_only' retrieved from /home/airflow/.local/lib/python3.12/site-packages/airflow/example_dags/example_latest_only.py
[2024-09-24T23:51:50.147+0000] {logging_mixin.py:190} INFO - [2024-09-24T23:51:50.146+0000] {dag.py:3239} INFO - Sync 1 DAGs
[2024-09-24T23:51:50.219+0000] {logging_mixin.py:190} INFO - [2024-09-24T23:51:50.218+0000] {dag.py:4180} INFO - Setting next_dagrun for latest_only to 2024-09-24 16:00:00+00:00, run_after=2024-09-24 20:00:00+00:00
[2024-09-24T23:51:50.279+0000] {processor.py:208} INFO - Processing /home/airflow/.local/lib/python3.12/site-packages/airflow/example_dags/example_latest_only.py took 0.220 seconds
[2024-09-24T23:52:20.626+0000] {processor.py:186} INFO - Started process (PID=8148) to work on /home/airflow/.local/lib/python3.12/site-packages/airflow/example_dags/example_latest_only.py
[2024-09-24T23:52:20.628+0000] {processor.py:914} INFO - Processing file /home/airflow/.local/lib/python3.12/site-packages/airflow/example_dags/example_latest_only.py for tasks to queue
[2024-09-24T23:52:20.632+0000] {logging_mixin.py:190} INFO - [2024-09-24T23:52:20.632+0000] {dagbag.py:588} INFO - Filling up the DagBag from /home/airflow/.local/lib/python3.12/site-packages/airflow/example_dags/example_latest_only.py
[2024-09-24T23:52:20.646+0000] {processor.py:925} INFO - DAG(s) 'latest_only' retrieved from /home/airflow/.local/lib/python3.12/site-packages/airflow/example_dags/example_latest_only.py
[2024-09-24T23:52:20.686+0000] {logging_mixin.py:190} INFO - [2024-09-24T23:52:20.686+0000] {dag.py:3239} INFO - Sync 1 DAGs
[2024-09-24T23:52:20.736+0000] {logging_mixin.py:190} INFO - [2024-09-24T23:52:20.735+0000] {dag.py:4180} INFO - Setting next_dagrun for latest_only to 2024-09-24 16:00:00+00:00, run_after=2024-09-24 20:00:00+00:00
[2024-09-24T23:52:20.779+0000] {processor.py:208} INFO - Processing /home/airflow/.local/lib/python3.12/site-packages/airflow/example_dags/example_latest_only.py took 0.165 seconds
[2024-09-24T23:52:51.002+0000] {processor.py:186} INFO - Started process (PID=8434) to work on /home/airflow/.local/lib/python3.12/site-packages/airflow/example_dags/example_latest_only.py
[2024-09-24T23:52:51.005+0000] {processor.py:914} INFO - Processing file /home/airflow/.local/lib/python3.12/site-packages/airflow/example_dags/example_latest_only.py for tasks to queue
[2024-09-24T23:52:51.015+0000] {logging_mixin.py:190} INFO - [2024-09-24T23:52:51.012+0000] {dagbag.py:588} INFO - Filling up the DagBag from /home/airflow/.local/lib/python3.12/site-packages/airflow/example_dags/example_latest_only.py
[2024-09-24T23:52:51.033+0000] {processor.py:925} INFO - DAG(s) 'latest_only' retrieved from /home/airflow/.local/lib/python3.12/site-packages/airflow/example_dags/example_latest_only.py
[2024-09-24T23:52:51.086+0000] {logging_mixin.py:190} INFO - [2024-09-24T23:52:51.085+0000] {dag.py:3239} INFO - Sync 1 DAGs
[2024-09-24T23:52:51.140+0000] {logging_mixin.py:190} INFO - [2024-09-24T23:52:51.140+0000] {dag.py:4180} INFO - Setting next_dagrun for latest_only to 2024-09-24 16:00:00+00:00, run_after=2024-09-24 20:00:00+00:00
[2024-09-24T23:52:51.191+0000] {processor.py:208} INFO - Processing /home/airflow/.local/lib/python3.12/site-packages/airflow/example_dags/example_latest_only.py took 0.207 seconds
[2024-09-24T23:53:21.373+0000] {processor.py:186} INFO - Started process (PID=8720) to work on /home/airflow/.local/lib/python3.12/site-packages/airflow/example_dags/example_latest_only.py
[2024-09-24T23:53:21.375+0000] {processor.py:914} INFO - Processing file /home/airflow/.local/lib/python3.12/site-packages/airflow/example_dags/example_latest_only.py for tasks to queue
[2024-09-24T23:53:21.378+0000] {logging_mixin.py:190} INFO - [2024-09-24T23:53:21.378+0000] {dagbag.py:588} INFO - Filling up the DagBag from /home/airflow/.local/lib/python3.12/site-packages/airflow/example_dags/example_latest_only.py
[2024-09-24T23:53:21.389+0000] {processor.py:925} INFO - DAG(s) 'latest_only' retrieved from /home/airflow/.local/lib/python3.12/site-packages/airflow/example_dags/example_latest_only.py
[2024-09-24T23:53:21.425+0000] {logging_mixin.py:190} INFO - [2024-09-24T23:53:21.424+0000] {dag.py:3239} INFO - Sync 1 DAGs
[2024-09-24T23:53:21.469+0000] {logging_mixin.py:190} INFO - [2024-09-24T23:53:21.469+0000] {dag.py:4180} INFO - Setting next_dagrun for latest_only to 2024-09-24 16:00:00+00:00, run_after=2024-09-24 20:00:00+00:00
[2024-09-24T23:53:21.508+0000] {processor.py:208} INFO - Processing /home/airflow/.local/lib/python3.12/site-packages/airflow/example_dags/example_latest_only.py took 0.144 seconds
[2024-09-24T23:53:52.197+0000] {processor.py:186} INFO - Started process (PID=9006) to work on /home/airflow/.local/lib/python3.12/site-packages/airflow/example_dags/example_latest_only.py
[2024-09-24T23:53:52.199+0000] {processor.py:914} INFO - Processing file /home/airflow/.local/lib/python3.12/site-packages/airflow/example_dags/example_latest_only.py for tasks to queue
[2024-09-24T23:53:52.203+0000] {logging_mixin.py:190} INFO - [2024-09-24T23:53:52.203+0000] {dagbag.py:588} INFO - Filling up the DagBag from /home/airflow/.local/lib/python3.12/site-packages/airflow/example_dags/example_latest_only.py
[2024-09-24T23:53:52.216+0000] {processor.py:925} INFO - DAG(s) 'latest_only' retrieved from /home/airflow/.local/lib/python3.12/site-packages/airflow/example_dags/example_latest_only.py
[2024-09-24T23:53:52.257+0000] {logging_mixin.py:190} INFO - [2024-09-24T23:53:52.257+0000] {dag.py:3239} INFO - Sync 1 DAGs
[2024-09-24T23:53:52.308+0000] {logging_mixin.py:190} INFO - [2024-09-24T23:53:52.308+0000] {dag.py:4180} INFO - Setting next_dagrun for latest_only to 2024-09-24 16:00:00+00:00, run_after=2024-09-24 20:00:00+00:00
[2024-09-24T23:53:52.355+0000] {processor.py:208} INFO - Processing /home/airflow/.local/lib/python3.12/site-packages/airflow/example_dags/example_latest_only.py took 0.172 seconds
[2024-09-24T23:54:22.595+0000] {processor.py:186} INFO - Started process (PID=9292) to work on /home/airflow/.local/lib/python3.12/site-packages/airflow/example_dags/example_latest_only.py
[2024-09-24T23:54:22.596+0000] {processor.py:914} INFO - Processing file /home/airflow/.local/lib/python3.12/site-packages/airflow/example_dags/example_latest_only.py for tasks to queue
[2024-09-24T23:54:22.602+0000] {logging_mixin.py:190} INFO - [2024-09-24T23:54:22.601+0000] {dagbag.py:588} INFO - Filling up the DagBag from /home/airflow/.local/lib/python3.12/site-packages/airflow/example_dags/example_latest_only.py
[2024-09-24T23:54:22.613+0000] {processor.py:925} INFO - DAG(s) 'latest_only' retrieved from /home/airflow/.local/lib/python3.12/site-packages/airflow/example_dags/example_latest_only.py
[2024-09-24T23:54:22.646+0000] {logging_mixin.py:190} INFO - [2024-09-24T23:54:22.646+0000] {dag.py:3239} INFO - Sync 1 DAGs
[2024-09-24T23:54:22.695+0000] {logging_mixin.py:190} INFO - [2024-09-24T23:54:22.694+0000] {dag.py:4180} INFO - Setting next_dagrun for latest_only to 2024-09-24 16:00:00+00:00, run_after=2024-09-24 20:00:00+00:00
[2024-09-24T23:54:22.741+0000] {processor.py:208} INFO - Processing /home/airflow/.local/lib/python3.12/site-packages/airflow/example_dags/example_latest_only.py took 0.157 seconds
[2024-09-24T23:54:52.978+0000] {processor.py:186} INFO - Started process (PID=9578) to work on /home/airflow/.local/lib/python3.12/site-packages/airflow/example_dags/example_latest_only.py
[2024-09-24T23:54:52.981+0000] {processor.py:914} INFO - Processing file /home/airflow/.local/lib/python3.12/site-packages/airflow/example_dags/example_latest_only.py for tasks to queue
[2024-09-24T23:54:52.986+0000] {logging_mixin.py:190} INFO - [2024-09-24T23:54:52.986+0000] {dagbag.py:588} INFO - Filling up the DagBag from /home/airflow/.local/lib/python3.12/site-packages/airflow/example_dags/example_latest_only.py
[2024-09-24T23:54:53.001+0000] {processor.py:925} INFO - DAG(s) 'latest_only' retrieved from /home/airflow/.local/lib/python3.12/site-packages/airflow/example_dags/example_latest_only.py
[2024-09-24T23:54:53.040+0000] {logging_mixin.py:190} INFO - [2024-09-24T23:54:53.039+0000] {dag.py:3239} INFO - Sync 1 DAGs
[2024-09-24T23:54:53.083+0000] {logging_mixin.py:190} INFO - [2024-09-24T23:54:53.083+0000] {dag.py:4180} INFO - Setting next_dagrun for latest_only to 2024-09-24 16:00:00+00:00, run_after=2024-09-24 20:00:00+00:00
[2024-09-24T23:54:53.123+0000] {processor.py:208} INFO - Processing /home/airflow/.local/lib/python3.12/site-packages/airflow/example_dags/example_latest_only.py took 0.157 seconds
[2024-09-24T23:55:23.504+0000] {processor.py:186} INFO - Started process (PID=9864) to work on /home/airflow/.local/lib/python3.12/site-packages/airflow/example_dags/example_latest_only.py
[2024-09-24T23:55:23.509+0000] {processor.py:914} INFO - Processing file /home/airflow/.local/lib/python3.12/site-packages/airflow/example_dags/example_latest_only.py for tasks to queue
[2024-09-24T23:55:23.515+0000] {logging_mixin.py:190} INFO - [2024-09-24T23:55:23.514+0000] {dagbag.py:588} INFO - Filling up the DagBag from /home/airflow/.local/lib/python3.12/site-packages/airflow/example_dags/example_latest_only.py
[2024-09-24T23:55:23.534+0000] {processor.py:925} INFO - DAG(s) 'latest_only' retrieved from /home/airflow/.local/lib/python3.12/site-packages/airflow/example_dags/example_latest_only.py
[2024-09-24T23:55:23.578+0000] {logging_mixin.py:190} INFO - [2024-09-24T23:55:23.578+0000] {dag.py:3239} INFO - Sync 1 DAGs
[2024-09-24T23:55:23.635+0000] {logging_mixin.py:190} INFO - [2024-09-24T23:55:23.635+0000] {dag.py:4180} INFO - Setting next_dagrun for latest_only to 2024-09-24 16:00:00+00:00, run_after=2024-09-24 20:00:00+00:00
[2024-09-24T23:55:23.683+0000] {processor.py:208} INFO - Processing /home/airflow/.local/lib/python3.12/site-packages/airflow/example_dags/example_latest_only.py took 0.192 seconds
[2024-09-24T23:55:57.522+0000] {processor.py:186} INFO - Started process (PID=10148) to work on /home/airflow/.local/lib/python3.12/site-packages/airflow/example_dags/example_latest_only.py
[2024-09-24T23:55:57.525+0000] {processor.py:914} INFO - Processing file /home/airflow/.local/lib/python3.12/site-packages/airflow/example_dags/example_latest_only.py for tasks to queue
[2024-09-24T23:55:57.533+0000] {logging_mixin.py:190} INFO - [2024-09-24T23:55:57.533+0000] {dagbag.py:588} INFO - Filling up the DagBag from /home/airflow/.local/lib/python3.12/site-packages/airflow/example_dags/example_latest_only.py
[2024-09-24T23:55:57.551+0000] {processor.py:925} INFO - DAG(s) 'latest_only' retrieved from /home/airflow/.local/lib/python3.12/site-packages/airflow/example_dags/example_latest_only.py
[2024-09-24T23:55:57.610+0000] {logging_mixin.py:190} INFO - [2024-09-24T23:55:57.609+0000] {dag.py:3239} INFO - Sync 1 DAGs
[2024-09-24T23:55:57.688+0000] {logging_mixin.py:190} INFO - [2024-09-24T23:55:57.687+0000] {dag.py:4180} INFO - Setting next_dagrun for latest_only to 2024-09-24 16:00:00+00:00, run_after=2024-09-24 20:00:00+00:00
[2024-09-24T23:55:57.770+0000] {processor.py:208} INFO - Processing /home/airflow/.local/lib/python3.12/site-packages/airflow/example_dags/example_latest_only.py took 0.262 seconds
