[2024-09-24T23:38:01.722+0000] {processor.py:186} INFO - Started process (PID=281) to work on /home/airflow/.local/lib/python3.12/site-packages/airflow/example_dags/example_dag_decorator.py
[2024-09-24T23:38:01.733+0000] {processor.py:914} INFO - Processing file /home/airflow/.local/lib/python3.12/site-packages/airflow/example_dags/example_dag_decorator.py for tasks to queue
[2024-09-24T23:38:01.742+0000] {logging_mixin.py:190} INFO - [2024-09-24T23:38:01.741+0000] {dagbag.py:588} INFO - Filling up the DagBag from /home/airflow/.local/lib/python3.12/site-packages/airflow/example_dags/example_dag_decorator.py
[2024-09-24T23:38:01.841+0000] {processor.py:925} INFO - DAG(s) 'example_dag_decorator' retrieved from /home/airflow/.local/lib/python3.12/site-packages/airflow/example_dags/example_dag_decorator.py
[2024-09-24T23:38:02.563+0000] {logging_mixin.py:190} INFO - [2024-09-24T23:38:02.561+0000] {override.py:1900} INFO - Created Permission View: can edit on DAG:example_dag_decorator
[2024-09-24T23:38:02.614+0000] {logging_mixin.py:190} INFO - [2024-09-24T23:38:02.613+0000] {override.py:1900} INFO - Created Permission View: can read on DAG:example_dag_decorator
[2024-09-24T23:38:02.655+0000] {logging_mixin.py:190} INFO - [2024-09-24T23:38:02.654+0000] {override.py:1900} INFO - Created Permission View: can delete on DAG:example_dag_decorator
[2024-09-24T23:38:02.689+0000] {logging_mixin.py:190} INFO - [2024-09-24T23:38:02.688+0000] {override.py:1900} INFO - Created Permission View: can read on DAG Run:example_dag_decorator
[2024-09-24T23:38:02.713+0000] {logging_mixin.py:190} INFO - [2024-09-24T23:38:02.712+0000] {override.py:1900} INFO - Created Permission View: menu access on DAG Run:example_dag_decorator
[2024-09-24T23:38:02.737+0000] {logging_mixin.py:190} INFO - [2024-09-24T23:38:02.736+0000] {override.py:1900} INFO - Created Permission View: can delete on DAG Run:example_dag_decorator
[2024-09-24T23:38:02.761+0000] {logging_mixin.py:190} INFO - [2024-09-24T23:38:02.760+0000] {override.py:1900} INFO - Created Permission View: can create on DAG Run:example_dag_decorator
[2024-09-24T23:38:02.763+0000] {logging_mixin.py:190} INFO - [2024-09-24T23:38:02.762+0000] {dag.py:3239} INFO - Sync 1 DAGs
[2024-09-24T23:38:02.833+0000] {logging_mixin.py:190} INFO - [2024-09-24T23:38:02.833+0000] {dag.py:3262} INFO - Creating ORM DAG for example_dag_decorator
[2024-09-24T23:38:02.840+0000] {logging_mixin.py:190} INFO - [2024-09-24T23:38:02.839+0000] {dag.py:4180} INFO - Setting next_dagrun for example_dag_decorator to None, run_after=None
[2024-09-24T23:38:02.947+0000] {processor.py:208} INFO - Processing /home/airflow/.local/lib/python3.12/site-packages/airflow/example_dags/example_dag_decorator.py took 1.246 seconds
[2024-09-24T23:38:37.072+0000] {processor.py:186} INFO - Started process (PID=567) to work on /home/airflow/.local/lib/python3.12/site-packages/airflow/example_dags/example_dag_decorator.py
[2024-09-24T23:38:37.075+0000] {processor.py:914} INFO - Processing file /home/airflow/.local/lib/python3.12/site-packages/airflow/example_dags/example_dag_decorator.py for tasks to queue
[2024-09-24T23:38:37.081+0000] {logging_mixin.py:190} INFO - [2024-09-24T23:38:37.080+0000] {dagbag.py:588} INFO - Filling up the DagBag from /home/airflow/.local/lib/python3.12/site-packages/airflow/example_dags/example_dag_decorator.py
[2024-09-24T23:38:37.124+0000] {processor.py:925} INFO - DAG(s) 'example_dag_decorator' retrieved from /home/airflow/.local/lib/python3.12/site-packages/airflow/example_dags/example_dag_decorator.py
[2024-09-24T23:38:37.221+0000] {logging_mixin.py:190} INFO - [2024-09-24T23:38:37.219+0000] {dag.py:3239} INFO - Sync 1 DAGs
[2024-09-24T23:38:37.297+0000] {logging_mixin.py:190} INFO - [2024-09-24T23:38:37.296+0000] {dag.py:4180} INFO - Setting next_dagrun for example_dag_decorator to None, run_after=None
[2024-09-24T23:38:37.355+0000] {processor.py:208} INFO - Processing /home/airflow/.local/lib/python3.12/site-packages/airflow/example_dags/example_dag_decorator.py took 0.302 seconds
[2024-09-24T23:39:10.214+0000] {processor.py:186} INFO - Started process (PID=854) to work on /home/airflow/.local/lib/python3.12/site-packages/airflow/example_dags/example_dag_decorator.py
[2024-09-24T23:39:10.218+0000] {processor.py:914} INFO - Processing file /home/airflow/.local/lib/python3.12/site-packages/airflow/example_dags/example_dag_decorator.py for tasks to queue
[2024-09-24T23:39:10.233+0000] {logging_mixin.py:190} INFO - [2024-09-24T23:39:10.230+0000] {dagbag.py:588} INFO - Filling up the DagBag from /home/airflow/.local/lib/python3.12/site-packages/airflow/example_dags/example_dag_decorator.py
[2024-09-24T23:39:10.298+0000] {processor.py:925} INFO - DAG(s) 'example_dag_decorator' retrieved from /home/airflow/.local/lib/python3.12/site-packages/airflow/example_dags/example_dag_decorator.py
[2024-09-24T23:39:10.985+0000] {logging_mixin.py:190} INFO - [2024-09-24T23:39:10.984+0000] {dag.py:3239} INFO - Sync 1 DAGs
[2024-09-24T23:39:11.044+0000] {logging_mixin.py:190} INFO - [2024-09-24T23:39:11.043+0000] {dag.py:4180} INFO - Setting next_dagrun for example_dag_decorator to None, run_after=None
[2024-09-24T23:39:11.149+0000] {processor.py:208} INFO - Processing /home/airflow/.local/lib/python3.12/site-packages/airflow/example_dags/example_dag_decorator.py took 0.973 seconds
[2024-09-24T23:39:42.876+0000] {processor.py:186} INFO - Started process (PID=1138) to work on /home/airflow/.local/lib/python3.12/site-packages/airflow/example_dags/example_dag_decorator.py
[2024-09-24T23:39:42.880+0000] {processor.py:914} INFO - Processing file /home/airflow/.local/lib/python3.12/site-packages/airflow/example_dags/example_dag_decorator.py for tasks to queue
[2024-09-24T23:39:42.886+0000] {logging_mixin.py:190} INFO - [2024-09-24T23:39:42.885+0000] {dagbag.py:588} INFO - Filling up the DagBag from /home/airflow/.local/lib/python3.12/site-packages/airflow/example_dags/example_dag_decorator.py
[2024-09-24T23:39:42.934+0000] {processor.py:925} INFO - DAG(s) 'example_dag_decorator' retrieved from /home/airflow/.local/lib/python3.12/site-packages/airflow/example_dags/example_dag_decorator.py
[2024-09-24T23:39:43.551+0000] {logging_mixin.py:190} INFO - [2024-09-24T23:39:43.548+0000] {dag.py:3239} INFO - Sync 1 DAGs
[2024-09-24T23:39:43.613+0000] {logging_mixin.py:190} INFO - [2024-09-24T23:39:43.612+0000] {dag.py:4180} INFO - Setting next_dagrun for example_dag_decorator to None, run_after=None
[2024-09-24T23:39:43.719+0000] {processor.py:208} INFO - Processing /home/airflow/.local/lib/python3.12/site-packages/airflow/example_dags/example_dag_decorator.py took 0.858 seconds
[2024-09-24T23:40:14.230+0000] {processor.py:186} INFO - Started process (PID=1424) to work on /home/airflow/.local/lib/python3.12/site-packages/airflow/example_dags/example_dag_decorator.py
[2024-09-24T23:40:14.234+0000] {processor.py:914} INFO - Processing file /home/airflow/.local/lib/python3.12/site-packages/airflow/example_dags/example_dag_decorator.py for tasks to queue
[2024-09-24T23:40:14.243+0000] {logging_mixin.py:190} INFO - [2024-09-24T23:40:14.242+0000] {dagbag.py:588} INFO - Filling up the DagBag from /home/airflow/.local/lib/python3.12/site-packages/airflow/example_dags/example_dag_decorator.py
[2024-09-24T23:40:14.296+0000] {processor.py:925} INFO - DAG(s) 'example_dag_decorator' retrieved from /home/airflow/.local/lib/python3.12/site-packages/airflow/example_dags/example_dag_decorator.py
[2024-09-24T23:40:14.713+0000] {logging_mixin.py:190} INFO - [2024-09-24T23:40:14.712+0000] {dag.py:3239} INFO - Sync 1 DAGs
[2024-09-24T23:40:14.758+0000] {logging_mixin.py:190} INFO - [2024-09-24T23:40:14.757+0000] {dag.py:4180} INFO - Setting next_dagrun for example_dag_decorator to None, run_after=None
[2024-09-24T23:40:14.831+0000] {processor.py:208} INFO - Processing /home/airflow/.local/lib/python3.12/site-packages/airflow/example_dags/example_dag_decorator.py took 0.641 seconds
[2024-09-24T23:40:45.919+0000] {processor.py:186} INFO - Started process (PID=1711) to work on /home/airflow/.local/lib/python3.12/site-packages/airflow/example_dags/example_dag_decorator.py
[2024-09-24T23:40:45.923+0000] {processor.py:914} INFO - Processing file /home/airflow/.local/lib/python3.12/site-packages/airflow/example_dags/example_dag_decorator.py for tasks to queue
[2024-09-24T23:40:45.936+0000] {logging_mixin.py:190} INFO - [2024-09-24T23:40:45.932+0000] {dagbag.py:588} INFO - Filling up the DagBag from /home/airflow/.local/lib/python3.12/site-packages/airflow/example_dags/example_dag_decorator.py
[2024-09-24T23:40:45.991+0000] {processor.py:925} INFO - DAG(s) 'example_dag_decorator' retrieved from /home/airflow/.local/lib/python3.12/site-packages/airflow/example_dags/example_dag_decorator.py
[2024-09-24T23:40:46.769+0000] {logging_mixin.py:190} INFO - [2024-09-24T23:40:46.766+0000] {dag.py:3239} INFO - Sync 1 DAGs
[2024-09-24T23:40:46.861+0000] {logging_mixin.py:190} INFO - [2024-09-24T23:40:46.860+0000] {dag.py:4180} INFO - Setting next_dagrun for example_dag_decorator to None, run_after=None
[2024-09-24T23:40:46.965+0000] {processor.py:208} INFO - Processing /home/airflow/.local/lib/python3.12/site-packages/airflow/example_dags/example_dag_decorator.py took 1.071 seconds
[2024-09-24T23:41:17.613+0000] {processor.py:186} INFO - Started process (PID=1995) to work on /home/airflow/.local/lib/python3.12/site-packages/airflow/example_dags/example_dag_decorator.py
[2024-09-24T23:41:17.616+0000] {processor.py:914} INFO - Processing file /home/airflow/.local/lib/python3.12/site-packages/airflow/example_dags/example_dag_decorator.py for tasks to queue
[2024-09-24T23:41:17.623+0000] {logging_mixin.py:190} INFO - [2024-09-24T23:41:17.622+0000] {dagbag.py:588} INFO - Filling up the DagBag from /home/airflow/.local/lib/python3.12/site-packages/airflow/example_dags/example_dag_decorator.py
[2024-09-24T23:41:17.650+0000] {processor.py:925} INFO - DAG(s) 'example_dag_decorator' retrieved from /home/airflow/.local/lib/python3.12/site-packages/airflow/example_dags/example_dag_decorator.py
[2024-09-24T23:41:18.073+0000] {logging_mixin.py:190} INFO - [2024-09-24T23:41:18.072+0000] {dag.py:3239} INFO - Sync 1 DAGs
[2024-09-24T23:41:18.116+0000] {logging_mixin.py:190} INFO - [2024-09-24T23:41:18.115+0000] {dag.py:4180} INFO - Setting next_dagrun for example_dag_decorator to None, run_after=None
[2024-09-24T23:41:18.198+0000] {processor.py:208} INFO - Processing /home/airflow/.local/lib/python3.12/site-packages/airflow/example_dags/example_dag_decorator.py took 0.600 seconds
[2024-09-24T23:41:48.939+0000] {processor.py:186} INFO - Started process (PID=2281) to work on /home/airflow/.local/lib/python3.12/site-packages/airflow/example_dags/example_dag_decorator.py
[2024-09-24T23:41:48.947+0000] {processor.py:914} INFO - Processing file /home/airflow/.local/lib/python3.12/site-packages/airflow/example_dags/example_dag_decorator.py for tasks to queue
[2024-09-24T23:41:48.964+0000] {logging_mixin.py:190} INFO - [2024-09-24T23:41:48.962+0000] {dagbag.py:588} INFO - Filling up the DagBag from /home/airflow/.local/lib/python3.12/site-packages/airflow/example_dags/example_dag_decorator.py
[2024-09-24T23:41:49.050+0000] {processor.py:925} INFO - DAG(s) 'example_dag_decorator' retrieved from /home/airflow/.local/lib/python3.12/site-packages/airflow/example_dags/example_dag_decorator.py
[2024-09-24T23:41:49.201+0000] {logging_mixin.py:190} INFO - [2024-09-24T23:41:49.200+0000] {dag.py:3239} INFO - Sync 1 DAGs
[2024-09-24T23:41:49.306+0000] {logging_mixin.py:190} INFO - [2024-09-24T23:41:49.305+0000] {dag.py:4180} INFO - Setting next_dagrun for example_dag_decorator to None, run_after=None
[2024-09-24T23:41:49.418+0000] {processor.py:208} INFO - Processing /home/airflow/.local/lib/python3.12/site-packages/airflow/example_dags/example_dag_decorator.py took 0.534 seconds
[2024-09-24T23:42:19.883+0000] {processor.py:186} INFO - Started process (PID=2567) to work on /home/airflow/.local/lib/python3.12/site-packages/airflow/example_dags/example_dag_decorator.py
[2024-09-24T23:42:19.886+0000] {processor.py:914} INFO - Processing file /home/airflow/.local/lib/python3.12/site-packages/airflow/example_dags/example_dag_decorator.py for tasks to queue
[2024-09-24T23:42:19.891+0000] {logging_mixin.py:190} INFO - [2024-09-24T23:42:19.890+0000] {dagbag.py:588} INFO - Filling up the DagBag from /home/airflow/.local/lib/python3.12/site-packages/airflow/example_dags/example_dag_decorator.py
[2024-09-24T23:42:19.929+0000] {processor.py:925} INFO - DAG(s) 'example_dag_decorator' retrieved from /home/airflow/.local/lib/python3.12/site-packages/airflow/example_dags/example_dag_decorator.py
[2024-09-24T23:42:20.385+0000] {logging_mixin.py:190} INFO - [2024-09-24T23:42:20.384+0000] {dag.py:3239} INFO - Sync 1 DAGs
[2024-09-24T23:42:20.428+0000] {logging_mixin.py:190} INFO - [2024-09-24T23:42:20.427+0000] {dag.py:4180} INFO - Setting next_dagrun for example_dag_decorator to None, run_after=None
[2024-09-24T23:42:20.495+0000] {processor.py:208} INFO - Processing /home/airflow/.local/lib/python3.12/site-packages/airflow/example_dags/example_dag_decorator.py took 0.626 seconds
[2024-09-24T23:42:50.879+0000] {processor.py:186} INFO - Started process (PID=2853) to work on /home/airflow/.local/lib/python3.12/site-packages/airflow/example_dags/example_dag_decorator.py
[2024-09-24T23:42:50.882+0000] {processor.py:914} INFO - Processing file /home/airflow/.local/lib/python3.12/site-packages/airflow/example_dags/example_dag_decorator.py for tasks to queue
[2024-09-24T23:42:50.888+0000] {logging_mixin.py:190} INFO - [2024-09-24T23:42:50.887+0000] {dagbag.py:588} INFO - Filling up the DagBag from /home/airflow/.local/lib/python3.12/site-packages/airflow/example_dags/example_dag_decorator.py
[2024-09-24T23:42:50.912+0000] {processor.py:925} INFO - DAG(s) 'example_dag_decorator' retrieved from /home/airflow/.local/lib/python3.12/site-packages/airflow/example_dags/example_dag_decorator.py
[2024-09-24T23:42:51.171+0000] {logging_mixin.py:190} INFO - [2024-09-24T23:42:51.171+0000] {dag.py:3239} INFO - Sync 1 DAGs
[2024-09-24T23:42:51.198+0000] {logging_mixin.py:190} INFO - [2024-09-24T23:42:51.197+0000] {dag.py:4180} INFO - Setting next_dagrun for example_dag_decorator to None, run_after=None
[2024-09-24T23:42:51.242+0000] {processor.py:208} INFO - Processing /home/airflow/.local/lib/python3.12/site-packages/airflow/example_dags/example_dag_decorator.py took 0.373 seconds
[2024-09-24T23:43:21.466+0000] {processor.py:186} INFO - Started process (PID=3139) to work on /home/airflow/.local/lib/python3.12/site-packages/airflow/example_dags/example_dag_decorator.py
[2024-09-24T23:43:21.468+0000] {processor.py:914} INFO - Processing file /home/airflow/.local/lib/python3.12/site-packages/airflow/example_dags/example_dag_decorator.py for tasks to queue
[2024-09-24T23:43:21.472+0000] {logging_mixin.py:190} INFO - [2024-09-24T23:43:21.472+0000] {dagbag.py:588} INFO - Filling up the DagBag from /home/airflow/.local/lib/python3.12/site-packages/airflow/example_dags/example_dag_decorator.py
[2024-09-24T23:43:21.491+0000] {processor.py:925} INFO - DAG(s) 'example_dag_decorator' retrieved from /home/airflow/.local/lib/python3.12/site-packages/airflow/example_dags/example_dag_decorator.py
[2024-09-24T23:43:21.745+0000] {logging_mixin.py:190} INFO - [2024-09-24T23:43:21.744+0000] {dag.py:3239} INFO - Sync 1 DAGs
[2024-09-24T23:43:21.776+0000] {logging_mixin.py:190} INFO - [2024-09-24T23:43:21.775+0000] {dag.py:4180} INFO - Setting next_dagrun for example_dag_decorator to None, run_after=None
[2024-09-24T23:43:21.835+0000] {processor.py:208} INFO - Processing /home/airflow/.local/lib/python3.12/site-packages/airflow/example_dags/example_dag_decorator.py took 0.381 seconds
[2024-09-24T23:43:52.449+0000] {processor.py:186} INFO - Started process (PID=3425) to work on /home/airflow/.local/lib/python3.12/site-packages/airflow/example_dags/example_dag_decorator.py
[2024-09-24T23:43:52.452+0000] {processor.py:914} INFO - Processing file /home/airflow/.local/lib/python3.12/site-packages/airflow/example_dags/example_dag_decorator.py for tasks to queue
[2024-09-24T23:43:52.464+0000] {logging_mixin.py:190} INFO - [2024-09-24T23:43:52.463+0000] {dagbag.py:588} INFO - Filling up the DagBag from /home/airflow/.local/lib/python3.12/site-packages/airflow/example_dags/example_dag_decorator.py
[2024-09-24T23:43:52.512+0000] {processor.py:925} INFO - DAG(s) 'example_dag_decorator' retrieved from /home/airflow/.local/lib/python3.12/site-packages/airflow/example_dags/example_dag_decorator.py
[2024-09-24T23:43:52.912+0000] {logging_mixin.py:190} INFO - [2024-09-24T23:43:52.910+0000] {dag.py:3239} INFO - Sync 1 DAGs
[2024-09-24T23:43:52.982+0000] {logging_mixin.py:190} INFO - [2024-09-24T23:43:52.982+0000] {dag.py:4180} INFO - Setting next_dagrun for example_dag_decorator to None, run_after=None
[2024-09-24T23:43:53.094+0000] {processor.py:208} INFO - Processing /home/airflow/.local/lib/python3.12/site-packages/airflow/example_dags/example_dag_decorator.py took 0.668 seconds
[2024-09-24T23:44:23.550+0000] {processor.py:186} INFO - Started process (PID=3716) to work on /home/airflow/.local/lib/python3.12/site-packages/airflow/example_dags/example_dag_decorator.py
[2024-09-24T23:44:23.554+0000] {processor.py:914} INFO - Processing file /home/airflow/.local/lib/python3.12/site-packages/airflow/example_dags/example_dag_decorator.py for tasks to queue
[2024-09-24T23:44:23.559+0000] {logging_mixin.py:190} INFO - [2024-09-24T23:44:23.558+0000] {dagbag.py:588} INFO - Filling up the DagBag from /home/airflow/.local/lib/python3.12/site-packages/airflow/example_dags/example_dag_decorator.py
[2024-09-24T23:44:23.588+0000] {processor.py:925} INFO - DAG(s) 'example_dag_decorator' retrieved from /home/airflow/.local/lib/python3.12/site-packages/airflow/example_dags/example_dag_decorator.py
[2024-09-24T23:44:23.912+0000] {logging_mixin.py:190} INFO - [2024-09-24T23:44:23.911+0000] {dag.py:3239} INFO - Sync 1 DAGs
[2024-09-24T23:44:23.960+0000] {logging_mixin.py:190} INFO - [2024-09-24T23:44:23.959+0000] {dag.py:4180} INFO - Setting next_dagrun for example_dag_decorator to None, run_after=None
[2024-09-24T23:44:24.022+0000] {processor.py:208} INFO - Processing /home/airflow/.local/lib/python3.12/site-packages/airflow/example_dags/example_dag_decorator.py took 0.487 seconds
[2024-09-24T23:44:54.850+0000] {processor.py:186} INFO - Started process (PID=4002) to work on /home/airflow/.local/lib/python3.12/site-packages/airflow/example_dags/example_dag_decorator.py
[2024-09-24T23:44:54.853+0000] {processor.py:914} INFO - Processing file /home/airflow/.local/lib/python3.12/site-packages/airflow/example_dags/example_dag_decorator.py for tasks to queue
[2024-09-24T23:44:54.858+0000] {logging_mixin.py:190} INFO - [2024-09-24T23:44:54.857+0000] {dagbag.py:588} INFO - Filling up the DagBag from /home/airflow/.local/lib/python3.12/site-packages/airflow/example_dags/example_dag_decorator.py
[2024-09-24T23:44:54.882+0000] {processor.py:925} INFO - DAG(s) 'example_dag_decorator' retrieved from /home/airflow/.local/lib/python3.12/site-packages/airflow/example_dags/example_dag_decorator.py
[2024-09-24T23:44:55.327+0000] {logging_mixin.py:190} INFO - [2024-09-24T23:44:55.327+0000] {dag.py:3239} INFO - Sync 1 DAGs
[2024-09-24T23:44:55.365+0000] {logging_mixin.py:190} INFO - [2024-09-24T23:44:55.365+0000] {dag.py:4180} INFO - Setting next_dagrun for example_dag_decorator to None, run_after=None
[2024-09-24T23:44:55.421+0000] {processor.py:208} INFO - Processing /home/airflow/.local/lib/python3.12/site-packages/airflow/example_dags/example_dag_decorator.py took 0.582 seconds
[2024-09-24T23:45:25.633+0000] {processor.py:186} INFO - Started process (PID=4291) to work on /home/airflow/.local/lib/python3.12/site-packages/airflow/example_dags/example_dag_decorator.py
[2024-09-24T23:45:25.637+0000] {processor.py:914} INFO - Processing file /home/airflow/.local/lib/python3.12/site-packages/airflow/example_dags/example_dag_decorator.py for tasks to queue
[2024-09-24T23:45:25.643+0000] {logging_mixin.py:190} INFO - [2024-09-24T23:45:25.642+0000] {dagbag.py:588} INFO - Filling up the DagBag from /home/airflow/.local/lib/python3.12/site-packages/airflow/example_dags/example_dag_decorator.py
[2024-09-24T23:45:25.679+0000] {processor.py:925} INFO - DAG(s) 'example_dag_decorator' retrieved from /home/airflow/.local/lib/python3.12/site-packages/airflow/example_dags/example_dag_decorator.py
[2024-09-24T23:45:26.330+0000] {logging_mixin.py:190} INFO - [2024-09-24T23:45:26.330+0000] {dag.py:3239} INFO - Sync 1 DAGs
[2024-09-24T23:45:26.426+0000] {logging_mixin.py:190} INFO - [2024-09-24T23:45:26.425+0000] {dag.py:4180} INFO - Setting next_dagrun for example_dag_decorator to None, run_after=None
[2024-09-24T23:45:26.510+0000] {processor.py:208} INFO - Processing /home/airflow/.local/lib/python3.12/site-packages/airflow/example_dags/example_dag_decorator.py took 0.896 seconds
[2024-09-24T23:45:56.811+0000] {processor.py:186} INFO - Started process (PID=4584) to work on /home/airflow/.local/lib/python3.12/site-packages/airflow/example_dags/example_dag_decorator.py
[2024-09-24T23:45:56.813+0000] {processor.py:914} INFO - Processing file /home/airflow/.local/lib/python3.12/site-packages/airflow/example_dags/example_dag_decorator.py for tasks to queue
[2024-09-24T23:45:56.818+0000] {logging_mixin.py:190} INFO - [2024-09-24T23:45:56.817+0000] {dagbag.py:588} INFO - Filling up the DagBag from /home/airflow/.local/lib/python3.12/site-packages/airflow/example_dags/example_dag_decorator.py
[2024-09-24T23:45:56.837+0000] {processor.py:925} INFO - DAG(s) 'example_dag_decorator' retrieved from /home/airflow/.local/lib/python3.12/site-packages/airflow/example_dags/example_dag_decorator.py
[2024-09-24T23:45:57.107+0000] {logging_mixin.py:190} INFO - [2024-09-24T23:45:57.107+0000] {dag.py:3239} INFO - Sync 1 DAGs
[2024-09-24T23:45:57.132+0000] {logging_mixin.py:190} INFO - [2024-09-24T23:45:57.132+0000] {dag.py:4180} INFO - Setting next_dagrun for example_dag_decorator to None, run_after=None
[2024-09-24T23:45:57.169+0000] {processor.py:208} INFO - Processing /home/airflow/.local/lib/python3.12/site-packages/airflow/example_dags/example_dag_decorator.py took 0.366 seconds
[2024-09-24T23:46:27.621+0000] {processor.py:186} INFO - Started process (PID=4860) to work on /home/airflow/.local/lib/python3.12/site-packages/airflow/example_dags/example_dag_decorator.py
[2024-09-24T23:46:27.624+0000] {processor.py:914} INFO - Processing file /home/airflow/.local/lib/python3.12/site-packages/airflow/example_dags/example_dag_decorator.py for tasks to queue
[2024-09-24T23:46:27.629+0000] {logging_mixin.py:190} INFO - [2024-09-24T23:46:27.628+0000] {dagbag.py:588} INFO - Filling up the DagBag from /home/airflow/.local/lib/python3.12/site-packages/airflow/example_dags/example_dag_decorator.py
[2024-09-24T23:46:27.658+0000] {processor.py:925} INFO - DAG(s) 'example_dag_decorator' retrieved from /home/airflow/.local/lib/python3.12/site-packages/airflow/example_dags/example_dag_decorator.py
[2024-09-24T23:46:28.069+0000] {logging_mixin.py:190} INFO - [2024-09-24T23:46:28.068+0000] {dag.py:3239} INFO - Sync 1 DAGs
[2024-09-24T23:46:28.114+0000] {logging_mixin.py:190} INFO - [2024-09-24T23:46:28.113+0000] {dag.py:4180} INFO - Setting next_dagrun for example_dag_decorator to None, run_after=None
[2024-09-24T23:46:28.185+0000] {processor.py:208} INFO - Processing /home/airflow/.local/lib/python3.12/site-packages/airflow/example_dags/example_dag_decorator.py took 0.578 seconds
[2024-09-24T23:46:58.917+0000] {processor.py:186} INFO - Started process (PID=5146) to work on /home/airflow/.local/lib/python3.12/site-packages/airflow/example_dags/example_dag_decorator.py
[2024-09-24T23:46:58.920+0000] {processor.py:914} INFO - Processing file /home/airflow/.local/lib/python3.12/site-packages/airflow/example_dags/example_dag_decorator.py for tasks to queue
[2024-09-24T23:46:58.935+0000] {logging_mixin.py:190} INFO - [2024-09-24T23:46:58.934+0000] {dagbag.py:588} INFO - Filling up the DagBag from /home/airflow/.local/lib/python3.12/site-packages/airflow/example_dags/example_dag_decorator.py
[2024-09-24T23:46:59.005+0000] {processor.py:925} INFO - DAG(s) 'example_dag_decorator' retrieved from /home/airflow/.local/lib/python3.12/site-packages/airflow/example_dags/example_dag_decorator.py
[2024-09-24T23:46:59.665+0000] {logging_mixin.py:190} INFO - [2024-09-24T23:46:59.663+0000] {dag.py:3239} INFO - Sync 1 DAGs
[2024-09-24T23:46:59.713+0000] {logging_mixin.py:190} INFO - [2024-09-24T23:46:59.712+0000] {dag.py:4180} INFO - Setting next_dagrun for example_dag_decorator to None, run_after=None
[2024-09-24T23:46:59.785+0000] {processor.py:208} INFO - Processing /home/airflow/.local/lib/python3.12/site-packages/airflow/example_dags/example_dag_decorator.py took 0.904 seconds
[2024-09-24T23:47:30.204+0000] {processor.py:186} INFO - Started process (PID=5437) to work on /home/airflow/.local/lib/python3.12/site-packages/airflow/example_dags/example_dag_decorator.py
[2024-09-24T23:47:30.207+0000] {processor.py:914} INFO - Processing file /home/airflow/.local/lib/python3.12/site-packages/airflow/example_dags/example_dag_decorator.py for tasks to queue
[2024-09-24T23:47:30.215+0000] {logging_mixin.py:190} INFO - [2024-09-24T23:47:30.213+0000] {dagbag.py:588} INFO - Filling up the DagBag from /home/airflow/.local/lib/python3.12/site-packages/airflow/example_dags/example_dag_decorator.py
[2024-09-24T23:47:30.256+0000] {processor.py:925} INFO - DAG(s) 'example_dag_decorator' retrieved from /home/airflow/.local/lib/python3.12/site-packages/airflow/example_dags/example_dag_decorator.py
[2024-09-24T23:47:30.715+0000] {logging_mixin.py:190} INFO - [2024-09-24T23:47:30.715+0000] {dag.py:3239} INFO - Sync 1 DAGs
[2024-09-24T23:47:30.766+0000] {logging_mixin.py:190} INFO - [2024-09-24T23:47:30.766+0000] {dag.py:4180} INFO - Setting next_dagrun for example_dag_decorator to None, run_after=None
[2024-09-24T23:47:30.838+0000] {processor.py:208} INFO - Processing /home/airflow/.local/lib/python3.12/site-packages/airflow/example_dags/example_dag_decorator.py took 0.651 seconds
[2024-09-24T23:48:01.690+0000] {processor.py:186} INFO - Started process (PID=5728) to work on /home/airflow/.local/lib/python3.12/site-packages/airflow/example_dags/example_dag_decorator.py
[2024-09-24T23:48:01.691+0000] {processor.py:914} INFO - Processing file /home/airflow/.local/lib/python3.12/site-packages/airflow/example_dags/example_dag_decorator.py for tasks to queue
[2024-09-24T23:48:01.696+0000] {logging_mixin.py:190} INFO - [2024-09-24T23:48:01.695+0000] {dagbag.py:588} INFO - Filling up the DagBag from /home/airflow/.local/lib/python3.12/site-packages/airflow/example_dags/example_dag_decorator.py
[2024-09-24T23:48:01.716+0000] {processor.py:925} INFO - DAG(s) 'example_dag_decorator' retrieved from /home/airflow/.local/lib/python3.12/site-packages/airflow/example_dags/example_dag_decorator.py
[2024-09-24T23:48:02.062+0000] {logging_mixin.py:190} INFO - [2024-09-24T23:48:02.062+0000] {dag.py:3239} INFO - Sync 1 DAGs
[2024-09-24T23:48:02.097+0000] {logging_mixin.py:190} INFO - [2024-09-24T23:48:02.096+0000] {dag.py:4180} INFO - Setting next_dagrun for example_dag_decorator to None, run_after=None
[2024-09-24T23:48:02.151+0000] {processor.py:208} INFO - Processing /home/airflow/.local/lib/python3.12/site-packages/airflow/example_dags/example_dag_decorator.py took 0.471 seconds
[2024-09-24T23:48:32.372+0000] {processor.py:186} INFO - Started process (PID=6020) to work on /home/airflow/.local/lib/python3.12/site-packages/airflow/example_dags/example_dag_decorator.py
[2024-09-24T23:48:32.374+0000] {processor.py:914} INFO - Processing file /home/airflow/.local/lib/python3.12/site-packages/airflow/example_dags/example_dag_decorator.py for tasks to queue
[2024-09-24T23:48:32.378+0000] {logging_mixin.py:190} INFO - [2024-09-24T23:48:32.378+0000] {dagbag.py:588} INFO - Filling up the DagBag from /home/airflow/.local/lib/python3.12/site-packages/airflow/example_dags/example_dag_decorator.py
[2024-09-24T23:48:32.398+0000] {processor.py:925} INFO - DAG(s) 'example_dag_decorator' retrieved from /home/airflow/.local/lib/python3.12/site-packages/airflow/example_dags/example_dag_decorator.py
[2024-09-24T23:48:32.464+0000] {logging_mixin.py:190} INFO - [2024-09-24T23:48:32.463+0000] {dag.py:3239} INFO - Sync 1 DAGs
[2024-09-24T23:48:32.511+0000] {logging_mixin.py:190} INFO - [2024-09-24T23:48:32.510+0000] {dag.py:4180} INFO - Setting next_dagrun for example_dag_decorator to None, run_after=None
[2024-09-24T23:48:32.569+0000] {processor.py:208} INFO - Processing /home/airflow/.local/lib/python3.12/site-packages/airflow/example_dags/example_dag_decorator.py took 0.207 seconds
[2024-09-24T23:49:02.898+0000] {processor.py:186} INFO - Started process (PID=6304) to work on /home/airflow/.local/lib/python3.12/site-packages/airflow/example_dags/example_dag_decorator.py
[2024-09-24T23:49:02.901+0000] {processor.py:914} INFO - Processing file /home/airflow/.local/lib/python3.12/site-packages/airflow/example_dags/example_dag_decorator.py for tasks to queue
[2024-09-24T23:49:02.907+0000] {logging_mixin.py:190} INFO - [2024-09-24T23:49:02.906+0000] {dagbag.py:588} INFO - Filling up the DagBag from /home/airflow/.local/lib/python3.12/site-packages/airflow/example_dags/example_dag_decorator.py
[2024-09-24T23:49:02.939+0000] {processor.py:925} INFO - DAG(s) 'example_dag_decorator' retrieved from /home/airflow/.local/lib/python3.12/site-packages/airflow/example_dags/example_dag_decorator.py
[2024-09-24T23:49:03.241+0000] {logging_mixin.py:190} INFO - [2024-09-24T23:49:03.240+0000] {dag.py:3239} INFO - Sync 1 DAGs
[2024-09-24T23:49:03.278+0000] {logging_mixin.py:190} INFO - [2024-09-24T23:49:03.278+0000] {dag.py:4180} INFO - Setting next_dagrun for example_dag_decorator to None, run_after=None
[2024-09-24T23:49:03.332+0000] {processor.py:208} INFO - Processing /home/airflow/.local/lib/python3.12/site-packages/airflow/example_dags/example_dag_decorator.py took 0.451 seconds
[2024-09-24T23:49:33.716+0000] {processor.py:186} INFO - Started process (PID=6585) to work on /home/airflow/.local/lib/python3.12/site-packages/airflow/example_dags/example_dag_decorator.py
[2024-09-24T23:49:33.719+0000] {processor.py:914} INFO - Processing file /home/airflow/.local/lib/python3.12/site-packages/airflow/example_dags/example_dag_decorator.py for tasks to queue
[2024-09-24T23:49:33.725+0000] {logging_mixin.py:190} INFO - [2024-09-24T23:49:33.724+0000] {dagbag.py:588} INFO - Filling up the DagBag from /home/airflow/.local/lib/python3.12/site-packages/airflow/example_dags/example_dag_decorator.py
[2024-09-24T23:49:33.766+0000] {processor.py:925} INFO - DAG(s) 'example_dag_decorator' retrieved from /home/airflow/.local/lib/python3.12/site-packages/airflow/example_dags/example_dag_decorator.py
[2024-09-24T23:49:33.848+0000] {logging_mixin.py:190} INFO - [2024-09-24T23:49:33.848+0000] {dag.py:3239} INFO - Sync 1 DAGs
[2024-09-24T23:49:33.928+0000] {logging_mixin.py:190} INFO - [2024-09-24T23:49:33.927+0000] {dag.py:4180} INFO - Setting next_dagrun for example_dag_decorator to None, run_after=None
[2024-09-24T23:49:34.033+0000] {processor.py:208} INFO - Processing /home/airflow/.local/lib/python3.12/site-packages/airflow/example_dags/example_dag_decorator.py took 0.333 seconds
[2024-09-24T23:50:04.273+0000] {processor.py:186} INFO - Started process (PID=6873) to work on /home/airflow/.local/lib/python3.12/site-packages/airflow/example_dags/example_dag_decorator.py
[2024-09-24T23:50:04.275+0000] {processor.py:914} INFO - Processing file /home/airflow/.local/lib/python3.12/site-packages/airflow/example_dags/example_dag_decorator.py for tasks to queue
[2024-09-24T23:50:04.280+0000] {logging_mixin.py:190} INFO - [2024-09-24T23:50:04.279+0000] {dagbag.py:588} INFO - Filling up the DagBag from /home/airflow/.local/lib/python3.12/site-packages/airflow/example_dags/example_dag_decorator.py
[2024-09-24T23:50:04.298+0000] {processor.py:925} INFO - DAG(s) 'example_dag_decorator' retrieved from /home/airflow/.local/lib/python3.12/site-packages/airflow/example_dags/example_dag_decorator.py
[2024-09-24T23:50:04.727+0000] {logging_mixin.py:190} INFO - [2024-09-24T23:50:04.726+0000] {dag.py:3239} INFO - Sync 1 DAGs
[2024-09-24T23:50:04.753+0000] {logging_mixin.py:190} INFO - [2024-09-24T23:50:04.753+0000] {dag.py:4180} INFO - Setting next_dagrun for example_dag_decorator to None, run_after=None
[2024-09-24T23:50:04.797+0000] {processor.py:208} INFO - Processing /home/airflow/.local/lib/python3.12/site-packages/airflow/example_dags/example_dag_decorator.py took 0.533 seconds
[2024-09-24T23:50:35.023+0000] {processor.py:186} INFO - Started process (PID=7149) to work on /home/airflow/.local/lib/python3.12/site-packages/airflow/example_dags/example_dag_decorator.py
[2024-09-24T23:50:35.025+0000] {processor.py:914} INFO - Processing file /home/airflow/.local/lib/python3.12/site-packages/airflow/example_dags/example_dag_decorator.py for tasks to queue
[2024-09-24T23:50:35.030+0000] {logging_mixin.py:190} INFO - [2024-09-24T23:50:35.029+0000] {dagbag.py:588} INFO - Filling up the DagBag from /home/airflow/.local/lib/python3.12/site-packages/airflow/example_dags/example_dag_decorator.py
[2024-09-24T23:50:35.067+0000] {processor.py:925} INFO - DAG(s) 'example_dag_decorator' retrieved from /home/airflow/.local/lib/python3.12/site-packages/airflow/example_dags/example_dag_decorator.py
[2024-09-24T23:50:35.365+0000] {logging_mixin.py:190} INFO - [2024-09-24T23:50:35.365+0000] {dag.py:3239} INFO - Sync 1 DAGs
[2024-09-24T23:50:35.397+0000] {logging_mixin.py:190} INFO - [2024-09-24T23:50:35.396+0000] {dag.py:4180} INFO - Setting next_dagrun for example_dag_decorator to None, run_after=None
[2024-09-24T23:50:35.446+0000] {processor.py:208} INFO - Processing /home/airflow/.local/lib/python3.12/site-packages/airflow/example_dags/example_dag_decorator.py took 0.434 seconds
[2024-09-24T23:51:05.550+0000] {processor.py:186} INFO - Started process (PID=7435) to work on /home/airflow/.local/lib/python3.12/site-packages/airflow/example_dags/example_dag_decorator.py
[2024-09-24T23:51:05.553+0000] {processor.py:914} INFO - Processing file /home/airflow/.local/lib/python3.12/site-packages/airflow/example_dags/example_dag_decorator.py for tasks to queue
[2024-09-24T23:51:05.557+0000] {logging_mixin.py:190} INFO - [2024-09-24T23:51:05.557+0000] {dagbag.py:588} INFO - Filling up the DagBag from /home/airflow/.local/lib/python3.12/site-packages/airflow/example_dags/example_dag_decorator.py
[2024-09-24T23:51:05.582+0000] {processor.py:925} INFO - DAG(s) 'example_dag_decorator' retrieved from /home/airflow/.local/lib/python3.12/site-packages/airflow/example_dags/example_dag_decorator.py
[2024-09-24T23:51:05.842+0000] {logging_mixin.py:190} INFO - [2024-09-24T23:51:05.841+0000] {dag.py:3239} INFO - Sync 1 DAGs
[2024-09-24T23:51:05.872+0000] {logging_mixin.py:190} INFO - [2024-09-24T23:51:05.871+0000] {dag.py:4180} INFO - Setting next_dagrun for example_dag_decorator to None, run_after=None
[2024-09-24T23:51:05.918+0000] {processor.py:208} INFO - Processing /home/airflow/.local/lib/python3.12/site-packages/airflow/example_dags/example_dag_decorator.py took 0.381 seconds
[2024-09-24T23:51:36.339+0000] {processor.py:186} INFO - Started process (PID=7721) to work on /home/airflow/.local/lib/python3.12/site-packages/airflow/example_dags/example_dag_decorator.py
[2024-09-24T23:51:36.341+0000] {processor.py:914} INFO - Processing file /home/airflow/.local/lib/python3.12/site-packages/airflow/example_dags/example_dag_decorator.py for tasks to queue
[2024-09-24T23:51:36.345+0000] {logging_mixin.py:190} INFO - [2024-09-24T23:51:36.345+0000] {dagbag.py:588} INFO - Filling up the DagBag from /home/airflow/.local/lib/python3.12/site-packages/airflow/example_dags/example_dag_decorator.py
[2024-09-24T23:51:36.366+0000] {processor.py:925} INFO - DAG(s) 'example_dag_decorator' retrieved from /home/airflow/.local/lib/python3.12/site-packages/airflow/example_dags/example_dag_decorator.py
[2024-09-24T23:51:36.630+0000] {logging_mixin.py:190} INFO - [2024-09-24T23:51:36.629+0000] {dag.py:3239} INFO - Sync 1 DAGs
[2024-09-24T23:51:36.661+0000] {logging_mixin.py:190} INFO - [2024-09-24T23:51:36.661+0000] {dag.py:4180} INFO - Setting next_dagrun for example_dag_decorator to None, run_after=None
[2024-09-24T23:51:36.701+0000] {processor.py:208} INFO - Processing /home/airflow/.local/lib/python3.12/site-packages/airflow/example_dags/example_dag_decorator.py took 0.372 seconds
[2024-09-24T23:52:06.992+0000] {processor.py:186} INFO - Started process (PID=8013) to work on /home/airflow/.local/lib/python3.12/site-packages/airflow/example_dags/example_dag_decorator.py
[2024-09-24T23:52:06.994+0000] {processor.py:914} INFO - Processing file /home/airflow/.local/lib/python3.12/site-packages/airflow/example_dags/example_dag_decorator.py for tasks to queue
[2024-09-24T23:52:07.001+0000] {logging_mixin.py:190} INFO - [2024-09-24T23:52:07.000+0000] {dagbag.py:588} INFO - Filling up the DagBag from /home/airflow/.local/lib/python3.12/site-packages/airflow/example_dags/example_dag_decorator.py
[2024-09-24T23:52:07.028+0000] {processor.py:925} INFO - DAG(s) 'example_dag_decorator' retrieved from /home/airflow/.local/lib/python3.12/site-packages/airflow/example_dags/example_dag_decorator.py
[2024-09-24T23:52:07.282+0000] {logging_mixin.py:190} INFO - [2024-09-24T23:52:07.281+0000] {dag.py:3239} INFO - Sync 1 DAGs
[2024-09-24T23:52:07.309+0000] {logging_mixin.py:190} INFO - [2024-09-24T23:52:07.308+0000] {dag.py:4180} INFO - Setting next_dagrun for example_dag_decorator to None, run_after=None
[2024-09-24T23:52:07.355+0000] {processor.py:208} INFO - Processing /home/airflow/.local/lib/python3.12/site-packages/airflow/example_dags/example_dag_decorator.py took 0.377 seconds
[2024-09-24T23:52:37.779+0000] {processor.py:186} INFO - Started process (PID=8294) to work on /home/airflow/.local/lib/python3.12/site-packages/airflow/example_dags/example_dag_decorator.py
[2024-09-24T23:52:37.781+0000] {processor.py:914} INFO - Processing file /home/airflow/.local/lib/python3.12/site-packages/airflow/example_dags/example_dag_decorator.py for tasks to queue
[2024-09-24T23:52:37.785+0000] {logging_mixin.py:190} INFO - [2024-09-24T23:52:37.784+0000] {dagbag.py:588} INFO - Filling up the DagBag from /home/airflow/.local/lib/python3.12/site-packages/airflow/example_dags/example_dag_decorator.py
[2024-09-24T23:52:37.810+0000] {processor.py:925} INFO - DAG(s) 'example_dag_decorator' retrieved from /home/airflow/.local/lib/python3.12/site-packages/airflow/example_dags/example_dag_decorator.py
[2024-09-24T23:52:38.065+0000] {logging_mixin.py:190} INFO - [2024-09-24T23:52:38.065+0000] {dag.py:3239} INFO - Sync 1 DAGs
[2024-09-24T23:52:38.092+0000] {logging_mixin.py:190} INFO - [2024-09-24T23:52:38.091+0000] {dag.py:4180} INFO - Setting next_dagrun for example_dag_decorator to None, run_after=None
[2024-09-24T23:52:38.137+0000] {processor.py:208} INFO - Processing /home/airflow/.local/lib/python3.12/site-packages/airflow/example_dags/example_dag_decorator.py took 0.368 seconds
[2024-09-24T23:53:08.314+0000] {processor.py:186} INFO - Started process (PID=8585) to work on /home/airflow/.local/lib/python3.12/site-packages/airflow/example_dags/example_dag_decorator.py
[2024-09-24T23:53:08.317+0000] {processor.py:914} INFO - Processing file /home/airflow/.local/lib/python3.12/site-packages/airflow/example_dags/example_dag_decorator.py for tasks to queue
[2024-09-24T23:53:08.323+0000] {logging_mixin.py:190} INFO - [2024-09-24T23:53:08.322+0000] {dagbag.py:588} INFO - Filling up the DagBag from /home/airflow/.local/lib/python3.12/site-packages/airflow/example_dags/example_dag_decorator.py
[2024-09-24T23:53:08.353+0000] {processor.py:925} INFO - DAG(s) 'example_dag_decorator' retrieved from /home/airflow/.local/lib/python3.12/site-packages/airflow/example_dags/example_dag_decorator.py
[2024-09-24T23:53:08.651+0000] {logging_mixin.py:190} INFO - [2024-09-24T23:53:08.650+0000] {dag.py:3239} INFO - Sync 1 DAGs
[2024-09-24T23:53:08.679+0000] {logging_mixin.py:190} INFO - [2024-09-24T23:53:08.679+0000] {dag.py:4180} INFO - Setting next_dagrun for example_dag_decorator to None, run_after=None
[2024-09-24T23:53:08.743+0000] {processor.py:208} INFO - Processing /home/airflow/.local/lib/python3.12/site-packages/airflow/example_dags/example_dag_decorator.py took 0.439 seconds
[2024-09-24T23:53:39.485+0000] {processor.py:186} INFO - Started process (PID=8871) to work on /home/airflow/.local/lib/python3.12/site-packages/airflow/example_dags/example_dag_decorator.py
[2024-09-24T23:53:39.488+0000] {processor.py:914} INFO - Processing file /home/airflow/.local/lib/python3.12/site-packages/airflow/example_dags/example_dag_decorator.py for tasks to queue
[2024-09-24T23:53:39.493+0000] {logging_mixin.py:190} INFO - [2024-09-24T23:53:39.492+0000] {dagbag.py:588} INFO - Filling up the DagBag from /home/airflow/.local/lib/python3.12/site-packages/airflow/example_dags/example_dag_decorator.py
[2024-09-24T23:53:39.517+0000] {processor.py:925} INFO - DAG(s) 'example_dag_decorator' retrieved from /home/airflow/.local/lib/python3.12/site-packages/airflow/example_dags/example_dag_decorator.py
[2024-09-24T23:53:39.766+0000] {logging_mixin.py:190} INFO - [2024-09-24T23:53:39.766+0000] {dag.py:3239} INFO - Sync 1 DAGs
[2024-09-24T23:53:39.794+0000] {logging_mixin.py:190} INFO - [2024-09-24T23:53:39.794+0000] {dag.py:4180} INFO - Setting next_dagrun for example_dag_decorator to None, run_after=None
[2024-09-24T23:53:39.834+0000] {processor.py:208} INFO - Processing /home/airflow/.local/lib/python3.12/site-packages/airflow/example_dags/example_dag_decorator.py took 0.359 seconds
[2024-09-24T23:54:10.054+0000] {processor.py:186} INFO - Started process (PID=9157) to work on /home/airflow/.local/lib/python3.12/site-packages/airflow/example_dags/example_dag_decorator.py
[2024-09-24T23:54:10.056+0000] {processor.py:914} INFO - Processing file /home/airflow/.local/lib/python3.12/site-packages/airflow/example_dags/example_dag_decorator.py for tasks to queue
[2024-09-24T23:54:10.060+0000] {logging_mixin.py:190} INFO - [2024-09-24T23:54:10.060+0000] {dagbag.py:588} INFO - Filling up the DagBag from /home/airflow/.local/lib/python3.12/site-packages/airflow/example_dags/example_dag_decorator.py
[2024-09-24T23:54:10.082+0000] {processor.py:925} INFO - DAG(s) 'example_dag_decorator' retrieved from /home/airflow/.local/lib/python3.12/site-packages/airflow/example_dags/example_dag_decorator.py
[2024-09-24T23:54:10.435+0000] {logging_mixin.py:190} INFO - [2024-09-24T23:54:10.435+0000] {dag.py:3239} INFO - Sync 1 DAGs
[2024-09-24T23:54:10.475+0000] {logging_mixin.py:190} INFO - [2024-09-24T23:54:10.474+0000] {dag.py:4180} INFO - Setting next_dagrun for example_dag_decorator to None, run_after=None
[2024-09-24T23:54:10.537+0000] {processor.py:208} INFO - Processing /home/airflow/.local/lib/python3.12/site-packages/airflow/example_dags/example_dag_decorator.py took 0.494 seconds
[2024-09-24T23:54:40.865+0000] {processor.py:186} INFO - Started process (PID=9443) to work on /home/airflow/.local/lib/python3.12/site-packages/airflow/example_dags/example_dag_decorator.py
[2024-09-24T23:54:40.866+0000] {processor.py:914} INFO - Processing file /home/airflow/.local/lib/python3.12/site-packages/airflow/example_dags/example_dag_decorator.py for tasks to queue
[2024-09-24T23:54:40.870+0000] {logging_mixin.py:190} INFO - [2024-09-24T23:54:40.870+0000] {dagbag.py:588} INFO - Filling up the DagBag from /home/airflow/.local/lib/python3.12/site-packages/airflow/example_dags/example_dag_decorator.py
[2024-09-24T23:54:40.892+0000] {processor.py:925} INFO - DAG(s) 'example_dag_decorator' retrieved from /home/airflow/.local/lib/python3.12/site-packages/airflow/example_dags/example_dag_decorator.py
[2024-09-24T23:54:41.259+0000] {logging_mixin.py:190} INFO - [2024-09-24T23:54:41.258+0000] {dag.py:3239} INFO - Sync 1 DAGs
[2024-09-24T23:54:41.293+0000] {logging_mixin.py:190} INFO - [2024-09-24T23:54:41.292+0000] {dag.py:4180} INFO - Setting next_dagrun for example_dag_decorator to None, run_after=None
[2024-09-24T23:54:41.336+0000] {processor.py:208} INFO - Processing /home/airflow/.local/lib/python3.12/site-packages/airflow/example_dags/example_dag_decorator.py took 0.482 seconds
[2024-09-24T23:55:11.681+0000] {processor.py:186} INFO - Started process (PID=9729) to work on /home/airflow/.local/lib/python3.12/site-packages/airflow/example_dags/example_dag_decorator.py
[2024-09-24T23:55:11.684+0000] {processor.py:914} INFO - Processing file /home/airflow/.local/lib/python3.12/site-packages/airflow/example_dags/example_dag_decorator.py for tasks to queue
[2024-09-24T23:55:11.689+0000] {logging_mixin.py:190} INFO - [2024-09-24T23:55:11.688+0000] {dagbag.py:588} INFO - Filling up the DagBag from /home/airflow/.local/lib/python3.12/site-packages/airflow/example_dags/example_dag_decorator.py
[2024-09-24T23:55:11.713+0000] {processor.py:925} INFO - DAG(s) 'example_dag_decorator' retrieved from /home/airflow/.local/lib/python3.12/site-packages/airflow/example_dags/example_dag_decorator.py
[2024-09-24T23:55:12.078+0000] {logging_mixin.py:190} INFO - [2024-09-24T23:55:12.077+0000] {dag.py:3239} INFO - Sync 1 DAGs
[2024-09-24T23:55:12.109+0000] {logging_mixin.py:190} INFO - [2024-09-24T23:55:12.108+0000] {dag.py:4180} INFO - Setting next_dagrun for example_dag_decorator to None, run_after=None
[2024-09-24T23:55:12.163+0000] {processor.py:208} INFO - Processing /home/airflow/.local/lib/python3.12/site-packages/airflow/example_dags/example_dag_decorator.py took 0.493 seconds
[2024-09-24T23:55:42.649+0000] {processor.py:186} INFO - Started process (PID=10015) to work on /home/airflow/.local/lib/python3.12/site-packages/airflow/example_dags/example_dag_decorator.py
[2024-09-24T23:55:42.665+0000] {processor.py:914} INFO - Processing file /home/airflow/.local/lib/python3.12/site-packages/airflow/example_dags/example_dag_decorator.py for tasks to queue
[2024-09-24T23:55:42.680+0000] {logging_mixin.py:190} INFO - [2024-09-24T23:55:42.679+0000] {dagbag.py:588} INFO - Filling up the DagBag from /home/airflow/.local/lib/python3.12/site-packages/airflow/example_dags/example_dag_decorator.py
[2024-09-24T23:55:42.797+0000] {processor.py:925} INFO - DAG(s) 'example_dag_decorator' retrieved from /home/airflow/.local/lib/python3.12/site-packages/airflow/example_dags/example_dag_decorator.py
[2024-09-24T23:55:44.076+0000] {logging_mixin.py:190} INFO - [2024-09-24T23:55:44.075+0000] {dag.py:3239} INFO - Sync 1 DAGs
[2024-09-24T23:55:44.269+0000] {logging_mixin.py:190} INFO - [2024-09-24T23:55:44.268+0000] {dag.py:4180} INFO - Setting next_dagrun for example_dag_decorator to None, run_after=None
[2024-09-24T23:55:44.448+0000] {processor.py:208} INFO - Processing /home/airflow/.local/lib/python3.12/site-packages/airflow/example_dags/example_dag_decorator.py took 1.836 seconds
[2024-09-24T23:56:15.106+0000] {processor.py:186} INFO - Started process (PID=10306) to work on /home/airflow/.local/lib/python3.12/site-packages/airflow/example_dags/example_dag_decorator.py
[2024-09-24T23:56:15.109+0000] {processor.py:914} INFO - Processing file /home/airflow/.local/lib/python3.12/site-packages/airflow/example_dags/example_dag_decorator.py for tasks to queue
[2024-09-24T23:56:15.113+0000] {logging_mixin.py:190} INFO - [2024-09-24T23:56:15.113+0000] {dagbag.py:588} INFO - Filling up the DagBag from /home/airflow/.local/lib/python3.12/site-packages/airflow/example_dags/example_dag_decorator.py
[2024-09-24T23:56:15.138+0000] {processor.py:925} INFO - DAG(s) 'example_dag_decorator' retrieved from /home/airflow/.local/lib/python3.12/site-packages/airflow/example_dags/example_dag_decorator.py
[2024-09-24T23:56:15.392+0000] {logging_mixin.py:190} INFO - [2024-09-24T23:56:15.391+0000] {dag.py:3239} INFO - Sync 1 DAGs
[2024-09-24T23:56:15.423+0000] {logging_mixin.py:190} INFO - [2024-09-24T23:56:15.423+0000] {dag.py:4180} INFO - Setting next_dagrun for example_dag_decorator to None, run_after=None
[2024-09-24T23:56:15.470+0000] {processor.py:208} INFO - Processing /home/airflow/.local/lib/python3.12/site-packages/airflow/example_dags/example_dag_decorator.py took 0.375 seconds
