[2024-09-24T23:38:21.019+0000] {processor.py:186} INFO - Started process (PID=376) to work on /home/airflow/.local/lib/python3.12/site-packages/airflow/example_dags/example_xcom.py
[2024-09-24T23:38:21.021+0000] {processor.py:914} INFO - Processing file /home/airflow/.local/lib/python3.12/site-packages/airflow/example_dags/example_xcom.py for tasks to queue
[2024-09-24T23:38:21.029+0000] {logging_mixin.py:190} INFO - [2024-09-24T23:38:21.028+0000] {dagbag.py:588} INFO - Filling up the DagBag from /home/airflow/.local/lib/python3.12/site-packages/airflow/example_dags/example_xcom.py
[2024-09-24T23:38:21.116+0000] {processor.py:925} INFO - DAG(s) 'example_xcom' retrieved from /home/airflow/.local/lib/python3.12/site-packages/airflow/example_dags/example_xcom.py
[2024-09-24T23:38:21.635+0000] {logging_mixin.py:190} INFO - [2024-09-24T23:38:21.633+0000] {override.py:1900} INFO - Created Permission View: can edit on DAG:example_xcom
[2024-09-24T23:38:21.679+0000] {logging_mixin.py:190} INFO - [2024-09-24T23:38:21.678+0000] {override.py:1900} INFO - Created Permission View: can read on DAG:example_xcom
[2024-09-24T23:38:21.711+0000] {logging_mixin.py:190} INFO - [2024-09-24T23:38:21.709+0000] {override.py:1900} INFO - Created Permission View: can delete on DAG:example_xcom
[2024-09-24T23:38:21.746+0000] {logging_mixin.py:190} INFO - [2024-09-24T23:38:21.746+0000] {override.py:1900} INFO - Created Permission View: can read on DAG Run:example_xcom
[2024-09-24T23:38:21.774+0000] {logging_mixin.py:190} INFO - [2024-09-24T23:38:21.773+0000] {override.py:1900} INFO - Created Permission View: menu access on DAG Run:example_xcom
[2024-09-24T23:38:21.800+0000] {logging_mixin.py:190} INFO - [2024-09-24T23:38:21.799+0000] {override.py:1900} INFO - Created Permission View: can delete on DAG Run:example_xcom
[2024-09-24T23:38:21.836+0000] {logging_mixin.py:190} INFO - [2024-09-24T23:38:21.835+0000] {override.py:1900} INFO - Created Permission View: can create on DAG Run:example_xcom
[2024-09-24T23:38:21.839+0000] {logging_mixin.py:190} INFO - [2024-09-24T23:38:21.838+0000] {dag.py:3239} INFO - Sync 1 DAGs
[2024-09-24T23:38:21.898+0000] {logging_mixin.py:190} INFO - [2024-09-24T23:38:21.898+0000] {dag.py:3262} INFO - Creating ORM DAG for example_xcom
[2024-09-24T23:38:21.949+0000] {logging_mixin.py:190} INFO - [2024-09-24T23:38:21.945+0000] {dag.py:4180} INFO - Setting next_dagrun for example_xcom to 2021-01-01 00:00:00+00:00, run_after=2021-01-01 00:00:00+00:00
[2024-09-24T23:38:22.020+0000] {processor.py:208} INFO - Processing /home/airflow/.local/lib/python3.12/site-packages/airflow/example_dags/example_xcom.py took 1.018 seconds
[2024-09-24T23:38:52.816+0000] {processor.py:186} INFO - Started process (PID=662) to work on /home/airflow/.local/lib/python3.12/site-packages/airflow/example_dags/example_xcom.py
[2024-09-24T23:38:52.827+0000] {processor.py:914} INFO - Processing file /home/airflow/.local/lib/python3.12/site-packages/airflow/example_dags/example_xcom.py for tasks to queue
[2024-09-24T23:38:52.855+0000] {logging_mixin.py:190} INFO - [2024-09-24T23:38:52.852+0000] {dagbag.py:588} INFO - Filling up the DagBag from /home/airflow/.local/lib/python3.12/site-packages/airflow/example_dags/example_xcom.py
[2024-09-24T23:38:52.981+0000] {processor.py:925} INFO - DAG(s) 'example_xcom' retrieved from /home/airflow/.local/lib/python3.12/site-packages/airflow/example_dags/example_xcom.py
[2024-09-24T23:38:53.088+0000] {logging_mixin.py:190} INFO - [2024-09-24T23:38:53.087+0000] {dag.py:3239} INFO - Sync 1 DAGs
[2024-09-24T23:38:53.188+0000] {logging_mixin.py:190} INFO - [2024-09-24T23:38:53.188+0000] {dag.py:4180} INFO - Setting next_dagrun for example_xcom to 2021-01-01 00:00:00+00:00, run_after=2021-01-01 00:00:00+00:00
[2024-09-24T23:38:53.258+0000] {processor.py:208} INFO - Processing /home/airflow/.local/lib/python3.12/site-packages/airflow/example_dags/example_xcom.py took 0.526 seconds
[2024-09-24T23:39:23.500+0000] {processor.py:186} INFO - Started process (PID=947) to work on /home/airflow/.local/lib/python3.12/site-packages/airflow/example_dags/example_xcom.py
[2024-09-24T23:39:23.503+0000] {processor.py:914} INFO - Processing file /home/airflow/.local/lib/python3.12/site-packages/airflow/example_dags/example_xcom.py for tasks to queue
[2024-09-24T23:39:23.508+0000] {logging_mixin.py:190} INFO - [2024-09-24T23:39:23.507+0000] {dagbag.py:588} INFO - Filling up the DagBag from /home/airflow/.local/lib/python3.12/site-packages/airflow/example_dags/example_xcom.py
[2024-09-24T23:39:23.528+0000] {processor.py:925} INFO - DAG(s) 'example_xcom' retrieved from /home/airflow/.local/lib/python3.12/site-packages/airflow/example_dags/example_xcom.py
[2024-09-24T23:39:23.588+0000] {logging_mixin.py:190} INFO - [2024-09-24T23:39:23.586+0000] {dag.py:3239} INFO - Sync 1 DAGs
[2024-09-24T23:39:23.667+0000] {logging_mixin.py:190} INFO - [2024-09-24T23:39:23.666+0000] {dag.py:4180} INFO - Setting next_dagrun for example_xcom to 2021-01-01 00:00:00+00:00, run_after=2021-01-01 00:00:00+00:00
[2024-09-24T23:39:23.774+0000] {processor.py:208} INFO - Processing /home/airflow/.local/lib/python3.12/site-packages/airflow/example_dags/example_xcom.py took 0.286 seconds
[2024-09-24T23:39:54.467+0000] {processor.py:186} INFO - Started process (PID=1230) to work on /home/airflow/.local/lib/python3.12/site-packages/airflow/example_dags/example_xcom.py
[2024-09-24T23:39:54.469+0000] {processor.py:914} INFO - Processing file /home/airflow/.local/lib/python3.12/site-packages/airflow/example_dags/example_xcom.py for tasks to queue
[2024-09-24T23:39:54.473+0000] {logging_mixin.py:190} INFO - [2024-09-24T23:39:54.472+0000] {dagbag.py:588} INFO - Filling up the DagBag from /home/airflow/.local/lib/python3.12/site-packages/airflow/example_dags/example_xcom.py
[2024-09-24T23:39:54.486+0000] {processor.py:925} INFO - DAG(s) 'example_xcom' retrieved from /home/airflow/.local/lib/python3.12/site-packages/airflow/example_dags/example_xcom.py
[2024-09-24T23:39:54.520+0000] {logging_mixin.py:190} INFO - [2024-09-24T23:39:54.519+0000] {dag.py:3239} INFO - Sync 1 DAGs
[2024-09-24T23:39:54.556+0000] {logging_mixin.py:190} INFO - [2024-09-24T23:39:54.556+0000] {dag.py:4180} INFO - Setting next_dagrun for example_xcom to 2021-01-01 00:00:00+00:00, run_after=2021-01-01 00:00:00+00:00
[2024-09-24T23:39:54.596+0000] {processor.py:208} INFO - Processing /home/airflow/.local/lib/python3.12/site-packages/airflow/example_dags/example_xcom.py took 0.139 seconds
[2024-09-24T23:40:24.892+0000] {processor.py:186} INFO - Started process (PID=1516) to work on /home/airflow/.local/lib/python3.12/site-packages/airflow/example_dags/example_xcom.py
[2024-09-24T23:40:24.895+0000] {processor.py:914} INFO - Processing file /home/airflow/.local/lib/python3.12/site-packages/airflow/example_dags/example_xcom.py for tasks to queue
[2024-09-24T23:40:24.900+0000] {logging_mixin.py:190} INFO - [2024-09-24T23:40:24.900+0000] {dagbag.py:588} INFO - Filling up the DagBag from /home/airflow/.local/lib/python3.12/site-packages/airflow/example_dags/example_xcom.py
[2024-09-24T23:40:24.926+0000] {processor.py:925} INFO - DAG(s) 'example_xcom' retrieved from /home/airflow/.local/lib/python3.12/site-packages/airflow/example_dags/example_xcom.py
[2024-09-24T23:40:24.981+0000] {logging_mixin.py:190} INFO - [2024-09-24T23:40:24.981+0000] {dag.py:3239} INFO - Sync 1 DAGs
[2024-09-24T23:40:25.038+0000] {logging_mixin.py:190} INFO - [2024-09-24T23:40:25.037+0000] {dag.py:4180} INFO - Setting next_dagrun for example_xcom to 2021-01-01 00:00:00+00:00, run_after=2021-01-01 00:00:00+00:00
[2024-09-24T23:40:25.082+0000] {processor.py:208} INFO - Processing /home/airflow/.local/lib/python3.12/site-packages/airflow/example_dags/example_xcom.py took 0.203 seconds
[2024-09-24T23:40:55.784+0000] {processor.py:186} INFO - Started process (PID=1803) to work on /home/airflow/.local/lib/python3.12/site-packages/airflow/example_dags/example_xcom.py
[2024-09-24T23:40:55.788+0000] {processor.py:914} INFO - Processing file /home/airflow/.local/lib/python3.12/site-packages/airflow/example_dags/example_xcom.py for tasks to queue
[2024-09-24T23:40:55.802+0000] {logging_mixin.py:190} INFO - [2024-09-24T23:40:55.801+0000] {dagbag.py:588} INFO - Filling up the DagBag from /home/airflow/.local/lib/python3.12/site-packages/airflow/example_dags/example_xcom.py
[2024-09-24T23:40:55.915+0000] {processor.py:925} INFO - DAG(s) 'example_xcom' retrieved from /home/airflow/.local/lib/python3.12/site-packages/airflow/example_dags/example_xcom.py
[2024-09-24T23:40:56.115+0000] {logging_mixin.py:190} INFO - [2024-09-24T23:40:56.114+0000] {dag.py:3239} INFO - Sync 1 DAGs
[2024-09-24T23:40:56.312+0000] {logging_mixin.py:190} INFO - [2024-09-24T23:40:56.308+0000] {dag.py:4180} INFO - Setting next_dagrun for example_xcom to 2021-01-01 00:00:00+00:00, run_after=2021-01-01 00:00:00+00:00
[2024-09-24T23:40:56.509+0000] {processor.py:208} INFO - Processing /home/airflow/.local/lib/python3.12/site-packages/airflow/example_dags/example_xcom.py took 0.752 seconds
[2024-09-24T23:41:28.189+0000] {processor.py:186} INFO - Started process (PID=2088) to work on /home/airflow/.local/lib/python3.12/site-packages/airflow/example_dags/example_xcom.py
[2024-09-24T23:41:28.193+0000] {processor.py:914} INFO - Processing file /home/airflow/.local/lib/python3.12/site-packages/airflow/example_dags/example_xcom.py for tasks to queue
[2024-09-24T23:41:28.219+0000] {logging_mixin.py:190} INFO - [2024-09-24T23:41:28.218+0000] {dagbag.py:588} INFO - Filling up the DagBag from /home/airflow/.local/lib/python3.12/site-packages/airflow/example_dags/example_xcom.py
[2024-09-24T23:41:28.315+0000] {processor.py:925} INFO - DAG(s) 'example_xcom' retrieved from /home/airflow/.local/lib/python3.12/site-packages/airflow/example_dags/example_xcom.py
[2024-09-24T23:41:28.468+0000] {logging_mixin.py:190} INFO - [2024-09-24T23:41:28.468+0000] {dag.py:3239} INFO - Sync 1 DAGs
[2024-09-24T23:41:28.676+0000] {logging_mixin.py:190} INFO - [2024-09-24T23:41:28.667+0000] {dag.py:4180} INFO - Setting next_dagrun for example_xcom to 2021-01-01 00:00:00+00:00, run_after=2021-01-01 00:00:00+00:00
[2024-09-24T23:41:28.846+0000] {processor.py:208} INFO - Processing /home/airflow/.local/lib/python3.12/site-packages/airflow/example_dags/example_xcom.py took 0.694 seconds
[2024-09-24T23:41:59.559+0000] {processor.py:186} INFO - Started process (PID=2376) to work on /home/airflow/.local/lib/python3.12/site-packages/airflow/example_dags/example_xcom.py
[2024-09-24T23:41:59.567+0000] {processor.py:914} INFO - Processing file /home/airflow/.local/lib/python3.12/site-packages/airflow/example_dags/example_xcom.py for tasks to queue
[2024-09-24T23:41:59.574+0000] {logging_mixin.py:190} INFO - [2024-09-24T23:41:59.573+0000] {dagbag.py:588} INFO - Filling up the DagBag from /home/airflow/.local/lib/python3.12/site-packages/airflow/example_dags/example_xcom.py
[2024-09-24T23:41:59.614+0000] {processor.py:925} INFO - DAG(s) 'example_xcom' retrieved from /home/airflow/.local/lib/python3.12/site-packages/airflow/example_dags/example_xcom.py
[2024-09-24T23:41:59.674+0000] {logging_mixin.py:190} INFO - [2024-09-24T23:41:59.673+0000] {dag.py:3239} INFO - Sync 1 DAGs
[2024-09-24T23:41:59.748+0000] {logging_mixin.py:190} INFO - [2024-09-24T23:41:59.748+0000] {dag.py:4180} INFO - Setting next_dagrun for example_xcom to 2021-01-01 00:00:00+00:00, run_after=2021-01-01 00:00:00+00:00
[2024-09-24T23:41:59.816+0000] {processor.py:208} INFO - Processing /home/airflow/.local/lib/python3.12/site-packages/airflow/example_dags/example_xcom.py took 0.276 seconds
[2024-09-24T23:42:30.207+0000] {processor.py:186} INFO - Started process (PID=2662) to work on /home/airflow/.local/lib/python3.12/site-packages/airflow/example_dags/example_xcom.py
[2024-09-24T23:42:30.208+0000] {processor.py:914} INFO - Processing file /home/airflow/.local/lib/python3.12/site-packages/airflow/example_dags/example_xcom.py for tasks to queue
[2024-09-24T23:42:30.212+0000] {logging_mixin.py:190} INFO - [2024-09-24T23:42:30.211+0000] {dagbag.py:588} INFO - Filling up the DagBag from /home/airflow/.local/lib/python3.12/site-packages/airflow/example_dags/example_xcom.py
[2024-09-24T23:42:30.248+0000] {processor.py:925} INFO - DAG(s) 'example_xcom' retrieved from /home/airflow/.local/lib/python3.12/site-packages/airflow/example_dags/example_xcom.py
[2024-09-24T23:42:30.339+0000] {logging_mixin.py:190} INFO - [2024-09-24T23:42:30.338+0000] {dag.py:3239} INFO - Sync 1 DAGs
[2024-09-24T23:42:30.432+0000] {logging_mixin.py:190} INFO - [2024-09-24T23:42:30.432+0000] {dag.py:4180} INFO - Setting next_dagrun for example_xcom to 2021-01-01 00:00:00+00:00, run_after=2021-01-01 00:00:00+00:00
[2024-09-24T23:42:30.483+0000] {processor.py:208} INFO - Processing /home/airflow/.local/lib/python3.12/site-packages/airflow/example_dags/example_xcom.py took 0.286 seconds
[2024-09-24T23:43:01.151+0000] {processor.py:186} INFO - Started process (PID=2954) to work on /home/airflow/.local/lib/python3.12/site-packages/airflow/example_dags/example_xcom.py
[2024-09-24T23:43:01.153+0000] {processor.py:914} INFO - Processing file /home/airflow/.local/lib/python3.12/site-packages/airflow/example_dags/example_xcom.py for tasks to queue
[2024-09-24T23:43:01.158+0000] {logging_mixin.py:190} INFO - [2024-09-24T23:43:01.157+0000] {dagbag.py:588} INFO - Filling up the DagBag from /home/airflow/.local/lib/python3.12/site-packages/airflow/example_dags/example_xcom.py
[2024-09-24T23:43:01.176+0000] {processor.py:925} INFO - DAG(s) 'example_xcom' retrieved from /home/airflow/.local/lib/python3.12/site-packages/airflow/example_dags/example_xcom.py
[2024-09-24T23:43:01.229+0000] {logging_mixin.py:190} INFO - [2024-09-24T23:43:01.228+0000] {dag.py:3239} INFO - Sync 1 DAGs
[2024-09-24T23:43:01.301+0000] {logging_mixin.py:190} INFO - [2024-09-24T23:43:01.300+0000] {dag.py:4180} INFO - Setting next_dagrun for example_xcom to 2021-01-01 00:00:00+00:00, run_after=2021-01-01 00:00:00+00:00
[2024-09-24T23:43:01.366+0000] {processor.py:208} INFO - Processing /home/airflow/.local/lib/python3.12/site-packages/airflow/example_dags/example_xcom.py took 0.225 seconds
[2024-09-24T23:43:32.260+0000] {processor.py:186} INFO - Started process (PID=3240) to work on /home/airflow/.local/lib/python3.12/site-packages/airflow/example_dags/example_xcom.py
[2024-09-24T23:43:32.263+0000] {processor.py:914} INFO - Processing file /home/airflow/.local/lib/python3.12/site-packages/airflow/example_dags/example_xcom.py for tasks to queue
[2024-09-24T23:43:32.268+0000] {logging_mixin.py:190} INFO - [2024-09-24T23:43:32.267+0000] {dagbag.py:588} INFO - Filling up the DagBag from /home/airflow/.local/lib/python3.12/site-packages/airflow/example_dags/example_xcom.py
[2024-09-24T23:43:32.297+0000] {processor.py:925} INFO - DAG(s) 'example_xcom' retrieved from /home/airflow/.local/lib/python3.12/site-packages/airflow/example_dags/example_xcom.py
[2024-09-24T23:43:32.360+0000] {logging_mixin.py:190} INFO - [2024-09-24T23:43:32.360+0000] {dag.py:3239} INFO - Sync 1 DAGs
[2024-09-24T23:43:32.451+0000] {logging_mixin.py:190} INFO - [2024-09-24T23:43:32.450+0000] {dag.py:4180} INFO - Setting next_dagrun for example_xcom to 2021-01-01 00:00:00+00:00, run_after=2021-01-01 00:00:00+00:00
[2024-09-24T23:43:32.514+0000] {processor.py:208} INFO - Processing /home/airflow/.local/lib/python3.12/site-packages/airflow/example_dags/example_xcom.py took 0.274 seconds
[2024-09-24T23:44:03.263+0000] {processor.py:186} INFO - Started process (PID=3526) to work on /home/airflow/.local/lib/python3.12/site-packages/airflow/example_dags/example_xcom.py
[2024-09-24T23:44:03.266+0000] {processor.py:914} INFO - Processing file /home/airflow/.local/lib/python3.12/site-packages/airflow/example_dags/example_xcom.py for tasks to queue
[2024-09-24T23:44:03.278+0000] {logging_mixin.py:190} INFO - [2024-09-24T23:44:03.277+0000] {dagbag.py:588} INFO - Filling up the DagBag from /home/airflow/.local/lib/python3.12/site-packages/airflow/example_dags/example_xcom.py
[2024-09-24T23:44:03.316+0000] {processor.py:925} INFO - DAG(s) 'example_xcom' retrieved from /home/airflow/.local/lib/python3.12/site-packages/airflow/example_dags/example_xcom.py
[2024-09-24T23:44:03.378+0000] {logging_mixin.py:190} INFO - [2024-09-24T23:44:03.377+0000] {dag.py:3239} INFO - Sync 1 DAGs
[2024-09-24T23:44:03.437+0000] {logging_mixin.py:190} INFO - [2024-09-24T23:44:03.436+0000] {dag.py:4180} INFO - Setting next_dagrun for example_xcom to 2021-01-01 00:00:00+00:00, run_after=2021-01-01 00:00:00+00:00
[2024-09-24T23:44:03.486+0000] {processor.py:208} INFO - Processing /home/airflow/.local/lib/python3.12/site-packages/airflow/example_dags/example_xcom.py took 0.251 seconds
[2024-09-24T23:44:33.758+0000] {processor.py:186} INFO - Started process (PID=3812) to work on /home/airflow/.local/lib/python3.12/site-packages/airflow/example_dags/example_xcom.py
[2024-09-24T23:44:33.760+0000] {processor.py:914} INFO - Processing file /home/airflow/.local/lib/python3.12/site-packages/airflow/example_dags/example_xcom.py for tasks to queue
[2024-09-24T23:44:33.764+0000] {logging_mixin.py:190} INFO - [2024-09-24T23:44:33.764+0000] {dagbag.py:588} INFO - Filling up the DagBag from /home/airflow/.local/lib/python3.12/site-packages/airflow/example_dags/example_xcom.py
[2024-09-24T23:44:33.780+0000] {processor.py:925} INFO - DAG(s) 'example_xcom' retrieved from /home/airflow/.local/lib/python3.12/site-packages/airflow/example_dags/example_xcom.py
[2024-09-24T23:44:33.821+0000] {logging_mixin.py:190} INFO - [2024-09-24T23:44:33.821+0000] {dag.py:3239} INFO - Sync 1 DAGs
[2024-09-24T23:44:33.865+0000] {logging_mixin.py:190} INFO - [2024-09-24T23:44:33.865+0000] {dag.py:4180} INFO - Setting next_dagrun for example_xcom to 2021-01-01 00:00:00+00:00, run_after=2021-01-01 00:00:00+00:00
[2024-09-24T23:44:33.907+0000] {processor.py:208} INFO - Processing /home/airflow/.local/lib/python3.12/site-packages/airflow/example_dags/example_xcom.py took 0.160 seconds
[2024-09-24T23:45:04.836+0000] {processor.py:186} INFO - Started process (PID=4098) to work on /home/airflow/.local/lib/python3.12/site-packages/airflow/example_dags/example_xcom.py
[2024-09-24T23:45:04.838+0000] {processor.py:914} INFO - Processing file /home/airflow/.local/lib/python3.12/site-packages/airflow/example_dags/example_xcom.py for tasks to queue
[2024-09-24T23:45:04.842+0000] {logging_mixin.py:190} INFO - [2024-09-24T23:45:04.842+0000] {dagbag.py:588} INFO - Filling up the DagBag from /home/airflow/.local/lib/python3.12/site-packages/airflow/example_dags/example_xcom.py
[2024-09-24T23:45:04.876+0000] {processor.py:925} INFO - DAG(s) 'example_xcom' retrieved from /home/airflow/.local/lib/python3.12/site-packages/airflow/example_dags/example_xcom.py
[2024-09-24T23:45:04.960+0000] {logging_mixin.py:190} INFO - [2024-09-24T23:45:04.959+0000] {dag.py:3239} INFO - Sync 1 DAGs
[2024-09-24T23:45:05.078+0000] {logging_mixin.py:190} INFO - [2024-09-24T23:45:05.077+0000] {dag.py:4180} INFO - Setting next_dagrun for example_xcom to 2021-01-01 00:00:00+00:00, run_after=2021-01-01 00:00:00+00:00
[2024-09-24T23:45:05.175+0000] {processor.py:208} INFO - Processing /home/airflow/.local/lib/python3.12/site-packages/airflow/example_dags/example_xcom.py took 0.349 seconds
[2024-09-24T23:45:35.503+0000] {processor.py:186} INFO - Started process (PID=4384) to work on /home/airflow/.local/lib/python3.12/site-packages/airflow/example_dags/example_xcom.py
[2024-09-24T23:45:35.505+0000] {processor.py:914} INFO - Processing file /home/airflow/.local/lib/python3.12/site-packages/airflow/example_dags/example_xcom.py for tasks to queue
[2024-09-24T23:45:35.509+0000] {logging_mixin.py:190} INFO - [2024-09-24T23:45:35.509+0000] {dagbag.py:588} INFO - Filling up the DagBag from /home/airflow/.local/lib/python3.12/site-packages/airflow/example_dags/example_xcom.py
[2024-09-24T23:45:35.527+0000] {processor.py:925} INFO - DAG(s) 'example_xcom' retrieved from /home/airflow/.local/lib/python3.12/site-packages/airflow/example_dags/example_xcom.py
[2024-09-24T23:45:35.566+0000] {logging_mixin.py:190} INFO - [2024-09-24T23:45:35.566+0000] {dag.py:3239} INFO - Sync 1 DAGs
[2024-09-24T23:45:35.613+0000] {logging_mixin.py:190} INFO - [2024-09-24T23:45:35.612+0000] {dag.py:4180} INFO - Setting next_dagrun for example_xcom to 2021-01-01 00:00:00+00:00, run_after=2021-01-01 00:00:00+00:00
[2024-09-24T23:45:35.652+0000] {processor.py:208} INFO - Processing /home/airflow/.local/lib/python3.12/site-packages/airflow/example_dags/example_xcom.py took 0.160 seconds
[2024-09-24T23:46:06.450+0000] {processor.py:186} INFO - Started process (PID=4670) to work on /home/airflow/.local/lib/python3.12/site-packages/airflow/example_dags/example_xcom.py
[2024-09-24T23:46:06.453+0000] {processor.py:914} INFO - Processing file /home/airflow/.local/lib/python3.12/site-packages/airflow/example_dags/example_xcom.py for tasks to queue
[2024-09-24T23:46:06.459+0000] {logging_mixin.py:190} INFO - [2024-09-24T23:46:06.458+0000] {dagbag.py:588} INFO - Filling up the DagBag from /home/airflow/.local/lib/python3.12/site-packages/airflow/example_dags/example_xcom.py
[2024-09-24T23:46:06.485+0000] {processor.py:925} INFO - DAG(s) 'example_xcom' retrieved from /home/airflow/.local/lib/python3.12/site-packages/airflow/example_dags/example_xcom.py
[2024-09-24T23:46:06.543+0000] {logging_mixin.py:190} INFO - [2024-09-24T23:46:06.542+0000] {dag.py:3239} INFO - Sync 1 DAGs
[2024-09-24T23:46:06.615+0000] {logging_mixin.py:190} INFO - [2024-09-24T23:46:06.614+0000] {dag.py:4180} INFO - Setting next_dagrun for example_xcom to 2021-01-01 00:00:00+00:00, run_after=2021-01-01 00:00:00+00:00
[2024-09-24T23:46:06.670+0000] {processor.py:208} INFO - Processing /home/airflow/.local/lib/python3.12/site-packages/airflow/example_dags/example_xcom.py took 0.235 seconds
[2024-09-24T23:46:37.165+0000] {processor.py:186} INFO - Started process (PID=4956) to work on /home/airflow/.local/lib/python3.12/site-packages/airflow/example_dags/example_xcom.py
[2024-09-24T23:46:37.167+0000] {processor.py:914} INFO - Processing file /home/airflow/.local/lib/python3.12/site-packages/airflow/example_dags/example_xcom.py for tasks to queue
[2024-09-24T23:46:37.173+0000] {logging_mixin.py:190} INFO - [2024-09-24T23:46:37.172+0000] {dagbag.py:588} INFO - Filling up the DagBag from /home/airflow/.local/lib/python3.12/site-packages/airflow/example_dags/example_xcom.py
[2024-09-24T23:46:37.190+0000] {processor.py:925} INFO - DAG(s) 'example_xcom' retrieved from /home/airflow/.local/lib/python3.12/site-packages/airflow/example_dags/example_xcom.py
[2024-09-24T23:46:37.248+0000] {logging_mixin.py:190} INFO - [2024-09-24T23:46:37.247+0000] {dag.py:3239} INFO - Sync 1 DAGs
[2024-09-24T23:46:37.308+0000] {logging_mixin.py:190} INFO - [2024-09-24T23:46:37.307+0000] {dag.py:4180} INFO - Setting next_dagrun for example_xcom to 2021-01-01 00:00:00+00:00, run_after=2021-01-01 00:00:00+00:00
[2024-09-24T23:46:37.362+0000] {processor.py:208} INFO - Processing /home/airflow/.local/lib/python3.12/site-packages/airflow/example_dags/example_xcom.py took 0.211 seconds
[2024-09-24T23:47:07.559+0000] {processor.py:186} INFO - Started process (PID=5242) to work on /home/airflow/.local/lib/python3.12/site-packages/airflow/example_dags/example_xcom.py
[2024-09-24T23:47:07.561+0000] {processor.py:914} INFO - Processing file /home/airflow/.local/lib/python3.12/site-packages/airflow/example_dags/example_xcom.py for tasks to queue
[2024-09-24T23:47:07.565+0000] {logging_mixin.py:190} INFO - [2024-09-24T23:47:07.565+0000] {dagbag.py:588} INFO - Filling up the DagBag from /home/airflow/.local/lib/python3.12/site-packages/airflow/example_dags/example_xcom.py
[2024-09-24T23:47:07.582+0000] {processor.py:925} INFO - DAG(s) 'example_xcom' retrieved from /home/airflow/.local/lib/python3.12/site-packages/airflow/example_dags/example_xcom.py
[2024-09-24T23:47:07.629+0000] {logging_mixin.py:190} INFO - [2024-09-24T23:47:07.628+0000] {dag.py:3239} INFO - Sync 1 DAGs
[2024-09-24T23:47:07.678+0000] {logging_mixin.py:190} INFO - [2024-09-24T23:47:07.677+0000] {dag.py:4180} INFO - Setting next_dagrun for example_xcom to 2021-01-01 00:00:00+00:00, run_after=2021-01-01 00:00:00+00:00
[2024-09-24T23:47:07.719+0000] {processor.py:208} INFO - Processing /home/airflow/.local/lib/python3.12/site-packages/airflow/example_dags/example_xcom.py took 0.170 seconds
[2024-09-24T23:47:37.803+0000] {processor.py:186} INFO - Started process (PID=5528) to work on /home/airflow/.local/lib/python3.12/site-packages/airflow/example_dags/example_xcom.py
[2024-09-24T23:47:37.805+0000] {processor.py:914} INFO - Processing file /home/airflow/.local/lib/python3.12/site-packages/airflow/example_dags/example_xcom.py for tasks to queue
[2024-09-24T23:47:37.809+0000] {logging_mixin.py:190} INFO - [2024-09-24T23:47:37.808+0000] {dagbag.py:588} INFO - Filling up the DagBag from /home/airflow/.local/lib/python3.12/site-packages/airflow/example_dags/example_xcom.py
[2024-09-24T23:47:37.826+0000] {processor.py:925} INFO - DAG(s) 'example_xcom' retrieved from /home/airflow/.local/lib/python3.12/site-packages/airflow/example_dags/example_xcom.py
[2024-09-24T23:47:37.864+0000] {logging_mixin.py:190} INFO - [2024-09-24T23:47:37.863+0000] {dag.py:3239} INFO - Sync 1 DAGs
[2024-09-24T23:47:37.908+0000] {logging_mixin.py:190} INFO - [2024-09-24T23:47:37.908+0000] {dag.py:4180} INFO - Setting next_dagrun for example_xcom to 2021-01-01 00:00:00+00:00, run_after=2021-01-01 00:00:00+00:00
[2024-09-24T23:47:37.943+0000] {processor.py:208} INFO - Processing /home/airflow/.local/lib/python3.12/site-packages/airflow/example_dags/example_xcom.py took 0.150 seconds
[2024-09-24T23:48:08.338+0000] {processor.py:186} INFO - Started process (PID=5812) to work on /home/airflow/.local/lib/python3.12/site-packages/airflow/example_dags/example_xcom.py
[2024-09-24T23:48:08.341+0000] {processor.py:914} INFO - Processing file /home/airflow/.local/lib/python3.12/site-packages/airflow/example_dags/example_xcom.py for tasks to queue
[2024-09-24T23:48:08.347+0000] {logging_mixin.py:190} INFO - [2024-09-24T23:48:08.346+0000] {dagbag.py:588} INFO - Filling up the DagBag from /home/airflow/.local/lib/python3.12/site-packages/airflow/example_dags/example_xcom.py
[2024-09-24T23:48:08.372+0000] {processor.py:925} INFO - DAG(s) 'example_xcom' retrieved from /home/airflow/.local/lib/python3.12/site-packages/airflow/example_dags/example_xcom.py
[2024-09-24T23:48:08.435+0000] {logging_mixin.py:190} INFO - [2024-09-24T23:48:08.434+0000] {dag.py:3239} INFO - Sync 1 DAGs
[2024-09-24T23:48:08.505+0000] {logging_mixin.py:190} INFO - [2024-09-24T23:48:08.504+0000] {dag.py:4180} INFO - Setting next_dagrun for example_xcom to 2021-01-01 00:00:00+00:00, run_after=2021-01-01 00:00:00+00:00
[2024-09-24T23:48:08.562+0000] {processor.py:208} INFO - Processing /home/airflow/.local/lib/python3.12/site-packages/airflow/example_dags/example_xcom.py took 0.241 seconds
[2024-09-24T23:48:38.956+0000] {processor.py:186} INFO - Started process (PID=6098) to work on /home/airflow/.local/lib/python3.12/site-packages/airflow/example_dags/example_xcom.py
[2024-09-24T23:48:38.959+0000] {processor.py:914} INFO - Processing file /home/airflow/.local/lib/python3.12/site-packages/airflow/example_dags/example_xcom.py for tasks to queue
[2024-09-24T23:48:38.964+0000] {logging_mixin.py:190} INFO - [2024-09-24T23:48:38.963+0000] {dagbag.py:588} INFO - Filling up the DagBag from /home/airflow/.local/lib/python3.12/site-packages/airflow/example_dags/example_xcom.py
[2024-09-24T23:48:38.989+0000] {processor.py:925} INFO - DAG(s) 'example_xcom' retrieved from /home/airflow/.local/lib/python3.12/site-packages/airflow/example_dags/example_xcom.py
[2024-09-24T23:48:39.044+0000] {logging_mixin.py:190} INFO - [2024-09-24T23:48:39.044+0000] {dag.py:3239} INFO - Sync 1 DAGs
[2024-09-24T23:48:39.109+0000] {logging_mixin.py:190} INFO - [2024-09-24T23:48:39.109+0000] {dag.py:4180} INFO - Setting next_dagrun for example_xcom to 2021-01-01 00:00:00+00:00, run_after=2021-01-01 00:00:00+00:00
[2024-09-24T23:48:39.154+0000] {processor.py:208} INFO - Processing /home/airflow/.local/lib/python3.12/site-packages/airflow/example_dags/example_xcom.py took 0.213 seconds
[2024-09-24T23:49:09.311+0000] {processor.py:186} INFO - Started process (PID=6379) to work on /home/airflow/.local/lib/python3.12/site-packages/airflow/example_dags/example_xcom.py
[2024-09-24T23:49:09.314+0000] {processor.py:914} INFO - Processing file /home/airflow/.local/lib/python3.12/site-packages/airflow/example_dags/example_xcom.py for tasks to queue
[2024-09-24T23:49:09.320+0000] {logging_mixin.py:190} INFO - [2024-09-24T23:49:09.319+0000] {dagbag.py:588} INFO - Filling up the DagBag from /home/airflow/.local/lib/python3.12/site-packages/airflow/example_dags/example_xcom.py
[2024-09-24T23:49:09.340+0000] {processor.py:925} INFO - DAG(s) 'example_xcom' retrieved from /home/airflow/.local/lib/python3.12/site-packages/airflow/example_dags/example_xcom.py
[2024-09-24T23:49:09.387+0000] {logging_mixin.py:190} INFO - [2024-09-24T23:49:09.387+0000] {dag.py:3239} INFO - Sync 1 DAGs
[2024-09-24T23:49:09.437+0000] {logging_mixin.py:190} INFO - [2024-09-24T23:49:09.436+0000] {dag.py:4180} INFO - Setting next_dagrun for example_xcom to 2021-01-01 00:00:00+00:00, run_after=2021-01-01 00:00:00+00:00
[2024-09-24T23:49:09.479+0000] {processor.py:208} INFO - Processing /home/airflow/.local/lib/python3.12/site-packages/airflow/example_dags/example_xcom.py took 0.179 seconds
[2024-09-24T23:49:39.586+0000] {processor.py:186} INFO - Started process (PID=6660) to work on /home/airflow/.local/lib/python3.12/site-packages/airflow/example_dags/example_xcom.py
[2024-09-24T23:49:39.589+0000] {processor.py:914} INFO - Processing file /home/airflow/.local/lib/python3.12/site-packages/airflow/example_dags/example_xcom.py for tasks to queue
[2024-09-24T23:49:39.597+0000] {logging_mixin.py:190} INFO - [2024-09-24T23:49:39.595+0000] {dagbag.py:588} INFO - Filling up the DagBag from /home/airflow/.local/lib/python3.12/site-packages/airflow/example_dags/example_xcom.py
[2024-09-24T23:49:39.624+0000] {processor.py:925} INFO - DAG(s) 'example_xcom' retrieved from /home/airflow/.local/lib/python3.12/site-packages/airflow/example_dags/example_xcom.py
[2024-09-24T23:49:39.684+0000] {logging_mixin.py:190} INFO - [2024-09-24T23:49:39.683+0000] {dag.py:3239} INFO - Sync 1 DAGs
[2024-09-24T23:49:39.738+0000] {logging_mixin.py:190} INFO - [2024-09-24T23:49:39.738+0000] {dag.py:4180} INFO - Setting next_dagrun for example_xcom to 2021-01-01 00:00:00+00:00, run_after=2021-01-01 00:00:00+00:00
[2024-09-24T23:49:39.795+0000] {processor.py:208} INFO - Processing /home/airflow/.local/lib/python3.12/site-packages/airflow/example_dags/example_xcom.py took 0.227 seconds
[2024-09-24T23:50:09.908+0000] {processor.py:186} INFO - Started process (PID=6941) to work on /home/airflow/.local/lib/python3.12/site-packages/airflow/example_dags/example_xcom.py
[2024-09-24T23:50:09.910+0000] {processor.py:914} INFO - Processing file /home/airflow/.local/lib/python3.12/site-packages/airflow/example_dags/example_xcom.py for tasks to queue
[2024-09-24T23:50:09.915+0000] {logging_mixin.py:190} INFO - [2024-09-24T23:50:09.914+0000] {dagbag.py:588} INFO - Filling up the DagBag from /home/airflow/.local/lib/python3.12/site-packages/airflow/example_dags/example_xcom.py
[2024-09-24T23:50:09.935+0000] {processor.py:925} INFO - DAG(s) 'example_xcom' retrieved from /home/airflow/.local/lib/python3.12/site-packages/airflow/example_dags/example_xcom.py
[2024-09-24T23:50:09.982+0000] {logging_mixin.py:190} INFO - [2024-09-24T23:50:09.981+0000] {dag.py:3239} INFO - Sync 1 DAGs
[2024-09-24T23:50:10.036+0000] {logging_mixin.py:190} INFO - [2024-09-24T23:50:10.035+0000] {dag.py:4180} INFO - Setting next_dagrun for example_xcom to 2021-01-01 00:00:00+00:00, run_after=2021-01-01 00:00:00+00:00
[2024-09-24T23:50:10.074+0000] {processor.py:208} INFO - Processing /home/airflow/.local/lib/python3.12/site-packages/airflow/example_dags/example_xcom.py took 0.178 seconds
[2024-09-24T23:50:41.174+0000] {processor.py:186} INFO - Started process (PID=7229) to work on /home/airflow/.local/lib/python3.12/site-packages/airflow/example_dags/example_xcom.py
[2024-09-24T23:50:41.178+0000] {processor.py:914} INFO - Processing file /home/airflow/.local/lib/python3.12/site-packages/airflow/example_dags/example_xcom.py for tasks to queue
[2024-09-24T23:50:41.185+0000] {logging_mixin.py:190} INFO - [2024-09-24T23:50:41.184+0000] {dagbag.py:588} INFO - Filling up the DagBag from /home/airflow/.local/lib/python3.12/site-packages/airflow/example_dags/example_xcom.py
[2024-09-24T23:50:41.218+0000] {processor.py:925} INFO - DAG(s) 'example_xcom' retrieved from /home/airflow/.local/lib/python3.12/site-packages/airflow/example_dags/example_xcom.py
[2024-09-24T23:50:41.285+0000] {logging_mixin.py:190} INFO - [2024-09-24T23:50:41.284+0000] {dag.py:3239} INFO - Sync 1 DAGs
[2024-09-24T23:50:41.347+0000] {logging_mixin.py:190} INFO - [2024-09-24T23:50:41.347+0000] {dag.py:4180} INFO - Setting next_dagrun for example_xcom to 2021-01-01 00:00:00+00:00, run_after=2021-01-01 00:00:00+00:00
[2024-09-24T23:50:41.391+0000] {processor.py:208} INFO - Processing /home/airflow/.local/lib/python3.12/site-packages/airflow/example_dags/example_xcom.py took 0.253 seconds
[2024-09-24T23:51:11.860+0000] {processor.py:186} INFO - Started process (PID=7515) to work on /home/airflow/.local/lib/python3.12/site-packages/airflow/example_dags/example_xcom.py
[2024-09-24T23:51:11.863+0000] {processor.py:914} INFO - Processing file /home/airflow/.local/lib/python3.12/site-packages/airflow/example_dags/example_xcom.py for tasks to queue
[2024-09-24T23:51:11.870+0000] {logging_mixin.py:190} INFO - [2024-09-24T23:51:11.869+0000] {dagbag.py:588} INFO - Filling up the DagBag from /home/airflow/.local/lib/python3.12/site-packages/airflow/example_dags/example_xcom.py
[2024-09-24T23:51:11.901+0000] {processor.py:925} INFO - DAG(s) 'example_xcom' retrieved from /home/airflow/.local/lib/python3.12/site-packages/airflow/example_dags/example_xcom.py
[2024-09-24T23:51:11.967+0000] {logging_mixin.py:190} INFO - [2024-09-24T23:51:11.966+0000] {dag.py:3239} INFO - Sync 1 DAGs
[2024-09-24T23:51:12.084+0000] {logging_mixin.py:190} INFO - [2024-09-24T23:51:12.083+0000] {dag.py:4180} INFO - Setting next_dagrun for example_xcom to 2021-01-01 00:00:00+00:00, run_after=2021-01-01 00:00:00+00:00
[2024-09-24T23:51:12.170+0000] {processor.py:208} INFO - Processing /home/airflow/.local/lib/python3.12/site-packages/airflow/example_dags/example_xcom.py took 0.326 seconds
[2024-09-24T23:51:42.539+0000] {processor.py:186} INFO - Started process (PID=7801) to work on /home/airflow/.local/lib/python3.12/site-packages/airflow/example_dags/example_xcom.py
[2024-09-24T23:51:42.541+0000] {processor.py:914} INFO - Processing file /home/airflow/.local/lib/python3.12/site-packages/airflow/example_dags/example_xcom.py for tasks to queue
[2024-09-24T23:51:42.546+0000] {logging_mixin.py:190} INFO - [2024-09-24T23:51:42.545+0000] {dagbag.py:588} INFO - Filling up the DagBag from /home/airflow/.local/lib/python3.12/site-packages/airflow/example_dags/example_xcom.py
[2024-09-24T23:51:42.561+0000] {processor.py:925} INFO - DAG(s) 'example_xcom' retrieved from /home/airflow/.local/lib/python3.12/site-packages/airflow/example_dags/example_xcom.py
[2024-09-24T23:51:42.601+0000] {logging_mixin.py:190} INFO - [2024-09-24T23:51:42.600+0000] {dag.py:3239} INFO - Sync 1 DAGs
[2024-09-24T23:51:42.645+0000] {logging_mixin.py:190} INFO - [2024-09-24T23:51:42.644+0000] {dag.py:4180} INFO - Setting next_dagrun for example_xcom to 2021-01-01 00:00:00+00:00, run_after=2021-01-01 00:00:00+00:00
[2024-09-24T23:51:42.687+0000] {processor.py:208} INFO - Processing /home/airflow/.local/lib/python3.12/site-packages/airflow/example_dags/example_xcom.py took 0.157 seconds
[2024-09-24T23:52:13.092+0000] {processor.py:186} INFO - Started process (PID=8086) to work on /home/airflow/.local/lib/python3.12/site-packages/airflow/example_dags/example_xcom.py
[2024-09-24T23:52:13.095+0000] {processor.py:914} INFO - Processing file /home/airflow/.local/lib/python3.12/site-packages/airflow/example_dags/example_xcom.py for tasks to queue
[2024-09-24T23:52:13.100+0000] {logging_mixin.py:190} INFO - [2024-09-24T23:52:13.099+0000] {dagbag.py:588} INFO - Filling up the DagBag from /home/airflow/.local/lib/python3.12/site-packages/airflow/example_dags/example_xcom.py
[2024-09-24T23:52:13.127+0000] {processor.py:925} INFO - DAG(s) 'example_xcom' retrieved from /home/airflow/.local/lib/python3.12/site-packages/airflow/example_dags/example_xcom.py
[2024-09-24T23:52:13.190+0000] {logging_mixin.py:190} INFO - [2024-09-24T23:52:13.189+0000] {dag.py:3239} INFO - Sync 1 DAGs
[2024-09-24T23:52:13.250+0000] {logging_mixin.py:190} INFO - [2024-09-24T23:52:13.249+0000] {dag.py:4180} INFO - Setting next_dagrun for example_xcom to 2021-01-01 00:00:00+00:00, run_after=2021-01-01 00:00:00+00:00
[2024-09-24T23:52:13.298+0000] {processor.py:208} INFO - Processing /home/airflow/.local/lib/python3.12/site-packages/airflow/example_dags/example_xcom.py took 0.220 seconds
[2024-09-24T23:52:44.225+0000] {processor.py:186} INFO - Started process (PID=8379) to work on /home/airflow/.local/lib/python3.12/site-packages/airflow/example_dags/example_xcom.py
[2024-09-24T23:52:44.227+0000] {processor.py:914} INFO - Processing file /home/airflow/.local/lib/python3.12/site-packages/airflow/example_dags/example_xcom.py for tasks to queue
[2024-09-24T23:52:44.232+0000] {logging_mixin.py:190} INFO - [2024-09-24T23:52:44.231+0000] {dagbag.py:588} INFO - Filling up the DagBag from /home/airflow/.local/lib/python3.12/site-packages/airflow/example_dags/example_xcom.py
[2024-09-24T23:52:44.252+0000] {processor.py:925} INFO - DAG(s) 'example_xcom' retrieved from /home/airflow/.local/lib/python3.12/site-packages/airflow/example_dags/example_xcom.py
[2024-09-24T23:52:44.293+0000] {logging_mixin.py:190} INFO - [2024-09-24T23:52:44.292+0000] {dag.py:3239} INFO - Sync 1 DAGs
[2024-09-24T23:52:44.340+0000] {logging_mixin.py:190} INFO - [2024-09-24T23:52:44.340+0000] {dag.py:4180} INFO - Setting next_dagrun for example_xcom to 2021-01-01 00:00:00+00:00, run_after=2021-01-01 00:00:00+00:00
[2024-09-24T23:52:44.382+0000] {processor.py:208} INFO - Processing /home/airflow/.local/lib/python3.12/site-packages/airflow/example_dags/example_xcom.py took 0.168 seconds
[2024-09-24T23:53:15.942+0000] {processor.py:186} INFO - Started process (PID=8670) to work on /home/airflow/.local/lib/python3.12/site-packages/airflow/example_dags/example_xcom.py
[2024-09-24T23:53:15.945+0000] {processor.py:914} INFO - Processing file /home/airflow/.local/lib/python3.12/site-packages/airflow/example_dags/example_xcom.py for tasks to queue
[2024-09-24T23:53:15.952+0000] {logging_mixin.py:190} INFO - [2024-09-24T23:53:15.951+0000] {dagbag.py:588} INFO - Filling up the DagBag from /home/airflow/.local/lib/python3.12/site-packages/airflow/example_dags/example_xcom.py
[2024-09-24T23:53:15.981+0000] {processor.py:925} INFO - DAG(s) 'example_xcom' retrieved from /home/airflow/.local/lib/python3.12/site-packages/airflow/example_dags/example_xcom.py
[2024-09-24T23:53:16.068+0000] {logging_mixin.py:190} INFO - [2024-09-24T23:53:16.067+0000] {dag.py:3239} INFO - Sync 1 DAGs
[2024-09-24T23:53:16.135+0000] {logging_mixin.py:190} INFO - [2024-09-24T23:53:16.134+0000] {dag.py:4180} INFO - Setting next_dagrun for example_xcom to 2021-01-01 00:00:00+00:00, run_after=2021-01-01 00:00:00+00:00
[2024-09-24T23:53:16.191+0000] {processor.py:208} INFO - Processing /home/airflow/.local/lib/python3.12/site-packages/airflow/example_dags/example_xcom.py took 0.267 seconds
[2024-09-24T23:53:46.417+0000] {processor.py:186} INFO - Started process (PID=8956) to work on /home/airflow/.local/lib/python3.12/site-packages/airflow/example_dags/example_xcom.py
[2024-09-24T23:53:46.419+0000] {processor.py:914} INFO - Processing file /home/airflow/.local/lib/python3.12/site-packages/airflow/example_dags/example_xcom.py for tasks to queue
[2024-09-24T23:53:46.425+0000] {logging_mixin.py:190} INFO - [2024-09-24T23:53:46.424+0000] {dagbag.py:588} INFO - Filling up the DagBag from /home/airflow/.local/lib/python3.12/site-packages/airflow/example_dags/example_xcom.py
[2024-09-24T23:53:46.449+0000] {processor.py:925} INFO - DAG(s) 'example_xcom' retrieved from /home/airflow/.local/lib/python3.12/site-packages/airflow/example_dags/example_xcom.py
[2024-09-24T23:53:46.498+0000] {logging_mixin.py:190} INFO - [2024-09-24T23:53:46.498+0000] {dag.py:3239} INFO - Sync 1 DAGs
[2024-09-24T23:53:46.622+0000] {logging_mixin.py:190} INFO - [2024-09-24T23:53:46.621+0000] {dag.py:4180} INFO - Setting next_dagrun for example_xcom to 2021-01-01 00:00:00+00:00, run_after=2021-01-01 00:00:00+00:00
[2024-09-24T23:53:46.678+0000] {processor.py:208} INFO - Processing /home/airflow/.local/lib/python3.12/site-packages/airflow/example_dags/example_xcom.py took 0.275 seconds
[2024-09-24T23:54:17.287+0000] {processor.py:186} INFO - Started process (PID=9235) to work on /home/airflow/.local/lib/python3.12/site-packages/airflow/example_dags/example_xcom.py
[2024-09-24T23:54:17.289+0000] {processor.py:914} INFO - Processing file /home/airflow/.local/lib/python3.12/site-packages/airflow/example_dags/example_xcom.py for tasks to queue
[2024-09-24T23:54:17.295+0000] {logging_mixin.py:190} INFO - [2024-09-24T23:54:17.295+0000] {dagbag.py:588} INFO - Filling up the DagBag from /home/airflow/.local/lib/python3.12/site-packages/airflow/example_dags/example_xcom.py
[2024-09-24T23:54:17.313+0000] {processor.py:925} INFO - DAG(s) 'example_xcom' retrieved from /home/airflow/.local/lib/python3.12/site-packages/airflow/example_dags/example_xcom.py
[2024-09-24T23:54:17.353+0000] {logging_mixin.py:190} INFO - [2024-09-24T23:54:17.353+0000] {dag.py:3239} INFO - Sync 1 DAGs
[2024-09-24T23:54:17.404+0000] {logging_mixin.py:190} INFO - [2024-09-24T23:54:17.403+0000] {dag.py:4180} INFO - Setting next_dagrun for example_xcom to 2021-01-01 00:00:00+00:00, run_after=2021-01-01 00:00:00+00:00
[2024-09-24T23:54:17.446+0000] {processor.py:208} INFO - Processing /home/airflow/.local/lib/python3.12/site-packages/airflow/example_dags/example_xcom.py took 0.169 seconds
[2024-09-24T23:54:47.969+0000] {processor.py:186} INFO - Started process (PID=9521) to work on /home/airflow/.local/lib/python3.12/site-packages/airflow/example_dags/example_xcom.py
[2024-09-24T23:54:47.971+0000] {processor.py:914} INFO - Processing file /home/airflow/.local/lib/python3.12/site-packages/airflow/example_dags/example_xcom.py for tasks to queue
[2024-09-24T23:54:47.977+0000] {logging_mixin.py:190} INFO - [2024-09-24T23:54:47.976+0000] {dagbag.py:588} INFO - Filling up the DagBag from /home/airflow/.local/lib/python3.12/site-packages/airflow/example_dags/example_xcom.py
[2024-09-24T23:54:47.993+0000] {processor.py:925} INFO - DAG(s) 'example_xcom' retrieved from /home/airflow/.local/lib/python3.12/site-packages/airflow/example_dags/example_xcom.py
[2024-09-24T23:54:48.036+0000] {logging_mixin.py:190} INFO - [2024-09-24T23:54:48.036+0000] {dag.py:3239} INFO - Sync 1 DAGs
[2024-09-24T23:54:48.080+0000] {logging_mixin.py:190} INFO - [2024-09-24T23:54:48.079+0000] {dag.py:4180} INFO - Setting next_dagrun for example_xcom to 2021-01-01 00:00:00+00:00, run_after=2021-01-01 00:00:00+00:00
[2024-09-24T23:54:48.129+0000] {processor.py:208} INFO - Processing /home/airflow/.local/lib/python3.12/site-packages/airflow/example_dags/example_xcom.py took 0.170 seconds
[2024-09-24T23:55:18.915+0000] {processor.py:186} INFO - Started process (PID=9809) to work on /home/airflow/.local/lib/python3.12/site-packages/airflow/example_dags/example_xcom.py
[2024-09-24T23:55:18.918+0000] {processor.py:914} INFO - Processing file /home/airflow/.local/lib/python3.12/site-packages/airflow/example_dags/example_xcom.py for tasks to queue
[2024-09-24T23:55:18.923+0000] {logging_mixin.py:190} INFO - [2024-09-24T23:55:18.922+0000] {dagbag.py:588} INFO - Filling up the DagBag from /home/airflow/.local/lib/python3.12/site-packages/airflow/example_dags/example_xcom.py
[2024-09-24T23:55:18.944+0000] {processor.py:925} INFO - DAG(s) 'example_xcom' retrieved from /home/airflow/.local/lib/python3.12/site-packages/airflow/example_dags/example_xcom.py
[2024-09-24T23:55:18.994+0000] {logging_mixin.py:190} INFO - [2024-09-24T23:55:18.993+0000] {dag.py:3239} INFO - Sync 1 DAGs
[2024-09-24T23:55:19.051+0000] {logging_mixin.py:190} INFO - [2024-09-24T23:55:19.051+0000] {dag.py:4180} INFO - Setting next_dagrun for example_xcom to 2021-01-01 00:00:00+00:00, run_after=2021-01-01 00:00:00+00:00
[2024-09-24T23:55:19.090+0000] {processor.py:208} INFO - Processing /home/airflow/.local/lib/python3.12/site-packages/airflow/example_dags/example_xcom.py took 0.193 seconds
[2024-09-24T23:55:54.721+0000] {processor.py:186} INFO - Started process (PID=10098) to work on /home/airflow/.local/lib/python3.12/site-packages/airflow/example_dags/example_xcom.py
[2024-09-24T23:55:54.724+0000] {processor.py:914} INFO - Processing file /home/airflow/.local/lib/python3.12/site-packages/airflow/example_dags/example_xcom.py for tasks to queue
[2024-09-24T23:55:54.731+0000] {logging_mixin.py:190} INFO - [2024-09-24T23:55:54.730+0000] {dagbag.py:588} INFO - Filling up the DagBag from /home/airflow/.local/lib/python3.12/site-packages/airflow/example_dags/example_xcom.py
[2024-09-24T23:55:54.763+0000] {processor.py:925} INFO - DAG(s) 'example_xcom' retrieved from /home/airflow/.local/lib/python3.12/site-packages/airflow/example_dags/example_xcom.py
[2024-09-24T23:55:54.842+0000] {logging_mixin.py:190} INFO - [2024-09-24T23:55:54.841+0000] {dag.py:3239} INFO - Sync 1 DAGs
[2024-09-24T23:55:54.984+0000] {logging_mixin.py:190} INFO - [2024-09-24T23:55:54.983+0000] {dag.py:4180} INFO - Setting next_dagrun for example_xcom to 2021-01-01 00:00:00+00:00, run_after=2021-01-01 00:00:00+00:00
[2024-09-24T23:55:55.071+0000] {processor.py:208} INFO - Processing /home/airflow/.local/lib/python3.12/site-packages/airflow/example_dags/example_xcom.py took 0.370 seconds
