[2024-09-24T23:38:09.792+0000] {processor.py:186} INFO - Started process (PID=321) to work on /home/airflow/.local/lib/python3.12/site-packages/airflow/example_dags/example_branch_python_dop_operator_3.py
[2024-09-24T23:38:09.795+0000] {processor.py:914} INFO - Processing file /home/airflow/.local/lib/python3.12/site-packages/airflow/example_dags/example_branch_python_dop_operator_3.py for tasks to queue
[2024-09-24T23:38:09.804+0000] {logging_mixin.py:190} INFO - [2024-09-24T23:38:09.803+0000] {dagbag.py:588} INFO - Filling up the DagBag from /home/airflow/.local/lib/python3.12/site-packages/airflow/example_dags/example_branch_python_dop_operator_3.py
[2024-09-24T23:38:09.837+0000] {processor.py:925} INFO - DAG(s) 'example_branch_dop_operator_v3' retrieved from /home/airflow/.local/lib/python3.12/site-packages/airflow/example_dags/example_branch_python_dop_operator_3.py
[2024-09-24T23:38:10.542+0000] {logging_mixin.py:190} INFO - [2024-09-24T23:38:10.540+0000] {override.py:1900} INFO - Created Permission View: can edit on DAG:example_branch_dop_operator_v3
[2024-09-24T23:38:10.605+0000] {logging_mixin.py:190} INFO - [2024-09-24T23:38:10.604+0000] {override.py:1900} INFO - Created Permission View: can read on DAG:example_branch_dop_operator_v3
[2024-09-24T23:38:10.649+0000] {logging_mixin.py:190} INFO - [2024-09-24T23:38:10.648+0000] {override.py:1900} INFO - Created Permission View: can delete on DAG:example_branch_dop_operator_v3
[2024-09-24T23:38:10.685+0000] {logging_mixin.py:190} INFO - [2024-09-24T23:38:10.684+0000] {override.py:1900} INFO - Created Permission View: can read on DAG Run:example_branch_dop_operator_v3
[2024-09-24T23:38:10.730+0000] {logging_mixin.py:190} INFO - [2024-09-24T23:38:10.729+0000] {override.py:1900} INFO - Created Permission View: menu access on DAG Run:example_branch_dop_operator_v3
[2024-09-24T23:38:10.787+0000] {logging_mixin.py:190} INFO - [2024-09-24T23:38:10.786+0000] {override.py:1900} INFO - Created Permission View: can delete on DAG Run:example_branch_dop_operator_v3
[2024-09-24T23:38:10.845+0000] {logging_mixin.py:190} INFO - [2024-09-24T23:38:10.837+0000] {override.py:1900} INFO - Created Permission View: can create on DAG Run:example_branch_dop_operator_v3
[2024-09-24T23:38:10.860+0000] {logging_mixin.py:190} INFO - [2024-09-24T23:38:10.857+0000] {dag.py:3239} INFO - Sync 1 DAGs
[2024-09-24T23:38:10.938+0000] {logging_mixin.py:190} INFO - [2024-09-24T23:38:10.937+0000] {dag.py:3262} INFO - Creating ORM DAG for example_branch_dop_operator_v3
[2024-09-24T23:38:11.056+0000] {logging_mixin.py:190} INFO - [2024-09-24T23:38:11.055+0000] {dag.py:4180} INFO - Setting next_dagrun for example_branch_dop_operator_v3 to 2024-09-24 23:37:00+00:00, run_after=2024-09-24 23:38:00+00:00
[2024-09-24T23:38:11.244+0000] {processor.py:208} INFO - Processing /home/airflow/.local/lib/python3.12/site-packages/airflow/example_dags/example_branch_python_dop_operator_3.py took 1.467 seconds
[2024-09-24T23:38:41.660+0000] {processor.py:186} INFO - Started process (PID=609) to work on /home/airflow/.local/lib/python3.12/site-packages/airflow/example_dags/example_branch_python_dop_operator_3.py
[2024-09-24T23:38:41.663+0000] {processor.py:914} INFO - Processing file /home/airflow/.local/lib/python3.12/site-packages/airflow/example_dags/example_branch_python_dop_operator_3.py for tasks to queue
[2024-09-24T23:38:41.670+0000] {logging_mixin.py:190} INFO - [2024-09-24T23:38:41.669+0000] {dagbag.py:588} INFO - Filling up the DagBag from /home/airflow/.local/lib/python3.12/site-packages/airflow/example_dags/example_branch_python_dop_operator_3.py
[2024-09-24T23:38:41.705+0000] {processor.py:925} INFO - DAG(s) 'example_branch_dop_operator_v3' retrieved from /home/airflow/.local/lib/python3.12/site-packages/airflow/example_dags/example_branch_python_dop_operator_3.py
[2024-09-24T23:38:41.762+0000] {logging_mixin.py:190} INFO - [2024-09-24T23:38:41.762+0000] {dag.py:3239} INFO - Sync 1 DAGs
[2024-09-24T23:38:41.834+0000] {logging_mixin.py:190} INFO - [2024-09-24T23:38:41.833+0000] {dag.py:4180} INFO - Setting next_dagrun for example_branch_dop_operator_v3 to 2024-09-24 23:37:00+00:00, run_after=2024-09-24 23:38:00+00:00
[2024-09-24T23:38:41.884+0000] {processor.py:208} INFO - Processing /home/airflow/.local/lib/python3.12/site-packages/airflow/example_dags/example_branch_python_dop_operator_3.py took 0.240 seconds
[2024-09-24T23:39:13.351+0000] {processor.py:186} INFO - Started process (PID=892) to work on /home/airflow/.local/lib/python3.12/site-packages/airflow/example_dags/example_branch_python_dop_operator_3.py
[2024-09-24T23:39:13.354+0000] {processor.py:914} INFO - Processing file /home/airflow/.local/lib/python3.12/site-packages/airflow/example_dags/example_branch_python_dop_operator_3.py for tasks to queue
[2024-09-24T23:39:13.365+0000] {logging_mixin.py:190} INFO - [2024-09-24T23:39:13.364+0000] {dagbag.py:588} INFO - Filling up the DagBag from /home/airflow/.local/lib/python3.12/site-packages/airflow/example_dags/example_branch_python_dop_operator_3.py
[2024-09-24T23:39:13.415+0000] {processor.py:925} INFO - DAG(s) 'example_branch_dop_operator_v3' retrieved from /home/airflow/.local/lib/python3.12/site-packages/airflow/example_dags/example_branch_python_dop_operator_3.py
[2024-09-24T23:39:13.492+0000] {logging_mixin.py:190} INFO - [2024-09-24T23:39:13.491+0000] {dag.py:3239} INFO - Sync 1 DAGs
[2024-09-24T23:39:13.568+0000] {logging_mixin.py:190} INFO - [2024-09-24T23:39:13.567+0000] {dag.py:4180} INFO - Setting next_dagrun for example_branch_dop_operator_v3 to 2024-09-24 23:38:00+00:00, run_after=2024-09-24 23:39:00+00:00
[2024-09-24T23:39:13.614+0000] {processor.py:208} INFO - Processing /home/airflow/.local/lib/python3.12/site-packages/airflow/example_dags/example_branch_python_dop_operator_3.py took 0.281 seconds
[2024-09-24T23:39:45.297+0000] {processor.py:186} INFO - Started process (PID=1178) to work on /home/airflow/.local/lib/python3.12/site-packages/airflow/example_dags/example_branch_python_dop_operator_3.py
[2024-09-24T23:39:45.300+0000] {processor.py:914} INFO - Processing file /home/airflow/.local/lib/python3.12/site-packages/airflow/example_dags/example_branch_python_dop_operator_3.py for tasks to queue
[2024-09-24T23:39:45.306+0000] {logging_mixin.py:190} INFO - [2024-09-24T23:39:45.305+0000] {dagbag.py:588} INFO - Filling up the DagBag from /home/airflow/.local/lib/python3.12/site-packages/airflow/example_dags/example_branch_python_dop_operator_3.py
[2024-09-24T23:39:45.335+0000] {processor.py:925} INFO - DAG(s) 'example_branch_dop_operator_v3' retrieved from /home/airflow/.local/lib/python3.12/site-packages/airflow/example_dags/example_branch_python_dop_operator_3.py
[2024-09-24T23:39:45.401+0000] {logging_mixin.py:190} INFO - [2024-09-24T23:39:45.401+0000] {dag.py:3239} INFO - Sync 1 DAGs
[2024-09-24T23:39:45.539+0000] {logging_mixin.py:190} INFO - [2024-09-24T23:39:45.538+0000] {dag.py:4180} INFO - Setting next_dagrun for example_branch_dop_operator_v3 to 2024-09-24 23:38:00+00:00, run_after=2024-09-24 23:39:00+00:00
[2024-09-24T23:39:45.613+0000] {processor.py:208} INFO - Processing /home/airflow/.local/lib/python3.12/site-packages/airflow/example_dags/example_branch_python_dop_operator_3.py took 0.337 seconds
[2024-09-24T23:40:16.294+0000] {processor.py:186} INFO - Started process (PID=1464) to work on /home/airflow/.local/lib/python3.12/site-packages/airflow/example_dags/example_branch_python_dop_operator_3.py
[2024-09-24T23:40:16.297+0000] {processor.py:914} INFO - Processing file /home/airflow/.local/lib/python3.12/site-packages/airflow/example_dags/example_branch_python_dop_operator_3.py for tasks to queue
[2024-09-24T23:40:16.304+0000] {logging_mixin.py:190} INFO - [2024-09-24T23:40:16.303+0000] {dagbag.py:588} INFO - Filling up the DagBag from /home/airflow/.local/lib/python3.12/site-packages/airflow/example_dags/example_branch_python_dop_operator_3.py
[2024-09-24T23:40:16.352+0000] {processor.py:925} INFO - DAG(s) 'example_branch_dop_operator_v3' retrieved from /home/airflow/.local/lib/python3.12/site-packages/airflow/example_dags/example_branch_python_dop_operator_3.py
[2024-09-24T23:40:16.442+0000] {logging_mixin.py:190} INFO - [2024-09-24T23:40:16.442+0000] {dag.py:3239} INFO - Sync 1 DAGs
[2024-09-24T23:40:16.645+0000] {logging_mixin.py:190} INFO - [2024-09-24T23:40:16.644+0000] {dag.py:4180} INFO - Setting next_dagrun for example_branch_dop_operator_v3 to 2024-09-24 23:39:00+00:00, run_after=2024-09-24 23:40:00+00:00
[2024-09-24T23:40:16.747+0000] {processor.py:208} INFO - Processing /home/airflow/.local/lib/python3.12/site-packages/airflow/example_dags/example_branch_python_dop_operator_3.py took 0.552 seconds
[2024-09-24T23:40:49.686+0000] {processor.py:186} INFO - Started process (PID=1751) to work on /home/airflow/.local/lib/python3.12/site-packages/airflow/example_dags/example_branch_python_dop_operator_3.py
[2024-09-24T23:40:49.689+0000] {processor.py:914} INFO - Processing file /home/airflow/.local/lib/python3.12/site-packages/airflow/example_dags/example_branch_python_dop_operator_3.py for tasks to queue
[2024-09-24T23:40:49.697+0000] {logging_mixin.py:190} INFO - [2024-09-24T23:40:49.696+0000] {dagbag.py:588} INFO - Filling up the DagBag from /home/airflow/.local/lib/python3.12/site-packages/airflow/example_dags/example_branch_python_dop_operator_3.py
[2024-09-24T23:40:49.736+0000] {processor.py:925} INFO - DAG(s) 'example_branch_dop_operator_v3' retrieved from /home/airflow/.local/lib/python3.12/site-packages/airflow/example_dags/example_branch_python_dop_operator_3.py
[2024-09-24T23:40:49.806+0000] {logging_mixin.py:190} INFO - [2024-09-24T23:40:49.805+0000] {dag.py:3239} INFO - Sync 1 DAGs
[2024-09-24T23:40:49.946+0000] {logging_mixin.py:190} INFO - [2024-09-24T23:40:49.945+0000] {dag.py:4180} INFO - Setting next_dagrun for example_branch_dop_operator_v3 to 2024-09-24 23:39:00+00:00, run_after=2024-09-24 23:40:00+00:00
[2024-09-24T23:40:50.034+0000] {processor.py:208} INFO - Processing /home/airflow/.local/lib/python3.12/site-packages/airflow/example_dags/example_branch_python_dop_operator_3.py took 0.366 seconds
[2024-09-24T23:41:20.291+0000] {processor.py:186} INFO - Started process (PID=2038) to work on /home/airflow/.local/lib/python3.12/site-packages/airflow/example_dags/example_branch_python_dop_operator_3.py
[2024-09-24T23:41:20.294+0000] {processor.py:914} INFO - Processing file /home/airflow/.local/lib/python3.12/site-packages/airflow/example_dags/example_branch_python_dop_operator_3.py for tasks to queue
[2024-09-24T23:41:20.301+0000] {logging_mixin.py:190} INFO - [2024-09-24T23:41:20.300+0000] {dagbag.py:588} INFO - Filling up the DagBag from /home/airflow/.local/lib/python3.12/site-packages/airflow/example_dags/example_branch_python_dop_operator_3.py
[2024-09-24T23:41:20.332+0000] {processor.py:925} INFO - DAG(s) 'example_branch_dop_operator_v3' retrieved from /home/airflow/.local/lib/python3.12/site-packages/airflow/example_dags/example_branch_python_dop_operator_3.py
[2024-09-24T23:41:20.393+0000] {logging_mixin.py:190} INFO - [2024-09-24T23:41:20.392+0000] {dag.py:3239} INFO - Sync 1 DAGs
[2024-09-24T23:41:20.493+0000] {logging_mixin.py:190} INFO - [2024-09-24T23:41:20.493+0000] {dag.py:4180} INFO - Setting next_dagrun for example_branch_dop_operator_v3 to 2024-09-24 23:40:00+00:00, run_after=2024-09-24 23:41:00+00:00
[2024-09-24T23:41:20.552+0000] {processor.py:208} INFO - Processing /home/airflow/.local/lib/python3.12/site-packages/airflow/example_dags/example_branch_python_dop_operator_3.py took 0.280 seconds
[2024-09-24T23:41:52.432+0000] {processor.py:186} INFO - Started process (PID=2324) to work on /home/airflow/.local/lib/python3.12/site-packages/airflow/example_dags/example_branch_python_dop_operator_3.py
[2024-09-24T23:41:52.435+0000] {processor.py:914} INFO - Processing file /home/airflow/.local/lib/python3.12/site-packages/airflow/example_dags/example_branch_python_dop_operator_3.py for tasks to queue
[2024-09-24T23:41:52.443+0000] {logging_mixin.py:190} INFO - [2024-09-24T23:41:52.441+0000] {dagbag.py:588} INFO - Filling up the DagBag from /home/airflow/.local/lib/python3.12/site-packages/airflow/example_dags/example_branch_python_dop_operator_3.py
[2024-09-24T23:41:52.481+0000] {processor.py:925} INFO - DAG(s) 'example_branch_dop_operator_v3' retrieved from /home/airflow/.local/lib/python3.12/site-packages/airflow/example_dags/example_branch_python_dop_operator_3.py
[2024-09-24T23:41:52.539+0000] {logging_mixin.py:190} INFO - [2024-09-24T23:41:52.538+0000] {dag.py:3239} INFO - Sync 1 DAGs
[2024-09-24T23:41:52.637+0000] {logging_mixin.py:190} INFO - [2024-09-24T23:41:52.636+0000] {dag.py:4180} INFO - Setting next_dagrun for example_branch_dop_operator_v3 to 2024-09-24 23:40:00+00:00, run_after=2024-09-24 23:41:00+00:00
[2024-09-24T23:41:52.705+0000] {processor.py:208} INFO - Processing /home/airflow/.local/lib/python3.12/site-packages/airflow/example_dags/example_branch_python_dop_operator_3.py took 0.293 seconds
[2024-09-24T23:42:23.452+0000] {processor.py:186} INFO - Started process (PID=2610) to work on /home/airflow/.local/lib/python3.12/site-packages/airflow/example_dags/example_branch_python_dop_operator_3.py
[2024-09-24T23:42:23.454+0000] {processor.py:914} INFO - Processing file /home/airflow/.local/lib/python3.12/site-packages/airflow/example_dags/example_branch_python_dop_operator_3.py for tasks to queue
[2024-09-24T23:42:23.458+0000] {logging_mixin.py:190} INFO - [2024-09-24T23:42:23.458+0000] {dagbag.py:588} INFO - Filling up the DagBag from /home/airflow/.local/lib/python3.12/site-packages/airflow/example_dags/example_branch_python_dop_operator_3.py
[2024-09-24T23:42:23.483+0000] {processor.py:925} INFO - DAG(s) 'example_branch_dop_operator_v3' retrieved from /home/airflow/.local/lib/python3.12/site-packages/airflow/example_dags/example_branch_python_dop_operator_3.py
[2024-09-24T23:42:23.529+0000] {logging_mixin.py:190} INFO - [2024-09-24T23:42:23.528+0000] {dag.py:3239} INFO - Sync 1 DAGs
[2024-09-24T23:42:23.590+0000] {logging_mixin.py:190} INFO - [2024-09-24T23:42:23.590+0000] {dag.py:4180} INFO - Setting next_dagrun for example_branch_dop_operator_v3 to 2024-09-24 23:41:00+00:00, run_after=2024-09-24 23:42:00+00:00
[2024-09-24T23:42:23.635+0000] {processor.py:208} INFO - Processing /home/airflow/.local/lib/python3.12/site-packages/airflow/example_dags/example_branch_python_dop_operator_3.py took 0.196 seconds
[2024-09-24T23:42:54.402+0000] {processor.py:186} INFO - Started process (PID=2896) to work on /home/airflow/.local/lib/python3.12/site-packages/airflow/example_dags/example_branch_python_dop_operator_3.py
[2024-09-24T23:42:54.404+0000] {processor.py:914} INFO - Processing file /home/airflow/.local/lib/python3.12/site-packages/airflow/example_dags/example_branch_python_dop_operator_3.py for tasks to queue
[2024-09-24T23:42:54.410+0000] {logging_mixin.py:190} INFO - [2024-09-24T23:42:54.409+0000] {dagbag.py:588} INFO - Filling up the DagBag from /home/airflow/.local/lib/python3.12/site-packages/airflow/example_dags/example_branch_python_dop_operator_3.py
[2024-09-24T23:42:54.439+0000] {processor.py:925} INFO - DAG(s) 'example_branch_dop_operator_v3' retrieved from /home/airflow/.local/lib/python3.12/site-packages/airflow/example_dags/example_branch_python_dop_operator_3.py
[2024-09-24T23:42:54.497+0000] {logging_mixin.py:190} INFO - [2024-09-24T23:42:54.496+0000] {dag.py:3239} INFO - Sync 1 DAGs
[2024-09-24T23:42:54.690+0000] {logging_mixin.py:190} INFO - [2024-09-24T23:42:54.687+0000] {dag.py:4180} INFO - Setting next_dagrun for example_branch_dop_operator_v3 to 2024-09-24 23:41:00+00:00, run_after=2024-09-24 23:42:00+00:00
[2024-09-24T23:42:54.817+0000] {processor.py:208} INFO - Processing /home/airflow/.local/lib/python3.12/site-packages/airflow/example_dags/example_branch_python_dop_operator_3.py took 0.428 seconds
[2024-09-24T23:43:25.459+0000] {processor.py:186} INFO - Started process (PID=3184) to work on /home/airflow/.local/lib/python3.12/site-packages/airflow/example_dags/example_branch_python_dop_operator_3.py
[2024-09-24T23:43:25.461+0000] {processor.py:914} INFO - Processing file /home/airflow/.local/lib/python3.12/site-packages/airflow/example_dags/example_branch_python_dop_operator_3.py for tasks to queue
[2024-09-24T23:43:25.465+0000] {logging_mixin.py:190} INFO - [2024-09-24T23:43:25.465+0000] {dagbag.py:588} INFO - Filling up the DagBag from /home/airflow/.local/lib/python3.12/site-packages/airflow/example_dags/example_branch_python_dop_operator_3.py
[2024-09-24T23:43:25.483+0000] {processor.py:925} INFO - DAG(s) 'example_branch_dop_operator_v3' retrieved from /home/airflow/.local/lib/python3.12/site-packages/airflow/example_dags/example_branch_python_dop_operator_3.py
[2024-09-24T23:43:25.530+0000] {logging_mixin.py:190} INFO - [2024-09-24T23:43:25.529+0000] {dag.py:3239} INFO - Sync 1 DAGs
[2024-09-24T23:43:25.597+0000] {logging_mixin.py:190} INFO - [2024-09-24T23:43:25.596+0000] {dag.py:4180} INFO - Setting next_dagrun for example_branch_dop_operator_v3 to 2024-09-24 23:42:00+00:00, run_after=2024-09-24 23:43:00+00:00
[2024-09-24T23:43:25.648+0000] {processor.py:208} INFO - Processing /home/airflow/.local/lib/python3.12/site-packages/airflow/example_dags/example_branch_python_dop_operator_3.py took 0.199 seconds
[2024-09-24T23:43:55.867+0000] {processor.py:186} INFO - Started process (PID=3468) to work on /home/airflow/.local/lib/python3.12/site-packages/airflow/example_dags/example_branch_python_dop_operator_3.py
[2024-09-24T23:43:55.870+0000] {processor.py:914} INFO - Processing file /home/airflow/.local/lib/python3.12/site-packages/airflow/example_dags/example_branch_python_dop_operator_3.py for tasks to queue
[2024-09-24T23:43:55.874+0000] {logging_mixin.py:190} INFO - [2024-09-24T23:43:55.874+0000] {dagbag.py:588} INFO - Filling up the DagBag from /home/airflow/.local/lib/python3.12/site-packages/airflow/example_dags/example_branch_python_dop_operator_3.py
[2024-09-24T23:43:55.896+0000] {processor.py:925} INFO - DAG(s) 'example_branch_dop_operator_v3' retrieved from /home/airflow/.local/lib/python3.12/site-packages/airflow/example_dags/example_branch_python_dop_operator_3.py
[2024-09-24T23:43:55.936+0000] {logging_mixin.py:190} INFO - [2024-09-24T23:43:55.935+0000] {dag.py:3239} INFO - Sync 1 DAGs
[2024-09-24T23:43:56.000+0000] {logging_mixin.py:190} INFO - [2024-09-24T23:43:55.999+0000] {dag.py:4180} INFO - Setting next_dagrun for example_branch_dop_operator_v3 to 2024-09-24 23:42:00+00:00, run_after=2024-09-24 23:43:00+00:00
[2024-09-24T23:43:56.047+0000] {processor.py:208} INFO - Processing /home/airflow/.local/lib/python3.12/site-packages/airflow/example_dags/example_branch_python_dop_operator_3.py took 0.189 seconds
[2024-09-24T23:44:26.800+0000] {processor.py:186} INFO - Started process (PID=3754) to work on /home/airflow/.local/lib/python3.12/site-packages/airflow/example_dags/example_branch_python_dop_operator_3.py
[2024-09-24T23:44:26.814+0000] {processor.py:914} INFO - Processing file /home/airflow/.local/lib/python3.12/site-packages/airflow/example_dags/example_branch_python_dop_operator_3.py for tasks to queue
[2024-09-24T23:44:26.820+0000] {logging_mixin.py:190} INFO - [2024-09-24T23:44:26.820+0000] {dagbag.py:588} INFO - Filling up the DagBag from /home/airflow/.local/lib/python3.12/site-packages/airflow/example_dags/example_branch_python_dop_operator_3.py
[2024-09-24T23:44:26.858+0000] {processor.py:925} INFO - DAG(s) 'example_branch_dop_operator_v3' retrieved from /home/airflow/.local/lib/python3.12/site-packages/airflow/example_dags/example_branch_python_dop_operator_3.py
[2024-09-24T23:44:26.960+0000] {logging_mixin.py:190} INFO - [2024-09-24T23:44:26.959+0000] {dag.py:3239} INFO - Sync 1 DAGs
[2024-09-24T23:44:27.119+0000] {logging_mixin.py:190} INFO - [2024-09-24T23:44:27.117+0000] {dag.py:4180} INFO - Setting next_dagrun for example_branch_dop_operator_v3 to 2024-09-24 23:43:00+00:00, run_after=2024-09-24 23:44:00+00:00
[2024-09-24T23:44:27.221+0000] {processor.py:208} INFO - Processing /home/airflow/.local/lib/python3.12/site-packages/airflow/example_dags/example_branch_python_dop_operator_3.py took 0.435 seconds
[2024-09-24T23:44:57.356+0000] {processor.py:186} INFO - Started process (PID=4040) to work on /home/airflow/.local/lib/python3.12/site-packages/airflow/example_dags/example_branch_python_dop_operator_3.py
[2024-09-24T23:44:57.358+0000] {processor.py:914} INFO - Processing file /home/airflow/.local/lib/python3.12/site-packages/airflow/example_dags/example_branch_python_dop_operator_3.py for tasks to queue
[2024-09-24T23:44:57.361+0000] {logging_mixin.py:190} INFO - [2024-09-24T23:44:57.361+0000] {dagbag.py:588} INFO - Filling up the DagBag from /home/airflow/.local/lib/python3.12/site-packages/airflow/example_dags/example_branch_python_dop_operator_3.py
[2024-09-24T23:44:57.384+0000] {processor.py:925} INFO - DAG(s) 'example_branch_dop_operator_v3' retrieved from /home/airflow/.local/lib/python3.12/site-packages/airflow/example_dags/example_branch_python_dop_operator_3.py
[2024-09-24T23:44:57.425+0000] {logging_mixin.py:190} INFO - [2024-09-24T23:44:57.425+0000] {dag.py:3239} INFO - Sync 1 DAGs
[2024-09-24T23:44:57.481+0000] {logging_mixin.py:190} INFO - [2024-09-24T23:44:57.481+0000] {dag.py:4180} INFO - Setting next_dagrun for example_branch_dop_operator_v3 to 2024-09-24 23:43:00+00:00, run_after=2024-09-24 23:44:00+00:00
[2024-09-24T23:44:57.523+0000] {processor.py:208} INFO - Processing /home/airflow/.local/lib/python3.12/site-packages/airflow/example_dags/example_branch_python_dop_operator_3.py took 0.176 seconds
[2024-09-24T23:45:28.385+0000] {processor.py:186} INFO - Started process (PID=4321) to work on /home/airflow/.local/lib/python3.12/site-packages/airflow/example_dags/example_branch_python_dop_operator_3.py
[2024-09-24T23:45:28.388+0000] {processor.py:914} INFO - Processing file /home/airflow/.local/lib/python3.12/site-packages/airflow/example_dags/example_branch_python_dop_operator_3.py for tasks to queue
[2024-09-24T23:45:28.396+0000] {logging_mixin.py:190} INFO - [2024-09-24T23:45:28.396+0000] {dagbag.py:588} INFO - Filling up the DagBag from /home/airflow/.local/lib/python3.12/site-packages/airflow/example_dags/example_branch_python_dop_operator_3.py
[2024-09-24T23:45:28.432+0000] {processor.py:925} INFO - DAG(s) 'example_branch_dop_operator_v3' retrieved from /home/airflow/.local/lib/python3.12/site-packages/airflow/example_dags/example_branch_python_dop_operator_3.py
[2024-09-24T23:45:28.513+0000] {logging_mixin.py:190} INFO - [2024-09-24T23:45:28.512+0000] {dag.py:3239} INFO - Sync 1 DAGs
[2024-09-24T23:45:28.644+0000] {logging_mixin.py:190} INFO - [2024-09-24T23:45:28.643+0000] {dag.py:4180} INFO - Setting next_dagrun for example_branch_dop_operator_v3 to 2024-09-24 23:44:00+00:00, run_after=2024-09-24 23:45:00+00:00
[2024-09-24T23:45:28.736+0000] {processor.py:208} INFO - Processing /home/airflow/.local/lib/python3.12/site-packages/airflow/example_dags/example_branch_python_dop_operator_3.py took 0.369 seconds
[2024-09-24T23:45:59.574+0000] {processor.py:186} INFO - Started process (PID=4607) to work on /home/airflow/.local/lib/python3.12/site-packages/airflow/example_dags/example_branch_python_dop_operator_3.py
[2024-09-24T23:45:59.577+0000] {processor.py:914} INFO - Processing file /home/airflow/.local/lib/python3.12/site-packages/airflow/example_dags/example_branch_python_dop_operator_3.py for tasks to queue
[2024-09-24T23:45:59.584+0000] {logging_mixin.py:190} INFO - [2024-09-24T23:45:59.583+0000] {dagbag.py:588} INFO - Filling up the DagBag from /home/airflow/.local/lib/python3.12/site-packages/airflow/example_dags/example_branch_python_dop_operator_3.py
[2024-09-24T23:45:59.607+0000] {processor.py:925} INFO - DAG(s) 'example_branch_dop_operator_v3' retrieved from /home/airflow/.local/lib/python3.12/site-packages/airflow/example_dags/example_branch_python_dop_operator_3.py
[2024-09-24T23:45:59.648+0000] {logging_mixin.py:190} INFO - [2024-09-24T23:45:59.647+0000] {dag.py:3239} INFO - Sync 1 DAGs
[2024-09-24T23:45:59.706+0000] {logging_mixin.py:190} INFO - [2024-09-24T23:45:59.705+0000] {dag.py:4180} INFO - Setting next_dagrun for example_branch_dop_operator_v3 to 2024-09-24 23:44:00+00:00, run_after=2024-09-24 23:45:00+00:00
[2024-09-24T23:45:59.754+0000] {processor.py:208} INFO - Processing /home/airflow/.local/lib/python3.12/site-packages/airflow/example_dags/example_branch_python_dop_operator_3.py took 0.199 seconds
[2024-09-24T23:46:29.925+0000] {processor.py:186} INFO - Started process (PID=4890) to work on /home/airflow/.local/lib/python3.12/site-packages/airflow/example_dags/example_branch_python_dop_operator_3.py
[2024-09-24T23:46:29.927+0000] {processor.py:914} INFO - Processing file /home/airflow/.local/lib/python3.12/site-packages/airflow/example_dags/example_branch_python_dop_operator_3.py for tasks to queue
[2024-09-24T23:46:29.930+0000] {logging_mixin.py:190} INFO - [2024-09-24T23:46:29.930+0000] {dagbag.py:588} INFO - Filling up the DagBag from /home/airflow/.local/lib/python3.12/site-packages/airflow/example_dags/example_branch_python_dop_operator_3.py
[2024-09-24T23:46:29.946+0000] {processor.py:925} INFO - DAG(s) 'example_branch_dop_operator_v3' retrieved from /home/airflow/.local/lib/python3.12/site-packages/airflow/example_dags/example_branch_python_dop_operator_3.py
[2024-09-24T23:46:29.983+0000] {logging_mixin.py:190} INFO - [2024-09-24T23:46:29.982+0000] {dag.py:3239} INFO - Sync 1 DAGs
[2024-09-24T23:46:30.029+0000] {logging_mixin.py:190} INFO - [2024-09-24T23:46:30.029+0000] {dag.py:4180} INFO - Setting next_dagrun for example_branch_dop_operator_v3 to 2024-09-24 23:45:00+00:00, run_after=2024-09-24 23:46:00+00:00
[2024-09-24T23:46:30.069+0000] {processor.py:208} INFO - Processing /home/airflow/.local/lib/python3.12/site-packages/airflow/example_dags/example_branch_python_dop_operator_3.py took 0.152 seconds
[2024-09-24T23:47:00.950+0000] {processor.py:186} INFO - Started process (PID=5176) to work on /home/airflow/.local/lib/python3.12/site-packages/airflow/example_dags/example_branch_python_dop_operator_3.py
[2024-09-24T23:47:00.953+0000] {processor.py:914} INFO - Processing file /home/airflow/.local/lib/python3.12/site-packages/airflow/example_dags/example_branch_python_dop_operator_3.py for tasks to queue
[2024-09-24T23:47:00.962+0000] {logging_mixin.py:190} INFO - [2024-09-24T23:47:00.960+0000] {dagbag.py:588} INFO - Filling up the DagBag from /home/airflow/.local/lib/python3.12/site-packages/airflow/example_dags/example_branch_python_dop_operator_3.py
[2024-09-24T23:47:00.991+0000] {processor.py:925} INFO - DAG(s) 'example_branch_dop_operator_v3' retrieved from /home/airflow/.local/lib/python3.12/site-packages/airflow/example_dags/example_branch_python_dop_operator_3.py
[2024-09-24T23:47:01.049+0000] {logging_mixin.py:190} INFO - [2024-09-24T23:47:01.048+0000] {dag.py:3239} INFO - Sync 1 DAGs
[2024-09-24T23:47:01.134+0000] {logging_mixin.py:190} INFO - [2024-09-24T23:47:01.134+0000] {dag.py:4180} INFO - Setting next_dagrun for example_branch_dop_operator_v3 to 2024-09-24 23:46:00+00:00, run_after=2024-09-24 23:47:00+00:00
[2024-09-24T23:47:01.191+0000] {processor.py:208} INFO - Processing /home/airflow/.local/lib/python3.12/site-packages/airflow/example_dags/example_branch_python_dop_operator_3.py took 0.253 seconds
[2024-09-24T23:47:31.458+0000] {processor.py:186} INFO - Started process (PID=5462) to work on /home/airflow/.local/lib/python3.12/site-packages/airflow/example_dags/example_branch_python_dop_operator_3.py
[2024-09-24T23:47:31.461+0000] {processor.py:914} INFO - Processing file /home/airflow/.local/lib/python3.12/site-packages/airflow/example_dags/example_branch_python_dop_operator_3.py for tasks to queue
[2024-09-24T23:47:31.468+0000] {logging_mixin.py:190} INFO - [2024-09-24T23:47:31.467+0000] {dagbag.py:588} INFO - Filling up the DagBag from /home/airflow/.local/lib/python3.12/site-packages/airflow/example_dags/example_branch_python_dop_operator_3.py
[2024-09-24T23:47:31.500+0000] {processor.py:925} INFO - DAG(s) 'example_branch_dop_operator_v3' retrieved from /home/airflow/.local/lib/python3.12/site-packages/airflow/example_dags/example_branch_python_dop_operator_3.py
[2024-09-24T23:47:31.561+0000] {logging_mixin.py:190} INFO - [2024-09-24T23:47:31.560+0000] {dag.py:3239} INFO - Sync 1 DAGs
[2024-09-24T23:47:31.740+0000] {logging_mixin.py:190} INFO - [2024-09-24T23:47:31.739+0000] {dag.py:4180} INFO - Setting next_dagrun for example_branch_dop_operator_v3 to 2024-09-24 23:46:00+00:00, run_after=2024-09-24 23:47:00+00:00
[2024-09-24T23:47:31.837+0000] {processor.py:208} INFO - Processing /home/airflow/.local/lib/python3.12/site-packages/airflow/example_dags/example_branch_python_dop_operator_3.py took 0.398 seconds
[2024-09-24T23:48:02.282+0000] {processor.py:186} INFO - Started process (PID=5752) to work on /home/airflow/.local/lib/python3.12/site-packages/airflow/example_dags/example_branch_python_dop_operator_3.py
[2024-09-24T23:48:02.285+0000] {processor.py:914} INFO - Processing file /home/airflow/.local/lib/python3.12/site-packages/airflow/example_dags/example_branch_python_dop_operator_3.py for tasks to queue
[2024-09-24T23:48:02.289+0000] {logging_mixin.py:190} INFO - [2024-09-24T23:48:02.288+0000] {dagbag.py:588} INFO - Filling up the DagBag from /home/airflow/.local/lib/python3.12/site-packages/airflow/example_dags/example_branch_python_dop_operator_3.py
[2024-09-24T23:48:02.311+0000] {processor.py:925} INFO - DAG(s) 'example_branch_dop_operator_v3' retrieved from /home/airflow/.local/lib/python3.12/site-packages/airflow/example_dags/example_branch_python_dop_operator_3.py
[2024-09-24T23:48:02.354+0000] {logging_mixin.py:190} INFO - [2024-09-24T23:48:02.353+0000] {dag.py:3239} INFO - Sync 1 DAGs
[2024-09-24T23:48:02.414+0000] {logging_mixin.py:190} INFO - [2024-09-24T23:48:02.413+0000] {dag.py:4180} INFO - Setting next_dagrun for example_branch_dop_operator_v3 to 2024-09-24 23:47:00+00:00, run_after=2024-09-24 23:48:00+00:00
[2024-09-24T23:48:02.454+0000] {processor.py:208} INFO - Processing /home/airflow/.local/lib/python3.12/site-packages/airflow/example_dags/example_branch_python_dop_operator_3.py took 0.181 seconds
[2024-09-24T23:48:32.933+0000] {processor.py:186} INFO - Started process (PID=6038) to work on /home/airflow/.local/lib/python3.12/site-packages/airflow/example_dags/example_branch_python_dop_operator_3.py
[2024-09-24T23:48:32.936+0000] {processor.py:914} INFO - Processing file /home/airflow/.local/lib/python3.12/site-packages/airflow/example_dags/example_branch_python_dop_operator_3.py for tasks to queue
[2024-09-24T23:48:32.941+0000] {logging_mixin.py:190} INFO - [2024-09-24T23:48:32.940+0000] {dagbag.py:588} INFO - Filling up the DagBag from /home/airflow/.local/lib/python3.12/site-packages/airflow/example_dags/example_branch_python_dop_operator_3.py
[2024-09-24T23:48:32.964+0000] {processor.py:925} INFO - DAG(s) 'example_branch_dop_operator_v3' retrieved from /home/airflow/.local/lib/python3.12/site-packages/airflow/example_dags/example_branch_python_dop_operator_3.py
[2024-09-24T23:48:33.021+0000] {logging_mixin.py:190} INFO - [2024-09-24T23:48:33.021+0000] {dag.py:3239} INFO - Sync 1 DAGs
[2024-09-24T23:48:33.119+0000] {logging_mixin.py:190} INFO - [2024-09-24T23:48:33.119+0000] {dag.py:4180} INFO - Setting next_dagrun for example_branch_dop_operator_v3 to 2024-09-24 23:47:00+00:00, run_after=2024-09-24 23:48:00+00:00
[2024-09-24T23:48:33.178+0000] {processor.py:208} INFO - Processing /home/airflow/.local/lib/python3.12/site-packages/airflow/example_dags/example_branch_python_dop_operator_3.py took 0.258 seconds
[2024-09-24T23:49:03.806+0000] {processor.py:186} INFO - Started process (PID=6324) to work on /home/airflow/.local/lib/python3.12/site-packages/airflow/example_dags/example_branch_python_dop_operator_3.py
[2024-09-24T23:49:03.809+0000] {processor.py:914} INFO - Processing file /home/airflow/.local/lib/python3.12/site-packages/airflow/example_dags/example_branch_python_dop_operator_3.py for tasks to queue
[2024-09-24T23:49:03.815+0000] {logging_mixin.py:190} INFO - [2024-09-24T23:49:03.814+0000] {dagbag.py:588} INFO - Filling up the DagBag from /home/airflow/.local/lib/python3.12/site-packages/airflow/example_dags/example_branch_python_dop_operator_3.py
[2024-09-24T23:49:03.843+0000] {processor.py:925} INFO - DAG(s) 'example_branch_dop_operator_v3' retrieved from /home/airflow/.local/lib/python3.12/site-packages/airflow/example_dags/example_branch_python_dop_operator_3.py
[2024-09-24T23:49:03.904+0000] {logging_mixin.py:190} INFO - [2024-09-24T23:49:03.903+0000] {dag.py:3239} INFO - Sync 1 DAGs
[2024-09-24T23:49:03.982+0000] {logging_mixin.py:190} INFO - [2024-09-24T23:49:03.982+0000] {dag.py:4180} INFO - Setting next_dagrun for example_branch_dop_operator_v3 to 2024-09-24 23:48:00+00:00, run_after=2024-09-24 23:49:00+00:00
[2024-09-24T23:49:04.036+0000] {processor.py:208} INFO - Processing /home/airflow/.local/lib/python3.12/site-packages/airflow/example_dags/example_branch_python_dop_operator_3.py took 0.242 seconds
[2024-09-24T23:49:35.441+0000] {processor.py:186} INFO - Started process (PID=6610) to work on /home/airflow/.local/lib/python3.12/site-packages/airflow/example_dags/example_branch_python_dop_operator_3.py
[2024-09-24T23:49:35.444+0000] {processor.py:914} INFO - Processing file /home/airflow/.local/lib/python3.12/site-packages/airflow/example_dags/example_branch_python_dop_operator_3.py for tasks to queue
[2024-09-24T23:49:35.450+0000] {logging_mixin.py:190} INFO - [2024-09-24T23:49:35.449+0000] {dagbag.py:588} INFO - Filling up the DagBag from /home/airflow/.local/lib/python3.12/site-packages/airflow/example_dags/example_branch_python_dop_operator_3.py
[2024-09-24T23:49:35.484+0000] {processor.py:925} INFO - DAG(s) 'example_branch_dop_operator_v3' retrieved from /home/airflow/.local/lib/python3.12/site-packages/airflow/example_dags/example_branch_python_dop_operator_3.py
[2024-09-24T23:49:35.540+0000] {logging_mixin.py:190} INFO - [2024-09-24T23:49:35.539+0000] {dag.py:3239} INFO - Sync 1 DAGs
[2024-09-24T23:49:35.629+0000] {logging_mixin.py:190} INFO - [2024-09-24T23:49:35.628+0000] {dag.py:4180} INFO - Setting next_dagrun for example_branch_dop_operator_v3 to 2024-09-24 23:48:00+00:00, run_after=2024-09-24 23:49:00+00:00
[2024-09-24T23:49:35.708+0000] {processor.py:208} INFO - Processing /home/airflow/.local/lib/python3.12/site-packages/airflow/example_dags/example_branch_python_dop_operator_3.py took 0.283 seconds
[2024-09-24T23:50:06.265+0000] {processor.py:186} INFO - Started process (PID=6896) to work on /home/airflow/.local/lib/python3.12/site-packages/airflow/example_dags/example_branch_python_dop_operator_3.py
[2024-09-24T23:50:06.268+0000] {processor.py:914} INFO - Processing file /home/airflow/.local/lib/python3.12/site-packages/airflow/example_dags/example_branch_python_dop_operator_3.py for tasks to queue
[2024-09-24T23:50:06.275+0000] {logging_mixin.py:190} INFO - [2024-09-24T23:50:06.274+0000] {dagbag.py:588} INFO - Filling up the DagBag from /home/airflow/.local/lib/python3.12/site-packages/airflow/example_dags/example_branch_python_dop_operator_3.py
[2024-09-24T23:50:06.305+0000] {processor.py:925} INFO - DAG(s) 'example_branch_dop_operator_v3' retrieved from /home/airflow/.local/lib/python3.12/site-packages/airflow/example_dags/example_branch_python_dop_operator_3.py
[2024-09-24T23:50:06.373+0000] {logging_mixin.py:190} INFO - [2024-09-24T23:50:06.372+0000] {dag.py:3239} INFO - Sync 1 DAGs
[2024-09-24T23:50:06.474+0000] {logging_mixin.py:190} INFO - [2024-09-24T23:50:06.474+0000] {dag.py:4180} INFO - Setting next_dagrun for example_branch_dop_operator_v3 to 2024-09-24 23:49:00+00:00, run_after=2024-09-24 23:50:00+00:00
[2024-09-24T23:50:06.529+0000] {processor.py:208} INFO - Processing /home/airflow/.local/lib/python3.12/site-packages/airflow/example_dags/example_branch_python_dop_operator_3.py took 0.282 seconds
[2024-09-24T23:50:36.918+0000] {processor.py:186} INFO - Started process (PID=7179) to work on /home/airflow/.local/lib/python3.12/site-packages/airflow/example_dags/example_branch_python_dop_operator_3.py
[2024-09-24T23:50:36.921+0000] {processor.py:914} INFO - Processing file /home/airflow/.local/lib/python3.12/site-packages/airflow/example_dags/example_branch_python_dop_operator_3.py for tasks to queue
[2024-09-24T23:50:36.925+0000] {logging_mixin.py:190} INFO - [2024-09-24T23:50:36.925+0000] {dagbag.py:588} INFO - Filling up the DagBag from /home/airflow/.local/lib/python3.12/site-packages/airflow/example_dags/example_branch_python_dop_operator_3.py
[2024-09-24T23:50:36.945+0000] {processor.py:925} INFO - DAG(s) 'example_branch_dop_operator_v3' retrieved from /home/airflow/.local/lib/python3.12/site-packages/airflow/example_dags/example_branch_python_dop_operator_3.py
[2024-09-24T23:50:36.987+0000] {logging_mixin.py:190} INFO - [2024-09-24T23:50:36.986+0000] {dag.py:3239} INFO - Sync 1 DAGs
[2024-09-24T23:50:37.053+0000] {logging_mixin.py:190} INFO - [2024-09-24T23:50:37.053+0000] {dag.py:4180} INFO - Setting next_dagrun for example_branch_dop_operator_v3 to 2024-09-24 23:49:00+00:00, run_after=2024-09-24 23:50:00+00:00
[2024-09-24T23:50:37.092+0000] {processor.py:208} INFO - Processing /home/airflow/.local/lib/python3.12/site-packages/airflow/example_dags/example_branch_python_dop_operator_3.py took 0.185 seconds
[2024-09-24T23:51:07.366+0000] {processor.py:186} INFO - Started process (PID=7465) to work on /home/airflow/.local/lib/python3.12/site-packages/airflow/example_dags/example_branch_python_dop_operator_3.py
[2024-09-24T23:51:07.368+0000] {processor.py:914} INFO - Processing file /home/airflow/.local/lib/python3.12/site-packages/airflow/example_dags/example_branch_python_dop_operator_3.py for tasks to queue
[2024-09-24T23:51:07.372+0000] {logging_mixin.py:190} INFO - [2024-09-24T23:51:07.372+0000] {dagbag.py:588} INFO - Filling up the DagBag from /home/airflow/.local/lib/python3.12/site-packages/airflow/example_dags/example_branch_python_dop_operator_3.py
[2024-09-24T23:51:07.392+0000] {processor.py:925} INFO - DAG(s) 'example_branch_dop_operator_v3' retrieved from /home/airflow/.local/lib/python3.12/site-packages/airflow/example_dags/example_branch_python_dop_operator_3.py
[2024-09-24T23:51:07.431+0000] {logging_mixin.py:190} INFO - [2024-09-24T23:51:07.430+0000] {dag.py:3239} INFO - Sync 1 DAGs
[2024-09-24T23:51:07.480+0000] {logging_mixin.py:190} INFO - [2024-09-24T23:51:07.480+0000] {dag.py:4180} INFO - Setting next_dagrun for example_branch_dop_operator_v3 to 2024-09-24 23:50:00+00:00, run_after=2024-09-24 23:51:00+00:00
[2024-09-24T23:51:07.515+0000] {processor.py:208} INFO - Processing /home/airflow/.local/lib/python3.12/site-packages/airflow/example_dags/example_branch_python_dop_operator_3.py took 0.159 seconds
[2024-09-24T23:51:38.141+0000] {processor.py:186} INFO - Started process (PID=7751) to work on /home/airflow/.local/lib/python3.12/site-packages/airflow/example_dags/example_branch_python_dop_operator_3.py
[2024-09-24T23:51:38.144+0000] {processor.py:914} INFO - Processing file /home/airflow/.local/lib/python3.12/site-packages/airflow/example_dags/example_branch_python_dop_operator_3.py for tasks to queue
[2024-09-24T23:51:38.150+0000] {logging_mixin.py:190} INFO - [2024-09-24T23:51:38.149+0000] {dagbag.py:588} INFO - Filling up the DagBag from /home/airflow/.local/lib/python3.12/site-packages/airflow/example_dags/example_branch_python_dop_operator_3.py
[2024-09-24T23:51:38.172+0000] {processor.py:925} INFO - DAG(s) 'example_branch_dop_operator_v3' retrieved from /home/airflow/.local/lib/python3.12/site-packages/airflow/example_dags/example_branch_python_dop_operator_3.py
[2024-09-24T23:51:38.213+0000] {logging_mixin.py:190} INFO - [2024-09-24T23:51:38.212+0000] {dag.py:3239} INFO - Sync 1 DAGs
[2024-09-24T23:51:38.266+0000] {logging_mixin.py:190} INFO - [2024-09-24T23:51:38.266+0000] {dag.py:4180} INFO - Setting next_dagrun for example_branch_dop_operator_v3 to 2024-09-24 23:50:00+00:00, run_after=2024-09-24 23:51:00+00:00
[2024-09-24T23:51:38.312+0000] {processor.py:208} INFO - Processing /home/airflow/.local/lib/python3.12/site-packages/airflow/example_dags/example_branch_python_dop_operator_3.py took 0.183 seconds
[2024-09-24T23:52:08.688+0000] {processor.py:186} INFO - Started process (PID=8038) to work on /home/airflow/.local/lib/python3.12/site-packages/airflow/example_dags/example_branch_python_dop_operator_3.py
[2024-09-24T23:52:08.690+0000] {processor.py:914} INFO - Processing file /home/airflow/.local/lib/python3.12/site-packages/airflow/example_dags/example_branch_python_dop_operator_3.py for tasks to queue
[2024-09-24T23:52:08.695+0000] {logging_mixin.py:190} INFO - [2024-09-24T23:52:08.694+0000] {dagbag.py:588} INFO - Filling up the DagBag from /home/airflow/.local/lib/python3.12/site-packages/airflow/example_dags/example_branch_python_dop_operator_3.py
[2024-09-24T23:52:08.713+0000] {processor.py:925} INFO - DAG(s) 'example_branch_dop_operator_v3' retrieved from /home/airflow/.local/lib/python3.12/site-packages/airflow/example_dags/example_branch_python_dop_operator_3.py
[2024-09-24T23:52:08.752+0000] {logging_mixin.py:190} INFO - [2024-09-24T23:52:08.752+0000] {dag.py:3239} INFO - Sync 1 DAGs
[2024-09-24T23:52:08.811+0000] {logging_mixin.py:190} INFO - [2024-09-24T23:52:08.811+0000] {dag.py:4180} INFO - Setting next_dagrun for example_branch_dop_operator_v3 to 2024-09-24 23:51:00+00:00, run_after=2024-09-24 23:52:00+00:00
[2024-09-24T23:52:08.850+0000] {processor.py:208} INFO - Processing /home/airflow/.local/lib/python3.12/site-packages/airflow/example_dags/example_branch_python_dop_operator_3.py took 0.172 seconds
[2024-09-24T23:52:39.526+0000] {processor.py:186} INFO - Started process (PID=8324) to work on /home/airflow/.local/lib/python3.12/site-packages/airflow/example_dags/example_branch_python_dop_operator_3.py
[2024-09-24T23:52:39.529+0000] {processor.py:914} INFO - Processing file /home/airflow/.local/lib/python3.12/site-packages/airflow/example_dags/example_branch_python_dop_operator_3.py for tasks to queue
[2024-09-24T23:52:39.534+0000] {logging_mixin.py:190} INFO - [2024-09-24T23:52:39.533+0000] {dagbag.py:588} INFO - Filling up the DagBag from /home/airflow/.local/lib/python3.12/site-packages/airflow/example_dags/example_branch_python_dop_operator_3.py
[2024-09-24T23:52:39.553+0000] {processor.py:925} INFO - DAG(s) 'example_branch_dop_operator_v3' retrieved from /home/airflow/.local/lib/python3.12/site-packages/airflow/example_dags/example_branch_python_dop_operator_3.py
[2024-09-24T23:52:39.594+0000] {logging_mixin.py:190} INFO - [2024-09-24T23:52:39.593+0000] {dag.py:3239} INFO - Sync 1 DAGs
[2024-09-24T23:52:39.648+0000] {logging_mixin.py:190} INFO - [2024-09-24T23:52:39.647+0000] {dag.py:4180} INFO - Setting next_dagrun for example_branch_dop_operator_v3 to 2024-09-24 23:51:00+00:00, run_after=2024-09-24 23:52:00+00:00
[2024-09-24T23:52:39.686+0000] {processor.py:208} INFO - Processing /home/airflow/.local/lib/python3.12/site-packages/airflow/example_dags/example_branch_python_dop_operator_3.py took 0.169 seconds
[2024-09-24T23:53:10.172+0000] {processor.py:186} INFO - Started process (PID=8610) to work on /home/airflow/.local/lib/python3.12/site-packages/airflow/example_dags/example_branch_python_dop_operator_3.py
[2024-09-24T23:53:10.174+0000] {processor.py:914} INFO - Processing file /home/airflow/.local/lib/python3.12/site-packages/airflow/example_dags/example_branch_python_dop_operator_3.py for tasks to queue
[2024-09-24T23:53:10.179+0000] {logging_mixin.py:190} INFO - [2024-09-24T23:53:10.178+0000] {dagbag.py:588} INFO - Filling up the DagBag from /home/airflow/.local/lib/python3.12/site-packages/airflow/example_dags/example_branch_python_dop_operator_3.py
[2024-09-24T23:53:10.202+0000] {processor.py:925} INFO - DAG(s) 'example_branch_dop_operator_v3' retrieved from /home/airflow/.local/lib/python3.12/site-packages/airflow/example_dags/example_branch_python_dop_operator_3.py
[2024-09-24T23:53:10.241+0000] {logging_mixin.py:190} INFO - [2024-09-24T23:53:10.241+0000] {dag.py:3239} INFO - Sync 1 DAGs
[2024-09-24T23:53:10.305+0000] {logging_mixin.py:190} INFO - [2024-09-24T23:53:10.304+0000] {dag.py:4180} INFO - Setting next_dagrun for example_branch_dop_operator_v3 to 2024-09-24 23:52:00+00:00, run_after=2024-09-24 23:53:00+00:00
[2024-09-24T23:53:10.349+0000] {processor.py:208} INFO - Processing /home/airflow/.local/lib/python3.12/site-packages/airflow/example_dags/example_branch_python_dop_operator_3.py took 0.189 seconds
[2024-09-24T23:53:41.263+0000] {processor.py:186} INFO - Started process (PID=8896) to work on /home/airflow/.local/lib/python3.12/site-packages/airflow/example_dags/example_branch_python_dop_operator_3.py
[2024-09-24T23:53:41.266+0000] {processor.py:914} INFO - Processing file /home/airflow/.local/lib/python3.12/site-packages/airflow/example_dags/example_branch_python_dop_operator_3.py for tasks to queue
[2024-09-24T23:53:41.281+0000] {logging_mixin.py:190} INFO - [2024-09-24T23:53:41.280+0000] {dagbag.py:588} INFO - Filling up the DagBag from /home/airflow/.local/lib/python3.12/site-packages/airflow/example_dags/example_branch_python_dop_operator_3.py
[2024-09-24T23:53:41.320+0000] {processor.py:925} INFO - DAG(s) 'example_branch_dop_operator_v3' retrieved from /home/airflow/.local/lib/python3.12/site-packages/airflow/example_dags/example_branch_python_dop_operator_3.py
[2024-09-24T23:53:41.371+0000] {logging_mixin.py:190} INFO - [2024-09-24T23:53:41.370+0000] {dag.py:3239} INFO - Sync 1 DAGs
[2024-09-24T23:53:41.451+0000] {logging_mixin.py:190} INFO - [2024-09-24T23:53:41.450+0000] {dag.py:4180} INFO - Setting next_dagrun for example_branch_dop_operator_v3 to 2024-09-24 23:52:00+00:00, run_after=2024-09-24 23:53:00+00:00
[2024-09-24T23:53:41.495+0000] {processor.py:208} INFO - Processing /home/airflow/.local/lib/python3.12/site-packages/airflow/example_dags/example_branch_python_dop_operator_3.py took 0.253 seconds
[2024-09-24T23:54:11.960+0000] {processor.py:186} INFO - Started process (PID=9182) to work on /home/airflow/.local/lib/python3.12/site-packages/airflow/example_dags/example_branch_python_dop_operator_3.py
[2024-09-24T23:54:11.962+0000] {processor.py:914} INFO - Processing file /home/airflow/.local/lib/python3.12/site-packages/airflow/example_dags/example_branch_python_dop_operator_3.py for tasks to queue
[2024-09-24T23:54:11.967+0000] {logging_mixin.py:190} INFO - [2024-09-24T23:54:11.966+0000] {dagbag.py:588} INFO - Filling up the DagBag from /home/airflow/.local/lib/python3.12/site-packages/airflow/example_dags/example_branch_python_dop_operator_3.py
[2024-09-24T23:54:11.985+0000] {processor.py:925} INFO - DAG(s) 'example_branch_dop_operator_v3' retrieved from /home/airflow/.local/lib/python3.12/site-packages/airflow/example_dags/example_branch_python_dop_operator_3.py
[2024-09-24T23:54:12.026+0000] {logging_mixin.py:190} INFO - [2024-09-24T23:54:12.026+0000] {dag.py:3239} INFO - Sync 1 DAGs
[2024-09-24T23:54:12.074+0000] {logging_mixin.py:190} INFO - [2024-09-24T23:54:12.074+0000] {dag.py:4180} INFO - Setting next_dagrun for example_branch_dop_operator_v3 to 2024-09-24 23:53:00+00:00, run_after=2024-09-24 23:54:00+00:00
[2024-09-24T23:54:12.113+0000] {processor.py:208} INFO - Processing /home/airflow/.local/lib/python3.12/site-packages/airflow/example_dags/example_branch_python_dop_operator_3.py took 0.164 seconds
[2024-09-24T23:54:42.691+0000] {processor.py:186} INFO - Started process (PID=9468) to work on /home/airflow/.local/lib/python3.12/site-packages/airflow/example_dags/example_branch_python_dop_operator_3.py
[2024-09-24T23:54:42.693+0000] {processor.py:914} INFO - Processing file /home/airflow/.local/lib/python3.12/site-packages/airflow/example_dags/example_branch_python_dop_operator_3.py for tasks to queue
[2024-09-24T23:54:42.696+0000] {logging_mixin.py:190} INFO - [2024-09-24T23:54:42.696+0000] {dagbag.py:588} INFO - Filling up the DagBag from /home/airflow/.local/lib/python3.12/site-packages/airflow/example_dags/example_branch_python_dop_operator_3.py
[2024-09-24T23:54:42.714+0000] {processor.py:925} INFO - DAG(s) 'example_branch_dop_operator_v3' retrieved from /home/airflow/.local/lib/python3.12/site-packages/airflow/example_dags/example_branch_python_dop_operator_3.py
[2024-09-24T23:54:42.745+0000] {logging_mixin.py:190} INFO - [2024-09-24T23:54:42.745+0000] {dag.py:3239} INFO - Sync 1 DAGs
[2024-09-24T23:54:42.790+0000] {logging_mixin.py:190} INFO - [2024-09-24T23:54:42.790+0000] {dag.py:4180} INFO - Setting next_dagrun for example_branch_dop_operator_v3 to 2024-09-24 23:53:00+00:00, run_after=2024-09-24 23:54:00+00:00
[2024-09-24T23:54:42.827+0000] {processor.py:208} INFO - Processing /home/airflow/.local/lib/python3.12/site-packages/airflow/example_dags/example_branch_python_dop_operator_3.py took 0.147 seconds
[2024-09-24T23:55:13.568+0000] {processor.py:186} INFO - Started process (PID=9754) to work on /home/airflow/.local/lib/python3.12/site-packages/airflow/example_dags/example_branch_python_dop_operator_3.py
[2024-09-24T23:55:13.570+0000] {processor.py:914} INFO - Processing file /home/airflow/.local/lib/python3.12/site-packages/airflow/example_dags/example_branch_python_dop_operator_3.py for tasks to queue
[2024-09-24T23:55:13.577+0000] {logging_mixin.py:190} INFO - [2024-09-24T23:55:13.576+0000] {dagbag.py:588} INFO - Filling up the DagBag from /home/airflow/.local/lib/python3.12/site-packages/airflow/example_dags/example_branch_python_dop_operator_3.py
[2024-09-24T23:55:13.610+0000] {processor.py:925} INFO - DAG(s) 'example_branch_dop_operator_v3' retrieved from /home/airflow/.local/lib/python3.12/site-packages/airflow/example_dags/example_branch_python_dop_operator_3.py
[2024-09-24T23:55:13.665+0000] {logging_mixin.py:190} INFO - [2024-09-24T23:55:13.665+0000] {dag.py:3239} INFO - Sync 1 DAGs
[2024-09-24T23:55:13.741+0000] {logging_mixin.py:190} INFO - [2024-09-24T23:55:13.741+0000] {dag.py:4180} INFO - Setting next_dagrun for example_branch_dop_operator_v3 to 2024-09-24 23:54:00+00:00, run_after=2024-09-24 23:55:00+00:00
[2024-09-24T23:55:13.835+0000] {processor.py:208} INFO - Processing /home/airflow/.local/lib/python3.12/site-packages/airflow/example_dags/example_branch_python_dop_operator_3.py took 0.287 seconds
[2024-09-24T23:55:46.943+0000] {processor.py:186} INFO - Started process (PID=10038) to work on /home/airflow/.local/lib/python3.12/site-packages/airflow/example_dags/example_branch_python_dop_operator_3.py
[2024-09-24T23:55:46.989+0000] {processor.py:914} INFO - Processing file /home/airflow/.local/lib/python3.12/site-packages/airflow/example_dags/example_branch_python_dop_operator_3.py for tasks to queue
[2024-09-24T23:55:47.069+0000] {logging_mixin.py:190} INFO - [2024-09-24T23:55:47.067+0000] {dagbag.py:588} INFO - Filling up the DagBag from /home/airflow/.local/lib/python3.12/site-packages/airflow/example_dags/example_branch_python_dop_operator_3.py
[2024-09-24T23:55:47.232+0000] {processor.py:925} INFO - DAG(s) 'example_branch_dop_operator_v3' retrieved from /home/airflow/.local/lib/python3.12/site-packages/airflow/example_dags/example_branch_python_dop_operator_3.py
[2024-09-24T23:55:47.396+0000] {logging_mixin.py:190} INFO - [2024-09-24T23:55:47.395+0000] {dag.py:3239} INFO - Sync 1 DAGs
[2024-09-24T23:55:47.594+0000] {logging_mixin.py:190} INFO - [2024-09-24T23:55:47.593+0000] {dag.py:4180} INFO - Setting next_dagrun for example_branch_dop_operator_v3 to 2024-09-24 23:54:00+00:00, run_after=2024-09-24 23:55:00+00:00
[2024-09-24T23:55:47.789+0000] {processor.py:208} INFO - Processing /home/airflow/.local/lib/python3.12/site-packages/airflow/example_dags/example_branch_python_dop_operator_3.py took 0.879 seconds
