[2024-09-24T23:38:29.245+0000] {processor.py:186} INFO - Started process (PID=442) to work on /home/airflow/.local/lib/python3.12/site-packages/airflow/example_dags/example_setup_teardown.py
[2024-09-24T23:38:29.257+0000] {processor.py:914} INFO - Processing file /home/airflow/.local/lib/python3.12/site-packages/airflow/example_dags/example_setup_teardown.py for tasks to queue
[2024-09-24T23:38:29.264+0000] {logging_mixin.py:190} INFO - [2024-09-24T23:38:29.263+0000] {dagbag.py:588} INFO - Filling up the DagBag from /home/airflow/.local/lib/python3.12/site-packages/airflow/example_dags/example_setup_teardown.py
[2024-09-24T23:38:29.302+0000] {processor.py:925} INFO - DAG(s) 'example_setup_teardown' retrieved from /home/airflow/.local/lib/python3.12/site-packages/airflow/example_dags/example_setup_teardown.py
[2024-09-24T23:38:29.737+0000] {logging_mixin.py:190} INFO - [2024-09-24T23:38:29.731+0000] {override.py:1900} INFO - Created Permission View: can edit on DAG:example_setup_teardown
[2024-09-24T23:38:29.797+0000] {logging_mixin.py:190} INFO - [2024-09-24T23:38:29.796+0000] {override.py:1900} INFO - Created Permission View: can read on DAG:example_setup_teardown
[2024-09-24T23:38:29.822+0000] {logging_mixin.py:190} INFO - [2024-09-24T23:38:29.821+0000] {override.py:1900} INFO - Created Permission View: can delete on DAG:example_setup_teardown
[2024-09-24T23:38:29.854+0000] {logging_mixin.py:190} INFO - [2024-09-24T23:38:29.853+0000] {override.py:1900} INFO - Created Permission View: can read on DAG Run:example_setup_teardown
[2024-09-24T23:38:29.891+0000] {logging_mixin.py:190} INFO - [2024-09-24T23:38:29.890+0000] {override.py:1900} INFO - Created Permission View: menu access on DAG Run:example_setup_teardown
[2024-09-24T23:38:29.918+0000] {logging_mixin.py:190} INFO - [2024-09-24T23:38:29.917+0000] {override.py:1900} INFO - Created Permission View: can delete on DAG Run:example_setup_teardown
[2024-09-24T23:38:29.940+0000] {logging_mixin.py:190} INFO - [2024-09-24T23:38:29.939+0000] {override.py:1900} INFO - Created Permission View: can create on DAG Run:example_setup_teardown
[2024-09-24T23:38:29.944+0000] {logging_mixin.py:190} INFO - [2024-09-24T23:38:29.943+0000] {dag.py:3239} INFO - Sync 1 DAGs
[2024-09-24T23:38:29.989+0000] {logging_mixin.py:190} INFO - [2024-09-24T23:38:29.989+0000] {dag.py:3262} INFO - Creating ORM DAG for example_setup_teardown
[2024-09-24T23:38:29.992+0000] {logging_mixin.py:190} INFO - [2024-09-24T23:38:29.991+0000] {dag.py:4180} INFO - Setting next_dagrun for example_setup_teardown to None, run_after=None
[2024-09-24T23:38:30.040+0000] {processor.py:208} INFO - Processing /home/airflow/.local/lib/python3.12/site-packages/airflow/example_dags/example_setup_teardown.py took 0.819 seconds
[2024-09-24T23:39:00.380+0000] {processor.py:186} INFO - Started process (PID=724) to work on /home/airflow/.local/lib/python3.12/site-packages/airflow/example_dags/example_setup_teardown.py
[2024-09-24T23:39:00.382+0000] {processor.py:914} INFO - Processing file /home/airflow/.local/lib/python3.12/site-packages/airflow/example_dags/example_setup_teardown.py for tasks to queue
[2024-09-24T23:39:00.390+0000] {logging_mixin.py:190} INFO - [2024-09-24T23:39:00.389+0000] {dagbag.py:588} INFO - Filling up the DagBag from /home/airflow/.local/lib/python3.12/site-packages/airflow/example_dags/example_setup_teardown.py
[2024-09-24T23:39:00.426+0000] {processor.py:925} INFO - DAG(s) 'example_setup_teardown' retrieved from /home/airflow/.local/lib/python3.12/site-packages/airflow/example_dags/example_setup_teardown.py
[2024-09-24T23:39:00.491+0000] {logging_mixin.py:190} INFO - [2024-09-24T23:39:00.490+0000] {dag.py:3239} INFO - Sync 1 DAGs
[2024-09-24T23:39:00.543+0000] {logging_mixin.py:190} INFO - [2024-09-24T23:39:00.542+0000] {dag.py:4180} INFO - Setting next_dagrun for example_setup_teardown to None, run_after=None
[2024-09-24T23:39:00.603+0000] {processor.py:208} INFO - Processing /home/airflow/.local/lib/python3.12/site-packages/airflow/example_dags/example_setup_teardown.py took 0.238 seconds
[2024-09-24T23:39:31.493+0000] {processor.py:186} INFO - Started process (PID=1010) to work on /home/airflow/.local/lib/python3.12/site-packages/airflow/example_dags/example_setup_teardown.py
[2024-09-24T23:39:31.496+0000] {processor.py:914} INFO - Processing file /home/airflow/.local/lib/python3.12/site-packages/airflow/example_dags/example_setup_teardown.py for tasks to queue
[2024-09-24T23:39:31.501+0000] {logging_mixin.py:190} INFO - [2024-09-24T23:39:31.501+0000] {dagbag.py:588} INFO - Filling up the DagBag from /home/airflow/.local/lib/python3.12/site-packages/airflow/example_dags/example_setup_teardown.py
[2024-09-24T23:39:31.525+0000] {processor.py:925} INFO - DAG(s) 'example_setup_teardown' retrieved from /home/airflow/.local/lib/python3.12/site-packages/airflow/example_dags/example_setup_teardown.py
[2024-09-24T23:39:31.596+0000] {logging_mixin.py:190} INFO - [2024-09-24T23:39:31.595+0000] {dag.py:3239} INFO - Sync 1 DAGs
[2024-09-24T23:39:31.666+0000] {logging_mixin.py:190} INFO - [2024-09-24T23:39:31.665+0000] {dag.py:4180} INFO - Setting next_dagrun for example_setup_teardown to None, run_after=None
[2024-09-24T23:39:31.729+0000] {processor.py:208} INFO - Processing /home/airflow/.local/lib/python3.12/site-packages/airflow/example_dags/example_setup_teardown.py took 0.249 seconds
[2024-09-24T23:40:02.253+0000] {processor.py:186} INFO - Started process (PID=1294) to work on /home/airflow/.local/lib/python3.12/site-packages/airflow/example_dags/example_setup_teardown.py
[2024-09-24T23:40:02.256+0000] {processor.py:914} INFO - Processing file /home/airflow/.local/lib/python3.12/site-packages/airflow/example_dags/example_setup_teardown.py for tasks to queue
[2024-09-24T23:40:02.262+0000] {logging_mixin.py:190} INFO - [2024-09-24T23:40:02.261+0000] {dagbag.py:588} INFO - Filling up the DagBag from /home/airflow/.local/lib/python3.12/site-packages/airflow/example_dags/example_setup_teardown.py
[2024-09-24T23:40:02.284+0000] {processor.py:925} INFO - DAG(s) 'example_setup_teardown' retrieved from /home/airflow/.local/lib/python3.12/site-packages/airflow/example_dags/example_setup_teardown.py
[2024-09-24T23:40:02.352+0000] {logging_mixin.py:190} INFO - [2024-09-24T23:40:02.352+0000] {dag.py:3239} INFO - Sync 1 DAGs
[2024-09-24T23:40:02.396+0000] {logging_mixin.py:190} INFO - [2024-09-24T23:40:02.395+0000] {dag.py:4180} INFO - Setting next_dagrun for example_setup_teardown to None, run_after=None
[2024-09-24T23:40:02.440+0000] {processor.py:208} INFO - Processing /home/airflow/.local/lib/python3.12/site-packages/airflow/example_dags/example_setup_teardown.py took 0.199 seconds
[2024-09-24T23:40:32.885+0000] {processor.py:186} INFO - Started process (PID=1581) to work on /home/airflow/.local/lib/python3.12/site-packages/airflow/example_dags/example_setup_teardown.py
[2024-09-24T23:40:32.894+0000] {processor.py:914} INFO - Processing file /home/airflow/.local/lib/python3.12/site-packages/airflow/example_dags/example_setup_teardown.py for tasks to queue
[2024-09-24T23:40:32.899+0000] {logging_mixin.py:190} INFO - [2024-09-24T23:40:32.898+0000] {dagbag.py:588} INFO - Filling up the DagBag from /home/airflow/.local/lib/python3.12/site-packages/airflow/example_dags/example_setup_teardown.py
[2024-09-24T23:40:32.945+0000] {processor.py:925} INFO - DAG(s) 'example_setup_teardown' retrieved from /home/airflow/.local/lib/python3.12/site-packages/airflow/example_dags/example_setup_teardown.py
[2024-09-24T23:40:33.082+0000] {logging_mixin.py:190} INFO - [2024-09-24T23:40:33.081+0000] {dag.py:3239} INFO - Sync 1 DAGs
[2024-09-24T23:40:33.196+0000] {logging_mixin.py:190} INFO - [2024-09-24T23:40:33.195+0000] {dag.py:4180} INFO - Setting next_dagrun for example_setup_teardown to None, run_after=None
[2024-09-24T23:40:33.331+0000] {processor.py:208} INFO - Processing /home/airflow/.local/lib/python3.12/site-packages/airflow/example_dags/example_setup_teardown.py took 0.476 seconds
[2024-09-24T23:41:04.252+0000] {processor.py:186} INFO - Started process (PID=1868) to work on /home/airflow/.local/lib/python3.12/site-packages/airflow/example_dags/example_setup_teardown.py
[2024-09-24T23:41:04.256+0000] {processor.py:914} INFO - Processing file /home/airflow/.local/lib/python3.12/site-packages/airflow/example_dags/example_setup_teardown.py for tasks to queue
[2024-09-24T23:41:04.263+0000] {logging_mixin.py:190} INFO - [2024-09-24T23:41:04.262+0000] {dagbag.py:588} INFO - Filling up the DagBag from /home/airflow/.local/lib/python3.12/site-packages/airflow/example_dags/example_setup_teardown.py
[2024-09-24T23:41:04.289+0000] {processor.py:925} INFO - DAG(s) 'example_setup_teardown' retrieved from /home/airflow/.local/lib/python3.12/site-packages/airflow/example_dags/example_setup_teardown.py
[2024-09-24T23:41:04.365+0000] {logging_mixin.py:190} INFO - [2024-09-24T23:41:04.364+0000] {dag.py:3239} INFO - Sync 1 DAGs
[2024-09-24T23:41:04.462+0000] {logging_mixin.py:190} INFO - [2024-09-24T23:41:04.461+0000] {dag.py:4180} INFO - Setting next_dagrun for example_setup_teardown to None, run_after=None
[2024-09-24T23:41:04.585+0000] {processor.py:208} INFO - Processing /home/airflow/.local/lib/python3.12/site-packages/airflow/example_dags/example_setup_teardown.py took 0.356 seconds
[2024-09-24T23:41:35.765+0000] {processor.py:186} INFO - Started process (PID=2156) to work on /home/airflow/.local/lib/python3.12/site-packages/airflow/example_dags/example_setup_teardown.py
[2024-09-24T23:41:35.768+0000] {processor.py:914} INFO - Processing file /home/airflow/.local/lib/python3.12/site-packages/airflow/example_dags/example_setup_teardown.py for tasks to queue
[2024-09-24T23:41:35.774+0000] {logging_mixin.py:190} INFO - [2024-09-24T23:41:35.773+0000] {dagbag.py:588} INFO - Filling up the DagBag from /home/airflow/.local/lib/python3.12/site-packages/airflow/example_dags/example_setup_teardown.py
[2024-09-24T23:41:35.799+0000] {processor.py:925} INFO - DAG(s) 'example_setup_teardown' retrieved from /home/airflow/.local/lib/python3.12/site-packages/airflow/example_dags/example_setup_teardown.py
[2024-09-24T23:41:35.860+0000] {logging_mixin.py:190} INFO - [2024-09-24T23:41:35.860+0000] {dag.py:3239} INFO - Sync 1 DAGs
[2024-09-24T23:41:35.905+0000] {logging_mixin.py:190} INFO - [2024-09-24T23:41:35.904+0000] {dag.py:4180} INFO - Setting next_dagrun for example_setup_teardown to None, run_after=None
[2024-09-24T23:41:35.958+0000] {processor.py:208} INFO - Processing /home/airflow/.local/lib/python3.12/site-packages/airflow/example_dags/example_setup_teardown.py took 0.209 seconds
[2024-09-24T23:42:06.397+0000] {processor.py:186} INFO - Started process (PID=2442) to work on /home/airflow/.local/lib/python3.12/site-packages/airflow/example_dags/example_setup_teardown.py
[2024-09-24T23:42:06.401+0000] {processor.py:914} INFO - Processing file /home/airflow/.local/lib/python3.12/site-packages/airflow/example_dags/example_setup_teardown.py for tasks to queue
[2024-09-24T23:42:06.406+0000] {logging_mixin.py:190} INFO - [2024-09-24T23:42:06.405+0000] {dagbag.py:588} INFO - Filling up the DagBag from /home/airflow/.local/lib/python3.12/site-packages/airflow/example_dags/example_setup_teardown.py
[2024-09-24T23:42:06.429+0000] {processor.py:925} INFO - DAG(s) 'example_setup_teardown' retrieved from /home/airflow/.local/lib/python3.12/site-packages/airflow/example_dags/example_setup_teardown.py
[2024-09-24T23:42:06.481+0000] {logging_mixin.py:190} INFO - [2024-09-24T23:42:06.480+0000] {dag.py:3239} INFO - Sync 1 DAGs
[2024-09-24T23:42:06.524+0000] {logging_mixin.py:190} INFO - [2024-09-24T23:42:06.523+0000] {dag.py:4180} INFO - Setting next_dagrun for example_setup_teardown to None, run_after=None
[2024-09-24T23:42:06.574+0000] {processor.py:208} INFO - Processing /home/airflow/.local/lib/python3.12/site-packages/airflow/example_dags/example_setup_teardown.py took 0.194 seconds
[2024-09-24T23:42:37.207+0000] {processor.py:186} INFO - Started process (PID=2728) to work on /home/airflow/.local/lib/python3.12/site-packages/airflow/example_dags/example_setup_teardown.py
[2024-09-24T23:42:37.211+0000] {processor.py:914} INFO - Processing file /home/airflow/.local/lib/python3.12/site-packages/airflow/example_dags/example_setup_teardown.py for tasks to queue
[2024-09-24T23:42:37.225+0000] {logging_mixin.py:190} INFO - [2024-09-24T23:42:37.224+0000] {dagbag.py:588} INFO - Filling up the DagBag from /home/airflow/.local/lib/python3.12/site-packages/airflow/example_dags/example_setup_teardown.py
[2024-09-24T23:42:37.269+0000] {processor.py:925} INFO - DAG(s) 'example_setup_teardown' retrieved from /home/airflow/.local/lib/python3.12/site-packages/airflow/example_dags/example_setup_teardown.py
[2024-09-24T23:42:37.406+0000] {logging_mixin.py:190} INFO - [2024-09-24T23:42:37.405+0000] {dag.py:3239} INFO - Sync 1 DAGs
[2024-09-24T23:42:37.462+0000] {logging_mixin.py:190} INFO - [2024-09-24T23:42:37.461+0000] {dag.py:4180} INFO - Setting next_dagrun for example_setup_teardown to None, run_after=None
[2024-09-24T23:42:37.516+0000] {processor.py:208} INFO - Processing /home/airflow/.local/lib/python3.12/site-packages/airflow/example_dags/example_setup_teardown.py took 0.338 seconds
[2024-09-24T23:43:07.685+0000] {processor.py:186} INFO - Started process (PID=3014) to work on /home/airflow/.local/lib/python3.12/site-packages/airflow/example_dags/example_setup_teardown.py
[2024-09-24T23:43:07.688+0000] {processor.py:914} INFO - Processing file /home/airflow/.local/lib/python3.12/site-packages/airflow/example_dags/example_setup_teardown.py for tasks to queue
[2024-09-24T23:43:07.693+0000] {logging_mixin.py:190} INFO - [2024-09-24T23:43:07.692+0000] {dagbag.py:588} INFO - Filling up the DagBag from /home/airflow/.local/lib/python3.12/site-packages/airflow/example_dags/example_setup_teardown.py
[2024-09-24T23:43:07.712+0000] {processor.py:925} INFO - DAG(s) 'example_setup_teardown' retrieved from /home/airflow/.local/lib/python3.12/site-packages/airflow/example_dags/example_setup_teardown.py
[2024-09-24T23:43:07.758+0000] {logging_mixin.py:190} INFO - [2024-09-24T23:43:07.758+0000] {dag.py:3239} INFO - Sync 1 DAGs
[2024-09-24T23:43:07.792+0000] {logging_mixin.py:190} INFO - [2024-09-24T23:43:07.791+0000] {dag.py:4180} INFO - Setting next_dagrun for example_setup_teardown to None, run_after=None
[2024-09-24T23:43:07.841+0000] {processor.py:208} INFO - Processing /home/airflow/.local/lib/python3.12/site-packages/airflow/example_dags/example_setup_teardown.py took 0.167 seconds
[2024-09-24T23:43:38.226+0000] {processor.py:186} INFO - Started process (PID=3300) to work on /home/airflow/.local/lib/python3.12/site-packages/airflow/example_dags/example_setup_teardown.py
[2024-09-24T23:43:38.229+0000] {processor.py:914} INFO - Processing file /home/airflow/.local/lib/python3.12/site-packages/airflow/example_dags/example_setup_teardown.py for tasks to queue
[2024-09-24T23:43:38.235+0000] {logging_mixin.py:190} INFO - [2024-09-24T23:43:38.233+0000] {dagbag.py:588} INFO - Filling up the DagBag from /home/airflow/.local/lib/python3.12/site-packages/airflow/example_dags/example_setup_teardown.py
[2024-09-24T23:43:38.253+0000] {processor.py:925} INFO - DAG(s) 'example_setup_teardown' retrieved from /home/airflow/.local/lib/python3.12/site-packages/airflow/example_dags/example_setup_teardown.py
[2024-09-24T23:43:38.307+0000] {logging_mixin.py:190} INFO - [2024-09-24T23:43:38.306+0000] {dag.py:3239} INFO - Sync 1 DAGs
[2024-09-24T23:43:38.344+0000] {logging_mixin.py:190} INFO - [2024-09-24T23:43:38.343+0000] {dag.py:4180} INFO - Setting next_dagrun for example_setup_teardown to None, run_after=None
[2024-09-24T23:43:38.393+0000] {processor.py:208} INFO - Processing /home/airflow/.local/lib/python3.12/site-packages/airflow/example_dags/example_setup_teardown.py took 0.179 seconds
[2024-09-24T23:44:08.829+0000] {processor.py:186} INFO - Started process (PID=3584) to work on /home/airflow/.local/lib/python3.12/site-packages/airflow/example_dags/example_setup_teardown.py
[2024-09-24T23:44:08.833+0000] {processor.py:914} INFO - Processing file /home/airflow/.local/lib/python3.12/site-packages/airflow/example_dags/example_setup_teardown.py for tasks to queue
[2024-09-24T23:44:08.840+0000] {logging_mixin.py:190} INFO - [2024-09-24T23:44:08.839+0000] {dagbag.py:588} INFO - Filling up the DagBag from /home/airflow/.local/lib/python3.12/site-packages/airflow/example_dags/example_setup_teardown.py
[2024-09-24T23:44:08.890+0000] {processor.py:925} INFO - DAG(s) 'example_setup_teardown' retrieved from /home/airflow/.local/lib/python3.12/site-packages/airflow/example_dags/example_setup_teardown.py
[2024-09-24T23:44:09.003+0000] {logging_mixin.py:190} INFO - [2024-09-24T23:44:09.001+0000] {dag.py:3239} INFO - Sync 1 DAGs
[2024-09-24T23:44:09.056+0000] {logging_mixin.py:190} INFO - [2024-09-24T23:44:09.056+0000] {dag.py:4180} INFO - Setting next_dagrun for example_setup_teardown to None, run_after=None
[2024-09-24T23:44:09.144+0000] {processor.py:208} INFO - Processing /home/airflow/.local/lib/python3.12/site-packages/airflow/example_dags/example_setup_teardown.py took 0.334 seconds
[2024-09-24T23:44:39.967+0000] {processor.py:186} INFO - Started process (PID=3872) to work on /home/airflow/.local/lib/python3.12/site-packages/airflow/example_dags/example_setup_teardown.py
[2024-09-24T23:44:39.970+0000] {processor.py:914} INFO - Processing file /home/airflow/.local/lib/python3.12/site-packages/airflow/example_dags/example_setup_teardown.py for tasks to queue
[2024-09-24T23:44:39.974+0000] {logging_mixin.py:190} INFO - [2024-09-24T23:44:39.974+0000] {dagbag.py:588} INFO - Filling up the DagBag from /home/airflow/.local/lib/python3.12/site-packages/airflow/example_dags/example_setup_teardown.py
[2024-09-24T23:44:39.992+0000] {processor.py:925} INFO - DAG(s) 'example_setup_teardown' retrieved from /home/airflow/.local/lib/python3.12/site-packages/airflow/example_dags/example_setup_teardown.py
[2024-09-24T23:44:40.039+0000] {logging_mixin.py:190} INFO - [2024-09-24T23:44:40.038+0000] {dag.py:3239} INFO - Sync 1 DAGs
[2024-09-24T23:44:40.066+0000] {logging_mixin.py:190} INFO - [2024-09-24T23:44:40.066+0000] {dag.py:4180} INFO - Setting next_dagrun for example_setup_teardown to None, run_after=None
[2024-09-24T23:44:40.105+0000] {processor.py:208} INFO - Processing /home/airflow/.local/lib/python3.12/site-packages/airflow/example_dags/example_setup_teardown.py took 0.149 seconds
[2024-09-24T23:45:10.762+0000] {processor.py:186} INFO - Started process (PID=4156) to work on /home/airflow/.local/lib/python3.12/site-packages/airflow/example_dags/example_setup_teardown.py
[2024-09-24T23:45:10.765+0000] {processor.py:914} INFO - Processing file /home/airflow/.local/lib/python3.12/site-packages/airflow/example_dags/example_setup_teardown.py for tasks to queue
[2024-09-24T23:45:10.770+0000] {logging_mixin.py:190} INFO - [2024-09-24T23:45:10.769+0000] {dagbag.py:588} INFO - Filling up the DagBag from /home/airflow/.local/lib/python3.12/site-packages/airflow/example_dags/example_setup_teardown.py
[2024-09-24T23:45:10.789+0000] {processor.py:925} INFO - DAG(s) 'example_setup_teardown' retrieved from /home/airflow/.local/lib/python3.12/site-packages/airflow/example_dags/example_setup_teardown.py
[2024-09-24T23:45:10.840+0000] {logging_mixin.py:190} INFO - [2024-09-24T23:45:10.840+0000] {dag.py:3239} INFO - Sync 1 DAGs
[2024-09-24T23:45:10.875+0000] {logging_mixin.py:190} INFO - [2024-09-24T23:45:10.875+0000] {dag.py:4180} INFO - Setting next_dagrun for example_setup_teardown to None, run_after=None
[2024-09-24T23:45:10.922+0000] {processor.py:208} INFO - Processing /home/airflow/.local/lib/python3.12/site-packages/airflow/example_dags/example_setup_teardown.py took 0.173 seconds
[2024-09-24T23:45:41.326+0000] {processor.py:186} INFO - Started process (PID=4444) to work on /home/airflow/.local/lib/python3.12/site-packages/airflow/example_dags/example_setup_teardown.py
[2024-09-24T23:45:41.329+0000] {processor.py:914} INFO - Processing file /home/airflow/.local/lib/python3.12/site-packages/airflow/example_dags/example_setup_teardown.py for tasks to queue
[2024-09-24T23:45:41.334+0000] {logging_mixin.py:190} INFO - [2024-09-24T23:45:41.333+0000] {dagbag.py:588} INFO - Filling up the DagBag from /home/airflow/.local/lib/python3.12/site-packages/airflow/example_dags/example_setup_teardown.py
[2024-09-24T23:45:41.354+0000] {processor.py:925} INFO - DAG(s) 'example_setup_teardown' retrieved from /home/airflow/.local/lib/python3.12/site-packages/airflow/example_dags/example_setup_teardown.py
[2024-09-24T23:45:41.406+0000] {logging_mixin.py:190} INFO - [2024-09-24T23:45:41.406+0000] {dag.py:3239} INFO - Sync 1 DAGs
[2024-09-24T23:45:41.442+0000] {logging_mixin.py:190} INFO - [2024-09-24T23:45:41.442+0000] {dag.py:4180} INFO - Setting next_dagrun for example_setup_teardown to None, run_after=None
[2024-09-24T23:45:41.486+0000] {processor.py:208} INFO - Processing /home/airflow/.local/lib/python3.12/site-packages/airflow/example_dags/example_setup_teardown.py took 0.171 seconds
[2024-09-24T23:46:13.238+0000] {processor.py:186} INFO - Started process (PID=4728) to work on /home/airflow/.local/lib/python3.12/site-packages/airflow/example_dags/example_setup_teardown.py
[2024-09-24T23:46:13.257+0000] {processor.py:914} INFO - Processing file /home/airflow/.local/lib/python3.12/site-packages/airflow/example_dags/example_setup_teardown.py for tasks to queue
[2024-09-24T23:46:13.264+0000] {logging_mixin.py:190} INFO - [2024-09-24T23:46:13.263+0000] {dagbag.py:588} INFO - Filling up the DagBag from /home/airflow/.local/lib/python3.12/site-packages/airflow/example_dags/example_setup_teardown.py
[2024-09-24T23:46:13.287+0000] {processor.py:925} INFO - DAG(s) 'example_setup_teardown' retrieved from /home/airflow/.local/lib/python3.12/site-packages/airflow/example_dags/example_setup_teardown.py
[2024-09-24T23:46:13.365+0000] {logging_mixin.py:190} INFO - [2024-09-24T23:46:13.364+0000] {dag.py:3239} INFO - Sync 1 DAGs
[2024-09-24T23:46:13.404+0000] {logging_mixin.py:190} INFO - [2024-09-24T23:46:13.404+0000] {dag.py:4180} INFO - Setting next_dagrun for example_setup_teardown to None, run_after=None
[2024-09-24T23:46:13.461+0000] {processor.py:208} INFO - Processing /home/airflow/.local/lib/python3.12/site-packages/airflow/example_dags/example_setup_teardown.py took 0.289 seconds
[2024-09-24T23:46:44.061+0000] {processor.py:186} INFO - Started process (PID=5014) to work on /home/airflow/.local/lib/python3.12/site-packages/airflow/example_dags/example_setup_teardown.py
[2024-09-24T23:46:44.064+0000] {processor.py:914} INFO - Processing file /home/airflow/.local/lib/python3.12/site-packages/airflow/example_dags/example_setup_teardown.py for tasks to queue
[2024-09-24T23:46:44.073+0000] {logging_mixin.py:190} INFO - [2024-09-24T23:46:44.071+0000] {dagbag.py:588} INFO - Filling up the DagBag from /home/airflow/.local/lib/python3.12/site-packages/airflow/example_dags/example_setup_teardown.py
[2024-09-24T23:46:44.104+0000] {processor.py:925} INFO - DAG(s) 'example_setup_teardown' retrieved from /home/airflow/.local/lib/python3.12/site-packages/airflow/example_dags/example_setup_teardown.py
[2024-09-24T23:46:44.235+0000] {logging_mixin.py:190} INFO - [2024-09-24T23:46:44.234+0000] {dag.py:3239} INFO - Sync 1 DAGs
[2024-09-24T23:46:44.359+0000] {logging_mixin.py:190} INFO - [2024-09-24T23:46:44.359+0000] {dag.py:4180} INFO - Setting next_dagrun for example_setup_teardown to None, run_after=None
[2024-09-24T23:46:44.435+0000] {processor.py:208} INFO - Processing /home/airflow/.local/lib/python3.12/site-packages/airflow/example_dags/example_setup_teardown.py took 0.400 seconds
[2024-09-24T23:47:15.052+0000] {processor.py:186} INFO - Started process (PID=5297) to work on /home/airflow/.local/lib/python3.12/site-packages/airflow/example_dags/example_setup_teardown.py
[2024-09-24T23:47:15.063+0000] {processor.py:914} INFO - Processing file /home/airflow/.local/lib/python3.12/site-packages/airflow/example_dags/example_setup_teardown.py for tasks to queue
[2024-09-24T23:47:15.071+0000] {logging_mixin.py:190} INFO - [2024-09-24T23:47:15.070+0000] {dagbag.py:588} INFO - Filling up the DagBag from /home/airflow/.local/lib/python3.12/site-packages/airflow/example_dags/example_setup_teardown.py
[2024-09-24T23:47:15.095+0000] {processor.py:925} INFO - DAG(s) 'example_setup_teardown' retrieved from /home/airflow/.local/lib/python3.12/site-packages/airflow/example_dags/example_setup_teardown.py
[2024-09-24T23:47:15.168+0000] {logging_mixin.py:190} INFO - [2024-09-24T23:47:15.167+0000] {dag.py:3239} INFO - Sync 1 DAGs
[2024-09-24T23:47:15.220+0000] {logging_mixin.py:190} INFO - [2024-09-24T23:47:15.220+0000] {dag.py:4180} INFO - Setting next_dagrun for example_setup_teardown to None, run_after=None
[2024-09-24T23:47:15.278+0000] {processor.py:208} INFO - Processing /home/airflow/.local/lib/python3.12/site-packages/airflow/example_dags/example_setup_teardown.py took 0.244 seconds
[2024-09-24T23:47:45.418+0000] {processor.py:186} INFO - Started process (PID=5583) to work on /home/airflow/.local/lib/python3.12/site-packages/airflow/example_dags/example_setup_teardown.py
[2024-09-24T23:47:45.420+0000] {processor.py:914} INFO - Processing file /home/airflow/.local/lib/python3.12/site-packages/airflow/example_dags/example_setup_teardown.py for tasks to queue
[2024-09-24T23:47:45.425+0000] {logging_mixin.py:190} INFO - [2024-09-24T23:47:45.424+0000] {dagbag.py:588} INFO - Filling up the DagBag from /home/airflow/.local/lib/python3.12/site-packages/airflow/example_dags/example_setup_teardown.py
[2024-09-24T23:47:45.441+0000] {processor.py:925} INFO - DAG(s) 'example_setup_teardown' retrieved from /home/airflow/.local/lib/python3.12/site-packages/airflow/example_dags/example_setup_teardown.py
[2024-09-24T23:47:45.492+0000] {logging_mixin.py:190} INFO - [2024-09-24T23:47:45.492+0000] {dag.py:3239} INFO - Sync 1 DAGs
[2024-09-24T23:47:45.533+0000] {logging_mixin.py:190} INFO - [2024-09-24T23:47:45.532+0000] {dag.py:4180} INFO - Setting next_dagrun for example_setup_teardown to None, run_after=None
[2024-09-24T23:47:45.584+0000] {processor.py:208} INFO - Processing /home/airflow/.local/lib/python3.12/site-packages/airflow/example_dags/example_setup_teardown.py took 0.178 seconds
[2024-09-24T23:48:15.986+0000] {processor.py:186} INFO - Started process (PID=5869) to work on /home/airflow/.local/lib/python3.12/site-packages/airflow/example_dags/example_setup_teardown.py
[2024-09-24T23:48:15.988+0000] {processor.py:914} INFO - Processing file /home/airflow/.local/lib/python3.12/site-packages/airflow/example_dags/example_setup_teardown.py for tasks to queue
[2024-09-24T23:48:15.992+0000] {logging_mixin.py:190} INFO - [2024-09-24T23:48:15.991+0000] {dagbag.py:588} INFO - Filling up the DagBag from /home/airflow/.local/lib/python3.12/site-packages/airflow/example_dags/example_setup_teardown.py
[2024-09-24T23:48:16.008+0000] {processor.py:925} INFO - DAG(s) 'example_setup_teardown' retrieved from /home/airflow/.local/lib/python3.12/site-packages/airflow/example_dags/example_setup_teardown.py
[2024-09-24T23:48:16.051+0000] {logging_mixin.py:190} INFO - [2024-09-24T23:48:16.050+0000] {dag.py:3239} INFO - Sync 1 DAGs
[2024-09-24T23:48:16.092+0000] {logging_mixin.py:190} INFO - [2024-09-24T23:48:16.091+0000] {dag.py:4180} INFO - Setting next_dagrun for example_setup_teardown to None, run_after=None
[2024-09-24T23:48:16.133+0000] {processor.py:208} INFO - Processing /home/airflow/.local/lib/python3.12/site-packages/airflow/example_dags/example_setup_teardown.py took 0.158 seconds
[2024-09-24T23:48:46.279+0000] {processor.py:186} INFO - Started process (PID=6155) to work on /home/airflow/.local/lib/python3.12/site-packages/airflow/example_dags/example_setup_teardown.py
[2024-09-24T23:48:46.282+0000] {processor.py:914} INFO - Processing file /home/airflow/.local/lib/python3.12/site-packages/airflow/example_dags/example_setup_teardown.py for tasks to queue
[2024-09-24T23:48:46.288+0000] {logging_mixin.py:190} INFO - [2024-09-24T23:48:46.287+0000] {dagbag.py:588} INFO - Filling up the DagBag from /home/airflow/.local/lib/python3.12/site-packages/airflow/example_dags/example_setup_teardown.py
[2024-09-24T23:48:46.305+0000] {processor.py:925} INFO - DAG(s) 'example_setup_teardown' retrieved from /home/airflow/.local/lib/python3.12/site-packages/airflow/example_dags/example_setup_teardown.py
[2024-09-24T23:48:46.366+0000] {logging_mixin.py:190} INFO - [2024-09-24T23:48:46.365+0000] {dag.py:3239} INFO - Sync 1 DAGs
[2024-09-24T23:48:46.413+0000] {logging_mixin.py:190} INFO - [2024-09-24T23:48:46.413+0000] {dag.py:4180} INFO - Setting next_dagrun for example_setup_teardown to None, run_after=None
[2024-09-24T23:48:46.472+0000] {processor.py:208} INFO - Processing /home/airflow/.local/lib/python3.12/site-packages/airflow/example_dags/example_setup_teardown.py took 0.217 seconds
[2024-09-24T23:49:17.344+0000] {processor.py:186} INFO - Started process (PID=6439) to work on /home/airflow/.local/lib/python3.12/site-packages/airflow/example_dags/example_setup_teardown.py
[2024-09-24T23:49:17.347+0000] {processor.py:914} INFO - Processing file /home/airflow/.local/lib/python3.12/site-packages/airflow/example_dags/example_setup_teardown.py for tasks to queue
[2024-09-24T23:49:17.365+0000] {logging_mixin.py:190} INFO - [2024-09-24T23:49:17.365+0000] {dagbag.py:588} INFO - Filling up the DagBag from /home/airflow/.local/lib/python3.12/site-packages/airflow/example_dags/example_setup_teardown.py
[2024-09-24T23:49:17.414+0000] {processor.py:925} INFO - DAG(s) 'example_setup_teardown' retrieved from /home/airflow/.local/lib/python3.12/site-packages/airflow/example_dags/example_setup_teardown.py
[2024-09-24T23:49:17.505+0000] {logging_mixin.py:190} INFO - [2024-09-24T23:49:17.504+0000] {dag.py:3239} INFO - Sync 1 DAGs
[2024-09-24T23:49:17.592+0000] {logging_mixin.py:190} INFO - [2024-09-24T23:49:17.591+0000] {dag.py:4180} INFO - Setting next_dagrun for example_setup_teardown to None, run_after=None
[2024-09-24T23:49:17.701+0000] {processor.py:208} INFO - Processing /home/airflow/.local/lib/python3.12/site-packages/airflow/example_dags/example_setup_teardown.py took 0.404 seconds
[2024-09-24T23:49:48.109+0000] {processor.py:186} INFO - Started process (PID=6727) to work on /home/airflow/.local/lib/python3.12/site-packages/airflow/example_dags/example_setup_teardown.py
[2024-09-24T23:49:48.112+0000] {processor.py:914} INFO - Processing file /home/airflow/.local/lib/python3.12/site-packages/airflow/example_dags/example_setup_teardown.py for tasks to queue
[2024-09-24T23:49:48.118+0000] {logging_mixin.py:190} INFO - [2024-09-24T23:49:48.117+0000] {dagbag.py:588} INFO - Filling up the DagBag from /home/airflow/.local/lib/python3.12/site-packages/airflow/example_dags/example_setup_teardown.py
[2024-09-24T23:49:48.139+0000] {processor.py:925} INFO - DAG(s) 'example_setup_teardown' retrieved from /home/airflow/.local/lib/python3.12/site-packages/airflow/example_dags/example_setup_teardown.py
[2024-09-24T23:49:48.188+0000] {logging_mixin.py:190} INFO - [2024-09-24T23:49:48.187+0000] {dag.py:3239} INFO - Sync 1 DAGs
[2024-09-24T23:49:48.224+0000] {logging_mixin.py:190} INFO - [2024-09-24T23:49:48.224+0000] {dag.py:4180} INFO - Setting next_dagrun for example_setup_teardown to None, run_after=None
[2024-09-24T23:49:48.274+0000] {processor.py:208} INFO - Processing /home/airflow/.local/lib/python3.12/site-packages/airflow/example_dags/example_setup_teardown.py took 0.177 seconds
[2024-09-24T23:50:18.788+0000] {processor.py:186} INFO - Started process (PID=7013) to work on /home/airflow/.local/lib/python3.12/site-packages/airflow/example_dags/example_setup_teardown.py
[2024-09-24T23:50:18.792+0000] {processor.py:914} INFO - Processing file /home/airflow/.local/lib/python3.12/site-packages/airflow/example_dags/example_setup_teardown.py for tasks to queue
[2024-09-24T23:50:18.796+0000] {logging_mixin.py:190} INFO - [2024-09-24T23:50:18.796+0000] {dagbag.py:588} INFO - Filling up the DagBag from /home/airflow/.local/lib/python3.12/site-packages/airflow/example_dags/example_setup_teardown.py
[2024-09-24T23:50:18.811+0000] {processor.py:925} INFO - DAG(s) 'example_setup_teardown' retrieved from /home/airflow/.local/lib/python3.12/site-packages/airflow/example_dags/example_setup_teardown.py
[2024-09-24T23:50:18.853+0000] {logging_mixin.py:190} INFO - [2024-09-24T23:50:18.853+0000] {dag.py:3239} INFO - Sync 1 DAGs
[2024-09-24T23:50:18.891+0000] {logging_mixin.py:190} INFO - [2024-09-24T23:50:18.891+0000] {dag.py:4180} INFO - Setting next_dagrun for example_setup_teardown to None, run_after=None
[2024-09-24T23:50:18.944+0000] {processor.py:208} INFO - Processing /home/airflow/.local/lib/python3.12/site-packages/airflow/example_dags/example_setup_teardown.py took 0.167 seconds
[2024-09-24T23:50:49.274+0000] {processor.py:186} INFO - Started process (PID=7299) to work on /home/airflow/.local/lib/python3.12/site-packages/airflow/example_dags/example_setup_teardown.py
[2024-09-24T23:50:49.277+0000] {processor.py:914} INFO - Processing file /home/airflow/.local/lib/python3.12/site-packages/airflow/example_dags/example_setup_teardown.py for tasks to queue
[2024-09-24T23:50:49.281+0000] {logging_mixin.py:190} INFO - [2024-09-24T23:50:49.281+0000] {dagbag.py:588} INFO - Filling up the DagBag from /home/airflow/.local/lib/python3.12/site-packages/airflow/example_dags/example_setup_teardown.py
[2024-09-24T23:50:49.298+0000] {processor.py:925} INFO - DAG(s) 'example_setup_teardown' retrieved from /home/airflow/.local/lib/python3.12/site-packages/airflow/example_dags/example_setup_teardown.py
[2024-09-24T23:50:49.347+0000] {logging_mixin.py:190} INFO - [2024-09-24T23:50:49.346+0000] {dag.py:3239} INFO - Sync 1 DAGs
[2024-09-24T23:50:49.379+0000] {logging_mixin.py:190} INFO - [2024-09-24T23:50:49.378+0000] {dag.py:4180} INFO - Setting next_dagrun for example_setup_teardown to None, run_after=None
[2024-09-24T23:50:49.437+0000] {processor.py:208} INFO - Processing /home/airflow/.local/lib/python3.12/site-packages/airflow/example_dags/example_setup_teardown.py took 0.176 seconds
[2024-09-24T23:51:19.786+0000] {processor.py:186} INFO - Started process (PID=7585) to work on /home/airflow/.local/lib/python3.12/site-packages/airflow/example_dags/example_setup_teardown.py
[2024-09-24T23:51:19.788+0000] {processor.py:914} INFO - Processing file /home/airflow/.local/lib/python3.12/site-packages/airflow/example_dags/example_setup_teardown.py for tasks to queue
[2024-09-24T23:51:19.793+0000] {logging_mixin.py:190} INFO - [2024-09-24T23:51:19.792+0000] {dagbag.py:588} INFO - Filling up the DagBag from /home/airflow/.local/lib/python3.12/site-packages/airflow/example_dags/example_setup_teardown.py
[2024-09-24T23:51:19.808+0000] {processor.py:925} INFO - DAG(s) 'example_setup_teardown' retrieved from /home/airflow/.local/lib/python3.12/site-packages/airflow/example_dags/example_setup_teardown.py
[2024-09-24T23:51:19.856+0000] {logging_mixin.py:190} INFO - [2024-09-24T23:51:19.855+0000] {dag.py:3239} INFO - Sync 1 DAGs
[2024-09-24T23:51:19.886+0000] {logging_mixin.py:190} INFO - [2024-09-24T23:51:19.886+0000] {dag.py:4180} INFO - Setting next_dagrun for example_setup_teardown to None, run_after=None
[2024-09-24T23:51:19.951+0000] {processor.py:208} INFO - Processing /home/airflow/.local/lib/python3.12/site-packages/airflow/example_dags/example_setup_teardown.py took 0.179 seconds
[2024-09-24T23:51:50.400+0000] {processor.py:186} INFO - Started process (PID=7871) to work on /home/airflow/.local/lib/python3.12/site-packages/airflow/example_dags/example_setup_teardown.py
[2024-09-24T23:51:50.402+0000] {processor.py:914} INFO - Processing file /home/airflow/.local/lib/python3.12/site-packages/airflow/example_dags/example_setup_teardown.py for tasks to queue
[2024-09-24T23:51:50.407+0000] {logging_mixin.py:190} INFO - [2024-09-24T23:51:50.406+0000] {dagbag.py:588} INFO - Filling up the DagBag from /home/airflow/.local/lib/python3.12/site-packages/airflow/example_dags/example_setup_teardown.py
[2024-09-24T23:51:50.424+0000] {processor.py:925} INFO - DAG(s) 'example_setup_teardown' retrieved from /home/airflow/.local/lib/python3.12/site-packages/airflow/example_dags/example_setup_teardown.py
[2024-09-24T23:51:50.466+0000] {logging_mixin.py:190} INFO - [2024-09-24T23:51:50.466+0000] {dag.py:3239} INFO - Sync 1 DAGs
[2024-09-24T23:51:50.498+0000] {logging_mixin.py:190} INFO - [2024-09-24T23:51:50.497+0000] {dag.py:4180} INFO - Setting next_dagrun for example_setup_teardown to None, run_after=None
[2024-09-24T23:51:50.539+0000] {processor.py:208} INFO - Processing /home/airflow/.local/lib/python3.12/site-packages/airflow/example_dags/example_setup_teardown.py took 0.152 seconds
[2024-09-24T23:52:20.864+0000] {processor.py:186} INFO - Started process (PID=8158) to work on /home/airflow/.local/lib/python3.12/site-packages/airflow/example_dags/example_setup_teardown.py
[2024-09-24T23:52:20.866+0000] {processor.py:914} INFO - Processing file /home/airflow/.local/lib/python3.12/site-packages/airflow/example_dags/example_setup_teardown.py for tasks to queue
[2024-09-24T23:52:20.869+0000] {logging_mixin.py:190} INFO - [2024-09-24T23:52:20.869+0000] {dagbag.py:588} INFO - Filling up the DagBag from /home/airflow/.local/lib/python3.12/site-packages/airflow/example_dags/example_setup_teardown.py
[2024-09-24T23:52:20.880+0000] {processor.py:925} INFO - DAG(s) 'example_setup_teardown' retrieved from /home/airflow/.local/lib/python3.12/site-packages/airflow/example_dags/example_setup_teardown.py
[2024-09-24T23:52:20.919+0000] {logging_mixin.py:190} INFO - [2024-09-24T23:52:20.919+0000] {dag.py:3239} INFO - Sync 1 DAGs
[2024-09-24T23:52:20.946+0000] {logging_mixin.py:190} INFO - [2024-09-24T23:52:20.946+0000] {dag.py:4180} INFO - Setting next_dagrun for example_setup_teardown to None, run_after=None
[2024-09-24T23:52:20.982+0000] {processor.py:208} INFO - Processing /home/airflow/.local/lib/python3.12/site-packages/airflow/example_dags/example_setup_teardown.py took 0.129 seconds
[2024-09-24T23:52:51.573+0000] {processor.py:186} INFO - Started process (PID=8444) to work on /home/airflow/.local/lib/python3.12/site-packages/airflow/example_dags/example_setup_teardown.py
[2024-09-24T23:52:51.576+0000] {processor.py:914} INFO - Processing file /home/airflow/.local/lib/python3.12/site-packages/airflow/example_dags/example_setup_teardown.py for tasks to queue
[2024-09-24T23:52:51.589+0000] {logging_mixin.py:190} INFO - [2024-09-24T23:52:51.583+0000] {dagbag.py:588} INFO - Filling up the DagBag from /home/airflow/.local/lib/python3.12/site-packages/airflow/example_dags/example_setup_teardown.py
[2024-09-24T23:52:51.616+0000] {processor.py:925} INFO - DAG(s) 'example_setup_teardown' retrieved from /home/airflow/.local/lib/python3.12/site-packages/airflow/example_dags/example_setup_teardown.py
[2024-09-24T23:52:51.673+0000] {logging_mixin.py:190} INFO - [2024-09-24T23:52:51.672+0000] {dag.py:3239} INFO - Sync 1 DAGs
[2024-09-24T23:52:51.707+0000] {logging_mixin.py:190} INFO - [2024-09-24T23:52:51.707+0000] {dag.py:4180} INFO - Setting next_dagrun for example_setup_teardown to None, run_after=None
[2024-09-24T23:52:51.758+0000] {processor.py:208} INFO - Processing /home/airflow/.local/lib/python3.12/site-packages/airflow/example_dags/example_setup_teardown.py took 0.205 seconds
[2024-09-24T23:53:22.618+0000] {processor.py:186} INFO - Started process (PID=8730) to work on /home/airflow/.local/lib/python3.12/site-packages/airflow/example_dags/example_setup_teardown.py
[2024-09-24T23:53:22.620+0000] {processor.py:914} INFO - Processing file /home/airflow/.local/lib/python3.12/site-packages/airflow/example_dags/example_setup_teardown.py for tasks to queue
[2024-09-24T23:53:22.624+0000] {logging_mixin.py:190} INFO - [2024-09-24T23:53:22.623+0000] {dagbag.py:588} INFO - Filling up the DagBag from /home/airflow/.local/lib/python3.12/site-packages/airflow/example_dags/example_setup_teardown.py
[2024-09-24T23:53:22.640+0000] {processor.py:925} INFO - DAG(s) 'example_setup_teardown' retrieved from /home/airflow/.local/lib/python3.12/site-packages/airflow/example_dags/example_setup_teardown.py
[2024-09-24T23:53:22.686+0000] {logging_mixin.py:190} INFO - [2024-09-24T23:53:22.685+0000] {dag.py:3239} INFO - Sync 1 DAGs
[2024-09-24T23:53:22.726+0000] {logging_mixin.py:190} INFO - [2024-09-24T23:53:22.725+0000] {dag.py:4180} INFO - Setting next_dagrun for example_setup_teardown to None, run_after=None
[2024-09-24T23:53:22.762+0000] {processor.py:208} INFO - Processing /home/airflow/.local/lib/python3.12/site-packages/airflow/example_dags/example_setup_teardown.py took 0.155 seconds
[2024-09-24T23:53:53.476+0000] {processor.py:186} INFO - Started process (PID=9016) to work on /home/airflow/.local/lib/python3.12/site-packages/airflow/example_dags/example_setup_teardown.py
[2024-09-24T23:53:53.478+0000] {processor.py:914} INFO - Processing file /home/airflow/.local/lib/python3.12/site-packages/airflow/example_dags/example_setup_teardown.py for tasks to queue
[2024-09-24T23:53:53.483+0000] {logging_mixin.py:190} INFO - [2024-09-24T23:53:53.482+0000] {dagbag.py:588} INFO - Filling up the DagBag from /home/airflow/.local/lib/python3.12/site-packages/airflow/example_dags/example_setup_teardown.py
[2024-09-24T23:53:53.497+0000] {processor.py:925} INFO - DAG(s) 'example_setup_teardown' retrieved from /home/airflow/.local/lib/python3.12/site-packages/airflow/example_dags/example_setup_teardown.py
[2024-09-24T23:53:53.534+0000] {logging_mixin.py:190} INFO - [2024-09-24T23:53:53.534+0000] {dag.py:3239} INFO - Sync 1 DAGs
[2024-09-24T23:53:53.563+0000] {logging_mixin.py:190} INFO - [2024-09-24T23:53:53.563+0000] {dag.py:4180} INFO - Setting next_dagrun for example_setup_teardown to None, run_after=None
[2024-09-24T23:53:53.604+0000] {processor.py:208} INFO - Processing /home/airflow/.local/lib/python3.12/site-packages/airflow/example_dags/example_setup_teardown.py took 0.138 seconds
[2024-09-24T23:54:23.862+0000] {processor.py:186} INFO - Started process (PID=9302) to work on /home/airflow/.local/lib/python3.12/site-packages/airflow/example_dags/example_setup_teardown.py
[2024-09-24T23:54:23.864+0000] {processor.py:914} INFO - Processing file /home/airflow/.local/lib/python3.12/site-packages/airflow/example_dags/example_setup_teardown.py for tasks to queue
[2024-09-24T23:54:23.870+0000] {logging_mixin.py:190} INFO - [2024-09-24T23:54:23.868+0000] {dagbag.py:588} INFO - Filling up the DagBag from /home/airflow/.local/lib/python3.12/site-packages/airflow/example_dags/example_setup_teardown.py
[2024-09-24T23:54:23.893+0000] {processor.py:925} INFO - DAG(s) 'example_setup_teardown' retrieved from /home/airflow/.local/lib/python3.12/site-packages/airflow/example_dags/example_setup_teardown.py
[2024-09-24T23:54:23.946+0000] {logging_mixin.py:190} INFO - [2024-09-24T23:54:23.945+0000] {dag.py:3239} INFO - Sync 1 DAGs
[2024-09-24T23:54:23.986+0000] {logging_mixin.py:190} INFO - [2024-09-24T23:54:23.986+0000] {dag.py:4180} INFO - Setting next_dagrun for example_setup_teardown to None, run_after=None
[2024-09-24T23:54:24.042+0000] {processor.py:208} INFO - Processing /home/airflow/.local/lib/python3.12/site-packages/airflow/example_dags/example_setup_teardown.py took 0.194 seconds
[2024-09-24T23:54:54.226+0000] {processor.py:186} INFO - Started process (PID=9588) to work on /home/airflow/.local/lib/python3.12/site-packages/airflow/example_dags/example_setup_teardown.py
[2024-09-24T23:54:54.228+0000] {processor.py:914} INFO - Processing file /home/airflow/.local/lib/python3.12/site-packages/airflow/example_dags/example_setup_teardown.py for tasks to queue
[2024-09-24T23:54:54.233+0000] {logging_mixin.py:190} INFO - [2024-09-24T23:54:54.233+0000] {dagbag.py:588} INFO - Filling up the DagBag from /home/airflow/.local/lib/python3.12/site-packages/airflow/example_dags/example_setup_teardown.py
[2024-09-24T23:54:54.249+0000] {processor.py:925} INFO - DAG(s) 'example_setup_teardown' retrieved from /home/airflow/.local/lib/python3.12/site-packages/airflow/example_dags/example_setup_teardown.py
[2024-09-24T23:54:54.289+0000] {logging_mixin.py:190} INFO - [2024-09-24T23:54:54.288+0000] {dag.py:3239} INFO - Sync 1 DAGs
[2024-09-24T23:54:54.322+0000] {logging_mixin.py:190} INFO - [2024-09-24T23:54:54.322+0000] {dag.py:4180} INFO - Setting next_dagrun for example_setup_teardown to None, run_after=None
[2024-09-24T23:54:54.366+0000] {processor.py:208} INFO - Processing /home/airflow/.local/lib/python3.12/site-packages/airflow/example_dags/example_setup_teardown.py took 0.150 seconds
[2024-09-24T23:55:24.873+0000] {processor.py:186} INFO - Started process (PID=9874) to work on /home/airflow/.local/lib/python3.12/site-packages/airflow/example_dags/example_setup_teardown.py
[2024-09-24T23:55:24.877+0000] {processor.py:914} INFO - Processing file /home/airflow/.local/lib/python3.12/site-packages/airflow/example_dags/example_setup_teardown.py for tasks to queue
[2024-09-24T23:55:24.883+0000] {logging_mixin.py:190} INFO - [2024-09-24T23:55:24.882+0000] {dagbag.py:588} INFO - Filling up the DagBag from /home/airflow/.local/lib/python3.12/site-packages/airflow/example_dags/example_setup_teardown.py
[2024-09-24T23:55:24.908+0000] {processor.py:925} INFO - DAG(s) 'example_setup_teardown' retrieved from /home/airflow/.local/lib/python3.12/site-packages/airflow/example_dags/example_setup_teardown.py
[2024-09-24T23:55:24.964+0000] {logging_mixin.py:190} INFO - [2024-09-24T23:55:24.964+0000] {dag.py:3239} INFO - Sync 1 DAGs
[2024-09-24T23:55:25.002+0000] {logging_mixin.py:190} INFO - [2024-09-24T23:55:25.002+0000] {dag.py:4180} INFO - Setting next_dagrun for example_setup_teardown to None, run_after=None
[2024-09-24T23:55:25.064+0000] {processor.py:208} INFO - Processing /home/airflow/.local/lib/python3.12/site-packages/airflow/example_dags/example_setup_teardown.py took 0.209 seconds
[2024-09-24T23:55:58.367+0000] {processor.py:186} INFO - Started process (PID=10160) to work on /home/airflow/.local/lib/python3.12/site-packages/airflow/example_dags/example_setup_teardown.py
[2024-09-24T23:55:58.370+0000] {processor.py:914} INFO - Processing file /home/airflow/.local/lib/python3.12/site-packages/airflow/example_dags/example_setup_teardown.py for tasks to queue
[2024-09-24T23:55:58.376+0000] {logging_mixin.py:190} INFO - [2024-09-24T23:55:58.375+0000] {dagbag.py:588} INFO - Filling up the DagBag from /home/airflow/.local/lib/python3.12/site-packages/airflow/example_dags/example_setup_teardown.py
[2024-09-24T23:55:58.395+0000] {processor.py:925} INFO - DAG(s) 'example_setup_teardown' retrieved from /home/airflow/.local/lib/python3.12/site-packages/airflow/example_dags/example_setup_teardown.py
[2024-09-24T23:55:58.452+0000] {logging_mixin.py:190} INFO - [2024-09-24T23:55:58.451+0000] {dag.py:3239} INFO - Sync 1 DAGs
[2024-09-24T23:55:58.515+0000] {logging_mixin.py:190} INFO - [2024-09-24T23:55:58.514+0000] {dag.py:4180} INFO - Setting next_dagrun for example_setup_teardown to None, run_after=None
[2024-09-24T23:55:58.612+0000] {processor.py:208} INFO - Processing /home/airflow/.local/lib/python3.12/site-packages/airflow/example_dags/example_setup_teardown.py took 0.259 seconds
