[2024-09-24T23:38:25.031+0000] {processor.py:186} INFO - Started process (PID=411) to work on /home/airflow/.local/lib/python3.12/site-packages/airflow/example_dags/example_xcomargs.py
[2024-09-24T23:38:25.034+0000] {processor.py:914} INFO - Processing file /home/airflow/.local/lib/python3.12/site-packages/airflow/example_dags/example_xcomargs.py for tasks to queue
[2024-09-24T23:38:25.046+0000] {logging_mixin.py:190} INFO - [2024-09-24T23:38:25.044+0000] {dagbag.py:588} INFO - Filling up the DagBag from /home/airflow/.local/lib/python3.12/site-packages/airflow/example_dags/example_xcomargs.py
[2024-09-24T23:38:25.135+0000] {processor.py:925} INFO - DAG(s) 'example_xcom_args_with_operators', 'example_xcom_args' retrieved from /home/airflow/.local/lib/python3.12/site-packages/airflow/example_dags/example_xcomargs.py
[2024-09-24T23:38:26.137+0000] {logging_mixin.py:190} INFO - [2024-09-24T23:38:26.135+0000] {override.py:1900} INFO - Created Permission View: can edit on DAG:example_xcom_args_with_operators
[2024-09-24T23:38:26.197+0000] {logging_mixin.py:190} INFO - [2024-09-24T23:38:26.196+0000] {override.py:1900} INFO - Created Permission View: can read on DAG:example_xcom_args_with_operators
[2024-09-24T23:38:26.249+0000] {logging_mixin.py:190} INFO - [2024-09-24T23:38:26.248+0000] {override.py:1900} INFO - Created Permission View: can delete on DAG:example_xcom_args_with_operators
[2024-09-24T23:38:26.312+0000] {logging_mixin.py:190} INFO - [2024-09-24T23:38:26.310+0000] {override.py:1900} INFO - Created Permission View: can read on DAG Run:example_xcom_args_with_operators
[2024-09-24T23:38:26.359+0000] {logging_mixin.py:190} INFO - [2024-09-24T23:38:26.358+0000] {override.py:1900} INFO - Created Permission View: menu access on DAG Run:example_xcom_args_with_operators
[2024-09-24T23:38:26.409+0000] {logging_mixin.py:190} INFO - [2024-09-24T23:38:26.408+0000] {override.py:1900} INFO - Created Permission View: can delete on DAG Run:example_xcom_args_with_operators
[2024-09-24T23:38:26.462+0000] {logging_mixin.py:190} INFO - [2024-09-24T23:38:26.461+0000] {override.py:1900} INFO - Created Permission View: can create on DAG Run:example_xcom_args_with_operators
[2024-09-24T23:38:26.590+0000] {logging_mixin.py:190} INFO - [2024-09-24T23:38:26.589+0000] {override.py:1900} INFO - Created Permission View: can edit on DAG:example_xcom_args
[2024-09-24T23:38:26.652+0000] {logging_mixin.py:190} INFO - [2024-09-24T23:38:26.651+0000] {override.py:1900} INFO - Created Permission View: can read on DAG:example_xcom_args
[2024-09-24T23:38:26.712+0000] {logging_mixin.py:190} INFO - [2024-09-24T23:38:26.711+0000] {override.py:1900} INFO - Created Permission View: can delete on DAG:example_xcom_args
[2024-09-24T23:38:26.766+0000] {logging_mixin.py:190} INFO - [2024-09-24T23:38:26.761+0000] {override.py:1900} INFO - Created Permission View: can read on DAG Run:example_xcom_args
[2024-09-24T23:38:26.822+0000] {logging_mixin.py:190} INFO - [2024-09-24T23:38:26.821+0000] {override.py:1900} INFO - Created Permission View: menu access on DAG Run:example_xcom_args
[2024-09-24T23:38:26.859+0000] {logging_mixin.py:190} INFO - [2024-09-24T23:38:26.858+0000] {override.py:1900} INFO - Created Permission View: can delete on DAG Run:example_xcom_args
[2024-09-24T23:38:26.910+0000] {logging_mixin.py:190} INFO - [2024-09-24T23:38:26.909+0000] {override.py:1900} INFO - Created Permission View: can create on DAG Run:example_xcom_args
[2024-09-24T23:38:26.913+0000] {logging_mixin.py:190} INFO - [2024-09-24T23:38:26.912+0000] {dag.py:3239} INFO - Sync 2 DAGs
[2024-09-24T23:38:27.033+0000] {logging_mixin.py:190} INFO - [2024-09-24T23:38:27.032+0000] {dag.py:3262} INFO - Creating ORM DAG for example_xcom_args
[2024-09-24T23:38:27.054+0000] {logging_mixin.py:190} INFO - [2024-09-24T23:38:27.054+0000] {dag.py:3262} INFO - Creating ORM DAG for example_xcom_args_with_operators
[2024-09-24T23:38:27.058+0000] {logging_mixin.py:190} INFO - [2024-09-24T23:38:27.057+0000] {dag.py:4180} INFO - Setting next_dagrun for example_xcom_args to None, run_after=None
[2024-09-24T23:38:27.070+0000] {logging_mixin.py:190} INFO - [2024-09-24T23:38:27.070+0000] {dag.py:4180} INFO - Setting next_dagrun for example_xcom_args_with_operators to None, run_after=None
[2024-09-24T23:38:27.275+0000] {processor.py:208} INFO - Processing /home/airflow/.local/lib/python3.12/site-packages/airflow/example_dags/example_xcomargs.py took 2.266 seconds
[2024-09-24T23:38:58.451+0000] {processor.py:186} INFO - Started process (PID=702) to work on /home/airflow/.local/lib/python3.12/site-packages/airflow/example_dags/example_xcomargs.py
[2024-09-24T23:38:58.464+0000] {processor.py:914} INFO - Processing file /home/airflow/.local/lib/python3.12/site-packages/airflow/example_dags/example_xcomargs.py for tasks to queue
[2024-09-24T23:38:58.480+0000] {logging_mixin.py:190} INFO - [2024-09-24T23:38:58.473+0000] {dagbag.py:588} INFO - Filling up the DagBag from /home/airflow/.local/lib/python3.12/site-packages/airflow/example_dags/example_xcomargs.py
[2024-09-24T23:38:58.567+0000] {processor.py:925} INFO - DAG(s) 'example_xcom_args', 'example_xcom_args_with_operators' retrieved from /home/airflow/.local/lib/python3.12/site-packages/airflow/example_dags/example_xcomargs.py
[2024-09-24T23:38:58.749+0000] {logging_mixin.py:190} INFO - [2024-09-24T23:38:58.740+0000] {dag.py:3239} INFO - Sync 2 DAGs
[2024-09-24T23:38:58.934+0000] {logging_mixin.py:190} INFO - [2024-09-24T23:38:58.933+0000] {dag.py:4180} INFO - Setting next_dagrun for example_xcom_args to None, run_after=None
[2024-09-24T23:38:58.969+0000] {logging_mixin.py:190} INFO - [2024-09-24T23:38:58.968+0000] {dag.py:4180} INFO - Setting next_dagrun for example_xcom_args_with_operators to None, run_after=None
[2024-09-24T23:38:59.181+0000] {processor.py:208} INFO - Processing /home/airflow/.local/lib/python3.12/site-packages/airflow/example_dags/example_xcomargs.py took 0.775 seconds
[2024-09-24T23:39:29.644+0000] {processor.py:186} INFO - Started process (PID=990) to work on /home/airflow/.local/lib/python3.12/site-packages/airflow/example_dags/example_xcomargs.py
[2024-09-24T23:39:29.646+0000] {processor.py:914} INFO - Processing file /home/airflow/.local/lib/python3.12/site-packages/airflow/example_dags/example_xcomargs.py for tasks to queue
[2024-09-24T23:39:29.661+0000] {logging_mixin.py:190} INFO - [2024-09-24T23:39:29.661+0000] {dagbag.py:588} INFO - Filling up the DagBag from /home/airflow/.local/lib/python3.12/site-packages/airflow/example_dags/example_xcomargs.py
[2024-09-24T23:39:29.720+0000] {processor.py:925} INFO - DAG(s) 'example_xcom_args_with_operators', 'example_xcom_args' retrieved from /home/airflow/.local/lib/python3.12/site-packages/airflow/example_dags/example_xcomargs.py
[2024-09-24T23:39:29.851+0000] {logging_mixin.py:190} INFO - [2024-09-24T23:39:29.850+0000] {dag.py:3239} INFO - Sync 2 DAGs
[2024-09-24T23:39:29.926+0000] {logging_mixin.py:190} INFO - [2024-09-24T23:39:29.924+0000] {dag.py:4180} INFO - Setting next_dagrun for example_xcom_args to None, run_after=None
[2024-09-24T23:39:29.938+0000] {logging_mixin.py:190} INFO - [2024-09-24T23:39:29.938+0000] {dag.py:4180} INFO - Setting next_dagrun for example_xcom_args_with_operators to None, run_after=None
[2024-09-24T23:39:30.014+0000] {processor.py:208} INFO - Processing /home/airflow/.local/lib/python3.12/site-packages/airflow/example_dags/example_xcomargs.py took 0.398 seconds
[2024-09-24T23:40:00.897+0000] {processor.py:186} INFO - Started process (PID=1276) to work on /home/airflow/.local/lib/python3.12/site-packages/airflow/example_dags/example_xcomargs.py
[2024-09-24T23:40:00.899+0000] {processor.py:914} INFO - Processing file /home/airflow/.local/lib/python3.12/site-packages/airflow/example_dags/example_xcomargs.py for tasks to queue
[2024-09-24T23:40:00.903+0000] {logging_mixin.py:190} INFO - [2024-09-24T23:40:00.902+0000] {dagbag.py:588} INFO - Filling up the DagBag from /home/airflow/.local/lib/python3.12/site-packages/airflow/example_dags/example_xcomargs.py
[2024-09-24T23:40:00.922+0000] {processor.py:925} INFO - DAG(s) 'example_xcom_args_with_operators', 'example_xcom_args' retrieved from /home/airflow/.local/lib/python3.12/site-packages/airflow/example_dags/example_xcomargs.py
[2024-09-24T23:40:00.983+0000] {logging_mixin.py:190} INFO - [2024-09-24T23:40:00.982+0000] {dag.py:3239} INFO - Sync 2 DAGs
[2024-09-24T23:40:01.034+0000] {logging_mixin.py:190} INFO - [2024-09-24T23:40:01.033+0000] {dag.py:4180} INFO - Setting next_dagrun for example_xcom_args to None, run_after=None
[2024-09-24T23:40:01.049+0000] {logging_mixin.py:190} INFO - [2024-09-24T23:40:01.049+0000] {dag.py:4180} INFO - Setting next_dagrun for example_xcom_args_with_operators to None, run_after=None
[2024-09-24T23:40:01.093+0000] {processor.py:208} INFO - Processing /home/airflow/.local/lib/python3.12/site-packages/airflow/example_dags/example_xcomargs.py took 0.210 seconds
[2024-09-24T23:40:31.690+0000] {processor.py:186} INFO - Started process (PID=1563) to work on /home/airflow/.local/lib/python3.12/site-packages/airflow/example_dags/example_xcomargs.py
[2024-09-24T23:40:31.694+0000] {processor.py:914} INFO - Processing file /home/airflow/.local/lib/python3.12/site-packages/airflow/example_dags/example_xcomargs.py for tasks to queue
[2024-09-24T23:40:31.701+0000] {logging_mixin.py:190} INFO - [2024-09-24T23:40:31.700+0000] {dagbag.py:588} INFO - Filling up the DagBag from /home/airflow/.local/lib/python3.12/site-packages/airflow/example_dags/example_xcomargs.py
[2024-09-24T23:40:31.752+0000] {processor.py:925} INFO - DAG(s) 'example_xcom_args', 'example_xcom_args_with_operators' retrieved from /home/airflow/.local/lib/python3.12/site-packages/airflow/example_dags/example_xcomargs.py
[2024-09-24T23:40:31.845+0000] {logging_mixin.py:190} INFO - [2024-09-24T23:40:31.844+0000] {dag.py:3239} INFO - Sync 2 DAGs
[2024-09-24T23:40:31.932+0000] {logging_mixin.py:190} INFO - [2024-09-24T23:40:31.931+0000] {dag.py:4180} INFO - Setting next_dagrun for example_xcom_args to None, run_after=None
[2024-09-24T23:40:31.959+0000] {logging_mixin.py:190} INFO - [2024-09-24T23:40:31.958+0000] {dag.py:4180} INFO - Setting next_dagrun for example_xcom_args_with_operators to None, run_after=None
[2024-09-24T23:40:32.045+0000] {processor.py:208} INFO - Processing /home/airflow/.local/lib/python3.12/site-packages/airflow/example_dags/example_xcomargs.py took 0.387 seconds
[2024-09-24T23:41:02.945+0000] {processor.py:186} INFO - Started process (PID=1848) to work on /home/airflow/.local/lib/python3.12/site-packages/airflow/example_dags/example_xcomargs.py
[2024-09-24T23:41:02.949+0000] {processor.py:914} INFO - Processing file /home/airflow/.local/lib/python3.12/site-packages/airflow/example_dags/example_xcomargs.py for tasks to queue
[2024-09-24T23:41:02.956+0000] {logging_mixin.py:190} INFO - [2024-09-24T23:41:02.955+0000] {dagbag.py:588} INFO - Filling up the DagBag from /home/airflow/.local/lib/python3.12/site-packages/airflow/example_dags/example_xcomargs.py
[2024-09-24T23:41:03.014+0000] {processor.py:925} INFO - DAG(s) 'example_xcom_args_with_operators', 'example_xcom_args' retrieved from /home/airflow/.local/lib/python3.12/site-packages/airflow/example_dags/example_xcomargs.py
[2024-09-24T23:41:03.110+0000] {logging_mixin.py:190} INFO - [2024-09-24T23:41:03.110+0000] {dag.py:3239} INFO - Sync 2 DAGs
[2024-09-24T23:41:03.196+0000] {logging_mixin.py:190} INFO - [2024-09-24T23:41:03.196+0000] {dag.py:4180} INFO - Setting next_dagrun for example_xcom_args to None, run_after=None
[2024-09-24T23:41:03.217+0000] {logging_mixin.py:190} INFO - [2024-09-24T23:41:03.216+0000] {dag.py:4180} INFO - Setting next_dagrun for example_xcom_args_with_operators to None, run_after=None
[2024-09-24T23:41:03.285+0000] {processor.py:208} INFO - Processing /home/airflow/.local/lib/python3.12/site-packages/airflow/example_dags/example_xcomargs.py took 0.376 seconds
[2024-09-24T23:41:33.641+0000] {processor.py:186} INFO - Started process (PID=2134) to work on /home/airflow/.local/lib/python3.12/site-packages/airflow/example_dags/example_xcomargs.py
[2024-09-24T23:41:33.646+0000] {processor.py:914} INFO - Processing file /home/airflow/.local/lib/python3.12/site-packages/airflow/example_dags/example_xcomargs.py for tasks to queue
[2024-09-24T23:41:33.663+0000] {logging_mixin.py:190} INFO - [2024-09-24T23:41:33.661+0000] {dagbag.py:588} INFO - Filling up the DagBag from /home/airflow/.local/lib/python3.12/site-packages/airflow/example_dags/example_xcomargs.py
[2024-09-24T23:41:33.720+0000] {processor.py:925} INFO - DAG(s) 'example_xcom_args', 'example_xcom_args_with_operators' retrieved from /home/airflow/.local/lib/python3.12/site-packages/airflow/example_dags/example_xcomargs.py
[2024-09-24T23:41:33.814+0000] {logging_mixin.py:190} INFO - [2024-09-24T23:41:33.813+0000] {dag.py:3239} INFO - Sync 2 DAGs
[2024-09-24T23:41:33.866+0000] {logging_mixin.py:190} INFO - [2024-09-24T23:41:33.865+0000] {dag.py:4180} INFO - Setting next_dagrun for example_xcom_args to None, run_after=None
[2024-09-24T23:41:33.878+0000] {logging_mixin.py:190} INFO - [2024-09-24T23:41:33.878+0000] {dag.py:4180} INFO - Setting next_dagrun for example_xcom_args_with_operators to None, run_after=None
[2024-09-24T23:41:33.938+0000] {processor.py:208} INFO - Processing /home/airflow/.local/lib/python3.12/site-packages/airflow/example_dags/example_xcomargs.py took 0.318 seconds
[2024-09-24T23:42:04.374+0000] {processor.py:186} INFO - Started process (PID=2420) to work on /home/airflow/.local/lib/python3.12/site-packages/airflow/example_dags/example_xcomargs.py
[2024-09-24T23:42:04.378+0000] {processor.py:914} INFO - Processing file /home/airflow/.local/lib/python3.12/site-packages/airflow/example_dags/example_xcomargs.py for tasks to queue
[2024-09-24T23:42:04.386+0000] {logging_mixin.py:190} INFO - [2024-09-24T23:42:04.385+0000] {dagbag.py:588} INFO - Filling up the DagBag from /home/airflow/.local/lib/python3.12/site-packages/airflow/example_dags/example_xcomargs.py
[2024-09-24T23:42:04.420+0000] {processor.py:925} INFO - DAG(s) 'example_xcom_args', 'example_xcom_args_with_operators' retrieved from /home/airflow/.local/lib/python3.12/site-packages/airflow/example_dags/example_xcomargs.py
[2024-09-24T23:42:04.486+0000] {logging_mixin.py:190} INFO - [2024-09-24T23:42:04.485+0000] {dag.py:3239} INFO - Sync 2 DAGs
[2024-09-24T23:42:04.533+0000] {logging_mixin.py:190} INFO - [2024-09-24T23:42:04.533+0000] {dag.py:4180} INFO - Setting next_dagrun for example_xcom_args to None, run_after=None
[2024-09-24T23:42:04.543+0000] {logging_mixin.py:190} INFO - [2024-09-24T23:42:04.543+0000] {dag.py:4180} INFO - Setting next_dagrun for example_xcom_args_with_operators to None, run_after=None
[2024-09-24T23:42:04.590+0000] {processor.py:208} INFO - Processing /home/airflow/.local/lib/python3.12/site-packages/airflow/example_dags/example_xcomargs.py took 0.232 seconds
[2024-09-24T23:42:35.386+0000] {processor.py:186} INFO - Started process (PID=2706) to work on /home/airflow/.local/lib/python3.12/site-packages/airflow/example_dags/example_xcomargs.py
[2024-09-24T23:42:35.388+0000] {processor.py:914} INFO - Processing file /home/airflow/.local/lib/python3.12/site-packages/airflow/example_dags/example_xcomargs.py for tasks to queue
[2024-09-24T23:42:35.395+0000] {logging_mixin.py:190} INFO - [2024-09-24T23:42:35.394+0000] {dagbag.py:588} INFO - Filling up the DagBag from /home/airflow/.local/lib/python3.12/site-packages/airflow/example_dags/example_xcomargs.py
[2024-09-24T23:42:35.418+0000] {processor.py:925} INFO - DAG(s) 'example_xcom_args', 'example_xcom_args_with_operators' retrieved from /home/airflow/.local/lib/python3.12/site-packages/airflow/example_dags/example_xcomargs.py
[2024-09-24T23:42:35.469+0000] {logging_mixin.py:190} INFO - [2024-09-24T23:42:35.469+0000] {dag.py:3239} INFO - Sync 2 DAGs
[2024-09-24T23:42:35.513+0000] {logging_mixin.py:190} INFO - [2024-09-24T23:42:35.512+0000] {dag.py:4180} INFO - Setting next_dagrun for example_xcom_args to None, run_after=None
[2024-09-24T23:42:35.523+0000] {logging_mixin.py:190} INFO - [2024-09-24T23:42:35.522+0000] {dag.py:4180} INFO - Setting next_dagrun for example_xcom_args_with_operators to None, run_after=None
[2024-09-24T23:42:35.568+0000] {processor.py:208} INFO - Processing /home/airflow/.local/lib/python3.12/site-packages/airflow/example_dags/example_xcomargs.py took 0.193 seconds
[2024-09-24T23:43:05.810+0000] {processor.py:186} INFO - Started process (PID=2992) to work on /home/airflow/.local/lib/python3.12/site-packages/airflow/example_dags/example_xcomargs.py
[2024-09-24T23:43:05.814+0000] {processor.py:914} INFO - Processing file /home/airflow/.local/lib/python3.12/site-packages/airflow/example_dags/example_xcomargs.py for tasks to queue
[2024-09-24T23:43:05.820+0000] {logging_mixin.py:190} INFO - [2024-09-24T23:43:05.819+0000] {dagbag.py:588} INFO - Filling up the DagBag from /home/airflow/.local/lib/python3.12/site-packages/airflow/example_dags/example_xcomargs.py
[2024-09-24T23:43:05.855+0000] {processor.py:925} INFO - DAG(s) 'example_xcom_args', 'example_xcom_args_with_operators' retrieved from /home/airflow/.local/lib/python3.12/site-packages/airflow/example_dags/example_xcomargs.py
[2024-09-24T23:43:05.917+0000] {logging_mixin.py:190} INFO - [2024-09-24T23:43:05.916+0000] {dag.py:3239} INFO - Sync 2 DAGs
[2024-09-24T23:43:05.955+0000] {logging_mixin.py:190} INFO - [2024-09-24T23:43:05.954+0000] {dag.py:4180} INFO - Setting next_dagrun for example_xcom_args to None, run_after=None
[2024-09-24T23:43:05.964+0000] {logging_mixin.py:190} INFO - [2024-09-24T23:43:05.963+0000] {dag.py:4180} INFO - Setting next_dagrun for example_xcom_args_with_operators to None, run_after=None
[2024-09-24T23:43:06.019+0000] {processor.py:208} INFO - Processing /home/airflow/.local/lib/python3.12/site-packages/airflow/example_dags/example_xcomargs.py took 0.226 seconds
[2024-09-24T23:43:36.653+0000] {processor.py:186} INFO - Started process (PID=3280) to work on /home/airflow/.local/lib/python3.12/site-packages/airflow/example_dags/example_xcomargs.py
[2024-09-24T23:43:36.655+0000] {processor.py:914} INFO - Processing file /home/airflow/.local/lib/python3.12/site-packages/airflow/example_dags/example_xcomargs.py for tasks to queue
[2024-09-24T23:43:36.660+0000] {logging_mixin.py:190} INFO - [2024-09-24T23:43:36.660+0000] {dagbag.py:588} INFO - Filling up the DagBag from /home/airflow/.local/lib/python3.12/site-packages/airflow/example_dags/example_xcomargs.py
[2024-09-24T23:43:36.677+0000] {processor.py:925} INFO - DAG(s) 'example_xcom_args', 'example_xcom_args_with_operators' retrieved from /home/airflow/.local/lib/python3.12/site-packages/airflow/example_dags/example_xcomargs.py
[2024-09-24T23:43:36.722+0000] {logging_mixin.py:190} INFO - [2024-09-24T23:43:36.721+0000] {dag.py:3239} INFO - Sync 2 DAGs
[2024-09-24T23:43:36.752+0000] {logging_mixin.py:190} INFO - [2024-09-24T23:43:36.752+0000] {dag.py:4180} INFO - Setting next_dagrun for example_xcom_args to None, run_after=None
[2024-09-24T23:43:36.760+0000] {logging_mixin.py:190} INFO - [2024-09-24T23:43:36.760+0000] {dag.py:4180} INFO - Setting next_dagrun for example_xcom_args_with_operators to None, run_after=None
[2024-09-24T23:43:36.793+0000] {processor.py:208} INFO - Processing /home/airflow/.local/lib/python3.12/site-packages/airflow/example_dags/example_xcomargs.py took 0.151 seconds
[2024-09-24T23:44:07.970+0000] {processor.py:186} INFO - Started process (PID=3564) to work on /home/airflow/.local/lib/python3.12/site-packages/airflow/example_dags/example_xcomargs.py
[2024-09-24T23:44:07.973+0000] {processor.py:914} INFO - Processing file /home/airflow/.local/lib/python3.12/site-packages/airflow/example_dags/example_xcomargs.py for tasks to queue
[2024-09-24T23:44:07.983+0000] {logging_mixin.py:190} INFO - [2024-09-24T23:44:07.982+0000] {dagbag.py:588} INFO - Filling up the DagBag from /home/airflow/.local/lib/python3.12/site-packages/airflow/example_dags/example_xcomargs.py
[2024-09-24T23:44:08.031+0000] {processor.py:925} INFO - DAG(s) 'example_xcom_args_with_operators', 'example_xcom_args' retrieved from /home/airflow/.local/lib/python3.12/site-packages/airflow/example_dags/example_xcomargs.py
[2024-09-24T23:44:08.133+0000] {logging_mixin.py:190} INFO - [2024-09-24T23:44:08.132+0000] {dag.py:3239} INFO - Sync 2 DAGs
[2024-09-24T23:44:08.225+0000] {logging_mixin.py:190} INFO - [2024-09-24T23:44:08.224+0000] {dag.py:4180} INFO - Setting next_dagrun for example_xcom_args to None, run_after=None
[2024-09-24T23:44:08.240+0000] {logging_mixin.py:190} INFO - [2024-09-24T23:44:08.239+0000] {dag.py:4180} INFO - Setting next_dagrun for example_xcom_args_with_operators to None, run_after=None
[2024-09-24T23:44:08.298+0000] {processor.py:208} INFO - Processing /home/airflow/.local/lib/python3.12/site-packages/airflow/example_dags/example_xcomargs.py took 0.363 seconds
[2024-09-24T23:44:39.068+0000] {processor.py:186} INFO - Started process (PID=3850) to work on /home/airflow/.local/lib/python3.12/site-packages/airflow/example_dags/example_xcomargs.py
[2024-09-24T23:44:39.076+0000] {processor.py:914} INFO - Processing file /home/airflow/.local/lib/python3.12/site-packages/airflow/example_dags/example_xcomargs.py for tasks to queue
[2024-09-24T23:44:39.084+0000] {logging_mixin.py:190} INFO - [2024-09-24T23:44:39.083+0000] {dagbag.py:588} INFO - Filling up the DagBag from /home/airflow/.local/lib/python3.12/site-packages/airflow/example_dags/example_xcomargs.py
[2024-09-24T23:44:39.117+0000] {processor.py:925} INFO - DAG(s) 'example_xcom_args_with_operators', 'example_xcom_args' retrieved from /home/airflow/.local/lib/python3.12/site-packages/airflow/example_dags/example_xcomargs.py
[2024-09-24T23:44:39.188+0000] {logging_mixin.py:190} INFO - [2024-09-24T23:44:39.187+0000] {dag.py:3239} INFO - Sync 2 DAGs
[2024-09-24T23:44:39.231+0000] {logging_mixin.py:190} INFO - [2024-09-24T23:44:39.230+0000] {dag.py:4180} INFO - Setting next_dagrun for example_xcom_args to None, run_after=None
[2024-09-24T23:44:39.242+0000] {logging_mixin.py:190} INFO - [2024-09-24T23:44:39.241+0000] {dag.py:4180} INFO - Setting next_dagrun for example_xcom_args_with_operators to None, run_after=None
[2024-09-24T23:44:39.295+0000] {processor.py:208} INFO - Processing /home/airflow/.local/lib/python3.12/site-packages/airflow/example_dags/example_xcomargs.py took 0.250 seconds
[2024-09-24T23:45:10.008+0000] {processor.py:186} INFO - Started process (PID=4136) to work on /home/airflow/.local/lib/python3.12/site-packages/airflow/example_dags/example_xcomargs.py
[2024-09-24T23:45:10.011+0000] {processor.py:914} INFO - Processing file /home/airflow/.local/lib/python3.12/site-packages/airflow/example_dags/example_xcomargs.py for tasks to queue
[2024-09-24T23:45:10.016+0000] {logging_mixin.py:190} INFO - [2024-09-24T23:45:10.015+0000] {dagbag.py:588} INFO - Filling up the DagBag from /home/airflow/.local/lib/python3.12/site-packages/airflow/example_dags/example_xcomargs.py
[2024-09-24T23:45:10.040+0000] {processor.py:925} INFO - DAG(s) 'example_xcom_args_with_operators', 'example_xcom_args' retrieved from /home/airflow/.local/lib/python3.12/site-packages/airflow/example_dags/example_xcomargs.py
[2024-09-24T23:45:10.094+0000] {logging_mixin.py:190} INFO - [2024-09-24T23:45:10.094+0000] {dag.py:3239} INFO - Sync 2 DAGs
[2024-09-24T23:45:10.128+0000] {logging_mixin.py:190} INFO - [2024-09-24T23:45:10.128+0000] {dag.py:4180} INFO - Setting next_dagrun for example_xcom_args to None, run_after=None
[2024-09-24T23:45:10.137+0000] {logging_mixin.py:190} INFO - [2024-09-24T23:45:10.137+0000] {dag.py:4180} INFO - Setting next_dagrun for example_xcom_args_with_operators to None, run_after=None
[2024-09-24T23:45:10.172+0000] {processor.py:208} INFO - Processing /home/airflow/.local/lib/python3.12/site-packages/airflow/example_dags/example_xcomargs.py took 0.176 seconds
[2024-09-24T23:45:40.474+0000] {processor.py:186} INFO - Started process (PID=4419) to work on /home/airflow/.local/lib/python3.12/site-packages/airflow/example_dags/example_xcomargs.py
[2024-09-24T23:45:40.476+0000] {processor.py:914} INFO - Processing file /home/airflow/.local/lib/python3.12/site-packages/airflow/example_dags/example_xcomargs.py for tasks to queue
[2024-09-24T23:45:40.480+0000] {logging_mixin.py:190} INFO - [2024-09-24T23:45:40.480+0000] {dagbag.py:588} INFO - Filling up the DagBag from /home/airflow/.local/lib/python3.12/site-packages/airflow/example_dags/example_xcomargs.py
[2024-09-24T23:45:40.505+0000] {processor.py:925} INFO - DAG(s) 'example_xcom_args_with_operators', 'example_xcom_args' retrieved from /home/airflow/.local/lib/python3.12/site-packages/airflow/example_dags/example_xcomargs.py
[2024-09-24T23:45:40.558+0000] {logging_mixin.py:190} INFO - [2024-09-24T23:45:40.557+0000] {dag.py:3239} INFO - Sync 2 DAGs
[2024-09-24T23:45:40.599+0000] {logging_mixin.py:190} INFO - [2024-09-24T23:45:40.598+0000] {dag.py:4180} INFO - Setting next_dagrun for example_xcom_args to None, run_after=None
[2024-09-24T23:45:40.608+0000] {logging_mixin.py:190} INFO - [2024-09-24T23:45:40.607+0000] {dag.py:4180} INFO - Setting next_dagrun for example_xcom_args_with_operators to None, run_after=None
[2024-09-24T23:45:40.658+0000] {processor.py:208} INFO - Processing /home/airflow/.local/lib/python3.12/site-packages/airflow/example_dags/example_xcomargs.py took 0.194 seconds
[2024-09-24T23:46:11.051+0000] {processor.py:186} INFO - Started process (PID=4705) to work on /home/airflow/.local/lib/python3.12/site-packages/airflow/example_dags/example_xcomargs.py
[2024-09-24T23:46:11.053+0000] {processor.py:914} INFO - Processing file /home/airflow/.local/lib/python3.12/site-packages/airflow/example_dags/example_xcomargs.py for tasks to queue
[2024-09-24T23:46:11.059+0000] {logging_mixin.py:190} INFO - [2024-09-24T23:46:11.058+0000] {dagbag.py:588} INFO - Filling up the DagBag from /home/airflow/.local/lib/python3.12/site-packages/airflow/example_dags/example_xcomargs.py
[2024-09-24T23:46:11.084+0000] {processor.py:925} INFO - DAG(s) 'example_xcom_args_with_operators', 'example_xcom_args' retrieved from /home/airflow/.local/lib/python3.12/site-packages/airflow/example_dags/example_xcomargs.py
[2024-09-24T23:46:11.218+0000] {logging_mixin.py:190} INFO - [2024-09-24T23:46:11.217+0000] {dag.py:3239} INFO - Sync 2 DAGs
[2024-09-24T23:46:11.334+0000] {logging_mixin.py:190} INFO - [2024-09-24T23:46:11.333+0000] {dag.py:4180} INFO - Setting next_dagrun for example_xcom_args to None, run_after=None
[2024-09-24T23:46:11.348+0000] {logging_mixin.py:190} INFO - [2024-09-24T23:46:11.347+0000] {dag.py:4180} INFO - Setting next_dagrun for example_xcom_args_with_operators to None, run_after=None
[2024-09-24T23:46:11.547+0000] {processor.py:208} INFO - Processing /home/airflow/.local/lib/python3.12/site-packages/airflow/example_dags/example_xcomargs.py took 0.512 seconds
[2024-09-24T23:46:42.543+0000] {processor.py:186} INFO - Started process (PID=4991) to work on /home/airflow/.local/lib/python3.12/site-packages/airflow/example_dags/example_xcomargs.py
[2024-09-24T23:46:42.546+0000] {processor.py:914} INFO - Processing file /home/airflow/.local/lib/python3.12/site-packages/airflow/example_dags/example_xcomargs.py for tasks to queue
[2024-09-24T23:46:42.565+0000] {logging_mixin.py:190} INFO - [2024-09-24T23:46:42.564+0000] {dagbag.py:588} INFO - Filling up the DagBag from /home/airflow/.local/lib/python3.12/site-packages/airflow/example_dags/example_xcomargs.py
[2024-09-24T23:46:42.587+0000] {processor.py:925} INFO - DAG(s) 'example_xcom_args', 'example_xcom_args_with_operators' retrieved from /home/airflow/.local/lib/python3.12/site-packages/airflow/example_dags/example_xcomargs.py
[2024-09-24T23:46:42.644+0000] {logging_mixin.py:190} INFO - [2024-09-24T23:46:42.644+0000] {dag.py:3239} INFO - Sync 2 DAGs
[2024-09-24T23:46:42.686+0000] {logging_mixin.py:190} INFO - [2024-09-24T23:46:42.686+0000] {dag.py:4180} INFO - Setting next_dagrun for example_xcom_args to None, run_after=None
[2024-09-24T23:46:42.696+0000] {logging_mixin.py:190} INFO - [2024-09-24T23:46:42.695+0000] {dag.py:4180} INFO - Setting next_dagrun for example_xcom_args_with_operators to None, run_after=None
[2024-09-24T23:46:42.757+0000] {processor.py:208} INFO - Processing /home/airflow/.local/lib/python3.12/site-packages/airflow/example_dags/example_xcomargs.py took 0.238 seconds
[2024-09-24T23:47:13.507+0000] {processor.py:186} INFO - Started process (PID=5277) to work on /home/airflow/.local/lib/python3.12/site-packages/airflow/example_dags/example_xcomargs.py
[2024-09-24T23:47:13.510+0000] {processor.py:914} INFO - Processing file /home/airflow/.local/lib/python3.12/site-packages/airflow/example_dags/example_xcomargs.py for tasks to queue
[2024-09-24T23:47:13.514+0000] {logging_mixin.py:190} INFO - [2024-09-24T23:47:13.514+0000] {dagbag.py:588} INFO - Filling up the DagBag from /home/airflow/.local/lib/python3.12/site-packages/airflow/example_dags/example_xcomargs.py
[2024-09-24T23:47:13.531+0000] {processor.py:925} INFO - DAG(s) 'example_xcom_args_with_operators', 'example_xcom_args' retrieved from /home/airflow/.local/lib/python3.12/site-packages/airflow/example_dags/example_xcomargs.py
[2024-09-24T23:47:13.600+0000] {logging_mixin.py:190} INFO - [2024-09-24T23:47:13.600+0000] {dag.py:3239} INFO - Sync 2 DAGs
[2024-09-24T23:47:13.633+0000] {logging_mixin.py:190} INFO - [2024-09-24T23:47:13.632+0000] {dag.py:4180} INFO - Setting next_dagrun for example_xcom_args to None, run_after=None
[2024-09-24T23:47:13.642+0000] {logging_mixin.py:190} INFO - [2024-09-24T23:47:13.641+0000] {dag.py:4180} INFO - Setting next_dagrun for example_xcom_args_with_operators to None, run_after=None
[2024-09-24T23:47:13.682+0000] {processor.py:208} INFO - Processing /home/airflow/.local/lib/python3.12/site-packages/airflow/example_dags/example_xcomargs.py took 0.187 seconds
[2024-09-24T23:47:43.836+0000] {processor.py:186} INFO - Started process (PID=5563) to work on /home/airflow/.local/lib/python3.12/site-packages/airflow/example_dags/example_xcomargs.py
[2024-09-24T23:47:43.838+0000] {processor.py:914} INFO - Processing file /home/airflow/.local/lib/python3.12/site-packages/airflow/example_dags/example_xcomargs.py for tasks to queue
[2024-09-24T23:47:43.843+0000] {logging_mixin.py:190} INFO - [2024-09-24T23:47:43.842+0000] {dagbag.py:588} INFO - Filling up the DagBag from /home/airflow/.local/lib/python3.12/site-packages/airflow/example_dags/example_xcomargs.py
[2024-09-24T23:47:43.862+0000] {processor.py:925} INFO - DAG(s) 'example_xcom_args_with_operators', 'example_xcom_args' retrieved from /home/airflow/.local/lib/python3.12/site-packages/airflow/example_dags/example_xcomargs.py
[2024-09-24T23:47:43.926+0000] {logging_mixin.py:190} INFO - [2024-09-24T23:47:43.925+0000] {dag.py:3239} INFO - Sync 2 DAGs
[2024-09-24T23:47:43.960+0000] {logging_mixin.py:190} INFO - [2024-09-24T23:47:43.960+0000] {dag.py:4180} INFO - Setting next_dagrun for example_xcom_args to None, run_after=None
[2024-09-24T23:47:43.969+0000] {logging_mixin.py:190} INFO - [2024-09-24T23:47:43.969+0000] {dag.py:4180} INFO - Setting next_dagrun for example_xcom_args_with_operators to None, run_after=None
[2024-09-24T23:47:44.008+0000] {processor.py:208} INFO - Processing /home/airflow/.local/lib/python3.12/site-packages/airflow/example_dags/example_xcomargs.py took 0.184 seconds
[2024-09-24T23:48:14.480+0000] {processor.py:186} INFO - Started process (PID=5849) to work on /home/airflow/.local/lib/python3.12/site-packages/airflow/example_dags/example_xcomargs.py
[2024-09-24T23:48:14.483+0000] {processor.py:914} INFO - Processing file /home/airflow/.local/lib/python3.12/site-packages/airflow/example_dags/example_xcomargs.py for tasks to queue
[2024-09-24T23:48:14.489+0000] {logging_mixin.py:190} INFO - [2024-09-24T23:48:14.488+0000] {dagbag.py:588} INFO - Filling up the DagBag from /home/airflow/.local/lib/python3.12/site-packages/airflow/example_dags/example_xcomargs.py
[2024-09-24T23:48:14.508+0000] {processor.py:925} INFO - DAG(s) 'example_xcom_args', 'example_xcom_args_with_operators' retrieved from /home/airflow/.local/lib/python3.12/site-packages/airflow/example_dags/example_xcomargs.py
[2024-09-24T23:48:14.557+0000] {logging_mixin.py:190} INFO - [2024-09-24T23:48:14.556+0000] {dag.py:3239} INFO - Sync 2 DAGs
[2024-09-24T23:48:14.585+0000] {logging_mixin.py:190} INFO - [2024-09-24T23:48:14.585+0000] {dag.py:4180} INFO - Setting next_dagrun for example_xcom_args to None, run_after=None
[2024-09-24T23:48:14.593+0000] {logging_mixin.py:190} INFO - [2024-09-24T23:48:14.593+0000] {dag.py:4180} INFO - Setting next_dagrun for example_xcom_args_with_operators to None, run_after=None
[2024-09-24T23:48:14.631+0000] {processor.py:208} INFO - Processing /home/airflow/.local/lib/python3.12/site-packages/airflow/example_dags/example_xcomargs.py took 0.163 seconds
[2024-09-24T23:48:45.268+0000] {processor.py:186} INFO - Started process (PID=6135) to work on /home/airflow/.local/lib/python3.12/site-packages/airflow/example_dags/example_xcomargs.py
[2024-09-24T23:48:45.270+0000] {processor.py:914} INFO - Processing file /home/airflow/.local/lib/python3.12/site-packages/airflow/example_dags/example_xcomargs.py for tasks to queue
[2024-09-24T23:48:45.274+0000] {logging_mixin.py:190} INFO - [2024-09-24T23:48:45.274+0000] {dagbag.py:588} INFO - Filling up the DagBag from /home/airflow/.local/lib/python3.12/site-packages/airflow/example_dags/example_xcomargs.py
[2024-09-24T23:48:45.294+0000] {processor.py:925} INFO - DAG(s) 'example_xcom_args_with_operators', 'example_xcom_args' retrieved from /home/airflow/.local/lib/python3.12/site-packages/airflow/example_dags/example_xcomargs.py
[2024-09-24T23:48:45.348+0000] {logging_mixin.py:190} INFO - [2024-09-24T23:48:45.348+0000] {dag.py:3239} INFO - Sync 2 DAGs
[2024-09-24T23:48:45.397+0000] {logging_mixin.py:190} INFO - [2024-09-24T23:48:45.397+0000] {dag.py:4180} INFO - Setting next_dagrun for example_xcom_args to None, run_after=None
[2024-09-24T23:48:45.407+0000] {logging_mixin.py:190} INFO - [2024-09-24T23:48:45.407+0000] {dag.py:4180} INFO - Setting next_dagrun for example_xcom_args_with_operators to None, run_after=None
[2024-09-24T23:48:45.447+0000] {processor.py:208} INFO - Processing /home/airflow/.local/lib/python3.12/site-packages/airflow/example_dags/example_xcomargs.py took 0.192 seconds
[2024-09-24T23:49:15.678+0000] {processor.py:186} INFO - Started process (PID=6421) to work on /home/airflow/.local/lib/python3.12/site-packages/airflow/example_dags/example_xcomargs.py
[2024-09-24T23:49:15.681+0000] {processor.py:914} INFO - Processing file /home/airflow/.local/lib/python3.12/site-packages/airflow/example_dags/example_xcomargs.py for tasks to queue
[2024-09-24T23:49:15.696+0000] {logging_mixin.py:190} INFO - [2024-09-24T23:49:15.695+0000] {dagbag.py:588} INFO - Filling up the DagBag from /home/airflow/.local/lib/python3.12/site-packages/airflow/example_dags/example_xcomargs.py
[2024-09-24T23:49:15.760+0000] {processor.py:925} INFO - DAG(s) 'example_xcom_args_with_operators', 'example_xcom_args' retrieved from /home/airflow/.local/lib/python3.12/site-packages/airflow/example_dags/example_xcomargs.py
[2024-09-24T23:49:15.902+0000] {logging_mixin.py:190} INFO - [2024-09-24T23:49:15.901+0000] {dag.py:3239} INFO - Sync 2 DAGs
[2024-09-24T23:49:16.008+0000] {logging_mixin.py:190} INFO - [2024-09-24T23:49:15.996+0000] {dag.py:4180} INFO - Setting next_dagrun for example_xcom_args to None, run_after=None
[2024-09-24T23:49:16.039+0000] {logging_mixin.py:190} INFO - [2024-09-24T23:49:16.039+0000] {dag.py:4180} INFO - Setting next_dagrun for example_xcom_args_with_operators to None, run_after=None
[2024-09-24T23:49:16.143+0000] {processor.py:208} INFO - Processing /home/airflow/.local/lib/python3.12/site-packages/airflow/example_dags/example_xcomargs.py took 0.492 seconds
[2024-09-24T23:49:46.667+0000] {processor.py:186} INFO - Started process (PID=6707) to work on /home/airflow/.local/lib/python3.12/site-packages/airflow/example_dags/example_xcomargs.py
[2024-09-24T23:49:46.669+0000] {processor.py:914} INFO - Processing file /home/airflow/.local/lib/python3.12/site-packages/airflow/example_dags/example_xcomargs.py for tasks to queue
[2024-09-24T23:49:46.676+0000] {logging_mixin.py:190} INFO - [2024-09-24T23:49:46.675+0000] {dagbag.py:588} INFO - Filling up the DagBag from /home/airflow/.local/lib/python3.12/site-packages/airflow/example_dags/example_xcomargs.py
[2024-09-24T23:49:46.699+0000] {processor.py:925} INFO - DAG(s) 'example_xcom_args_with_operators', 'example_xcom_args' retrieved from /home/airflow/.local/lib/python3.12/site-packages/airflow/example_dags/example_xcomargs.py
[2024-09-24T23:49:46.750+0000] {logging_mixin.py:190} INFO - [2024-09-24T23:49:46.749+0000] {dag.py:3239} INFO - Sync 2 DAGs
[2024-09-24T23:49:46.784+0000] {logging_mixin.py:190} INFO - [2024-09-24T23:49:46.783+0000] {dag.py:4180} INFO - Setting next_dagrun for example_xcom_args to None, run_after=None
[2024-09-24T23:49:46.792+0000] {logging_mixin.py:190} INFO - [2024-09-24T23:49:46.791+0000] {dag.py:4180} INFO - Setting next_dagrun for example_xcom_args_with_operators to None, run_after=None
[2024-09-24T23:49:46.832+0000] {processor.py:208} INFO - Processing /home/airflow/.local/lib/python3.12/site-packages/airflow/example_dags/example_xcomargs.py took 0.178 seconds
[2024-09-24T23:50:17.214+0000] {processor.py:186} INFO - Started process (PID=6993) to work on /home/airflow/.local/lib/python3.12/site-packages/airflow/example_dags/example_xcomargs.py
[2024-09-24T23:50:17.216+0000] {processor.py:914} INFO - Processing file /home/airflow/.local/lib/python3.12/site-packages/airflow/example_dags/example_xcomargs.py for tasks to queue
[2024-09-24T23:50:17.221+0000] {logging_mixin.py:190} INFO - [2024-09-24T23:50:17.221+0000] {dagbag.py:588} INFO - Filling up the DagBag from /home/airflow/.local/lib/python3.12/site-packages/airflow/example_dags/example_xcomargs.py
[2024-09-24T23:50:17.246+0000] {processor.py:925} INFO - DAG(s) 'example_xcom_args_with_operators', 'example_xcom_args' retrieved from /home/airflow/.local/lib/python3.12/site-packages/airflow/example_dags/example_xcomargs.py
[2024-09-24T23:50:17.294+0000] {logging_mixin.py:190} INFO - [2024-09-24T23:50:17.293+0000] {dag.py:3239} INFO - Sync 2 DAGs
[2024-09-24T23:50:17.329+0000] {logging_mixin.py:190} INFO - [2024-09-24T23:50:17.328+0000] {dag.py:4180} INFO - Setting next_dagrun for example_xcom_args to None, run_after=None
[2024-09-24T23:50:17.338+0000] {logging_mixin.py:190} INFO - [2024-09-24T23:50:17.338+0000] {dag.py:4180} INFO - Setting next_dagrun for example_xcom_args_with_operators to None, run_after=None
[2024-09-24T23:50:17.375+0000] {processor.py:208} INFO - Processing /home/airflow/.local/lib/python3.12/site-packages/airflow/example_dags/example_xcomargs.py took 0.172 seconds
[2024-09-24T23:50:47.622+0000] {processor.py:186} INFO - Started process (PID=7279) to work on /home/airflow/.local/lib/python3.12/site-packages/airflow/example_dags/example_xcomargs.py
[2024-09-24T23:50:47.625+0000] {processor.py:914} INFO - Processing file /home/airflow/.local/lib/python3.12/site-packages/airflow/example_dags/example_xcomargs.py for tasks to queue
[2024-09-24T23:50:47.632+0000] {logging_mixin.py:190} INFO - [2024-09-24T23:50:47.631+0000] {dagbag.py:588} INFO - Filling up the DagBag from /home/airflow/.local/lib/python3.12/site-packages/airflow/example_dags/example_xcomargs.py
[2024-09-24T23:50:47.656+0000] {processor.py:925} INFO - DAG(s) 'example_xcom_args_with_operators', 'example_xcom_args' retrieved from /home/airflow/.local/lib/python3.12/site-packages/airflow/example_dags/example_xcomargs.py
[2024-09-24T23:50:47.718+0000] {logging_mixin.py:190} INFO - [2024-09-24T23:50:47.717+0000] {dag.py:3239} INFO - Sync 2 DAGs
[2024-09-24T23:50:47.757+0000] {logging_mixin.py:190} INFO - [2024-09-24T23:50:47.757+0000] {dag.py:4180} INFO - Setting next_dagrun for example_xcom_args to None, run_after=None
[2024-09-24T23:50:47.766+0000] {logging_mixin.py:190} INFO - [2024-09-24T23:50:47.766+0000] {dag.py:4180} INFO - Setting next_dagrun for example_xcom_args_with_operators to None, run_after=None
[2024-09-24T23:50:47.807+0000] {processor.py:208} INFO - Processing /home/airflow/.local/lib/python3.12/site-packages/airflow/example_dags/example_xcomargs.py took 0.199 seconds
[2024-09-24T23:51:18.157+0000] {processor.py:186} INFO - Started process (PID=7565) to work on /home/airflow/.local/lib/python3.12/site-packages/airflow/example_dags/example_xcomargs.py
[2024-09-24T23:51:18.159+0000] {processor.py:914} INFO - Processing file /home/airflow/.local/lib/python3.12/site-packages/airflow/example_dags/example_xcomargs.py for tasks to queue
[2024-09-24T23:51:18.165+0000] {logging_mixin.py:190} INFO - [2024-09-24T23:51:18.164+0000] {dagbag.py:588} INFO - Filling up the DagBag from /home/airflow/.local/lib/python3.12/site-packages/airflow/example_dags/example_xcomargs.py
[2024-09-24T23:51:18.186+0000] {processor.py:925} INFO - DAG(s) 'example_xcom_args', 'example_xcom_args_with_operators' retrieved from /home/airflow/.local/lib/python3.12/site-packages/airflow/example_dags/example_xcomargs.py
[2024-09-24T23:51:18.253+0000] {logging_mixin.py:190} INFO - [2024-09-24T23:51:18.252+0000] {dag.py:3239} INFO - Sync 2 DAGs
[2024-09-24T23:51:18.291+0000] {logging_mixin.py:190} INFO - [2024-09-24T23:51:18.290+0000] {dag.py:4180} INFO - Setting next_dagrun for example_xcom_args to None, run_after=None
[2024-09-24T23:51:18.305+0000] {logging_mixin.py:190} INFO - [2024-09-24T23:51:18.304+0000] {dag.py:4180} INFO - Setting next_dagrun for example_xcom_args_with_operators to None, run_after=None
[2024-09-24T23:51:18.357+0000] {processor.py:208} INFO - Processing /home/airflow/.local/lib/python3.12/site-packages/airflow/example_dags/example_xcomargs.py took 0.212 seconds
[2024-09-24T23:51:48.693+0000] {processor.py:186} INFO - Started process (PID=7851) to work on /home/airflow/.local/lib/python3.12/site-packages/airflow/example_dags/example_xcomargs.py
[2024-09-24T23:51:48.696+0000] {processor.py:914} INFO - Processing file /home/airflow/.local/lib/python3.12/site-packages/airflow/example_dags/example_xcomargs.py for tasks to queue
[2024-09-24T23:51:48.701+0000] {logging_mixin.py:190} INFO - [2024-09-24T23:51:48.700+0000] {dagbag.py:588} INFO - Filling up the DagBag from /home/airflow/.local/lib/python3.12/site-packages/airflow/example_dags/example_xcomargs.py
[2024-09-24T23:51:48.727+0000] {processor.py:925} INFO - DAG(s) 'example_xcom_args_with_operators', 'example_xcom_args' retrieved from /home/airflow/.local/lib/python3.12/site-packages/airflow/example_dags/example_xcomargs.py
[2024-09-24T23:51:48.793+0000] {logging_mixin.py:190} INFO - [2024-09-24T23:51:48.793+0000] {dag.py:3239} INFO - Sync 2 DAGs
[2024-09-24T23:51:48.831+0000] {logging_mixin.py:190} INFO - [2024-09-24T23:51:48.830+0000] {dag.py:4180} INFO - Setting next_dagrun for example_xcom_args to None, run_after=None
[2024-09-24T23:51:48.842+0000] {logging_mixin.py:190} INFO - [2024-09-24T23:51:48.841+0000] {dag.py:4180} INFO - Setting next_dagrun for example_xcom_args_with_operators to None, run_after=None
[2024-09-24T23:51:48.901+0000] {processor.py:208} INFO - Processing /home/airflow/.local/lib/python3.12/site-packages/airflow/example_dags/example_xcomargs.py took 0.219 seconds
[2024-09-24T23:52:19.555+0000] {processor.py:186} INFO - Started process (PID=8138) to work on /home/airflow/.local/lib/python3.12/site-packages/airflow/example_dags/example_xcomargs.py
[2024-09-24T23:52:19.557+0000] {processor.py:914} INFO - Processing file /home/airflow/.local/lib/python3.12/site-packages/airflow/example_dags/example_xcomargs.py for tasks to queue
[2024-09-24T23:52:19.563+0000] {logging_mixin.py:190} INFO - [2024-09-24T23:52:19.562+0000] {dagbag.py:588} INFO - Filling up the DagBag from /home/airflow/.local/lib/python3.12/site-packages/airflow/example_dags/example_xcomargs.py
[2024-09-24T23:52:19.581+0000] {processor.py:925} INFO - DAG(s) 'example_xcom_args_with_operators', 'example_xcom_args' retrieved from /home/airflow/.local/lib/python3.12/site-packages/airflow/example_dags/example_xcomargs.py
[2024-09-24T23:52:19.633+0000] {logging_mixin.py:190} INFO - [2024-09-24T23:52:19.633+0000] {dag.py:3239} INFO - Sync 2 DAGs
[2024-09-24T23:52:19.665+0000] {logging_mixin.py:190} INFO - [2024-09-24T23:52:19.665+0000] {dag.py:4180} INFO - Setting next_dagrun for example_xcom_args to None, run_after=None
[2024-09-24T23:52:19.674+0000] {logging_mixin.py:190} INFO - [2024-09-24T23:52:19.673+0000] {dag.py:4180} INFO - Setting next_dagrun for example_xcom_args_with_operators to None, run_after=None
[2024-09-24T23:52:19.714+0000] {processor.py:208} INFO - Processing /home/airflow/.local/lib/python3.12/site-packages/airflow/example_dags/example_xcomargs.py took 0.170 seconds
[2024-09-24T23:52:50.631+0000] {processor.py:186} INFO - Started process (PID=8424) to work on /home/airflow/.local/lib/python3.12/site-packages/airflow/example_dags/example_xcomargs.py
[2024-09-24T23:52:50.633+0000] {processor.py:914} INFO - Processing file /home/airflow/.local/lib/python3.12/site-packages/airflow/example_dags/example_xcomargs.py for tasks to queue
[2024-09-24T23:52:50.639+0000] {logging_mixin.py:190} INFO - [2024-09-24T23:52:50.638+0000] {dagbag.py:588} INFO - Filling up the DagBag from /home/airflow/.local/lib/python3.12/site-packages/airflow/example_dags/example_xcomargs.py
[2024-09-24T23:52:50.661+0000] {processor.py:925} INFO - DAG(s) 'example_xcom_args_with_operators', 'example_xcom_args' retrieved from /home/airflow/.local/lib/python3.12/site-packages/airflow/example_dags/example_xcomargs.py
[2024-09-24T23:52:50.733+0000] {logging_mixin.py:190} INFO - [2024-09-24T23:52:50.732+0000] {dag.py:3239} INFO - Sync 2 DAGs
[2024-09-24T23:52:50.792+0000] {logging_mixin.py:190} INFO - [2024-09-24T23:52:50.792+0000] {dag.py:4180} INFO - Setting next_dagrun for example_xcom_args to None, run_after=None
[2024-09-24T23:52:50.807+0000] {logging_mixin.py:190} INFO - [2024-09-24T23:52:50.807+0000] {dag.py:4180} INFO - Setting next_dagrun for example_xcom_args_with_operators to None, run_after=None
[2024-09-24T23:52:50.857+0000] {processor.py:208} INFO - Processing /home/airflow/.local/lib/python3.12/site-packages/airflow/example_dags/example_xcomargs.py took 0.236 seconds
[2024-09-24T23:53:21.136+0000] {processor.py:186} INFO - Started process (PID=8710) to work on /home/airflow/.local/lib/python3.12/site-packages/airflow/example_dags/example_xcomargs.py
[2024-09-24T23:53:21.137+0000] {processor.py:914} INFO - Processing file /home/airflow/.local/lib/python3.12/site-packages/airflow/example_dags/example_xcomargs.py for tasks to queue
[2024-09-24T23:53:21.142+0000] {logging_mixin.py:190} INFO - [2024-09-24T23:53:21.141+0000] {dagbag.py:588} INFO - Filling up the DagBag from /home/airflow/.local/lib/python3.12/site-packages/airflow/example_dags/example_xcomargs.py
[2024-09-24T23:53:21.160+0000] {processor.py:925} INFO - DAG(s) 'example_xcom_args', 'example_xcom_args_with_operators' retrieved from /home/airflow/.local/lib/python3.12/site-packages/airflow/example_dags/example_xcomargs.py
[2024-09-24T23:53:21.208+0000] {logging_mixin.py:190} INFO - [2024-09-24T23:53:21.208+0000] {dag.py:3239} INFO - Sync 2 DAGs
[2024-09-24T23:53:21.238+0000] {logging_mixin.py:190} INFO - [2024-09-24T23:53:21.237+0000] {dag.py:4180} INFO - Setting next_dagrun for example_xcom_args to None, run_after=None
[2024-09-24T23:53:21.246+0000] {logging_mixin.py:190} INFO - [2024-09-24T23:53:21.246+0000] {dag.py:4180} INFO - Setting next_dagrun for example_xcom_args_with_operators to None, run_after=None
[2024-09-24T23:53:21.286+0000] {processor.py:208} INFO - Processing /home/airflow/.local/lib/python3.12/site-packages/airflow/example_dags/example_xcomargs.py took 0.160 seconds
[2024-09-24T23:53:51.879+0000] {processor.py:186} INFO - Started process (PID=8996) to work on /home/airflow/.local/lib/python3.12/site-packages/airflow/example_dags/example_xcomargs.py
[2024-09-24T23:53:51.881+0000] {processor.py:914} INFO - Processing file /home/airflow/.local/lib/python3.12/site-packages/airflow/example_dags/example_xcomargs.py for tasks to queue
[2024-09-24T23:53:51.891+0000] {logging_mixin.py:190} INFO - [2024-09-24T23:53:51.890+0000] {dagbag.py:588} INFO - Filling up the DagBag from /home/airflow/.local/lib/python3.12/site-packages/airflow/example_dags/example_xcomargs.py
[2024-09-24T23:53:51.924+0000] {processor.py:925} INFO - DAG(s) 'example_xcom_args', 'example_xcom_args_with_operators' retrieved from /home/airflow/.local/lib/python3.12/site-packages/airflow/example_dags/example_xcomargs.py
[2024-09-24T23:53:51.988+0000] {logging_mixin.py:190} INFO - [2024-09-24T23:53:51.987+0000] {dag.py:3239} INFO - Sync 2 DAGs
[2024-09-24T23:53:52.031+0000] {logging_mixin.py:190} INFO - [2024-09-24T23:53:52.031+0000] {dag.py:4180} INFO - Setting next_dagrun for example_xcom_args to None, run_after=None
[2024-09-24T23:53:52.042+0000] {logging_mixin.py:190} INFO - [2024-09-24T23:53:52.041+0000] {dag.py:4180} INFO - Setting next_dagrun for example_xcom_args_with_operators to None, run_after=None
[2024-09-24T23:53:52.088+0000] {processor.py:208} INFO - Processing /home/airflow/.local/lib/python3.12/site-packages/airflow/example_dags/example_xcomargs.py took 0.226 seconds
[2024-09-24T23:54:22.357+0000] {processor.py:186} INFO - Started process (PID=9282) to work on /home/airflow/.local/lib/python3.12/site-packages/airflow/example_dags/example_xcomargs.py
[2024-09-24T23:54:22.359+0000] {processor.py:914} INFO - Processing file /home/airflow/.local/lib/python3.12/site-packages/airflow/example_dags/example_xcomargs.py for tasks to queue
[2024-09-24T23:54:22.363+0000] {logging_mixin.py:190} INFO - [2024-09-24T23:54:22.362+0000] {dagbag.py:588} INFO - Filling up the DagBag from /home/airflow/.local/lib/python3.12/site-packages/airflow/example_dags/example_xcomargs.py
[2024-09-24T23:54:22.379+0000] {processor.py:925} INFO - DAG(s) 'example_xcom_args', 'example_xcom_args_with_operators' retrieved from /home/airflow/.local/lib/python3.12/site-packages/airflow/example_dags/example_xcomargs.py
[2024-09-24T23:54:22.424+0000] {logging_mixin.py:190} INFO - [2024-09-24T23:54:22.424+0000] {dag.py:3239} INFO - Sync 2 DAGs
[2024-09-24T23:54:22.455+0000] {logging_mixin.py:190} INFO - [2024-09-24T23:54:22.455+0000] {dag.py:4180} INFO - Setting next_dagrun for example_xcom_args to None, run_after=None
[2024-09-24T23:54:22.463+0000] {logging_mixin.py:190} INFO - [2024-09-24T23:54:22.463+0000] {dag.py:4180} INFO - Setting next_dagrun for example_xcom_args_with_operators to None, run_after=None
[2024-09-24T23:54:22.498+0000] {processor.py:208} INFO - Processing /home/airflow/.local/lib/python3.12/site-packages/airflow/example_dags/example_xcomargs.py took 0.152 seconds
[2024-09-24T23:54:52.723+0000] {processor.py:186} INFO - Started process (PID=9568) to work on /home/airflow/.local/lib/python3.12/site-packages/airflow/example_dags/example_xcomargs.py
[2024-09-24T23:54:52.725+0000] {processor.py:914} INFO - Processing file /home/airflow/.local/lib/python3.12/site-packages/airflow/example_dags/example_xcomargs.py for tasks to queue
[2024-09-24T23:54:52.730+0000] {logging_mixin.py:190} INFO - [2024-09-24T23:54:52.729+0000] {dagbag.py:588} INFO - Filling up the DagBag from /home/airflow/.local/lib/python3.12/site-packages/airflow/example_dags/example_xcomargs.py
[2024-09-24T23:54:52.749+0000] {processor.py:925} INFO - DAG(s) 'example_xcom_args', 'example_xcom_args_with_operators' retrieved from /home/airflow/.local/lib/python3.12/site-packages/airflow/example_dags/example_xcomargs.py
[2024-09-24T23:54:52.793+0000] {logging_mixin.py:190} INFO - [2024-09-24T23:54:52.793+0000] {dag.py:3239} INFO - Sync 2 DAGs
[2024-09-24T23:54:52.829+0000] {logging_mixin.py:190} INFO - [2024-09-24T23:54:52.829+0000] {dag.py:4180} INFO - Setting next_dagrun for example_xcom_args to None, run_after=None
[2024-09-24T23:54:52.839+0000] {logging_mixin.py:190} INFO - [2024-09-24T23:54:52.839+0000] {dag.py:4180} INFO - Setting next_dagrun for example_xcom_args_with_operators to None, run_after=None
[2024-09-24T23:54:52.877+0000] {processor.py:208} INFO - Processing /home/airflow/.local/lib/python3.12/site-packages/airflow/example_dags/example_xcomargs.py took 0.164 seconds
[2024-09-24T23:55:23.154+0000] {processor.py:186} INFO - Started process (PID=9854) to work on /home/airflow/.local/lib/python3.12/site-packages/airflow/example_dags/example_xcomargs.py
[2024-09-24T23:55:23.156+0000] {processor.py:914} INFO - Processing file /home/airflow/.local/lib/python3.12/site-packages/airflow/example_dags/example_xcomargs.py for tasks to queue
[2024-09-24T23:55:23.161+0000] {logging_mixin.py:190} INFO - [2024-09-24T23:55:23.161+0000] {dagbag.py:588} INFO - Filling up the DagBag from /home/airflow/.local/lib/python3.12/site-packages/airflow/example_dags/example_xcomargs.py
[2024-09-24T23:55:23.184+0000] {processor.py:925} INFO - DAG(s) 'example_xcom_args', 'example_xcom_args_with_operators' retrieved from /home/airflow/.local/lib/python3.12/site-packages/airflow/example_dags/example_xcomargs.py
[2024-09-24T23:55:23.260+0000] {logging_mixin.py:190} INFO - [2024-09-24T23:55:23.260+0000] {dag.py:3239} INFO - Sync 2 DAGs
[2024-09-24T23:55:23.311+0000] {logging_mixin.py:190} INFO - [2024-09-24T23:55:23.311+0000] {dag.py:4180} INFO - Setting next_dagrun for example_xcom_args to None, run_after=None
[2024-09-24T23:55:23.327+0000] {logging_mixin.py:190} INFO - [2024-09-24T23:55:23.326+0000] {dag.py:4180} INFO - Setting next_dagrun for example_xcom_args_with_operators to None, run_after=None
[2024-09-24T23:55:23.385+0000] {processor.py:208} INFO - Processing /home/airflow/.local/lib/python3.12/site-packages/airflow/example_dags/example_xcomargs.py took 0.246 seconds
[2024-09-24T23:55:57.173+0000] {processor.py:186} INFO - Started process (PID=10140) to work on /home/airflow/.local/lib/python3.12/site-packages/airflow/example_dags/example_xcomargs.py
[2024-09-24T23:55:57.176+0000] {processor.py:914} INFO - Processing file /home/airflow/.local/lib/python3.12/site-packages/airflow/example_dags/example_xcomargs.py for tasks to queue
[2024-09-24T23:55:57.180+0000] {logging_mixin.py:190} INFO - [2024-09-24T23:55:57.180+0000] {dagbag.py:588} INFO - Filling up the DagBag from /home/airflow/.local/lib/python3.12/site-packages/airflow/example_dags/example_xcomargs.py
[2024-09-24T23:55:57.208+0000] {processor.py:925} INFO - DAG(s) 'example_xcom_args_with_operators', 'example_xcom_args' retrieved from /home/airflow/.local/lib/python3.12/site-packages/airflow/example_dags/example_xcomargs.py
[2024-09-24T23:55:57.272+0000] {logging_mixin.py:190} INFO - [2024-09-24T23:55:57.271+0000] {dag.py:3239} INFO - Sync 2 DAGs
[2024-09-24T23:55:57.322+0000] {logging_mixin.py:190} INFO - [2024-09-24T23:55:57.322+0000] {dag.py:4180} INFO - Setting next_dagrun for example_xcom_args to None, run_after=None
[2024-09-24T23:55:57.333+0000] {logging_mixin.py:190} INFO - [2024-09-24T23:55:57.332+0000] {dag.py:4180} INFO - Setting next_dagrun for example_xcom_args_with_operators to None, run_after=None
[2024-09-24T23:55:57.383+0000] {processor.py:208} INFO - Processing /home/airflow/.local/lib/python3.12/site-packages/airflow/example_dags/example_xcomargs.py took 0.226 seconds
