[2024-09-24T23:38:17.229+0000] {processor.py:186} INFO - Started process (PID=356) to work on /home/airflow/.local/lib/python3.12/site-packages/airflow/example_dags/example_latest_only_with_trigger.py
[2024-09-24T23:38:17.233+0000] {processor.py:914} INFO - Processing file /home/airflow/.local/lib/python3.12/site-packages/airflow/example_dags/example_latest_only_with_trigger.py for tasks to queue
[2024-09-24T23:38:17.240+0000] {logging_mixin.py:190} INFO - [2024-09-24T23:38:17.239+0000] {dagbag.py:588} INFO - Filling up the DagBag from /home/airflow/.local/lib/python3.12/site-packages/airflow/example_dags/example_latest_only_with_trigger.py
[2024-09-24T23:38:17.272+0000] {processor.py:925} INFO - DAG(s) 'latest_only_with_trigger' retrieved from /home/airflow/.local/lib/python3.12/site-packages/airflow/example_dags/example_latest_only_with_trigger.py
[2024-09-24T23:38:17.773+0000] {logging_mixin.py:190} INFO - [2024-09-24T23:38:17.769+0000] {override.py:1900} INFO - Created Permission View: can edit on DAG:latest_only_with_trigger
[2024-09-24T23:38:17.812+0000] {logging_mixin.py:190} INFO - [2024-09-24T23:38:17.811+0000] {override.py:1900} INFO - Created Permission View: can read on DAG:latest_only_with_trigger
[2024-09-24T23:38:17.845+0000] {logging_mixin.py:190} INFO - [2024-09-24T23:38:17.844+0000] {override.py:1900} INFO - Created Permission View: can delete on DAG:latest_only_with_trigger
[2024-09-24T23:38:17.878+0000] {logging_mixin.py:190} INFO - [2024-09-24T23:38:17.877+0000] {override.py:1900} INFO - Created Permission View: can read on DAG Run:latest_only_with_trigger
[2024-09-24T23:38:17.914+0000] {logging_mixin.py:190} INFO - [2024-09-24T23:38:17.913+0000] {override.py:1900} INFO - Created Permission View: menu access on DAG Run:latest_only_with_trigger
[2024-09-24T23:38:17.935+0000] {logging_mixin.py:190} INFO - [2024-09-24T23:38:17.934+0000] {override.py:1900} INFO - Created Permission View: can delete on DAG Run:latest_only_with_trigger
[2024-09-24T23:38:17.956+0000] {logging_mixin.py:190} INFO - [2024-09-24T23:38:17.956+0000] {override.py:1900} INFO - Created Permission View: can create on DAG Run:latest_only_with_trigger
[2024-09-24T23:38:17.958+0000] {logging_mixin.py:190} INFO - [2024-09-24T23:38:17.958+0000] {dag.py:3239} INFO - Sync 1 DAGs
[2024-09-24T23:38:18.010+0000] {logging_mixin.py:190} INFO - [2024-09-24T23:38:18.010+0000] {dag.py:3262} INFO - Creating ORM DAG for latest_only_with_trigger
[2024-09-24T23:38:18.062+0000] {logging_mixin.py:190} INFO - [2024-09-24T23:38:18.061+0000] {dag.py:4180} INFO - Setting next_dagrun for latest_only_with_trigger to 2024-09-24 16:00:00+00:00, run_after=2024-09-24 20:00:00+00:00
[2024-09-24T23:38:18.150+0000] {processor.py:208} INFO - Processing /home/airflow/.local/lib/python3.12/site-packages/airflow/example_dags/example_latest_only_with_trigger.py took 0.957 seconds
[2024-09-24T23:38:49.627+0000] {processor.py:186} INFO - Started process (PID=642) to work on /home/airflow/.local/lib/python3.12/site-packages/airflow/example_dags/example_latest_only_with_trigger.py
[2024-09-24T23:38:49.631+0000] {processor.py:914} INFO - Processing file /home/airflow/.local/lib/python3.12/site-packages/airflow/example_dags/example_latest_only_with_trigger.py for tasks to queue
[2024-09-24T23:38:49.637+0000] {logging_mixin.py:190} INFO - [2024-09-24T23:38:49.636+0000] {dagbag.py:588} INFO - Filling up the DagBag from /home/airflow/.local/lib/python3.12/site-packages/airflow/example_dags/example_latest_only_with_trigger.py
[2024-09-24T23:38:49.658+0000] {processor.py:925} INFO - DAG(s) 'latest_only_with_trigger' retrieved from /home/airflow/.local/lib/python3.12/site-packages/airflow/example_dags/example_latest_only_with_trigger.py
[2024-09-24T23:38:49.761+0000] {logging_mixin.py:190} INFO - [2024-09-24T23:38:49.761+0000] {dag.py:3239} INFO - Sync 1 DAGs
[2024-09-24T23:38:50.183+0000] {logging_mixin.py:190} INFO - [2024-09-24T23:38:50.181+0000] {dag.py:4180} INFO - Setting next_dagrun for latest_only_with_trigger to 2024-09-24 16:00:00+00:00, run_after=2024-09-24 20:00:00+00:00
[2024-09-24T23:38:50.504+0000] {processor.py:208} INFO - Processing /home/airflow/.local/lib/python3.12/site-packages/airflow/example_dags/example_latest_only_with_trigger.py took 0.968 seconds
[2024-09-24T23:39:21.013+0000] {processor.py:186} INFO - Started process (PID=929) to work on /home/airflow/.local/lib/python3.12/site-packages/airflow/example_dags/example_latest_only_with_trigger.py
[2024-09-24T23:39:21.017+0000] {processor.py:914} INFO - Processing file /home/airflow/.local/lib/python3.12/site-packages/airflow/example_dags/example_latest_only_with_trigger.py for tasks to queue
[2024-09-24T23:39:21.023+0000] {logging_mixin.py:190} INFO - [2024-09-24T23:39:21.022+0000] {dagbag.py:588} INFO - Filling up the DagBag from /home/airflow/.local/lib/python3.12/site-packages/airflow/example_dags/example_latest_only_with_trigger.py
[2024-09-24T23:39:21.052+0000] {processor.py:925} INFO - DAG(s) 'latest_only_with_trigger' retrieved from /home/airflow/.local/lib/python3.12/site-packages/airflow/example_dags/example_latest_only_with_trigger.py
[2024-09-24T23:39:21.120+0000] {logging_mixin.py:190} INFO - [2024-09-24T23:39:21.119+0000] {dag.py:3239} INFO - Sync 1 DAGs
[2024-09-24T23:39:21.208+0000] {logging_mixin.py:190} INFO - [2024-09-24T23:39:21.207+0000] {dag.py:4180} INFO - Setting next_dagrun for latest_only_with_trigger to 2024-09-24 16:00:00+00:00, run_after=2024-09-24 20:00:00+00:00
[2024-09-24T23:39:21.286+0000] {processor.py:208} INFO - Processing /home/airflow/.local/lib/python3.12/site-packages/airflow/example_dags/example_latest_only_with_trigger.py took 0.293 seconds
[2024-09-24T23:39:52.007+0000] {processor.py:186} INFO - Started process (PID=1215) to work on /home/airflow/.local/lib/python3.12/site-packages/airflow/example_dags/example_latest_only_with_trigger.py
[2024-09-24T23:39:52.013+0000] {processor.py:914} INFO - Processing file /home/airflow/.local/lib/python3.12/site-packages/airflow/example_dags/example_latest_only_with_trigger.py for tasks to queue
[2024-09-24T23:39:52.018+0000] {logging_mixin.py:190} INFO - [2024-09-24T23:39:52.017+0000] {dagbag.py:588} INFO - Filling up the DagBag from /home/airflow/.local/lib/python3.12/site-packages/airflow/example_dags/example_latest_only_with_trigger.py
[2024-09-24T23:39:52.040+0000] {processor.py:925} INFO - DAG(s) 'latest_only_with_trigger' retrieved from /home/airflow/.local/lib/python3.12/site-packages/airflow/example_dags/example_latest_only_with_trigger.py
[2024-09-24T23:39:52.119+0000] {logging_mixin.py:190} INFO - [2024-09-24T23:39:52.118+0000] {dag.py:3239} INFO - Sync 1 DAGs
[2024-09-24T23:39:52.214+0000] {logging_mixin.py:190} INFO - [2024-09-24T23:39:52.214+0000] {dag.py:4180} INFO - Setting next_dagrun for latest_only_with_trigger to 2024-09-24 16:00:00+00:00, run_after=2024-09-24 20:00:00+00:00
[2024-09-24T23:39:52.285+0000] {processor.py:208} INFO - Processing /home/airflow/.local/lib/python3.12/site-packages/airflow/example_dags/example_latest_only_with_trigger.py took 0.291 seconds
[2024-09-24T23:40:22.556+0000] {processor.py:186} INFO - Started process (PID=1501) to work on /home/airflow/.local/lib/python3.12/site-packages/airflow/example_dags/example_latest_only_with_trigger.py
[2024-09-24T23:40:22.559+0000] {processor.py:914} INFO - Processing file /home/airflow/.local/lib/python3.12/site-packages/airflow/example_dags/example_latest_only_with_trigger.py for tasks to queue
[2024-09-24T23:40:22.563+0000] {logging_mixin.py:190} INFO - [2024-09-24T23:40:22.562+0000] {dagbag.py:588} INFO - Filling up the DagBag from /home/airflow/.local/lib/python3.12/site-packages/airflow/example_dags/example_latest_only_with_trigger.py
[2024-09-24T23:40:22.577+0000] {processor.py:925} INFO - DAG(s) 'latest_only_with_trigger' retrieved from /home/airflow/.local/lib/python3.12/site-packages/airflow/example_dags/example_latest_only_with_trigger.py
[2024-09-24T23:40:22.622+0000] {logging_mixin.py:190} INFO - [2024-09-24T23:40:22.621+0000] {dag.py:3239} INFO - Sync 1 DAGs
[2024-09-24T23:40:22.681+0000] {logging_mixin.py:190} INFO - [2024-09-24T23:40:22.680+0000] {dag.py:4180} INFO - Setting next_dagrun for latest_only_with_trigger to 2024-09-24 16:00:00+00:00, run_after=2024-09-24 20:00:00+00:00
[2024-09-24T23:40:22.732+0000] {processor.py:208} INFO - Processing /home/airflow/.local/lib/python3.12/site-packages/airflow/example_dags/example_latest_only_with_trigger.py took 0.187 seconds
[2024-09-24T23:40:53.815+0000] {processor.py:186} INFO - Started process (PID=1788) to work on /home/airflow/.local/lib/python3.12/site-packages/airflow/example_dags/example_latest_only_with_trigger.py
[2024-09-24T23:40:53.820+0000] {processor.py:914} INFO - Processing file /home/airflow/.local/lib/python3.12/site-packages/airflow/example_dags/example_latest_only_with_trigger.py for tasks to queue
[2024-09-24T23:40:53.837+0000] {logging_mixin.py:190} INFO - [2024-09-24T23:40:53.826+0000] {dagbag.py:588} INFO - Filling up the DagBag from /home/airflow/.local/lib/python3.12/site-packages/airflow/example_dags/example_latest_only_with_trigger.py
[2024-09-24T23:40:53.886+0000] {processor.py:925} INFO - DAG(s) 'latest_only_with_trigger' retrieved from /home/airflow/.local/lib/python3.12/site-packages/airflow/example_dags/example_latest_only_with_trigger.py
[2024-09-24T23:40:54.061+0000] {logging_mixin.py:190} INFO - [2024-09-24T23:40:54.053+0000] {dag.py:3239} INFO - Sync 1 DAGs
[2024-09-24T23:40:54.270+0000] {logging_mixin.py:190} INFO - [2024-09-24T23:40:54.270+0000] {dag.py:4180} INFO - Setting next_dagrun for latest_only_with_trigger to 2024-09-24 16:00:00+00:00, run_after=2024-09-24 20:00:00+00:00
[2024-09-24T23:40:54.444+0000] {processor.py:208} INFO - Processing /home/airflow/.local/lib/python3.12/site-packages/airflow/example_dags/example_latest_only_with_trigger.py took 0.655 seconds
[2024-09-24T23:41:25.147+0000] {processor.py:186} INFO - Started process (PID=2073) to work on /home/airflow/.local/lib/python3.12/site-packages/airflow/example_dags/example_latest_only_with_trigger.py
[2024-09-24T23:41:25.153+0000] {processor.py:914} INFO - Processing file /home/airflow/.local/lib/python3.12/site-packages/airflow/example_dags/example_latest_only_with_trigger.py for tasks to queue
[2024-09-24T23:41:25.170+0000] {logging_mixin.py:190} INFO - [2024-09-24T23:41:25.169+0000] {dagbag.py:588} INFO - Filling up the DagBag from /home/airflow/.local/lib/python3.12/site-packages/airflow/example_dags/example_latest_only_with_trigger.py
[2024-09-24T23:41:25.243+0000] {processor.py:925} INFO - DAG(s) 'latest_only_with_trigger' retrieved from /home/airflow/.local/lib/python3.12/site-packages/airflow/example_dags/example_latest_only_with_trigger.py
[2024-09-24T23:41:25.670+0000] {logging_mixin.py:190} INFO - [2024-09-24T23:41:25.669+0000] {dag.py:3239} INFO - Sync 1 DAGs
[2024-09-24T23:41:25.931+0000] {logging_mixin.py:190} INFO - [2024-09-24T23:41:25.930+0000] {dag.py:4180} INFO - Setting next_dagrun for latest_only_with_trigger to 2024-09-24 16:00:00+00:00, run_after=2024-09-24 20:00:00+00:00
[2024-09-24T23:41:26.107+0000] {processor.py:208} INFO - Processing /home/airflow/.local/lib/python3.12/site-packages/airflow/example_dags/example_latest_only_with_trigger.py took 1.033 seconds
[2024-09-24T23:41:56.614+0000] {processor.py:186} INFO - Started process (PID=2361) to work on /home/airflow/.local/lib/python3.12/site-packages/airflow/example_dags/example_latest_only_with_trigger.py
[2024-09-24T23:41:56.618+0000] {processor.py:914} INFO - Processing file /home/airflow/.local/lib/python3.12/site-packages/airflow/example_dags/example_latest_only_with_trigger.py for tasks to queue
[2024-09-24T23:41:56.627+0000] {logging_mixin.py:190} INFO - [2024-09-24T23:41:56.626+0000] {dagbag.py:588} INFO - Filling up the DagBag from /home/airflow/.local/lib/python3.12/site-packages/airflow/example_dags/example_latest_only_with_trigger.py
[2024-09-24T23:41:56.649+0000] {processor.py:925} INFO - DAG(s) 'latest_only_with_trigger' retrieved from /home/airflow/.local/lib/python3.12/site-packages/airflow/example_dags/example_latest_only_with_trigger.py
[2024-09-24T23:41:56.763+0000] {logging_mixin.py:190} INFO - [2024-09-24T23:41:56.762+0000] {dag.py:3239} INFO - Sync 1 DAGs
[2024-09-24T23:41:56.979+0000] {logging_mixin.py:190} INFO - [2024-09-24T23:41:56.978+0000] {dag.py:4180} INFO - Setting next_dagrun for latest_only_with_trigger to 2024-09-24 16:00:00+00:00, run_after=2024-09-24 20:00:00+00:00
[2024-09-24T23:41:57.093+0000] {processor.py:208} INFO - Processing /home/airflow/.local/lib/python3.12/site-packages/airflow/example_dags/example_latest_only_with_trigger.py took 0.497 seconds
[2024-09-24T23:42:27.245+0000] {processor.py:186} INFO - Started process (PID=2647) to work on /home/airflow/.local/lib/python3.12/site-packages/airflow/example_dags/example_latest_only_with_trigger.py
[2024-09-24T23:42:27.247+0000] {processor.py:914} INFO - Processing file /home/airflow/.local/lib/python3.12/site-packages/airflow/example_dags/example_latest_only_with_trigger.py for tasks to queue
[2024-09-24T23:42:27.252+0000] {logging_mixin.py:190} INFO - [2024-09-24T23:42:27.252+0000] {dagbag.py:588} INFO - Filling up the DagBag from /home/airflow/.local/lib/python3.12/site-packages/airflow/example_dags/example_latest_only_with_trigger.py
[2024-09-24T23:42:27.267+0000] {processor.py:925} INFO - DAG(s) 'latest_only_with_trigger' retrieved from /home/airflow/.local/lib/python3.12/site-packages/airflow/example_dags/example_latest_only_with_trigger.py
[2024-09-24T23:42:27.313+0000] {logging_mixin.py:190} INFO - [2024-09-24T23:42:27.313+0000] {dag.py:3239} INFO - Sync 1 DAGs
[2024-09-24T23:42:27.381+0000] {logging_mixin.py:190} INFO - [2024-09-24T23:42:27.380+0000] {dag.py:4180} INFO - Setting next_dagrun for latest_only_with_trigger to 2024-09-24 16:00:00+00:00, run_after=2024-09-24 20:00:00+00:00
[2024-09-24T23:42:27.426+0000] {processor.py:208} INFO - Processing /home/airflow/.local/lib/python3.12/site-packages/airflow/example_dags/example_latest_only_with_trigger.py took 0.193 seconds
[2024-09-24T23:42:57.608+0000] {processor.py:186} INFO - Started process (PID=2931) to work on /home/airflow/.local/lib/python3.12/site-packages/airflow/example_dags/example_latest_only_with_trigger.py
[2024-09-24T23:42:57.611+0000] {processor.py:914} INFO - Processing file /home/airflow/.local/lib/python3.12/site-packages/airflow/example_dags/example_latest_only_with_trigger.py for tasks to queue
[2024-09-24T23:42:57.617+0000] {logging_mixin.py:190} INFO - [2024-09-24T23:42:57.616+0000] {dagbag.py:588} INFO - Filling up the DagBag from /home/airflow/.local/lib/python3.12/site-packages/airflow/example_dags/example_latest_only_with_trigger.py
[2024-09-24T23:42:57.634+0000] {processor.py:925} INFO - DAG(s) 'latest_only_with_trigger' retrieved from /home/airflow/.local/lib/python3.12/site-packages/airflow/example_dags/example_latest_only_with_trigger.py
[2024-09-24T23:42:57.693+0000] {logging_mixin.py:190} INFO - [2024-09-24T23:42:57.692+0000] {dag.py:3239} INFO - Sync 1 DAGs
[2024-09-24T23:42:57.766+0000] {logging_mixin.py:190} INFO - [2024-09-24T23:42:57.766+0000] {dag.py:4180} INFO - Setting next_dagrun for latest_only_with_trigger to 2024-09-24 16:00:00+00:00, run_after=2024-09-24 20:00:00+00:00
[2024-09-24T23:42:57.813+0000] {processor.py:208} INFO - Processing /home/airflow/.local/lib/python3.12/site-packages/airflow/example_dags/example_latest_only_with_trigger.py took 0.217 seconds
[2024-09-24T23:43:28.747+0000] {processor.py:186} INFO - Started process (PID=3217) to work on /home/airflow/.local/lib/python3.12/site-packages/airflow/example_dags/example_latest_only_with_trigger.py
[2024-09-24T23:43:28.750+0000] {processor.py:914} INFO - Processing file /home/airflow/.local/lib/python3.12/site-packages/airflow/example_dags/example_latest_only_with_trigger.py for tasks to queue
[2024-09-24T23:43:28.757+0000] {logging_mixin.py:190} INFO - [2024-09-24T23:43:28.756+0000] {dagbag.py:588} INFO - Filling up the DagBag from /home/airflow/.local/lib/python3.12/site-packages/airflow/example_dags/example_latest_only_with_trigger.py
[2024-09-24T23:43:28.777+0000] {processor.py:925} INFO - DAG(s) 'latest_only_with_trigger' retrieved from /home/airflow/.local/lib/python3.12/site-packages/airflow/example_dags/example_latest_only_with_trigger.py
[2024-09-24T23:43:28.844+0000] {logging_mixin.py:190} INFO - [2024-09-24T23:43:28.843+0000] {dag.py:3239} INFO - Sync 1 DAGs
[2024-09-24T23:43:28.918+0000] {logging_mixin.py:190} INFO - [2024-09-24T23:43:28.917+0000] {dag.py:4180} INFO - Setting next_dagrun for latest_only_with_trigger to 2024-09-24 16:00:00+00:00, run_after=2024-09-24 20:00:00+00:00
[2024-09-24T23:43:28.967+0000] {processor.py:208} INFO - Processing /home/airflow/.local/lib/python3.12/site-packages/airflow/example_dags/example_latest_only_with_trigger.py took 0.239 seconds
[2024-09-24T23:43:59.515+0000] {processor.py:186} INFO - Started process (PID=3503) to work on /home/airflow/.local/lib/python3.12/site-packages/airflow/example_dags/example_latest_only_with_trigger.py
[2024-09-24T23:43:59.518+0000] {processor.py:914} INFO - Processing file /home/airflow/.local/lib/python3.12/site-packages/airflow/example_dags/example_latest_only_with_trigger.py for tasks to queue
[2024-09-24T23:43:59.525+0000] {logging_mixin.py:190} INFO - [2024-09-24T23:43:59.524+0000] {dagbag.py:588} INFO - Filling up the DagBag from /home/airflow/.local/lib/python3.12/site-packages/airflow/example_dags/example_latest_only_with_trigger.py
[2024-09-24T23:43:59.546+0000] {processor.py:925} INFO - DAG(s) 'latest_only_with_trigger' retrieved from /home/airflow/.local/lib/python3.12/site-packages/airflow/example_dags/example_latest_only_with_trigger.py
[2024-09-24T23:43:59.629+0000] {logging_mixin.py:190} INFO - [2024-09-24T23:43:59.629+0000] {dag.py:3239} INFO - Sync 1 DAGs
[2024-09-24T23:43:59.711+0000] {logging_mixin.py:190} INFO - [2024-09-24T23:43:59.710+0000] {dag.py:4180} INFO - Setting next_dagrun for latest_only_with_trigger to 2024-09-24 16:00:00+00:00, run_after=2024-09-24 20:00:00+00:00
[2024-09-24T23:43:59.765+0000] {processor.py:208} INFO - Processing /home/airflow/.local/lib/python3.12/site-packages/airflow/example_dags/example_latest_only_with_trigger.py took 0.267 seconds
[2024-09-24T23:44:30.137+0000] {processor.py:186} INFO - Started process (PID=3789) to work on /home/airflow/.local/lib/python3.12/site-packages/airflow/example_dags/example_latest_only_with_trigger.py
[2024-09-24T23:44:30.141+0000] {processor.py:914} INFO - Processing file /home/airflow/.local/lib/python3.12/site-packages/airflow/example_dags/example_latest_only_with_trigger.py for tasks to queue
[2024-09-24T23:44:30.145+0000] {logging_mixin.py:190} INFO - [2024-09-24T23:44:30.145+0000] {dagbag.py:588} INFO - Filling up the DagBag from /home/airflow/.local/lib/python3.12/site-packages/airflow/example_dags/example_latest_only_with_trigger.py
[2024-09-24T23:44:30.164+0000] {processor.py:925} INFO - DAG(s) 'latest_only_with_trigger' retrieved from /home/airflow/.local/lib/python3.12/site-packages/airflow/example_dags/example_latest_only_with_trigger.py
[2024-09-24T23:44:30.218+0000] {logging_mixin.py:190} INFO - [2024-09-24T23:44:30.217+0000] {dag.py:3239} INFO - Sync 1 DAGs
[2024-09-24T23:44:30.276+0000] {logging_mixin.py:190} INFO - [2024-09-24T23:44:30.276+0000] {dag.py:4180} INFO - Setting next_dagrun for latest_only_with_trigger to 2024-09-24 16:00:00+00:00, run_after=2024-09-24 20:00:00+00:00
[2024-09-24T23:44:30.329+0000] {processor.py:208} INFO - Processing /home/airflow/.local/lib/python3.12/site-packages/airflow/example_dags/example_latest_only_with_trigger.py took 0.205 seconds
[2024-09-24T23:45:01.423+0000] {processor.py:186} INFO - Started process (PID=4081) to work on /home/airflow/.local/lib/python3.12/site-packages/airflow/example_dags/example_latest_only_with_trigger.py
[2024-09-24T23:45:01.425+0000] {processor.py:914} INFO - Processing file /home/airflow/.local/lib/python3.12/site-packages/airflow/example_dags/example_latest_only_with_trigger.py for tasks to queue
[2024-09-24T23:45:01.432+0000] {logging_mixin.py:190} INFO - [2024-09-24T23:45:01.431+0000] {dagbag.py:588} INFO - Filling up the DagBag from /home/airflow/.local/lib/python3.12/site-packages/airflow/example_dags/example_latest_only_with_trigger.py
[2024-09-24T23:45:01.460+0000] {processor.py:925} INFO - DAG(s) 'latest_only_with_trigger' retrieved from /home/airflow/.local/lib/python3.12/site-packages/airflow/example_dags/example_latest_only_with_trigger.py
[2024-09-24T23:45:01.531+0000] {logging_mixin.py:190} INFO - [2024-09-24T23:45:01.529+0000] {dag.py:3239} INFO - Sync 1 DAGs
[2024-09-24T23:45:01.620+0000] {logging_mixin.py:190} INFO - [2024-09-24T23:45:01.619+0000] {dag.py:4180} INFO - Setting next_dagrun for latest_only_with_trigger to 2024-09-24 16:00:00+00:00, run_after=2024-09-24 20:00:00+00:00
[2024-09-24T23:45:01.670+0000] {processor.py:208} INFO - Processing /home/airflow/.local/lib/python3.12/site-packages/airflow/example_dags/example_latest_only_with_trigger.py took 0.262 seconds
[2024-09-24T23:45:32.447+0000] {processor.py:186} INFO - Started process (PID=4367) to work on /home/airflow/.local/lib/python3.12/site-packages/airflow/example_dags/example_latest_only_with_trigger.py
[2024-09-24T23:45:32.450+0000] {processor.py:914} INFO - Processing file /home/airflow/.local/lib/python3.12/site-packages/airflow/example_dags/example_latest_only_with_trigger.py for tasks to queue
[2024-09-24T23:45:32.459+0000] {logging_mixin.py:190} INFO - [2024-09-24T23:45:32.456+0000] {dagbag.py:588} INFO - Filling up the DagBag from /home/airflow/.local/lib/python3.12/site-packages/airflow/example_dags/example_latest_only_with_trigger.py
[2024-09-24T23:45:32.483+0000] {processor.py:925} INFO - DAG(s) 'latest_only_with_trigger' retrieved from /home/airflow/.local/lib/python3.12/site-packages/airflow/example_dags/example_latest_only_with_trigger.py
[2024-09-24T23:45:32.549+0000] {logging_mixin.py:190} INFO - [2024-09-24T23:45:32.549+0000] {dag.py:3239} INFO - Sync 1 DAGs
[2024-09-24T23:45:32.661+0000] {logging_mixin.py:190} INFO - [2024-09-24T23:45:32.659+0000] {dag.py:4180} INFO - Setting next_dagrun for latest_only_with_trigger to 2024-09-24 16:00:00+00:00, run_after=2024-09-24 20:00:00+00:00
[2024-09-24T23:45:32.735+0000] {processor.py:208} INFO - Processing /home/airflow/.local/lib/python3.12/site-packages/airflow/example_dags/example_latest_only_with_trigger.py took 0.311 seconds
[2024-09-24T23:46:03.539+0000] {processor.py:186} INFO - Started process (PID=4653) to work on /home/airflow/.local/lib/python3.12/site-packages/airflow/example_dags/example_latest_only_with_trigger.py
[2024-09-24T23:46:03.542+0000] {processor.py:914} INFO - Processing file /home/airflow/.local/lib/python3.12/site-packages/airflow/example_dags/example_latest_only_with_trigger.py for tasks to queue
[2024-09-24T23:46:03.553+0000] {logging_mixin.py:190} INFO - [2024-09-24T23:46:03.552+0000] {dagbag.py:588} INFO - Filling up the DagBag from /home/airflow/.local/lib/python3.12/site-packages/airflow/example_dags/example_latest_only_with_trigger.py
[2024-09-24T23:46:03.579+0000] {processor.py:925} INFO - DAG(s) 'latest_only_with_trigger' retrieved from /home/airflow/.local/lib/python3.12/site-packages/airflow/example_dags/example_latest_only_with_trigger.py
[2024-09-24T23:46:03.639+0000] {logging_mixin.py:190} INFO - [2024-09-24T23:46:03.639+0000] {dag.py:3239} INFO - Sync 1 DAGs
[2024-09-24T23:46:03.725+0000] {logging_mixin.py:190} INFO - [2024-09-24T23:46:03.724+0000] {dag.py:4180} INFO - Setting next_dagrun for latest_only_with_trigger to 2024-09-24 16:00:00+00:00, run_after=2024-09-24 20:00:00+00:00
[2024-09-24T23:46:03.774+0000] {processor.py:208} INFO - Processing /home/airflow/.local/lib/python3.12/site-packages/airflow/example_dags/example_latest_only_with_trigger.py took 0.252 seconds
[2024-09-24T23:46:33.971+0000] {processor.py:186} INFO - Started process (PID=4936) to work on /home/airflow/.local/lib/python3.12/site-packages/airflow/example_dags/example_latest_only_with_trigger.py
[2024-09-24T23:46:33.974+0000] {processor.py:914} INFO - Processing file /home/airflow/.local/lib/python3.12/site-packages/airflow/example_dags/example_latest_only_with_trigger.py for tasks to queue
[2024-09-24T23:46:33.978+0000] {logging_mixin.py:190} INFO - [2024-09-24T23:46:33.978+0000] {dagbag.py:588} INFO - Filling up the DagBag from /home/airflow/.local/lib/python3.12/site-packages/airflow/example_dags/example_latest_only_with_trigger.py
[2024-09-24T23:46:33.992+0000] {processor.py:925} INFO - DAG(s) 'latest_only_with_trigger' retrieved from /home/airflow/.local/lib/python3.12/site-packages/airflow/example_dags/example_latest_only_with_trigger.py
[2024-09-24T23:46:34.034+0000] {logging_mixin.py:190} INFO - [2024-09-24T23:46:34.033+0000] {dag.py:3239} INFO - Sync 1 DAGs
[2024-09-24T23:46:34.085+0000] {logging_mixin.py:190} INFO - [2024-09-24T23:46:34.085+0000] {dag.py:4180} INFO - Setting next_dagrun for latest_only_with_trigger to 2024-09-24 16:00:00+00:00, run_after=2024-09-24 20:00:00+00:00
[2024-09-24T23:46:34.133+0000] {processor.py:208} INFO - Processing /home/airflow/.local/lib/python3.12/site-packages/airflow/example_dags/example_latest_only_with_trigger.py took 0.173 seconds
[2024-09-24T23:47:04.569+0000] {processor.py:186} INFO - Started process (PID=5222) to work on /home/airflow/.local/lib/python3.12/site-packages/airflow/example_dags/example_latest_only_with_trigger.py
[2024-09-24T23:47:04.572+0000] {processor.py:914} INFO - Processing file /home/airflow/.local/lib/python3.12/site-packages/airflow/example_dags/example_latest_only_with_trigger.py for tasks to queue
[2024-09-24T23:47:04.578+0000] {logging_mixin.py:190} INFO - [2024-09-24T23:47:04.577+0000] {dagbag.py:588} INFO - Filling up the DagBag from /home/airflow/.local/lib/python3.12/site-packages/airflow/example_dags/example_latest_only_with_trigger.py
[2024-09-24T23:47:04.595+0000] {processor.py:925} INFO - DAG(s) 'latest_only_with_trigger' retrieved from /home/airflow/.local/lib/python3.12/site-packages/airflow/example_dags/example_latest_only_with_trigger.py
[2024-09-24T23:47:04.647+0000] {logging_mixin.py:190} INFO - [2024-09-24T23:47:04.646+0000] {dag.py:3239} INFO - Sync 1 DAGs
[2024-09-24T23:47:04.706+0000] {logging_mixin.py:190} INFO - [2024-09-24T23:47:04.705+0000] {dag.py:4180} INFO - Setting next_dagrun for latest_only_with_trigger to 2024-09-24 16:00:00+00:00, run_after=2024-09-24 20:00:00+00:00
[2024-09-24T23:47:04.759+0000] {processor.py:208} INFO - Processing /home/airflow/.local/lib/python3.12/site-packages/airflow/example_dags/example_latest_only_with_trigger.py took 0.215 seconds
[2024-09-24T23:47:35.829+0000] {processor.py:186} INFO - Started process (PID=5506) to work on /home/airflow/.local/lib/python3.12/site-packages/airflow/example_dags/example_latest_only_with_trigger.py
[2024-09-24T23:47:35.833+0000] {processor.py:914} INFO - Processing file /home/airflow/.local/lib/python3.12/site-packages/airflow/example_dags/example_latest_only_with_trigger.py for tasks to queue
[2024-09-24T23:47:35.840+0000] {logging_mixin.py:190} INFO - [2024-09-24T23:47:35.839+0000] {dagbag.py:588} INFO - Filling up the DagBag from /home/airflow/.local/lib/python3.12/site-packages/airflow/example_dags/example_latest_only_with_trigger.py
[2024-09-24T23:47:35.862+0000] {processor.py:925} INFO - DAG(s) 'latest_only_with_trigger' retrieved from /home/airflow/.local/lib/python3.12/site-packages/airflow/example_dags/example_latest_only_with_trigger.py
[2024-09-24T23:47:35.940+0000] {logging_mixin.py:190} INFO - [2024-09-24T23:47:35.939+0000] {dag.py:3239} INFO - Sync 1 DAGs
[2024-09-24T23:47:36.058+0000] {logging_mixin.py:190} INFO - [2024-09-24T23:47:36.057+0000] {dag.py:4180} INFO - Setting next_dagrun for latest_only_with_trigger to 2024-09-24 16:00:00+00:00, run_after=2024-09-24 20:00:00+00:00
[2024-09-24T23:47:36.121+0000] {processor.py:208} INFO - Processing /home/airflow/.local/lib/python3.12/site-packages/airflow/example_dags/example_latest_only_with_trigger.py took 0.309 seconds
[2024-09-24T23:48:06.508+0000] {processor.py:186} INFO - Started process (PID=5792) to work on /home/airflow/.local/lib/python3.12/site-packages/airflow/example_dags/example_latest_only_with_trigger.py
[2024-09-24T23:48:06.511+0000] {processor.py:914} INFO - Processing file /home/airflow/.local/lib/python3.12/site-packages/airflow/example_dags/example_latest_only_with_trigger.py for tasks to queue
[2024-09-24T23:48:06.517+0000] {logging_mixin.py:190} INFO - [2024-09-24T23:48:06.516+0000] {dagbag.py:588} INFO - Filling up the DagBag from /home/airflow/.local/lib/python3.12/site-packages/airflow/example_dags/example_latest_only_with_trigger.py
[2024-09-24T23:48:06.532+0000] {processor.py:925} INFO - DAG(s) 'latest_only_with_trigger' retrieved from /home/airflow/.local/lib/python3.12/site-packages/airflow/example_dags/example_latest_only_with_trigger.py
[2024-09-24T23:48:06.588+0000] {logging_mixin.py:190} INFO - [2024-09-24T23:48:06.587+0000] {dag.py:3239} INFO - Sync 1 DAGs
[2024-09-24T23:48:06.654+0000] {logging_mixin.py:190} INFO - [2024-09-24T23:48:06.653+0000] {dag.py:4180} INFO - Setting next_dagrun for latest_only_with_trigger to 2024-09-24 16:00:00+00:00, run_after=2024-09-24 20:00:00+00:00
[2024-09-24T23:48:06.707+0000] {processor.py:208} INFO - Processing /home/airflow/.local/lib/python3.12/site-packages/airflow/example_dags/example_latest_only_with_trigger.py took 0.209 seconds
[2024-09-24T23:48:37.355+0000] {processor.py:186} INFO - Started process (PID=6078) to work on /home/airflow/.local/lib/python3.12/site-packages/airflow/example_dags/example_latest_only_with_trigger.py
[2024-09-24T23:48:37.357+0000] {processor.py:914} INFO - Processing file /home/airflow/.local/lib/python3.12/site-packages/airflow/example_dags/example_latest_only_with_trigger.py for tasks to queue
[2024-09-24T23:48:37.362+0000] {logging_mixin.py:190} INFO - [2024-09-24T23:48:37.361+0000] {dagbag.py:588} INFO - Filling up the DagBag from /home/airflow/.local/lib/python3.12/site-packages/airflow/example_dags/example_latest_only_with_trigger.py
[2024-09-24T23:48:37.377+0000] {processor.py:925} INFO - DAG(s) 'latest_only_with_trigger' retrieved from /home/airflow/.local/lib/python3.12/site-packages/airflow/example_dags/example_latest_only_with_trigger.py
[2024-09-24T23:48:37.419+0000] {logging_mixin.py:190} INFO - [2024-09-24T23:48:37.418+0000] {dag.py:3239} INFO - Sync 1 DAGs
[2024-09-24T23:48:37.477+0000] {logging_mixin.py:190} INFO - [2024-09-24T23:48:37.476+0000] {dag.py:4180} INFO - Setting next_dagrun for latest_only_with_trigger to 2024-09-24 16:00:00+00:00, run_after=2024-09-24 20:00:00+00:00
[2024-09-24T23:48:37.517+0000] {processor.py:208} INFO - Processing /home/airflow/.local/lib/python3.12/site-packages/airflow/example_dags/example_latest_only_with_trigger.py took 0.179 seconds
[2024-09-24T23:49:07.980+0000] {processor.py:186} INFO - Started process (PID=6364) to work on /home/airflow/.local/lib/python3.12/site-packages/airflow/example_dags/example_latest_only_with_trigger.py
[2024-09-24T23:49:07.982+0000] {processor.py:914} INFO - Processing file /home/airflow/.local/lib/python3.12/site-packages/airflow/example_dags/example_latest_only_with_trigger.py for tasks to queue
[2024-09-24T23:49:07.987+0000] {logging_mixin.py:190} INFO - [2024-09-24T23:49:07.986+0000] {dagbag.py:588} INFO - Filling up the DagBag from /home/airflow/.local/lib/python3.12/site-packages/airflow/example_dags/example_latest_only_with_trigger.py
[2024-09-24T23:49:08.005+0000] {processor.py:925} INFO - DAG(s) 'latest_only_with_trigger' retrieved from /home/airflow/.local/lib/python3.12/site-packages/airflow/example_dags/example_latest_only_with_trigger.py
[2024-09-24T23:49:08.058+0000] {logging_mixin.py:190} INFO - [2024-09-24T23:49:08.058+0000] {dag.py:3239} INFO - Sync 1 DAGs
[2024-09-24T23:49:08.117+0000] {logging_mixin.py:190} INFO - [2024-09-24T23:49:08.117+0000] {dag.py:4180} INFO - Setting next_dagrun for latest_only_with_trigger to 2024-09-24 16:00:00+00:00, run_after=2024-09-24 20:00:00+00:00
[2024-09-24T23:49:08.170+0000] {processor.py:208} INFO - Processing /home/airflow/.local/lib/python3.12/site-packages/airflow/example_dags/example_latest_only_with_trigger.py took 0.203 seconds
[2024-09-24T23:49:39.025+0000] {processor.py:186} INFO - Started process (PID=6645) to work on /home/airflow/.local/lib/python3.12/site-packages/airflow/example_dags/example_latest_only_with_trigger.py
[2024-09-24T23:49:39.031+0000] {processor.py:914} INFO - Processing file /home/airflow/.local/lib/python3.12/site-packages/airflow/example_dags/example_latest_only_with_trigger.py for tasks to queue
[2024-09-24T23:49:39.037+0000] {logging_mixin.py:190} INFO - [2024-09-24T23:49:39.036+0000] {dagbag.py:588} INFO - Filling up the DagBag from /home/airflow/.local/lib/python3.12/site-packages/airflow/example_dags/example_latest_only_with_trigger.py
[2024-09-24T23:49:39.058+0000] {processor.py:925} INFO - DAG(s) 'latest_only_with_trigger' retrieved from /home/airflow/.local/lib/python3.12/site-packages/airflow/example_dags/example_latest_only_with_trigger.py
[2024-09-24T23:49:39.109+0000] {logging_mixin.py:190} INFO - [2024-09-24T23:49:39.108+0000] {dag.py:3239} INFO - Sync 1 DAGs
[2024-09-24T23:49:39.173+0000] {logging_mixin.py:190} INFO - [2024-09-24T23:49:39.172+0000] {dag.py:4180} INFO - Setting next_dagrun for latest_only_with_trigger to 2024-09-24 16:00:00+00:00, run_after=2024-09-24 20:00:00+00:00
[2024-09-24T23:49:39.233+0000] {processor.py:208} INFO - Processing /home/airflow/.local/lib/python3.12/site-packages/airflow/example_dags/example_latest_only_with_trigger.py took 0.227 seconds
[2024-09-24T23:50:09.483+0000] {processor.py:186} INFO - Started process (PID=6931) to work on /home/airflow/.local/lib/python3.12/site-packages/airflow/example_dags/example_latest_only_with_trigger.py
[2024-09-24T23:50:09.485+0000] {processor.py:914} INFO - Processing file /home/airflow/.local/lib/python3.12/site-packages/airflow/example_dags/example_latest_only_with_trigger.py for tasks to queue
[2024-09-24T23:50:09.489+0000] {logging_mixin.py:190} INFO - [2024-09-24T23:50:09.489+0000] {dagbag.py:588} INFO - Filling up the DagBag from /home/airflow/.local/lib/python3.12/site-packages/airflow/example_dags/example_latest_only_with_trigger.py
[2024-09-24T23:50:09.504+0000] {processor.py:925} INFO - DAG(s) 'latest_only_with_trigger' retrieved from /home/airflow/.local/lib/python3.12/site-packages/airflow/example_dags/example_latest_only_with_trigger.py
[2024-09-24T23:50:09.548+0000] {logging_mixin.py:190} INFO - [2024-09-24T23:50:09.548+0000] {dag.py:3239} INFO - Sync 1 DAGs
[2024-09-24T23:50:09.603+0000] {logging_mixin.py:190} INFO - [2024-09-24T23:50:09.603+0000] {dag.py:4180} INFO - Setting next_dagrun for latest_only_with_trigger to 2024-09-24 16:00:00+00:00, run_after=2024-09-24 20:00:00+00:00
[2024-09-24T23:50:09.644+0000] {processor.py:208} INFO - Processing /home/airflow/.local/lib/python3.12/site-packages/airflow/example_dags/example_latest_only_with_trigger.py took 0.172 seconds
[2024-09-24T23:50:40.406+0000] {processor.py:186} INFO - Started process (PID=7217) to work on /home/airflow/.local/lib/python3.12/site-packages/airflow/example_dags/example_latest_only_with_trigger.py
[2024-09-24T23:50:40.408+0000] {processor.py:914} INFO - Processing file /home/airflow/.local/lib/python3.12/site-packages/airflow/example_dags/example_latest_only_with_trigger.py for tasks to queue
[2024-09-24T23:50:40.414+0000] {logging_mixin.py:190} INFO - [2024-09-24T23:50:40.413+0000] {dagbag.py:588} INFO - Filling up the DagBag from /home/airflow/.local/lib/python3.12/site-packages/airflow/example_dags/example_latest_only_with_trigger.py
[2024-09-24T23:50:40.433+0000] {processor.py:925} INFO - DAG(s) 'latest_only_with_trigger' retrieved from /home/airflow/.local/lib/python3.12/site-packages/airflow/example_dags/example_latest_only_with_trigger.py
[2024-09-24T23:50:40.481+0000] {logging_mixin.py:190} INFO - [2024-09-24T23:50:40.480+0000] {dag.py:3239} INFO - Sync 1 DAGs
[2024-09-24T23:50:40.548+0000] {logging_mixin.py:190} INFO - [2024-09-24T23:50:40.548+0000] {dag.py:4180} INFO - Setting next_dagrun for latest_only_with_trigger to 2024-09-24 16:00:00+00:00, run_after=2024-09-24 20:00:00+00:00
[2024-09-24T23:50:40.598+0000] {processor.py:208} INFO - Processing /home/airflow/.local/lib/python3.12/site-packages/airflow/example_dags/example_latest_only_with_trigger.py took 0.205 seconds
[2024-09-24T23:51:10.903+0000] {processor.py:186} INFO - Started process (PID=7503) to work on /home/airflow/.local/lib/python3.12/site-packages/airflow/example_dags/example_latest_only_with_trigger.py
[2024-09-24T23:51:10.907+0000] {processor.py:914} INFO - Processing file /home/airflow/.local/lib/python3.12/site-packages/airflow/example_dags/example_latest_only_with_trigger.py for tasks to queue
[2024-09-24T23:51:10.913+0000] {logging_mixin.py:190} INFO - [2024-09-24T23:51:10.913+0000] {dagbag.py:588} INFO - Filling up the DagBag from /home/airflow/.local/lib/python3.12/site-packages/airflow/example_dags/example_latest_only_with_trigger.py
[2024-09-24T23:51:10.933+0000] {processor.py:925} INFO - DAG(s) 'latest_only_with_trigger' retrieved from /home/airflow/.local/lib/python3.12/site-packages/airflow/example_dags/example_latest_only_with_trigger.py
[2024-09-24T23:51:10.998+0000] {logging_mixin.py:190} INFO - [2024-09-24T23:51:10.997+0000] {dag.py:3239} INFO - Sync 1 DAGs
[2024-09-24T23:51:11.073+0000] {logging_mixin.py:190} INFO - [2024-09-24T23:51:11.072+0000] {dag.py:4180} INFO - Setting next_dagrun for latest_only_with_trigger to 2024-09-24 16:00:00+00:00, run_after=2024-09-24 20:00:00+00:00
[2024-09-24T23:51:11.186+0000] {processor.py:208} INFO - Processing /home/airflow/.local/lib/python3.12/site-packages/airflow/example_dags/example_latest_only_with_trigger.py took 0.300 seconds
[2024-09-24T23:51:42.012+0000] {processor.py:186} INFO - Started process (PID=7789) to work on /home/airflow/.local/lib/python3.12/site-packages/airflow/example_dags/example_latest_only_with_trigger.py
[2024-09-24T23:51:42.015+0000] {processor.py:914} INFO - Processing file /home/airflow/.local/lib/python3.12/site-packages/airflow/example_dags/example_latest_only_with_trigger.py for tasks to queue
[2024-09-24T23:51:42.019+0000] {logging_mixin.py:190} INFO - [2024-09-24T23:51:42.018+0000] {dagbag.py:588} INFO - Filling up the DagBag from /home/airflow/.local/lib/python3.12/site-packages/airflow/example_dags/example_latest_only_with_trigger.py
[2024-09-24T23:51:42.035+0000] {processor.py:925} INFO - DAG(s) 'latest_only_with_trigger' retrieved from /home/airflow/.local/lib/python3.12/site-packages/airflow/example_dags/example_latest_only_with_trigger.py
[2024-09-24T23:51:42.079+0000] {logging_mixin.py:190} INFO - [2024-09-24T23:51:42.079+0000] {dag.py:3239} INFO - Sync 1 DAGs
[2024-09-24T23:51:42.141+0000] {logging_mixin.py:190} INFO - [2024-09-24T23:51:42.140+0000] {dag.py:4180} INFO - Setting next_dagrun for latest_only_with_trigger to 2024-09-24 16:00:00+00:00, run_after=2024-09-24 20:00:00+00:00
[2024-09-24T23:51:42.185+0000] {processor.py:208} INFO - Processing /home/airflow/.local/lib/python3.12/site-packages/airflow/example_dags/example_latest_only_with_trigger.py took 0.185 seconds
[2024-09-24T23:52:12.598+0000] {processor.py:186} INFO - Started process (PID=8076) to work on /home/airflow/.local/lib/python3.12/site-packages/airflow/example_dags/example_latest_only_with_trigger.py
[2024-09-24T23:52:12.600+0000] {processor.py:914} INFO - Processing file /home/airflow/.local/lib/python3.12/site-packages/airflow/example_dags/example_latest_only_with_trigger.py for tasks to queue
[2024-09-24T23:52:12.604+0000] {logging_mixin.py:190} INFO - [2024-09-24T23:52:12.603+0000] {dagbag.py:588} INFO - Filling up the DagBag from /home/airflow/.local/lib/python3.12/site-packages/airflow/example_dags/example_latest_only_with_trigger.py
[2024-09-24T23:52:12.617+0000] {processor.py:925} INFO - DAG(s) 'latest_only_with_trigger' retrieved from /home/airflow/.local/lib/python3.12/site-packages/airflow/example_dags/example_latest_only_with_trigger.py
[2024-09-24T23:52:12.658+0000] {logging_mixin.py:190} INFO - [2024-09-24T23:52:12.658+0000] {dag.py:3239} INFO - Sync 1 DAGs
[2024-09-24T23:52:12.707+0000] {logging_mixin.py:190} INFO - [2024-09-24T23:52:12.706+0000] {dag.py:4180} INFO - Setting next_dagrun for latest_only_with_trigger to 2024-09-24 16:00:00+00:00, run_after=2024-09-24 20:00:00+00:00
[2024-09-24T23:52:12.749+0000] {processor.py:208} INFO - Processing /home/airflow/.local/lib/python3.12/site-packages/airflow/example_dags/example_latest_only_with_trigger.py took 0.159 seconds
[2024-09-24T23:52:43.371+0000] {processor.py:186} INFO - Started process (PID=8362) to work on /home/airflow/.local/lib/python3.12/site-packages/airflow/example_dags/example_latest_only_with_trigger.py
[2024-09-24T23:52:43.374+0000] {processor.py:914} INFO - Processing file /home/airflow/.local/lib/python3.12/site-packages/airflow/example_dags/example_latest_only_with_trigger.py for tasks to queue
[2024-09-24T23:52:43.378+0000] {logging_mixin.py:190} INFO - [2024-09-24T23:52:43.377+0000] {dagbag.py:588} INFO - Filling up the DagBag from /home/airflow/.local/lib/python3.12/site-packages/airflow/example_dags/example_latest_only_with_trigger.py
[2024-09-24T23:52:43.395+0000] {processor.py:925} INFO - DAG(s) 'latest_only_with_trigger' retrieved from /home/airflow/.local/lib/python3.12/site-packages/airflow/example_dags/example_latest_only_with_trigger.py
[2024-09-24T23:52:43.459+0000] {logging_mixin.py:190} INFO - [2024-09-24T23:52:43.458+0000] {dag.py:3239} INFO - Sync 1 DAGs
[2024-09-24T23:52:43.534+0000] {logging_mixin.py:190} INFO - [2024-09-24T23:52:43.533+0000] {dag.py:4180} INFO - Setting next_dagrun for latest_only_with_trigger to 2024-09-24 16:00:00+00:00, run_after=2024-09-24 20:00:00+00:00
[2024-09-24T23:52:43.594+0000] {processor.py:208} INFO - Processing /home/airflow/.local/lib/python3.12/site-packages/airflow/example_dags/example_latest_only_with_trigger.py took 0.232 seconds
[2024-09-24T23:53:13.782+0000] {processor.py:186} INFO - Started process (PID=8645) to work on /home/airflow/.local/lib/python3.12/site-packages/airflow/example_dags/example_latest_only_with_trigger.py
[2024-09-24T23:53:13.784+0000] {processor.py:914} INFO - Processing file /home/airflow/.local/lib/python3.12/site-packages/airflow/example_dags/example_latest_only_with_trigger.py for tasks to queue
[2024-09-24T23:53:13.789+0000] {logging_mixin.py:190} INFO - [2024-09-24T23:53:13.788+0000] {dagbag.py:588} INFO - Filling up the DagBag from /home/airflow/.local/lib/python3.12/site-packages/airflow/example_dags/example_latest_only_with_trigger.py
[2024-09-24T23:53:13.803+0000] {processor.py:925} INFO - DAG(s) 'latest_only_with_trigger' retrieved from /home/airflow/.local/lib/python3.12/site-packages/airflow/example_dags/example_latest_only_with_trigger.py
[2024-09-24T23:53:13.847+0000] {logging_mixin.py:190} INFO - [2024-09-24T23:53:13.846+0000] {dag.py:3239} INFO - Sync 1 DAGs
[2024-09-24T23:53:13.923+0000] {logging_mixin.py:190} INFO - [2024-09-24T23:53:13.922+0000] {dag.py:4180} INFO - Setting next_dagrun for latest_only_with_trigger to 2024-09-24 16:00:00+00:00, run_after=2024-09-24 20:00:00+00:00
[2024-09-24T23:53:13.972+0000] {processor.py:208} INFO - Processing /home/airflow/.local/lib/python3.12/site-packages/airflow/example_dags/example_latest_only_with_trigger.py took 0.203 seconds
[2024-09-24T23:53:44.420+0000] {processor.py:186} INFO - Started process (PID=8931) to work on /home/airflow/.local/lib/python3.12/site-packages/airflow/example_dags/example_latest_only_with_trigger.py
[2024-09-24T23:53:44.422+0000] {processor.py:914} INFO - Processing file /home/airflow/.local/lib/python3.12/site-packages/airflow/example_dags/example_latest_only_with_trigger.py for tasks to queue
[2024-09-24T23:53:44.426+0000] {logging_mixin.py:190} INFO - [2024-09-24T23:53:44.425+0000] {dagbag.py:588} INFO - Filling up the DagBag from /home/airflow/.local/lib/python3.12/site-packages/airflow/example_dags/example_latest_only_with_trigger.py
[2024-09-24T23:53:44.439+0000] {processor.py:925} INFO - DAG(s) 'latest_only_with_trigger' retrieved from /home/airflow/.local/lib/python3.12/site-packages/airflow/example_dags/example_latest_only_with_trigger.py
[2024-09-24T23:53:44.483+0000] {logging_mixin.py:190} INFO - [2024-09-24T23:53:44.482+0000] {dag.py:3239} INFO - Sync 1 DAGs
[2024-09-24T23:53:44.566+0000] {logging_mixin.py:190} INFO - [2024-09-24T23:53:44.565+0000] {dag.py:4180} INFO - Setting next_dagrun for latest_only_with_trigger to 2024-09-24 16:00:00+00:00, run_after=2024-09-24 20:00:00+00:00
[2024-09-24T23:53:44.630+0000] {processor.py:208} INFO - Processing /home/airflow/.local/lib/python3.12/site-packages/airflow/example_dags/example_latest_only_with_trigger.py took 0.220 seconds
[2024-09-24T23:54:14.719+0000] {processor.py:186} INFO - Started process (PID=9215) to work on /home/airflow/.local/lib/python3.12/site-packages/airflow/example_dags/example_latest_only_with_trigger.py
[2024-09-24T23:54:14.721+0000] {processor.py:914} INFO - Processing file /home/airflow/.local/lib/python3.12/site-packages/airflow/example_dags/example_latest_only_with_trigger.py for tasks to queue
[2024-09-24T23:54:14.726+0000] {logging_mixin.py:190} INFO - [2024-09-24T23:54:14.726+0000] {dagbag.py:588} INFO - Filling up the DagBag from /home/airflow/.local/lib/python3.12/site-packages/airflow/example_dags/example_latest_only_with_trigger.py
[2024-09-24T23:54:14.740+0000] {processor.py:925} INFO - DAG(s) 'latest_only_with_trigger' retrieved from /home/airflow/.local/lib/python3.12/site-packages/airflow/example_dags/example_latest_only_with_trigger.py
[2024-09-24T23:54:14.781+0000] {logging_mixin.py:190} INFO - [2024-09-24T23:54:14.780+0000] {dag.py:3239} INFO - Sync 1 DAGs
[2024-09-24T23:54:14.838+0000] {logging_mixin.py:190} INFO - [2024-09-24T23:54:14.838+0000] {dag.py:4180} INFO - Setting next_dagrun for latest_only_with_trigger to 2024-09-24 16:00:00+00:00, run_after=2024-09-24 20:00:00+00:00
[2024-09-24T23:54:14.880+0000] {processor.py:208} INFO - Processing /home/airflow/.local/lib/python3.12/site-packages/airflow/example_dags/example_latest_only_with_trigger.py took 0.173 seconds
[2024-09-24T23:54:45.423+0000] {processor.py:186} INFO - Started process (PID=9498) to work on /home/airflow/.local/lib/python3.12/site-packages/airflow/example_dags/example_latest_only_with_trigger.py
[2024-09-24T23:54:45.425+0000] {processor.py:914} INFO - Processing file /home/airflow/.local/lib/python3.12/site-packages/airflow/example_dags/example_latest_only_with_trigger.py for tasks to queue
[2024-09-24T23:54:45.429+0000] {logging_mixin.py:190} INFO - [2024-09-24T23:54:45.428+0000] {dagbag.py:588} INFO - Filling up the DagBag from /home/airflow/.local/lib/python3.12/site-packages/airflow/example_dags/example_latest_only_with_trigger.py
[2024-09-24T23:54:45.445+0000] {processor.py:925} INFO - DAG(s) 'latest_only_with_trigger' retrieved from /home/airflow/.local/lib/python3.12/site-packages/airflow/example_dags/example_latest_only_with_trigger.py
[2024-09-24T23:54:45.482+0000] {logging_mixin.py:190} INFO - [2024-09-24T23:54:45.481+0000] {dag.py:3239} INFO - Sync 1 DAGs
[2024-09-24T23:54:45.528+0000] {logging_mixin.py:190} INFO - [2024-09-24T23:54:45.527+0000] {dag.py:4180} INFO - Setting next_dagrun for latest_only_with_trigger to 2024-09-24 16:00:00+00:00, run_after=2024-09-24 20:00:00+00:00
[2024-09-24T23:54:45.565+0000] {processor.py:208} INFO - Processing /home/airflow/.local/lib/python3.12/site-packages/airflow/example_dags/example_latest_only_with_trigger.py took 0.152 seconds
[2024-09-24T23:55:15.966+0000] {processor.py:186} INFO - Started process (PID=9784) to work on /home/airflow/.local/lib/python3.12/site-packages/airflow/example_dags/example_latest_only_with_trigger.py
[2024-09-24T23:55:15.969+0000] {processor.py:914} INFO - Processing file /home/airflow/.local/lib/python3.12/site-packages/airflow/example_dags/example_latest_only_with_trigger.py for tasks to queue
[2024-09-24T23:55:15.984+0000] {logging_mixin.py:190} INFO - [2024-09-24T23:55:15.983+0000] {dagbag.py:588} INFO - Filling up the DagBag from /home/airflow/.local/lib/python3.12/site-packages/airflow/example_dags/example_latest_only_with_trigger.py
[2024-09-24T23:55:16.020+0000] {processor.py:925} INFO - DAG(s) 'latest_only_with_trigger' retrieved from /home/airflow/.local/lib/python3.12/site-packages/airflow/example_dags/example_latest_only_with_trigger.py
[2024-09-24T23:55:16.103+0000] {logging_mixin.py:190} INFO - [2024-09-24T23:55:16.102+0000] {dag.py:3239} INFO - Sync 1 DAGs
[2024-09-24T23:55:16.200+0000] {logging_mixin.py:190} INFO - [2024-09-24T23:55:16.199+0000] {dag.py:4180} INFO - Setting next_dagrun for latest_only_with_trigger to 2024-09-24 16:00:00+00:00, run_after=2024-09-24 20:00:00+00:00
[2024-09-24T23:55:16.280+0000] {processor.py:208} INFO - Processing /home/airflow/.local/lib/python3.12/site-packages/airflow/example_dags/example_latest_only_with_trigger.py took 0.337 seconds
[2024-09-24T23:55:50.849+0000] {processor.py:186} INFO - Started process (PID=10068) to work on /home/airflow/.local/lib/python3.12/site-packages/airflow/example_dags/example_latest_only_with_trigger.py
[2024-09-24T23:55:50.853+0000] {processor.py:914} INFO - Processing file /home/airflow/.local/lib/python3.12/site-packages/airflow/example_dags/example_latest_only_with_trigger.py for tasks to queue
[2024-09-24T23:55:50.868+0000] {logging_mixin.py:190} INFO - [2024-09-24T23:55:50.867+0000] {dagbag.py:588} INFO - Filling up the DagBag from /home/airflow/.local/lib/python3.12/site-packages/airflow/example_dags/example_latest_only_with_trigger.py
[2024-09-24T23:55:50.946+0000] {processor.py:925} INFO - DAG(s) 'latest_only_with_trigger' retrieved from /home/airflow/.local/lib/python3.12/site-packages/airflow/example_dags/example_latest_only_with_trigger.py
[2024-09-24T23:55:51.145+0000] {logging_mixin.py:190} INFO - [2024-09-24T23:55:51.144+0000] {dag.py:3239} INFO - Sync 1 DAGs
[2024-09-24T23:55:51.375+0000] {logging_mixin.py:190} INFO - [2024-09-24T23:55:51.374+0000] {dag.py:4180} INFO - Setting next_dagrun for latest_only_with_trigger to 2024-09-24 16:00:00+00:00, run_after=2024-09-24 20:00:00+00:00
[2024-09-24T23:55:51.541+0000] {processor.py:208} INFO - Processing /home/airflow/.local/lib/python3.12/site-packages/airflow/example_dags/example_latest_only_with_trigger.py took 0.727 seconds
