[2024-09-24T23:38:22.558+0000] {processor.py:186} INFO - Started process (PID=391) to work on /home/airflow/.local/lib/python3.12/site-packages/airflow/example_dags/example_display_name.py
[2024-09-24T23:38:22.561+0000] {processor.py:914} INFO - Processing file /home/airflow/.local/lib/python3.12/site-packages/airflow/example_dags/example_display_name.py for tasks to queue
[2024-09-24T23:38:22.568+0000] {logging_mixin.py:190} INFO - [2024-09-24T23:38:22.567+0000] {dagbag.py:588} INFO - Filling up the DagBag from /home/airflow/.local/lib/python3.12/site-packages/airflow/example_dags/example_display_name.py
[2024-09-24T23:38:22.590+0000] {processor.py:925} INFO - DAG(s) 'example_display_name' retrieved from /home/airflow/.local/lib/python3.12/site-packages/airflow/example_dags/example_display_name.py
[2024-09-24T23:38:22.958+0000] {logging_mixin.py:190} INFO - [2024-09-24T23:38:22.956+0000] {override.py:1900} INFO - Created Permission View: can edit on DAG:example_display_name
[2024-09-24T23:38:22.994+0000] {logging_mixin.py:190} INFO - [2024-09-24T23:38:22.994+0000] {override.py:1900} INFO - Created Permission View: can read on DAG:example_display_name
[2024-09-24T23:38:23.022+0000] {logging_mixin.py:190} INFO - [2024-09-24T23:38:23.021+0000] {override.py:1900} INFO - Created Permission View: can delete on DAG:example_display_name
[2024-09-24T23:38:23.047+0000] {logging_mixin.py:190} INFO - [2024-09-24T23:38:23.047+0000] {override.py:1900} INFO - Created Permission View: can read on DAG Run:example_display_name
[2024-09-24T23:38:23.073+0000] {logging_mixin.py:190} INFO - [2024-09-24T23:38:23.072+0000] {override.py:1900} INFO - Created Permission View: menu access on DAG Run:example_display_name
[2024-09-24T23:38:23.095+0000] {logging_mixin.py:190} INFO - [2024-09-24T23:38:23.094+0000] {override.py:1900} INFO - Created Permission View: can delete on DAG Run:example_display_name
[2024-09-24T23:38:23.120+0000] {logging_mixin.py:190} INFO - [2024-09-24T23:38:23.118+0000] {override.py:1900} INFO - Created Permission View: can create on DAG Run:example_display_name
[2024-09-24T23:38:23.121+0000] {logging_mixin.py:190} INFO - [2024-09-24T23:38:23.121+0000] {dag.py:3239} INFO - Sync 1 DAGs
[2024-09-24T23:38:23.189+0000] {logging_mixin.py:190} INFO - [2024-09-24T23:38:23.188+0000] {dag.py:3262} INFO - Creating ORM DAG for example_display_name
[2024-09-24T23:38:23.193+0000] {logging_mixin.py:190} INFO - [2024-09-24T23:38:23.191+0000] {dag.py:4180} INFO - Setting next_dagrun for example_display_name to None, run_after=None
[2024-09-24T23:38:23.250+0000] {processor.py:208} INFO - Processing /home/airflow/.local/lib/python3.12/site-packages/airflow/example_dags/example_display_name.py took 0.707 seconds
[2024-09-24T23:38:53.638+0000] {processor.py:186} INFO - Started process (PID=677) to work on /home/airflow/.local/lib/python3.12/site-packages/airflow/example_dags/example_display_name.py
[2024-09-24T23:38:53.641+0000] {processor.py:914} INFO - Processing file /home/airflow/.local/lib/python3.12/site-packages/airflow/example_dags/example_display_name.py for tasks to queue
[2024-09-24T23:38:53.650+0000] {logging_mixin.py:190} INFO - [2024-09-24T23:38:53.649+0000] {dagbag.py:588} INFO - Filling up the DagBag from /home/airflow/.local/lib/python3.12/site-packages/airflow/example_dags/example_display_name.py
[2024-09-24T23:38:53.675+0000] {processor.py:925} INFO - DAG(s) 'example_display_name' retrieved from /home/airflow/.local/lib/python3.12/site-packages/airflow/example_dags/example_display_name.py
[2024-09-24T23:38:53.753+0000] {logging_mixin.py:190} INFO - [2024-09-24T23:38:53.752+0000] {dag.py:3239} INFO - Sync 1 DAGs
[2024-09-24T23:38:53.819+0000] {logging_mixin.py:190} INFO - [2024-09-24T23:38:53.819+0000] {dag.py:4180} INFO - Setting next_dagrun for example_display_name to None, run_after=None
[2024-09-24T23:38:53.884+0000] {processor.py:208} INFO - Processing /home/airflow/.local/lib/python3.12/site-packages/airflow/example_dags/example_display_name.py took 0.265 seconds
[2024-09-24T23:39:24.842+0000] {processor.py:186} INFO - Started process (PID=962) to work on /home/airflow/.local/lib/python3.12/site-packages/airflow/example_dags/example_display_name.py
[2024-09-24T23:39:24.855+0000] {processor.py:914} INFO - Processing file /home/airflow/.local/lib/python3.12/site-packages/airflow/example_dags/example_display_name.py for tasks to queue
[2024-09-24T23:39:24.870+0000] {logging_mixin.py:190} INFO - [2024-09-24T23:39:24.862+0000] {dagbag.py:588} INFO - Filling up the DagBag from /home/airflow/.local/lib/python3.12/site-packages/airflow/example_dags/example_display_name.py
[2024-09-24T23:39:24.918+0000] {processor.py:925} INFO - DAG(s) 'example_display_name' retrieved from /home/airflow/.local/lib/python3.12/site-packages/airflow/example_dags/example_display_name.py
[2024-09-24T23:39:25.004+0000] {logging_mixin.py:190} INFO - [2024-09-24T23:39:25.003+0000] {dag.py:3239} INFO - Sync 1 DAGs
[2024-09-24T23:39:25.141+0000] {logging_mixin.py:190} INFO - [2024-09-24T23:39:25.140+0000] {dag.py:4180} INFO - Setting next_dagrun for example_display_name to None, run_after=None
[2024-09-24T23:39:25.260+0000] {processor.py:208} INFO - Processing /home/airflow/.local/lib/python3.12/site-packages/airflow/example_dags/example_display_name.py took 0.446 seconds
[2024-09-24T23:39:55.460+0000] {processor.py:186} INFO - Started process (PID=1248) to work on /home/airflow/.local/lib/python3.12/site-packages/airflow/example_dags/example_display_name.py
[2024-09-24T23:39:55.462+0000] {processor.py:914} INFO - Processing file /home/airflow/.local/lib/python3.12/site-packages/airflow/example_dags/example_display_name.py for tasks to queue
[2024-09-24T23:39:55.468+0000] {logging_mixin.py:190} INFO - [2024-09-24T23:39:55.467+0000] {dagbag.py:588} INFO - Filling up the DagBag from /home/airflow/.local/lib/python3.12/site-packages/airflow/example_dags/example_display_name.py
[2024-09-24T23:39:55.481+0000] {processor.py:925} INFO - DAG(s) 'example_display_name' retrieved from /home/airflow/.local/lib/python3.12/site-packages/airflow/example_dags/example_display_name.py
[2024-09-24T23:39:55.519+0000] {logging_mixin.py:190} INFO - [2024-09-24T23:39:55.518+0000] {dag.py:3239} INFO - Sync 1 DAGs
[2024-09-24T23:39:55.550+0000] {logging_mixin.py:190} INFO - [2024-09-24T23:39:55.550+0000] {dag.py:4180} INFO - Setting next_dagrun for example_display_name to None, run_after=None
[2024-09-24T23:39:55.594+0000] {processor.py:208} INFO - Processing /home/airflow/.local/lib/python3.12/site-packages/airflow/example_dags/example_display_name.py took 0.145 seconds
[2024-09-24T23:40:26.169+0000] {processor.py:186} INFO - Started process (PID=1534) to work on /home/airflow/.local/lib/python3.12/site-packages/airflow/example_dags/example_display_name.py
[2024-09-24T23:40:26.171+0000] {processor.py:914} INFO - Processing file /home/airflow/.local/lib/python3.12/site-packages/airflow/example_dags/example_display_name.py for tasks to queue
[2024-09-24T23:40:26.176+0000] {logging_mixin.py:190} INFO - [2024-09-24T23:40:26.176+0000] {dagbag.py:588} INFO - Filling up the DagBag from /home/airflow/.local/lib/python3.12/site-packages/airflow/example_dags/example_display_name.py
[2024-09-24T23:40:26.190+0000] {processor.py:925} INFO - DAG(s) 'example_display_name' retrieved from /home/airflow/.local/lib/python3.12/site-packages/airflow/example_dags/example_display_name.py
[2024-09-24T23:40:26.232+0000] {logging_mixin.py:190} INFO - [2024-09-24T23:40:26.231+0000] {dag.py:3239} INFO - Sync 1 DAGs
[2024-09-24T23:40:26.263+0000] {logging_mixin.py:190} INFO - [2024-09-24T23:40:26.263+0000] {dag.py:4180} INFO - Setting next_dagrun for example_display_name to None, run_after=None
[2024-09-24T23:40:26.307+0000] {processor.py:208} INFO - Processing /home/airflow/.local/lib/python3.12/site-packages/airflow/example_dags/example_display_name.py took 0.153 seconds
[2024-09-24T23:40:58.318+0000] {processor.py:186} INFO - Started process (PID=1821) to work on /home/airflow/.local/lib/python3.12/site-packages/airflow/example_dags/example_display_name.py
[2024-09-24T23:40:58.330+0000] {processor.py:914} INFO - Processing file /home/airflow/.local/lib/python3.12/site-packages/airflow/example_dags/example_display_name.py for tasks to queue
[2024-09-24T23:40:58.347+0000] {logging_mixin.py:190} INFO - [2024-09-24T23:40:58.339+0000] {dagbag.py:588} INFO - Filling up the DagBag from /home/airflow/.local/lib/python3.12/site-packages/airflow/example_dags/example_display_name.py
[2024-09-24T23:40:58.399+0000] {processor.py:925} INFO - DAG(s) 'example_display_name' retrieved from /home/airflow/.local/lib/python3.12/site-packages/airflow/example_dags/example_display_name.py
[2024-09-24T23:40:58.601+0000] {logging_mixin.py:190} INFO - [2024-09-24T23:40:58.600+0000] {dag.py:3239} INFO - Sync 1 DAGs
[2024-09-24T23:40:58.881+0000] {logging_mixin.py:190} INFO - [2024-09-24T23:40:58.879+0000] {dag.py:4180} INFO - Setting next_dagrun for example_display_name to None, run_after=None
[2024-09-24T23:40:59.193+0000] {processor.py:208} INFO - Processing /home/airflow/.local/lib/python3.12/site-packages/airflow/example_dags/example_display_name.py took 0.903 seconds
[2024-09-24T23:41:29.905+0000] {processor.py:186} INFO - Started process (PID=2105) to work on /home/airflow/.local/lib/python3.12/site-packages/airflow/example_dags/example_display_name.py
[2024-09-24T23:41:29.914+0000] {processor.py:914} INFO - Processing file /home/airflow/.local/lib/python3.12/site-packages/airflow/example_dags/example_display_name.py for tasks to queue
[2024-09-24T23:41:29.924+0000] {logging_mixin.py:190} INFO - [2024-09-24T23:41:29.923+0000] {dagbag.py:588} INFO - Filling up the DagBag from /home/airflow/.local/lib/python3.12/site-packages/airflow/example_dags/example_display_name.py
[2024-09-24T23:41:29.966+0000] {processor.py:925} INFO - DAG(s) 'example_display_name' retrieved from /home/airflow/.local/lib/python3.12/site-packages/airflow/example_dags/example_display_name.py
[2024-09-24T23:41:30.086+0000] {logging_mixin.py:190} INFO - [2024-09-24T23:41:30.085+0000] {dag.py:3239} INFO - Sync 1 DAGs
[2024-09-24T23:41:30.157+0000] {logging_mixin.py:190} INFO - [2024-09-24T23:41:30.156+0000] {dag.py:4180} INFO - Setting next_dagrun for example_display_name to None, run_after=None
[2024-09-24T23:41:30.265+0000] {processor.py:208} INFO - Processing /home/airflow/.local/lib/python3.12/site-packages/airflow/example_dags/example_display_name.py took 0.393 seconds
[2024-09-24T23:42:00.409+0000] {processor.py:186} INFO - Started process (PID=2397) to work on /home/airflow/.local/lib/python3.12/site-packages/airflow/example_dags/example_display_name.py
[2024-09-24T23:42:00.412+0000] {processor.py:914} INFO - Processing file /home/airflow/.local/lib/python3.12/site-packages/airflow/example_dags/example_display_name.py for tasks to queue
[2024-09-24T23:42:00.417+0000] {logging_mixin.py:190} INFO - [2024-09-24T23:42:00.416+0000] {dagbag.py:588} INFO - Filling up the DagBag from /home/airflow/.local/lib/python3.12/site-packages/airflow/example_dags/example_display_name.py
[2024-09-24T23:42:00.435+0000] {processor.py:925} INFO - DAG(s) 'example_display_name' retrieved from /home/airflow/.local/lib/python3.12/site-packages/airflow/example_dags/example_display_name.py
[2024-09-24T23:42:00.494+0000] {logging_mixin.py:190} INFO - [2024-09-24T23:42:00.494+0000] {dag.py:3239} INFO - Sync 1 DAGs
[2024-09-24T23:42:00.548+0000] {logging_mixin.py:190} INFO - [2024-09-24T23:42:00.548+0000] {dag.py:4180} INFO - Setting next_dagrun for example_display_name to None, run_after=None
[2024-09-24T23:42:00.610+0000] {processor.py:208} INFO - Processing /home/airflow/.local/lib/python3.12/site-packages/airflow/example_dags/example_display_name.py took 0.215 seconds
[2024-09-24T23:42:30.830+0000] {processor.py:186} INFO - Started process (PID=2683) to work on /home/airflow/.local/lib/python3.12/site-packages/airflow/example_dags/example_display_name.py
[2024-09-24T23:42:30.832+0000] {processor.py:914} INFO - Processing file /home/airflow/.local/lib/python3.12/site-packages/airflow/example_dags/example_display_name.py for tasks to queue
[2024-09-24T23:42:30.837+0000] {logging_mixin.py:190} INFO - [2024-09-24T23:42:30.836+0000] {dagbag.py:588} INFO - Filling up the DagBag from /home/airflow/.local/lib/python3.12/site-packages/airflow/example_dags/example_display_name.py
[2024-09-24T23:42:30.852+0000] {processor.py:925} INFO - DAG(s) 'example_display_name' retrieved from /home/airflow/.local/lib/python3.12/site-packages/airflow/example_dags/example_display_name.py
[2024-09-24T23:42:30.917+0000] {logging_mixin.py:190} INFO - [2024-09-24T23:42:30.917+0000] {dag.py:3239} INFO - Sync 1 DAGs
[2024-09-24T23:42:30.994+0000] {logging_mixin.py:190} INFO - [2024-09-24T23:42:30.993+0000] {dag.py:4180} INFO - Setting next_dagrun for example_display_name to None, run_after=None
[2024-09-24T23:42:31.058+0000] {processor.py:208} INFO - Processing /home/airflow/.local/lib/python3.12/site-packages/airflow/example_dags/example_display_name.py took 0.241 seconds
[2024-09-24T23:43:01.505+0000] {processor.py:186} INFO - Started process (PID=2967) to work on /home/airflow/.local/lib/python3.12/site-packages/airflow/example_dags/example_display_name.py
[2024-09-24T23:43:01.507+0000] {processor.py:914} INFO - Processing file /home/airflow/.local/lib/python3.12/site-packages/airflow/example_dags/example_display_name.py for tasks to queue
[2024-09-24T23:43:01.513+0000] {logging_mixin.py:190} INFO - [2024-09-24T23:43:01.512+0000] {dagbag.py:588} INFO - Filling up the DagBag from /home/airflow/.local/lib/python3.12/site-packages/airflow/example_dags/example_display_name.py
[2024-09-24T23:43:01.533+0000] {processor.py:925} INFO - DAG(s) 'example_display_name' retrieved from /home/airflow/.local/lib/python3.12/site-packages/airflow/example_dags/example_display_name.py
[2024-09-24T23:43:01.590+0000] {logging_mixin.py:190} INFO - [2024-09-24T23:43:01.590+0000] {dag.py:3239} INFO - Sync 1 DAGs
[2024-09-24T23:43:01.642+0000] {logging_mixin.py:190} INFO - [2024-09-24T23:43:01.642+0000] {dag.py:4180} INFO - Setting next_dagrun for example_display_name to None, run_after=None
[2024-09-24T23:43:01.695+0000] {processor.py:208} INFO - Processing /home/airflow/.local/lib/python3.12/site-packages/airflow/example_dags/example_display_name.py took 0.207 seconds
[2024-09-24T23:43:32.674+0000] {processor.py:186} INFO - Started process (PID=3253) to work on /home/airflow/.local/lib/python3.12/site-packages/airflow/example_dags/example_display_name.py
[2024-09-24T23:43:32.677+0000] {processor.py:914} INFO - Processing file /home/airflow/.local/lib/python3.12/site-packages/airflow/example_dags/example_display_name.py for tasks to queue
[2024-09-24T23:43:32.682+0000] {logging_mixin.py:190} INFO - [2024-09-24T23:43:32.681+0000] {dagbag.py:588} INFO - Filling up the DagBag from /home/airflow/.local/lib/python3.12/site-packages/airflow/example_dags/example_display_name.py
[2024-09-24T23:43:32.701+0000] {processor.py:925} INFO - DAG(s) 'example_display_name' retrieved from /home/airflow/.local/lib/python3.12/site-packages/airflow/example_dags/example_display_name.py
[2024-09-24T23:43:32.753+0000] {logging_mixin.py:190} INFO - [2024-09-24T23:43:32.752+0000] {dag.py:3239} INFO - Sync 1 DAGs
[2024-09-24T23:43:32.796+0000] {logging_mixin.py:190} INFO - [2024-09-24T23:43:32.795+0000] {dag.py:4180} INFO - Setting next_dagrun for example_display_name to None, run_after=None
[2024-09-24T23:43:32.863+0000] {processor.py:208} INFO - Processing /home/airflow/.local/lib/python3.12/site-packages/airflow/example_dags/example_display_name.py took 0.204 seconds
[2024-09-24T23:44:03.666+0000] {processor.py:186} INFO - Started process (PID=3539) to work on /home/airflow/.local/lib/python3.12/site-packages/airflow/example_dags/example_display_name.py
[2024-09-24T23:44:03.669+0000] {processor.py:914} INFO - Processing file /home/airflow/.local/lib/python3.12/site-packages/airflow/example_dags/example_display_name.py for tasks to queue
[2024-09-24T23:44:03.679+0000] {logging_mixin.py:190} INFO - [2024-09-24T23:44:03.677+0000] {dagbag.py:588} INFO - Filling up the DagBag from /home/airflow/.local/lib/python3.12/site-packages/airflow/example_dags/example_display_name.py
[2024-09-24T23:44:03.715+0000] {processor.py:925} INFO - DAG(s) 'example_display_name' retrieved from /home/airflow/.local/lib/python3.12/site-packages/airflow/example_dags/example_display_name.py
[2024-09-24T23:44:03.784+0000] {logging_mixin.py:190} INFO - [2024-09-24T23:44:03.783+0000] {dag.py:3239} INFO - Sync 1 DAGs
[2024-09-24T23:44:03.847+0000] {logging_mixin.py:190} INFO - [2024-09-24T23:44:03.846+0000] {dag.py:4180} INFO - Setting next_dagrun for example_display_name to None, run_after=None
[2024-09-24T23:44:03.915+0000] {processor.py:208} INFO - Processing /home/airflow/.local/lib/python3.12/site-packages/airflow/example_dags/example_display_name.py took 0.272 seconds
[2024-09-24T23:44:34.057+0000] {processor.py:186} INFO - Started process (PID=3825) to work on /home/airflow/.local/lib/python3.12/site-packages/airflow/example_dags/example_display_name.py
[2024-09-24T23:44:34.059+0000] {processor.py:914} INFO - Processing file /home/airflow/.local/lib/python3.12/site-packages/airflow/example_dags/example_display_name.py for tasks to queue
[2024-09-24T23:44:34.065+0000] {logging_mixin.py:190} INFO - [2024-09-24T23:44:34.065+0000] {dagbag.py:588} INFO - Filling up the DagBag from /home/airflow/.local/lib/python3.12/site-packages/airflow/example_dags/example_display_name.py
[2024-09-24T23:44:34.080+0000] {processor.py:925} INFO - DAG(s) 'example_display_name' retrieved from /home/airflow/.local/lib/python3.12/site-packages/airflow/example_dags/example_display_name.py
[2024-09-24T23:44:34.156+0000] {logging_mixin.py:190} INFO - [2024-09-24T23:44:34.155+0000] {dag.py:3239} INFO - Sync 1 DAGs
[2024-09-24T23:44:34.197+0000] {logging_mixin.py:190} INFO - [2024-09-24T23:44:34.196+0000] {dag.py:4180} INFO - Setting next_dagrun for example_display_name to None, run_after=None
[2024-09-24T23:44:34.240+0000] {processor.py:208} INFO - Processing /home/airflow/.local/lib/python3.12/site-packages/airflow/example_dags/example_display_name.py took 0.201 seconds
[2024-09-24T23:45:05.405+0000] {processor.py:186} INFO - Started process (PID=4111) to work on /home/airflow/.local/lib/python3.12/site-packages/airflow/example_dags/example_display_name.py
[2024-09-24T23:45:05.408+0000] {processor.py:914} INFO - Processing file /home/airflow/.local/lib/python3.12/site-packages/airflow/example_dags/example_display_name.py for tasks to queue
[2024-09-24T23:45:05.414+0000] {logging_mixin.py:190} INFO - [2024-09-24T23:45:05.413+0000] {dagbag.py:588} INFO - Filling up the DagBag from /home/airflow/.local/lib/python3.12/site-packages/airflow/example_dags/example_display_name.py
[2024-09-24T23:45:05.430+0000] {processor.py:925} INFO - DAG(s) 'example_display_name' retrieved from /home/airflow/.local/lib/python3.12/site-packages/airflow/example_dags/example_display_name.py
[2024-09-24T23:45:05.477+0000] {logging_mixin.py:190} INFO - [2024-09-24T23:45:05.476+0000] {dag.py:3239} INFO - Sync 1 DAGs
[2024-09-24T23:45:05.513+0000] {logging_mixin.py:190} INFO - [2024-09-24T23:45:05.512+0000] {dag.py:4180} INFO - Setting next_dagrun for example_display_name to None, run_after=None
[2024-09-24T23:45:05.559+0000] {processor.py:208} INFO - Processing /home/airflow/.local/lib/python3.12/site-packages/airflow/example_dags/example_display_name.py took 0.170 seconds
[2024-09-24T23:45:35.806+0000] {processor.py:186} INFO - Started process (PID=4397) to work on /home/airflow/.local/lib/python3.12/site-packages/airflow/example_dags/example_display_name.py
[2024-09-24T23:45:35.809+0000] {processor.py:914} INFO - Processing file /home/airflow/.local/lib/python3.12/site-packages/airflow/example_dags/example_display_name.py for tasks to queue
[2024-09-24T23:45:35.815+0000] {logging_mixin.py:190} INFO - [2024-09-24T23:45:35.814+0000] {dagbag.py:588} INFO - Filling up the DagBag from /home/airflow/.local/lib/python3.12/site-packages/airflow/example_dags/example_display_name.py
[2024-09-24T23:45:35.835+0000] {processor.py:925} INFO - DAG(s) 'example_display_name' retrieved from /home/airflow/.local/lib/python3.12/site-packages/airflow/example_dags/example_display_name.py
[2024-09-24T23:45:35.882+0000] {logging_mixin.py:190} INFO - [2024-09-24T23:45:35.882+0000] {dag.py:3239} INFO - Sync 1 DAGs
[2024-09-24T23:45:35.925+0000] {logging_mixin.py:190} INFO - [2024-09-24T23:45:35.924+0000] {dag.py:4180} INFO - Setting next_dagrun for example_display_name to None, run_after=None
[2024-09-24T23:45:35.973+0000] {processor.py:208} INFO - Processing /home/airflow/.local/lib/python3.12/site-packages/airflow/example_dags/example_display_name.py took 0.183 seconds
[2024-09-24T23:46:07.109+0000] {processor.py:186} INFO - Started process (PID=4685) to work on /home/airflow/.local/lib/python3.12/site-packages/airflow/example_dags/example_display_name.py
[2024-09-24T23:46:07.112+0000] {processor.py:914} INFO - Processing file /home/airflow/.local/lib/python3.12/site-packages/airflow/example_dags/example_display_name.py for tasks to queue
[2024-09-24T23:46:07.118+0000] {logging_mixin.py:190} INFO - [2024-09-24T23:46:07.117+0000] {dagbag.py:588} INFO - Filling up the DagBag from /home/airflow/.local/lib/python3.12/site-packages/airflow/example_dags/example_display_name.py
[2024-09-24T23:46:07.142+0000] {processor.py:925} INFO - DAG(s) 'example_display_name' retrieved from /home/airflow/.local/lib/python3.12/site-packages/airflow/example_dags/example_display_name.py
[2024-09-24T23:46:07.203+0000] {logging_mixin.py:190} INFO - [2024-09-24T23:46:07.202+0000] {dag.py:3239} INFO - Sync 1 DAGs
[2024-09-24T23:46:07.252+0000] {logging_mixin.py:190} INFO - [2024-09-24T23:46:07.252+0000] {dag.py:4180} INFO - Setting next_dagrun for example_display_name to None, run_after=None
[2024-09-24T23:46:07.308+0000] {processor.py:208} INFO - Processing /home/airflow/.local/lib/python3.12/site-packages/airflow/example_dags/example_display_name.py took 0.215 seconds
[2024-09-24T23:46:37.538+0000] {processor.py:186} INFO - Started process (PID=4969) to work on /home/airflow/.local/lib/python3.12/site-packages/airflow/example_dags/example_display_name.py
[2024-09-24T23:46:37.540+0000] {processor.py:914} INFO - Processing file /home/airflow/.local/lib/python3.12/site-packages/airflow/example_dags/example_display_name.py for tasks to queue
[2024-09-24T23:46:37.547+0000] {logging_mixin.py:190} INFO - [2024-09-24T23:46:37.546+0000] {dagbag.py:588} INFO - Filling up the DagBag from /home/airflow/.local/lib/python3.12/site-packages/airflow/example_dags/example_display_name.py
[2024-09-24T23:46:37.564+0000] {processor.py:925} INFO - DAG(s) 'example_display_name' retrieved from /home/airflow/.local/lib/python3.12/site-packages/airflow/example_dags/example_display_name.py
[2024-09-24T23:46:37.622+0000] {logging_mixin.py:190} INFO - [2024-09-24T23:46:37.622+0000] {dag.py:3239} INFO - Sync 1 DAGs
[2024-09-24T23:46:37.680+0000] {logging_mixin.py:190} INFO - [2024-09-24T23:46:37.680+0000] {dag.py:4180} INFO - Setting next_dagrun for example_display_name to None, run_after=None
[2024-09-24T23:46:37.736+0000] {processor.py:208} INFO - Processing /home/airflow/.local/lib/python3.12/site-packages/airflow/example_dags/example_display_name.py took 0.211 seconds
[2024-09-24T23:47:07.936+0000] {processor.py:186} INFO - Started process (PID=5255) to work on /home/airflow/.local/lib/python3.12/site-packages/airflow/example_dags/example_display_name.py
[2024-09-24T23:47:07.938+0000] {processor.py:914} INFO - Processing file /home/airflow/.local/lib/python3.12/site-packages/airflow/example_dags/example_display_name.py for tasks to queue
[2024-09-24T23:47:07.944+0000] {logging_mixin.py:190} INFO - [2024-09-24T23:47:07.943+0000] {dagbag.py:588} INFO - Filling up the DagBag from /home/airflow/.local/lib/python3.12/site-packages/airflow/example_dags/example_display_name.py
[2024-09-24T23:47:07.961+0000] {processor.py:925} INFO - DAG(s) 'example_display_name' retrieved from /home/airflow/.local/lib/python3.12/site-packages/airflow/example_dags/example_display_name.py
[2024-09-24T23:47:08.002+0000] {logging_mixin.py:190} INFO - [2024-09-24T23:47:08.001+0000] {dag.py:3239} INFO - Sync 1 DAGs
[2024-09-24T23:47:08.034+0000] {logging_mixin.py:190} INFO - [2024-09-24T23:47:08.033+0000] {dag.py:4180} INFO - Setting next_dagrun for example_display_name to None, run_after=None
[2024-09-24T23:47:08.079+0000] {processor.py:208} INFO - Processing /home/airflow/.local/lib/python3.12/site-packages/airflow/example_dags/example_display_name.py took 0.169 seconds
[2024-09-24T23:47:38.307+0000] {processor.py:186} INFO - Started process (PID=5541) to work on /home/airflow/.local/lib/python3.12/site-packages/airflow/example_dags/example_display_name.py
[2024-09-24T23:47:38.309+0000] {processor.py:914} INFO - Processing file /home/airflow/.local/lib/python3.12/site-packages/airflow/example_dags/example_display_name.py for tasks to queue
[2024-09-24T23:47:38.314+0000] {logging_mixin.py:190} INFO - [2024-09-24T23:47:38.313+0000] {dagbag.py:588} INFO - Filling up the DagBag from /home/airflow/.local/lib/python3.12/site-packages/airflow/example_dags/example_display_name.py
[2024-09-24T23:47:38.329+0000] {processor.py:925} INFO - DAG(s) 'example_display_name' retrieved from /home/airflow/.local/lib/python3.12/site-packages/airflow/example_dags/example_display_name.py
[2024-09-24T23:47:38.365+0000] {logging_mixin.py:190} INFO - [2024-09-24T23:47:38.364+0000] {dag.py:3239} INFO - Sync 1 DAGs
[2024-09-24T23:47:38.394+0000] {logging_mixin.py:190} INFO - [2024-09-24T23:47:38.394+0000] {dag.py:4180} INFO - Setting next_dagrun for example_display_name to None, run_after=None
[2024-09-24T23:47:38.439+0000] {processor.py:208} INFO - Processing /home/airflow/.local/lib/python3.12/site-packages/airflow/example_dags/example_display_name.py took 0.144 seconds
[2024-09-24T23:48:09.095+0000] {processor.py:186} INFO - Started process (PID=5829) to work on /home/airflow/.local/lib/python3.12/site-packages/airflow/example_dags/example_display_name.py
[2024-09-24T23:48:09.099+0000] {processor.py:914} INFO - Processing file /home/airflow/.local/lib/python3.12/site-packages/airflow/example_dags/example_display_name.py for tasks to queue
[2024-09-24T23:48:09.104+0000] {logging_mixin.py:190} INFO - [2024-09-24T23:48:09.103+0000] {dagbag.py:588} INFO - Filling up the DagBag from /home/airflow/.local/lib/python3.12/site-packages/airflow/example_dags/example_display_name.py
[2024-09-24T23:48:09.120+0000] {processor.py:925} INFO - DAG(s) 'example_display_name' retrieved from /home/airflow/.local/lib/python3.12/site-packages/airflow/example_dags/example_display_name.py
[2024-09-24T23:48:09.160+0000] {logging_mixin.py:190} INFO - [2024-09-24T23:48:09.159+0000] {dag.py:3239} INFO - Sync 1 DAGs
[2024-09-24T23:48:09.204+0000] {logging_mixin.py:190} INFO - [2024-09-24T23:48:09.203+0000] {dag.py:4180} INFO - Setting next_dagrun for example_display_name to None, run_after=None
[2024-09-24T23:48:09.262+0000] {processor.py:208} INFO - Processing /home/airflow/.local/lib/python3.12/site-packages/airflow/example_dags/example_display_name.py took 0.182 seconds
[2024-09-24T23:48:39.620+0000] {processor.py:186} INFO - Started process (PID=6113) to work on /home/airflow/.local/lib/python3.12/site-packages/airflow/example_dags/example_display_name.py
[2024-09-24T23:48:39.623+0000] {processor.py:914} INFO - Processing file /home/airflow/.local/lib/python3.12/site-packages/airflow/example_dags/example_display_name.py for tasks to queue
[2024-09-24T23:48:39.630+0000] {logging_mixin.py:190} INFO - [2024-09-24T23:48:39.629+0000] {dagbag.py:588} INFO - Filling up the DagBag from /home/airflow/.local/lib/python3.12/site-packages/airflow/example_dags/example_display_name.py
[2024-09-24T23:48:39.652+0000] {processor.py:925} INFO - DAG(s) 'example_display_name' retrieved from /home/airflow/.local/lib/python3.12/site-packages/airflow/example_dags/example_display_name.py
[2024-09-24T23:48:39.709+0000] {logging_mixin.py:190} INFO - [2024-09-24T23:48:39.709+0000] {dag.py:3239} INFO - Sync 1 DAGs
[2024-09-24T23:48:39.751+0000] {logging_mixin.py:190} INFO - [2024-09-24T23:48:39.751+0000] {dag.py:4180} INFO - Setting next_dagrun for example_display_name to None, run_after=None
[2024-09-24T23:48:39.806+0000] {processor.py:208} INFO - Processing /home/airflow/.local/lib/python3.12/site-packages/airflow/example_dags/example_display_name.py took 0.199 seconds
[2024-09-24T23:49:11.142+0000] {processor.py:186} INFO - Started process (PID=6401) to work on /home/airflow/.local/lib/python3.12/site-packages/airflow/example_dags/example_display_name.py
[2024-09-24T23:49:11.154+0000] {processor.py:914} INFO - Processing file /home/airflow/.local/lib/python3.12/site-packages/airflow/example_dags/example_display_name.py for tasks to queue
[2024-09-24T23:49:11.162+0000] {logging_mixin.py:190} INFO - [2024-09-24T23:49:11.161+0000] {dagbag.py:588} INFO - Filling up the DagBag from /home/airflow/.local/lib/python3.12/site-packages/airflow/example_dags/example_display_name.py
[2024-09-24T23:49:11.228+0000] {processor.py:925} INFO - DAG(s) 'example_display_name' retrieved from /home/airflow/.local/lib/python3.12/site-packages/airflow/example_dags/example_display_name.py
[2024-09-24T23:49:11.356+0000] {logging_mixin.py:190} INFO - [2024-09-24T23:49:11.356+0000] {dag.py:3239} INFO - Sync 1 DAGs
[2024-09-24T23:49:11.455+0000] {logging_mixin.py:190} INFO - [2024-09-24T23:49:11.444+0000] {dag.py:4180} INFO - Setting next_dagrun for example_display_name to None, run_after=None
[2024-09-24T23:49:11.584+0000] {processor.py:208} INFO - Processing /home/airflow/.local/lib/python3.12/site-packages/airflow/example_dags/example_display_name.py took 0.471 seconds
[2024-09-24T23:49:41.933+0000] {processor.py:186} INFO - Started process (PID=6685) to work on /home/airflow/.local/lib/python3.12/site-packages/airflow/example_dags/example_display_name.py
[2024-09-24T23:49:41.936+0000] {processor.py:914} INFO - Processing file /home/airflow/.local/lib/python3.12/site-packages/airflow/example_dags/example_display_name.py for tasks to queue
[2024-09-24T23:49:41.942+0000] {logging_mixin.py:190} INFO - [2024-09-24T23:49:41.941+0000] {dagbag.py:588} INFO - Filling up the DagBag from /home/airflow/.local/lib/python3.12/site-packages/airflow/example_dags/example_display_name.py
[2024-09-24T23:49:41.966+0000] {processor.py:925} INFO - DAG(s) 'example_display_name' retrieved from /home/airflow/.local/lib/python3.12/site-packages/airflow/example_dags/example_display_name.py
[2024-09-24T23:49:42.038+0000] {logging_mixin.py:190} INFO - [2024-09-24T23:49:42.037+0000] {dag.py:3239} INFO - Sync 1 DAGs
[2024-09-24T23:49:42.111+0000] {logging_mixin.py:190} INFO - [2024-09-24T23:49:42.110+0000] {dag.py:4180} INFO - Setting next_dagrun for example_display_name to None, run_after=None
[2024-09-24T23:49:42.173+0000] {processor.py:208} INFO - Processing /home/airflow/.local/lib/python3.12/site-packages/airflow/example_dags/example_display_name.py took 0.255 seconds
[2024-09-24T23:50:12.367+0000] {processor.py:186} INFO - Started process (PID=6971) to work on /home/airflow/.local/lib/python3.12/site-packages/airflow/example_dags/example_display_name.py
[2024-09-24T23:50:12.369+0000] {processor.py:914} INFO - Processing file /home/airflow/.local/lib/python3.12/site-packages/airflow/example_dags/example_display_name.py for tasks to queue
[2024-09-24T23:50:12.374+0000] {logging_mixin.py:190} INFO - [2024-09-24T23:50:12.373+0000] {dagbag.py:588} INFO - Filling up the DagBag from /home/airflow/.local/lib/python3.12/site-packages/airflow/example_dags/example_display_name.py
[2024-09-24T23:50:12.386+0000] {processor.py:925} INFO - DAG(s) 'example_display_name' retrieved from /home/airflow/.local/lib/python3.12/site-packages/airflow/example_dags/example_display_name.py
[2024-09-24T23:50:12.425+0000] {logging_mixin.py:190} INFO - [2024-09-24T23:50:12.424+0000] {dag.py:3239} INFO - Sync 1 DAGs
[2024-09-24T23:50:12.455+0000] {logging_mixin.py:190} INFO - [2024-09-24T23:50:12.454+0000] {dag.py:4180} INFO - Setting next_dagrun for example_display_name to None, run_after=None
[2024-09-24T23:50:12.495+0000] {processor.py:208} INFO - Processing /home/airflow/.local/lib/python3.12/site-packages/airflow/example_dags/example_display_name.py took 0.139 seconds
[2024-09-24T23:50:42.688+0000] {processor.py:186} INFO - Started process (PID=7252) to work on /home/airflow/.local/lib/python3.12/site-packages/airflow/example_dags/example_display_name.py
[2024-09-24T23:50:42.691+0000] {processor.py:914} INFO - Processing file /home/airflow/.local/lib/python3.12/site-packages/airflow/example_dags/example_display_name.py for tasks to queue
[2024-09-24T23:50:42.704+0000] {logging_mixin.py:190} INFO - [2024-09-24T23:50:42.696+0000] {dagbag.py:588} INFO - Filling up the DagBag from /home/airflow/.local/lib/python3.12/site-packages/airflow/example_dags/example_display_name.py
[2024-09-24T23:50:42.733+0000] {processor.py:925} INFO - DAG(s) 'example_display_name' retrieved from /home/airflow/.local/lib/python3.12/site-packages/airflow/example_dags/example_display_name.py
[2024-09-24T23:50:42.804+0000] {logging_mixin.py:190} INFO - [2024-09-24T23:50:42.803+0000] {dag.py:3239} INFO - Sync 1 DAGs
[2024-09-24T23:50:42.859+0000] {logging_mixin.py:190} INFO - [2024-09-24T23:50:42.858+0000] {dag.py:4180} INFO - Setting next_dagrun for example_display_name to None, run_after=None
[2024-09-24T23:50:42.920+0000] {processor.py:208} INFO - Processing /home/airflow/.local/lib/python3.12/site-packages/airflow/example_dags/example_display_name.py took 0.258 seconds
[2024-09-24T23:51:13.660+0000] {processor.py:186} INFO - Started process (PID=7538) to work on /home/airflow/.local/lib/python3.12/site-packages/airflow/example_dags/example_display_name.py
[2024-09-24T23:51:13.664+0000] {processor.py:914} INFO - Processing file /home/airflow/.local/lib/python3.12/site-packages/airflow/example_dags/example_display_name.py for tasks to queue
[2024-09-24T23:51:13.671+0000] {logging_mixin.py:190} INFO - [2024-09-24T23:51:13.670+0000] {dagbag.py:588} INFO - Filling up the DagBag from /home/airflow/.local/lib/python3.12/site-packages/airflow/example_dags/example_display_name.py
[2024-09-24T23:51:13.704+0000] {processor.py:925} INFO - DAG(s) 'example_display_name' retrieved from /home/airflow/.local/lib/python3.12/site-packages/airflow/example_dags/example_display_name.py
[2024-09-24T23:51:13.791+0000] {logging_mixin.py:190} INFO - [2024-09-24T23:51:13.790+0000] {dag.py:3239} INFO - Sync 1 DAGs
[2024-09-24T23:51:13.838+0000] {logging_mixin.py:190} INFO - [2024-09-24T23:51:13.838+0000] {dag.py:4180} INFO - Setting next_dagrun for example_display_name to None, run_after=None
[2024-09-24T23:51:13.895+0000] {processor.py:208} INFO - Processing /home/airflow/.local/lib/python3.12/site-packages/airflow/example_dags/example_display_name.py took 0.252 seconds
[2024-09-24T23:51:44.198+0000] {processor.py:186} INFO - Started process (PID=7819) to work on /home/airflow/.local/lib/python3.12/site-packages/airflow/example_dags/example_display_name.py
[2024-09-24T23:51:44.201+0000] {processor.py:914} INFO - Processing file /home/airflow/.local/lib/python3.12/site-packages/airflow/example_dags/example_display_name.py for tasks to queue
[2024-09-24T23:51:44.206+0000] {logging_mixin.py:190} INFO - [2024-09-24T23:51:44.205+0000] {dagbag.py:588} INFO - Filling up the DagBag from /home/airflow/.local/lib/python3.12/site-packages/airflow/example_dags/example_display_name.py
[2024-09-24T23:51:44.227+0000] {processor.py:925} INFO - DAG(s) 'example_display_name' retrieved from /home/airflow/.local/lib/python3.12/site-packages/airflow/example_dags/example_display_name.py
[2024-09-24T23:51:44.278+0000] {logging_mixin.py:190} INFO - [2024-09-24T23:51:44.277+0000] {dag.py:3239} INFO - Sync 1 DAGs
[2024-09-24T23:51:44.322+0000] {logging_mixin.py:190} INFO - [2024-09-24T23:51:44.322+0000] {dag.py:4180} INFO - Setting next_dagrun for example_display_name to None, run_after=None
[2024-09-24T23:51:44.378+0000] {processor.py:208} INFO - Processing /home/airflow/.local/lib/python3.12/site-packages/airflow/example_dags/example_display_name.py took 0.193 seconds
[2024-09-24T23:52:14.527+0000] {processor.py:186} INFO - Started process (PID=8103) to work on /home/airflow/.local/lib/python3.12/site-packages/airflow/example_dags/example_display_name.py
[2024-09-24T23:52:14.529+0000] {processor.py:914} INFO - Processing file /home/airflow/.local/lib/python3.12/site-packages/airflow/example_dags/example_display_name.py for tasks to queue
[2024-09-24T23:52:14.532+0000] {logging_mixin.py:190} INFO - [2024-09-24T23:52:14.532+0000] {dagbag.py:588} INFO - Filling up the DagBag from /home/airflow/.local/lib/python3.12/site-packages/airflow/example_dags/example_display_name.py
[2024-09-24T23:52:14.542+0000] {processor.py:925} INFO - DAG(s) 'example_display_name' retrieved from /home/airflow/.local/lib/python3.12/site-packages/airflow/example_dags/example_display_name.py
[2024-09-24T23:52:14.576+0000] {logging_mixin.py:190} INFO - [2024-09-24T23:52:14.575+0000] {dag.py:3239} INFO - Sync 1 DAGs
[2024-09-24T23:52:14.601+0000] {logging_mixin.py:190} INFO - [2024-09-24T23:52:14.601+0000] {dag.py:4180} INFO - Setting next_dagrun for example_display_name to None, run_after=None
[2024-09-24T23:52:14.639+0000] {processor.py:208} INFO - Processing /home/airflow/.local/lib/python3.12/site-packages/airflow/example_dags/example_display_name.py took 0.121 seconds
[2024-09-24T23:52:45.455+0000] {processor.py:186} INFO - Started process (PID=8392) to work on /home/airflow/.local/lib/python3.12/site-packages/airflow/example_dags/example_display_name.py
[2024-09-24T23:52:45.456+0000] {processor.py:914} INFO - Processing file /home/airflow/.local/lib/python3.12/site-packages/airflow/example_dags/example_display_name.py for tasks to queue
[2024-09-24T23:52:45.461+0000] {logging_mixin.py:190} INFO - [2024-09-24T23:52:45.460+0000] {dagbag.py:588} INFO - Filling up the DagBag from /home/airflow/.local/lib/python3.12/site-packages/airflow/example_dags/example_display_name.py
[2024-09-24T23:52:45.473+0000] {processor.py:925} INFO - DAG(s) 'example_display_name' retrieved from /home/airflow/.local/lib/python3.12/site-packages/airflow/example_dags/example_display_name.py
[2024-09-24T23:52:45.515+0000] {logging_mixin.py:190} INFO - [2024-09-24T23:52:45.514+0000] {dag.py:3239} INFO - Sync 1 DAGs
[2024-09-24T23:52:45.543+0000] {logging_mixin.py:190} INFO - [2024-09-24T23:52:45.543+0000] {dag.py:4180} INFO - Setting next_dagrun for example_display_name to None, run_after=None
[2024-09-24T23:52:45.586+0000] {processor.py:208} INFO - Processing /home/airflow/.local/lib/python3.12/site-packages/airflow/example_dags/example_display_name.py took 0.140 seconds
[2024-09-24T23:53:16.280+0000] {processor.py:186} INFO - Started process (PID=8680) to work on /home/airflow/.local/lib/python3.12/site-packages/airflow/example_dags/example_display_name.py
[2024-09-24T23:53:16.282+0000] {processor.py:914} INFO - Processing file /home/airflow/.local/lib/python3.12/site-packages/airflow/example_dags/example_display_name.py for tasks to queue
[2024-09-24T23:53:16.288+0000] {logging_mixin.py:190} INFO - [2024-09-24T23:53:16.287+0000] {dagbag.py:588} INFO - Filling up the DagBag from /home/airflow/.local/lib/python3.12/site-packages/airflow/example_dags/example_display_name.py
[2024-09-24T23:53:16.303+0000] {processor.py:925} INFO - DAG(s) 'example_display_name' retrieved from /home/airflow/.local/lib/python3.12/site-packages/airflow/example_dags/example_display_name.py
[2024-09-24T23:53:16.345+0000] {logging_mixin.py:190} INFO - [2024-09-24T23:53:16.344+0000] {dag.py:3239} INFO - Sync 1 DAGs
[2024-09-24T23:53:16.371+0000] {logging_mixin.py:190} INFO - [2024-09-24T23:53:16.371+0000] {dag.py:4180} INFO - Setting next_dagrun for example_display_name to None, run_after=None
[2024-09-24T23:53:16.413+0000] {processor.py:208} INFO - Processing /home/airflow/.local/lib/python3.12/site-packages/airflow/example_dags/example_display_name.py took 0.141 seconds
[2024-09-24T23:53:46.777+0000] {processor.py:186} INFO - Started process (PID=8964) to work on /home/airflow/.local/lib/python3.12/site-packages/airflow/example_dags/example_display_name.py
[2024-09-24T23:53:46.780+0000] {processor.py:914} INFO - Processing file /home/airflow/.local/lib/python3.12/site-packages/airflow/example_dags/example_display_name.py for tasks to queue
[2024-09-24T23:53:46.786+0000] {logging_mixin.py:190} INFO - [2024-09-24T23:53:46.785+0000] {dagbag.py:588} INFO - Filling up the DagBag from /home/airflow/.local/lib/python3.12/site-packages/airflow/example_dags/example_display_name.py
[2024-09-24T23:53:46.806+0000] {processor.py:925} INFO - DAG(s) 'example_display_name' retrieved from /home/airflow/.local/lib/python3.12/site-packages/airflow/example_dags/example_display_name.py
[2024-09-24T23:53:46.854+0000] {logging_mixin.py:190} INFO - [2024-09-24T23:53:46.853+0000] {dag.py:3239} INFO - Sync 1 DAGs
[2024-09-24T23:53:46.904+0000] {logging_mixin.py:190} INFO - [2024-09-24T23:53:46.902+0000] {dag.py:4180} INFO - Setting next_dagrun for example_display_name to None, run_after=None
[2024-09-24T23:53:46.961+0000] {processor.py:208} INFO - Processing /home/airflow/.local/lib/python3.12/site-packages/airflow/example_dags/example_display_name.py took 0.198 seconds
[2024-09-24T23:54:17.973+0000] {processor.py:186} INFO - Started process (PID=9252) to work on /home/airflow/.local/lib/python3.12/site-packages/airflow/example_dags/example_display_name.py
[2024-09-24T23:54:17.975+0000] {processor.py:914} INFO - Processing file /home/airflow/.local/lib/python3.12/site-packages/airflow/example_dags/example_display_name.py for tasks to queue
[2024-09-24T23:54:17.978+0000] {logging_mixin.py:190} INFO - [2024-09-24T23:54:17.978+0000] {dagbag.py:588} INFO - Filling up the DagBag from /home/airflow/.local/lib/python3.12/site-packages/airflow/example_dags/example_display_name.py
[2024-09-24T23:54:17.991+0000] {processor.py:925} INFO - DAG(s) 'example_display_name' retrieved from /home/airflow/.local/lib/python3.12/site-packages/airflow/example_dags/example_display_name.py
[2024-09-24T23:54:18.027+0000] {logging_mixin.py:190} INFO - [2024-09-24T23:54:18.026+0000] {dag.py:3239} INFO - Sync 1 DAGs
[2024-09-24T23:54:18.055+0000] {logging_mixin.py:190} INFO - [2024-09-24T23:54:18.054+0000] {dag.py:4180} INFO - Setting next_dagrun for example_display_name to None, run_after=None
[2024-09-24T23:54:18.096+0000] {processor.py:208} INFO - Processing /home/airflow/.local/lib/python3.12/site-packages/airflow/example_dags/example_display_name.py took 0.133 seconds
[2024-09-24T23:54:48.484+0000] {processor.py:186} INFO - Started process (PID=9536) to work on /home/airflow/.local/lib/python3.12/site-packages/airflow/example_dags/example_display_name.py
[2024-09-24T23:54:48.486+0000] {processor.py:914} INFO - Processing file /home/airflow/.local/lib/python3.12/site-packages/airflow/example_dags/example_display_name.py for tasks to queue
[2024-09-24T23:54:48.491+0000] {logging_mixin.py:190} INFO - [2024-09-24T23:54:48.490+0000] {dagbag.py:588} INFO - Filling up the DagBag from /home/airflow/.local/lib/python3.12/site-packages/airflow/example_dags/example_display_name.py
[2024-09-24T23:54:48.509+0000] {processor.py:925} INFO - DAG(s) 'example_display_name' retrieved from /home/airflow/.local/lib/python3.12/site-packages/airflow/example_dags/example_display_name.py
[2024-09-24T23:54:48.547+0000] {logging_mixin.py:190} INFO - [2024-09-24T23:54:48.546+0000] {dag.py:3239} INFO - Sync 1 DAGs
[2024-09-24T23:54:48.581+0000] {logging_mixin.py:190} INFO - [2024-09-24T23:54:48.580+0000] {dag.py:4180} INFO - Setting next_dagrun for example_display_name to None, run_after=None
[2024-09-24T23:54:48.625+0000] {processor.py:208} INFO - Processing /home/airflow/.local/lib/python3.12/site-packages/airflow/example_dags/example_display_name.py took 0.152 seconds
[2024-09-24T23:55:19.481+0000] {processor.py:186} INFO - Started process (PID=9822) to work on /home/airflow/.local/lib/python3.12/site-packages/airflow/example_dags/example_display_name.py
[2024-09-24T23:55:19.483+0000] {processor.py:914} INFO - Processing file /home/airflow/.local/lib/python3.12/site-packages/airflow/example_dags/example_display_name.py for tasks to queue
[2024-09-24T23:55:19.489+0000] {logging_mixin.py:190} INFO - [2024-09-24T23:55:19.488+0000] {dagbag.py:588} INFO - Filling up the DagBag from /home/airflow/.local/lib/python3.12/site-packages/airflow/example_dags/example_display_name.py
[2024-09-24T23:55:19.506+0000] {processor.py:925} INFO - DAG(s) 'example_display_name' retrieved from /home/airflow/.local/lib/python3.12/site-packages/airflow/example_dags/example_display_name.py
[2024-09-24T23:55:19.552+0000] {logging_mixin.py:190} INFO - [2024-09-24T23:55:19.551+0000] {dag.py:3239} INFO - Sync 1 DAGs
[2024-09-24T23:55:19.594+0000] {logging_mixin.py:190} INFO - [2024-09-24T23:55:19.594+0000] {dag.py:4180} INFO - Setting next_dagrun for example_display_name to None, run_after=None
[2024-09-24T23:55:19.651+0000] {processor.py:208} INFO - Processing /home/airflow/.local/lib/python3.12/site-packages/airflow/example_dags/example_display_name.py took 0.181 seconds
[2024-09-24T23:55:55.643+0000] {processor.py:186} INFO - Started process (PID=10115) to work on /home/airflow/.local/lib/python3.12/site-packages/airflow/example_dags/example_display_name.py
[2024-09-24T23:55:55.646+0000] {processor.py:914} INFO - Processing file /home/airflow/.local/lib/python3.12/site-packages/airflow/example_dags/example_display_name.py for tasks to queue
[2024-09-24T23:55:55.651+0000] {logging_mixin.py:190} INFO - [2024-09-24T23:55:55.651+0000] {dagbag.py:588} INFO - Filling up the DagBag from /home/airflow/.local/lib/python3.12/site-packages/airflow/example_dags/example_display_name.py
[2024-09-24T23:55:55.671+0000] {processor.py:925} INFO - DAG(s) 'example_display_name' retrieved from /home/airflow/.local/lib/python3.12/site-packages/airflow/example_dags/example_display_name.py
[2024-09-24T23:55:55.728+0000] {logging_mixin.py:190} INFO - [2024-09-24T23:55:55.727+0000] {dag.py:3239} INFO - Sync 1 DAGs
[2024-09-24T23:55:55.778+0000] {logging_mixin.py:190} INFO - [2024-09-24T23:55:55.777+0000] {dag.py:4180} INFO - Setting next_dagrun for example_display_name to None, run_after=None
[2024-09-24T23:55:55.834+0000] {processor.py:208} INFO - Processing /home/airflow/.local/lib/python3.12/site-packages/airflow/example_dags/example_display_name.py took 0.210 seconds
