[2024-09-24T23:37:50.360+0000] {processor.py:186} INFO - Started process (PID=210) to work on /home/airflow/.local/lib/python3.12/site-packages/airflow/example_dags/example_nested_branch_dag.py
[2024-09-24T23:37:50.363+0000] {processor.py:914} INFO - Processing file /home/airflow/.local/lib/python3.12/site-packages/airflow/example_dags/example_nested_branch_dag.py for tasks to queue
[2024-09-24T23:37:50.368+0000] {logging_mixin.py:190} INFO - [2024-09-24T23:37:50.367+0000] {dagbag.py:588} INFO - Filling up the DagBag from /home/airflow/.local/lib/python3.12/site-packages/airflow/example_dags/example_nested_branch_dag.py
[2024-09-24T23:37:50.408+0000] {processor.py:925} INFO - DAG(s) 'example_nested_branch_dag' retrieved from /home/airflow/.local/lib/python3.12/site-packages/airflow/example_dags/example_nested_branch_dag.py
[2024-09-24T23:37:51.575+0000] {logging_mixin.py:190} INFO - [2024-09-24T23:37:51.574+0000] {override.py:1900} INFO - Created Permission View: can edit on DAG:example_nested_branch_dag
[2024-09-24T23:37:51.629+0000] {logging_mixin.py:190} INFO - [2024-09-24T23:37:51.628+0000] {override.py:1900} INFO - Created Permission View: can read on DAG:example_nested_branch_dag
[2024-09-24T23:37:51.663+0000] {logging_mixin.py:190} INFO - [2024-09-24T23:37:51.662+0000] {override.py:1900} INFO - Created Permission View: can delete on DAG:example_nested_branch_dag
[2024-09-24T23:37:51.718+0000] {logging_mixin.py:190} INFO - [2024-09-24T23:37:51.717+0000] {override.py:1900} INFO - Created Permission View: can read on DAG Run:example_nested_branch_dag
[2024-09-24T23:37:51.758+0000] {logging_mixin.py:190} INFO - [2024-09-24T23:37:51.757+0000] {override.py:1900} INFO - Created Permission View: menu access on DAG Run:example_nested_branch_dag
[2024-09-24T23:37:51.807+0000] {logging_mixin.py:190} INFO - [2024-09-24T23:37:51.806+0000] {override.py:1900} INFO - Created Permission View: can delete on DAG Run:example_nested_branch_dag
[2024-09-24T23:37:51.839+0000] {logging_mixin.py:190} INFO - [2024-09-24T23:37:51.838+0000] {override.py:1900} INFO - Created Permission View: can create on DAG Run:example_nested_branch_dag
[2024-09-24T23:37:51.844+0000] {logging_mixin.py:190} INFO - [2024-09-24T23:37:51.842+0000] {dag.py:3239} INFO - Sync 1 DAGs
[2024-09-24T23:37:51.981+0000] {logging_mixin.py:190} INFO - [2024-09-24T23:37:51.973+0000] {dag.py:3262} INFO - Creating ORM DAG for example_nested_branch_dag
[2024-09-24T23:37:52.080+0000] {logging_mixin.py:190} INFO - [2024-09-24T23:37:52.079+0000] {dag.py:4180} INFO - Setting next_dagrun for example_nested_branch_dag to 2024-09-23 00:00:00+00:00, run_after=2024-09-24 00:00:00+00:00
[2024-09-24T23:37:52.169+0000] {processor.py:208} INFO - Processing /home/airflow/.local/lib/python3.12/site-packages/airflow/example_dags/example_nested_branch_dag.py took 1.831 seconds
[2024-09-24T23:38:34.460+0000] {processor.py:186} INFO - Started process (PID=504) to work on /home/airflow/.local/lib/python3.12/site-packages/airflow/example_dags/example_nested_branch_dag.py
[2024-09-24T23:38:34.462+0000] {processor.py:914} INFO - Processing file /home/airflow/.local/lib/python3.12/site-packages/airflow/example_dags/example_nested_branch_dag.py for tasks to queue
[2024-09-24T23:38:34.468+0000] {logging_mixin.py:190} INFO - [2024-09-24T23:38:34.467+0000] {dagbag.py:588} INFO - Filling up the DagBag from /home/airflow/.local/lib/python3.12/site-packages/airflow/example_dags/example_nested_branch_dag.py
[2024-09-24T23:38:34.506+0000] {processor.py:925} INFO - DAG(s) 'example_nested_branch_dag' retrieved from /home/airflow/.local/lib/python3.12/site-packages/airflow/example_dags/example_nested_branch_dag.py
[2024-09-24T23:38:34.559+0000] {logging_mixin.py:190} INFO - [2024-09-24T23:38:34.559+0000] {dag.py:3239} INFO - Sync 1 DAGs
[2024-09-24T23:38:34.632+0000] {logging_mixin.py:190} INFO - [2024-09-24T23:38:34.631+0000] {dag.py:4180} INFO - Setting next_dagrun for example_nested_branch_dag to 2024-09-23 00:00:00+00:00, run_after=2024-09-24 00:00:00+00:00
[2024-09-24T23:38:34.692+0000] {processor.py:208} INFO - Processing /home/airflow/.local/lib/python3.12/site-packages/airflow/example_dags/example_nested_branch_dag.py took 0.247 seconds
[2024-09-24T23:39:05.201+0000] {processor.py:186} INFO - Started process (PID=782) to work on /home/airflow/.local/lib/python3.12/site-packages/airflow/example_dags/example_nested_branch_dag.py
[2024-09-24T23:39:05.205+0000] {processor.py:914} INFO - Processing file /home/airflow/.local/lib/python3.12/site-packages/airflow/example_dags/example_nested_branch_dag.py for tasks to queue
[2024-09-24T23:39:05.218+0000] {logging_mixin.py:190} INFO - [2024-09-24T23:39:05.217+0000] {dagbag.py:588} INFO - Filling up the DagBag from /home/airflow/.local/lib/python3.12/site-packages/airflow/example_dags/example_nested_branch_dag.py
[2024-09-24T23:39:05.261+0000] {processor.py:925} INFO - DAG(s) 'example_nested_branch_dag' retrieved from /home/airflow/.local/lib/python3.12/site-packages/airflow/example_dags/example_nested_branch_dag.py
[2024-09-24T23:39:05.355+0000] {logging_mixin.py:190} INFO - [2024-09-24T23:39:05.354+0000] {dag.py:3239} INFO - Sync 1 DAGs
[2024-09-24T23:39:05.483+0000] {logging_mixin.py:190} INFO - [2024-09-24T23:39:05.476+0000] {dag.py:4180} INFO - Setting next_dagrun for example_nested_branch_dag to 2024-09-23 00:00:00+00:00, run_after=2024-09-24 00:00:00+00:00
[2024-09-24T23:39:05.580+0000] {processor.py:208} INFO - Processing /home/airflow/.local/lib/python3.12/site-packages/airflow/example_dags/example_nested_branch_dag.py took 0.395 seconds
[2024-09-24T23:39:38.398+0000] {processor.py:186} INFO - Started process (PID=1053) to work on /home/airflow/.local/lib/python3.12/site-packages/airflow/example_dags/example_nested_branch_dag.py
[2024-09-24T23:39:38.401+0000] {processor.py:914} INFO - Processing file /home/airflow/.local/lib/python3.12/site-packages/airflow/example_dags/example_nested_branch_dag.py for tasks to queue
[2024-09-24T23:39:38.409+0000] {logging_mixin.py:190} INFO - [2024-09-24T23:39:38.407+0000] {dagbag.py:588} INFO - Filling up the DagBag from /home/airflow/.local/lib/python3.12/site-packages/airflow/example_dags/example_nested_branch_dag.py
[2024-09-24T23:39:38.452+0000] {processor.py:925} INFO - DAG(s) 'example_nested_branch_dag' retrieved from /home/airflow/.local/lib/python3.12/site-packages/airflow/example_dags/example_nested_branch_dag.py
[2024-09-24T23:39:38.649+0000] {logging_mixin.py:190} INFO - [2024-09-24T23:39:38.648+0000] {dag.py:3239} INFO - Sync 1 DAGs
[2024-09-24T23:39:38.809+0000] {logging_mixin.py:190} INFO - [2024-09-24T23:39:38.808+0000] {dag.py:4180} INFO - Setting next_dagrun for example_nested_branch_dag to 2024-09-23 00:00:00+00:00, run_after=2024-09-24 00:00:00+00:00
[2024-09-24T23:39:38.943+0000] {processor.py:208} INFO - Processing /home/airflow/.local/lib/python3.12/site-packages/airflow/example_dags/example_nested_branch_dag.py took 0.589 seconds
[2024-09-24T23:40:09.137+0000] {processor.py:186} INFO - Started process (PID=1339) to work on /home/airflow/.local/lib/python3.12/site-packages/airflow/example_dags/example_nested_branch_dag.py
[2024-09-24T23:40:09.140+0000] {processor.py:914} INFO - Processing file /home/airflow/.local/lib/python3.12/site-packages/airflow/example_dags/example_nested_branch_dag.py for tasks to queue
[2024-09-24T23:40:09.146+0000] {logging_mixin.py:190} INFO - [2024-09-24T23:40:09.145+0000] {dagbag.py:588} INFO - Filling up the DagBag from /home/airflow/.local/lib/python3.12/site-packages/airflow/example_dags/example_nested_branch_dag.py
[2024-09-24T23:40:09.184+0000] {processor.py:925} INFO - DAG(s) 'example_nested_branch_dag' retrieved from /home/airflow/.local/lib/python3.12/site-packages/airflow/example_dags/example_nested_branch_dag.py
[2024-09-24T23:40:09.277+0000] {logging_mixin.py:190} INFO - [2024-09-24T23:40:09.276+0000] {dag.py:3239} INFO - Sync 1 DAGs
[2024-09-24T23:40:09.386+0000] {logging_mixin.py:190} INFO - [2024-09-24T23:40:09.386+0000] {dag.py:4180} INFO - Setting next_dagrun for example_nested_branch_dag to 2024-09-23 00:00:00+00:00, run_after=2024-09-24 00:00:00+00:00
[2024-09-24T23:40:09.452+0000] {processor.py:208} INFO - Processing /home/airflow/.local/lib/python3.12/site-packages/airflow/example_dags/example_nested_branch_dag.py took 0.331 seconds
[2024-09-24T23:40:40.622+0000] {processor.py:186} INFO - Started process (PID=1626) to work on /home/airflow/.local/lib/python3.12/site-packages/airflow/example_dags/example_nested_branch_dag.py
[2024-09-24T23:40:40.626+0000] {processor.py:914} INFO - Processing file /home/airflow/.local/lib/python3.12/site-packages/airflow/example_dags/example_nested_branch_dag.py for tasks to queue
[2024-09-24T23:40:40.635+0000] {logging_mixin.py:190} INFO - [2024-09-24T23:40:40.634+0000] {dagbag.py:588} INFO - Filling up the DagBag from /home/airflow/.local/lib/python3.12/site-packages/airflow/example_dags/example_nested_branch_dag.py
[2024-09-24T23:40:40.670+0000] {processor.py:925} INFO - DAG(s) 'example_nested_branch_dag' retrieved from /home/airflow/.local/lib/python3.12/site-packages/airflow/example_dags/example_nested_branch_dag.py
[2024-09-24T23:40:40.753+0000] {logging_mixin.py:190} INFO - [2024-09-24T23:40:40.752+0000] {dag.py:3239} INFO - Sync 1 DAGs
[2024-09-24T23:40:40.835+0000] {logging_mixin.py:190} INFO - [2024-09-24T23:40:40.834+0000] {dag.py:4180} INFO - Setting next_dagrun for example_nested_branch_dag to 2024-09-23 00:00:00+00:00, run_after=2024-09-24 00:00:00+00:00
[2024-09-24T23:40:40.921+0000] {processor.py:208} INFO - Processing /home/airflow/.local/lib/python3.12/site-packages/airflow/example_dags/example_nested_branch_dag.py took 0.327 seconds
[2024-09-24T23:41:11.080+0000] {processor.py:186} INFO - Started process (PID=1913) to work on /home/airflow/.local/lib/python3.12/site-packages/airflow/example_dags/example_nested_branch_dag.py
[2024-09-24T23:41:11.083+0000] {processor.py:914} INFO - Processing file /home/airflow/.local/lib/python3.12/site-packages/airflow/example_dags/example_nested_branch_dag.py for tasks to queue
[2024-09-24T23:41:11.090+0000] {logging_mixin.py:190} INFO - [2024-09-24T23:41:11.089+0000] {dagbag.py:588} INFO - Filling up the DagBag from /home/airflow/.local/lib/python3.12/site-packages/airflow/example_dags/example_nested_branch_dag.py
[2024-09-24T23:41:11.156+0000] {processor.py:925} INFO - DAG(s) 'example_nested_branch_dag' retrieved from /home/airflow/.local/lib/python3.12/site-packages/airflow/example_dags/example_nested_branch_dag.py
[2024-09-24T23:41:11.219+0000] {logging_mixin.py:190} INFO - [2024-09-24T23:41:11.218+0000] {dag.py:3239} INFO - Sync 1 DAGs
[2024-09-24T23:41:11.298+0000] {logging_mixin.py:190} INFO - [2024-09-24T23:41:11.297+0000] {dag.py:4180} INFO - Setting next_dagrun for example_nested_branch_dag to 2024-09-23 00:00:00+00:00, run_after=2024-09-24 00:00:00+00:00
[2024-09-24T23:41:11.355+0000] {processor.py:208} INFO - Processing /home/airflow/.local/lib/python3.12/site-packages/airflow/example_dags/example_nested_branch_dag.py took 0.290 seconds
[2024-09-24T23:41:41.552+0000] {processor.py:186} INFO - Started process (PID=2196) to work on /home/airflow/.local/lib/python3.12/site-packages/airflow/example_dags/example_nested_branch_dag.py
[2024-09-24T23:41:41.554+0000] {processor.py:914} INFO - Processing file /home/airflow/.local/lib/python3.12/site-packages/airflow/example_dags/example_nested_branch_dag.py for tasks to queue
[2024-09-24T23:41:41.559+0000] {logging_mixin.py:190} INFO - [2024-09-24T23:41:41.559+0000] {dagbag.py:588} INFO - Filling up the DagBag from /home/airflow/.local/lib/python3.12/site-packages/airflow/example_dags/example_nested_branch_dag.py
[2024-09-24T23:41:41.586+0000] {processor.py:925} INFO - DAG(s) 'example_nested_branch_dag' retrieved from /home/airflow/.local/lib/python3.12/site-packages/airflow/example_dags/example_nested_branch_dag.py
[2024-09-24T23:41:41.632+0000] {logging_mixin.py:190} INFO - [2024-09-24T23:41:41.631+0000] {dag.py:3239} INFO - Sync 1 DAGs
[2024-09-24T23:41:41.693+0000] {logging_mixin.py:190} INFO - [2024-09-24T23:41:41.693+0000] {dag.py:4180} INFO - Setting next_dagrun for example_nested_branch_dag to 2024-09-23 00:00:00+00:00, run_after=2024-09-24 00:00:00+00:00
[2024-09-24T23:41:41.753+0000] {processor.py:208} INFO - Processing /home/airflow/.local/lib/python3.12/site-packages/airflow/example_dags/example_nested_branch_dag.py took 0.214 seconds
[2024-09-24T23:42:12.157+0000] {processor.py:186} INFO - Started process (PID=2480) to work on /home/airflow/.local/lib/python3.12/site-packages/airflow/example_dags/example_nested_branch_dag.py
[2024-09-24T23:42:12.159+0000] {processor.py:914} INFO - Processing file /home/airflow/.local/lib/python3.12/site-packages/airflow/example_dags/example_nested_branch_dag.py for tasks to queue
[2024-09-24T23:42:12.164+0000] {logging_mixin.py:190} INFO - [2024-09-24T23:42:12.163+0000] {dagbag.py:588} INFO - Filling up the DagBag from /home/airflow/.local/lib/python3.12/site-packages/airflow/example_dags/example_nested_branch_dag.py
[2024-09-24T23:42:12.187+0000] {processor.py:925} INFO - DAG(s) 'example_nested_branch_dag' retrieved from /home/airflow/.local/lib/python3.12/site-packages/airflow/example_dags/example_nested_branch_dag.py
[2024-09-24T23:42:12.242+0000] {logging_mixin.py:190} INFO - [2024-09-24T23:42:12.240+0000] {dag.py:3239} INFO - Sync 1 DAGs
[2024-09-24T23:42:12.321+0000] {logging_mixin.py:190} INFO - [2024-09-24T23:42:12.320+0000] {dag.py:4180} INFO - Setting next_dagrun for example_nested_branch_dag to 2024-09-23 00:00:00+00:00, run_after=2024-09-24 00:00:00+00:00
[2024-09-24T23:42:12.374+0000] {processor.py:208} INFO - Processing /home/airflow/.local/lib/python3.12/site-packages/airflow/example_dags/example_nested_branch_dag.py took 0.229 seconds
[2024-09-24T23:42:42.856+0000] {processor.py:186} INFO - Started process (PID=2766) to work on /home/airflow/.local/lib/python3.12/site-packages/airflow/example_dags/example_nested_branch_dag.py
[2024-09-24T23:42:42.858+0000] {processor.py:914} INFO - Processing file /home/airflow/.local/lib/python3.12/site-packages/airflow/example_dags/example_nested_branch_dag.py for tasks to queue
[2024-09-24T23:42:42.863+0000] {logging_mixin.py:190} INFO - [2024-09-24T23:42:42.863+0000] {dagbag.py:588} INFO - Filling up the DagBag from /home/airflow/.local/lib/python3.12/site-packages/airflow/example_dags/example_nested_branch_dag.py
[2024-09-24T23:42:42.893+0000] {processor.py:925} INFO - DAG(s) 'example_nested_branch_dag' retrieved from /home/airflow/.local/lib/python3.12/site-packages/airflow/example_dags/example_nested_branch_dag.py
[2024-09-24T23:42:42.939+0000] {logging_mixin.py:190} INFO - [2024-09-24T23:42:42.939+0000] {dag.py:3239} INFO - Sync 1 DAGs
[2024-09-24T23:42:43.008+0000] {logging_mixin.py:190} INFO - [2024-09-24T23:42:43.008+0000] {dag.py:4180} INFO - Setting next_dagrun for example_nested_branch_dag to 2024-09-23 00:00:00+00:00, run_after=2024-09-24 00:00:00+00:00
[2024-09-24T23:42:43.054+0000] {processor.py:208} INFO - Processing /home/airflow/.local/lib/python3.12/site-packages/airflow/example_dags/example_nested_branch_dag.py took 0.210 seconds
[2024-09-24T23:43:13.514+0000] {processor.py:186} INFO - Started process (PID=3052) to work on /home/airflow/.local/lib/python3.12/site-packages/airflow/example_dags/example_nested_branch_dag.py
[2024-09-24T23:43:13.517+0000] {processor.py:914} INFO - Processing file /home/airflow/.local/lib/python3.12/site-packages/airflow/example_dags/example_nested_branch_dag.py for tasks to queue
[2024-09-24T23:43:13.522+0000] {logging_mixin.py:190} INFO - [2024-09-24T23:43:13.521+0000] {dagbag.py:588} INFO - Filling up the DagBag from /home/airflow/.local/lib/python3.12/site-packages/airflow/example_dags/example_nested_branch_dag.py
[2024-09-24T23:43:13.548+0000] {processor.py:925} INFO - DAG(s) 'example_nested_branch_dag' retrieved from /home/airflow/.local/lib/python3.12/site-packages/airflow/example_dags/example_nested_branch_dag.py
[2024-09-24T23:43:13.608+0000] {logging_mixin.py:190} INFO - [2024-09-24T23:43:13.607+0000] {dag.py:3239} INFO - Sync 1 DAGs
[2024-09-24T23:43:13.672+0000] {logging_mixin.py:190} INFO - [2024-09-24T23:43:13.671+0000] {dag.py:4180} INFO - Setting next_dagrun for example_nested_branch_dag to 2024-09-23 00:00:00+00:00, run_after=2024-09-24 00:00:00+00:00
[2024-09-24T23:43:13.729+0000] {processor.py:208} INFO - Processing /home/airflow/.local/lib/python3.12/site-packages/airflow/example_dags/example_nested_branch_dag.py took 0.232 seconds
[2024-09-24T23:43:44.072+0000] {processor.py:186} INFO - Started process (PID=3338) to work on /home/airflow/.local/lib/python3.12/site-packages/airflow/example_dags/example_nested_branch_dag.py
[2024-09-24T23:43:44.084+0000] {processor.py:914} INFO - Processing file /home/airflow/.local/lib/python3.12/site-packages/airflow/example_dags/example_nested_branch_dag.py for tasks to queue
[2024-09-24T23:43:44.091+0000] {logging_mixin.py:190} INFO - [2024-09-24T23:43:44.090+0000] {dagbag.py:588} INFO - Filling up the DagBag from /home/airflow/.local/lib/python3.12/site-packages/airflow/example_dags/example_nested_branch_dag.py
[2024-09-24T23:43:44.184+0000] {processor.py:925} INFO - DAG(s) 'example_nested_branch_dag' retrieved from /home/airflow/.local/lib/python3.12/site-packages/airflow/example_dags/example_nested_branch_dag.py
[2024-09-24T23:43:44.381+0000] {logging_mixin.py:190} INFO - [2024-09-24T23:43:44.380+0000] {dag.py:3239} INFO - Sync 1 DAGs
[2024-09-24T23:43:44.561+0000] {logging_mixin.py:190} INFO - [2024-09-24T23:43:44.560+0000] {dag.py:4180} INFO - Setting next_dagrun for example_nested_branch_dag to 2024-09-23 00:00:00+00:00, run_after=2024-09-24 00:00:00+00:00
[2024-09-24T23:43:44.670+0000] {processor.py:208} INFO - Processing /home/airflow/.local/lib/python3.12/site-packages/airflow/example_dags/example_nested_branch_dag.py took 0.621 seconds
[2024-09-24T23:44:14.985+0000] {processor.py:186} INFO - Started process (PID=3624) to work on /home/airflow/.local/lib/python3.12/site-packages/airflow/example_dags/example_nested_branch_dag.py
[2024-09-24T23:44:14.988+0000] {processor.py:914} INFO - Processing file /home/airflow/.local/lib/python3.12/site-packages/airflow/example_dags/example_nested_branch_dag.py for tasks to queue
[2024-09-24T23:44:14.995+0000] {logging_mixin.py:190} INFO - [2024-09-24T23:44:14.994+0000] {dagbag.py:588} INFO - Filling up the DagBag from /home/airflow/.local/lib/python3.12/site-packages/airflow/example_dags/example_nested_branch_dag.py
[2024-09-24T23:44:15.064+0000] {processor.py:925} INFO - DAG(s) 'example_nested_branch_dag' retrieved from /home/airflow/.local/lib/python3.12/site-packages/airflow/example_dags/example_nested_branch_dag.py
[2024-09-24T23:44:15.249+0000] {logging_mixin.py:190} INFO - [2024-09-24T23:44:15.247+0000] {dag.py:3239} INFO - Sync 1 DAGs
[2024-09-24T23:44:15.377+0000] {logging_mixin.py:190} INFO - [2024-09-24T23:44:15.376+0000] {dag.py:4180} INFO - Setting next_dagrun for example_nested_branch_dag to 2024-09-23 00:00:00+00:00, run_after=2024-09-24 00:00:00+00:00
[2024-09-24T23:44:15.624+0000] {processor.py:208} INFO - Processing /home/airflow/.local/lib/python3.12/site-packages/airflow/example_dags/example_nested_branch_dag.py took 0.656 seconds
[2024-09-24T23:44:46.523+0000] {processor.py:186} INFO - Started process (PID=3910) to work on /home/airflow/.local/lib/python3.12/site-packages/airflow/example_dags/example_nested_branch_dag.py
[2024-09-24T23:44:46.526+0000] {processor.py:914} INFO - Processing file /home/airflow/.local/lib/python3.12/site-packages/airflow/example_dags/example_nested_branch_dag.py for tasks to queue
[2024-09-24T23:44:46.531+0000] {logging_mixin.py:190} INFO - [2024-09-24T23:44:46.530+0000] {dagbag.py:588} INFO - Filling up the DagBag from /home/airflow/.local/lib/python3.12/site-packages/airflow/example_dags/example_nested_branch_dag.py
[2024-09-24T23:44:46.572+0000] {processor.py:925} INFO - DAG(s) 'example_nested_branch_dag' retrieved from /home/airflow/.local/lib/python3.12/site-packages/airflow/example_dags/example_nested_branch_dag.py
[2024-09-24T23:44:46.643+0000] {logging_mixin.py:190} INFO - [2024-09-24T23:44:46.643+0000] {dag.py:3239} INFO - Sync 1 DAGs
[2024-09-24T23:44:46.711+0000] {logging_mixin.py:190} INFO - [2024-09-24T23:44:46.710+0000] {dag.py:4180} INFO - Setting next_dagrun for example_nested_branch_dag to 2024-09-23 00:00:00+00:00, run_after=2024-09-24 00:00:00+00:00
[2024-09-24T23:44:46.772+0000] {processor.py:208} INFO - Processing /home/airflow/.local/lib/python3.12/site-packages/airflow/example_dags/example_nested_branch_dag.py took 0.269 seconds
[2024-09-24T23:45:17.432+0000] {processor.py:186} INFO - Started process (PID=4196) to work on /home/airflow/.local/lib/python3.12/site-packages/airflow/example_dags/example_nested_branch_dag.py
[2024-09-24T23:45:17.434+0000] {processor.py:914} INFO - Processing file /home/airflow/.local/lib/python3.12/site-packages/airflow/example_dags/example_nested_branch_dag.py for tasks to queue
[2024-09-24T23:45:17.440+0000] {logging_mixin.py:190} INFO - [2024-09-24T23:45:17.439+0000] {dagbag.py:588} INFO - Filling up the DagBag from /home/airflow/.local/lib/python3.12/site-packages/airflow/example_dags/example_nested_branch_dag.py
[2024-09-24T23:45:17.483+0000] {processor.py:925} INFO - DAG(s) 'example_nested_branch_dag' retrieved from /home/airflow/.local/lib/python3.12/site-packages/airflow/example_dags/example_nested_branch_dag.py
[2024-09-24T23:45:17.544+0000] {logging_mixin.py:190} INFO - [2024-09-24T23:45:17.543+0000] {dag.py:3239} INFO - Sync 1 DAGs
[2024-09-24T23:45:17.611+0000] {logging_mixin.py:190} INFO - [2024-09-24T23:45:17.610+0000] {dag.py:4180} INFO - Setting next_dagrun for example_nested_branch_dag to 2024-09-23 00:00:00+00:00, run_after=2024-09-24 00:00:00+00:00
[2024-09-24T23:45:17.665+0000] {processor.py:208} INFO - Processing /home/airflow/.local/lib/python3.12/site-packages/airflow/example_dags/example_nested_branch_dag.py took 0.251 seconds
[2024-09-24T23:45:48.119+0000] {processor.py:186} INFO - Started process (PID=4482) to work on /home/airflow/.local/lib/python3.12/site-packages/airflow/example_dags/example_nested_branch_dag.py
[2024-09-24T23:45:48.122+0000] {processor.py:914} INFO - Processing file /home/airflow/.local/lib/python3.12/site-packages/airflow/example_dags/example_nested_branch_dag.py for tasks to queue
[2024-09-24T23:45:48.126+0000] {logging_mixin.py:190} INFO - [2024-09-24T23:45:48.125+0000] {dagbag.py:588} INFO - Filling up the DagBag from /home/airflow/.local/lib/python3.12/site-packages/airflow/example_dags/example_nested_branch_dag.py
[2024-09-24T23:45:48.147+0000] {processor.py:925} INFO - DAG(s) 'example_nested_branch_dag' retrieved from /home/airflow/.local/lib/python3.12/site-packages/airflow/example_dags/example_nested_branch_dag.py
[2024-09-24T23:45:48.192+0000] {logging_mixin.py:190} INFO - [2024-09-24T23:45:48.192+0000] {dag.py:3239} INFO - Sync 1 DAGs
[2024-09-24T23:45:48.253+0000] {logging_mixin.py:190} INFO - [2024-09-24T23:45:48.253+0000] {dag.py:4180} INFO - Setting next_dagrun for example_nested_branch_dag to 2024-09-23 00:00:00+00:00, run_after=2024-09-24 00:00:00+00:00
[2024-09-24T23:45:48.305+0000] {processor.py:208} INFO - Processing /home/airflow/.local/lib/python3.12/site-packages/airflow/example_dags/example_nested_branch_dag.py took 0.195 seconds
[2024-09-24T23:46:18.539+0000] {processor.py:186} INFO - Started process (PID=4768) to work on /home/airflow/.local/lib/python3.12/site-packages/airflow/example_dags/example_nested_branch_dag.py
[2024-09-24T23:46:18.541+0000] {processor.py:914} INFO - Processing file /home/airflow/.local/lib/python3.12/site-packages/airflow/example_dags/example_nested_branch_dag.py for tasks to queue
[2024-09-24T23:46:18.545+0000] {logging_mixin.py:190} INFO - [2024-09-24T23:46:18.545+0000] {dagbag.py:588} INFO - Filling up the DagBag from /home/airflow/.local/lib/python3.12/site-packages/airflow/example_dags/example_nested_branch_dag.py
[2024-09-24T23:46:18.569+0000] {processor.py:925} INFO - DAG(s) 'example_nested_branch_dag' retrieved from /home/airflow/.local/lib/python3.12/site-packages/airflow/example_dags/example_nested_branch_dag.py
[2024-09-24T23:46:18.642+0000] {logging_mixin.py:190} INFO - [2024-09-24T23:46:18.641+0000] {dag.py:3239} INFO - Sync 1 DAGs
[2024-09-24T23:46:18.748+0000] {logging_mixin.py:190} INFO - [2024-09-24T23:46:18.747+0000] {dag.py:4180} INFO - Setting next_dagrun for example_nested_branch_dag to 2024-09-23 00:00:00+00:00, run_after=2024-09-24 00:00:00+00:00
[2024-09-24T23:46:18.797+0000] {processor.py:208} INFO - Processing /home/airflow/.local/lib/python3.12/site-packages/airflow/example_dags/example_nested_branch_dag.py took 0.271 seconds
[2024-09-24T23:46:48.976+0000] {processor.py:186} INFO - Started process (PID=5054) to work on /home/airflow/.local/lib/python3.12/site-packages/airflow/example_dags/example_nested_branch_dag.py
[2024-09-24T23:46:48.979+0000] {processor.py:914} INFO - Processing file /home/airflow/.local/lib/python3.12/site-packages/airflow/example_dags/example_nested_branch_dag.py for tasks to queue
[2024-09-24T23:46:48.984+0000] {logging_mixin.py:190} INFO - [2024-09-24T23:46:48.983+0000] {dagbag.py:588} INFO - Filling up the DagBag from /home/airflow/.local/lib/python3.12/site-packages/airflow/example_dags/example_nested_branch_dag.py
[2024-09-24T23:46:49.020+0000] {processor.py:925} INFO - DAG(s) 'example_nested_branch_dag' retrieved from /home/airflow/.local/lib/python3.12/site-packages/airflow/example_dags/example_nested_branch_dag.py
[2024-09-24T23:46:49.149+0000] {logging_mixin.py:190} INFO - [2024-09-24T23:46:49.148+0000] {dag.py:3239} INFO - Sync 1 DAGs
[2024-09-24T23:46:49.413+0000] {logging_mixin.py:190} INFO - [2024-09-24T23:46:49.413+0000] {dag.py:4180} INFO - Setting next_dagrun for example_nested_branch_dag to 2024-09-23 00:00:00+00:00, run_after=2024-09-24 00:00:00+00:00
[2024-09-24T23:46:49.569+0000] {processor.py:208} INFO - Processing /home/airflow/.local/lib/python3.12/site-packages/airflow/example_dags/example_nested_branch_dag.py took 0.607 seconds
[2024-09-24T23:47:20.534+0000] {processor.py:186} INFO - Started process (PID=5340) to work on /home/airflow/.local/lib/python3.12/site-packages/airflow/example_dags/example_nested_branch_dag.py
[2024-09-24T23:47:20.537+0000] {processor.py:914} INFO - Processing file /home/airflow/.local/lib/python3.12/site-packages/airflow/example_dags/example_nested_branch_dag.py for tasks to queue
[2024-09-24T23:47:20.541+0000] {logging_mixin.py:190} INFO - [2024-09-24T23:47:20.540+0000] {dagbag.py:588} INFO - Filling up the DagBag from /home/airflow/.local/lib/python3.12/site-packages/airflow/example_dags/example_nested_branch_dag.py
[2024-09-24T23:47:20.566+0000] {processor.py:925} INFO - DAG(s) 'example_nested_branch_dag' retrieved from /home/airflow/.local/lib/python3.12/site-packages/airflow/example_dags/example_nested_branch_dag.py
[2024-09-24T23:47:20.608+0000] {logging_mixin.py:190} INFO - [2024-09-24T23:47:20.608+0000] {dag.py:3239} INFO - Sync 1 DAGs
[2024-09-24T23:47:20.658+0000] {logging_mixin.py:190} INFO - [2024-09-24T23:47:20.657+0000] {dag.py:4180} INFO - Setting next_dagrun for example_nested_branch_dag to 2024-09-23 00:00:00+00:00, run_after=2024-09-24 00:00:00+00:00
[2024-09-24T23:47:20.703+0000] {processor.py:208} INFO - Processing /home/airflow/.local/lib/python3.12/site-packages/airflow/example_dags/example_nested_branch_dag.py took 0.179 seconds
[2024-09-24T23:47:51.405+0000] {processor.py:186} INFO - Started process (PID=5626) to work on /home/airflow/.local/lib/python3.12/site-packages/airflow/example_dags/example_nested_branch_dag.py
[2024-09-24T23:47:51.408+0000] {processor.py:914} INFO - Processing file /home/airflow/.local/lib/python3.12/site-packages/airflow/example_dags/example_nested_branch_dag.py for tasks to queue
[2024-09-24T23:47:51.412+0000] {logging_mixin.py:190} INFO - [2024-09-24T23:47:51.411+0000] {dagbag.py:588} INFO - Filling up the DagBag from /home/airflow/.local/lib/python3.12/site-packages/airflow/example_dags/example_nested_branch_dag.py
[2024-09-24T23:47:51.435+0000] {processor.py:925} INFO - DAG(s) 'example_nested_branch_dag' retrieved from /home/airflow/.local/lib/python3.12/site-packages/airflow/example_dags/example_nested_branch_dag.py
[2024-09-24T23:47:51.486+0000] {logging_mixin.py:190} INFO - [2024-09-24T23:47:51.485+0000] {dag.py:3239} INFO - Sync 1 DAGs
[2024-09-24T23:47:51.545+0000] {logging_mixin.py:190} INFO - [2024-09-24T23:47:51.544+0000] {dag.py:4180} INFO - Setting next_dagrun for example_nested_branch_dag to 2024-09-23 00:00:00+00:00, run_after=2024-09-24 00:00:00+00:00
[2024-09-24T23:47:51.589+0000] {processor.py:208} INFO - Processing /home/airflow/.local/lib/python3.12/site-packages/airflow/example_dags/example_nested_branch_dag.py took 0.196 seconds
[2024-09-24T23:48:22.012+0000] {processor.py:186} INFO - Started process (PID=5912) to work on /home/airflow/.local/lib/python3.12/site-packages/airflow/example_dags/example_nested_branch_dag.py
[2024-09-24T23:48:22.014+0000] {processor.py:914} INFO - Processing file /home/airflow/.local/lib/python3.12/site-packages/airflow/example_dags/example_nested_branch_dag.py for tasks to queue
[2024-09-24T23:48:22.019+0000] {logging_mixin.py:190} INFO - [2024-09-24T23:48:22.018+0000] {dagbag.py:588} INFO - Filling up the DagBag from /home/airflow/.local/lib/python3.12/site-packages/airflow/example_dags/example_nested_branch_dag.py
[2024-09-24T23:48:22.045+0000] {processor.py:925} INFO - DAG(s) 'example_nested_branch_dag' retrieved from /home/airflow/.local/lib/python3.12/site-packages/airflow/example_dags/example_nested_branch_dag.py
[2024-09-24T23:48:22.100+0000] {logging_mixin.py:190} INFO - [2024-09-24T23:48:22.100+0000] {dag.py:3239} INFO - Sync 1 DAGs
[2024-09-24T23:48:22.171+0000] {logging_mixin.py:190} INFO - [2024-09-24T23:48:22.170+0000] {dag.py:4180} INFO - Setting next_dagrun for example_nested_branch_dag to 2024-09-23 00:00:00+00:00, run_after=2024-09-24 00:00:00+00:00
[2024-09-24T23:48:22.213+0000] {processor.py:208} INFO - Processing /home/airflow/.local/lib/python3.12/site-packages/airflow/example_dags/example_nested_branch_dag.py took 0.213 seconds
[2024-09-24T23:48:53.007+0000] {processor.py:186} INFO - Started process (PID=6198) to work on /home/airflow/.local/lib/python3.12/site-packages/airflow/example_dags/example_nested_branch_dag.py
[2024-09-24T23:48:53.009+0000] {processor.py:914} INFO - Processing file /home/airflow/.local/lib/python3.12/site-packages/airflow/example_dags/example_nested_branch_dag.py for tasks to queue
[2024-09-24T23:48:53.014+0000] {logging_mixin.py:190} INFO - [2024-09-24T23:48:53.012+0000] {dagbag.py:588} INFO - Filling up the DagBag from /home/airflow/.local/lib/python3.12/site-packages/airflow/example_dags/example_nested_branch_dag.py
[2024-09-24T23:48:53.035+0000] {processor.py:925} INFO - DAG(s) 'example_nested_branch_dag' retrieved from /home/airflow/.local/lib/python3.12/site-packages/airflow/example_dags/example_nested_branch_dag.py
[2024-09-24T23:48:53.086+0000] {logging_mixin.py:190} INFO - [2024-09-24T23:48:53.086+0000] {dag.py:3239} INFO - Sync 1 DAGs
[2024-09-24T23:48:53.138+0000] {logging_mixin.py:190} INFO - [2024-09-24T23:48:53.138+0000] {dag.py:4180} INFO - Setting next_dagrun for example_nested_branch_dag to 2024-09-23 00:00:00+00:00, run_after=2024-09-24 00:00:00+00:00
[2024-09-24T23:48:53.180+0000] {processor.py:208} INFO - Processing /home/airflow/.local/lib/python3.12/site-packages/airflow/example_dags/example_nested_branch_dag.py took 0.184 seconds
[2024-09-24T23:49:23.682+0000] {processor.py:186} INFO - Started process (PID=6484) to work on /home/airflow/.local/lib/python3.12/site-packages/airflow/example_dags/example_nested_branch_dag.py
[2024-09-24T23:49:23.684+0000] {processor.py:914} INFO - Processing file /home/airflow/.local/lib/python3.12/site-packages/airflow/example_dags/example_nested_branch_dag.py for tasks to queue
[2024-09-24T23:49:23.690+0000] {logging_mixin.py:190} INFO - [2024-09-24T23:49:23.689+0000] {dagbag.py:588} INFO - Filling up the DagBag from /home/airflow/.local/lib/python3.12/site-packages/airflow/example_dags/example_nested_branch_dag.py
[2024-09-24T23:49:23.726+0000] {processor.py:925} INFO - DAG(s) 'example_nested_branch_dag' retrieved from /home/airflow/.local/lib/python3.12/site-packages/airflow/example_dags/example_nested_branch_dag.py
[2024-09-24T23:49:23.794+0000] {logging_mixin.py:190} INFO - [2024-09-24T23:49:23.793+0000] {dag.py:3239} INFO - Sync 1 DAGs
[2024-09-24T23:49:23.881+0000] {logging_mixin.py:190} INFO - [2024-09-24T23:49:23.880+0000] {dag.py:4180} INFO - Setting next_dagrun for example_nested_branch_dag to 2024-09-23 00:00:00+00:00, run_after=2024-09-24 00:00:00+00:00
[2024-09-24T23:49:24.032+0000] {processor.py:208} INFO - Processing /home/airflow/.local/lib/python3.12/site-packages/airflow/example_dags/example_nested_branch_dag.py took 0.365 seconds
[2024-09-24T23:49:54.279+0000] {processor.py:186} INFO - Started process (PID=6770) to work on /home/airflow/.local/lib/python3.12/site-packages/airflow/example_dags/example_nested_branch_dag.py
[2024-09-24T23:49:54.281+0000] {processor.py:914} INFO - Processing file /home/airflow/.local/lib/python3.12/site-packages/airflow/example_dags/example_nested_branch_dag.py for tasks to queue
[2024-09-24T23:49:54.287+0000] {logging_mixin.py:190} INFO - [2024-09-24T23:49:54.286+0000] {dagbag.py:588} INFO - Filling up the DagBag from /home/airflow/.local/lib/python3.12/site-packages/airflow/example_dags/example_nested_branch_dag.py
[2024-09-24T23:49:54.307+0000] {processor.py:925} INFO - DAG(s) 'example_nested_branch_dag' retrieved from /home/airflow/.local/lib/python3.12/site-packages/airflow/example_dags/example_nested_branch_dag.py
[2024-09-24T23:49:54.350+0000] {logging_mixin.py:190} INFO - [2024-09-24T23:49:54.349+0000] {dag.py:3239} INFO - Sync 1 DAGs
[2024-09-24T23:49:54.407+0000] {logging_mixin.py:190} INFO - [2024-09-24T23:49:54.405+0000] {dag.py:4180} INFO - Setting next_dagrun for example_nested_branch_dag to 2024-09-23 00:00:00+00:00, run_after=2024-09-24 00:00:00+00:00
[2024-09-24T23:49:54.467+0000] {processor.py:208} INFO - Processing /home/airflow/.local/lib/python3.12/site-packages/airflow/example_dags/example_nested_branch_dag.py took 0.200 seconds
[2024-09-24T23:50:24.883+0000] {processor.py:186} INFO - Started process (PID=7056) to work on /home/airflow/.local/lib/python3.12/site-packages/airflow/example_dags/example_nested_branch_dag.py
[2024-09-24T23:50:24.886+0000] {processor.py:914} INFO - Processing file /home/airflow/.local/lib/python3.12/site-packages/airflow/example_dags/example_nested_branch_dag.py for tasks to queue
[2024-09-24T23:50:24.893+0000] {logging_mixin.py:190} INFO - [2024-09-24T23:50:24.892+0000] {dagbag.py:588} INFO - Filling up the DagBag from /home/airflow/.local/lib/python3.12/site-packages/airflow/example_dags/example_nested_branch_dag.py
[2024-09-24T23:50:24.925+0000] {processor.py:925} INFO - DAG(s) 'example_nested_branch_dag' retrieved from /home/airflow/.local/lib/python3.12/site-packages/airflow/example_dags/example_nested_branch_dag.py
[2024-09-24T23:50:24.999+0000] {logging_mixin.py:190} INFO - [2024-09-24T23:50:24.998+0000] {dag.py:3239} INFO - Sync 1 DAGs
[2024-09-24T23:50:25.136+0000] {logging_mixin.py:190} INFO - [2024-09-24T23:50:25.135+0000] {dag.py:4180} INFO - Setting next_dagrun for example_nested_branch_dag to 2024-09-23 00:00:00+00:00, run_after=2024-09-24 00:00:00+00:00
[2024-09-24T23:50:25.233+0000] {processor.py:208} INFO - Processing /home/airflow/.local/lib/python3.12/site-packages/airflow/example_dags/example_nested_branch_dag.py took 0.365 seconds
[2024-09-24T23:50:55.514+0000] {processor.py:186} INFO - Started process (PID=7344) to work on /home/airflow/.local/lib/python3.12/site-packages/airflow/example_dags/example_nested_branch_dag.py
[2024-09-24T23:50:55.516+0000] {processor.py:914} INFO - Processing file /home/airflow/.local/lib/python3.12/site-packages/airflow/example_dags/example_nested_branch_dag.py for tasks to queue
[2024-09-24T23:50:55.522+0000] {logging_mixin.py:190} INFO - [2024-09-24T23:50:55.521+0000] {dagbag.py:588} INFO - Filling up the DagBag from /home/airflow/.local/lib/python3.12/site-packages/airflow/example_dags/example_nested_branch_dag.py
[2024-09-24T23:50:55.543+0000] {processor.py:925} INFO - DAG(s) 'example_nested_branch_dag' retrieved from /home/airflow/.local/lib/python3.12/site-packages/airflow/example_dags/example_nested_branch_dag.py
[2024-09-24T23:50:55.582+0000] {logging_mixin.py:190} INFO - [2024-09-24T23:50:55.582+0000] {dag.py:3239} INFO - Sync 1 DAGs
[2024-09-24T23:50:55.628+0000] {logging_mixin.py:190} INFO - [2024-09-24T23:50:55.628+0000] {dag.py:4180} INFO - Setting next_dagrun for example_nested_branch_dag to 2024-09-23 00:00:00+00:00, run_after=2024-09-24 00:00:00+00:00
[2024-09-24T23:50:55.665+0000] {processor.py:208} INFO - Processing /home/airflow/.local/lib/python3.12/site-packages/airflow/example_dags/example_nested_branch_dag.py took 0.165 seconds
[2024-09-24T23:51:26.037+0000] {processor.py:186} INFO - Started process (PID=7628) to work on /home/airflow/.local/lib/python3.12/site-packages/airflow/example_dags/example_nested_branch_dag.py
[2024-09-24T23:51:26.040+0000] {processor.py:914} INFO - Processing file /home/airflow/.local/lib/python3.12/site-packages/airflow/example_dags/example_nested_branch_dag.py for tasks to queue
[2024-09-24T23:51:26.046+0000] {logging_mixin.py:190} INFO - [2024-09-24T23:51:26.045+0000] {dagbag.py:588} INFO - Filling up the DagBag from /home/airflow/.local/lib/python3.12/site-packages/airflow/example_dags/example_nested_branch_dag.py
[2024-09-24T23:51:26.070+0000] {processor.py:925} INFO - DAG(s) 'example_nested_branch_dag' retrieved from /home/airflow/.local/lib/python3.12/site-packages/airflow/example_dags/example_nested_branch_dag.py
[2024-09-24T23:51:26.122+0000] {logging_mixin.py:190} INFO - [2024-09-24T23:51:26.122+0000] {dag.py:3239} INFO - Sync 1 DAGs
[2024-09-24T23:51:26.185+0000] {logging_mixin.py:190} INFO - [2024-09-24T23:51:26.184+0000] {dag.py:4180} INFO - Setting next_dagrun for example_nested_branch_dag to 2024-09-23 00:00:00+00:00, run_after=2024-09-24 00:00:00+00:00
[2024-09-24T23:51:26.232+0000] {processor.py:208} INFO - Processing /home/airflow/.local/lib/python3.12/site-packages/airflow/example_dags/example_nested_branch_dag.py took 0.207 seconds
[2024-09-24T23:51:56.741+0000] {processor.py:186} INFO - Started process (PID=7914) to work on /home/airflow/.local/lib/python3.12/site-packages/airflow/example_dags/example_nested_branch_dag.py
[2024-09-24T23:51:56.745+0000] {processor.py:914} INFO - Processing file /home/airflow/.local/lib/python3.12/site-packages/airflow/example_dags/example_nested_branch_dag.py for tasks to queue
[2024-09-24T23:51:56.751+0000] {logging_mixin.py:190} INFO - [2024-09-24T23:51:56.751+0000] {dagbag.py:588} INFO - Filling up the DagBag from /home/airflow/.local/lib/python3.12/site-packages/airflow/example_dags/example_nested_branch_dag.py
[2024-09-24T23:51:56.779+0000] {processor.py:925} INFO - DAG(s) 'example_nested_branch_dag' retrieved from /home/airflow/.local/lib/python3.12/site-packages/airflow/example_dags/example_nested_branch_dag.py
[2024-09-24T23:51:56.840+0000] {logging_mixin.py:190} INFO - [2024-09-24T23:51:56.839+0000] {dag.py:3239} INFO - Sync 1 DAGs
[2024-09-24T23:51:56.910+0000] {logging_mixin.py:190} INFO - [2024-09-24T23:51:56.910+0000] {dag.py:4180} INFO - Setting next_dagrun for example_nested_branch_dag to 2024-09-23 00:00:00+00:00, run_after=2024-09-24 00:00:00+00:00
[2024-09-24T23:51:56.965+0000] {processor.py:208} INFO - Processing /home/airflow/.local/lib/python3.12/site-packages/airflow/example_dags/example_nested_branch_dag.py took 0.238 seconds
[2024-09-24T23:52:27.288+0000] {processor.py:186} INFO - Started process (PID=8201) to work on /home/airflow/.local/lib/python3.12/site-packages/airflow/example_dags/example_nested_branch_dag.py
[2024-09-24T23:52:27.290+0000] {processor.py:914} INFO - Processing file /home/airflow/.local/lib/python3.12/site-packages/airflow/example_dags/example_nested_branch_dag.py for tasks to queue
[2024-09-24T23:52:27.295+0000] {logging_mixin.py:190} INFO - [2024-09-24T23:52:27.294+0000] {dagbag.py:588} INFO - Filling up the DagBag from /home/airflow/.local/lib/python3.12/site-packages/airflow/example_dags/example_nested_branch_dag.py
[2024-09-24T23:52:27.318+0000] {processor.py:925} INFO - DAG(s) 'example_nested_branch_dag' retrieved from /home/airflow/.local/lib/python3.12/site-packages/airflow/example_dags/example_nested_branch_dag.py
[2024-09-24T23:52:27.377+0000] {logging_mixin.py:190} INFO - [2024-09-24T23:52:27.376+0000] {dag.py:3239} INFO - Sync 1 DAGs
[2024-09-24T23:52:27.423+0000] {logging_mixin.py:190} INFO - [2024-09-24T23:52:27.423+0000] {dag.py:4180} INFO - Setting next_dagrun for example_nested_branch_dag to 2024-09-23 00:00:00+00:00, run_after=2024-09-24 00:00:00+00:00
[2024-09-24T23:52:27.466+0000] {processor.py:208} INFO - Processing /home/airflow/.local/lib/python3.12/site-packages/airflow/example_dags/example_nested_branch_dag.py took 0.188 seconds
[2024-09-24T23:52:57.565+0000] {processor.py:186} INFO - Started process (PID=8484) to work on /home/airflow/.local/lib/python3.12/site-packages/airflow/example_dags/example_nested_branch_dag.py
[2024-09-24T23:52:57.566+0000] {processor.py:914} INFO - Processing file /home/airflow/.local/lib/python3.12/site-packages/airflow/example_dags/example_nested_branch_dag.py for tasks to queue
[2024-09-24T23:52:57.570+0000] {logging_mixin.py:190} INFO - [2024-09-24T23:52:57.569+0000] {dagbag.py:588} INFO - Filling up the DagBag from /home/airflow/.local/lib/python3.12/site-packages/airflow/example_dags/example_nested_branch_dag.py
[2024-09-24T23:52:57.586+0000] {processor.py:925} INFO - DAG(s) 'example_nested_branch_dag' retrieved from /home/airflow/.local/lib/python3.12/site-packages/airflow/example_dags/example_nested_branch_dag.py
[2024-09-24T23:52:57.619+0000] {logging_mixin.py:190} INFO - [2024-09-24T23:52:57.619+0000] {dag.py:3239} INFO - Sync 1 DAGs
[2024-09-24T23:52:57.665+0000] {logging_mixin.py:190} INFO - [2024-09-24T23:52:57.664+0000] {dag.py:4180} INFO - Setting next_dagrun for example_nested_branch_dag to 2024-09-23 00:00:00+00:00, run_after=2024-09-24 00:00:00+00:00
[2024-09-24T23:52:57.734+0000] {processor.py:208} INFO - Processing /home/airflow/.local/lib/python3.12/site-packages/airflow/example_dags/example_nested_branch_dag.py took 0.178 seconds
[2024-09-24T23:53:28.438+0000] {processor.py:186} INFO - Started process (PID=8773) to work on /home/airflow/.local/lib/python3.12/site-packages/airflow/example_dags/example_nested_branch_dag.py
[2024-09-24T23:53:28.440+0000] {processor.py:914} INFO - Processing file /home/airflow/.local/lib/python3.12/site-packages/airflow/example_dags/example_nested_branch_dag.py for tasks to queue
[2024-09-24T23:53:28.444+0000] {logging_mixin.py:190} INFO - [2024-09-24T23:53:28.443+0000] {dagbag.py:588} INFO - Filling up the DagBag from /home/airflow/.local/lib/python3.12/site-packages/airflow/example_dags/example_nested_branch_dag.py
[2024-09-24T23:53:28.463+0000] {processor.py:925} INFO - DAG(s) 'example_nested_branch_dag' retrieved from /home/airflow/.local/lib/python3.12/site-packages/airflow/example_dags/example_nested_branch_dag.py
[2024-09-24T23:53:28.511+0000] {logging_mixin.py:190} INFO - [2024-09-24T23:53:28.510+0000] {dag.py:3239} INFO - Sync 1 DAGs
[2024-09-24T23:53:28.566+0000] {logging_mixin.py:190} INFO - [2024-09-24T23:53:28.566+0000] {dag.py:4180} INFO - Setting next_dagrun for example_nested_branch_dag to 2024-09-23 00:00:00+00:00, run_after=2024-09-24 00:00:00+00:00
[2024-09-24T23:53:28.612+0000] {processor.py:208} INFO - Processing /home/airflow/.local/lib/python3.12/site-packages/airflow/example_dags/example_nested_branch_dag.py took 0.182 seconds
[2024-09-24T23:53:58.942+0000] {processor.py:186} INFO - Started process (PID=9059) to work on /home/airflow/.local/lib/python3.12/site-packages/airflow/example_dags/example_nested_branch_dag.py
[2024-09-24T23:53:58.945+0000] {processor.py:914} INFO - Processing file /home/airflow/.local/lib/python3.12/site-packages/airflow/example_dags/example_nested_branch_dag.py for tasks to queue
[2024-09-24T23:53:58.952+0000] {logging_mixin.py:190} INFO - [2024-09-24T23:53:58.951+0000] {dagbag.py:588} INFO - Filling up the DagBag from /home/airflow/.local/lib/python3.12/site-packages/airflow/example_dags/example_nested_branch_dag.py
[2024-09-24T23:53:58.985+0000] {processor.py:925} INFO - DAG(s) 'example_nested_branch_dag' retrieved from /home/airflow/.local/lib/python3.12/site-packages/airflow/example_dags/example_nested_branch_dag.py
[2024-09-24T23:53:59.066+0000] {logging_mixin.py:190} INFO - [2024-09-24T23:53:59.066+0000] {dag.py:3239} INFO - Sync 1 DAGs
[2024-09-24T23:53:59.139+0000] {logging_mixin.py:190} INFO - [2024-09-24T23:53:59.139+0000] {dag.py:4180} INFO - Setting next_dagrun for example_nested_branch_dag to 2024-09-23 00:00:00+00:00, run_after=2024-09-24 00:00:00+00:00
[2024-09-24T23:53:59.181+0000] {processor.py:208} INFO - Processing /home/airflow/.local/lib/python3.12/site-packages/airflow/example_dags/example_nested_branch_dag.py took 0.259 seconds
[2024-09-24T23:54:29.690+0000] {processor.py:186} INFO - Started process (PID=9340) to work on /home/airflow/.local/lib/python3.12/site-packages/airflow/example_dags/example_nested_branch_dag.py
[2024-09-24T23:54:29.692+0000] {processor.py:914} INFO - Processing file /home/airflow/.local/lib/python3.12/site-packages/airflow/example_dags/example_nested_branch_dag.py for tasks to queue
[2024-09-24T23:54:29.696+0000] {logging_mixin.py:190} INFO - [2024-09-24T23:54:29.696+0000] {dagbag.py:588} INFO - Filling up the DagBag from /home/airflow/.local/lib/python3.12/site-packages/airflow/example_dags/example_nested_branch_dag.py
[2024-09-24T23:54:29.715+0000] {processor.py:925} INFO - DAG(s) 'example_nested_branch_dag' retrieved from /home/airflow/.local/lib/python3.12/site-packages/airflow/example_dags/example_nested_branch_dag.py
[2024-09-24T23:54:29.756+0000] {logging_mixin.py:190} INFO - [2024-09-24T23:54:29.755+0000] {dag.py:3239} INFO - Sync 1 DAGs
[2024-09-24T23:54:29.806+0000] {logging_mixin.py:190} INFO - [2024-09-24T23:54:29.806+0000] {dag.py:4180} INFO - Setting next_dagrun for example_nested_branch_dag to 2024-09-23 00:00:00+00:00, run_after=2024-09-24 00:00:00+00:00
[2024-09-24T23:54:29.847+0000] {processor.py:208} INFO - Processing /home/airflow/.local/lib/python3.12/site-packages/airflow/example_dags/example_nested_branch_dag.py took 0.167 seconds
[2024-09-24T23:55:00.017+0000] {processor.py:186} INFO - Started process (PID=9626) to work on /home/airflow/.local/lib/python3.12/site-packages/airflow/example_dags/example_nested_branch_dag.py
[2024-09-24T23:55:00.025+0000] {processor.py:914} INFO - Processing file /home/airflow/.local/lib/python3.12/site-packages/airflow/example_dags/example_nested_branch_dag.py for tasks to queue
[2024-09-24T23:55:00.032+0000] {logging_mixin.py:190} INFO - [2024-09-24T23:55:00.031+0000] {dagbag.py:588} INFO - Filling up the DagBag from /home/airflow/.local/lib/python3.12/site-packages/airflow/example_dags/example_nested_branch_dag.py
[2024-09-24T23:55:00.075+0000] {processor.py:925} INFO - DAG(s) 'example_nested_branch_dag' retrieved from /home/airflow/.local/lib/python3.12/site-packages/airflow/example_dags/example_nested_branch_dag.py
[2024-09-24T23:55:00.138+0000] {logging_mixin.py:190} INFO - [2024-09-24T23:55:00.137+0000] {dag.py:3239} INFO - Sync 1 DAGs
[2024-09-24T23:55:00.262+0000] {logging_mixin.py:190} INFO - [2024-09-24T23:55:00.261+0000] {dag.py:4180} INFO - Setting next_dagrun for example_nested_branch_dag to 2024-09-23 00:00:00+00:00, run_after=2024-09-24 00:00:00+00:00
[2024-09-24T23:55:00.332+0000] {processor.py:208} INFO - Processing /home/airflow/.local/lib/python3.12/site-packages/airflow/example_dags/example_nested_branch_dag.py took 0.330 seconds
[2024-09-24T23:55:30.520+0000] {processor.py:186} INFO - Started process (PID=9912) to work on /home/airflow/.local/lib/python3.12/site-packages/airflow/example_dags/example_nested_branch_dag.py
[2024-09-24T23:55:30.522+0000] {processor.py:914} INFO - Processing file /home/airflow/.local/lib/python3.12/site-packages/airflow/example_dags/example_nested_branch_dag.py for tasks to queue
[2024-09-24T23:55:30.528+0000] {logging_mixin.py:190} INFO - [2024-09-24T23:55:30.527+0000] {dagbag.py:588} INFO - Filling up the DagBag from /home/airflow/.local/lib/python3.12/site-packages/airflow/example_dags/example_nested_branch_dag.py
[2024-09-24T23:55:30.552+0000] {processor.py:925} INFO - DAG(s) 'example_nested_branch_dag' retrieved from /home/airflow/.local/lib/python3.12/site-packages/airflow/example_dags/example_nested_branch_dag.py
[2024-09-24T23:55:30.608+0000] {logging_mixin.py:190} INFO - [2024-09-24T23:55:30.607+0000] {dag.py:3239} INFO - Sync 1 DAGs
[2024-09-24T23:55:30.677+0000] {logging_mixin.py:190} INFO - [2024-09-24T23:55:30.676+0000] {dag.py:4180} INFO - Setting next_dagrun for example_nested_branch_dag to 2024-09-23 00:00:00+00:00, run_after=2024-09-24 00:00:00+00:00
[2024-09-24T23:55:30.726+0000] {processor.py:208} INFO - Processing /home/airflow/.local/lib/python3.12/site-packages/airflow/example_dags/example_nested_branch_dag.py took 0.221 seconds
[2024-09-24T23:56:00.980+0000] {processor.py:186} INFO - Started process (PID=10198) to work on /home/airflow/.local/lib/python3.12/site-packages/airflow/example_dags/example_nested_branch_dag.py
[2024-09-24T23:56:00.984+0000] {processor.py:914} INFO - Processing file /home/airflow/.local/lib/python3.12/site-packages/airflow/example_dags/example_nested_branch_dag.py for tasks to queue
[2024-09-24T23:56:00.991+0000] {logging_mixin.py:190} INFO - [2024-09-24T23:56:00.990+0000] {dagbag.py:588} INFO - Filling up the DagBag from /home/airflow/.local/lib/python3.12/site-packages/airflow/example_dags/example_nested_branch_dag.py
[2024-09-24T23:56:01.047+0000] {processor.py:925} INFO - DAG(s) 'example_nested_branch_dag' retrieved from /home/airflow/.local/lib/python3.12/site-packages/airflow/example_dags/example_nested_branch_dag.py
[2024-09-24T23:56:01.364+0000] {logging_mixin.py:190} INFO - [2024-09-24T23:56:01.363+0000] {dag.py:3239} INFO - Sync 1 DAGs
[2024-09-24T23:56:01.578+0000] {logging_mixin.py:190} INFO - [2024-09-24T23:56:01.577+0000] {dag.py:4180} INFO - Setting next_dagrun for example_nested_branch_dag to 2024-09-23 00:00:00+00:00, run_after=2024-09-24 00:00:00+00:00
[2024-09-24T23:56:01.684+0000] {processor.py:208} INFO - Processing /home/airflow/.local/lib/python3.12/site-packages/airflow/example_dags/example_nested_branch_dag.py took 0.731 seconds
