[2024-09-24T23:37:57.580+0000] {processor.py:186} INFO - Started process (PID=251) to work on /home/airflow/.local/lib/python3.12/site-packages/airflow/example_dags/example_branch_operator.py
[2024-09-24T23:37:57.584+0000] {processor.py:914} INFO - Processing file /home/airflow/.local/lib/python3.12/site-packages/airflow/example_dags/example_branch_operator.py for tasks to queue
[2024-09-24T23:37:57.591+0000] {logging_mixin.py:190} INFO - [2024-09-24T23:37:57.590+0000] {dagbag.py:588} INFO - Filling up the DagBag from /home/airflow/.local/lib/python3.12/site-packages/airflow/example_dags/example_branch_operator.py
[2024-09-24T23:37:57.744+0000] {processor.py:925} INFO - DAG(s) 'example_branch_operator' retrieved from /home/airflow/.local/lib/python3.12/site-packages/airflow/example_dags/example_branch_operator.py
[2024-09-24T23:37:58.314+0000] {logging_mixin.py:190} INFO - [2024-09-24T23:37:58.312+0000] {override.py:1900} INFO - Created Permission View: can edit on DAG:example_branch_operator
[2024-09-24T23:37:58.369+0000] {logging_mixin.py:190} INFO - [2024-09-24T23:37:58.369+0000] {override.py:1900} INFO - Created Permission View: can read on DAG:example_branch_operator
[2024-09-24T23:37:58.416+0000] {logging_mixin.py:190} INFO - [2024-09-24T23:37:58.412+0000] {override.py:1900} INFO - Created Permission View: can delete on DAG:example_branch_operator
[2024-09-24T23:37:58.455+0000] {logging_mixin.py:190} INFO - [2024-09-24T23:37:58.454+0000] {override.py:1900} INFO - Created Permission View: can read on DAG Run:example_branch_operator
[2024-09-24T23:37:58.500+0000] {logging_mixin.py:190} INFO - [2024-09-24T23:37:58.499+0000] {override.py:1900} INFO - Created Permission View: menu access on DAG Run:example_branch_operator
[2024-09-24T23:37:58.582+0000] {logging_mixin.py:190} INFO - [2024-09-24T23:37:58.581+0000] {override.py:1900} INFO - Created Permission View: can delete on DAG Run:example_branch_operator
[2024-09-24T23:37:58.617+0000] {logging_mixin.py:190} INFO - [2024-09-24T23:37:58.616+0000] {override.py:1900} INFO - Created Permission View: can create on DAG Run:example_branch_operator
[2024-09-24T23:37:58.620+0000] {logging_mixin.py:190} INFO - [2024-09-24T23:37:58.619+0000] {dag.py:3239} INFO - Sync 1 DAGs
[2024-09-24T23:37:58.700+0000] {logging_mixin.py:190} INFO - [2024-09-24T23:37:58.699+0000] {dag.py:3262} INFO - Creating ORM DAG for example_branch_operator
[2024-09-24T23:37:58.752+0000] {logging_mixin.py:190} INFO - [2024-09-24T23:37:58.752+0000] {dag.py:4180} INFO - Setting next_dagrun for example_branch_operator to 2024-09-23 00:00:00+00:00, run_after=2024-09-24 00:00:00+00:00
[2024-09-24T23:37:58.819+0000] {processor.py:208} INFO - Processing /home/airflow/.local/lib/python3.12/site-packages/airflow/example_dags/example_branch_operator.py took 1.260 seconds
[2024-09-24T23:38:35.932+0000] {processor.py:186} INFO - Started process (PID=537) to work on /home/airflow/.local/lib/python3.12/site-packages/airflow/example_dags/example_branch_operator.py
[2024-09-24T23:38:35.935+0000] {processor.py:914} INFO - Processing file /home/airflow/.local/lib/python3.12/site-packages/airflow/example_dags/example_branch_operator.py for tasks to queue
[2024-09-24T23:38:35.941+0000] {logging_mixin.py:190} INFO - [2024-09-24T23:38:35.940+0000] {dagbag.py:588} INFO - Filling up the DagBag from /home/airflow/.local/lib/python3.12/site-packages/airflow/example_dags/example_branch_operator.py
[2024-09-24T23:38:36.028+0000] {processor.py:925} INFO - DAG(s) 'example_branch_operator' retrieved from /home/airflow/.local/lib/python3.12/site-packages/airflow/example_dags/example_branch_operator.py
[2024-09-24T23:38:36.136+0000] {logging_mixin.py:190} INFO - [2024-09-24T23:38:36.136+0000] {dag.py:3239} INFO - Sync 1 DAGs
[2024-09-24T23:38:36.210+0000] {logging_mixin.py:190} INFO - [2024-09-24T23:38:36.209+0000] {dag.py:4180} INFO - Setting next_dagrun for example_branch_operator to 2024-09-23 00:00:00+00:00, run_after=2024-09-24 00:00:00+00:00
[2024-09-24T23:38:36.260+0000] {processor.py:208} INFO - Processing /home/airflow/.local/lib/python3.12/site-packages/airflow/example_dags/example_branch_operator.py took 0.343 seconds
[2024-09-24T23:39:07.903+0000] {processor.py:186} INFO - Started process (PID=822) to work on /home/airflow/.local/lib/python3.12/site-packages/airflow/example_dags/example_branch_operator.py
[2024-09-24T23:39:07.912+0000] {processor.py:914} INFO - Processing file /home/airflow/.local/lib/python3.12/site-packages/airflow/example_dags/example_branch_operator.py for tasks to queue
[2024-09-24T23:39:07.921+0000] {logging_mixin.py:190} INFO - [2024-09-24T23:39:07.920+0000] {dagbag.py:588} INFO - Filling up the DagBag from /home/airflow/.local/lib/python3.12/site-packages/airflow/example_dags/example_branch_operator.py
[2024-09-24T23:39:07.988+0000] {processor.py:925} INFO - DAG(s) 'example_branch_operator' retrieved from /home/airflow/.local/lib/python3.12/site-packages/airflow/example_dags/example_branch_operator.py
[2024-09-24T23:39:08.084+0000] {logging_mixin.py:190} INFO - [2024-09-24T23:39:08.083+0000] {dag.py:3239} INFO - Sync 1 DAGs
[2024-09-24T23:39:08.175+0000] {logging_mixin.py:190} INFO - [2024-09-24T23:39:08.174+0000] {dag.py:4180} INFO - Setting next_dagrun for example_branch_operator to 2024-09-23 00:00:00+00:00, run_after=2024-09-24 00:00:00+00:00
[2024-09-24T23:39:08.276+0000] {processor.py:208} INFO - Processing /home/airflow/.local/lib/python3.12/site-packages/airflow/example_dags/example_branch_operator.py took 0.399 seconds
[2024-09-24T23:39:41.703+0000] {processor.py:186} INFO - Started process (PID=1108) to work on /home/airflow/.local/lib/python3.12/site-packages/airflow/example_dags/example_branch_operator.py
[2024-09-24T23:39:41.706+0000] {processor.py:914} INFO - Processing file /home/airflow/.local/lib/python3.12/site-packages/airflow/example_dags/example_branch_operator.py for tasks to queue
[2024-09-24T23:39:41.712+0000] {logging_mixin.py:190} INFO - [2024-09-24T23:39:41.711+0000] {dagbag.py:588} INFO - Filling up the DagBag from /home/airflow/.local/lib/python3.12/site-packages/airflow/example_dags/example_branch_operator.py
[2024-09-24T23:39:41.782+0000] {processor.py:925} INFO - DAG(s) 'example_branch_operator' retrieved from /home/airflow/.local/lib/python3.12/site-packages/airflow/example_dags/example_branch_operator.py
[2024-09-24T23:39:41.882+0000] {logging_mixin.py:190} INFO - [2024-09-24T23:39:41.882+0000] {dag.py:3239} INFO - Sync 1 DAGs
[2024-09-24T23:39:41.959+0000] {logging_mixin.py:190} INFO - [2024-09-24T23:39:41.959+0000] {dag.py:4180} INFO - Setting next_dagrun for example_branch_operator to 2024-09-23 00:00:00+00:00, run_after=2024-09-24 00:00:00+00:00
[2024-09-24T23:39:42.048+0000] {processor.py:208} INFO - Processing /home/airflow/.local/lib/python3.12/site-packages/airflow/example_dags/example_branch_operator.py took 0.572 seconds
[2024-09-24T23:40:12.654+0000] {processor.py:186} INFO - Started process (PID=1391) to work on /home/airflow/.local/lib/python3.12/site-packages/airflow/example_dags/example_branch_operator.py
[2024-09-24T23:40:12.657+0000] {processor.py:914} INFO - Processing file /home/airflow/.local/lib/python3.12/site-packages/airflow/example_dags/example_branch_operator.py for tasks to queue
[2024-09-24T23:40:12.662+0000] {logging_mixin.py:190} INFO - [2024-09-24T23:40:12.662+0000] {dagbag.py:588} INFO - Filling up the DagBag from /home/airflow/.local/lib/python3.12/site-packages/airflow/example_dags/example_branch_operator.py
[2024-09-24T23:40:12.732+0000] {processor.py:925} INFO - DAG(s) 'example_branch_operator' retrieved from /home/airflow/.local/lib/python3.12/site-packages/airflow/example_dags/example_branch_operator.py
[2024-09-24T23:40:12.829+0000] {logging_mixin.py:190} INFO - [2024-09-24T23:40:12.828+0000] {dag.py:3239} INFO - Sync 1 DAGs
[2024-09-24T23:40:12.918+0000] {logging_mixin.py:190} INFO - [2024-09-24T23:40:12.917+0000] {dag.py:4180} INFO - Setting next_dagrun for example_branch_operator to 2024-09-23 00:00:00+00:00, run_after=2024-09-24 00:00:00+00:00
[2024-09-24T23:40:12.971+0000] {processor.py:208} INFO - Processing /home/airflow/.local/lib/python3.12/site-packages/airflow/example_dags/example_branch_operator.py took 0.333 seconds
[2024-09-24T23:40:43.478+0000] {processor.py:186} INFO - Started process (PID=1678) to work on /home/airflow/.local/lib/python3.12/site-packages/airflow/example_dags/example_branch_operator.py
[2024-09-24T23:40:43.481+0000] {processor.py:914} INFO - Processing file /home/airflow/.local/lib/python3.12/site-packages/airflow/example_dags/example_branch_operator.py for tasks to queue
[2024-09-24T23:40:43.494+0000] {logging_mixin.py:190} INFO - [2024-09-24T23:40:43.493+0000] {dagbag.py:588} INFO - Filling up the DagBag from /home/airflow/.local/lib/python3.12/site-packages/airflow/example_dags/example_branch_operator.py
[2024-09-24T23:40:43.588+0000] {processor.py:925} INFO - DAG(s) 'example_branch_operator' retrieved from /home/airflow/.local/lib/python3.12/site-packages/airflow/example_dags/example_branch_operator.py
[2024-09-24T23:40:43.794+0000] {logging_mixin.py:190} INFO - [2024-09-24T23:40:43.792+0000] {dag.py:3239} INFO - Sync 1 DAGs
[2024-09-24T23:40:43.965+0000] {logging_mixin.py:190} INFO - [2024-09-24T23:40:43.963+0000] {dag.py:4180} INFO - Setting next_dagrun for example_branch_operator to 2024-09-23 00:00:00+00:00, run_after=2024-09-24 00:00:00+00:00
[2024-09-24T23:40:44.141+0000] {processor.py:208} INFO - Processing /home/airflow/.local/lib/python3.12/site-packages/airflow/example_dags/example_branch_operator.py took 0.684 seconds
[2024-09-24T23:41:14.647+0000] {processor.py:186} INFO - Started process (PID=1970) to work on /home/airflow/.local/lib/python3.12/site-packages/airflow/example_dags/example_branch_operator.py
[2024-09-24T23:41:14.651+0000] {processor.py:914} INFO - Processing file /home/airflow/.local/lib/python3.12/site-packages/airflow/example_dags/example_branch_operator.py for tasks to queue
[2024-09-24T23:41:14.661+0000] {logging_mixin.py:190} INFO - [2024-09-24T23:41:14.660+0000] {dagbag.py:588} INFO - Filling up the DagBag from /home/airflow/.local/lib/python3.12/site-packages/airflow/example_dags/example_branch_operator.py
[2024-09-24T23:41:14.733+0000] {processor.py:925} INFO - DAG(s) 'example_branch_operator' retrieved from /home/airflow/.local/lib/python3.12/site-packages/airflow/example_dags/example_branch_operator.py
[2024-09-24T23:41:14.856+0000] {logging_mixin.py:190} INFO - [2024-09-24T23:41:14.854+0000] {dag.py:3239} INFO - Sync 1 DAGs
[2024-09-24T23:41:14.964+0000] {logging_mixin.py:190} INFO - [2024-09-24T23:41:14.962+0000] {dag.py:4180} INFO - Setting next_dagrun for example_branch_operator to 2024-09-23 00:00:00+00:00, run_after=2024-09-24 00:00:00+00:00
[2024-09-24T23:41:15.030+0000] {processor.py:208} INFO - Processing /home/airflow/.local/lib/python3.12/site-packages/airflow/example_dags/example_branch_operator.py took 0.405 seconds
[2024-09-24T23:41:45.918+0000] {processor.py:186} INFO - Started process (PID=2256) to work on /home/airflow/.local/lib/python3.12/site-packages/airflow/example_dags/example_branch_operator.py
[2024-09-24T23:41:45.924+0000] {processor.py:914} INFO - Processing file /home/airflow/.local/lib/python3.12/site-packages/airflow/example_dags/example_branch_operator.py for tasks to queue
[2024-09-24T23:41:45.933+0000] {logging_mixin.py:190} INFO - [2024-09-24T23:41:45.933+0000] {dagbag.py:588} INFO - Filling up the DagBag from /home/airflow/.local/lib/python3.12/site-packages/airflow/example_dags/example_branch_operator.py
[2024-09-24T23:41:45.994+0000] {processor.py:925} INFO - DAG(s) 'example_branch_operator' retrieved from /home/airflow/.local/lib/python3.12/site-packages/airflow/example_dags/example_branch_operator.py
[2024-09-24T23:41:46.073+0000] {logging_mixin.py:190} INFO - [2024-09-24T23:41:46.072+0000] {dag.py:3239} INFO - Sync 1 DAGs
[2024-09-24T23:41:46.141+0000] {logging_mixin.py:190} INFO - [2024-09-24T23:41:46.141+0000] {dag.py:4180} INFO - Setting next_dagrun for example_branch_operator to 2024-09-23 00:00:00+00:00, run_after=2024-09-24 00:00:00+00:00
[2024-09-24T23:41:46.192+0000] {processor.py:208} INFO - Processing /home/airflow/.local/lib/python3.12/site-packages/airflow/example_dags/example_branch_operator.py took 0.293 seconds
[2024-09-24T23:42:17.039+0000] {processor.py:186} INFO - Started process (PID=2542) to work on /home/airflow/.local/lib/python3.12/site-packages/airflow/example_dags/example_branch_operator.py
[2024-09-24T23:42:17.043+0000] {processor.py:914} INFO - Processing file /home/airflow/.local/lib/python3.12/site-packages/airflow/example_dags/example_branch_operator.py for tasks to queue
[2024-09-24T23:42:17.050+0000] {logging_mixin.py:190} INFO - [2024-09-24T23:42:17.048+0000] {dagbag.py:588} INFO - Filling up the DagBag from /home/airflow/.local/lib/python3.12/site-packages/airflow/example_dags/example_branch_operator.py
[2024-09-24T23:42:17.117+0000] {processor.py:925} INFO - DAG(s) 'example_branch_operator' retrieved from /home/airflow/.local/lib/python3.12/site-packages/airflow/example_dags/example_branch_operator.py
[2024-09-24T23:42:17.323+0000] {logging_mixin.py:190} INFO - [2024-09-24T23:42:17.322+0000] {dag.py:3239} INFO - Sync 1 DAGs
[2024-09-24T23:42:17.553+0000] {logging_mixin.py:190} INFO - [2024-09-24T23:42:17.551+0000] {dag.py:4180} INFO - Setting next_dagrun for example_branch_operator to 2024-09-23 00:00:00+00:00, run_after=2024-09-24 00:00:00+00:00
[2024-09-24T23:42:17.643+0000] {processor.py:208} INFO - Processing /home/airflow/.local/lib/python3.12/site-packages/airflow/example_dags/example_branch_operator.py took 0.641 seconds
[2024-09-24T23:42:47.772+0000] {processor.py:186} INFO - Started process (PID=2831) to work on /home/airflow/.local/lib/python3.12/site-packages/airflow/example_dags/example_branch_operator.py
[2024-09-24T23:42:47.774+0000] {processor.py:914} INFO - Processing file /home/airflow/.local/lib/python3.12/site-packages/airflow/example_dags/example_branch_operator.py for tasks to queue
[2024-09-24T23:42:47.779+0000] {logging_mixin.py:190} INFO - [2024-09-24T23:42:47.778+0000] {dagbag.py:588} INFO - Filling up the DagBag from /home/airflow/.local/lib/python3.12/site-packages/airflow/example_dags/example_branch_operator.py
[2024-09-24T23:42:47.816+0000] {processor.py:925} INFO - DAG(s) 'example_branch_operator' retrieved from /home/airflow/.local/lib/python3.12/site-packages/airflow/example_dags/example_branch_operator.py
[2024-09-24T23:42:47.879+0000] {logging_mixin.py:190} INFO - [2024-09-24T23:42:47.878+0000] {dag.py:3239} INFO - Sync 1 DAGs
[2024-09-24T23:42:47.940+0000] {logging_mixin.py:190} INFO - [2024-09-24T23:42:47.939+0000] {dag.py:4180} INFO - Setting next_dagrun for example_branch_operator to 2024-09-23 00:00:00+00:00, run_after=2024-09-24 00:00:00+00:00
[2024-09-24T23:42:47.983+0000] {processor.py:208} INFO - Processing /home/airflow/.local/lib/python3.12/site-packages/airflow/example_dags/example_branch_operator.py took 0.221 seconds
[2024-09-24T23:43:18.804+0000] {processor.py:186} INFO - Started process (PID=3114) to work on /home/airflow/.local/lib/python3.12/site-packages/airflow/example_dags/example_branch_operator.py
[2024-09-24T23:43:18.806+0000] {processor.py:914} INFO - Processing file /home/airflow/.local/lib/python3.12/site-packages/airflow/example_dags/example_branch_operator.py for tasks to queue
[2024-09-24T23:43:18.810+0000] {logging_mixin.py:190} INFO - [2024-09-24T23:43:18.809+0000] {dagbag.py:588} INFO - Filling up the DagBag from /home/airflow/.local/lib/python3.12/site-packages/airflow/example_dags/example_branch_operator.py
[2024-09-24T23:43:18.854+0000] {processor.py:925} INFO - DAG(s) 'example_branch_operator' retrieved from /home/airflow/.local/lib/python3.12/site-packages/airflow/example_dags/example_branch_operator.py
[2024-09-24T23:43:18.935+0000] {logging_mixin.py:190} INFO - [2024-09-24T23:43:18.934+0000] {dag.py:3239} INFO - Sync 1 DAGs
[2024-09-24T23:43:19.019+0000] {logging_mixin.py:190} INFO - [2024-09-24T23:43:19.018+0000] {dag.py:4180} INFO - Setting next_dagrun for example_branch_operator to 2024-09-23 00:00:00+00:00, run_after=2024-09-24 00:00:00+00:00
[2024-09-24T23:43:19.081+0000] {processor.py:208} INFO - Processing /home/airflow/.local/lib/python3.12/site-packages/airflow/example_dags/example_branch_operator.py took 0.288 seconds
[2024-09-24T23:43:49.658+0000] {processor.py:186} INFO - Started process (PID=3400) to work on /home/airflow/.local/lib/python3.12/site-packages/airflow/example_dags/example_branch_operator.py
[2024-09-24T23:43:49.660+0000] {processor.py:914} INFO - Processing file /home/airflow/.local/lib/python3.12/site-packages/airflow/example_dags/example_branch_operator.py for tasks to queue
[2024-09-24T23:43:49.666+0000] {logging_mixin.py:190} INFO - [2024-09-24T23:43:49.665+0000] {dagbag.py:588} INFO - Filling up the DagBag from /home/airflow/.local/lib/python3.12/site-packages/airflow/example_dags/example_branch_operator.py
[2024-09-24T23:43:49.723+0000] {processor.py:925} INFO - DAG(s) 'example_branch_operator' retrieved from /home/airflow/.local/lib/python3.12/site-packages/airflow/example_dags/example_branch_operator.py
[2024-09-24T23:43:49.805+0000] {logging_mixin.py:190} INFO - [2024-09-24T23:43:49.804+0000] {dag.py:3239} INFO - Sync 1 DAGs
[2024-09-24T23:43:49.869+0000] {logging_mixin.py:190} INFO - [2024-09-24T23:43:49.868+0000] {dag.py:4180} INFO - Setting next_dagrun for example_branch_operator to 2024-09-23 00:00:00+00:00, run_after=2024-09-24 00:00:00+00:00
[2024-09-24T23:43:49.923+0000] {processor.py:208} INFO - Processing /home/airflow/.local/lib/python3.12/site-packages/airflow/example_dags/example_branch_operator.py took 0.280 seconds
[2024-09-24T23:44:20.288+0000] {processor.py:186} INFO - Started process (PID=3691) to work on /home/airflow/.local/lib/python3.12/site-packages/airflow/example_dags/example_branch_operator.py
[2024-09-24T23:44:20.291+0000] {processor.py:914} INFO - Processing file /home/airflow/.local/lib/python3.12/site-packages/airflow/example_dags/example_branch_operator.py for tasks to queue
[2024-09-24T23:44:20.297+0000] {logging_mixin.py:190} INFO - [2024-09-24T23:44:20.296+0000] {dagbag.py:588} INFO - Filling up the DagBag from /home/airflow/.local/lib/python3.12/site-packages/airflow/example_dags/example_branch_operator.py
[2024-09-24T23:44:20.351+0000] {processor.py:925} INFO - DAG(s) 'example_branch_operator' retrieved from /home/airflow/.local/lib/python3.12/site-packages/airflow/example_dags/example_branch_operator.py
[2024-09-24T23:44:20.418+0000] {logging_mixin.py:190} INFO - [2024-09-24T23:44:20.417+0000] {dag.py:3239} INFO - Sync 1 DAGs
[2024-09-24T23:44:20.476+0000] {logging_mixin.py:190} INFO - [2024-09-24T23:44:20.475+0000] {dag.py:4180} INFO - Setting next_dagrun for example_branch_operator to 2024-09-23 00:00:00+00:00, run_after=2024-09-24 00:00:00+00:00
[2024-09-24T23:44:20.524+0000] {processor.py:208} INFO - Processing /home/airflow/.local/lib/python3.12/site-packages/airflow/example_dags/example_branch_operator.py took 0.252 seconds
[2024-09-24T23:44:50.736+0000] {processor.py:186} INFO - Started process (PID=3967) to work on /home/airflow/.local/lib/python3.12/site-packages/airflow/example_dags/example_branch_operator.py
[2024-09-24T23:44:50.739+0000] {processor.py:914} INFO - Processing file /home/airflow/.local/lib/python3.12/site-packages/airflow/example_dags/example_branch_operator.py for tasks to queue
[2024-09-24T23:44:50.747+0000] {logging_mixin.py:190} INFO - [2024-09-24T23:44:50.746+0000] {dagbag.py:588} INFO - Filling up the DagBag from /home/airflow/.local/lib/python3.12/site-packages/airflow/example_dags/example_branch_operator.py
[2024-09-24T23:44:50.801+0000] {processor.py:925} INFO - DAG(s) 'example_branch_operator' retrieved from /home/airflow/.local/lib/python3.12/site-packages/airflow/example_dags/example_branch_operator.py
[2024-09-24T23:44:50.880+0000] {logging_mixin.py:190} INFO - [2024-09-24T23:44:50.880+0000] {dag.py:3239} INFO - Sync 1 DAGs
[2024-09-24T23:44:50.975+0000] {logging_mixin.py:190} INFO - [2024-09-24T23:44:50.974+0000] {dag.py:4180} INFO - Setting next_dagrun for example_branch_operator to 2024-09-23 00:00:00+00:00, run_after=2024-09-24 00:00:00+00:00
[2024-09-24T23:44:51.048+0000] {processor.py:208} INFO - Processing /home/airflow/.local/lib/python3.12/site-packages/airflow/example_dags/example_branch_operator.py took 0.331 seconds
[2024-09-24T23:45:21.257+0000] {processor.py:186} INFO - Started process (PID=4258) to work on /home/airflow/.local/lib/python3.12/site-packages/airflow/example_dags/example_branch_operator.py
[2024-09-24T23:45:21.259+0000] {processor.py:914} INFO - Processing file /home/airflow/.local/lib/python3.12/site-packages/airflow/example_dags/example_branch_operator.py for tasks to queue
[2024-09-24T23:45:21.263+0000] {logging_mixin.py:190} INFO - [2024-09-24T23:45:21.263+0000] {dagbag.py:588} INFO - Filling up the DagBag from /home/airflow/.local/lib/python3.12/site-packages/airflow/example_dags/example_branch_operator.py
[2024-09-24T23:45:21.299+0000] {processor.py:925} INFO - DAG(s) 'example_branch_operator' retrieved from /home/airflow/.local/lib/python3.12/site-packages/airflow/example_dags/example_branch_operator.py
[2024-09-24T23:45:21.356+0000] {logging_mixin.py:190} INFO - [2024-09-24T23:45:21.356+0000] {dag.py:3239} INFO - Sync 1 DAGs
[2024-09-24T23:45:21.395+0000] {logging_mixin.py:190} INFO - [2024-09-24T23:45:21.394+0000] {dag.py:4180} INFO - Setting next_dagrun for example_branch_operator to 2024-09-23 00:00:00+00:00, run_after=2024-09-24 00:00:00+00:00
[2024-09-24T23:45:21.433+0000] {processor.py:208} INFO - Processing /home/airflow/.local/lib/python3.12/site-packages/airflow/example_dags/example_branch_operator.py took 0.186 seconds
[2024-09-24T23:45:52.018+0000] {processor.py:186} INFO - Started process (PID=4539) to work on /home/airflow/.local/lib/python3.12/site-packages/airflow/example_dags/example_branch_operator.py
[2024-09-24T23:45:52.020+0000] {processor.py:914} INFO - Processing file /home/airflow/.local/lib/python3.12/site-packages/airflow/example_dags/example_branch_operator.py for tasks to queue
[2024-09-24T23:45:52.025+0000] {logging_mixin.py:190} INFO - [2024-09-24T23:45:52.024+0000] {dagbag.py:588} INFO - Filling up the DagBag from /home/airflow/.local/lib/python3.12/site-packages/airflow/example_dags/example_branch_operator.py
[2024-09-24T23:45:52.074+0000] {processor.py:925} INFO - DAG(s) 'example_branch_operator' retrieved from /home/airflow/.local/lib/python3.12/site-packages/airflow/example_dags/example_branch_operator.py
[2024-09-24T23:45:52.214+0000] {logging_mixin.py:190} INFO - [2024-09-24T23:45:52.204+0000] {dag.py:3239} INFO - Sync 1 DAGs
[2024-09-24T23:45:52.316+0000] {logging_mixin.py:190} INFO - [2024-09-24T23:45:52.316+0000] {dag.py:4180} INFO - Setting next_dagrun for example_branch_operator to 2024-09-23 00:00:00+00:00, run_after=2024-09-24 00:00:00+00:00
[2024-09-24T23:45:52.369+0000] {processor.py:208} INFO - Processing /home/airflow/.local/lib/python3.12/site-packages/airflow/example_dags/example_branch_operator.py took 0.363 seconds
[2024-09-24T23:46:22.697+0000] {processor.py:186} INFO - Started process (PID=4825) to work on /home/airflow/.local/lib/python3.12/site-packages/airflow/example_dags/example_branch_operator.py
[2024-09-24T23:46:22.699+0000] {processor.py:914} INFO - Processing file /home/airflow/.local/lib/python3.12/site-packages/airflow/example_dags/example_branch_operator.py for tasks to queue
[2024-09-24T23:46:22.704+0000] {logging_mixin.py:190} INFO - [2024-09-24T23:46:22.703+0000] {dagbag.py:588} INFO - Filling up the DagBag from /home/airflow/.local/lib/python3.12/site-packages/airflow/example_dags/example_branch_operator.py
[2024-09-24T23:46:22.745+0000] {processor.py:925} INFO - DAG(s) 'example_branch_operator' retrieved from /home/airflow/.local/lib/python3.12/site-packages/airflow/example_dags/example_branch_operator.py
[2024-09-24T23:46:22.831+0000] {logging_mixin.py:190} INFO - [2024-09-24T23:46:22.831+0000] {dag.py:3239} INFO - Sync 1 DAGs
[2024-09-24T23:46:22.934+0000] {logging_mixin.py:190} INFO - [2024-09-24T23:46:22.932+0000] {dag.py:4180} INFO - Setting next_dagrun for example_branch_operator to 2024-09-23 00:00:00+00:00, run_after=2024-09-24 00:00:00+00:00
[2024-09-24T23:46:23.009+0000] {processor.py:208} INFO - Processing /home/airflow/.local/lib/python3.12/site-packages/airflow/example_dags/example_branch_operator.py took 0.323 seconds
[2024-09-24T23:46:53.862+0000] {processor.py:186} INFO - Started process (PID=5111) to work on /home/airflow/.local/lib/python3.12/site-packages/airflow/example_dags/example_branch_operator.py
[2024-09-24T23:46:53.867+0000] {processor.py:914} INFO - Processing file /home/airflow/.local/lib/python3.12/site-packages/airflow/example_dags/example_branch_operator.py for tasks to queue
[2024-09-24T23:46:53.884+0000] {logging_mixin.py:190} INFO - [2024-09-24T23:46:53.874+0000] {dagbag.py:588} INFO - Filling up the DagBag from /home/airflow/.local/lib/python3.12/site-packages/airflow/example_dags/example_branch_operator.py
[2024-09-24T23:46:54.000+0000] {processor.py:925} INFO - DAG(s) 'example_branch_operator' retrieved from /home/airflow/.local/lib/python3.12/site-packages/airflow/example_dags/example_branch_operator.py
[2024-09-24T23:46:54.235+0000] {logging_mixin.py:190} INFO - [2024-09-24T23:46:54.234+0000] {dag.py:3239} INFO - Sync 1 DAGs
[2024-09-24T23:46:54.487+0000] {logging_mixin.py:190} INFO - [2024-09-24T23:46:54.481+0000] {dag.py:4180} INFO - Setting next_dagrun for example_branch_operator to 2024-09-23 00:00:00+00:00, run_after=2024-09-24 00:00:00+00:00
[2024-09-24T23:46:54.582+0000] {processor.py:208} INFO - Processing /home/airflow/.local/lib/python3.12/site-packages/airflow/example_dags/example_branch_operator.py took 0.745 seconds
[2024-09-24T23:47:25.056+0000] {processor.py:186} INFO - Started process (PID=5397) to work on /home/airflow/.local/lib/python3.12/site-packages/airflow/example_dags/example_branch_operator.py
[2024-09-24T23:47:25.059+0000] {processor.py:914} INFO - Processing file /home/airflow/.local/lib/python3.12/site-packages/airflow/example_dags/example_branch_operator.py for tasks to queue
[2024-09-24T23:47:25.066+0000] {logging_mixin.py:190} INFO - [2024-09-24T23:47:25.065+0000] {dagbag.py:588} INFO - Filling up the DagBag from /home/airflow/.local/lib/python3.12/site-packages/airflow/example_dags/example_branch_operator.py
[2024-09-24T23:47:25.117+0000] {processor.py:925} INFO - DAG(s) 'example_branch_operator' retrieved from /home/airflow/.local/lib/python3.12/site-packages/airflow/example_dags/example_branch_operator.py
[2024-09-24T23:47:25.217+0000] {logging_mixin.py:190} INFO - [2024-09-24T23:47:25.216+0000] {dag.py:3239} INFO - Sync 1 DAGs
[2024-09-24T23:47:25.294+0000] {logging_mixin.py:190} INFO - [2024-09-24T23:47:25.293+0000] {dag.py:4180} INFO - Setting next_dagrun for example_branch_operator to 2024-09-23 00:00:00+00:00, run_after=2024-09-24 00:00:00+00:00
[2024-09-24T23:47:25.346+0000] {processor.py:208} INFO - Processing /home/airflow/.local/lib/python3.12/site-packages/airflow/example_dags/example_branch_operator.py took 0.304 seconds
[2024-09-24T23:47:55.967+0000] {processor.py:186} INFO - Started process (PID=5683) to work on /home/airflow/.local/lib/python3.12/site-packages/airflow/example_dags/example_branch_operator.py
[2024-09-24T23:47:55.968+0000] {processor.py:914} INFO - Processing file /home/airflow/.local/lib/python3.12/site-packages/airflow/example_dags/example_branch_operator.py for tasks to queue
[2024-09-24T23:47:55.973+0000] {logging_mixin.py:190} INFO - [2024-09-24T23:47:55.972+0000] {dagbag.py:588} INFO - Filling up the DagBag from /home/airflow/.local/lib/python3.12/site-packages/airflow/example_dags/example_branch_operator.py
[2024-09-24T23:47:56.009+0000] {processor.py:925} INFO - DAG(s) 'example_branch_operator' retrieved from /home/airflow/.local/lib/python3.12/site-packages/airflow/example_dags/example_branch_operator.py
[2024-09-24T23:47:56.070+0000] {logging_mixin.py:190} INFO - [2024-09-24T23:47:56.069+0000] {dag.py:3239} INFO - Sync 1 DAGs
[2024-09-24T23:47:56.125+0000] {logging_mixin.py:190} INFO - [2024-09-24T23:47:56.125+0000] {dag.py:4180} INFO - Setting next_dagrun for example_branch_operator to 2024-09-23 00:00:00+00:00, run_after=2024-09-24 00:00:00+00:00
[2024-09-24T23:47:56.171+0000] {processor.py:208} INFO - Processing /home/airflow/.local/lib/python3.12/site-packages/airflow/example_dags/example_branch_operator.py took 0.213 seconds
[2024-09-24T23:48:26.547+0000] {processor.py:186} INFO - Started process (PID=5969) to work on /home/airflow/.local/lib/python3.12/site-packages/airflow/example_dags/example_branch_operator.py
[2024-09-24T23:48:26.549+0000] {processor.py:914} INFO - Processing file /home/airflow/.local/lib/python3.12/site-packages/airflow/example_dags/example_branch_operator.py for tasks to queue
[2024-09-24T23:48:26.554+0000] {logging_mixin.py:190} INFO - [2024-09-24T23:48:26.553+0000] {dagbag.py:588} INFO - Filling up the DagBag from /home/airflow/.local/lib/python3.12/site-packages/airflow/example_dags/example_branch_operator.py
[2024-09-24T23:48:26.590+0000] {processor.py:925} INFO - DAG(s) 'example_branch_operator' retrieved from /home/airflow/.local/lib/python3.12/site-packages/airflow/example_dags/example_branch_operator.py
[2024-09-24T23:48:26.653+0000] {logging_mixin.py:190} INFO - [2024-09-24T23:48:26.653+0000] {dag.py:3239} INFO - Sync 1 DAGs
[2024-09-24T23:48:26.708+0000] {logging_mixin.py:190} INFO - [2024-09-24T23:48:26.707+0000] {dag.py:4180} INFO - Setting next_dagrun for example_branch_operator to 2024-09-23 00:00:00+00:00, run_after=2024-09-24 00:00:00+00:00
[2024-09-24T23:48:26.750+0000] {processor.py:208} INFO - Processing /home/airflow/.local/lib/python3.12/site-packages/airflow/example_dags/example_branch_operator.py took 0.216 seconds
[2024-09-24T23:48:57.002+0000] {processor.py:186} INFO - Started process (PID=6253) to work on /home/airflow/.local/lib/python3.12/site-packages/airflow/example_dags/example_branch_operator.py
[2024-09-24T23:48:57.005+0000] {processor.py:914} INFO - Processing file /home/airflow/.local/lib/python3.12/site-packages/airflow/example_dags/example_branch_operator.py for tasks to queue
[2024-09-24T23:48:57.016+0000] {logging_mixin.py:190} INFO - [2024-09-24T23:48:57.015+0000] {dagbag.py:588} INFO - Filling up the DagBag from /home/airflow/.local/lib/python3.12/site-packages/airflow/example_dags/example_branch_operator.py
[2024-09-24T23:48:57.089+0000] {processor.py:925} INFO - DAG(s) 'example_branch_operator' retrieved from /home/airflow/.local/lib/python3.12/site-packages/airflow/example_dags/example_branch_operator.py
[2024-09-24T23:48:57.184+0000] {logging_mixin.py:190} INFO - [2024-09-24T23:48:57.183+0000] {dag.py:3239} INFO - Sync 1 DAGs
[2024-09-24T23:48:57.281+0000] {logging_mixin.py:190} INFO - [2024-09-24T23:48:57.280+0000] {dag.py:4180} INFO - Setting next_dagrun for example_branch_operator to 2024-09-23 00:00:00+00:00, run_after=2024-09-24 00:00:00+00:00
[2024-09-24T23:48:57.369+0000] {processor.py:208} INFO - Processing /home/airflow/.local/lib/python3.12/site-packages/airflow/example_dags/example_branch_operator.py took 0.390 seconds
[2024-09-24T23:49:27.761+0000] {processor.py:186} INFO - Started process (PID=6529) to work on /home/airflow/.local/lib/python3.12/site-packages/airflow/example_dags/example_branch_operator.py
[2024-09-24T23:49:27.765+0000] {processor.py:914} INFO - Processing file /home/airflow/.local/lib/python3.12/site-packages/airflow/example_dags/example_branch_operator.py for tasks to queue
[2024-09-24T23:49:27.771+0000] {logging_mixin.py:190} INFO - [2024-09-24T23:49:27.771+0000] {dagbag.py:588} INFO - Filling up the DagBag from /home/airflow/.local/lib/python3.12/site-packages/airflow/example_dags/example_branch_operator.py
[2024-09-24T23:49:27.857+0000] {processor.py:925} INFO - DAG(s) 'example_branch_operator' retrieved from /home/airflow/.local/lib/python3.12/site-packages/airflow/example_dags/example_branch_operator.py
[2024-09-24T23:49:27.962+0000] {logging_mixin.py:190} INFO - [2024-09-24T23:49:27.961+0000] {dag.py:3239} INFO - Sync 1 DAGs
[2024-09-24T23:49:28.060+0000] {logging_mixin.py:190} INFO - [2024-09-24T23:49:28.060+0000] {dag.py:4180} INFO - Setting next_dagrun for example_branch_operator to 2024-09-23 00:00:00+00:00, run_after=2024-09-24 00:00:00+00:00
[2024-09-24T23:49:28.128+0000] {processor.py:208} INFO - Processing /home/airflow/.local/lib/python3.12/site-packages/airflow/example_dags/example_branch_operator.py took 0.384 seconds
[2024-09-24T23:49:58.648+0000] {processor.py:186} INFO - Started process (PID=6817) to work on /home/airflow/.local/lib/python3.12/site-packages/airflow/example_dags/example_branch_operator.py
[2024-09-24T23:49:58.651+0000] {processor.py:914} INFO - Processing file /home/airflow/.local/lib/python3.12/site-packages/airflow/example_dags/example_branch_operator.py for tasks to queue
[2024-09-24T23:49:58.656+0000] {logging_mixin.py:190} INFO - [2024-09-24T23:49:58.655+0000] {dagbag.py:588} INFO - Filling up the DagBag from /home/airflow/.local/lib/python3.12/site-packages/airflow/example_dags/example_branch_operator.py
[2024-09-24T23:49:58.698+0000] {processor.py:925} INFO - DAG(s) 'example_branch_operator' retrieved from /home/airflow/.local/lib/python3.12/site-packages/airflow/example_dags/example_branch_operator.py
[2024-09-24T23:49:58.784+0000] {logging_mixin.py:190} INFO - [2024-09-24T23:49:58.784+0000] {dag.py:3239} INFO - Sync 1 DAGs
[2024-09-24T23:49:58.842+0000] {logging_mixin.py:190} INFO - [2024-09-24T23:49:58.841+0000] {dag.py:4180} INFO - Setting next_dagrun for example_branch_operator to 2024-09-23 00:00:00+00:00, run_after=2024-09-24 00:00:00+00:00
[2024-09-24T23:49:58.894+0000] {processor.py:208} INFO - Processing /home/airflow/.local/lib/python3.12/site-packages/airflow/example_dags/example_branch_operator.py took 0.258 seconds
[2024-09-24T23:50:29.600+0000] {processor.py:186} INFO - Started process (PID=7103) to work on /home/airflow/.local/lib/python3.12/site-packages/airflow/example_dags/example_branch_operator.py
[2024-09-24T23:50:29.604+0000] {processor.py:914} INFO - Processing file /home/airflow/.local/lib/python3.12/site-packages/airflow/example_dags/example_branch_operator.py for tasks to queue
[2024-09-24T23:50:29.611+0000] {logging_mixin.py:190} INFO - [2024-09-24T23:50:29.609+0000] {dagbag.py:588} INFO - Filling up the DagBag from /home/airflow/.local/lib/python3.12/site-packages/airflow/example_dags/example_branch_operator.py
[2024-09-24T23:50:29.657+0000] {processor.py:925} INFO - DAG(s) 'example_branch_operator' retrieved from /home/airflow/.local/lib/python3.12/site-packages/airflow/example_dags/example_branch_operator.py
[2024-09-24T23:50:29.733+0000] {logging_mixin.py:190} INFO - [2024-09-24T23:50:29.733+0000] {dag.py:3239} INFO - Sync 1 DAGs
[2024-09-24T23:50:29.806+0000] {logging_mixin.py:190} INFO - [2024-09-24T23:50:29.805+0000] {dag.py:4180} INFO - Setting next_dagrun for example_branch_operator to 2024-09-23 00:00:00+00:00, run_after=2024-09-24 00:00:00+00:00
[2024-09-24T23:50:29.860+0000] {processor.py:208} INFO - Processing /home/airflow/.local/lib/python3.12/site-packages/airflow/example_dags/example_branch_operator.py took 0.274 seconds
[2024-09-24T23:51:00.842+0000] {processor.py:186} INFO - Started process (PID=7389) to work on /home/airflow/.local/lib/python3.12/site-packages/airflow/example_dags/example_branch_operator.py
[2024-09-24T23:51:00.845+0000] {processor.py:914} INFO - Processing file /home/airflow/.local/lib/python3.12/site-packages/airflow/example_dags/example_branch_operator.py for tasks to queue
[2024-09-24T23:51:00.851+0000] {logging_mixin.py:190} INFO - [2024-09-24T23:51:00.850+0000] {dagbag.py:588} INFO - Filling up the DagBag from /home/airflow/.local/lib/python3.12/site-packages/airflow/example_dags/example_branch_operator.py
[2024-09-24T23:51:00.936+0000] {processor.py:925} INFO - DAG(s) 'example_branch_operator' retrieved from /home/airflow/.local/lib/python3.12/site-packages/airflow/example_dags/example_branch_operator.py
[2024-09-24T23:51:01.035+0000] {logging_mixin.py:190} INFO - [2024-09-24T23:51:01.035+0000] {dag.py:3239} INFO - Sync 1 DAGs
[2024-09-24T23:51:01.117+0000] {logging_mixin.py:190} INFO - [2024-09-24T23:51:01.116+0000] {dag.py:4180} INFO - Setting next_dagrun for example_branch_operator to 2024-09-23 00:00:00+00:00, run_after=2024-09-24 00:00:00+00:00
[2024-09-24T23:51:01.173+0000] {processor.py:208} INFO - Processing /home/airflow/.local/lib/python3.12/site-packages/airflow/example_dags/example_branch_operator.py took 0.344 seconds
[2024-09-24T23:51:31.306+0000] {processor.py:186} INFO - Started process (PID=7675) to work on /home/airflow/.local/lib/python3.12/site-packages/airflow/example_dags/example_branch_operator.py
[2024-09-24T23:51:31.308+0000] {processor.py:914} INFO - Processing file /home/airflow/.local/lib/python3.12/site-packages/airflow/example_dags/example_branch_operator.py for tasks to queue
[2024-09-24T23:51:31.313+0000] {logging_mixin.py:190} INFO - [2024-09-24T23:51:31.312+0000] {dagbag.py:588} INFO - Filling up the DagBag from /home/airflow/.local/lib/python3.12/site-packages/airflow/example_dags/example_branch_operator.py
[2024-09-24T23:51:31.358+0000] {processor.py:925} INFO - DAG(s) 'example_branch_operator' retrieved from /home/airflow/.local/lib/python3.12/site-packages/airflow/example_dags/example_branch_operator.py
[2024-09-24T23:51:31.422+0000] {logging_mixin.py:190} INFO - [2024-09-24T23:51:31.421+0000] {dag.py:3239} INFO - Sync 1 DAGs
[2024-09-24T23:51:31.480+0000] {logging_mixin.py:190} INFO - [2024-09-24T23:51:31.480+0000] {dag.py:4180} INFO - Setting next_dagrun for example_branch_operator to 2024-09-23 00:00:00+00:00, run_after=2024-09-24 00:00:00+00:00
[2024-09-24T23:51:31.528+0000] {processor.py:208} INFO - Processing /home/airflow/.local/lib/python3.12/site-packages/airflow/example_dags/example_branch_operator.py took 0.236 seconds
[2024-09-24T23:52:01.870+0000] {processor.py:186} INFO - Started process (PID=7961) to work on /home/airflow/.local/lib/python3.12/site-packages/airflow/example_dags/example_branch_operator.py
[2024-09-24T23:52:01.872+0000] {processor.py:914} INFO - Processing file /home/airflow/.local/lib/python3.12/site-packages/airflow/example_dags/example_branch_operator.py for tasks to queue
[2024-09-24T23:52:01.876+0000] {logging_mixin.py:190} INFO - [2024-09-24T23:52:01.875+0000] {dagbag.py:588} INFO - Filling up the DagBag from /home/airflow/.local/lib/python3.12/site-packages/airflow/example_dags/example_branch_operator.py
[2024-09-24T23:52:01.915+0000] {processor.py:925} INFO - DAG(s) 'example_branch_operator' retrieved from /home/airflow/.local/lib/python3.12/site-packages/airflow/example_dags/example_branch_operator.py
[2024-09-24T23:52:01.968+0000] {logging_mixin.py:190} INFO - [2024-09-24T23:52:01.967+0000] {dag.py:3239} INFO - Sync 1 DAGs
[2024-09-24T23:52:02.017+0000] {logging_mixin.py:190} INFO - [2024-09-24T23:52:02.016+0000] {dag.py:4180} INFO - Setting next_dagrun for example_branch_operator to 2024-09-23 00:00:00+00:00, run_after=2024-09-24 00:00:00+00:00
[2024-09-24T23:52:02.060+0000] {processor.py:208} INFO - Processing /home/airflow/.local/lib/python3.12/site-packages/airflow/example_dags/example_branch_operator.py took 0.201 seconds
[2024-09-24T23:52:32.673+0000] {processor.py:186} INFO - Started process (PID=8248) to work on /home/airflow/.local/lib/python3.12/site-packages/airflow/example_dags/example_branch_operator.py
[2024-09-24T23:52:32.675+0000] {processor.py:914} INFO - Processing file /home/airflow/.local/lib/python3.12/site-packages/airflow/example_dags/example_branch_operator.py for tasks to queue
[2024-09-24T23:52:32.680+0000] {logging_mixin.py:190} INFO - [2024-09-24T23:52:32.679+0000] {dagbag.py:588} INFO - Filling up the DagBag from /home/airflow/.local/lib/python3.12/site-packages/airflow/example_dags/example_branch_operator.py
[2024-09-24T23:52:32.735+0000] {processor.py:925} INFO - DAG(s) 'example_branch_operator' retrieved from /home/airflow/.local/lib/python3.12/site-packages/airflow/example_dags/example_branch_operator.py
[2024-09-24T23:52:32.807+0000] {logging_mixin.py:190} INFO - [2024-09-24T23:52:32.806+0000] {dag.py:3239} INFO - Sync 1 DAGs
[2024-09-24T23:52:32.872+0000] {logging_mixin.py:190} INFO - [2024-09-24T23:52:32.871+0000] {dag.py:4180} INFO - Setting next_dagrun for example_branch_operator to 2024-09-23 00:00:00+00:00, run_after=2024-09-24 00:00:00+00:00
[2024-09-24T23:52:32.932+0000] {processor.py:208} INFO - Processing /home/airflow/.local/lib/python3.12/site-packages/airflow/example_dags/example_branch_operator.py took 0.277 seconds
[2024-09-24T23:53:03.162+0000] {processor.py:186} INFO - Started process (PID=8539) to work on /home/airflow/.local/lib/python3.12/site-packages/airflow/example_dags/example_branch_operator.py
[2024-09-24T23:53:03.164+0000] {processor.py:914} INFO - Processing file /home/airflow/.local/lib/python3.12/site-packages/airflow/example_dags/example_branch_operator.py for tasks to queue
[2024-09-24T23:53:03.169+0000] {logging_mixin.py:190} INFO - [2024-09-24T23:53:03.168+0000] {dagbag.py:588} INFO - Filling up the DagBag from /home/airflow/.local/lib/python3.12/site-packages/airflow/example_dags/example_branch_operator.py
[2024-09-24T23:53:03.204+0000] {processor.py:925} INFO - DAG(s) 'example_branch_operator' retrieved from /home/airflow/.local/lib/python3.12/site-packages/airflow/example_dags/example_branch_operator.py
[2024-09-24T23:53:03.270+0000] {logging_mixin.py:190} INFO - [2024-09-24T23:53:03.269+0000] {dag.py:3239} INFO - Sync 1 DAGs
[2024-09-24T23:53:03.324+0000] {logging_mixin.py:190} INFO - [2024-09-24T23:53:03.324+0000] {dag.py:4180} INFO - Setting next_dagrun for example_branch_operator to 2024-09-23 00:00:00+00:00, run_after=2024-09-24 00:00:00+00:00
[2024-09-24T23:53:03.372+0000] {processor.py:208} INFO - Processing /home/airflow/.local/lib/python3.12/site-packages/airflow/example_dags/example_branch_operator.py took 0.223 seconds
[2024-09-24T23:53:33.552+0000] {processor.py:186} INFO - Started process (PID=8826) to work on /home/airflow/.local/lib/python3.12/site-packages/airflow/example_dags/example_branch_operator.py
[2024-09-24T23:53:33.554+0000] {processor.py:914} INFO - Processing file /home/airflow/.local/lib/python3.12/site-packages/airflow/example_dags/example_branch_operator.py for tasks to queue
[2024-09-24T23:53:33.558+0000] {logging_mixin.py:190} INFO - [2024-09-24T23:53:33.557+0000] {dagbag.py:588} INFO - Filling up the DagBag from /home/airflow/.local/lib/python3.12/site-packages/airflow/example_dags/example_branch_operator.py
[2024-09-24T23:53:33.592+0000] {processor.py:925} INFO - DAG(s) 'example_branch_operator' retrieved from /home/airflow/.local/lib/python3.12/site-packages/airflow/example_dags/example_branch_operator.py
[2024-09-24T23:53:33.651+0000] {logging_mixin.py:190} INFO - [2024-09-24T23:53:33.651+0000] {dag.py:3239} INFO - Sync 1 DAGs
[2024-09-24T23:53:33.717+0000] {logging_mixin.py:190} INFO - [2024-09-24T23:53:33.716+0000] {dag.py:4180} INFO - Setting next_dagrun for example_branch_operator to 2024-09-23 00:00:00+00:00, run_after=2024-09-24 00:00:00+00:00
[2024-09-24T23:53:33.770+0000] {processor.py:208} INFO - Processing /home/airflow/.local/lib/python3.12/site-packages/airflow/example_dags/example_branch_operator.py took 0.231 seconds
[2024-09-24T23:54:04.156+0000] {processor.py:186} INFO - Started process (PID=9112) to work on /home/airflow/.local/lib/python3.12/site-packages/airflow/example_dags/example_branch_operator.py
[2024-09-24T23:54:04.157+0000] {processor.py:914} INFO - Processing file /home/airflow/.local/lib/python3.12/site-packages/airflow/example_dags/example_branch_operator.py for tasks to queue
[2024-09-24T23:54:04.161+0000] {logging_mixin.py:190} INFO - [2024-09-24T23:54:04.161+0000] {dagbag.py:588} INFO - Filling up the DagBag from /home/airflow/.local/lib/python3.12/site-packages/airflow/example_dags/example_branch_operator.py
[2024-09-24T23:54:04.204+0000] {processor.py:925} INFO - DAG(s) 'example_branch_operator' retrieved from /home/airflow/.local/lib/python3.12/site-packages/airflow/example_dags/example_branch_operator.py
[2024-09-24T23:54:04.268+0000] {logging_mixin.py:190} INFO - [2024-09-24T23:54:04.267+0000] {dag.py:3239} INFO - Sync 1 DAGs
[2024-09-24T23:54:04.322+0000] {logging_mixin.py:190} INFO - [2024-09-24T23:54:04.321+0000] {dag.py:4180} INFO - Setting next_dagrun for example_branch_operator to 2024-09-23 00:00:00+00:00, run_after=2024-09-24 00:00:00+00:00
[2024-09-24T23:54:04.365+0000] {processor.py:208} INFO - Processing /home/airflow/.local/lib/python3.12/site-packages/airflow/example_dags/example_branch_operator.py took 0.220 seconds
[2024-09-24T23:54:34.864+0000] {processor.py:186} INFO - Started process (PID=9398) to work on /home/airflow/.local/lib/python3.12/site-packages/airflow/example_dags/example_branch_operator.py
[2024-09-24T23:54:34.866+0000] {processor.py:914} INFO - Processing file /home/airflow/.local/lib/python3.12/site-packages/airflow/example_dags/example_branch_operator.py for tasks to queue
[2024-09-24T23:54:34.871+0000] {logging_mixin.py:190} INFO - [2024-09-24T23:54:34.870+0000] {dagbag.py:588} INFO - Filling up the DagBag from /home/airflow/.local/lib/python3.12/site-packages/airflow/example_dags/example_branch_operator.py
[2024-09-24T23:54:34.907+0000] {processor.py:925} INFO - DAG(s) 'example_branch_operator' retrieved from /home/airflow/.local/lib/python3.12/site-packages/airflow/example_dags/example_branch_operator.py
[2024-09-24T23:54:34.983+0000] {logging_mixin.py:190} INFO - [2024-09-24T23:54:34.982+0000] {dag.py:3239} INFO - Sync 1 DAGs
[2024-09-24T23:54:35.048+0000] {logging_mixin.py:190} INFO - [2024-09-24T23:54:35.047+0000] {dag.py:4180} INFO - Setting next_dagrun for example_branch_operator to 2024-09-23 00:00:00+00:00, run_after=2024-09-24 00:00:00+00:00
[2024-09-24T23:54:35.099+0000] {processor.py:208} INFO - Processing /home/airflow/.local/lib/python3.12/site-packages/airflow/example_dags/example_branch_operator.py took 0.247 seconds
[2024-09-24T23:55:05.373+0000] {processor.py:186} INFO - Started process (PID=9684) to work on /home/airflow/.local/lib/python3.12/site-packages/airflow/example_dags/example_branch_operator.py
[2024-09-24T23:55:05.376+0000] {processor.py:914} INFO - Processing file /home/airflow/.local/lib/python3.12/site-packages/airflow/example_dags/example_branch_operator.py for tasks to queue
[2024-09-24T23:55:05.383+0000] {logging_mixin.py:190} INFO - [2024-09-24T23:55:05.383+0000] {dagbag.py:588} INFO - Filling up the DagBag from /home/airflow/.local/lib/python3.12/site-packages/airflow/example_dags/example_branch_operator.py
[2024-09-24T23:55:05.470+0000] {processor.py:925} INFO - DAG(s) 'example_branch_operator' retrieved from /home/airflow/.local/lib/python3.12/site-packages/airflow/example_dags/example_branch_operator.py
[2024-09-24T23:55:05.635+0000] {logging_mixin.py:190} INFO - [2024-09-24T23:55:05.633+0000] {dag.py:3239} INFO - Sync 1 DAGs
[2024-09-24T23:55:05.814+0000] {logging_mixin.py:190} INFO - [2024-09-24T23:55:05.813+0000] {dag.py:4180} INFO - Setting next_dagrun for example_branch_operator to 2024-09-23 00:00:00+00:00, run_after=2024-09-24 00:00:00+00:00
[2024-09-24T23:55:05.898+0000] {processor.py:208} INFO - Processing /home/airflow/.local/lib/python3.12/site-packages/airflow/example_dags/example_branch_operator.py took 0.546 seconds
[2024-09-24T23:55:36.875+0000] {processor.py:186} INFO - Started process (PID=9968) to work on /home/airflow/.local/lib/python3.12/site-packages/airflow/example_dags/example_branch_operator.py
[2024-09-24T23:55:36.878+0000] {processor.py:914} INFO - Processing file /home/airflow/.local/lib/python3.12/site-packages/airflow/example_dags/example_branch_operator.py for tasks to queue
[2024-09-24T23:55:36.882+0000] {logging_mixin.py:190} INFO - [2024-09-24T23:55:36.882+0000] {dagbag.py:588} INFO - Filling up the DagBag from /home/airflow/.local/lib/python3.12/site-packages/airflow/example_dags/example_branch_operator.py
[2024-09-24T23:55:36.920+0000] {processor.py:925} INFO - DAG(s) 'example_branch_operator' retrieved from /home/airflow/.local/lib/python3.12/site-packages/airflow/example_dags/example_branch_operator.py
[2024-09-24T23:55:36.980+0000] {logging_mixin.py:190} INFO - [2024-09-24T23:55:36.980+0000] {dag.py:3239} INFO - Sync 1 DAGs
[2024-09-24T23:55:37.053+0000] {logging_mixin.py:190} INFO - [2024-09-24T23:55:37.052+0000] {dag.py:4180} INFO - Setting next_dagrun for example_branch_operator to 2024-09-23 00:00:00+00:00, run_after=2024-09-24 00:00:00+00:00
[2024-09-24T23:55:37.110+0000] {processor.py:208} INFO - Processing /home/airflow/.local/lib/python3.12/site-packages/airflow/example_dags/example_branch_operator.py took 0.248 seconds
[2024-09-24T23:56:07.473+0000] {processor.py:186} INFO - Started process (PID=10251) to work on /home/airflow/.local/lib/python3.12/site-packages/airflow/example_dags/example_branch_operator.py
[2024-09-24T23:56:07.476+0000] {processor.py:914} INFO - Processing file /home/airflow/.local/lib/python3.12/site-packages/airflow/example_dags/example_branch_operator.py for tasks to queue
[2024-09-24T23:56:07.484+0000] {logging_mixin.py:190} INFO - [2024-09-24T23:56:07.483+0000] {dagbag.py:588} INFO - Filling up the DagBag from /home/airflow/.local/lib/python3.12/site-packages/airflow/example_dags/example_branch_operator.py
[2024-09-24T23:56:07.568+0000] {processor.py:925} INFO - DAG(s) 'example_branch_operator' retrieved from /home/airflow/.local/lib/python3.12/site-packages/airflow/example_dags/example_branch_operator.py
[2024-09-24T23:56:07.719+0000] {logging_mixin.py:190} INFO - [2024-09-24T23:56:07.719+0000] {dag.py:3239} INFO - Sync 1 DAGs
[2024-09-24T23:56:07.791+0000] {logging_mixin.py:190} INFO - [2024-09-24T23:56:07.790+0000] {dag.py:4180} INFO - Setting next_dagrun for example_branch_operator to 2024-09-23 00:00:00+00:00, run_after=2024-09-24 00:00:00+00:00
[2024-09-24T23:56:07.843+0000] {processor.py:208} INFO - Processing /home/airflow/.local/lib/python3.12/site-packages/airflow/example_dags/example_branch_operator.py took 0.388 seconds
