[2024-09-24T23:37:53.021+0000] {processor.py:186} INFO - Started process (PID=220) to work on /home/airflow/.local/lib/python3.12/site-packages/airflow/example_dags/example_params_ui_tutorial.py
[2024-09-24T23:37:53.024+0000] {processor.py:914} INFO - Processing file /home/airflow/.local/lib/python3.12/site-packages/airflow/example_dags/example_params_ui_tutorial.py for tasks to queue
[2024-09-24T23:37:53.034+0000] {logging_mixin.py:190} INFO - [2024-09-24T23:37:53.033+0000] {dagbag.py:588} INFO - Filling up the DagBag from /home/airflow/.local/lib/python3.12/site-packages/airflow/example_dags/example_params_ui_tutorial.py
[2024-09-24T23:37:53.076+0000] {processor.py:925} INFO - DAG(s) 'example_params_ui_tutorial' retrieved from /home/airflow/.local/lib/python3.12/site-packages/airflow/example_dags/example_params_ui_tutorial.py
[2024-09-24T23:37:54.129+0000] {logging_mixin.py:190} INFO - [2024-09-24T23:37:54.128+0000] {override.py:1900} INFO - Created Permission View: can edit on DAG:example_params_ui_tutorial
[2024-09-24T23:37:54.204+0000] {logging_mixin.py:190} INFO - [2024-09-24T23:37:54.203+0000] {override.py:1900} INFO - Created Permission View: can read on DAG:example_params_ui_tutorial
[2024-09-24T23:37:54.253+0000] {logging_mixin.py:190} INFO - [2024-09-24T23:37:54.252+0000] {override.py:1900} INFO - Created Permission View: can delete on DAG:example_params_ui_tutorial
[2024-09-24T23:37:54.302+0000] {logging_mixin.py:190} INFO - [2024-09-24T23:37:54.301+0000] {override.py:1900} INFO - Created Permission View: can read on DAG Run:example_params_ui_tutorial
[2024-09-24T23:37:54.335+0000] {logging_mixin.py:190} INFO - [2024-09-24T23:37:54.334+0000] {override.py:1900} INFO - Created Permission View: menu access on DAG Run:example_params_ui_tutorial
[2024-09-24T23:37:54.394+0000] {logging_mixin.py:190} INFO - [2024-09-24T23:37:54.393+0000] {override.py:1900} INFO - Created Permission View: can delete on DAG Run:example_params_ui_tutorial
[2024-09-24T23:37:54.455+0000] {logging_mixin.py:190} INFO - [2024-09-24T23:37:54.454+0000] {override.py:1900} INFO - Created Permission View: can create on DAG Run:example_params_ui_tutorial
[2024-09-24T23:37:54.458+0000] {logging_mixin.py:190} INFO - [2024-09-24T23:37:54.457+0000] {dag.py:3239} INFO - Sync 1 DAGs
[2024-09-24T23:37:54.519+0000] {logging_mixin.py:190} INFO - [2024-09-24T23:37:54.518+0000] {dag.py:3262} INFO - Creating ORM DAG for example_params_ui_tutorial
[2024-09-24T23:37:54.522+0000] {logging_mixin.py:190} INFO - [2024-09-24T23:37:54.521+0000] {dag.py:4180} INFO - Setting next_dagrun for example_params_ui_tutorial to None, run_after=None
[2024-09-24T23:37:54.604+0000] {processor.py:208} INFO - Processing /home/airflow/.local/lib/python3.12/site-packages/airflow/example_dags/example_params_ui_tutorial.py took 1.605 seconds
[2024-09-24T23:38:34.826+0000] {processor.py:186} INFO - Started process (PID=514) to work on /home/airflow/.local/lib/python3.12/site-packages/airflow/example_dags/example_params_ui_tutorial.py
[2024-09-24T23:38:34.828+0000] {processor.py:914} INFO - Processing file /home/airflow/.local/lib/python3.12/site-packages/airflow/example_dags/example_params_ui_tutorial.py for tasks to queue
[2024-09-24T23:38:34.834+0000] {logging_mixin.py:190} INFO - [2024-09-24T23:38:34.833+0000] {dagbag.py:588} INFO - Filling up the DagBag from /home/airflow/.local/lib/python3.12/site-packages/airflow/example_dags/example_params_ui_tutorial.py
[2024-09-24T23:38:34.854+0000] {processor.py:925} INFO - DAG(s) 'example_params_ui_tutorial' retrieved from /home/airflow/.local/lib/python3.12/site-packages/airflow/example_dags/example_params_ui_tutorial.py
[2024-09-24T23:38:34.978+0000] {logging_mixin.py:190} INFO - [2024-09-24T23:38:34.978+0000] {dag.py:3239} INFO - Sync 1 DAGs
[2024-09-24T23:38:35.017+0000] {logging_mixin.py:190} INFO - [2024-09-24T23:38:35.016+0000] {dag.py:4180} INFO - Setting next_dagrun for example_params_ui_tutorial to None, run_after=None
[2024-09-24T23:38:35.059+0000] {processor.py:208} INFO - Processing /home/airflow/.local/lib/python3.12/site-packages/airflow/example_dags/example_params_ui_tutorial.py took 0.247 seconds
[2024-09-24T23:39:06.223+0000] {processor.py:186} INFO - Started process (PID=797) to work on /home/airflow/.local/lib/python3.12/site-packages/airflow/example_dags/example_params_ui_tutorial.py
[2024-09-24T23:39:06.229+0000] {processor.py:914} INFO - Processing file /home/airflow/.local/lib/python3.12/site-packages/airflow/example_dags/example_params_ui_tutorial.py for tasks to queue
[2024-09-24T23:39:06.238+0000] {logging_mixin.py:190} INFO - [2024-09-24T23:39:06.237+0000] {dagbag.py:588} INFO - Filling up the DagBag from /home/airflow/.local/lib/python3.12/site-packages/airflow/example_dags/example_params_ui_tutorial.py
[2024-09-24T23:39:06.265+0000] {processor.py:925} INFO - DAG(s) 'example_params_ui_tutorial' retrieved from /home/airflow/.local/lib/python3.12/site-packages/airflow/example_dags/example_params_ui_tutorial.py
[2024-09-24T23:39:06.430+0000] {logging_mixin.py:190} INFO - [2024-09-24T23:39:06.429+0000] {dag.py:3239} INFO - Sync 1 DAGs
[2024-09-24T23:39:06.491+0000] {logging_mixin.py:190} INFO - [2024-09-24T23:39:06.491+0000] {dag.py:4180} INFO - Setting next_dagrun for example_params_ui_tutorial to None, run_after=None
[2024-09-24T23:39:06.599+0000] {processor.py:208} INFO - Processing /home/airflow/.local/lib/python3.12/site-packages/airflow/example_dags/example_params_ui_tutorial.py took 0.404 seconds
[2024-09-24T23:39:39.273+0000] {processor.py:186} INFO - Started process (PID=1063) to work on /home/airflow/.local/lib/python3.12/site-packages/airflow/example_dags/example_params_ui_tutorial.py
[2024-09-24T23:39:39.279+0000] {processor.py:914} INFO - Processing file /home/airflow/.local/lib/python3.12/site-packages/airflow/example_dags/example_params_ui_tutorial.py for tasks to queue
[2024-09-24T23:39:39.292+0000] {logging_mixin.py:190} INFO - [2024-09-24T23:39:39.291+0000] {dagbag.py:588} INFO - Filling up the DagBag from /home/airflow/.local/lib/python3.12/site-packages/airflow/example_dags/example_params_ui_tutorial.py
[2024-09-24T23:39:39.325+0000] {processor.py:925} INFO - DAG(s) 'example_params_ui_tutorial' retrieved from /home/airflow/.local/lib/python3.12/site-packages/airflow/example_dags/example_params_ui_tutorial.py
[2024-09-24T23:39:39.504+0000] {logging_mixin.py:190} INFO - [2024-09-24T23:39:39.504+0000] {dag.py:3239} INFO - Sync 1 DAGs
[2024-09-24T23:39:39.552+0000] {logging_mixin.py:190} INFO - [2024-09-24T23:39:39.552+0000] {dag.py:4180} INFO - Setting next_dagrun for example_params_ui_tutorial to None, run_after=None
[2024-09-24T23:39:39.619+0000] {processor.py:208} INFO - Processing /home/airflow/.local/lib/python3.12/site-packages/airflow/example_dags/example_params_ui_tutorial.py took 0.381 seconds
[2024-09-24T23:40:09.929+0000] {processor.py:186} INFO - Started process (PID=1351) to work on /home/airflow/.local/lib/python3.12/site-packages/airflow/example_dags/example_params_ui_tutorial.py
[2024-09-24T23:40:09.932+0000] {processor.py:914} INFO - Processing file /home/airflow/.local/lib/python3.12/site-packages/airflow/example_dags/example_params_ui_tutorial.py for tasks to queue
[2024-09-24T23:40:09.937+0000] {logging_mixin.py:190} INFO - [2024-09-24T23:40:09.937+0000] {dagbag.py:588} INFO - Filling up the DagBag from /home/airflow/.local/lib/python3.12/site-packages/airflow/example_dags/example_params_ui_tutorial.py
[2024-09-24T23:40:09.963+0000] {processor.py:925} INFO - DAG(s) 'example_params_ui_tutorial' retrieved from /home/airflow/.local/lib/python3.12/site-packages/airflow/example_dags/example_params_ui_tutorial.py
[2024-09-24T23:40:10.110+0000] {logging_mixin.py:190} INFO - [2024-09-24T23:40:10.109+0000] {dag.py:3239} INFO - Sync 1 DAGs
[2024-09-24T23:40:10.160+0000] {logging_mixin.py:190} INFO - [2024-09-24T23:40:10.159+0000] {dag.py:4180} INFO - Setting next_dagrun for example_params_ui_tutorial to None, run_after=None
[2024-09-24T23:40:10.223+0000] {processor.py:208} INFO - Processing /home/airflow/.local/lib/python3.12/site-packages/airflow/example_dags/example_params_ui_tutorial.py took 0.312 seconds
[2024-09-24T23:40:41.155+0000] {processor.py:186} INFO - Started process (PID=1638) to work on /home/airflow/.local/lib/python3.12/site-packages/airflow/example_dags/example_params_ui_tutorial.py
[2024-09-24T23:40:41.163+0000] {processor.py:914} INFO - Processing file /home/airflow/.local/lib/python3.12/site-packages/airflow/example_dags/example_params_ui_tutorial.py for tasks to queue
[2024-09-24T23:40:41.170+0000] {logging_mixin.py:190} INFO - [2024-09-24T23:40:41.169+0000] {dagbag.py:588} INFO - Filling up the DagBag from /home/airflow/.local/lib/python3.12/site-packages/airflow/example_dags/example_params_ui_tutorial.py
[2024-09-24T23:40:41.214+0000] {processor.py:925} INFO - DAG(s) 'example_params_ui_tutorial' retrieved from /home/airflow/.local/lib/python3.12/site-packages/airflow/example_dags/example_params_ui_tutorial.py
[2024-09-24T23:40:41.394+0000] {logging_mixin.py:190} INFO - [2024-09-24T23:40:41.394+0000] {dag.py:3239} INFO - Sync 1 DAGs
[2024-09-24T23:40:41.446+0000] {logging_mixin.py:190} INFO - [2024-09-24T23:40:41.446+0000] {dag.py:4180} INFO - Setting next_dagrun for example_params_ui_tutorial to None, run_after=None
[2024-09-24T23:40:41.507+0000] {processor.py:208} INFO - Processing /home/airflow/.local/lib/python3.12/site-packages/airflow/example_dags/example_params_ui_tutorial.py took 0.380 seconds
[2024-09-24T23:41:11.907+0000] {processor.py:186} INFO - Started process (PID=1925) to work on /home/airflow/.local/lib/python3.12/site-packages/airflow/example_dags/example_params_ui_tutorial.py
[2024-09-24T23:41:11.909+0000] {processor.py:914} INFO - Processing file /home/airflow/.local/lib/python3.12/site-packages/airflow/example_dags/example_params_ui_tutorial.py for tasks to queue
[2024-09-24T23:41:11.915+0000] {logging_mixin.py:190} INFO - [2024-09-24T23:41:11.914+0000] {dagbag.py:588} INFO - Filling up the DagBag from /home/airflow/.local/lib/python3.12/site-packages/airflow/example_dags/example_params_ui_tutorial.py
[2024-09-24T23:41:11.940+0000] {processor.py:925} INFO - DAG(s) 'example_params_ui_tutorial' retrieved from /home/airflow/.local/lib/python3.12/site-packages/airflow/example_dags/example_params_ui_tutorial.py
[2024-09-24T23:41:12.084+0000] {logging_mixin.py:190} INFO - [2024-09-24T23:41:12.083+0000] {dag.py:3239} INFO - Sync 1 DAGs
[2024-09-24T23:41:12.137+0000] {logging_mixin.py:190} INFO - [2024-09-24T23:41:12.136+0000] {dag.py:4180} INFO - Setting next_dagrun for example_params_ui_tutorial to None, run_after=None
[2024-09-24T23:41:12.194+0000] {processor.py:208} INFO - Processing /home/airflow/.local/lib/python3.12/site-packages/airflow/example_dags/example_params_ui_tutorial.py took 0.303 seconds
[2024-09-24T23:41:42.581+0000] {processor.py:186} INFO - Started process (PID=2204) to work on /home/airflow/.local/lib/python3.12/site-packages/airflow/example_dags/example_params_ui_tutorial.py
[2024-09-24T23:41:42.584+0000] {processor.py:914} INFO - Processing file /home/airflow/.local/lib/python3.12/site-packages/airflow/example_dags/example_params_ui_tutorial.py for tasks to queue
[2024-09-24T23:41:42.592+0000] {logging_mixin.py:190} INFO - [2024-09-24T23:41:42.591+0000] {dagbag.py:588} INFO - Filling up the DagBag from /home/airflow/.local/lib/python3.12/site-packages/airflow/example_dags/example_params_ui_tutorial.py
[2024-09-24T23:41:42.617+0000] {processor.py:925} INFO - DAG(s) 'example_params_ui_tutorial' retrieved from /home/airflow/.local/lib/python3.12/site-packages/airflow/example_dags/example_params_ui_tutorial.py
[2024-09-24T23:41:42.790+0000] {logging_mixin.py:190} INFO - [2024-09-24T23:41:42.790+0000] {dag.py:3239} INFO - Sync 1 DAGs
[2024-09-24T23:41:42.851+0000] {logging_mixin.py:190} INFO - [2024-09-24T23:41:42.850+0000] {dag.py:4180} INFO - Setting next_dagrun for example_params_ui_tutorial to None, run_after=None
[2024-09-24T23:41:42.915+0000] {processor.py:208} INFO - Processing /home/airflow/.local/lib/python3.12/site-packages/airflow/example_dags/example_params_ui_tutorial.py took 0.347 seconds
[2024-09-24T23:42:13.515+0000] {processor.py:186} INFO - Started process (PID=2490) to work on /home/airflow/.local/lib/python3.12/site-packages/airflow/example_dags/example_params_ui_tutorial.py
[2024-09-24T23:42:13.518+0000] {processor.py:914} INFO - Processing file /home/airflow/.local/lib/python3.12/site-packages/airflow/example_dags/example_params_ui_tutorial.py for tasks to queue
[2024-09-24T23:42:13.524+0000] {logging_mixin.py:190} INFO - [2024-09-24T23:42:13.523+0000] {dagbag.py:588} INFO - Filling up the DagBag from /home/airflow/.local/lib/python3.12/site-packages/airflow/example_dags/example_params_ui_tutorial.py
[2024-09-24T23:42:13.551+0000] {processor.py:925} INFO - DAG(s) 'example_params_ui_tutorial' retrieved from /home/airflow/.local/lib/python3.12/site-packages/airflow/example_dags/example_params_ui_tutorial.py
[2024-09-24T23:42:13.696+0000] {logging_mixin.py:190} INFO - [2024-09-24T23:42:13.696+0000] {dag.py:3239} INFO - Sync 1 DAGs
[2024-09-24T23:42:13.755+0000] {logging_mixin.py:190} INFO - [2024-09-24T23:42:13.755+0000] {dag.py:4180} INFO - Setting next_dagrun for example_params_ui_tutorial to None, run_after=None
[2024-09-24T23:42:13.828+0000] {processor.py:208} INFO - Processing /home/airflow/.local/lib/python3.12/site-packages/airflow/example_dags/example_params_ui_tutorial.py took 0.326 seconds
[2024-09-24T23:42:44.170+0000] {processor.py:186} INFO - Started process (PID=2776) to work on /home/airflow/.local/lib/python3.12/site-packages/airflow/example_dags/example_params_ui_tutorial.py
[2024-09-24T23:42:44.172+0000] {processor.py:914} INFO - Processing file /home/airflow/.local/lib/python3.12/site-packages/airflow/example_dags/example_params_ui_tutorial.py for tasks to queue
[2024-09-24T23:42:44.176+0000] {logging_mixin.py:190} INFO - [2024-09-24T23:42:44.175+0000] {dagbag.py:588} INFO - Filling up the DagBag from /home/airflow/.local/lib/python3.12/site-packages/airflow/example_dags/example_params_ui_tutorial.py
[2024-09-24T23:42:44.217+0000] {processor.py:925} INFO - DAG(s) 'example_params_ui_tutorial' retrieved from /home/airflow/.local/lib/python3.12/site-packages/airflow/example_dags/example_params_ui_tutorial.py
[2024-09-24T23:42:44.314+0000] {logging_mixin.py:190} INFO - [2024-09-24T23:42:44.314+0000] {dag.py:3239} INFO - Sync 1 DAGs
[2024-09-24T23:42:44.345+0000] {logging_mixin.py:190} INFO - [2024-09-24T23:42:44.344+0000] {dag.py:4180} INFO - Setting next_dagrun for example_params_ui_tutorial to None, run_after=None
[2024-09-24T23:42:44.386+0000] {processor.py:208} INFO - Processing /home/airflow/.local/lib/python3.12/site-packages/airflow/example_dags/example_params_ui_tutorial.py took 0.225 seconds
[2024-09-24T23:43:14.847+0000] {processor.py:186} INFO - Started process (PID=3062) to work on /home/airflow/.local/lib/python3.12/site-packages/airflow/example_dags/example_params_ui_tutorial.py
[2024-09-24T23:43:14.850+0000] {processor.py:914} INFO - Processing file /home/airflow/.local/lib/python3.12/site-packages/airflow/example_dags/example_params_ui_tutorial.py for tasks to queue
[2024-09-24T23:43:14.855+0000] {logging_mixin.py:190} INFO - [2024-09-24T23:43:14.854+0000] {dagbag.py:588} INFO - Filling up the DagBag from /home/airflow/.local/lib/python3.12/site-packages/airflow/example_dags/example_params_ui_tutorial.py
[2024-09-24T23:43:14.880+0000] {processor.py:925} INFO - DAG(s) 'example_params_ui_tutorial' retrieved from /home/airflow/.local/lib/python3.12/site-packages/airflow/example_dags/example_params_ui_tutorial.py
[2024-09-24T23:43:15.074+0000] {logging_mixin.py:190} INFO - [2024-09-24T23:43:15.073+0000] {dag.py:3239} INFO - Sync 1 DAGs
[2024-09-24T23:43:15.125+0000] {logging_mixin.py:190} INFO - [2024-09-24T23:43:15.123+0000] {dag.py:4180} INFO - Setting next_dagrun for example_params_ui_tutorial to None, run_after=None
[2024-09-24T23:43:15.204+0000] {processor.py:208} INFO - Processing /home/airflow/.local/lib/python3.12/site-packages/airflow/example_dags/example_params_ui_tutorial.py took 0.367 seconds
[2024-09-24T23:43:45.921+0000] {processor.py:186} INFO - Started process (PID=3348) to work on /home/airflow/.local/lib/python3.12/site-packages/airflow/example_dags/example_params_ui_tutorial.py
[2024-09-24T23:43:45.933+0000] {processor.py:914} INFO - Processing file /home/airflow/.local/lib/python3.12/site-packages/airflow/example_dags/example_params_ui_tutorial.py for tasks to queue
[2024-09-24T23:43:45.939+0000] {logging_mixin.py:190} INFO - [2024-09-24T23:43:45.938+0000] {dagbag.py:588} INFO - Filling up the DagBag from /home/airflow/.local/lib/python3.12/site-packages/airflow/example_dags/example_params_ui_tutorial.py
[2024-09-24T23:43:46.001+0000] {processor.py:925} INFO - DAG(s) 'example_params_ui_tutorial' retrieved from /home/airflow/.local/lib/python3.12/site-packages/airflow/example_dags/example_params_ui_tutorial.py
[2024-09-24T23:43:46.251+0000] {logging_mixin.py:190} INFO - [2024-09-24T23:43:46.250+0000] {dag.py:3239} INFO - Sync 1 DAGs
[2024-09-24T23:43:46.338+0000] {logging_mixin.py:190} INFO - [2024-09-24T23:43:46.338+0000] {dag.py:4180} INFO - Setting next_dagrun for example_params_ui_tutorial to None, run_after=None
[2024-09-24T23:43:46.462+0000] {processor.py:208} INFO - Processing /home/airflow/.local/lib/python3.12/site-packages/airflow/example_dags/example_params_ui_tutorial.py took 0.563 seconds
[2024-09-24T23:44:16.739+0000] {processor.py:186} INFO - Started process (PID=3634) to work on /home/airflow/.local/lib/python3.12/site-packages/airflow/example_dags/example_params_ui_tutorial.py
[2024-09-24T23:44:16.742+0000] {processor.py:914} INFO - Processing file /home/airflow/.local/lib/python3.12/site-packages/airflow/example_dags/example_params_ui_tutorial.py for tasks to queue
[2024-09-24T23:44:16.747+0000] {logging_mixin.py:190} INFO - [2024-09-24T23:44:16.746+0000] {dagbag.py:588} INFO - Filling up the DagBag from /home/airflow/.local/lib/python3.12/site-packages/airflow/example_dags/example_params_ui_tutorial.py
[2024-09-24T23:44:16.763+0000] {processor.py:925} INFO - DAG(s) 'example_params_ui_tutorial' retrieved from /home/airflow/.local/lib/python3.12/site-packages/airflow/example_dags/example_params_ui_tutorial.py
[2024-09-24T23:44:16.893+0000] {logging_mixin.py:190} INFO - [2024-09-24T23:44:16.892+0000] {dag.py:3239} INFO - Sync 1 DAGs
[2024-09-24T23:44:16.938+0000] {logging_mixin.py:190} INFO - [2024-09-24T23:44:16.937+0000] {dag.py:4180} INFO - Setting next_dagrun for example_params_ui_tutorial to None, run_after=None
[2024-09-24T23:44:17.003+0000] {processor.py:208} INFO - Processing /home/airflow/.local/lib/python3.12/site-packages/airflow/example_dags/example_params_ui_tutorial.py took 0.278 seconds
[2024-09-24T23:44:47.919+0000] {processor.py:186} INFO - Started process (PID=3920) to work on /home/airflow/.local/lib/python3.12/site-packages/airflow/example_dags/example_params_ui_tutorial.py
[2024-09-24T23:44:47.922+0000] {processor.py:914} INFO - Processing file /home/airflow/.local/lib/python3.12/site-packages/airflow/example_dags/example_params_ui_tutorial.py for tasks to queue
[2024-09-24T23:44:47.927+0000] {logging_mixin.py:190} INFO - [2024-09-24T23:44:47.927+0000] {dagbag.py:588} INFO - Filling up the DagBag from /home/airflow/.local/lib/python3.12/site-packages/airflow/example_dags/example_params_ui_tutorial.py
[2024-09-24T23:44:47.948+0000] {processor.py:925} INFO - DAG(s) 'example_params_ui_tutorial' retrieved from /home/airflow/.local/lib/python3.12/site-packages/airflow/example_dags/example_params_ui_tutorial.py
[2024-09-24T23:44:48.085+0000] {logging_mixin.py:190} INFO - [2024-09-24T23:44:48.085+0000] {dag.py:3239} INFO - Sync 1 DAGs
[2024-09-24T23:44:48.130+0000] {logging_mixin.py:190} INFO - [2024-09-24T23:44:48.129+0000] {dag.py:4180} INFO - Setting next_dagrun for example_params_ui_tutorial to None, run_after=None
[2024-09-24T23:44:48.208+0000] {processor.py:208} INFO - Processing /home/airflow/.local/lib/python3.12/site-packages/airflow/example_dags/example_params_ui_tutorial.py took 0.308 seconds
[2024-09-24T23:45:18.793+0000] {processor.py:186} INFO - Started process (PID=4206) to work on /home/airflow/.local/lib/python3.12/site-packages/airflow/example_dags/example_params_ui_tutorial.py
[2024-09-24T23:45:18.796+0000] {processor.py:914} INFO - Processing file /home/airflow/.local/lib/python3.12/site-packages/airflow/example_dags/example_params_ui_tutorial.py for tasks to queue
[2024-09-24T23:45:18.801+0000] {logging_mixin.py:190} INFO - [2024-09-24T23:45:18.800+0000] {dagbag.py:588} INFO - Filling up the DagBag from /home/airflow/.local/lib/python3.12/site-packages/airflow/example_dags/example_params_ui_tutorial.py
[2024-09-24T23:45:18.825+0000] {processor.py:925} INFO - DAG(s) 'example_params_ui_tutorial' retrieved from /home/airflow/.local/lib/python3.12/site-packages/airflow/example_dags/example_params_ui_tutorial.py
[2024-09-24T23:45:18.964+0000] {logging_mixin.py:190} INFO - [2024-09-24T23:45:18.963+0000] {dag.py:3239} INFO - Sync 1 DAGs
[2024-09-24T23:45:19.009+0000] {logging_mixin.py:190} INFO - [2024-09-24T23:45:19.009+0000] {dag.py:4180} INFO - Setting next_dagrun for example_params_ui_tutorial to None, run_after=None
[2024-09-24T23:45:19.065+0000] {processor.py:208} INFO - Processing /home/airflow/.local/lib/python3.12/site-packages/airflow/example_dags/example_params_ui_tutorial.py took 0.283 seconds
[2024-09-24T23:45:49.416+0000] {processor.py:186} INFO - Started process (PID=4492) to work on /home/airflow/.local/lib/python3.12/site-packages/airflow/example_dags/example_params_ui_tutorial.py
[2024-09-24T23:45:49.419+0000] {processor.py:914} INFO - Processing file /home/airflow/.local/lib/python3.12/site-packages/airflow/example_dags/example_params_ui_tutorial.py for tasks to queue
[2024-09-24T23:45:49.423+0000] {logging_mixin.py:190} INFO - [2024-09-24T23:45:49.422+0000] {dagbag.py:588} INFO - Filling up the DagBag from /home/airflow/.local/lib/python3.12/site-packages/airflow/example_dags/example_params_ui_tutorial.py
[2024-09-24T23:45:49.440+0000] {processor.py:925} INFO - DAG(s) 'example_params_ui_tutorial' retrieved from /home/airflow/.local/lib/python3.12/site-packages/airflow/example_dags/example_params_ui_tutorial.py
[2024-09-24T23:45:49.532+0000] {logging_mixin.py:190} INFO - [2024-09-24T23:45:49.532+0000] {dag.py:3239} INFO - Sync 1 DAGs
[2024-09-24T23:45:49.560+0000] {logging_mixin.py:190} INFO - [2024-09-24T23:45:49.560+0000] {dag.py:4180} INFO - Setting next_dagrun for example_params_ui_tutorial to None, run_after=None
[2024-09-24T23:45:49.608+0000] {processor.py:208} INFO - Processing /home/airflow/.local/lib/python3.12/site-packages/airflow/example_dags/example_params_ui_tutorial.py took 0.203 seconds
[2024-09-24T23:46:19.933+0000] {processor.py:186} INFO - Started process (PID=4778) to work on /home/airflow/.local/lib/python3.12/site-packages/airflow/example_dags/example_params_ui_tutorial.py
[2024-09-24T23:46:19.935+0000] {processor.py:914} INFO - Processing file /home/airflow/.local/lib/python3.12/site-packages/airflow/example_dags/example_params_ui_tutorial.py for tasks to queue
[2024-09-24T23:46:19.940+0000] {logging_mixin.py:190} INFO - [2024-09-24T23:46:19.939+0000] {dagbag.py:588} INFO - Filling up the DagBag from /home/airflow/.local/lib/python3.12/site-packages/airflow/example_dags/example_params_ui_tutorial.py
[2024-09-24T23:46:19.960+0000] {processor.py:925} INFO - DAG(s) 'example_params_ui_tutorial' retrieved from /home/airflow/.local/lib/python3.12/site-packages/airflow/example_dags/example_params_ui_tutorial.py
[2024-09-24T23:46:20.097+0000] {logging_mixin.py:190} INFO - [2024-09-24T23:46:20.096+0000] {dag.py:3239} INFO - Sync 1 DAGs
[2024-09-24T23:46:20.164+0000] {logging_mixin.py:190} INFO - [2024-09-24T23:46:20.164+0000] {dag.py:4180} INFO - Setting next_dagrun for example_params_ui_tutorial to None, run_after=None
[2024-09-24T23:46:20.240+0000] {processor.py:208} INFO - Processing /home/airflow/.local/lib/python3.12/site-packages/airflow/example_dags/example_params_ui_tutorial.py took 0.321 seconds
[2024-09-24T23:46:50.906+0000] {processor.py:186} INFO - Started process (PID=5064) to work on /home/airflow/.local/lib/python3.12/site-packages/airflow/example_dags/example_params_ui_tutorial.py
[2024-09-24T23:46:50.910+0000] {processor.py:914} INFO - Processing file /home/airflow/.local/lib/python3.12/site-packages/airflow/example_dags/example_params_ui_tutorial.py for tasks to queue
[2024-09-24T23:46:50.930+0000] {logging_mixin.py:190} INFO - [2024-09-24T23:46:50.925+0000] {dagbag.py:588} INFO - Filling up the DagBag from /home/airflow/.local/lib/python3.12/site-packages/airflow/example_dags/example_params_ui_tutorial.py
[2024-09-24T23:46:50.997+0000] {processor.py:925} INFO - DAG(s) 'example_params_ui_tutorial' retrieved from /home/airflow/.local/lib/python3.12/site-packages/airflow/example_dags/example_params_ui_tutorial.py
[2024-09-24T23:46:51.204+0000] {logging_mixin.py:190} INFO - [2024-09-24T23:46:51.204+0000] {dag.py:3239} INFO - Sync 1 DAGs
[2024-09-24T23:46:51.262+0000] {logging_mixin.py:190} INFO - [2024-09-24T23:46:51.261+0000] {dag.py:4180} INFO - Setting next_dagrun for example_params_ui_tutorial to None, run_after=None
[2024-09-24T23:46:51.331+0000] {processor.py:208} INFO - Processing /home/airflow/.local/lib/python3.12/site-packages/airflow/example_dags/example_params_ui_tutorial.py took 0.500 seconds
[2024-09-24T23:47:21.817+0000] {processor.py:186} INFO - Started process (PID=5350) to work on /home/airflow/.local/lib/python3.12/site-packages/airflow/example_dags/example_params_ui_tutorial.py
[2024-09-24T23:47:21.819+0000] {processor.py:914} INFO - Processing file /home/airflow/.local/lib/python3.12/site-packages/airflow/example_dags/example_params_ui_tutorial.py for tasks to queue
[2024-09-24T23:47:21.824+0000] {logging_mixin.py:190} INFO - [2024-09-24T23:47:21.823+0000] {dagbag.py:588} INFO - Filling up the DagBag from /home/airflow/.local/lib/python3.12/site-packages/airflow/example_dags/example_params_ui_tutorial.py
[2024-09-24T23:47:21.840+0000] {processor.py:925} INFO - DAG(s) 'example_params_ui_tutorial' retrieved from /home/airflow/.local/lib/python3.12/site-packages/airflow/example_dags/example_params_ui_tutorial.py
[2024-09-24T23:47:21.963+0000] {logging_mixin.py:190} INFO - [2024-09-24T23:47:21.963+0000] {dag.py:3239} INFO - Sync 1 DAGs
[2024-09-24T23:47:21.999+0000] {logging_mixin.py:190} INFO - [2024-09-24T23:47:21.999+0000] {dag.py:4180} INFO - Setting next_dagrun for example_params_ui_tutorial to None, run_after=None
[2024-09-24T23:47:22.048+0000] {processor.py:208} INFO - Processing /home/airflow/.local/lib/python3.12/site-packages/airflow/example_dags/example_params_ui_tutorial.py took 0.242 seconds
[2024-09-24T23:47:52.740+0000] {processor.py:186} INFO - Started process (PID=5636) to work on /home/airflow/.local/lib/python3.12/site-packages/airflow/example_dags/example_params_ui_tutorial.py
[2024-09-24T23:47:52.743+0000] {processor.py:914} INFO - Processing file /home/airflow/.local/lib/python3.12/site-packages/airflow/example_dags/example_params_ui_tutorial.py for tasks to queue
[2024-09-24T23:47:52.751+0000] {logging_mixin.py:190} INFO - [2024-09-24T23:47:52.750+0000] {dagbag.py:588} INFO - Filling up the DagBag from /home/airflow/.local/lib/python3.12/site-packages/airflow/example_dags/example_params_ui_tutorial.py
[2024-09-24T23:47:52.782+0000] {processor.py:925} INFO - DAG(s) 'example_params_ui_tutorial' retrieved from /home/airflow/.local/lib/python3.12/site-packages/airflow/example_dags/example_params_ui_tutorial.py
[2024-09-24T23:47:52.910+0000] {logging_mixin.py:190} INFO - [2024-09-24T23:47:52.909+0000] {dag.py:3239} INFO - Sync 1 DAGs
[2024-09-24T23:47:52.958+0000] {logging_mixin.py:190} INFO - [2024-09-24T23:47:52.957+0000] {dag.py:4180} INFO - Setting next_dagrun for example_params_ui_tutorial to None, run_after=None
[2024-09-24T23:47:53.023+0000] {processor.py:208} INFO - Processing /home/airflow/.local/lib/python3.12/site-packages/airflow/example_dags/example_params_ui_tutorial.py took 0.299 seconds
[2024-09-24T23:48:23.323+0000] {processor.py:186} INFO - Started process (PID=5922) to work on /home/airflow/.local/lib/python3.12/site-packages/airflow/example_dags/example_params_ui_tutorial.py
[2024-09-24T23:48:23.324+0000] {processor.py:914} INFO - Processing file /home/airflow/.local/lib/python3.12/site-packages/airflow/example_dags/example_params_ui_tutorial.py for tasks to queue
[2024-09-24T23:48:23.331+0000] {logging_mixin.py:190} INFO - [2024-09-24T23:48:23.329+0000] {dagbag.py:588} INFO - Filling up the DagBag from /home/airflow/.local/lib/python3.12/site-packages/airflow/example_dags/example_params_ui_tutorial.py
[2024-09-24T23:48:23.351+0000] {processor.py:925} INFO - DAG(s) 'example_params_ui_tutorial' retrieved from /home/airflow/.local/lib/python3.12/site-packages/airflow/example_dags/example_params_ui_tutorial.py
[2024-09-24T23:48:23.480+0000] {logging_mixin.py:190} INFO - [2024-09-24T23:48:23.480+0000] {dag.py:3239} INFO - Sync 1 DAGs
[2024-09-24T23:48:23.520+0000] {logging_mixin.py:190} INFO - [2024-09-24T23:48:23.520+0000] {dag.py:4180} INFO - Setting next_dagrun for example_params_ui_tutorial to None, run_after=None
[2024-09-24T23:48:23.568+0000] {processor.py:208} INFO - Processing /home/airflow/.local/lib/python3.12/site-packages/airflow/example_dags/example_params_ui_tutorial.py took 0.255 seconds
[2024-09-24T23:48:54.282+0000] {processor.py:186} INFO - Started process (PID=6208) to work on /home/airflow/.local/lib/python3.12/site-packages/airflow/example_dags/example_params_ui_tutorial.py
[2024-09-24T23:48:54.284+0000] {processor.py:914} INFO - Processing file /home/airflow/.local/lib/python3.12/site-packages/airflow/example_dags/example_params_ui_tutorial.py for tasks to queue
[2024-09-24T23:48:54.288+0000] {logging_mixin.py:190} INFO - [2024-09-24T23:48:54.287+0000] {dagbag.py:588} INFO - Filling up the DagBag from /home/airflow/.local/lib/python3.12/site-packages/airflow/example_dags/example_params_ui_tutorial.py
[2024-09-24T23:48:54.309+0000] {processor.py:925} INFO - DAG(s) 'example_params_ui_tutorial' retrieved from /home/airflow/.local/lib/python3.12/site-packages/airflow/example_dags/example_params_ui_tutorial.py
[2024-09-24T23:48:54.436+0000] {logging_mixin.py:190} INFO - [2024-09-24T23:48:54.436+0000] {dag.py:3239} INFO - Sync 1 DAGs
[2024-09-24T23:48:54.482+0000] {logging_mixin.py:190} INFO - [2024-09-24T23:48:54.482+0000] {dag.py:4180} INFO - Setting next_dagrun for example_params_ui_tutorial to None, run_after=None
[2024-09-24T23:48:54.530+0000] {processor.py:208} INFO - Processing /home/airflow/.local/lib/python3.12/site-packages/airflow/example_dags/example_params_ui_tutorial.py took 0.259 seconds
[2024-09-24T23:49:25.263+0000] {processor.py:186} INFO - Started process (PID=6494) to work on /home/airflow/.local/lib/python3.12/site-packages/airflow/example_dags/example_params_ui_tutorial.py
[2024-09-24T23:49:25.266+0000] {processor.py:914} INFO - Processing file /home/airflow/.local/lib/python3.12/site-packages/airflow/example_dags/example_params_ui_tutorial.py for tasks to queue
[2024-09-24T23:49:25.275+0000] {logging_mixin.py:190} INFO - [2024-09-24T23:49:25.274+0000] {dagbag.py:588} INFO - Filling up the DagBag from /home/airflow/.local/lib/python3.12/site-packages/airflow/example_dags/example_params_ui_tutorial.py
[2024-09-24T23:49:25.322+0000] {processor.py:925} INFO - DAG(s) 'example_params_ui_tutorial' retrieved from /home/airflow/.local/lib/python3.12/site-packages/airflow/example_dags/example_params_ui_tutorial.py
[2024-09-24T23:49:25.562+0000] {logging_mixin.py:190} INFO - [2024-09-24T23:49:25.561+0000] {dag.py:3239} INFO - Sync 1 DAGs
[2024-09-24T23:49:25.680+0000] {logging_mixin.py:190} INFO - [2024-09-24T23:49:25.680+0000] {dag.py:4180} INFO - Setting next_dagrun for example_params_ui_tutorial to None, run_after=None
[2024-09-24T23:49:25.768+0000] {processor.py:208} INFO - Processing /home/airflow/.local/lib/python3.12/site-packages/airflow/example_dags/example_params_ui_tutorial.py took 0.528 seconds
[2024-09-24T23:49:56.595+0000] {processor.py:186} INFO - Started process (PID=6780) to work on /home/airflow/.local/lib/python3.12/site-packages/airflow/example_dags/example_params_ui_tutorial.py
[2024-09-24T23:49:56.597+0000] {processor.py:914} INFO - Processing file /home/airflow/.local/lib/python3.12/site-packages/airflow/example_dags/example_params_ui_tutorial.py for tasks to queue
[2024-09-24T23:49:56.602+0000] {logging_mixin.py:190} INFO - [2024-09-24T23:49:56.601+0000] {dagbag.py:588} INFO - Filling up the DagBag from /home/airflow/.local/lib/python3.12/site-packages/airflow/example_dags/example_params_ui_tutorial.py
[2024-09-24T23:49:56.622+0000] {processor.py:925} INFO - DAG(s) 'example_params_ui_tutorial' retrieved from /home/airflow/.local/lib/python3.12/site-packages/airflow/example_dags/example_params_ui_tutorial.py
[2024-09-24T23:49:56.717+0000] {logging_mixin.py:190} INFO - [2024-09-24T23:49:56.716+0000] {dag.py:3239} INFO - Sync 1 DAGs
[2024-09-24T23:49:56.749+0000] {logging_mixin.py:190} INFO - [2024-09-24T23:49:56.748+0000] {dag.py:4180} INFO - Setting next_dagrun for example_params_ui_tutorial to None, run_after=None
[2024-09-24T23:49:56.795+0000] {processor.py:208} INFO - Processing /home/airflow/.local/lib/python3.12/site-packages/airflow/example_dags/example_params_ui_tutorial.py took 0.210 seconds
[2024-09-24T23:50:27.188+0000] {processor.py:186} INFO - Started process (PID=7066) to work on /home/airflow/.local/lib/python3.12/site-packages/airflow/example_dags/example_params_ui_tutorial.py
[2024-09-24T23:50:27.190+0000] {processor.py:914} INFO - Processing file /home/airflow/.local/lib/python3.12/site-packages/airflow/example_dags/example_params_ui_tutorial.py for tasks to queue
[2024-09-24T23:50:27.194+0000] {logging_mixin.py:190} INFO - [2024-09-24T23:50:27.194+0000] {dagbag.py:588} INFO - Filling up the DagBag from /home/airflow/.local/lib/python3.12/site-packages/airflow/example_dags/example_params_ui_tutorial.py
[2024-09-24T23:50:27.214+0000] {processor.py:925} INFO - DAG(s) 'example_params_ui_tutorial' retrieved from /home/airflow/.local/lib/python3.12/site-packages/airflow/example_dags/example_params_ui_tutorial.py
[2024-09-24T23:50:27.310+0000] {logging_mixin.py:190} INFO - [2024-09-24T23:50:27.310+0000] {dag.py:3239} INFO - Sync 1 DAGs
[2024-09-24T23:50:27.352+0000] {logging_mixin.py:190} INFO - [2024-09-24T23:50:27.351+0000] {dag.py:4180} INFO - Setting next_dagrun for example_params_ui_tutorial to None, run_after=None
[2024-09-24T23:50:27.398+0000] {processor.py:208} INFO - Processing /home/airflow/.local/lib/python3.12/site-packages/airflow/example_dags/example_params_ui_tutorial.py took 0.219 seconds
[2024-09-24T23:50:57.585+0000] {processor.py:186} INFO - Started process (PID=7352) to work on /home/airflow/.local/lib/python3.12/site-packages/airflow/example_dags/example_params_ui_tutorial.py
[2024-09-24T23:50:57.587+0000] {processor.py:914} INFO - Processing file /home/airflow/.local/lib/python3.12/site-packages/airflow/example_dags/example_params_ui_tutorial.py for tasks to queue
[2024-09-24T23:50:57.591+0000] {logging_mixin.py:190} INFO - [2024-09-24T23:50:57.591+0000] {dagbag.py:588} INFO - Filling up the DagBag from /home/airflow/.local/lib/python3.12/site-packages/airflow/example_dags/example_params_ui_tutorial.py
[2024-09-24T23:50:57.606+0000] {processor.py:925} INFO - DAG(s) 'example_params_ui_tutorial' retrieved from /home/airflow/.local/lib/python3.12/site-packages/airflow/example_dags/example_params_ui_tutorial.py
[2024-09-24T23:50:57.693+0000] {logging_mixin.py:190} INFO - [2024-09-24T23:50:57.692+0000] {dag.py:3239} INFO - Sync 1 DAGs
[2024-09-24T23:50:57.726+0000] {logging_mixin.py:190} INFO - [2024-09-24T23:50:57.725+0000] {dag.py:4180} INFO - Setting next_dagrun for example_params_ui_tutorial to None, run_after=None
[2024-09-24T23:50:57.775+0000] {processor.py:208} INFO - Processing /home/airflow/.local/lib/python3.12/site-packages/airflow/example_dags/example_params_ui_tutorial.py took 0.200 seconds
[2024-09-24T23:51:28.355+0000] {processor.py:186} INFO - Started process (PID=7638) to work on /home/airflow/.local/lib/python3.12/site-packages/airflow/example_dags/example_params_ui_tutorial.py
[2024-09-24T23:51:28.357+0000] {processor.py:914} INFO - Processing file /home/airflow/.local/lib/python3.12/site-packages/airflow/example_dags/example_params_ui_tutorial.py for tasks to queue
[2024-09-24T23:51:28.361+0000] {logging_mixin.py:190} INFO - [2024-09-24T23:51:28.360+0000] {dagbag.py:588} INFO - Filling up the DagBag from /home/airflow/.local/lib/python3.12/site-packages/airflow/example_dags/example_params_ui_tutorial.py
[2024-09-24T23:51:28.377+0000] {processor.py:925} INFO - DAG(s) 'example_params_ui_tutorial' retrieved from /home/airflow/.local/lib/python3.12/site-packages/airflow/example_dags/example_params_ui_tutorial.py
[2024-09-24T23:51:28.487+0000] {logging_mixin.py:190} INFO - [2024-09-24T23:51:28.486+0000] {dag.py:3239} INFO - Sync 1 DAGs
[2024-09-24T23:51:28.532+0000] {logging_mixin.py:190} INFO - [2024-09-24T23:51:28.531+0000] {dag.py:4180} INFO - Setting next_dagrun for example_params_ui_tutorial to None, run_after=None
[2024-09-24T23:51:28.596+0000] {processor.py:208} INFO - Processing /home/airflow/.local/lib/python3.12/site-packages/airflow/example_dags/example_params_ui_tutorial.py took 0.251 seconds
[2024-09-24T23:51:59.145+0000] {processor.py:186} INFO - Started process (PID=7924) to work on /home/airflow/.local/lib/python3.12/site-packages/airflow/example_dags/example_params_ui_tutorial.py
[2024-09-24T23:51:59.148+0000] {processor.py:914} INFO - Processing file /home/airflow/.local/lib/python3.12/site-packages/airflow/example_dags/example_params_ui_tutorial.py for tasks to queue
[2024-09-24T23:51:59.157+0000] {logging_mixin.py:190} INFO - [2024-09-24T23:51:59.156+0000] {dagbag.py:588} INFO - Filling up the DagBag from /home/airflow/.local/lib/python3.12/site-packages/airflow/example_dags/example_params_ui_tutorial.py
[2024-09-24T23:51:59.191+0000] {processor.py:925} INFO - DAG(s) 'example_params_ui_tutorial' retrieved from /home/airflow/.local/lib/python3.12/site-packages/airflow/example_dags/example_params_ui_tutorial.py
[2024-09-24T23:51:59.365+0000] {logging_mixin.py:190} INFO - [2024-09-24T23:51:59.364+0000] {dag.py:3239} INFO - Sync 1 DAGs
[2024-09-24T23:51:59.449+0000] {logging_mixin.py:190} INFO - [2024-09-24T23:51:59.449+0000] {dag.py:4180} INFO - Setting next_dagrun for example_params_ui_tutorial to None, run_after=None
[2024-09-24T23:51:59.518+0000] {processor.py:208} INFO - Processing /home/airflow/.local/lib/python3.12/site-packages/airflow/example_dags/example_params_ui_tutorial.py took 0.391 seconds
[2024-09-24T23:52:29.784+0000] {processor.py:186} INFO - Started process (PID=8213) to work on /home/airflow/.local/lib/python3.12/site-packages/airflow/example_dags/example_params_ui_tutorial.py
[2024-09-24T23:52:29.786+0000] {processor.py:914} INFO - Processing file /home/airflow/.local/lib/python3.12/site-packages/airflow/example_dags/example_params_ui_tutorial.py for tasks to queue
[2024-09-24T23:52:29.790+0000] {logging_mixin.py:190} INFO - [2024-09-24T23:52:29.789+0000] {dagbag.py:588} INFO - Filling up the DagBag from /home/airflow/.local/lib/python3.12/site-packages/airflow/example_dags/example_params_ui_tutorial.py
[2024-09-24T23:52:29.806+0000] {processor.py:925} INFO - DAG(s) 'example_params_ui_tutorial' retrieved from /home/airflow/.local/lib/python3.12/site-packages/airflow/example_dags/example_params_ui_tutorial.py
[2024-09-24T23:52:29.885+0000] {logging_mixin.py:190} INFO - [2024-09-24T23:52:29.884+0000] {dag.py:3239} INFO - Sync 1 DAGs
[2024-09-24T23:52:29.914+0000] {logging_mixin.py:190} INFO - [2024-09-24T23:52:29.913+0000] {dag.py:4180} INFO - Setting next_dagrun for example_params_ui_tutorial to None, run_after=None
[2024-09-24T23:52:29.950+0000] {processor.py:208} INFO - Processing /home/airflow/.local/lib/python3.12/site-packages/airflow/example_dags/example_params_ui_tutorial.py took 0.176 seconds
[2024-09-24T23:53:00.075+0000] {processor.py:186} INFO - Started process (PID=8499) to work on /home/airflow/.local/lib/python3.12/site-packages/airflow/example_dags/example_params_ui_tutorial.py
[2024-09-24T23:53:00.077+0000] {processor.py:914} INFO - Processing file /home/airflow/.local/lib/python3.12/site-packages/airflow/example_dags/example_params_ui_tutorial.py for tasks to queue
[2024-09-24T23:53:00.081+0000] {logging_mixin.py:190} INFO - [2024-09-24T23:53:00.080+0000] {dagbag.py:588} INFO - Filling up the DagBag from /home/airflow/.local/lib/python3.12/site-packages/airflow/example_dags/example_params_ui_tutorial.py
[2024-09-24T23:53:00.096+0000] {processor.py:925} INFO - DAG(s) 'example_params_ui_tutorial' retrieved from /home/airflow/.local/lib/python3.12/site-packages/airflow/example_dags/example_params_ui_tutorial.py
[2024-09-24T23:53:00.185+0000] {logging_mixin.py:190} INFO - [2024-09-24T23:53:00.185+0000] {dag.py:3239} INFO - Sync 1 DAGs
[2024-09-24T23:53:00.213+0000] {logging_mixin.py:190} INFO - [2024-09-24T23:53:00.212+0000] {dag.py:4180} INFO - Setting next_dagrun for example_params_ui_tutorial to None, run_after=None
[2024-09-24T23:53:00.250+0000] {processor.py:208} INFO - Processing /home/airflow/.local/lib/python3.12/site-packages/airflow/example_dags/example_params_ui_tutorial.py took 0.186 seconds
[2024-09-24T23:53:30.729+0000] {processor.py:186} INFO - Started process (PID=8783) to work on /home/airflow/.local/lib/python3.12/site-packages/airflow/example_dags/example_params_ui_tutorial.py
[2024-09-24T23:53:30.730+0000] {processor.py:914} INFO - Processing file /home/airflow/.local/lib/python3.12/site-packages/airflow/example_dags/example_params_ui_tutorial.py for tasks to queue
[2024-09-24T23:53:30.735+0000] {logging_mixin.py:190} INFO - [2024-09-24T23:53:30.734+0000] {dagbag.py:588} INFO - Filling up the DagBag from /home/airflow/.local/lib/python3.12/site-packages/airflow/example_dags/example_params_ui_tutorial.py
[2024-09-24T23:53:30.751+0000] {processor.py:925} INFO - DAG(s) 'example_params_ui_tutorial' retrieved from /home/airflow/.local/lib/python3.12/site-packages/airflow/example_dags/example_params_ui_tutorial.py
[2024-09-24T23:53:30.830+0000] {logging_mixin.py:190} INFO - [2024-09-24T23:53:30.830+0000] {dag.py:3239} INFO - Sync 1 DAGs
[2024-09-24T23:53:30.859+0000] {logging_mixin.py:190} INFO - [2024-09-24T23:53:30.858+0000] {dag.py:4180} INFO - Setting next_dagrun for example_params_ui_tutorial to None, run_after=None
[2024-09-24T23:53:30.907+0000] {processor.py:208} INFO - Processing /home/airflow/.local/lib/python3.12/site-packages/airflow/example_dags/example_params_ui_tutorial.py took 0.188 seconds
[2024-09-24T23:54:01.292+0000] {processor.py:186} INFO - Started process (PID=9069) to work on /home/airflow/.local/lib/python3.12/site-packages/airflow/example_dags/example_params_ui_tutorial.py
[2024-09-24T23:54:01.294+0000] {processor.py:914} INFO - Processing file /home/airflow/.local/lib/python3.12/site-packages/airflow/example_dags/example_params_ui_tutorial.py for tasks to queue
[2024-09-24T23:54:01.298+0000] {logging_mixin.py:190} INFO - [2024-09-24T23:54:01.297+0000] {dagbag.py:588} INFO - Filling up the DagBag from /home/airflow/.local/lib/python3.12/site-packages/airflow/example_dags/example_params_ui_tutorial.py
[2024-09-24T23:54:01.315+0000] {processor.py:925} INFO - DAG(s) 'example_params_ui_tutorial' retrieved from /home/airflow/.local/lib/python3.12/site-packages/airflow/example_dags/example_params_ui_tutorial.py
[2024-09-24T23:54:01.406+0000] {logging_mixin.py:190} INFO - [2024-09-24T23:54:01.405+0000] {dag.py:3239} INFO - Sync 1 DAGs
[2024-09-24T23:54:01.437+0000] {logging_mixin.py:190} INFO - [2024-09-24T23:54:01.437+0000] {dag.py:4180} INFO - Setting next_dagrun for example_params_ui_tutorial to None, run_after=None
[2024-09-24T23:54:01.483+0000] {processor.py:208} INFO - Processing /home/airflow/.local/lib/python3.12/site-packages/airflow/example_dags/example_params_ui_tutorial.py took 0.200 seconds
[2024-09-24T23:54:32.034+0000] {processor.py:186} INFO - Started process (PID=9355) to work on /home/airflow/.local/lib/python3.12/site-packages/airflow/example_dags/example_params_ui_tutorial.py
[2024-09-24T23:54:32.036+0000] {processor.py:914} INFO - Processing file /home/airflow/.local/lib/python3.12/site-packages/airflow/example_dags/example_params_ui_tutorial.py for tasks to queue
[2024-09-24T23:54:32.042+0000] {logging_mixin.py:190} INFO - [2024-09-24T23:54:32.041+0000] {dagbag.py:588} INFO - Filling up the DagBag from /home/airflow/.local/lib/python3.12/site-packages/airflow/example_dags/example_params_ui_tutorial.py
[2024-09-24T23:54:32.060+0000] {processor.py:925} INFO - DAG(s) 'example_params_ui_tutorial' retrieved from /home/airflow/.local/lib/python3.12/site-packages/airflow/example_dags/example_params_ui_tutorial.py
[2024-09-24T23:54:32.179+0000] {logging_mixin.py:190} INFO - [2024-09-24T23:54:32.178+0000] {dag.py:3239} INFO - Sync 1 DAGs
[2024-09-24T23:54:32.212+0000] {logging_mixin.py:190} INFO - [2024-09-24T23:54:32.212+0000] {dag.py:4180} INFO - Setting next_dagrun for example_params_ui_tutorial to None, run_after=None
[2024-09-24T23:54:32.260+0000] {processor.py:208} INFO - Processing /home/airflow/.local/lib/python3.12/site-packages/airflow/example_dags/example_params_ui_tutorial.py took 0.238 seconds
[2024-09-24T23:55:02.757+0000] {processor.py:186} INFO - Started process (PID=9643) to work on /home/airflow/.local/lib/python3.12/site-packages/airflow/example_dags/example_params_ui_tutorial.py
[2024-09-24T23:55:02.759+0000] {processor.py:914} INFO - Processing file /home/airflow/.local/lib/python3.12/site-packages/airflow/example_dags/example_params_ui_tutorial.py for tasks to queue
[2024-09-24T23:55:02.764+0000] {logging_mixin.py:190} INFO - [2024-09-24T23:55:02.763+0000] {dagbag.py:588} INFO - Filling up the DagBag from /home/airflow/.local/lib/python3.12/site-packages/airflow/example_dags/example_params_ui_tutorial.py
[2024-09-24T23:55:02.781+0000] {processor.py:925} INFO - DAG(s) 'example_params_ui_tutorial' retrieved from /home/airflow/.local/lib/python3.12/site-packages/airflow/example_dags/example_params_ui_tutorial.py
[2024-09-24T23:55:02.937+0000] {logging_mixin.py:190} INFO - [2024-09-24T23:55:02.936+0000] {dag.py:3239} INFO - Sync 1 DAGs
[2024-09-24T23:55:02.996+0000] {logging_mixin.py:190} INFO - [2024-09-24T23:55:02.995+0000] {dag.py:4180} INFO - Setting next_dagrun for example_params_ui_tutorial to None, run_after=None
[2024-09-24T23:55:03.068+0000] {processor.py:208} INFO - Processing /home/airflow/.local/lib/python3.12/site-packages/airflow/example_dags/example_params_ui_tutorial.py took 0.325 seconds
[2024-09-24T23:55:33.537+0000] {processor.py:186} INFO - Started process (PID=9927) to work on /home/airflow/.local/lib/python3.12/site-packages/airflow/example_dags/example_params_ui_tutorial.py
[2024-09-24T23:55:33.543+0000] {processor.py:914} INFO - Processing file /home/airflow/.local/lib/python3.12/site-packages/airflow/example_dags/example_params_ui_tutorial.py for tasks to queue
[2024-09-24T23:55:33.549+0000] {logging_mixin.py:190} INFO - [2024-09-24T23:55:33.548+0000] {dagbag.py:588} INFO - Filling up the DagBag from /home/airflow/.local/lib/python3.12/site-packages/airflow/example_dags/example_params_ui_tutorial.py
[2024-09-24T23:55:33.576+0000] {processor.py:925} INFO - DAG(s) 'example_params_ui_tutorial' retrieved from /home/airflow/.local/lib/python3.12/site-packages/airflow/example_dags/example_params_ui_tutorial.py
[2024-09-24T23:55:33.863+0000] {logging_mixin.py:190} INFO - [2024-09-24T23:55:33.862+0000] {dag.py:3239} INFO - Sync 1 DAGs
[2024-09-24T23:55:33.930+0000] {logging_mixin.py:190} INFO - [2024-09-24T23:55:33.929+0000] {dag.py:4180} INFO - Setting next_dagrun for example_params_ui_tutorial to None, run_after=None
[2024-09-24T23:55:34.014+0000] {processor.py:208} INFO - Processing /home/airflow/.local/lib/python3.12/site-packages/airflow/example_dags/example_params_ui_tutorial.py took 0.490 seconds
[2024-09-24T23:56:04.921+0000] {processor.py:186} INFO - Started process (PID=10216) to work on /home/airflow/.local/lib/python3.12/site-packages/airflow/example_dags/example_params_ui_tutorial.py
[2024-09-24T23:56:04.930+0000] {processor.py:914} INFO - Processing file /home/airflow/.local/lib/python3.12/site-packages/airflow/example_dags/example_params_ui_tutorial.py for tasks to queue
[2024-09-24T23:56:04.937+0000] {logging_mixin.py:190} INFO - [2024-09-24T23:56:04.936+0000] {dagbag.py:588} INFO - Filling up the DagBag from /home/airflow/.local/lib/python3.12/site-packages/airflow/example_dags/example_params_ui_tutorial.py
[2024-09-24T23:56:04.977+0000] {processor.py:925} INFO - DAG(s) 'example_params_ui_tutorial' retrieved from /home/airflow/.local/lib/python3.12/site-packages/airflow/example_dags/example_params_ui_tutorial.py
[2024-09-24T23:56:05.235+0000] {logging_mixin.py:190} INFO - [2024-09-24T23:56:05.234+0000] {dag.py:3239} INFO - Sync 1 DAGs
[2024-09-24T23:56:05.329+0000] {logging_mixin.py:190} INFO - [2024-09-24T23:56:05.328+0000] {dag.py:4180} INFO - Setting next_dagrun for example_params_ui_tutorial to None, run_after=None
[2024-09-24T23:56:05.425+0000] {processor.py:208} INFO - Processing /home/airflow/.local/lib/python3.12/site-packages/airflow/example_dags/example_params_ui_tutorial.py took 0.523 seconds
