[2024-09-24T23:38:03.292+0000] {processor.py:186} INFO - Started process (PID=296) to work on /home/airflow/.local/lib/python3.12/site-packages/airflow/example_dags/example_sensors.py
[2024-09-24T23:38:03.295+0000] {processor.py:914} INFO - Processing file /home/airflow/.local/lib/python3.12/site-packages/airflow/example_dags/example_sensors.py for tasks to queue
[2024-09-24T23:38:03.301+0000] {logging_mixin.py:190} INFO - [2024-09-24T23:38:03.300+0000] {dagbag.py:588} INFO - Filling up the DagBag from /home/airflow/.local/lib/python3.12/site-packages/airflow/example_dags/example_sensors.py
[2024-09-24T23:38:03.343+0000] {processor.py:925} INFO - DAG(s) 'example_sensors' retrieved from /home/airflow/.local/lib/python3.12/site-packages/airflow/example_dags/example_sensors.py
[2024-09-24T23:38:03.937+0000] {logging_mixin.py:190} INFO - [2024-09-24T23:38:03.931+0000] {override.py:1900} INFO - Created Permission View: can edit on DAG:example_sensors
[2024-09-24T23:38:04.027+0000] {logging_mixin.py:190} INFO - [2024-09-24T23:38:04.026+0000] {override.py:1900} INFO - Created Permission View: can read on DAG:example_sensors
[2024-09-24T23:38:04.058+0000] {logging_mixin.py:190} INFO - [2024-09-24T23:38:04.057+0000] {override.py:1900} INFO - Created Permission View: can delete on DAG:example_sensors
[2024-09-24T23:38:04.089+0000] {logging_mixin.py:190} INFO - [2024-09-24T23:38:04.088+0000] {override.py:1900} INFO - Created Permission View: can read on DAG Run:example_sensors
[2024-09-24T23:38:04.113+0000] {logging_mixin.py:190} INFO - [2024-09-24T23:38:04.112+0000] {override.py:1900} INFO - Created Permission View: menu access on DAG Run:example_sensors
[2024-09-24T23:38:04.136+0000] {logging_mixin.py:190} INFO - [2024-09-24T23:38:04.135+0000] {override.py:1900} INFO - Created Permission View: can delete on DAG Run:example_sensors
[2024-09-24T23:38:04.158+0000] {logging_mixin.py:190} INFO - [2024-09-24T23:38:04.157+0000] {override.py:1900} INFO - Created Permission View: can create on DAG Run:example_sensors
[2024-09-24T23:38:04.160+0000] {logging_mixin.py:190} INFO - [2024-09-24T23:38:04.159+0000] {dag.py:3239} INFO - Sync 1 DAGs
[2024-09-24T23:38:04.235+0000] {logging_mixin.py:190} INFO - [2024-09-24T23:38:04.234+0000] {dag.py:3262} INFO - Creating ORM DAG for example_sensors
[2024-09-24T23:38:04.238+0000] {logging_mixin.py:190} INFO - [2024-09-24T23:38:04.237+0000] {dag.py:4180} INFO - Setting next_dagrun for example_sensors to None, run_after=None
[2024-09-24T23:38:04.305+0000] {processor.py:208} INFO - Processing /home/airflow/.local/lib/python3.12/site-packages/airflow/example_dags/example_sensors.py took 1.030 seconds
[2024-09-24T23:38:37.704+0000] {processor.py:186} INFO - Started process (PID=582) to work on /home/airflow/.local/lib/python3.12/site-packages/airflow/example_dags/example_sensors.py
[2024-09-24T23:38:37.706+0000] {processor.py:914} INFO - Processing file /home/airflow/.local/lib/python3.12/site-packages/airflow/example_dags/example_sensors.py for tasks to queue
[2024-09-24T23:38:37.712+0000] {logging_mixin.py:190} INFO - [2024-09-24T23:38:37.711+0000] {dagbag.py:588} INFO - Filling up the DagBag from /home/airflow/.local/lib/python3.12/site-packages/airflow/example_dags/example_sensors.py
[2024-09-24T23:38:37.745+0000] {processor.py:925} INFO - DAG(s) 'example_sensors' retrieved from /home/airflow/.local/lib/python3.12/site-packages/airflow/example_dags/example_sensors.py
[2024-09-24T23:38:37.830+0000] {logging_mixin.py:190} INFO - [2024-09-24T23:38:37.829+0000] {dag.py:3239} INFO - Sync 1 DAGs
[2024-09-24T23:38:37.895+0000] {logging_mixin.py:190} INFO - [2024-09-24T23:38:37.894+0000] {dag.py:4180} INFO - Setting next_dagrun for example_sensors to None, run_after=None
[2024-09-24T23:38:37.976+0000] {processor.py:208} INFO - Processing /home/airflow/.local/lib/python3.12/site-packages/airflow/example_dags/example_sensors.py took 0.285 seconds
[2024-09-24T23:39:11.391+0000] {processor.py:186} INFO - Started process (PID=869) to work on /home/airflow/.local/lib/python3.12/site-packages/airflow/example_dags/example_sensors.py
[2024-09-24T23:39:11.396+0000] {processor.py:914} INFO - Processing file /home/airflow/.local/lib/python3.12/site-packages/airflow/example_dags/example_sensors.py for tasks to queue
[2024-09-24T23:39:11.408+0000] {logging_mixin.py:190} INFO - [2024-09-24T23:39:11.407+0000] {dagbag.py:588} INFO - Filling up the DagBag from /home/airflow/.local/lib/python3.12/site-packages/airflow/example_dags/example_sensors.py
[2024-09-24T23:39:11.456+0000] {processor.py:925} INFO - DAG(s) 'example_sensors' retrieved from /home/airflow/.local/lib/python3.12/site-packages/airflow/example_dags/example_sensors.py
[2024-09-24T23:39:11.579+0000] {logging_mixin.py:190} INFO - [2024-09-24T23:39:11.578+0000] {dag.py:3239} INFO - Sync 1 DAGs
[2024-09-24T23:39:11.644+0000] {logging_mixin.py:190} INFO - [2024-09-24T23:39:11.643+0000] {dag.py:4180} INFO - Setting next_dagrun for example_sensors to None, run_after=None
[2024-09-24T23:39:11.719+0000] {processor.py:208} INFO - Processing /home/airflow/.local/lib/python3.12/site-packages/airflow/example_dags/example_sensors.py took 0.354 seconds
[2024-09-24T23:39:43.845+0000] {processor.py:186} INFO - Started process (PID=1153) to work on /home/airflow/.local/lib/python3.12/site-packages/airflow/example_dags/example_sensors.py
[2024-09-24T23:39:43.848+0000] {processor.py:914} INFO - Processing file /home/airflow/.local/lib/python3.12/site-packages/airflow/example_dags/example_sensors.py for tasks to queue
[2024-09-24T23:39:43.854+0000] {logging_mixin.py:190} INFO - [2024-09-24T23:39:43.853+0000] {dagbag.py:588} INFO - Filling up the DagBag from /home/airflow/.local/lib/python3.12/site-packages/airflow/example_dags/example_sensors.py
[2024-09-24T23:39:43.889+0000] {processor.py:925} INFO - DAG(s) 'example_sensors' retrieved from /home/airflow/.local/lib/python3.12/site-packages/airflow/example_dags/example_sensors.py
[2024-09-24T23:39:44.046+0000] {logging_mixin.py:190} INFO - [2024-09-24T23:39:44.045+0000] {dag.py:3239} INFO - Sync 1 DAGs
[2024-09-24T23:39:44.083+0000] {logging_mixin.py:190} INFO - [2024-09-24T23:39:44.082+0000] {dag.py:4180} INFO - Setting next_dagrun for example_sensors to None, run_after=None
[2024-09-24T23:39:44.133+0000] {processor.py:208} INFO - Processing /home/airflow/.local/lib/python3.12/site-packages/airflow/example_dags/example_sensors.py took 0.306 seconds
[2024-09-24T23:40:14.955+0000] {processor.py:186} INFO - Started process (PID=1439) to work on /home/airflow/.local/lib/python3.12/site-packages/airflow/example_dags/example_sensors.py
[2024-09-24T23:40:14.959+0000] {processor.py:914} INFO - Processing file /home/airflow/.local/lib/python3.12/site-packages/airflow/example_dags/example_sensors.py for tasks to queue
[2024-09-24T23:40:14.965+0000] {logging_mixin.py:190} INFO - [2024-09-24T23:40:14.964+0000] {dagbag.py:588} INFO - Filling up the DagBag from /home/airflow/.local/lib/python3.12/site-packages/airflow/example_dags/example_sensors.py
[2024-09-24T23:40:14.991+0000] {processor.py:925} INFO - DAG(s) 'example_sensors' retrieved from /home/airflow/.local/lib/python3.12/site-packages/airflow/example_dags/example_sensors.py
[2024-09-24T23:40:15.068+0000] {logging_mixin.py:190} INFO - [2024-09-24T23:40:15.067+0000] {dag.py:3239} INFO - Sync 1 DAGs
[2024-09-24T23:40:15.106+0000] {logging_mixin.py:190} INFO - [2024-09-24T23:40:15.105+0000] {dag.py:4180} INFO - Setting next_dagrun for example_sensors to None, run_after=None
[2024-09-24T23:40:15.164+0000] {processor.py:208} INFO - Processing /home/airflow/.local/lib/python3.12/site-packages/airflow/example_dags/example_sensors.py took 0.224 seconds
[2024-09-24T23:40:47.744+0000] {processor.py:186} INFO - Started process (PID=1726) to work on /home/airflow/.local/lib/python3.12/site-packages/airflow/example_dags/example_sensors.py
[2024-09-24T23:40:47.749+0000] {processor.py:914} INFO - Processing file /home/airflow/.local/lib/python3.12/site-packages/airflow/example_dags/example_sensors.py for tasks to queue
[2024-09-24T23:40:47.758+0000] {logging_mixin.py:190} INFO - [2024-09-24T23:40:47.757+0000] {dagbag.py:588} INFO - Filling up the DagBag from /home/airflow/.local/lib/python3.12/site-packages/airflow/example_dags/example_sensors.py
[2024-09-24T23:40:47.807+0000] {processor.py:925} INFO - DAG(s) 'example_sensors' retrieved from /home/airflow/.local/lib/python3.12/site-packages/airflow/example_dags/example_sensors.py
[2024-09-24T23:40:48.011+0000] {logging_mixin.py:190} INFO - [2024-09-24T23:40:48.002+0000] {dag.py:3239} INFO - Sync 1 DAGs
[2024-09-24T23:40:48.148+0000] {logging_mixin.py:190} INFO - [2024-09-24T23:40:48.147+0000] {dag.py:4180} INFO - Setting next_dagrun for example_sensors to None, run_after=None
[2024-09-24T23:40:48.292+0000] {processor.py:208} INFO - Processing /home/airflow/.local/lib/python3.12/site-packages/airflow/example_dags/example_sensors.py took 0.573 seconds
[2024-09-24T23:41:18.824+0000] {processor.py:186} INFO - Started process (PID=2013) to work on /home/airflow/.local/lib/python3.12/site-packages/airflow/example_dags/example_sensors.py
[2024-09-24T23:41:18.827+0000] {processor.py:914} INFO - Processing file /home/airflow/.local/lib/python3.12/site-packages/airflow/example_dags/example_sensors.py for tasks to queue
[2024-09-24T23:41:18.833+0000] {logging_mixin.py:190} INFO - [2024-09-24T23:41:18.832+0000] {dagbag.py:588} INFO - Filling up the DagBag from /home/airflow/.local/lib/python3.12/site-packages/airflow/example_dags/example_sensors.py
[2024-09-24T23:41:18.872+0000] {processor.py:925} INFO - DAG(s) 'example_sensors' retrieved from /home/airflow/.local/lib/python3.12/site-packages/airflow/example_dags/example_sensors.py
[2024-09-24T23:41:18.959+0000] {logging_mixin.py:190} INFO - [2024-09-24T23:41:18.958+0000] {dag.py:3239} INFO - Sync 1 DAGs
[2024-09-24T23:41:19.027+0000] {logging_mixin.py:190} INFO - [2024-09-24T23:41:19.026+0000] {dag.py:4180} INFO - Setting next_dagrun for example_sensors to None, run_after=None
[2024-09-24T23:41:19.126+0000] {processor.py:208} INFO - Processing /home/airflow/.local/lib/python3.12/site-packages/airflow/example_dags/example_sensors.py took 0.319 seconds
[2024-09-24T23:41:50.375+0000] {processor.py:186} INFO - Started process (PID=2299) to work on /home/airflow/.local/lib/python3.12/site-packages/airflow/example_dags/example_sensors.py
[2024-09-24T23:41:50.380+0000] {processor.py:914} INFO - Processing file /home/airflow/.local/lib/python3.12/site-packages/airflow/example_dags/example_sensors.py for tasks to queue
[2024-09-24T23:41:50.415+0000] {logging_mixin.py:190} INFO - [2024-09-24T23:41:50.414+0000] {dagbag.py:588} INFO - Filling up the DagBag from /home/airflow/.local/lib/python3.12/site-packages/airflow/example_dags/example_sensors.py
[2024-09-24T23:41:50.479+0000] {processor.py:925} INFO - DAG(s) 'example_sensors' retrieved from /home/airflow/.local/lib/python3.12/site-packages/airflow/example_dags/example_sensors.py
[2024-09-24T23:41:50.641+0000] {logging_mixin.py:190} INFO - [2024-09-24T23:41:50.641+0000] {dag.py:3239} INFO - Sync 1 DAGs
[2024-09-24T23:41:50.707+0000] {logging_mixin.py:190} INFO - [2024-09-24T23:41:50.706+0000] {dag.py:4180} INFO - Setting next_dagrun for example_sensors to None, run_after=None
[2024-09-24T23:41:50.799+0000] {processor.py:208} INFO - Processing /home/airflow/.local/lib/python3.12/site-packages/airflow/example_dags/example_sensors.py took 0.450 seconds
[2024-09-24T23:42:21.443+0000] {processor.py:186} INFO - Started process (PID=2585) to work on /home/airflow/.local/lib/python3.12/site-packages/airflow/example_dags/example_sensors.py
[2024-09-24T23:42:21.448+0000] {processor.py:914} INFO - Processing file /home/airflow/.local/lib/python3.12/site-packages/airflow/example_dags/example_sensors.py for tasks to queue
[2024-09-24T23:42:21.463+0000] {logging_mixin.py:190} INFO - [2024-09-24T23:42:21.462+0000] {dagbag.py:588} INFO - Filling up the DagBag from /home/airflow/.local/lib/python3.12/site-packages/airflow/example_dags/example_sensors.py
[2024-09-24T23:42:21.539+0000] {processor.py:925} INFO - DAG(s) 'example_sensors' retrieved from /home/airflow/.local/lib/python3.12/site-packages/airflow/example_dags/example_sensors.py
[2024-09-24T23:42:21.722+0000] {logging_mixin.py:190} INFO - [2024-09-24T23:42:21.721+0000] {dag.py:3239} INFO - Sync 1 DAGs
[2024-09-24T23:42:21.777+0000] {logging_mixin.py:190} INFO - [2024-09-24T23:42:21.776+0000] {dag.py:4180} INFO - Setting next_dagrun for example_sensors to None, run_after=None
[2024-09-24T23:42:21.844+0000] {processor.py:208} INFO - Processing /home/airflow/.local/lib/python3.12/site-packages/airflow/example_dags/example_sensors.py took 0.440 seconds
[2024-09-24T23:42:52.500+0000] {processor.py:186} INFO - Started process (PID=2871) to work on /home/airflow/.local/lib/python3.12/site-packages/airflow/example_dags/example_sensors.py
[2024-09-24T23:42:52.503+0000] {processor.py:914} INFO - Processing file /home/airflow/.local/lib/python3.12/site-packages/airflow/example_dags/example_sensors.py for tasks to queue
[2024-09-24T23:42:52.509+0000] {logging_mixin.py:190} INFO - [2024-09-24T23:42:52.508+0000] {dagbag.py:588} INFO - Filling up the DagBag from /home/airflow/.local/lib/python3.12/site-packages/airflow/example_dags/example_sensors.py
[2024-09-24T23:42:52.536+0000] {processor.py:925} INFO - DAG(s) 'example_sensors' retrieved from /home/airflow/.local/lib/python3.12/site-packages/airflow/example_dags/example_sensors.py
[2024-09-24T23:42:52.612+0000] {logging_mixin.py:190} INFO - [2024-09-24T23:42:52.612+0000] {dag.py:3239} INFO - Sync 1 DAGs
[2024-09-24T23:42:52.651+0000] {logging_mixin.py:190} INFO - [2024-09-24T23:42:52.651+0000] {dag.py:4180} INFO - Setting next_dagrun for example_sensors to None, run_after=None
[2024-09-24T23:42:52.705+0000] {processor.py:208} INFO - Processing /home/airflow/.local/lib/python3.12/site-packages/airflow/example_dags/example_sensors.py took 0.221 seconds
[2024-09-24T23:43:22.977+0000] {processor.py:186} INFO - Started process (PID=3154) to work on /home/airflow/.local/lib/python3.12/site-packages/airflow/example_dags/example_sensors.py
[2024-09-24T23:43:22.979+0000] {processor.py:914} INFO - Processing file /home/airflow/.local/lib/python3.12/site-packages/airflow/example_dags/example_sensors.py for tasks to queue
[2024-09-24T23:43:22.984+0000] {logging_mixin.py:190} INFO - [2024-09-24T23:43:22.983+0000] {dagbag.py:588} INFO - Filling up the DagBag from /home/airflow/.local/lib/python3.12/site-packages/airflow/example_dags/example_sensors.py
[2024-09-24T23:43:23.009+0000] {processor.py:925} INFO - DAG(s) 'example_sensors' retrieved from /home/airflow/.local/lib/python3.12/site-packages/airflow/example_dags/example_sensors.py
[2024-09-24T23:43:23.081+0000] {logging_mixin.py:190} INFO - [2024-09-24T23:43:23.081+0000] {dag.py:3239} INFO - Sync 1 DAGs
[2024-09-24T23:43:23.114+0000] {logging_mixin.py:190} INFO - [2024-09-24T23:43:23.113+0000] {dag.py:4180} INFO - Setting next_dagrun for example_sensors to None, run_after=None
[2024-09-24T23:43:23.157+0000] {processor.py:208} INFO - Processing /home/airflow/.local/lib/python3.12/site-packages/airflow/example_dags/example_sensors.py took 0.193 seconds
[2024-09-24T23:43:53.401+0000] {processor.py:186} INFO - Started process (PID=3440) to work on /home/airflow/.local/lib/python3.12/site-packages/airflow/example_dags/example_sensors.py
[2024-09-24T23:43:53.413+0000] {processor.py:914} INFO - Processing file /home/airflow/.local/lib/python3.12/site-packages/airflow/example_dags/example_sensors.py for tasks to queue
[2024-09-24T23:43:53.426+0000] {logging_mixin.py:190} INFO - [2024-09-24T23:43:53.424+0000] {dagbag.py:588} INFO - Filling up the DagBag from /home/airflow/.local/lib/python3.12/site-packages/airflow/example_dags/example_sensors.py
[2024-09-24T23:43:53.471+0000] {processor.py:925} INFO - DAG(s) 'example_sensors' retrieved from /home/airflow/.local/lib/python3.12/site-packages/airflow/example_dags/example_sensors.py
[2024-09-24T23:43:53.571+0000] {logging_mixin.py:190} INFO - [2024-09-24T23:43:53.570+0000] {dag.py:3239} INFO - Sync 1 DAGs
[2024-09-24T23:43:53.616+0000] {logging_mixin.py:190} INFO - [2024-09-24T23:43:53.616+0000] {dag.py:4180} INFO - Setting next_dagrun for example_sensors to None, run_after=None
[2024-09-24T23:43:53.666+0000] {processor.py:208} INFO - Processing /home/airflow/.local/lib/python3.12/site-packages/airflow/example_dags/example_sensors.py took 0.287 seconds
[2024-09-24T23:44:23.883+0000] {processor.py:186} INFO - Started process (PID=3724) to work on /home/airflow/.local/lib/python3.12/site-packages/airflow/example_dags/example_sensors.py
[2024-09-24T23:44:23.886+0000] {processor.py:914} INFO - Processing file /home/airflow/.local/lib/python3.12/site-packages/airflow/example_dags/example_sensors.py for tasks to queue
[2024-09-24T23:44:23.891+0000] {logging_mixin.py:190} INFO - [2024-09-24T23:44:23.891+0000] {dagbag.py:588} INFO - Filling up the DagBag from /home/airflow/.local/lib/python3.12/site-packages/airflow/example_dags/example_sensors.py
[2024-09-24T23:44:23.924+0000] {processor.py:925} INFO - DAG(s) 'example_sensors' retrieved from /home/airflow/.local/lib/python3.12/site-packages/airflow/example_dags/example_sensors.py
[2024-09-24T23:44:24.005+0000] {logging_mixin.py:190} INFO - [2024-09-24T23:44:24.004+0000] {dag.py:3239} INFO - Sync 1 DAGs
[2024-09-24T23:44:24.058+0000] {logging_mixin.py:190} INFO - [2024-09-24T23:44:24.057+0000] {dag.py:4180} INFO - Setting next_dagrun for example_sensors to None, run_after=None
[2024-09-24T23:44:24.113+0000] {processor.py:208} INFO - Processing /home/airflow/.local/lib/python3.12/site-packages/airflow/example_dags/example_sensors.py took 0.244 seconds
[2024-09-24T23:44:55.254+0000] {processor.py:186} INFO - Started process (PID=4010) to work on /home/airflow/.local/lib/python3.12/site-packages/airflow/example_dags/example_sensors.py
[2024-09-24T23:44:55.258+0000] {processor.py:914} INFO - Processing file /home/airflow/.local/lib/python3.12/site-packages/airflow/example_dags/example_sensors.py for tasks to queue
[2024-09-24T23:44:55.264+0000] {logging_mixin.py:190} INFO - [2024-09-24T23:44:55.263+0000] {dagbag.py:588} INFO - Filling up the DagBag from /home/airflow/.local/lib/python3.12/site-packages/airflow/example_dags/example_sensors.py
[2024-09-24T23:44:55.299+0000] {processor.py:925} INFO - DAG(s) 'example_sensors' retrieved from /home/airflow/.local/lib/python3.12/site-packages/airflow/example_dags/example_sensors.py
[2024-09-24T23:44:55.380+0000] {logging_mixin.py:190} INFO - [2024-09-24T23:44:55.379+0000] {dag.py:3239} INFO - Sync 1 DAGs
[2024-09-24T23:44:55.422+0000] {logging_mixin.py:190} INFO - [2024-09-24T23:44:55.421+0000] {dag.py:4180} INFO - Setting next_dagrun for example_sensors to None, run_after=None
[2024-09-24T23:44:55.470+0000] {processor.py:208} INFO - Processing /home/airflow/.local/lib/python3.12/site-packages/airflow/example_dags/example_sensors.py took 0.234 seconds
[2024-09-24T23:45:25.847+0000] {processor.py:186} INFO - Started process (PID=4296) to work on /home/airflow/.local/lib/python3.12/site-packages/airflow/example_dags/example_sensors.py
[2024-09-24T23:45:25.850+0000] {processor.py:914} INFO - Processing file /home/airflow/.local/lib/python3.12/site-packages/airflow/example_dags/example_sensors.py for tasks to queue
[2024-09-24T23:45:25.868+0000] {logging_mixin.py:190} INFO - [2024-09-24T23:45:25.867+0000] {dagbag.py:588} INFO - Filling up the DagBag from /home/airflow/.local/lib/python3.12/site-packages/airflow/example_dags/example_sensors.py
[2024-09-24T23:45:25.916+0000] {processor.py:925} INFO - DAG(s) 'example_sensors' retrieved from /home/airflow/.local/lib/python3.12/site-packages/airflow/example_dags/example_sensors.py
[2024-09-24T23:45:26.080+0000] {logging_mixin.py:190} INFO - [2024-09-24T23:45:26.079+0000] {dag.py:3239} INFO - Sync 1 DAGs
[2024-09-24T23:45:26.197+0000] {logging_mixin.py:190} INFO - [2024-09-24T23:45:26.197+0000] {dag.py:4180} INFO - Setting next_dagrun for example_sensors to None, run_after=None
[2024-09-24T23:45:26.300+0000] {processor.py:208} INFO - Processing /home/airflow/.local/lib/python3.12/site-packages/airflow/example_dags/example_sensors.py took 0.471 seconds
[2024-09-24T23:45:56.582+0000] {processor.py:186} INFO - Started process (PID=4577) to work on /home/airflow/.local/lib/python3.12/site-packages/airflow/example_dags/example_sensors.py
[2024-09-24T23:45:56.585+0000] {processor.py:914} INFO - Processing file /home/airflow/.local/lib/python3.12/site-packages/airflow/example_dags/example_sensors.py for tasks to queue
[2024-09-24T23:45:56.590+0000] {logging_mixin.py:190} INFO - [2024-09-24T23:45:56.590+0000] {dagbag.py:588} INFO - Filling up the DagBag from /home/airflow/.local/lib/python3.12/site-packages/airflow/example_dags/example_sensors.py
[2024-09-24T23:45:56.607+0000] {processor.py:925} INFO - DAG(s) 'example_sensors' retrieved from /home/airflow/.local/lib/python3.12/site-packages/airflow/example_dags/example_sensors.py
[2024-09-24T23:45:56.659+0000] {logging_mixin.py:190} INFO - [2024-09-24T23:45:56.659+0000] {dag.py:3239} INFO - Sync 1 DAGs
[2024-09-24T23:45:56.688+0000] {logging_mixin.py:190} INFO - [2024-09-24T23:45:56.687+0000] {dag.py:4180} INFO - Setting next_dagrun for example_sensors to None, run_after=None
[2024-09-24T23:45:56.726+0000] {processor.py:208} INFO - Processing /home/airflow/.local/lib/python3.12/site-packages/airflow/example_dags/example_sensors.py took 0.154 seconds
[2024-09-24T23:46:28.012+0000] {processor.py:186} INFO - Started process (PID=4868) to work on /home/airflow/.local/lib/python3.12/site-packages/airflow/example_dags/example_sensors.py
[2024-09-24T23:46:28.014+0000] {processor.py:914} INFO - Processing file /home/airflow/.local/lib/python3.12/site-packages/airflow/example_dags/example_sensors.py for tasks to queue
[2024-09-24T23:46:28.020+0000] {logging_mixin.py:190} INFO - [2024-09-24T23:46:28.020+0000] {dagbag.py:588} INFO - Filling up the DagBag from /home/airflow/.local/lib/python3.12/site-packages/airflow/example_dags/example_sensors.py
[2024-09-24T23:46:28.054+0000] {processor.py:925} INFO - DAG(s) 'example_sensors' retrieved from /home/airflow/.local/lib/python3.12/site-packages/airflow/example_dags/example_sensors.py
[2024-09-24T23:46:28.152+0000] {logging_mixin.py:190} INFO - [2024-09-24T23:46:28.151+0000] {dag.py:3239} INFO - Sync 1 DAGs
[2024-09-24T23:46:28.214+0000] {logging_mixin.py:190} INFO - [2024-09-24T23:46:28.213+0000] {dag.py:4180} INFO - Setting next_dagrun for example_sensors to None, run_after=None
[2024-09-24T23:46:28.306+0000] {processor.py:208} INFO - Processing /home/airflow/.local/lib/python3.12/site-packages/airflow/example_dags/example_sensors.py took 0.313 seconds
[2024-09-24T23:46:59.528+0000] {processor.py:186} INFO - Started process (PID=5154) to work on /home/airflow/.local/lib/python3.12/site-packages/airflow/example_dags/example_sensors.py
[2024-09-24T23:46:59.530+0000] {processor.py:914} INFO - Processing file /home/airflow/.local/lib/python3.12/site-packages/airflow/example_dags/example_sensors.py for tasks to queue
[2024-09-24T23:46:59.537+0000] {logging_mixin.py:190} INFO - [2024-09-24T23:46:59.536+0000] {dagbag.py:588} INFO - Filling up the DagBag from /home/airflow/.local/lib/python3.12/site-packages/airflow/example_dags/example_sensors.py
[2024-09-24T23:46:59.577+0000] {processor.py:925} INFO - DAG(s) 'example_sensors' retrieved from /home/airflow/.local/lib/python3.12/site-packages/airflow/example_dags/example_sensors.py
[2024-09-24T23:46:59.699+0000] {logging_mixin.py:190} INFO - [2024-09-24T23:46:59.699+0000] {dag.py:3239} INFO - Sync 1 DAGs
[2024-09-24T23:46:59.755+0000] {logging_mixin.py:190} INFO - [2024-09-24T23:46:59.755+0000] {dag.py:4180} INFO - Setting next_dagrun for example_sensors to None, run_after=None
[2024-09-24T23:46:59.814+0000] {processor.py:208} INFO - Processing /home/airflow/.local/lib/python3.12/site-packages/airflow/example_dags/example_sensors.py took 0.311 seconds
[2024-09-24T23:47:30.209+0000] {processor.py:186} INFO - Started process (PID=5440) to work on /home/airflow/.local/lib/python3.12/site-packages/airflow/example_dags/example_sensors.py
[2024-09-24T23:47:30.213+0000] {processor.py:914} INFO - Processing file /home/airflow/.local/lib/python3.12/site-packages/airflow/example_dags/example_sensors.py for tasks to queue
[2024-09-24T23:47:30.222+0000] {logging_mixin.py:190} INFO - [2024-09-24T23:47:30.221+0000] {dagbag.py:588} INFO - Filling up the DagBag from /home/airflow/.local/lib/python3.12/site-packages/airflow/example_dags/example_sensors.py
[2024-09-24T23:47:30.261+0000] {processor.py:925} INFO - DAG(s) 'example_sensors' retrieved from /home/airflow/.local/lib/python3.12/site-packages/airflow/example_dags/example_sensors.py
[2024-09-24T23:47:30.356+0000] {logging_mixin.py:190} INFO - [2024-09-24T23:47:30.355+0000] {dag.py:3239} INFO - Sync 1 DAGs
[2024-09-24T23:47:30.412+0000] {logging_mixin.py:190} INFO - [2024-09-24T23:47:30.411+0000] {dag.py:4180} INFO - Setting next_dagrun for example_sensors to None, run_after=None
[2024-09-24T23:47:30.475+0000] {processor.py:208} INFO - Processing /home/airflow/.local/lib/python3.12/site-packages/airflow/example_dags/example_sensors.py took 0.283 seconds
[2024-09-24T23:48:00.671+0000] {processor.py:186} INFO - Started process (PID=5723) to work on /home/airflow/.local/lib/python3.12/site-packages/airflow/example_dags/example_sensors.py
[2024-09-24T23:48:00.673+0000] {processor.py:914} INFO - Processing file /home/airflow/.local/lib/python3.12/site-packages/airflow/example_dags/example_sensors.py for tasks to queue
[2024-09-24T23:48:00.677+0000] {logging_mixin.py:190} INFO - [2024-09-24T23:48:00.676+0000] {dagbag.py:588} INFO - Filling up the DagBag from /home/airflow/.local/lib/python3.12/site-packages/airflow/example_dags/example_sensors.py
[2024-09-24T23:48:00.699+0000] {processor.py:925} INFO - DAG(s) 'example_sensors' retrieved from /home/airflow/.local/lib/python3.12/site-packages/airflow/example_dags/example_sensors.py
[2024-09-24T23:48:00.752+0000] {logging_mixin.py:190} INFO - [2024-09-24T23:48:00.751+0000] {dag.py:3239} INFO - Sync 1 DAGs
[2024-09-24T23:48:00.783+0000] {logging_mixin.py:190} INFO - [2024-09-24T23:48:00.782+0000] {dag.py:4180} INFO - Setting next_dagrun for example_sensors to None, run_after=None
[2024-09-24T23:48:00.827+0000] {processor.py:208} INFO - Processing /home/airflow/.local/lib/python3.12/site-packages/airflow/example_dags/example_sensors.py took 0.166 seconds
[2024-09-24T23:48:31.302+0000] {processor.py:186} INFO - Started process (PID=6002) to work on /home/airflow/.local/lib/python3.12/site-packages/airflow/example_dags/example_sensors.py
[2024-09-24T23:48:31.304+0000] {processor.py:914} INFO - Processing file /home/airflow/.local/lib/python3.12/site-packages/airflow/example_dags/example_sensors.py for tasks to queue
[2024-09-24T23:48:31.308+0000] {logging_mixin.py:190} INFO - [2024-09-24T23:48:31.307+0000] {dagbag.py:588} INFO - Filling up the DagBag from /home/airflow/.local/lib/python3.12/site-packages/airflow/example_dags/example_sensors.py
[2024-09-24T23:48:31.327+0000] {processor.py:925} INFO - DAG(s) 'example_sensors' retrieved from /home/airflow/.local/lib/python3.12/site-packages/airflow/example_dags/example_sensors.py
[2024-09-24T23:48:31.379+0000] {logging_mixin.py:190} INFO - [2024-09-24T23:48:31.378+0000] {dag.py:3239} INFO - Sync 1 DAGs
[2024-09-24T23:48:31.407+0000] {logging_mixin.py:190} INFO - [2024-09-24T23:48:31.407+0000] {dag.py:4180} INFO - Setting next_dagrun for example_sensors to None, run_after=None
[2024-09-24T23:48:31.447+0000] {processor.py:208} INFO - Processing /home/airflow/.local/lib/python3.12/site-packages/airflow/example_dags/example_sensors.py took 0.156 seconds
[2024-09-24T23:49:01.598+0000] {processor.py:186} INFO - Started process (PID=6288) to work on /home/airflow/.local/lib/python3.12/site-packages/airflow/example_dags/example_sensors.py
[2024-09-24T23:49:01.603+0000] {processor.py:914} INFO - Processing file /home/airflow/.local/lib/python3.12/site-packages/airflow/example_dags/example_sensors.py for tasks to queue
[2024-09-24T23:49:01.610+0000] {logging_mixin.py:190} INFO - [2024-09-24T23:49:01.609+0000] {dagbag.py:588} INFO - Filling up the DagBag from /home/airflow/.local/lib/python3.12/site-packages/airflow/example_dags/example_sensors.py
[2024-09-24T23:49:01.645+0000] {processor.py:925} INFO - DAG(s) 'example_sensors' retrieved from /home/airflow/.local/lib/python3.12/site-packages/airflow/example_dags/example_sensors.py
[2024-09-24T23:49:01.700+0000] {logging_mixin.py:190} INFO - [2024-09-24T23:49:01.700+0000] {dag.py:3239} INFO - Sync 1 DAGs
[2024-09-24T23:49:01.735+0000] {logging_mixin.py:190} INFO - [2024-09-24T23:49:01.734+0000] {dag.py:4180} INFO - Setting next_dagrun for example_sensors to None, run_after=None
[2024-09-24T23:49:01.783+0000] {processor.py:208} INFO - Processing /home/airflow/.local/lib/python3.12/site-packages/airflow/example_dags/example_sensors.py took 0.199 seconds
[2024-09-24T23:49:32.586+0000] {processor.py:186} INFO - Started process (PID=6580) to work on /home/airflow/.local/lib/python3.12/site-packages/airflow/example_dags/example_sensors.py
[2024-09-24T23:49:32.589+0000] {processor.py:914} INFO - Processing file /home/airflow/.local/lib/python3.12/site-packages/airflow/example_dags/example_sensors.py for tasks to queue
[2024-09-24T23:49:32.605+0000] {logging_mixin.py:190} INFO - [2024-09-24T23:49:32.595+0000] {dagbag.py:588} INFO - Filling up the DagBag from /home/airflow/.local/lib/python3.12/site-packages/airflow/example_dags/example_sensors.py
[2024-09-24T23:49:32.681+0000] {processor.py:925} INFO - DAG(s) 'example_sensors' retrieved from /home/airflow/.local/lib/python3.12/site-packages/airflow/example_dags/example_sensors.py
[2024-09-24T23:49:33.053+0000] {logging_mixin.py:190} INFO - [2024-09-24T23:49:33.052+0000] {dag.py:3239} INFO - Sync 1 DAGs
[2024-09-24T23:49:33.248+0000] {logging_mixin.py:190} INFO - [2024-09-24T23:49:33.248+0000] {dag.py:4180} INFO - Setting next_dagrun for example_sensors to None, run_after=None
[2024-09-24T23:49:33.522+0000] {processor.py:208} INFO - Processing /home/airflow/.local/lib/python3.12/site-packages/airflow/example_dags/example_sensors.py took 0.960 seconds
[2024-09-24T23:50:03.955+0000] {processor.py:186} INFO - Started process (PID=6866) to work on /home/airflow/.local/lib/python3.12/site-packages/airflow/example_dags/example_sensors.py
[2024-09-24T23:50:03.958+0000] {processor.py:914} INFO - Processing file /home/airflow/.local/lib/python3.12/site-packages/airflow/example_dags/example_sensors.py for tasks to queue
[2024-09-24T23:50:03.964+0000] {logging_mixin.py:190} INFO - [2024-09-24T23:50:03.963+0000] {dagbag.py:588} INFO - Filling up the DagBag from /home/airflow/.local/lib/python3.12/site-packages/airflow/example_dags/example_sensors.py
[2024-09-24T23:50:03.989+0000] {processor.py:925} INFO - DAG(s) 'example_sensors' retrieved from /home/airflow/.local/lib/python3.12/site-packages/airflow/example_dags/example_sensors.py
[2024-09-24T23:50:04.074+0000] {logging_mixin.py:190} INFO - [2024-09-24T23:50:04.073+0000] {dag.py:3239} INFO - Sync 1 DAGs
[2024-09-24T23:50:04.116+0000] {logging_mixin.py:190} INFO - [2024-09-24T23:50:04.115+0000] {dag.py:4180} INFO - Setting next_dagrun for example_sensors to None, run_after=None
[2024-09-24T23:50:04.173+0000] {processor.py:208} INFO - Processing /home/airflow/.local/lib/python3.12/site-packages/airflow/example_dags/example_sensors.py took 0.231 seconds
[2024-09-24T23:50:35.347+0000] {processor.py:186} INFO - Started process (PID=7157) to work on /home/airflow/.local/lib/python3.12/site-packages/airflow/example_dags/example_sensors.py
[2024-09-24T23:50:35.349+0000] {processor.py:914} INFO - Processing file /home/airflow/.local/lib/python3.12/site-packages/airflow/example_dags/example_sensors.py for tasks to queue
[2024-09-24T23:50:35.355+0000] {logging_mixin.py:190} INFO - [2024-09-24T23:50:35.354+0000] {dagbag.py:588} INFO - Filling up the DagBag from /home/airflow/.local/lib/python3.12/site-packages/airflow/example_dags/example_sensors.py
[2024-09-24T23:50:35.377+0000] {processor.py:925} INFO - DAG(s) 'example_sensors' retrieved from /home/airflow/.local/lib/python3.12/site-packages/airflow/example_dags/example_sensors.py
[2024-09-24T23:50:35.443+0000] {logging_mixin.py:190} INFO - [2024-09-24T23:50:35.442+0000] {dag.py:3239} INFO - Sync 1 DAGs
[2024-09-24T23:50:35.487+0000] {logging_mixin.py:190} INFO - [2024-09-24T23:50:35.487+0000] {dag.py:4180} INFO - Setting next_dagrun for example_sensors to None, run_after=None
[2024-09-24T23:50:35.530+0000] {processor.py:208} INFO - Processing /home/airflow/.local/lib/python3.12/site-packages/airflow/example_dags/example_sensors.py took 0.199 seconds
[2024-09-24T23:51:05.817+0000] {processor.py:186} INFO - Started process (PID=7443) to work on /home/airflow/.local/lib/python3.12/site-packages/airflow/example_dags/example_sensors.py
[2024-09-24T23:51:05.819+0000] {processor.py:914} INFO - Processing file /home/airflow/.local/lib/python3.12/site-packages/airflow/example_dags/example_sensors.py for tasks to queue
[2024-09-24T23:51:05.824+0000] {logging_mixin.py:190} INFO - [2024-09-24T23:51:05.823+0000] {dagbag.py:588} INFO - Filling up the DagBag from /home/airflow/.local/lib/python3.12/site-packages/airflow/example_dags/example_sensors.py
[2024-09-24T23:51:05.851+0000] {processor.py:925} INFO - DAG(s) 'example_sensors' retrieved from /home/airflow/.local/lib/python3.12/site-packages/airflow/example_dags/example_sensors.py
[2024-09-24T23:51:05.915+0000] {logging_mixin.py:190} INFO - [2024-09-24T23:51:05.914+0000] {dag.py:3239} INFO - Sync 1 DAGs
[2024-09-24T23:51:05.952+0000] {logging_mixin.py:190} INFO - [2024-09-24T23:51:05.952+0000] {dag.py:4180} INFO - Setting next_dagrun for example_sensors to None, run_after=None
[2024-09-24T23:51:05.997+0000] {processor.py:208} INFO - Processing /home/airflow/.local/lib/python3.12/site-packages/airflow/example_dags/example_sensors.py took 0.191 seconds
[2024-09-24T23:51:36.595+0000] {processor.py:186} INFO - Started process (PID=7729) to work on /home/airflow/.local/lib/python3.12/site-packages/airflow/example_dags/example_sensors.py
[2024-09-24T23:51:36.597+0000] {processor.py:914} INFO - Processing file /home/airflow/.local/lib/python3.12/site-packages/airflow/example_dags/example_sensors.py for tasks to queue
[2024-09-24T23:51:36.601+0000] {logging_mixin.py:190} INFO - [2024-09-24T23:51:36.601+0000] {dagbag.py:588} INFO - Filling up the DagBag from /home/airflow/.local/lib/python3.12/site-packages/airflow/example_dags/example_sensors.py
[2024-09-24T23:51:36.626+0000] {processor.py:925} INFO - DAG(s) 'example_sensors' retrieved from /home/airflow/.local/lib/python3.12/site-packages/airflow/example_dags/example_sensors.py
[2024-09-24T23:51:36.681+0000] {logging_mixin.py:190} INFO - [2024-09-24T23:51:36.681+0000] {dag.py:3239} INFO - Sync 1 DAGs
[2024-09-24T23:51:36.711+0000] {logging_mixin.py:190} INFO - [2024-09-24T23:51:36.710+0000] {dag.py:4180} INFO - Setting next_dagrun for example_sensors to None, run_after=None
[2024-09-24T23:51:36.752+0000] {processor.py:208} INFO - Processing /home/airflow/.local/lib/python3.12/site-packages/airflow/example_dags/example_sensors.py took 0.168 seconds
[2024-09-24T23:52:06.996+0000] {processor.py:186} INFO - Started process (PID=8016) to work on /home/airflow/.local/lib/python3.12/site-packages/airflow/example_dags/example_sensors.py
[2024-09-24T23:52:06.998+0000] {processor.py:914} INFO - Processing file /home/airflow/.local/lib/python3.12/site-packages/airflow/example_dags/example_sensors.py for tasks to queue
[2024-09-24T23:52:07.003+0000] {logging_mixin.py:190} INFO - [2024-09-24T23:52:07.002+0000] {dagbag.py:588} INFO - Filling up the DagBag from /home/airflow/.local/lib/python3.12/site-packages/airflow/example_dags/example_sensors.py
[2024-09-24T23:52:07.027+0000] {processor.py:925} INFO - DAG(s) 'example_sensors' retrieved from /home/airflow/.local/lib/python3.12/site-packages/airflow/example_dags/example_sensors.py
[2024-09-24T23:52:07.090+0000] {logging_mixin.py:190} INFO - [2024-09-24T23:52:07.089+0000] {dag.py:3239} INFO - Sync 1 DAGs
[2024-09-24T23:52:07.125+0000] {logging_mixin.py:190} INFO - [2024-09-24T23:52:07.124+0000] {dag.py:4180} INFO - Setting next_dagrun for example_sensors to None, run_after=None
[2024-09-24T23:52:07.164+0000] {processor.py:208} INFO - Processing /home/airflow/.local/lib/python3.12/site-packages/airflow/example_dags/example_sensors.py took 0.182 seconds
[2024-09-24T23:52:38.028+0000] {processor.py:186} INFO - Started process (PID=8302) to work on /home/airflow/.local/lib/python3.12/site-packages/airflow/example_dags/example_sensors.py
[2024-09-24T23:52:38.030+0000] {processor.py:914} INFO - Processing file /home/airflow/.local/lib/python3.12/site-packages/airflow/example_dags/example_sensors.py for tasks to queue
[2024-09-24T23:52:38.034+0000] {logging_mixin.py:190} INFO - [2024-09-24T23:52:38.033+0000] {dagbag.py:588} INFO - Filling up the DagBag from /home/airflow/.local/lib/python3.12/site-packages/airflow/example_dags/example_sensors.py
[2024-09-24T23:52:38.059+0000] {processor.py:925} INFO - DAG(s) 'example_sensors' retrieved from /home/airflow/.local/lib/python3.12/site-packages/airflow/example_dags/example_sensors.py
[2024-09-24T23:52:38.113+0000] {logging_mixin.py:190} INFO - [2024-09-24T23:52:38.112+0000] {dag.py:3239} INFO - Sync 1 DAGs
[2024-09-24T23:52:38.140+0000] {logging_mixin.py:190} INFO - [2024-09-24T23:52:38.140+0000] {dag.py:4180} INFO - Setting next_dagrun for example_sensors to None, run_after=None
[2024-09-24T23:52:38.182+0000] {processor.py:208} INFO - Processing /home/airflow/.local/lib/python3.12/site-packages/airflow/example_dags/example_sensors.py took 0.164 seconds
[2024-09-24T23:53:08.320+0000] {processor.py:186} INFO - Started process (PID=8588) to work on /home/airflow/.local/lib/python3.12/site-packages/airflow/example_dags/example_sensors.py
[2024-09-24T23:53:08.322+0000] {processor.py:914} INFO - Processing file /home/airflow/.local/lib/python3.12/site-packages/airflow/example_dags/example_sensors.py for tasks to queue
[2024-09-24T23:53:08.326+0000] {logging_mixin.py:190} INFO - [2024-09-24T23:53:08.325+0000] {dagbag.py:588} INFO - Filling up the DagBag from /home/airflow/.local/lib/python3.12/site-packages/airflow/example_dags/example_sensors.py
[2024-09-24T23:53:08.353+0000] {processor.py:925} INFO - DAG(s) 'example_sensors' retrieved from /home/airflow/.local/lib/python3.12/site-packages/airflow/example_dags/example_sensors.py
[2024-09-24T23:53:08.412+0000] {logging_mixin.py:190} INFO - [2024-09-24T23:53:08.411+0000] {dag.py:3239} INFO - Sync 1 DAGs
[2024-09-24T23:53:08.460+0000] {logging_mixin.py:190} INFO - [2024-09-24T23:53:08.459+0000] {dag.py:4180} INFO - Setting next_dagrun for example_sensors to None, run_after=None
[2024-09-24T23:53:08.514+0000] {processor.py:208} INFO - Processing /home/airflow/.local/lib/python3.12/site-packages/airflow/example_dags/example_sensors.py took 0.207 seconds
[2024-09-24T23:53:39.489+0000] {processor.py:186} INFO - Started process (PID=8874) to work on /home/airflow/.local/lib/python3.12/site-packages/airflow/example_dags/example_sensors.py
[2024-09-24T23:53:39.491+0000] {processor.py:914} INFO - Processing file /home/airflow/.local/lib/python3.12/site-packages/airflow/example_dags/example_sensors.py for tasks to queue
[2024-09-24T23:53:39.497+0000] {logging_mixin.py:190} INFO - [2024-09-24T23:53:39.496+0000] {dagbag.py:588} INFO - Filling up the DagBag from /home/airflow/.local/lib/python3.12/site-packages/airflow/example_dags/example_sensors.py
[2024-09-24T23:53:39.515+0000] {processor.py:925} INFO - DAG(s) 'example_sensors' retrieved from /home/airflow/.local/lib/python3.12/site-packages/airflow/example_dags/example_sensors.py
[2024-09-24T23:53:39.569+0000] {logging_mixin.py:190} INFO - [2024-09-24T23:53:39.569+0000] {dag.py:3239} INFO - Sync 1 DAGs
[2024-09-24T23:53:39.601+0000] {logging_mixin.py:190} INFO - [2024-09-24T23:53:39.601+0000] {dag.py:4180} INFO - Setting next_dagrun for example_sensors to None, run_after=None
[2024-09-24T23:53:39.645+0000] {processor.py:208} INFO - Processing /home/airflow/.local/lib/python3.12/site-packages/airflow/example_dags/example_sensors.py took 0.167 seconds
[2024-09-24T23:54:10.055+0000] {processor.py:186} INFO - Started process (PID=9160) to work on /home/airflow/.local/lib/python3.12/site-packages/airflow/example_dags/example_sensors.py
[2024-09-24T23:54:10.058+0000] {processor.py:914} INFO - Processing file /home/airflow/.local/lib/python3.12/site-packages/airflow/example_dags/example_sensors.py for tasks to queue
[2024-09-24T23:54:10.062+0000] {logging_mixin.py:190} INFO - [2024-09-24T23:54:10.062+0000] {dagbag.py:588} INFO - Filling up the DagBag from /home/airflow/.local/lib/python3.12/site-packages/airflow/example_dags/example_sensors.py
[2024-09-24T23:54:10.089+0000] {processor.py:925} INFO - DAG(s) 'example_sensors' retrieved from /home/airflow/.local/lib/python3.12/site-packages/airflow/example_dags/example_sensors.py
[2024-09-24T23:54:10.150+0000] {logging_mixin.py:190} INFO - [2024-09-24T23:54:10.149+0000] {dag.py:3239} INFO - Sync 1 DAGs
[2024-09-24T23:54:10.192+0000] {logging_mixin.py:190} INFO - [2024-09-24T23:54:10.191+0000] {dag.py:4180} INFO - Setting next_dagrun for example_sensors to None, run_after=None
[2024-09-24T23:54:10.247+0000] {processor.py:208} INFO - Processing /home/airflow/.local/lib/python3.12/site-packages/airflow/example_dags/example_sensors.py took 0.202 seconds
[2024-09-24T23:54:40.868+0000] {processor.py:186} INFO - Started process (PID=9446) to work on /home/airflow/.local/lib/python3.12/site-packages/airflow/example_dags/example_sensors.py
[2024-09-24T23:54:40.870+0000] {processor.py:914} INFO - Processing file /home/airflow/.local/lib/python3.12/site-packages/airflow/example_dags/example_sensors.py for tasks to queue
[2024-09-24T23:54:40.874+0000] {logging_mixin.py:190} INFO - [2024-09-24T23:54:40.873+0000] {dagbag.py:588} INFO - Filling up the DagBag from /home/airflow/.local/lib/python3.12/site-packages/airflow/example_dags/example_sensors.py
[2024-09-24T23:54:40.896+0000] {processor.py:925} INFO - DAG(s) 'example_sensors' retrieved from /home/airflow/.local/lib/python3.12/site-packages/airflow/example_dags/example_sensors.py
[2024-09-24T23:54:40.964+0000] {logging_mixin.py:190} INFO - [2024-09-24T23:54:40.963+0000] {dag.py:3239} INFO - Sync 1 DAGs
[2024-09-24T23:54:41.004+0000] {logging_mixin.py:190} INFO - [2024-09-24T23:54:41.003+0000] {dag.py:4180} INFO - Setting next_dagrun for example_sensors to None, run_after=None
[2024-09-24T23:54:41.069+0000] {processor.py:208} INFO - Processing /home/airflow/.local/lib/python3.12/site-packages/airflow/example_dags/example_sensors.py took 0.211 seconds
[2024-09-24T23:55:11.680+0000] {processor.py:186} INFO - Started process (PID=9732) to work on /home/airflow/.local/lib/python3.12/site-packages/airflow/example_dags/example_sensors.py
[2024-09-24T23:55:11.682+0000] {processor.py:914} INFO - Processing file /home/airflow/.local/lib/python3.12/site-packages/airflow/example_dags/example_sensors.py for tasks to queue
[2024-09-24T23:55:11.687+0000] {logging_mixin.py:190} INFO - [2024-09-24T23:55:11.686+0000] {dagbag.py:588} INFO - Filling up the DagBag from /home/airflow/.local/lib/python3.12/site-packages/airflow/example_dags/example_sensors.py
[2024-09-24T23:55:11.712+0000] {processor.py:925} INFO - DAG(s) 'example_sensors' retrieved from /home/airflow/.local/lib/python3.12/site-packages/airflow/example_dags/example_sensors.py
[2024-09-24T23:55:11.788+0000] {logging_mixin.py:190} INFO - [2024-09-24T23:55:11.787+0000] {dag.py:3239} INFO - Sync 1 DAGs
[2024-09-24T23:55:11.832+0000] {logging_mixin.py:190} INFO - [2024-09-24T23:55:11.831+0000] {dag.py:4180} INFO - Setting next_dagrun for example_sensors to None, run_after=None
[2024-09-24T23:55:11.937+0000] {processor.py:208} INFO - Processing /home/airflow/.local/lib/python3.12/site-packages/airflow/example_dags/example_sensors.py took 0.267 seconds
[2024-09-24T23:55:42.653+0000] {processor.py:186} INFO - Started process (PID=10018) to work on /home/airflow/.local/lib/python3.12/site-packages/airflow/example_dags/example_sensors.py
[2024-09-24T23:55:42.665+0000] {processor.py:914} INFO - Processing file /home/airflow/.local/lib/python3.12/site-packages/airflow/example_dags/example_sensors.py for tasks to queue
[2024-09-24T23:55:42.682+0000] {logging_mixin.py:190} INFO - [2024-09-24T23:55:42.674+0000] {dagbag.py:588} INFO - Filling up the DagBag from /home/airflow/.local/lib/python3.12/site-packages/airflow/example_dags/example_sensors.py
[2024-09-24T23:55:42.764+0000] {processor.py:925} INFO - DAG(s) 'example_sensors' retrieved from /home/airflow/.local/lib/python3.12/site-packages/airflow/example_dags/example_sensors.py
[2024-09-24T23:55:43.019+0000] {logging_mixin.py:190} INFO - [2024-09-24T23:55:43.018+0000] {dag.py:3239} INFO - Sync 1 DAGs
[2024-09-24T23:55:43.173+0000] {logging_mixin.py:190} INFO - [2024-09-24T23:55:43.162+0000] {dag.py:4180} INFO - Setting next_dagrun for example_sensors to None, run_after=None
[2024-09-24T23:55:43.367+0000] {processor.py:208} INFO - Processing /home/airflow/.local/lib/python3.12/site-packages/airflow/example_dags/example_sensors.py took 0.755 seconds
[2024-09-24T23:56:13.813+0000] {processor.py:186} INFO - Started process (PID=10301) to work on /home/airflow/.local/lib/python3.12/site-packages/airflow/example_dags/example_sensors.py
[2024-09-24T23:56:13.815+0000] {processor.py:914} INFO - Processing file /home/airflow/.local/lib/python3.12/site-packages/airflow/example_dags/example_sensors.py for tasks to queue
[2024-09-24T23:56:13.821+0000] {logging_mixin.py:190} INFO - [2024-09-24T23:56:13.820+0000] {dagbag.py:588} INFO - Filling up the DagBag from /home/airflow/.local/lib/python3.12/site-packages/airflow/example_dags/example_sensors.py
[2024-09-24T23:56:13.847+0000] {processor.py:925} INFO - DAG(s) 'example_sensors' retrieved from /home/airflow/.local/lib/python3.12/site-packages/airflow/example_dags/example_sensors.py
[2024-09-24T23:56:13.919+0000] {logging_mixin.py:190} INFO - [2024-09-24T23:56:13.919+0000] {dag.py:3239} INFO - Sync 1 DAGs
[2024-09-24T23:56:13.959+0000] {logging_mixin.py:190} INFO - [2024-09-24T23:56:13.959+0000] {dag.py:4180} INFO - Setting next_dagrun for example_sensors to None, run_after=None
[2024-09-24T23:56:14.008+0000] {processor.py:208} INFO - Processing /home/airflow/.local/lib/python3.12/site-packages/airflow/example_dags/example_sensors.py took 0.207 seconds
