[2024-09-24T23:38:14.108+0000] {processor.py:186} INFO - Started process (PID=346) to work on /home/airflow/.local/lib/python3.12/site-packages/airflow/example_dags/example_branch_operator_decorator.py
[2024-09-24T23:38:14.113+0000] {processor.py:914} INFO - Processing file /home/airflow/.local/lib/python3.12/site-packages/airflow/example_dags/example_branch_operator_decorator.py for tasks to queue
[2024-09-24T23:38:14.128+0000] {logging_mixin.py:190} INFO - [2024-09-24T23:38:14.127+0000] {dagbag.py:588} INFO - Filling up the DagBag from /home/airflow/.local/lib/python3.12/site-packages/airflow/example_dags/example_branch_operator_decorator.py
[2024-09-24T23:38:14.341+0000] {processor.py:925} INFO - DAG(s) 'example_branch_python_operator_decorator' retrieved from /home/airflow/.local/lib/python3.12/site-packages/airflow/example_dags/example_branch_operator_decorator.py
[2024-09-24T23:38:15.607+0000] {logging_mixin.py:190} INFO - [2024-09-24T23:38:15.599+0000] {override.py:1900} INFO - Created Permission View: can edit on DAG:example_branch_python_operator_decorator
[2024-09-24T23:38:15.676+0000] {logging_mixin.py:190} INFO - [2024-09-24T23:38:15.676+0000] {override.py:1900} INFO - Created Permission View: can read on DAG:example_branch_python_operator_decorator
[2024-09-24T23:38:15.722+0000] {logging_mixin.py:190} INFO - [2024-09-24T23:38:15.722+0000] {override.py:1900} INFO - Created Permission View: can delete on DAG:example_branch_python_operator_decorator
[2024-09-24T23:38:15.856+0000] {logging_mixin.py:190} INFO - [2024-09-24T23:38:15.855+0000] {override.py:1900} INFO - Created Permission View: can read on DAG Run:example_branch_python_operator_decorator
[2024-09-24T23:38:15.989+0000] {logging_mixin.py:190} INFO - [2024-09-24T23:38:15.987+0000] {override.py:1900} INFO - Created Permission View: menu access on DAG Run:example_branch_python_operator_decorator
[2024-09-24T23:38:16.053+0000] {logging_mixin.py:190} INFO - [2024-09-24T23:38:16.052+0000] {override.py:1900} INFO - Created Permission View: can delete on DAG Run:example_branch_python_operator_decorator
[2024-09-24T23:38:16.092+0000] {logging_mixin.py:190} INFO - [2024-09-24T23:38:16.092+0000] {override.py:1900} INFO - Created Permission View: can create on DAG Run:example_branch_python_operator_decorator
[2024-09-24T23:38:16.097+0000] {logging_mixin.py:190} INFO - [2024-09-24T23:38:16.096+0000] {dag.py:3239} INFO - Sync 1 DAGs
[2024-09-24T23:38:16.742+0000] {logging_mixin.py:190} INFO - [2024-09-24T23:38:16.741+0000] {dag.py:3262} INFO - Creating ORM DAG for example_branch_python_operator_decorator
[2024-09-24T23:38:16.843+0000] {logging_mixin.py:190} INFO - [2024-09-24T23:38:16.842+0000] {dag.py:4180} INFO - Setting next_dagrun for example_branch_python_operator_decorator to 2024-09-23 00:00:00+00:00, run_after=2024-09-24 00:00:00+00:00
[2024-09-24T23:38:17.036+0000] {processor.py:208} INFO - Processing /home/airflow/.local/lib/python3.12/site-packages/airflow/example_dags/example_branch_operator_decorator.py took 2.967 seconds
[2024-09-24T23:38:47.942+0000] {processor.py:186} INFO - Started process (PID=634) to work on /home/airflow/.local/lib/python3.12/site-packages/airflow/example_dags/example_branch_operator_decorator.py
[2024-09-24T23:38:47.952+0000] {processor.py:914} INFO - Processing file /home/airflow/.local/lib/python3.12/site-packages/airflow/example_dags/example_branch_operator_decorator.py for tasks to queue
[2024-09-24T23:38:48.007+0000] {logging_mixin.py:190} INFO - [2024-09-24T23:38:48.004+0000] {dagbag.py:588} INFO - Filling up the DagBag from /home/airflow/.local/lib/python3.12/site-packages/airflow/example_dags/example_branch_operator_decorator.py
[2024-09-24T23:38:48.334+0000] {processor.py:925} INFO - DAG(s) 'example_branch_python_operator_decorator' retrieved from /home/airflow/.local/lib/python3.12/site-packages/airflow/example_dags/example_branch_operator_decorator.py
[2024-09-24T23:38:48.780+0000] {logging_mixin.py:190} INFO - [2024-09-24T23:38:48.779+0000] {dag.py:3239} INFO - Sync 1 DAGs
[2024-09-24T23:38:49.149+0000] {logging_mixin.py:190} INFO - [2024-09-24T23:38:49.148+0000] {dag.py:4180} INFO - Setting next_dagrun for example_branch_python_operator_decorator to 2024-09-23 00:00:00+00:00, run_after=2024-09-24 00:00:00+00:00
[2024-09-24T23:38:49.377+0000] {processor.py:208} INFO - Processing /home/airflow/.local/lib/python3.12/site-packages/airflow/example_dags/example_branch_operator_decorator.py took 1.597 seconds
[2024-09-24T23:39:19.639+0000] {processor.py:186} INFO - Started process (PID=919) to work on /home/airflow/.local/lib/python3.12/site-packages/airflow/example_dags/example_branch_operator_decorator.py
[2024-09-24T23:39:19.641+0000] {processor.py:914} INFO - Processing file /home/airflow/.local/lib/python3.12/site-packages/airflow/example_dags/example_branch_operator_decorator.py for tasks to queue
[2024-09-24T23:39:19.644+0000] {logging_mixin.py:190} INFO - [2024-09-24T23:39:19.644+0000] {dagbag.py:588} INFO - Filling up the DagBag from /home/airflow/.local/lib/python3.12/site-packages/airflow/example_dags/example_branch_operator_decorator.py
[2024-09-24T23:39:19.686+0000] {processor.py:925} INFO - DAG(s) 'example_branch_python_operator_decorator' retrieved from /home/airflow/.local/lib/python3.12/site-packages/airflow/example_dags/example_branch_operator_decorator.py
[2024-09-24T23:39:19.755+0000] {logging_mixin.py:190} INFO - [2024-09-24T23:39:19.755+0000] {dag.py:3239} INFO - Sync 1 DAGs
[2024-09-24T23:39:19.799+0000] {logging_mixin.py:190} INFO - [2024-09-24T23:39:19.799+0000] {dag.py:4180} INFO - Setting next_dagrun for example_branch_python_operator_decorator to 2024-09-23 00:00:00+00:00, run_after=2024-09-24 00:00:00+00:00
[2024-09-24T23:39:19.842+0000] {processor.py:208} INFO - Processing /home/airflow/.local/lib/python3.12/site-packages/airflow/example_dags/example_branch_operator_decorator.py took 0.218 seconds
[2024-09-24T23:39:50.679+0000] {processor.py:186} INFO - Started process (PID=1205) to work on /home/airflow/.local/lib/python3.12/site-packages/airflow/example_dags/example_branch_operator_decorator.py
[2024-09-24T23:39:50.682+0000] {processor.py:914} INFO - Processing file /home/airflow/.local/lib/python3.12/site-packages/airflow/example_dags/example_branch_operator_decorator.py for tasks to queue
[2024-09-24T23:39:50.688+0000] {logging_mixin.py:190} INFO - [2024-09-24T23:39:50.687+0000] {dagbag.py:588} INFO - Filling up the DagBag from /home/airflow/.local/lib/python3.12/site-packages/airflow/example_dags/example_branch_operator_decorator.py
[2024-09-24T23:39:50.741+0000] {processor.py:925} INFO - DAG(s) 'example_branch_python_operator_decorator' retrieved from /home/airflow/.local/lib/python3.12/site-packages/airflow/example_dags/example_branch_operator_decorator.py
[2024-09-24T23:39:50.806+0000] {logging_mixin.py:190} INFO - [2024-09-24T23:39:50.806+0000] {dag.py:3239} INFO - Sync 1 DAGs
[2024-09-24T23:39:50.868+0000] {logging_mixin.py:190} INFO - [2024-09-24T23:39:50.867+0000] {dag.py:4180} INFO - Setting next_dagrun for example_branch_python_operator_decorator to 2024-09-23 00:00:00+00:00, run_after=2024-09-24 00:00:00+00:00
[2024-09-24T23:39:50.912+0000] {processor.py:208} INFO - Processing /home/airflow/.local/lib/python3.12/site-packages/airflow/example_dags/example_branch_operator_decorator.py took 0.248 seconds
[2024-09-24T23:40:21.169+0000] {processor.py:186} INFO - Started process (PID=1491) to work on /home/airflow/.local/lib/python3.12/site-packages/airflow/example_dags/example_branch_operator_decorator.py
[2024-09-24T23:40:21.172+0000] {processor.py:914} INFO - Processing file /home/airflow/.local/lib/python3.12/site-packages/airflow/example_dags/example_branch_operator_decorator.py for tasks to queue
[2024-09-24T23:40:21.177+0000] {logging_mixin.py:190} INFO - [2024-09-24T23:40:21.176+0000] {dagbag.py:588} INFO - Filling up the DagBag from /home/airflow/.local/lib/python3.12/site-packages/airflow/example_dags/example_branch_operator_decorator.py
[2024-09-24T23:40:21.235+0000] {processor.py:925} INFO - DAG(s) 'example_branch_python_operator_decorator' retrieved from /home/airflow/.local/lib/python3.12/site-packages/airflow/example_dags/example_branch_operator_decorator.py
[2024-09-24T23:40:21.324+0000] {logging_mixin.py:190} INFO - [2024-09-24T23:40:21.324+0000] {dag.py:3239} INFO - Sync 1 DAGs
[2024-09-24T23:40:21.395+0000] {logging_mixin.py:190} INFO - [2024-09-24T23:40:21.394+0000] {dag.py:4180} INFO - Setting next_dagrun for example_branch_python_operator_decorator to 2024-09-23 00:00:00+00:00, run_after=2024-09-24 00:00:00+00:00
[2024-09-24T23:40:21.450+0000] {processor.py:208} INFO - Processing /home/airflow/.local/lib/python3.12/site-packages/airflow/example_dags/example_branch_operator_decorator.py took 0.299 seconds
[2024-09-24T23:40:52.144+0000] {processor.py:186} INFO - Started process (PID=1778) to work on /home/airflow/.local/lib/python3.12/site-packages/airflow/example_dags/example_branch_operator_decorator.py
[2024-09-24T23:40:52.147+0000] {processor.py:914} INFO - Processing file /home/airflow/.local/lib/python3.12/site-packages/airflow/example_dags/example_branch_operator_decorator.py for tasks to queue
[2024-09-24T23:40:52.154+0000] {logging_mixin.py:190} INFO - [2024-09-24T23:40:52.153+0000] {dagbag.py:588} INFO - Filling up the DagBag from /home/airflow/.local/lib/python3.12/site-packages/airflow/example_dags/example_branch_operator_decorator.py
[2024-09-24T23:40:52.254+0000] {processor.py:925} INFO - DAG(s) 'example_branch_python_operator_decorator' retrieved from /home/airflow/.local/lib/python3.12/site-packages/airflow/example_dags/example_branch_operator_decorator.py
[2024-09-24T23:40:52.389+0000] {logging_mixin.py:190} INFO - [2024-09-24T23:40:52.388+0000] {dag.py:3239} INFO - Sync 1 DAGs
[2024-09-24T23:40:52.473+0000] {logging_mixin.py:190} INFO - [2024-09-24T23:40:52.472+0000] {dag.py:4180} INFO - Setting next_dagrun for example_branch_python_operator_decorator to 2024-09-23 00:00:00+00:00, run_after=2024-09-24 00:00:00+00:00
[2024-09-24T23:40:52.550+0000] {processor.py:208} INFO - Processing /home/airflow/.local/lib/python3.12/site-packages/airflow/example_dags/example_branch_operator_decorator.py took 0.420 seconds
[2024-09-24T23:41:23.352+0000] {processor.py:186} INFO - Started process (PID=2063) to work on /home/airflow/.local/lib/python3.12/site-packages/airflow/example_dags/example_branch_operator_decorator.py
[2024-09-24T23:41:23.366+0000] {processor.py:914} INFO - Processing file /home/airflow/.local/lib/python3.12/site-packages/airflow/example_dags/example_branch_operator_decorator.py for tasks to queue
[2024-09-24T23:41:23.397+0000] {logging_mixin.py:190} INFO - [2024-09-24T23:41:23.396+0000] {dagbag.py:588} INFO - Filling up the DagBag from /home/airflow/.local/lib/python3.12/site-packages/airflow/example_dags/example_branch_operator_decorator.py
[2024-09-24T23:41:23.633+0000] {processor.py:925} INFO - DAG(s) 'example_branch_python_operator_decorator' retrieved from /home/airflow/.local/lib/python3.12/site-packages/airflow/example_dags/example_branch_operator_decorator.py
[2024-09-24T23:41:23.933+0000] {logging_mixin.py:190} INFO - [2024-09-24T23:41:23.919+0000] {dag.py:3239} INFO - Sync 1 DAGs
[2024-09-24T23:41:24.422+0000] {logging_mixin.py:190} INFO - [2024-09-24T23:41:24.421+0000] {dag.py:4180} INFO - Setting next_dagrun for example_branch_python_operator_decorator to 2024-09-23 00:00:00+00:00, run_after=2024-09-24 00:00:00+00:00
[2024-09-24T23:41:24.766+0000] {processor.py:208} INFO - Processing /home/airflow/.local/lib/python3.12/site-packages/airflow/example_dags/example_branch_operator_decorator.py took 1.481 seconds
[2024-09-24T23:41:55.541+0000] {processor.py:186} INFO - Started process (PID=2351) to work on /home/airflow/.local/lib/python3.12/site-packages/airflow/example_dags/example_branch_operator_decorator.py
[2024-09-24T23:41:55.544+0000] {processor.py:914} INFO - Processing file /home/airflow/.local/lib/python3.12/site-packages/airflow/example_dags/example_branch_operator_decorator.py for tasks to queue
[2024-09-24T23:41:55.551+0000] {logging_mixin.py:190} INFO - [2024-09-24T23:41:55.549+0000] {dagbag.py:588} INFO - Filling up the DagBag from /home/airflow/.local/lib/python3.12/site-packages/airflow/example_dags/example_branch_operator_decorator.py
[2024-09-24T23:41:55.637+0000] {processor.py:925} INFO - DAG(s) 'example_branch_python_operator_decorator' retrieved from /home/airflow/.local/lib/python3.12/site-packages/airflow/example_dags/example_branch_operator_decorator.py
[2024-09-24T23:41:55.720+0000] {logging_mixin.py:190} INFO - [2024-09-24T23:41:55.720+0000] {dag.py:3239} INFO - Sync 1 DAGs
[2024-09-24T23:41:55.808+0000] {logging_mixin.py:190} INFO - [2024-09-24T23:41:55.807+0000] {dag.py:4180} INFO - Setting next_dagrun for example_branch_python_operator_decorator to 2024-09-23 00:00:00+00:00, run_after=2024-09-24 00:00:00+00:00
[2024-09-24T23:41:55.874+0000] {processor.py:208} INFO - Processing /home/airflow/.local/lib/python3.12/site-packages/airflow/example_dags/example_branch_operator_decorator.py took 0.357 seconds
[2024-09-24T23:42:26.429+0000] {processor.py:186} INFO - Started process (PID=2637) to work on /home/airflow/.local/lib/python3.12/site-packages/airflow/example_dags/example_branch_operator_decorator.py
[2024-09-24T23:42:26.432+0000] {processor.py:914} INFO - Processing file /home/airflow/.local/lib/python3.12/site-packages/airflow/example_dags/example_branch_operator_decorator.py for tasks to queue
[2024-09-24T23:42:26.439+0000] {logging_mixin.py:190} INFO - [2024-09-24T23:42:26.437+0000] {dagbag.py:588} INFO - Filling up the DagBag from /home/airflow/.local/lib/python3.12/site-packages/airflow/example_dags/example_branch_operator_decorator.py
[2024-09-24T23:42:26.514+0000] {processor.py:925} INFO - DAG(s) 'example_branch_python_operator_decorator' retrieved from /home/airflow/.local/lib/python3.12/site-packages/airflow/example_dags/example_branch_operator_decorator.py
[2024-09-24T23:42:26.624+0000] {logging_mixin.py:190} INFO - [2024-09-24T23:42:26.623+0000] {dag.py:3239} INFO - Sync 1 DAGs
[2024-09-24T23:42:26.736+0000] {logging_mixin.py:190} INFO - [2024-09-24T23:42:26.735+0000] {dag.py:4180} INFO - Setting next_dagrun for example_branch_python_operator_decorator to 2024-09-23 00:00:00+00:00, run_after=2024-09-24 00:00:00+00:00
[2024-09-24T23:42:26.799+0000] {processor.py:208} INFO - Processing /home/airflow/.local/lib/python3.12/site-packages/airflow/example_dags/example_branch_operator_decorator.py took 0.389 seconds
[2024-09-24T23:42:57.179+0000] {processor.py:186} INFO - Started process (PID=2923) to work on /home/airflow/.local/lib/python3.12/site-packages/airflow/example_dags/example_branch_operator_decorator.py
[2024-09-24T23:42:57.182+0000] {processor.py:914} INFO - Processing file /home/airflow/.local/lib/python3.12/site-packages/airflow/example_dags/example_branch_operator_decorator.py for tasks to queue
[2024-09-24T23:42:57.188+0000] {logging_mixin.py:190} INFO - [2024-09-24T23:42:57.187+0000] {dagbag.py:588} INFO - Filling up the DagBag from /home/airflow/.local/lib/python3.12/site-packages/airflow/example_dags/example_branch_operator_decorator.py
[2024-09-24T23:42:57.272+0000] {processor.py:925} INFO - DAG(s) 'example_branch_python_operator_decorator' retrieved from /home/airflow/.local/lib/python3.12/site-packages/airflow/example_dags/example_branch_operator_decorator.py
[2024-09-24T23:42:57.372+0000] {logging_mixin.py:190} INFO - [2024-09-24T23:42:57.371+0000] {dag.py:3239} INFO - Sync 1 DAGs
[2024-09-24T23:42:57.438+0000] {logging_mixin.py:190} INFO - [2024-09-24T23:42:57.438+0000] {dag.py:4180} INFO - Setting next_dagrun for example_branch_python_operator_decorator to 2024-09-23 00:00:00+00:00, run_after=2024-09-24 00:00:00+00:00
[2024-09-24T23:42:57.492+0000] {processor.py:208} INFO - Processing /home/airflow/.local/lib/python3.12/site-packages/airflow/example_dags/example_branch_operator_decorator.py took 0.325 seconds
[2024-09-24T23:43:28.031+0000] {processor.py:186} INFO - Started process (PID=3207) to work on /home/airflow/.local/lib/python3.12/site-packages/airflow/example_dags/example_branch_operator_decorator.py
[2024-09-24T23:43:28.034+0000] {processor.py:914} INFO - Processing file /home/airflow/.local/lib/python3.12/site-packages/airflow/example_dags/example_branch_operator_decorator.py for tasks to queue
[2024-09-24T23:43:28.041+0000] {logging_mixin.py:190} INFO - [2024-09-24T23:43:28.040+0000] {dagbag.py:588} INFO - Filling up the DagBag from /home/airflow/.local/lib/python3.12/site-packages/airflow/example_dags/example_branch_operator_decorator.py
[2024-09-24T23:43:28.109+0000] {processor.py:925} INFO - DAG(s) 'example_branch_python_operator_decorator' retrieved from /home/airflow/.local/lib/python3.12/site-packages/airflow/example_dags/example_branch_operator_decorator.py
[2024-09-24T23:43:28.198+0000] {logging_mixin.py:190} INFO - [2024-09-24T23:43:28.197+0000] {dag.py:3239} INFO - Sync 1 DAGs
[2024-09-24T23:43:28.259+0000] {logging_mixin.py:190} INFO - [2024-09-24T23:43:28.258+0000] {dag.py:4180} INFO - Setting next_dagrun for example_branch_python_operator_decorator to 2024-09-23 00:00:00+00:00, run_after=2024-09-24 00:00:00+00:00
[2024-09-24T23:43:28.315+0000] {processor.py:208} INFO - Processing /home/airflow/.local/lib/python3.12/site-packages/airflow/example_dags/example_branch_operator_decorator.py took 0.299 seconds
[2024-09-24T23:43:58.664+0000] {processor.py:186} INFO - Started process (PID=3490) to work on /home/airflow/.local/lib/python3.12/site-packages/airflow/example_dags/example_branch_operator_decorator.py
[2024-09-24T23:43:58.667+0000] {processor.py:914} INFO - Processing file /home/airflow/.local/lib/python3.12/site-packages/airflow/example_dags/example_branch_operator_decorator.py for tasks to queue
[2024-09-24T23:43:58.673+0000] {logging_mixin.py:190} INFO - [2024-09-24T23:43:58.672+0000] {dagbag.py:588} INFO - Filling up the DagBag from /home/airflow/.local/lib/python3.12/site-packages/airflow/example_dags/example_branch_operator_decorator.py
[2024-09-24T23:43:58.748+0000] {processor.py:925} INFO - DAG(s) 'example_branch_python_operator_decorator' retrieved from /home/airflow/.local/lib/python3.12/site-packages/airflow/example_dags/example_branch_operator_decorator.py
[2024-09-24T23:43:58.826+0000] {logging_mixin.py:190} INFO - [2024-09-24T23:43:58.826+0000] {dag.py:3239} INFO - Sync 1 DAGs
[2024-09-24T23:43:58.896+0000] {logging_mixin.py:190} INFO - [2024-09-24T23:43:58.895+0000] {dag.py:4180} INFO - Setting next_dagrun for example_branch_python_operator_decorator to 2024-09-23 00:00:00+00:00, run_after=2024-09-24 00:00:00+00:00
[2024-09-24T23:43:58.942+0000] {processor.py:208} INFO - Processing /home/airflow/.local/lib/python3.12/site-packages/airflow/example_dags/example_branch_operator_decorator.py took 0.291 seconds
[2024-09-24T23:44:29.359+0000] {processor.py:186} INFO - Started process (PID=3776) to work on /home/airflow/.local/lib/python3.12/site-packages/airflow/example_dags/example_branch_operator_decorator.py
[2024-09-24T23:44:29.362+0000] {processor.py:914} INFO - Processing file /home/airflow/.local/lib/python3.12/site-packages/airflow/example_dags/example_branch_operator_decorator.py for tasks to queue
[2024-09-24T23:44:29.368+0000] {logging_mixin.py:190} INFO - [2024-09-24T23:44:29.367+0000] {dagbag.py:588} INFO - Filling up the DagBag from /home/airflow/.local/lib/python3.12/site-packages/airflow/example_dags/example_branch_operator_decorator.py
[2024-09-24T23:44:29.424+0000] {processor.py:925} INFO - DAG(s) 'example_branch_python_operator_decorator' retrieved from /home/airflow/.local/lib/python3.12/site-packages/airflow/example_dags/example_branch_operator_decorator.py
[2024-09-24T23:44:29.503+0000] {logging_mixin.py:190} INFO - [2024-09-24T23:44:29.502+0000] {dag.py:3239} INFO - Sync 1 DAGs
[2024-09-24T23:44:29.618+0000] {logging_mixin.py:190} INFO - [2024-09-24T23:44:29.617+0000] {dag.py:4180} INFO - Setting next_dagrun for example_branch_python_operator_decorator to 2024-09-23 00:00:00+00:00, run_after=2024-09-24 00:00:00+00:00
[2024-09-24T23:44:29.693+0000] {processor.py:208} INFO - Processing /home/airflow/.local/lib/python3.12/site-packages/airflow/example_dags/example_branch_operator_decorator.py took 0.346 seconds
[2024-09-24T23:45:00.238+0000] {processor.py:186} INFO - Started process (PID=4062) to work on /home/airflow/.local/lib/python3.12/site-packages/airflow/example_dags/example_branch_operator_decorator.py
[2024-09-24T23:45:00.241+0000] {processor.py:914} INFO - Processing file /home/airflow/.local/lib/python3.12/site-packages/airflow/example_dags/example_branch_operator_decorator.py for tasks to queue
[2024-09-24T23:45:00.248+0000] {logging_mixin.py:190} INFO - [2024-09-24T23:45:00.247+0000] {dagbag.py:588} INFO - Filling up the DagBag from /home/airflow/.local/lib/python3.12/site-packages/airflow/example_dags/example_branch_operator_decorator.py
[2024-09-24T23:45:00.316+0000] {processor.py:925} INFO - DAG(s) 'example_branch_python_operator_decorator' retrieved from /home/airflow/.local/lib/python3.12/site-packages/airflow/example_dags/example_branch_operator_decorator.py
[2024-09-24T23:45:00.432+0000] {logging_mixin.py:190} INFO - [2024-09-24T23:45:00.431+0000] {dag.py:3239} INFO - Sync 1 DAGs
[2024-09-24T23:45:00.543+0000] {logging_mixin.py:190} INFO - [2024-09-24T23:45:00.542+0000] {dag.py:4180} INFO - Setting next_dagrun for example_branch_python_operator_decorator to 2024-09-23 00:00:00+00:00, run_after=2024-09-24 00:00:00+00:00
[2024-09-24T23:45:00.620+0000] {processor.py:208} INFO - Processing /home/airflow/.local/lib/python3.12/site-packages/airflow/example_dags/example_branch_operator_decorator.py took 0.395 seconds
[2024-09-24T23:45:30.869+0000] {processor.py:186} INFO - Started process (PID=4348) to work on /home/airflow/.local/lib/python3.12/site-packages/airflow/example_dags/example_branch_operator_decorator.py
[2024-09-24T23:45:30.872+0000] {processor.py:914} INFO - Processing file /home/airflow/.local/lib/python3.12/site-packages/airflow/example_dags/example_branch_operator_decorator.py for tasks to queue
[2024-09-24T23:45:30.877+0000] {logging_mixin.py:190} INFO - [2024-09-24T23:45:30.876+0000] {dagbag.py:588} INFO - Filling up the DagBag from /home/airflow/.local/lib/python3.12/site-packages/airflow/example_dags/example_branch_operator_decorator.py
[2024-09-24T23:45:30.948+0000] {processor.py:925} INFO - DAG(s) 'example_branch_python_operator_decorator' retrieved from /home/airflow/.local/lib/python3.12/site-packages/airflow/example_dags/example_branch_operator_decorator.py
[2024-09-24T23:45:31.081+0000] {logging_mixin.py:190} INFO - [2024-09-24T23:45:31.080+0000] {dag.py:3239} INFO - Sync 1 DAGs
[2024-09-24T23:45:31.182+0000] {logging_mixin.py:190} INFO - [2024-09-24T23:45:31.181+0000] {dag.py:4180} INFO - Setting next_dagrun for example_branch_python_operator_decorator to 2024-09-23 00:00:00+00:00, run_after=2024-09-24 00:00:00+00:00
[2024-09-24T23:45:31.247+0000] {processor.py:208} INFO - Processing /home/airflow/.local/lib/python3.12/site-packages/airflow/example_dags/example_branch_operator_decorator.py took 0.393 seconds
[2024-09-24T23:46:01.976+0000] {processor.py:186} INFO - Started process (PID=4640) to work on /home/airflow/.local/lib/python3.12/site-packages/airflow/example_dags/example_branch_operator_decorator.py
[2024-09-24T23:46:01.979+0000] {processor.py:914} INFO - Processing file /home/airflow/.local/lib/python3.12/site-packages/airflow/example_dags/example_branch_operator_decorator.py for tasks to queue
[2024-09-24T23:46:01.985+0000] {logging_mixin.py:190} INFO - [2024-09-24T23:46:01.984+0000] {dagbag.py:588} INFO - Filling up the DagBag from /home/airflow/.local/lib/python3.12/site-packages/airflow/example_dags/example_branch_operator_decorator.py
[2024-09-24T23:46:02.081+0000] {processor.py:925} INFO - DAG(s) 'example_branch_python_operator_decorator' retrieved from /home/airflow/.local/lib/python3.12/site-packages/airflow/example_dags/example_branch_operator_decorator.py
[2024-09-24T23:46:02.185+0000] {logging_mixin.py:190} INFO - [2024-09-24T23:46:02.184+0000] {dag.py:3239} INFO - Sync 1 DAGs
[2024-09-24T23:46:02.328+0000] {logging_mixin.py:190} INFO - [2024-09-24T23:46:02.327+0000] {dag.py:4180} INFO - Setting next_dagrun for example_branch_python_operator_decorator to 2024-09-23 00:00:00+00:00, run_after=2024-09-24 00:00:00+00:00
[2024-09-24T23:46:02.411+0000] {processor.py:208} INFO - Processing /home/airflow/.local/lib/python3.12/site-packages/airflow/example_dags/example_branch_operator_decorator.py took 0.453 seconds
[2024-09-24T23:46:32.962+0000] {processor.py:186} INFO - Started process (PID=4931) to work on /home/airflow/.local/lib/python3.12/site-packages/airflow/example_dags/example_branch_operator_decorator.py
[2024-09-24T23:46:32.965+0000] {processor.py:914} INFO - Processing file /home/airflow/.local/lib/python3.12/site-packages/airflow/example_dags/example_branch_operator_decorator.py for tasks to queue
[2024-09-24T23:46:32.969+0000] {logging_mixin.py:190} INFO - [2024-09-24T23:46:32.969+0000] {dagbag.py:588} INFO - Filling up the DagBag from /home/airflow/.local/lib/python3.12/site-packages/airflow/example_dags/example_branch_operator_decorator.py
[2024-09-24T23:46:33.024+0000] {processor.py:925} INFO - DAG(s) 'example_branch_python_operator_decorator' retrieved from /home/airflow/.local/lib/python3.12/site-packages/airflow/example_dags/example_branch_operator_decorator.py
[2024-09-24T23:46:33.076+0000] {logging_mixin.py:190} INFO - [2024-09-24T23:46:33.075+0000] {dag.py:3239} INFO - Sync 1 DAGs
[2024-09-24T23:46:33.122+0000] {logging_mixin.py:190} INFO - [2024-09-24T23:46:33.122+0000] {dag.py:4180} INFO - Setting next_dagrun for example_branch_python_operator_decorator to 2024-09-23 00:00:00+00:00, run_after=2024-09-24 00:00:00+00:00
[2024-09-24T23:46:33.167+0000] {processor.py:208} INFO - Processing /home/airflow/.local/lib/python3.12/site-packages/airflow/example_dags/example_branch_operator_decorator.py took 0.219 seconds
[2024-09-24T23:47:03.519+0000] {processor.py:186} INFO - Started process (PID=5217) to work on /home/airflow/.local/lib/python3.12/site-packages/airflow/example_dags/example_branch_operator_decorator.py
[2024-09-24T23:47:03.523+0000] {processor.py:914} INFO - Processing file /home/airflow/.local/lib/python3.12/site-packages/airflow/example_dags/example_branch_operator_decorator.py for tasks to queue
[2024-09-24T23:47:03.527+0000] {logging_mixin.py:190} INFO - [2024-09-24T23:47:03.527+0000] {dagbag.py:588} INFO - Filling up the DagBag from /home/airflow/.local/lib/python3.12/site-packages/airflow/example_dags/example_branch_operator_decorator.py
[2024-09-24T23:47:03.581+0000] {processor.py:925} INFO - DAG(s) 'example_branch_python_operator_decorator' retrieved from /home/airflow/.local/lib/python3.12/site-packages/airflow/example_dags/example_branch_operator_decorator.py
[2024-09-24T23:47:03.665+0000] {logging_mixin.py:190} INFO - [2024-09-24T23:47:03.664+0000] {dag.py:3239} INFO - Sync 1 DAGs
[2024-09-24T23:47:03.732+0000] {logging_mixin.py:190} INFO - [2024-09-24T23:47:03.732+0000] {dag.py:4180} INFO - Setting next_dagrun for example_branch_python_operator_decorator to 2024-09-23 00:00:00+00:00, run_after=2024-09-24 00:00:00+00:00
[2024-09-24T23:47:03.778+0000] {processor.py:208} INFO - Processing /home/airflow/.local/lib/python3.12/site-packages/airflow/example_dags/example_branch_operator_decorator.py took 0.273 seconds
[2024-09-24T23:47:35.812+0000] {processor.py:186} INFO - Started process (PID=5503) to work on /home/airflow/.local/lib/python3.12/site-packages/airflow/example_dags/example_branch_operator_decorator.py
[2024-09-24T23:47:35.815+0000] {processor.py:914} INFO - Processing file /home/airflow/.local/lib/python3.12/site-packages/airflow/example_dags/example_branch_operator_decorator.py for tasks to queue
[2024-09-24T23:47:35.823+0000] {logging_mixin.py:190} INFO - [2024-09-24T23:47:35.822+0000] {dagbag.py:588} INFO - Filling up the DagBag from /home/airflow/.local/lib/python3.12/site-packages/airflow/example_dags/example_branch_operator_decorator.py
[2024-09-24T23:47:35.911+0000] {processor.py:925} INFO - DAG(s) 'example_branch_python_operator_decorator' retrieved from /home/airflow/.local/lib/python3.12/site-packages/airflow/example_dags/example_branch_operator_decorator.py
[2024-09-24T23:47:36.013+0000] {logging_mixin.py:190} INFO - [2024-09-24T23:47:36.013+0000] {dag.py:3239} INFO - Sync 1 DAGs
[2024-09-24T23:47:36.105+0000] {logging_mixin.py:190} INFO - [2024-09-24T23:47:36.104+0000] {dag.py:4180} INFO - Setting next_dagrun for example_branch_python_operator_decorator to 2024-09-23 00:00:00+00:00, run_after=2024-09-24 00:00:00+00:00
[2024-09-24T23:47:36.159+0000] {processor.py:208} INFO - Processing /home/airflow/.local/lib/python3.12/site-packages/airflow/example_dags/example_branch_operator_decorator.py took 0.365 seconds
[2024-09-24T23:48:06.509+0000] {processor.py:186} INFO - Started process (PID=5789) to work on /home/airflow/.local/lib/python3.12/site-packages/airflow/example_dags/example_branch_operator_decorator.py
[2024-09-24T23:48:06.512+0000] {processor.py:914} INFO - Processing file /home/airflow/.local/lib/python3.12/site-packages/airflow/example_dags/example_branch_operator_decorator.py for tasks to queue
[2024-09-24T23:48:06.517+0000] {logging_mixin.py:190} INFO - [2024-09-24T23:48:06.516+0000] {dagbag.py:588} INFO - Filling up the DagBag from /home/airflow/.local/lib/python3.12/site-packages/airflow/example_dags/example_branch_operator_decorator.py
[2024-09-24T23:48:06.576+0000] {processor.py:925} INFO - DAG(s) 'example_branch_python_operator_decorator' retrieved from /home/airflow/.local/lib/python3.12/site-packages/airflow/example_dags/example_branch_operator_decorator.py
[2024-09-24T23:48:06.647+0000] {logging_mixin.py:190} INFO - [2024-09-24T23:48:06.646+0000] {dag.py:3239} INFO - Sync 1 DAGs
[2024-09-24T23:48:06.719+0000] {logging_mixin.py:190} INFO - [2024-09-24T23:48:06.719+0000] {dag.py:4180} INFO - Setting next_dagrun for example_branch_python_operator_decorator to 2024-09-23 00:00:00+00:00, run_after=2024-09-24 00:00:00+00:00
[2024-09-24T23:48:06.767+0000] {processor.py:208} INFO - Processing /home/airflow/.local/lib/python3.12/site-packages/airflow/example_dags/example_branch_operator_decorator.py took 0.273 seconds
[2024-09-24T23:48:37.291+0000] {processor.py:186} INFO - Started process (PID=6073) to work on /home/airflow/.local/lib/python3.12/site-packages/airflow/example_dags/example_branch_operator_decorator.py
[2024-09-24T23:48:37.293+0000] {processor.py:914} INFO - Processing file /home/airflow/.local/lib/python3.12/site-packages/airflow/example_dags/example_branch_operator_decorator.py for tasks to queue
[2024-09-24T23:48:37.298+0000] {logging_mixin.py:190} INFO - [2024-09-24T23:48:37.297+0000] {dagbag.py:588} INFO - Filling up the DagBag from /home/airflow/.local/lib/python3.12/site-packages/airflow/example_dags/example_branch_operator_decorator.py
[2024-09-24T23:48:37.358+0000] {processor.py:925} INFO - DAG(s) 'example_branch_python_operator_decorator' retrieved from /home/airflow/.local/lib/python3.12/site-packages/airflow/example_dags/example_branch_operator_decorator.py
[2024-09-24T23:48:37.431+0000] {logging_mixin.py:190} INFO - [2024-09-24T23:48:37.431+0000] {dag.py:3239} INFO - Sync 1 DAGs
[2024-09-24T23:48:37.491+0000] {logging_mixin.py:190} INFO - [2024-09-24T23:48:37.490+0000] {dag.py:4180} INFO - Setting next_dagrun for example_branch_python_operator_decorator to 2024-09-23 00:00:00+00:00, run_after=2024-09-24 00:00:00+00:00
[2024-09-24T23:48:37.535+0000] {processor.py:208} INFO - Processing /home/airflow/.local/lib/python3.12/site-packages/airflow/example_dags/example_branch_operator_decorator.py took 0.259 seconds
[2024-09-24T23:49:07.933+0000] {processor.py:186} INFO - Started process (PID=6361) to work on /home/airflow/.local/lib/python3.12/site-packages/airflow/example_dags/example_branch_operator_decorator.py
[2024-09-24T23:49:07.935+0000] {processor.py:914} INFO - Processing file /home/airflow/.local/lib/python3.12/site-packages/airflow/example_dags/example_branch_operator_decorator.py for tasks to queue
[2024-09-24T23:49:07.940+0000] {logging_mixin.py:190} INFO - [2024-09-24T23:49:07.939+0000] {dagbag.py:588} INFO - Filling up the DagBag from /home/airflow/.local/lib/python3.12/site-packages/airflow/example_dags/example_branch_operator_decorator.py
[2024-09-24T23:49:07.988+0000] {processor.py:925} INFO - DAG(s) 'example_branch_python_operator_decorator' retrieved from /home/airflow/.local/lib/python3.12/site-packages/airflow/example_dags/example_branch_operator_decorator.py
[2024-09-24T23:49:08.058+0000] {logging_mixin.py:190} INFO - [2024-09-24T23:49:08.058+0000] {dag.py:3239} INFO - Sync 1 DAGs
[2024-09-24T23:49:08.121+0000] {logging_mixin.py:190} INFO - [2024-09-24T23:49:08.120+0000] {dag.py:4180} INFO - Setting next_dagrun for example_branch_python_operator_decorator to 2024-09-23 00:00:00+00:00, run_after=2024-09-24 00:00:00+00:00
[2024-09-24T23:49:08.173+0000] {processor.py:208} INFO - Processing /home/airflow/.local/lib/python3.12/site-packages/airflow/example_dags/example_branch_operator_decorator.py took 0.250 seconds
[2024-09-24T23:49:38.614+0000] {processor.py:186} INFO - Started process (PID=6640) to work on /home/airflow/.local/lib/python3.12/site-packages/airflow/example_dags/example_branch_operator_decorator.py
[2024-09-24T23:49:38.617+0000] {processor.py:914} INFO - Processing file /home/airflow/.local/lib/python3.12/site-packages/airflow/example_dags/example_branch_operator_decorator.py for tasks to queue
[2024-09-24T23:49:38.624+0000] {logging_mixin.py:190} INFO - [2024-09-24T23:49:38.622+0000] {dagbag.py:588} INFO - Filling up the DagBag from /home/airflow/.local/lib/python3.12/site-packages/airflow/example_dags/example_branch_operator_decorator.py
[2024-09-24T23:49:38.713+0000] {processor.py:925} INFO - DAG(s) 'example_branch_python_operator_decorator' retrieved from /home/airflow/.local/lib/python3.12/site-packages/airflow/example_dags/example_branch_operator_decorator.py
[2024-09-24T23:49:38.790+0000] {logging_mixin.py:190} INFO - [2024-09-24T23:49:38.789+0000] {dag.py:3239} INFO - Sync 1 DAGs
[2024-09-24T23:49:38.848+0000] {logging_mixin.py:190} INFO - [2024-09-24T23:49:38.847+0000] {dag.py:4180} INFO - Setting next_dagrun for example_branch_python_operator_decorator to 2024-09-23 00:00:00+00:00, run_after=2024-09-24 00:00:00+00:00
[2024-09-24T23:49:38.899+0000] {processor.py:208} INFO - Processing /home/airflow/.local/lib/python3.12/site-packages/airflow/example_dags/example_branch_operator_decorator.py took 0.302 seconds
[2024-09-24T23:50:09.153+0000] {processor.py:186} INFO - Started process (PID=6923) to work on /home/airflow/.local/lib/python3.12/site-packages/airflow/example_dags/example_branch_operator_decorator.py
[2024-09-24T23:50:09.155+0000] {processor.py:914} INFO - Processing file /home/airflow/.local/lib/python3.12/site-packages/airflow/example_dags/example_branch_operator_decorator.py for tasks to queue
[2024-09-24T23:50:09.159+0000] {logging_mixin.py:190} INFO - [2024-09-24T23:50:09.159+0000] {dagbag.py:588} INFO - Filling up the DagBag from /home/airflow/.local/lib/python3.12/site-packages/airflow/example_dags/example_branch_operator_decorator.py
[2024-09-24T23:50:09.196+0000] {processor.py:925} INFO - DAG(s) 'example_branch_python_operator_decorator' retrieved from /home/airflow/.local/lib/python3.12/site-packages/airflow/example_dags/example_branch_operator_decorator.py
[2024-09-24T23:50:09.256+0000] {logging_mixin.py:190} INFO - [2024-09-24T23:50:09.256+0000] {dag.py:3239} INFO - Sync 1 DAGs
[2024-09-24T23:50:09.340+0000] {logging_mixin.py:190} INFO - [2024-09-24T23:50:09.339+0000] {dag.py:4180} INFO - Setting next_dagrun for example_branch_python_operator_decorator to 2024-09-23 00:00:00+00:00, run_after=2024-09-24 00:00:00+00:00
[2024-09-24T23:50:09.390+0000] {processor.py:208} INFO - Processing /home/airflow/.local/lib/python3.12/site-packages/airflow/example_dags/example_branch_operator_decorator.py took 0.249 seconds
[2024-09-24T23:50:40.012+0000] {processor.py:186} INFO - Started process (PID=7212) to work on /home/airflow/.local/lib/python3.12/site-packages/airflow/example_dags/example_branch_operator_decorator.py
[2024-09-24T23:50:40.015+0000] {processor.py:914} INFO - Processing file /home/airflow/.local/lib/python3.12/site-packages/airflow/example_dags/example_branch_operator_decorator.py for tasks to queue
[2024-09-24T23:50:40.021+0000] {logging_mixin.py:190} INFO - [2024-09-24T23:50:40.020+0000] {dagbag.py:588} INFO - Filling up the DagBag from /home/airflow/.local/lib/python3.12/site-packages/airflow/example_dags/example_branch_operator_decorator.py
[2024-09-24T23:50:40.104+0000] {processor.py:925} INFO - DAG(s) 'example_branch_python_operator_decorator' retrieved from /home/airflow/.local/lib/python3.12/site-packages/airflow/example_dags/example_branch_operator_decorator.py
[2024-09-24T23:50:40.203+0000] {logging_mixin.py:190} INFO - [2024-09-24T23:50:40.203+0000] {dag.py:3239} INFO - Sync 1 DAGs
[2024-09-24T23:50:40.263+0000] {logging_mixin.py:190} INFO - [2024-09-24T23:50:40.262+0000] {dag.py:4180} INFO - Setting next_dagrun for example_branch_python_operator_decorator to 2024-09-23 00:00:00+00:00, run_after=2024-09-24 00:00:00+00:00
[2024-09-24T23:50:40.309+0000] {processor.py:208} INFO - Processing /home/airflow/.local/lib/python3.12/site-packages/airflow/example_dags/example_branch_operator_decorator.py took 0.312 seconds
[2024-09-24T23:51:10.557+0000] {processor.py:186} INFO - Started process (PID=7495) to work on /home/airflow/.local/lib/python3.12/site-packages/airflow/example_dags/example_branch_operator_decorator.py
[2024-09-24T23:51:10.559+0000] {processor.py:914} INFO - Processing file /home/airflow/.local/lib/python3.12/site-packages/airflow/example_dags/example_branch_operator_decorator.py for tasks to queue
[2024-09-24T23:51:10.565+0000] {logging_mixin.py:190} INFO - [2024-09-24T23:51:10.564+0000] {dagbag.py:588} INFO - Filling up the DagBag from /home/airflow/.local/lib/python3.12/site-packages/airflow/example_dags/example_branch_operator_decorator.py
[2024-09-24T23:51:10.614+0000] {processor.py:925} INFO - DAG(s) 'example_branch_python_operator_decorator' retrieved from /home/airflow/.local/lib/python3.12/site-packages/airflow/example_dags/example_branch_operator_decorator.py
[2024-09-24T23:51:10.686+0000] {logging_mixin.py:190} INFO - [2024-09-24T23:51:10.686+0000] {dag.py:3239} INFO - Sync 1 DAGs
[2024-09-24T23:51:10.740+0000] {logging_mixin.py:190} INFO - [2024-09-24T23:51:10.740+0000] {dag.py:4180} INFO - Setting next_dagrun for example_branch_python_operator_decorator to 2024-09-23 00:00:00+00:00, run_after=2024-09-24 00:00:00+00:00
[2024-09-24T23:51:10.791+0000] {processor.py:208} INFO - Processing /home/airflow/.local/lib/python3.12/site-packages/airflow/example_dags/example_branch_operator_decorator.py took 0.246 seconds
[2024-09-24T23:51:40.987+0000] {processor.py:186} INFO - Started process (PID=7781) to work on /home/airflow/.local/lib/python3.12/site-packages/airflow/example_dags/example_branch_operator_decorator.py
[2024-09-24T23:51:40.989+0000] {processor.py:914} INFO - Processing file /home/airflow/.local/lib/python3.12/site-packages/airflow/example_dags/example_branch_operator_decorator.py for tasks to queue
[2024-09-24T23:51:40.993+0000] {logging_mixin.py:190} INFO - [2024-09-24T23:51:40.992+0000] {dagbag.py:588} INFO - Filling up the DagBag from /home/airflow/.local/lib/python3.12/site-packages/airflow/example_dags/example_branch_operator_decorator.py
[2024-09-24T23:51:41.033+0000] {processor.py:925} INFO - DAG(s) 'example_branch_python_operator_decorator' retrieved from /home/airflow/.local/lib/python3.12/site-packages/airflow/example_dags/example_branch_operator_decorator.py
[2024-09-24T23:51:41.087+0000] {logging_mixin.py:190} INFO - [2024-09-24T23:51:41.086+0000] {dag.py:3239} INFO - Sync 1 DAGs
[2024-09-24T23:51:41.133+0000] {logging_mixin.py:190} INFO - [2024-09-24T23:51:41.132+0000] {dag.py:4180} INFO - Setting next_dagrun for example_branch_python_operator_decorator to 2024-09-23 00:00:00+00:00, run_after=2024-09-24 00:00:00+00:00
[2024-09-24T23:51:41.167+0000] {processor.py:208} INFO - Processing /home/airflow/.local/lib/python3.12/site-packages/airflow/example_dags/example_branch_operator_decorator.py took 0.191 seconds
[2024-09-24T23:52:11.584+0000] {processor.py:186} INFO - Started process (PID=8068) to work on /home/airflow/.local/lib/python3.12/site-packages/airflow/example_dags/example_branch_operator_decorator.py
[2024-09-24T23:52:11.586+0000] {processor.py:914} INFO - Processing file /home/airflow/.local/lib/python3.12/site-packages/airflow/example_dags/example_branch_operator_decorator.py for tasks to queue
[2024-09-24T23:52:11.590+0000] {logging_mixin.py:190} INFO - [2024-09-24T23:52:11.589+0000] {dagbag.py:588} INFO - Filling up the DagBag from /home/airflow/.local/lib/python3.12/site-packages/airflow/example_dags/example_branch_operator_decorator.py
[2024-09-24T23:52:11.627+0000] {processor.py:925} INFO - DAG(s) 'example_branch_python_operator_decorator' retrieved from /home/airflow/.local/lib/python3.12/site-packages/airflow/example_dags/example_branch_operator_decorator.py
[2024-09-24T23:52:11.681+0000] {logging_mixin.py:190} INFO - [2024-09-24T23:52:11.681+0000] {dag.py:3239} INFO - Sync 1 DAGs
[2024-09-24T23:52:11.729+0000] {logging_mixin.py:190} INFO - [2024-09-24T23:52:11.729+0000] {dag.py:4180} INFO - Setting next_dagrun for example_branch_python_operator_decorator to 2024-09-23 00:00:00+00:00, run_after=2024-09-24 00:00:00+00:00
[2024-09-24T23:52:11.766+0000] {processor.py:208} INFO - Processing /home/airflow/.local/lib/python3.12/site-packages/airflow/example_dags/example_branch_operator_decorator.py took 0.192 seconds
[2024-09-24T23:52:42.314+0000] {processor.py:186} INFO - Started process (PID=8354) to work on /home/airflow/.local/lib/python3.12/site-packages/airflow/example_dags/example_branch_operator_decorator.py
[2024-09-24T23:52:42.316+0000] {processor.py:914} INFO - Processing file /home/airflow/.local/lib/python3.12/site-packages/airflow/example_dags/example_branch_operator_decorator.py for tasks to queue
[2024-09-24T23:52:42.320+0000] {logging_mixin.py:190} INFO - [2024-09-24T23:52:42.319+0000] {dagbag.py:588} INFO - Filling up the DagBag from /home/airflow/.local/lib/python3.12/site-packages/airflow/example_dags/example_branch_operator_decorator.py
[2024-09-24T23:52:42.365+0000] {processor.py:925} INFO - DAG(s) 'example_branch_python_operator_decorator' retrieved from /home/airflow/.local/lib/python3.12/site-packages/airflow/example_dags/example_branch_operator_decorator.py
[2024-09-24T23:52:42.417+0000] {logging_mixin.py:190} INFO - [2024-09-24T23:52:42.417+0000] {dag.py:3239} INFO - Sync 1 DAGs
[2024-09-24T23:52:42.459+0000] {logging_mixin.py:190} INFO - [2024-09-24T23:52:42.459+0000] {dag.py:4180} INFO - Setting next_dagrun for example_branch_python_operator_decorator to 2024-09-23 00:00:00+00:00, run_after=2024-09-24 00:00:00+00:00
[2024-09-24T23:52:42.495+0000] {processor.py:208} INFO - Processing /home/airflow/.local/lib/python3.12/site-packages/airflow/example_dags/example_branch_operator_decorator.py took 0.190 seconds
[2024-09-24T23:53:12.756+0000] {processor.py:186} INFO - Started process (PID=8640) to work on /home/airflow/.local/lib/python3.12/site-packages/airflow/example_dags/example_branch_operator_decorator.py
[2024-09-24T23:53:12.758+0000] {processor.py:914} INFO - Processing file /home/airflow/.local/lib/python3.12/site-packages/airflow/example_dags/example_branch_operator_decorator.py for tasks to queue
[2024-09-24T23:53:12.763+0000] {logging_mixin.py:190} INFO - [2024-09-24T23:53:12.762+0000] {dagbag.py:588} INFO - Filling up the DagBag from /home/airflow/.local/lib/python3.12/site-packages/airflow/example_dags/example_branch_operator_decorator.py
[2024-09-24T23:53:12.815+0000] {processor.py:925} INFO - DAG(s) 'example_branch_python_operator_decorator' retrieved from /home/airflow/.local/lib/python3.12/site-packages/airflow/example_dags/example_branch_operator_decorator.py
[2024-09-24T23:53:12.886+0000] {logging_mixin.py:190} INFO - [2024-09-24T23:53:12.886+0000] {dag.py:3239} INFO - Sync 1 DAGs
[2024-09-24T23:53:12.951+0000] {logging_mixin.py:190} INFO - [2024-09-24T23:53:12.951+0000] {dag.py:4180} INFO - Setting next_dagrun for example_branch_python_operator_decorator to 2024-09-23 00:00:00+00:00, run_after=2024-09-24 00:00:00+00:00
[2024-09-24T23:53:12.990+0000] {processor.py:208} INFO - Processing /home/airflow/.local/lib/python3.12/site-packages/airflow/example_dags/example_branch_operator_decorator.py took 0.246 seconds
[2024-09-24T23:53:43.110+0000] {processor.py:186} INFO - Started process (PID=8924) to work on /home/airflow/.local/lib/python3.12/site-packages/airflow/example_dags/example_branch_operator_decorator.py
[2024-09-24T23:53:43.112+0000] {processor.py:914} INFO - Processing file /home/airflow/.local/lib/python3.12/site-packages/airflow/example_dags/example_branch_operator_decorator.py for tasks to queue
[2024-09-24T23:53:43.116+0000] {logging_mixin.py:190} INFO - [2024-09-24T23:53:43.116+0000] {dagbag.py:588} INFO - Filling up the DagBag from /home/airflow/.local/lib/python3.12/site-packages/airflow/example_dags/example_branch_operator_decorator.py
[2024-09-24T23:53:43.160+0000] {processor.py:925} INFO - DAG(s) 'example_branch_python_operator_decorator' retrieved from /home/airflow/.local/lib/python3.12/site-packages/airflow/example_dags/example_branch_operator_decorator.py
[2024-09-24T23:53:43.225+0000] {logging_mixin.py:190} INFO - [2024-09-24T23:53:43.224+0000] {dag.py:3239} INFO - Sync 1 DAGs
[2024-09-24T23:53:43.280+0000] {logging_mixin.py:190} INFO - [2024-09-24T23:53:43.279+0000] {dag.py:4180} INFO - Setting next_dagrun for example_branch_python_operator_decorator to 2024-09-23 00:00:00+00:00, run_after=2024-09-24 00:00:00+00:00
[2024-09-24T23:53:43.322+0000] {processor.py:208} INFO - Processing /home/airflow/.local/lib/python3.12/site-packages/airflow/example_dags/example_branch_operator_decorator.py took 0.224 seconds
[2024-09-24T23:54:13.677+0000] {processor.py:186} INFO - Started process (PID=9202) to work on /home/airflow/.local/lib/python3.12/site-packages/airflow/example_dags/example_branch_operator_decorator.py
[2024-09-24T23:54:13.679+0000] {processor.py:914} INFO - Processing file /home/airflow/.local/lib/python3.12/site-packages/airflow/example_dags/example_branch_operator_decorator.py for tasks to queue
[2024-09-24T23:54:13.684+0000] {logging_mixin.py:190} INFO - [2024-09-24T23:54:13.684+0000] {dagbag.py:588} INFO - Filling up the DagBag from /home/airflow/.local/lib/python3.12/site-packages/airflow/example_dags/example_branch_operator_decorator.py
[2024-09-24T23:54:13.738+0000] {processor.py:925} INFO - DAG(s) 'example_branch_python_operator_decorator' retrieved from /home/airflow/.local/lib/python3.12/site-packages/airflow/example_dags/example_branch_operator_decorator.py
[2024-09-24T23:54:13.864+0000] {logging_mixin.py:190} INFO - [2024-09-24T23:54:13.863+0000] {dag.py:3239} INFO - Sync 1 DAGs
[2024-09-24T23:54:13.984+0000] {logging_mixin.py:190} INFO - [2024-09-24T23:54:13.982+0000] {dag.py:4180} INFO - Setting next_dagrun for example_branch_python_operator_decorator to 2024-09-23 00:00:00+00:00, run_after=2024-09-24 00:00:00+00:00
[2024-09-24T23:54:14.072+0000] {processor.py:208} INFO - Processing /home/airflow/.local/lib/python3.12/site-packages/airflow/example_dags/example_branch_operator_decorator.py took 0.406 seconds
[2024-09-24T23:54:44.370+0000] {processor.py:186} INFO - Started process (PID=9488) to work on /home/airflow/.local/lib/python3.12/site-packages/airflow/example_dags/example_branch_operator_decorator.py
[2024-09-24T23:54:44.372+0000] {processor.py:914} INFO - Processing file /home/airflow/.local/lib/python3.12/site-packages/airflow/example_dags/example_branch_operator_decorator.py for tasks to queue
[2024-09-24T23:54:44.377+0000] {logging_mixin.py:190} INFO - [2024-09-24T23:54:44.376+0000] {dagbag.py:588} INFO - Filling up the DagBag from /home/airflow/.local/lib/python3.12/site-packages/airflow/example_dags/example_branch_operator_decorator.py
[2024-09-24T23:54:44.423+0000] {processor.py:925} INFO - DAG(s) 'example_branch_python_operator_decorator' retrieved from /home/airflow/.local/lib/python3.12/site-packages/airflow/example_dags/example_branch_operator_decorator.py
[2024-09-24T23:54:44.492+0000] {logging_mixin.py:190} INFO - [2024-09-24T23:54:44.491+0000] {dag.py:3239} INFO - Sync 1 DAGs
[2024-09-24T23:54:44.547+0000] {logging_mixin.py:190} INFO - [2024-09-24T23:54:44.546+0000] {dag.py:4180} INFO - Setting next_dagrun for example_branch_python_operator_decorator to 2024-09-23 00:00:00+00:00, run_after=2024-09-24 00:00:00+00:00
[2024-09-24T23:54:44.592+0000] {processor.py:208} INFO - Processing /home/airflow/.local/lib/python3.12/site-packages/airflow/example_dags/example_branch_operator_decorator.py took 0.232 seconds
[2024-09-24T23:55:15.499+0000] {processor.py:186} INFO - Started process (PID=9774) to work on /home/airflow/.local/lib/python3.12/site-packages/airflow/example_dags/example_branch_operator_decorator.py
[2024-09-24T23:55:15.502+0000] {processor.py:914} INFO - Processing file /home/airflow/.local/lib/python3.12/site-packages/airflow/example_dags/example_branch_operator_decorator.py for tasks to queue
[2024-09-24T23:55:15.507+0000] {logging_mixin.py:190} INFO - [2024-09-24T23:55:15.506+0000] {dagbag.py:588} INFO - Filling up the DagBag from /home/airflow/.local/lib/python3.12/site-packages/airflow/example_dags/example_branch_operator_decorator.py
[2024-09-24T23:55:15.571+0000] {processor.py:925} INFO - DAG(s) 'example_branch_python_operator_decorator' retrieved from /home/airflow/.local/lib/python3.12/site-packages/airflow/example_dags/example_branch_operator_decorator.py
[2024-09-24T23:55:15.652+0000] {logging_mixin.py:190} INFO - [2024-09-24T23:55:15.651+0000] {dag.py:3239} INFO - Sync 1 DAGs
[2024-09-24T23:55:15.732+0000] {logging_mixin.py:190} INFO - [2024-09-24T23:55:15.731+0000] {dag.py:4180} INFO - Setting next_dagrun for example_branch_python_operator_decorator to 2024-09-23 00:00:00+00:00, run_after=2024-09-24 00:00:00+00:00
[2024-09-24T23:55:15.807+0000] {processor.py:208} INFO - Processing /home/airflow/.local/lib/python3.12/site-packages/airflow/example_dags/example_branch_operator_decorator.py took 0.327 seconds
[2024-09-24T23:55:49.199+0000] {processor.py:186} INFO - Started process (PID=10058) to work on /home/airflow/.local/lib/python3.12/site-packages/airflow/example_dags/example_branch_operator_decorator.py
[2024-09-24T23:55:49.203+0000] {processor.py:914} INFO - Processing file /home/airflow/.local/lib/python3.12/site-packages/airflow/example_dags/example_branch_operator_decorator.py for tasks to queue
[2024-09-24T23:55:49.217+0000] {logging_mixin.py:190} INFO - [2024-09-24T23:55:49.216+0000] {dagbag.py:588} INFO - Filling up the DagBag from /home/airflow/.local/lib/python3.12/site-packages/airflow/example_dags/example_branch_operator_decorator.py
[2024-09-24T23:55:49.456+0000] {processor.py:925} INFO - DAG(s) 'example_branch_python_operator_decorator' retrieved from /home/airflow/.local/lib/python3.12/site-packages/airflow/example_dags/example_branch_operator_decorator.py
[2024-09-24T23:55:49.779+0000] {logging_mixin.py:190} INFO - [2024-09-24T23:55:49.778+0000] {dag.py:3239} INFO - Sync 1 DAGs
[2024-09-24T23:55:50.036+0000] {logging_mixin.py:190} INFO - [2024-09-24T23:55:50.036+0000] {dag.py:4180} INFO - Setting next_dagrun for example_branch_python_operator_decorator to 2024-09-23 00:00:00+00:00, run_after=2024-09-24 00:00:00+00:00
[2024-09-24T23:55:50.239+0000] {processor.py:208} INFO - Processing /home/airflow/.local/lib/python3.12/site-packages/airflow/example_dags/example_branch_operator_decorator.py took 1.088 seconds
