[2024-09-24T23:38:31.994+0000] {processor.py:186} INFO - Started process (PID=462) to work on /home/airflow/.local/lib/python3.12/site-packages/airflow/example_dags/example_skip_dag.py
[2024-09-24T23:38:31.997+0000] {processor.py:914} INFO - Processing file /home/airflow/.local/lib/python3.12/site-packages/airflow/example_dags/example_skip_dag.py for tasks to queue
[2024-09-24T23:38:32.008+0000] {logging_mixin.py:190} INFO - [2024-09-24T23:38:32.006+0000] {dagbag.py:588} INFO - Filling up the DagBag from /home/airflow/.local/lib/python3.12/site-packages/airflow/example_dags/example_skip_dag.py
[2024-09-24T23:38:32.048+0000] {processor.py:925} INFO - DAG(s) 'example_skip_dag' retrieved from /home/airflow/.local/lib/python3.12/site-packages/airflow/example_dags/example_skip_dag.py
[2024-09-24T23:38:32.545+0000] {logging_mixin.py:190} INFO - [2024-09-24T23:38:32.539+0000] {override.py:1900} INFO - Created Permission View: can edit on DAG:example_skip_dag
[2024-09-24T23:38:32.586+0000] {logging_mixin.py:190} INFO - [2024-09-24T23:38:32.582+0000] {override.py:1900} INFO - Created Permission View: can read on DAG:example_skip_dag
[2024-09-24T23:38:32.613+0000] {logging_mixin.py:190} INFO - [2024-09-24T23:38:32.612+0000] {override.py:1900} INFO - Created Permission View: can delete on DAG:example_skip_dag
[2024-09-24T23:38:32.649+0000] {logging_mixin.py:190} INFO - [2024-09-24T23:38:32.648+0000] {override.py:1900} INFO - Created Permission View: can read on DAG Run:example_skip_dag
[2024-09-24T23:38:32.683+0000] {logging_mixin.py:190} INFO - [2024-09-24T23:38:32.682+0000] {override.py:1900} INFO - Created Permission View: menu access on DAG Run:example_skip_dag
[2024-09-24T23:38:32.717+0000] {logging_mixin.py:190} INFO - [2024-09-24T23:38:32.716+0000] {override.py:1900} INFO - Created Permission View: can delete on DAG Run:example_skip_dag
[2024-09-24T23:38:32.745+0000] {logging_mixin.py:190} INFO - [2024-09-24T23:38:32.744+0000] {override.py:1900} INFO - Created Permission View: can create on DAG Run:example_skip_dag
[2024-09-24T23:38:32.747+0000] {logging_mixin.py:190} INFO - [2024-09-24T23:38:32.746+0000] {dag.py:3239} INFO - Sync 1 DAGs
[2024-09-24T23:38:32.809+0000] {logging_mixin.py:190} INFO - [2024-09-24T23:38:32.808+0000] {dag.py:3262} INFO - Creating ORM DAG for example_skip_dag
[2024-09-24T23:38:32.852+0000] {logging_mixin.py:190} INFO - [2024-09-24T23:38:32.852+0000] {dag.py:4180} INFO - Setting next_dagrun for example_skip_dag to 2024-09-23 00:00:00+00:00, run_after=2024-09-24 00:00:00+00:00
[2024-09-24T23:38:32.919+0000] {processor.py:208} INFO - Processing /home/airflow/.local/lib/python3.12/site-packages/airflow/example_dags/example_skip_dag.py took 0.947 seconds
[2024-09-24T23:39:03.191+0000] {processor.py:186} INFO - Started process (PID=749) to work on /home/airflow/.local/lib/python3.12/site-packages/airflow/example_dags/example_skip_dag.py
[2024-09-24T23:39:03.194+0000] {processor.py:914} INFO - Processing file /home/airflow/.local/lib/python3.12/site-packages/airflow/example_dags/example_skip_dag.py for tasks to queue
[2024-09-24T23:39:03.200+0000] {logging_mixin.py:190} INFO - [2024-09-24T23:39:03.199+0000] {dagbag.py:588} INFO - Filling up the DagBag from /home/airflow/.local/lib/python3.12/site-packages/airflow/example_dags/example_skip_dag.py
[2024-09-24T23:39:03.224+0000] {processor.py:925} INFO - DAG(s) 'example_skip_dag' retrieved from /home/airflow/.local/lib/python3.12/site-packages/airflow/example_dags/example_skip_dag.py
[2024-09-24T23:39:03.307+0000] {logging_mixin.py:190} INFO - [2024-09-24T23:39:03.307+0000] {dag.py:3239} INFO - Sync 1 DAGs
[2024-09-24T23:39:03.399+0000] {logging_mixin.py:190} INFO - [2024-09-24T23:39:03.398+0000] {dag.py:4180} INFO - Setting next_dagrun for example_skip_dag to 2024-09-23 00:00:00+00:00, run_after=2024-09-24 00:00:00+00:00
[2024-09-24T23:39:03.457+0000] {processor.py:208} INFO - Processing /home/airflow/.local/lib/python3.12/site-packages/airflow/example_dags/example_skip_dag.py took 0.282 seconds
[2024-09-24T23:39:35.773+0000] {processor.py:186} INFO - Started process (PID=1033) to work on /home/airflow/.local/lib/python3.12/site-packages/airflow/example_dags/example_skip_dag.py
[2024-09-24T23:39:35.781+0000] {processor.py:914} INFO - Processing file /home/airflow/.local/lib/python3.12/site-packages/airflow/example_dags/example_skip_dag.py for tasks to queue
[2024-09-24T23:39:35.823+0000] {logging_mixin.py:190} INFO - [2024-09-24T23:39:35.822+0000] {dagbag.py:588} INFO - Filling up the DagBag from /home/airflow/.local/lib/python3.12/site-packages/airflow/example_dags/example_skip_dag.py
[2024-09-24T23:39:36.006+0000] {processor.py:925} INFO - DAG(s) 'example_skip_dag' retrieved from /home/airflow/.local/lib/python3.12/site-packages/airflow/example_dags/example_skip_dag.py
[2024-09-24T23:39:36.731+0000] {logging_mixin.py:190} INFO - [2024-09-24T23:39:36.726+0000] {dag.py:3239} INFO - Sync 1 DAGs
[2024-09-24T23:39:37.652+0000] {logging_mixin.py:190} INFO - [2024-09-24T23:39:37.651+0000] {dag.py:4180} INFO - Setting next_dagrun for example_skip_dag to 2024-09-23 00:00:00+00:00, run_after=2024-09-24 00:00:00+00:00
[2024-09-24T23:39:37.758+0000] {processor.py:208} INFO - Processing /home/airflow/.local/lib/python3.12/site-packages/airflow/example_dags/example_skip_dag.py took 2.125 seconds
[2024-09-24T23:40:07.973+0000] {processor.py:186} INFO - Started process (PID=1316) to work on /home/airflow/.local/lib/python3.12/site-packages/airflow/example_dags/example_skip_dag.py
[2024-09-24T23:40:07.976+0000] {processor.py:914} INFO - Processing file /home/airflow/.local/lib/python3.12/site-packages/airflow/example_dags/example_skip_dag.py for tasks to queue
[2024-09-24T23:40:07.982+0000] {logging_mixin.py:190} INFO - [2024-09-24T23:40:07.981+0000] {dagbag.py:588} INFO - Filling up the DagBag from /home/airflow/.local/lib/python3.12/site-packages/airflow/example_dags/example_skip_dag.py
[2024-09-24T23:40:07.996+0000] {processor.py:925} INFO - DAG(s) 'example_skip_dag' retrieved from /home/airflow/.local/lib/python3.12/site-packages/airflow/example_dags/example_skip_dag.py
[2024-09-24T23:40:08.038+0000] {logging_mixin.py:190} INFO - [2024-09-24T23:40:08.037+0000] {dag.py:3239} INFO - Sync 1 DAGs
[2024-09-24T23:40:08.137+0000] {logging_mixin.py:190} INFO - [2024-09-24T23:40:08.137+0000] {dag.py:4180} INFO - Setting next_dagrun for example_skip_dag to 2024-09-23 00:00:00+00:00, run_after=2024-09-24 00:00:00+00:00
[2024-09-24T23:40:08.198+0000] {processor.py:208} INFO - Processing /home/airflow/.local/lib/python3.12/site-packages/airflow/example_dags/example_skip_dag.py took 0.234 seconds
[2024-09-24T23:40:38.792+0000] {processor.py:186} INFO - Started process (PID=1603) to work on /home/airflow/.local/lib/python3.12/site-packages/airflow/example_dags/example_skip_dag.py
[2024-09-24T23:40:38.799+0000] {processor.py:914} INFO - Processing file /home/airflow/.local/lib/python3.12/site-packages/airflow/example_dags/example_skip_dag.py for tasks to queue
[2024-09-24T23:40:38.810+0000] {logging_mixin.py:190} INFO - [2024-09-24T23:40:38.809+0000] {dagbag.py:588} INFO - Filling up the DagBag from /home/airflow/.local/lib/python3.12/site-packages/airflow/example_dags/example_skip_dag.py
[2024-09-24T23:40:38.843+0000] {processor.py:925} INFO - DAG(s) 'example_skip_dag' retrieved from /home/airflow/.local/lib/python3.12/site-packages/airflow/example_dags/example_skip_dag.py
[2024-09-24T23:40:38.934+0000] {logging_mixin.py:190} INFO - [2024-09-24T23:40:38.929+0000] {dag.py:3239} INFO - Sync 1 DAGs
[2024-09-24T23:40:39.052+0000] {logging_mixin.py:190} INFO - [2024-09-24T23:40:39.051+0000] {dag.py:4180} INFO - Setting next_dagrun for example_skip_dag to 2024-09-23 00:00:00+00:00, run_after=2024-09-24 00:00:00+00:00
[2024-09-24T23:40:39.132+0000] {processor.py:208} INFO - Processing /home/airflow/.local/lib/python3.12/site-packages/airflow/example_dags/example_skip_dag.py took 0.365 seconds
[2024-09-24T23:41:09.455+0000] {processor.py:186} INFO - Started process (PID=1895) to work on /home/airflow/.local/lib/python3.12/site-packages/airflow/example_dags/example_skip_dag.py
[2024-09-24T23:41:09.457+0000] {processor.py:914} INFO - Processing file /home/airflow/.local/lib/python3.12/site-packages/airflow/example_dags/example_skip_dag.py for tasks to queue
[2024-09-24T23:41:09.463+0000] {logging_mixin.py:190} INFO - [2024-09-24T23:41:09.463+0000] {dagbag.py:588} INFO - Filling up the DagBag from /home/airflow/.local/lib/python3.12/site-packages/airflow/example_dags/example_skip_dag.py
[2024-09-24T23:41:09.481+0000] {processor.py:925} INFO - DAG(s) 'example_skip_dag' retrieved from /home/airflow/.local/lib/python3.12/site-packages/airflow/example_dags/example_skip_dag.py
[2024-09-24T23:41:09.541+0000] {logging_mixin.py:190} INFO - [2024-09-24T23:41:09.540+0000] {dag.py:3239} INFO - Sync 1 DAGs
[2024-09-24T23:41:09.616+0000] {logging_mixin.py:190} INFO - [2024-09-24T23:41:09.615+0000] {dag.py:4180} INFO - Setting next_dagrun for example_skip_dag to 2024-09-23 00:00:00+00:00, run_after=2024-09-24 00:00:00+00:00
[2024-09-24T23:41:09.678+0000] {processor.py:208} INFO - Processing /home/airflow/.local/lib/python3.12/site-packages/airflow/example_dags/example_skip_dag.py took 0.237 seconds
[2024-09-24T23:41:39.824+0000] {processor.py:186} INFO - Started process (PID=2186) to work on /home/airflow/.local/lib/python3.12/site-packages/airflow/example_dags/example_skip_dag.py
[2024-09-24T23:41:39.827+0000] {processor.py:914} INFO - Processing file /home/airflow/.local/lib/python3.12/site-packages/airflow/example_dags/example_skip_dag.py for tasks to queue
[2024-09-24T23:41:39.835+0000] {logging_mixin.py:190} INFO - [2024-09-24T23:41:39.834+0000] {dagbag.py:588} INFO - Filling up the DagBag from /home/airflow/.local/lib/python3.12/site-packages/airflow/example_dags/example_skip_dag.py
[2024-09-24T23:41:39.868+0000] {processor.py:925} INFO - DAG(s) 'example_skip_dag' retrieved from /home/airflow/.local/lib/python3.12/site-packages/airflow/example_dags/example_skip_dag.py
[2024-09-24T23:41:39.940+0000] {logging_mixin.py:190} INFO - [2024-09-24T23:41:39.939+0000] {dag.py:3239} INFO - Sync 1 DAGs
[2024-09-24T23:41:40.018+0000] {logging_mixin.py:190} INFO - [2024-09-24T23:41:40.017+0000] {dag.py:4180} INFO - Setting next_dagrun for example_skip_dag to 2024-09-23 00:00:00+00:00, run_after=2024-09-24 00:00:00+00:00
[2024-09-24T23:41:40.067+0000] {processor.py:208} INFO - Processing /home/airflow/.local/lib/python3.12/site-packages/airflow/example_dags/example_skip_dag.py took 0.254 seconds
[2024-09-24T23:42:10.938+0000] {processor.py:186} INFO - Started process (PID=2472) to work on /home/airflow/.local/lib/python3.12/site-packages/airflow/example_dags/example_skip_dag.py
[2024-09-24T23:42:10.942+0000] {processor.py:914} INFO - Processing file /home/airflow/.local/lib/python3.12/site-packages/airflow/example_dags/example_skip_dag.py for tasks to queue
[2024-09-24T23:42:10.948+0000] {logging_mixin.py:190} INFO - [2024-09-24T23:42:10.947+0000] {dagbag.py:588} INFO - Filling up the DagBag from /home/airflow/.local/lib/python3.12/site-packages/airflow/example_dags/example_skip_dag.py
[2024-09-24T23:42:10.968+0000] {processor.py:925} INFO - DAG(s) 'example_skip_dag' retrieved from /home/airflow/.local/lib/python3.12/site-packages/airflow/example_dags/example_skip_dag.py
[2024-09-24T23:42:11.024+0000] {logging_mixin.py:190} INFO - [2024-09-24T23:42:11.024+0000] {dag.py:3239} INFO - Sync 1 DAGs
[2024-09-24T23:42:11.086+0000] {logging_mixin.py:190} INFO - [2024-09-24T23:42:11.085+0000] {dag.py:4180} INFO - Setting next_dagrun for example_skip_dag to 2024-09-23 00:00:00+00:00, run_after=2024-09-24 00:00:00+00:00
[2024-09-24T23:42:11.139+0000] {processor.py:208} INFO - Processing /home/airflow/.local/lib/python3.12/site-packages/airflow/example_dags/example_skip_dag.py took 0.215 seconds
[2024-09-24T23:42:41.717+0000] {processor.py:186} INFO - Started process (PID=2758) to work on /home/airflow/.local/lib/python3.12/site-packages/airflow/example_dags/example_skip_dag.py
[2024-09-24T23:42:41.719+0000] {processor.py:914} INFO - Processing file /home/airflow/.local/lib/python3.12/site-packages/airflow/example_dags/example_skip_dag.py for tasks to queue
[2024-09-24T23:42:41.723+0000] {logging_mixin.py:190} INFO - [2024-09-24T23:42:41.722+0000] {dagbag.py:588} INFO - Filling up the DagBag from /home/airflow/.local/lib/python3.12/site-packages/airflow/example_dags/example_skip_dag.py
[2024-09-24T23:42:41.739+0000] {processor.py:925} INFO - DAG(s) 'example_skip_dag' retrieved from /home/airflow/.local/lib/python3.12/site-packages/airflow/example_dags/example_skip_dag.py
[2024-09-24T23:42:41.793+0000] {logging_mixin.py:190} INFO - [2024-09-24T23:42:41.792+0000] {dag.py:3239} INFO - Sync 1 DAGs
[2024-09-24T23:42:41.861+0000] {logging_mixin.py:190} INFO - [2024-09-24T23:42:41.860+0000] {dag.py:4180} INFO - Setting next_dagrun for example_skip_dag to 2024-09-23 00:00:00+00:00, run_after=2024-09-24 00:00:00+00:00
[2024-09-24T23:42:41.916+0000] {processor.py:208} INFO - Processing /home/airflow/.local/lib/python3.12/site-packages/airflow/example_dags/example_skip_dag.py took 0.209 seconds
[2024-09-24T23:43:12.438+0000] {processor.py:186} INFO - Started process (PID=3044) to work on /home/airflow/.local/lib/python3.12/site-packages/airflow/example_dags/example_skip_dag.py
[2024-09-24T23:43:12.441+0000] {processor.py:914} INFO - Processing file /home/airflow/.local/lib/python3.12/site-packages/airflow/example_dags/example_skip_dag.py for tasks to queue
[2024-09-24T23:43:12.446+0000] {logging_mixin.py:190} INFO - [2024-09-24T23:43:12.445+0000] {dagbag.py:588} INFO - Filling up the DagBag from /home/airflow/.local/lib/python3.12/site-packages/airflow/example_dags/example_skip_dag.py
[2024-09-24T23:43:12.462+0000] {processor.py:925} INFO - DAG(s) 'example_skip_dag' retrieved from /home/airflow/.local/lib/python3.12/site-packages/airflow/example_dags/example_skip_dag.py
[2024-09-24T23:43:12.504+0000] {logging_mixin.py:190} INFO - [2024-09-24T23:43:12.503+0000] {dag.py:3239} INFO - Sync 1 DAGs
[2024-09-24T23:43:12.551+0000] {logging_mixin.py:190} INFO - [2024-09-24T23:43:12.551+0000] {dag.py:4180} INFO - Setting next_dagrun for example_skip_dag to 2024-09-23 00:00:00+00:00, run_after=2024-09-24 00:00:00+00:00
[2024-09-24T23:43:12.591+0000] {processor.py:208} INFO - Processing /home/airflow/.local/lib/python3.12/site-packages/airflow/example_dags/example_skip_dag.py took 0.165 seconds
[2024-09-24T23:43:42.785+0000] {processor.py:186} INFO - Started process (PID=3330) to work on /home/airflow/.local/lib/python3.12/site-packages/airflow/example_dags/example_skip_dag.py
[2024-09-24T23:43:42.787+0000] {processor.py:914} INFO - Processing file /home/airflow/.local/lib/python3.12/site-packages/airflow/example_dags/example_skip_dag.py for tasks to queue
[2024-09-24T23:43:42.792+0000] {logging_mixin.py:190} INFO - [2024-09-24T23:43:42.791+0000] {dagbag.py:588} INFO - Filling up the DagBag from /home/airflow/.local/lib/python3.12/site-packages/airflow/example_dags/example_skip_dag.py
[2024-09-24T23:43:42.807+0000] {processor.py:925} INFO - DAG(s) 'example_skip_dag' retrieved from /home/airflow/.local/lib/python3.12/site-packages/airflow/example_dags/example_skip_dag.py
[2024-09-24T23:43:42.854+0000] {logging_mixin.py:190} INFO - [2024-09-24T23:43:42.854+0000] {dag.py:3239} INFO - Sync 1 DAGs
[2024-09-24T23:43:43.015+0000] {logging_mixin.py:190} INFO - [2024-09-24T23:43:43.007+0000] {dag.py:4180} INFO - Setting next_dagrun for example_skip_dag to 2024-09-23 00:00:00+00:00, run_after=2024-09-24 00:00:00+00:00
[2024-09-24T23:43:43.132+0000] {processor.py:208} INFO - Processing /home/airflow/.local/lib/python3.12/site-packages/airflow/example_dags/example_skip_dag.py took 0.358 seconds
[2024-09-24T23:44:13.868+0000] {processor.py:186} INFO - Started process (PID=3616) to work on /home/airflow/.local/lib/python3.12/site-packages/airflow/example_dags/example_skip_dag.py
[2024-09-24T23:44:13.871+0000] {processor.py:914} INFO - Processing file /home/airflow/.local/lib/python3.12/site-packages/airflow/example_dags/example_skip_dag.py for tasks to queue
[2024-09-24T23:44:13.878+0000] {logging_mixin.py:190} INFO - [2024-09-24T23:44:13.878+0000] {dagbag.py:588} INFO - Filling up the DagBag from /home/airflow/.local/lib/python3.12/site-packages/airflow/example_dags/example_skip_dag.py
[2024-09-24T23:44:13.895+0000] {processor.py:925} INFO - DAG(s) 'example_skip_dag' retrieved from /home/airflow/.local/lib/python3.12/site-packages/airflow/example_dags/example_skip_dag.py
[2024-09-24T23:44:14.143+0000] {logging_mixin.py:190} INFO - [2024-09-24T23:44:14.142+0000] {dag.py:3239} INFO - Sync 1 DAGs
[2024-09-24T23:44:14.293+0000] {logging_mixin.py:190} INFO - [2024-09-24T23:44:14.292+0000] {dag.py:4180} INFO - Setting next_dagrun for example_skip_dag to 2024-09-23 00:00:00+00:00, run_after=2024-09-24 00:00:00+00:00
[2024-09-24T23:44:14.373+0000] {processor.py:208} INFO - Processing /home/airflow/.local/lib/python3.12/site-packages/airflow/example_dags/example_skip_dag.py took 0.518 seconds
[2024-09-24T23:44:45.334+0000] {processor.py:186} INFO - Started process (PID=3902) to work on /home/airflow/.local/lib/python3.12/site-packages/airflow/example_dags/example_skip_dag.py
[2024-09-24T23:44:45.338+0000] {processor.py:914} INFO - Processing file /home/airflow/.local/lib/python3.12/site-packages/airflow/example_dags/example_skip_dag.py for tasks to queue
[2024-09-24T23:44:45.344+0000] {logging_mixin.py:190} INFO - [2024-09-24T23:44:45.343+0000] {dagbag.py:588} INFO - Filling up the DagBag from /home/airflow/.local/lib/python3.12/site-packages/airflow/example_dags/example_skip_dag.py
[2024-09-24T23:44:45.362+0000] {processor.py:925} INFO - DAG(s) 'example_skip_dag' retrieved from /home/airflow/.local/lib/python3.12/site-packages/airflow/example_dags/example_skip_dag.py
[2024-09-24T23:44:45.412+0000] {logging_mixin.py:190} INFO - [2024-09-24T23:44:45.412+0000] {dag.py:3239} INFO - Sync 1 DAGs
[2024-09-24T23:44:45.463+0000] {logging_mixin.py:190} INFO - [2024-09-24T23:44:45.463+0000] {dag.py:4180} INFO - Setting next_dagrun for example_skip_dag to 2024-09-23 00:00:00+00:00, run_after=2024-09-24 00:00:00+00:00
[2024-09-24T23:44:45.520+0000] {processor.py:208} INFO - Processing /home/airflow/.local/lib/python3.12/site-packages/airflow/example_dags/example_skip_dag.py took 0.205 seconds
[2024-09-24T23:45:16.275+0000] {processor.py:186} INFO - Started process (PID=4188) to work on /home/airflow/.local/lib/python3.12/site-packages/airflow/example_dags/example_skip_dag.py
[2024-09-24T23:45:16.278+0000] {processor.py:914} INFO - Processing file /home/airflow/.local/lib/python3.12/site-packages/airflow/example_dags/example_skip_dag.py for tasks to queue
[2024-09-24T23:45:16.286+0000] {logging_mixin.py:190} INFO - [2024-09-24T23:45:16.284+0000] {dagbag.py:588} INFO - Filling up the DagBag from /home/airflow/.local/lib/python3.12/site-packages/airflow/example_dags/example_skip_dag.py
[2024-09-24T23:45:16.314+0000] {processor.py:925} INFO - DAG(s) 'example_skip_dag' retrieved from /home/airflow/.local/lib/python3.12/site-packages/airflow/example_dags/example_skip_dag.py
[2024-09-24T23:45:16.371+0000] {logging_mixin.py:190} INFO - [2024-09-24T23:45:16.370+0000] {dag.py:3239} INFO - Sync 1 DAGs
[2024-09-24T23:45:16.439+0000] {logging_mixin.py:190} INFO - [2024-09-24T23:45:16.439+0000] {dag.py:4180} INFO - Setting next_dagrun for example_skip_dag to 2024-09-23 00:00:00+00:00, run_after=2024-09-24 00:00:00+00:00
[2024-09-24T23:45:16.495+0000] {processor.py:208} INFO - Processing /home/airflow/.local/lib/python3.12/site-packages/airflow/example_dags/example_skip_dag.py took 0.238 seconds
[2024-09-24T23:45:46.992+0000] {processor.py:186} INFO - Started process (PID=4474) to work on /home/airflow/.local/lib/python3.12/site-packages/airflow/example_dags/example_skip_dag.py
[2024-09-24T23:45:46.995+0000] {processor.py:914} INFO - Processing file /home/airflow/.local/lib/python3.12/site-packages/airflow/example_dags/example_skip_dag.py for tasks to queue
[2024-09-24T23:45:47.000+0000] {logging_mixin.py:190} INFO - [2024-09-24T23:45:46.999+0000] {dagbag.py:588} INFO - Filling up the DagBag from /home/airflow/.local/lib/python3.12/site-packages/airflow/example_dags/example_skip_dag.py
[2024-09-24T23:45:47.017+0000] {processor.py:925} INFO - DAG(s) 'example_skip_dag' retrieved from /home/airflow/.local/lib/python3.12/site-packages/airflow/example_dags/example_skip_dag.py
[2024-09-24T23:45:47.062+0000] {logging_mixin.py:190} INFO - [2024-09-24T23:45:47.061+0000] {dag.py:3239} INFO - Sync 1 DAGs
[2024-09-24T23:45:47.108+0000] {logging_mixin.py:190} INFO - [2024-09-24T23:45:47.107+0000] {dag.py:4180} INFO - Setting next_dagrun for example_skip_dag to 2024-09-23 00:00:00+00:00, run_after=2024-09-24 00:00:00+00:00
[2024-09-24T23:45:47.142+0000] {processor.py:208} INFO - Processing /home/airflow/.local/lib/python3.12/site-packages/airflow/example_dags/example_skip_dag.py took 0.164 seconds
[2024-09-24T23:46:17.250+0000] {processor.py:186} INFO - Started process (PID=4760) to work on /home/airflow/.local/lib/python3.12/site-packages/airflow/example_dags/example_skip_dag.py
[2024-09-24T23:46:17.253+0000] {processor.py:914} INFO - Processing file /home/airflow/.local/lib/python3.12/site-packages/airflow/example_dags/example_skip_dag.py for tasks to queue
[2024-09-24T23:46:17.259+0000] {logging_mixin.py:190} INFO - [2024-09-24T23:46:17.258+0000] {dagbag.py:588} INFO - Filling up the DagBag from /home/airflow/.local/lib/python3.12/site-packages/airflow/example_dags/example_skip_dag.py
[2024-09-24T23:46:17.273+0000] {processor.py:925} INFO - DAG(s) 'example_skip_dag' retrieved from /home/airflow/.local/lib/python3.12/site-packages/airflow/example_dags/example_skip_dag.py
[2024-09-24T23:46:17.322+0000] {logging_mixin.py:190} INFO - [2024-09-24T23:46:17.321+0000] {dag.py:3239} INFO - Sync 1 DAGs
[2024-09-24T23:46:17.386+0000] {logging_mixin.py:190} INFO - [2024-09-24T23:46:17.385+0000] {dag.py:4180} INFO - Setting next_dagrun for example_skip_dag to 2024-09-23 00:00:00+00:00, run_after=2024-09-24 00:00:00+00:00
[2024-09-24T23:46:17.429+0000] {processor.py:208} INFO - Processing /home/airflow/.local/lib/python3.12/site-packages/airflow/example_dags/example_skip_dag.py took 0.193 seconds
[2024-09-24T23:46:47.640+0000] {processor.py:186} INFO - Started process (PID=5046) to work on /home/airflow/.local/lib/python3.12/site-packages/airflow/example_dags/example_skip_dag.py
[2024-09-24T23:46:47.641+0000] {processor.py:914} INFO - Processing file /home/airflow/.local/lib/python3.12/site-packages/airflow/example_dags/example_skip_dag.py for tasks to queue
[2024-09-24T23:46:47.645+0000] {logging_mixin.py:190} INFO - [2024-09-24T23:46:47.645+0000] {dagbag.py:588} INFO - Filling up the DagBag from /home/airflow/.local/lib/python3.12/site-packages/airflow/example_dags/example_skip_dag.py
[2024-09-24T23:46:47.661+0000] {processor.py:925} INFO - DAG(s) 'example_skip_dag' retrieved from /home/airflow/.local/lib/python3.12/site-packages/airflow/example_dags/example_skip_dag.py
[2024-09-24T23:46:47.706+0000] {logging_mixin.py:190} INFO - [2024-09-24T23:46:47.705+0000] {dag.py:3239} INFO - Sync 1 DAGs
[2024-09-24T23:46:47.770+0000] {logging_mixin.py:190} INFO - [2024-09-24T23:46:47.769+0000] {dag.py:4180} INFO - Setting next_dagrun for example_skip_dag to 2024-09-23 00:00:00+00:00, run_after=2024-09-24 00:00:00+00:00
[2024-09-24T23:46:47.830+0000] {processor.py:208} INFO - Processing /home/airflow/.local/lib/python3.12/site-packages/airflow/example_dags/example_skip_dag.py took 0.212 seconds
[2024-09-24T23:47:18.355+0000] {processor.py:186} INFO - Started process (PID=5332) to work on /home/airflow/.local/lib/python3.12/site-packages/airflow/example_dags/example_skip_dag.py
[2024-09-24T23:47:18.358+0000] {processor.py:914} INFO - Processing file /home/airflow/.local/lib/python3.12/site-packages/airflow/example_dags/example_skip_dag.py for tasks to queue
[2024-09-24T23:47:18.362+0000] {logging_mixin.py:190} INFO - [2024-09-24T23:47:18.362+0000] {dagbag.py:588} INFO - Filling up the DagBag from /home/airflow/.local/lib/python3.12/site-packages/airflow/example_dags/example_skip_dag.py
[2024-09-24T23:47:18.377+0000] {processor.py:925} INFO - DAG(s) 'example_skip_dag' retrieved from /home/airflow/.local/lib/python3.12/site-packages/airflow/example_dags/example_skip_dag.py
[2024-09-24T23:47:18.417+0000] {logging_mixin.py:190} INFO - [2024-09-24T23:47:18.417+0000] {dag.py:3239} INFO - Sync 1 DAGs
[2024-09-24T23:47:18.470+0000] {logging_mixin.py:190} INFO - [2024-09-24T23:47:18.470+0000] {dag.py:4180} INFO - Setting next_dagrun for example_skip_dag to 2024-09-23 00:00:00+00:00, run_after=2024-09-24 00:00:00+00:00
[2024-09-24T23:47:18.511+0000] {processor.py:208} INFO - Processing /home/airflow/.local/lib/python3.12/site-packages/airflow/example_dags/example_skip_dag.py took 0.166 seconds
[2024-09-24T23:47:49.362+0000] {processor.py:186} INFO - Started process (PID=5618) to work on /home/airflow/.local/lib/python3.12/site-packages/airflow/example_dags/example_skip_dag.py
[2024-09-24T23:47:49.364+0000] {processor.py:914} INFO - Processing file /home/airflow/.local/lib/python3.12/site-packages/airflow/example_dags/example_skip_dag.py for tasks to queue
[2024-09-24T23:47:49.369+0000] {logging_mixin.py:190} INFO - [2024-09-24T23:47:49.368+0000] {dagbag.py:588} INFO - Filling up the DagBag from /home/airflow/.local/lib/python3.12/site-packages/airflow/example_dags/example_skip_dag.py
[2024-09-24T23:47:49.381+0000] {processor.py:925} INFO - DAG(s) 'example_skip_dag' retrieved from /home/airflow/.local/lib/python3.12/site-packages/airflow/example_dags/example_skip_dag.py
[2024-09-24T23:47:49.428+0000] {logging_mixin.py:190} INFO - [2024-09-24T23:47:49.427+0000] {dag.py:3239} INFO - Sync 1 DAGs
[2024-09-24T23:47:49.490+0000] {logging_mixin.py:190} INFO - [2024-09-24T23:47:49.489+0000] {dag.py:4180} INFO - Setting next_dagrun for example_skip_dag to 2024-09-23 00:00:00+00:00, run_after=2024-09-24 00:00:00+00:00
[2024-09-24T23:47:49.534+0000] {processor.py:208} INFO - Processing /home/airflow/.local/lib/python3.12/site-packages/airflow/example_dags/example_skip_dag.py took 0.184 seconds
[2024-09-24T23:48:19.861+0000] {processor.py:186} INFO - Started process (PID=5904) to work on /home/airflow/.local/lib/python3.12/site-packages/airflow/example_dags/example_skip_dag.py
[2024-09-24T23:48:19.863+0000] {processor.py:914} INFO - Processing file /home/airflow/.local/lib/python3.12/site-packages/airflow/example_dags/example_skip_dag.py for tasks to queue
[2024-09-24T23:48:19.867+0000] {logging_mixin.py:190} INFO - [2024-09-24T23:48:19.866+0000] {dagbag.py:588} INFO - Filling up the DagBag from /home/airflow/.local/lib/python3.12/site-packages/airflow/example_dags/example_skip_dag.py
[2024-09-24T23:48:19.879+0000] {processor.py:925} INFO - DAG(s) 'example_skip_dag' retrieved from /home/airflow/.local/lib/python3.12/site-packages/airflow/example_dags/example_skip_dag.py
[2024-09-24T23:48:19.919+0000] {logging_mixin.py:190} INFO - [2024-09-24T23:48:19.919+0000] {dag.py:3239} INFO - Sync 1 DAGs
[2024-09-24T23:48:19.962+0000] {logging_mixin.py:190} INFO - [2024-09-24T23:48:19.962+0000] {dag.py:4180} INFO - Setting next_dagrun for example_skip_dag to 2024-09-23 00:00:00+00:00, run_after=2024-09-24 00:00:00+00:00
[2024-09-24T23:48:19.995+0000] {processor.py:208} INFO - Processing /home/airflow/.local/lib/python3.12/site-packages/airflow/example_dags/example_skip_dag.py took 0.141 seconds
[2024-09-24T23:48:50.793+0000] {processor.py:186} INFO - Started process (PID=6190) to work on /home/airflow/.local/lib/python3.12/site-packages/airflow/example_dags/example_skip_dag.py
[2024-09-24T23:48:50.795+0000] {processor.py:914} INFO - Processing file /home/airflow/.local/lib/python3.12/site-packages/airflow/example_dags/example_skip_dag.py for tasks to queue
[2024-09-24T23:48:50.798+0000] {logging_mixin.py:190} INFO - [2024-09-24T23:48:50.798+0000] {dagbag.py:588} INFO - Filling up the DagBag from /home/airflow/.local/lib/python3.12/site-packages/airflow/example_dags/example_skip_dag.py
[2024-09-24T23:48:50.812+0000] {processor.py:925} INFO - DAG(s) 'example_skip_dag' retrieved from /home/airflow/.local/lib/python3.12/site-packages/airflow/example_dags/example_skip_dag.py
[2024-09-24T23:48:50.852+0000] {logging_mixin.py:190} INFO - [2024-09-24T23:48:50.851+0000] {dag.py:3239} INFO - Sync 1 DAGs
[2024-09-24T23:48:50.896+0000] {logging_mixin.py:190} INFO - [2024-09-24T23:48:50.895+0000] {dag.py:4180} INFO - Setting next_dagrun for example_skip_dag to 2024-09-23 00:00:00+00:00, run_after=2024-09-24 00:00:00+00:00
[2024-09-24T23:48:50.935+0000] {processor.py:208} INFO - Processing /home/airflow/.local/lib/python3.12/site-packages/airflow/example_dags/example_skip_dag.py took 0.151 seconds
[2024-09-24T23:49:21.178+0000] {processor.py:186} INFO - Started process (PID=6476) to work on /home/airflow/.local/lib/python3.12/site-packages/airflow/example_dags/example_skip_dag.py
[2024-09-24T23:49:21.181+0000] {processor.py:914} INFO - Processing file /home/airflow/.local/lib/python3.12/site-packages/airflow/example_dags/example_skip_dag.py for tasks to queue
[2024-09-24T23:49:21.188+0000] {logging_mixin.py:190} INFO - [2024-09-24T23:49:21.187+0000] {dagbag.py:588} INFO - Filling up the DagBag from /home/airflow/.local/lib/python3.12/site-packages/airflow/example_dags/example_skip_dag.py
[2024-09-24T23:49:21.227+0000] {processor.py:925} INFO - DAG(s) 'example_skip_dag' retrieved from /home/airflow/.local/lib/python3.12/site-packages/airflow/example_dags/example_skip_dag.py
[2024-09-24T23:49:21.295+0000] {logging_mixin.py:190} INFO - [2024-09-24T23:49:21.295+0000] {dag.py:3239} INFO - Sync 1 DAGs
[2024-09-24T23:49:21.424+0000] {logging_mixin.py:190} INFO - [2024-09-24T23:49:21.423+0000] {dag.py:4180} INFO - Setting next_dagrun for example_skip_dag to 2024-09-23 00:00:00+00:00, run_after=2024-09-24 00:00:00+00:00
[2024-09-24T23:49:21.492+0000] {processor.py:208} INFO - Processing /home/airflow/.local/lib/python3.12/site-packages/airflow/example_dags/example_skip_dag.py took 0.335 seconds
[2024-09-24T23:49:51.977+0000] {processor.py:186} INFO - Started process (PID=6762) to work on /home/airflow/.local/lib/python3.12/site-packages/airflow/example_dags/example_skip_dag.py
[2024-09-24T23:49:51.979+0000] {processor.py:914} INFO - Processing file /home/airflow/.local/lib/python3.12/site-packages/airflow/example_dags/example_skip_dag.py for tasks to queue
[2024-09-24T23:49:51.985+0000] {logging_mixin.py:190} INFO - [2024-09-24T23:49:51.984+0000] {dagbag.py:588} INFO - Filling up the DagBag from /home/airflow/.local/lib/python3.12/site-packages/airflow/example_dags/example_skip_dag.py
[2024-09-24T23:49:52.003+0000] {processor.py:925} INFO - DAG(s) 'example_skip_dag' retrieved from /home/airflow/.local/lib/python3.12/site-packages/airflow/example_dags/example_skip_dag.py
[2024-09-24T23:49:52.058+0000] {logging_mixin.py:190} INFO - [2024-09-24T23:49:52.057+0000] {dag.py:3239} INFO - Sync 1 DAGs
[2024-09-24T23:49:52.123+0000] {logging_mixin.py:190} INFO - [2024-09-24T23:49:52.122+0000] {dag.py:4180} INFO - Setting next_dagrun for example_skip_dag to 2024-09-23 00:00:00+00:00, run_after=2024-09-24 00:00:00+00:00
[2024-09-24T23:49:52.168+0000] {processor.py:208} INFO - Processing /home/airflow/.local/lib/python3.12/site-packages/airflow/example_dags/example_skip_dag.py took 0.206 seconds
[2024-09-24T23:50:22.421+0000] {processor.py:186} INFO - Started process (PID=7048) to work on /home/airflow/.local/lib/python3.12/site-packages/airflow/example_dags/example_skip_dag.py
[2024-09-24T23:50:22.424+0000] {processor.py:914} INFO - Processing file /home/airflow/.local/lib/python3.12/site-packages/airflow/example_dags/example_skip_dag.py for tasks to queue
[2024-09-24T23:50:22.430+0000] {logging_mixin.py:190} INFO - [2024-09-24T23:50:22.429+0000] {dagbag.py:588} INFO - Filling up the DagBag from /home/airflow/.local/lib/python3.12/site-packages/airflow/example_dags/example_skip_dag.py
[2024-09-24T23:50:22.448+0000] {processor.py:925} INFO - DAG(s) 'example_skip_dag' retrieved from /home/airflow/.local/lib/python3.12/site-packages/airflow/example_dags/example_skip_dag.py
[2024-09-24T23:50:22.516+0000] {logging_mixin.py:190} INFO - [2024-09-24T23:50:22.515+0000] {dag.py:3239} INFO - Sync 1 DAGs
[2024-09-24T23:50:22.594+0000] {logging_mixin.py:190} INFO - [2024-09-24T23:50:22.594+0000] {dag.py:4180} INFO - Setting next_dagrun for example_skip_dag to 2024-09-23 00:00:00+00:00, run_after=2024-09-24 00:00:00+00:00
[2024-09-24T23:50:22.647+0000] {processor.py:208} INFO - Processing /home/airflow/.local/lib/python3.12/site-packages/airflow/example_dags/example_skip_dag.py took 0.236 seconds
[2024-09-24T23:50:52.982+0000] {processor.py:186} INFO - Started process (PID=7332) to work on /home/airflow/.local/lib/python3.12/site-packages/airflow/example_dags/example_skip_dag.py
[2024-09-24T23:50:52.984+0000] {processor.py:914} INFO - Processing file /home/airflow/.local/lib/python3.12/site-packages/airflow/example_dags/example_skip_dag.py for tasks to queue
[2024-09-24T23:50:52.990+0000] {logging_mixin.py:190} INFO - [2024-09-24T23:50:52.989+0000] {dagbag.py:588} INFO - Filling up the DagBag from /home/airflow/.local/lib/python3.12/site-packages/airflow/example_dags/example_skip_dag.py
[2024-09-24T23:50:53.005+0000] {processor.py:925} INFO - DAG(s) 'example_skip_dag' retrieved from /home/airflow/.local/lib/python3.12/site-packages/airflow/example_dags/example_skip_dag.py
[2024-09-24T23:50:53.055+0000] {logging_mixin.py:190} INFO - [2024-09-24T23:50:53.054+0000] {dag.py:3239} INFO - Sync 1 DAGs
[2024-09-24T23:50:53.108+0000] {logging_mixin.py:190} INFO - [2024-09-24T23:50:53.107+0000] {dag.py:4180} INFO - Setting next_dagrun for example_skip_dag to 2024-09-23 00:00:00+00:00, run_after=2024-09-24 00:00:00+00:00
[2024-09-24T23:50:53.148+0000] {processor.py:208} INFO - Processing /home/airflow/.local/lib/python3.12/site-packages/airflow/example_dags/example_skip_dag.py took 0.180 seconds
[2024-09-24T23:51:23.616+0000] {processor.py:186} INFO - Started process (PID=7618) to work on /home/airflow/.local/lib/python3.12/site-packages/airflow/example_dags/example_skip_dag.py
[2024-09-24T23:51:23.619+0000] {processor.py:914} INFO - Processing file /home/airflow/.local/lib/python3.12/site-packages/airflow/example_dags/example_skip_dag.py for tasks to queue
[2024-09-24T23:51:23.626+0000] {logging_mixin.py:190} INFO - [2024-09-24T23:51:23.625+0000] {dagbag.py:588} INFO - Filling up the DagBag from /home/airflow/.local/lib/python3.12/site-packages/airflow/example_dags/example_skip_dag.py
[2024-09-24T23:51:23.654+0000] {processor.py:925} INFO - DAG(s) 'example_skip_dag' retrieved from /home/airflow/.local/lib/python3.12/site-packages/airflow/example_dags/example_skip_dag.py
[2024-09-24T23:51:23.720+0000] {logging_mixin.py:190} INFO - [2024-09-24T23:51:23.719+0000] {dag.py:3239} INFO - Sync 1 DAGs
[2024-09-24T23:51:23.808+0000] {logging_mixin.py:190} INFO - [2024-09-24T23:51:23.807+0000] {dag.py:4180} INFO - Setting next_dagrun for example_skip_dag to 2024-09-23 00:00:00+00:00, run_after=2024-09-24 00:00:00+00:00
[2024-09-24T23:51:23.885+0000] {processor.py:208} INFO - Processing /home/airflow/.local/lib/python3.12/site-packages/airflow/example_dags/example_skip_dag.py took 0.294 seconds
[2024-09-24T23:51:54.420+0000] {processor.py:186} INFO - Started process (PID=7901) to work on /home/airflow/.local/lib/python3.12/site-packages/airflow/example_dags/example_skip_dag.py
[2024-09-24T23:51:54.422+0000] {processor.py:914} INFO - Processing file /home/airflow/.local/lib/python3.12/site-packages/airflow/example_dags/example_skip_dag.py for tasks to queue
[2024-09-24T23:51:54.427+0000] {logging_mixin.py:190} INFO - [2024-09-24T23:51:54.426+0000] {dagbag.py:588} INFO - Filling up the DagBag from /home/airflow/.local/lib/python3.12/site-packages/airflow/example_dags/example_skip_dag.py
[2024-09-24T23:51:54.441+0000] {processor.py:925} INFO - DAG(s) 'example_skip_dag' retrieved from /home/airflow/.local/lib/python3.12/site-packages/airflow/example_dags/example_skip_dag.py
[2024-09-24T23:51:54.487+0000] {logging_mixin.py:190} INFO - [2024-09-24T23:51:54.487+0000] {dag.py:3239} INFO - Sync 1 DAGs
[2024-09-24T23:51:54.537+0000] {logging_mixin.py:190} INFO - [2024-09-24T23:51:54.537+0000] {dag.py:4180} INFO - Setting next_dagrun for example_skip_dag to 2024-09-23 00:00:00+00:00, run_after=2024-09-24 00:00:00+00:00
[2024-09-24T23:51:54.587+0000] {processor.py:208} INFO - Processing /home/airflow/.local/lib/python3.12/site-packages/airflow/example_dags/example_skip_dag.py took 0.177 seconds
[2024-09-24T23:52:24.756+0000] {processor.py:186} INFO - Started process (PID=8188) to work on /home/airflow/.local/lib/python3.12/site-packages/airflow/example_dags/example_skip_dag.py
[2024-09-24T23:52:24.758+0000] {processor.py:914} INFO - Processing file /home/airflow/.local/lib/python3.12/site-packages/airflow/example_dags/example_skip_dag.py for tasks to queue
[2024-09-24T23:52:24.761+0000] {logging_mixin.py:190} INFO - [2024-09-24T23:52:24.761+0000] {dagbag.py:588} INFO - Filling up the DagBag from /home/airflow/.local/lib/python3.12/site-packages/airflow/example_dags/example_skip_dag.py
[2024-09-24T23:52:24.771+0000] {processor.py:925} INFO - DAG(s) 'example_skip_dag' retrieved from /home/airflow/.local/lib/python3.12/site-packages/airflow/example_dags/example_skip_dag.py
[2024-09-24T23:52:24.808+0000] {logging_mixin.py:190} INFO - [2024-09-24T23:52:24.807+0000] {dag.py:3239} INFO - Sync 1 DAGs
[2024-09-24T23:52:24.852+0000] {logging_mixin.py:190} INFO - [2024-09-24T23:52:24.852+0000] {dag.py:4180} INFO - Setting next_dagrun for example_skip_dag to 2024-09-23 00:00:00+00:00, run_after=2024-09-24 00:00:00+00:00
[2024-09-24T23:52:24.889+0000] {processor.py:208} INFO - Processing /home/airflow/.local/lib/python3.12/site-packages/airflow/example_dags/example_skip_dag.py took 0.141 seconds
[2024-09-24T23:52:55.330+0000] {processor.py:186} INFO - Started process (PID=8474) to work on /home/airflow/.local/lib/python3.12/site-packages/airflow/example_dags/example_skip_dag.py
[2024-09-24T23:52:55.331+0000] {processor.py:914} INFO - Processing file /home/airflow/.local/lib/python3.12/site-packages/airflow/example_dags/example_skip_dag.py for tasks to queue
[2024-09-24T23:52:55.335+0000] {logging_mixin.py:190} INFO - [2024-09-24T23:52:55.334+0000] {dagbag.py:588} INFO - Filling up the DagBag from /home/airflow/.local/lib/python3.12/site-packages/airflow/example_dags/example_skip_dag.py
[2024-09-24T23:52:55.347+0000] {processor.py:925} INFO - DAG(s) 'example_skip_dag' retrieved from /home/airflow/.local/lib/python3.12/site-packages/airflow/example_dags/example_skip_dag.py
[2024-09-24T23:52:55.387+0000] {logging_mixin.py:190} INFO - [2024-09-24T23:52:55.387+0000] {dag.py:3239} INFO - Sync 1 DAGs
[2024-09-24T23:52:55.428+0000] {logging_mixin.py:190} INFO - [2024-09-24T23:52:55.428+0000] {dag.py:4180} INFO - Setting next_dagrun for example_skip_dag to 2024-09-23 00:00:00+00:00, run_after=2024-09-24 00:00:00+00:00
[2024-09-24T23:52:55.464+0000] {processor.py:208} INFO - Processing /home/airflow/.local/lib/python3.12/site-packages/airflow/example_dags/example_skip_dag.py took 0.144 seconds
[2024-09-24T23:53:26.189+0000] {processor.py:186} INFO - Started process (PID=8760) to work on /home/airflow/.local/lib/python3.12/site-packages/airflow/example_dags/example_skip_dag.py
[2024-09-24T23:53:26.191+0000] {processor.py:914} INFO - Processing file /home/airflow/.local/lib/python3.12/site-packages/airflow/example_dags/example_skip_dag.py for tasks to queue
[2024-09-24T23:53:26.196+0000] {logging_mixin.py:190} INFO - [2024-09-24T23:53:26.196+0000] {dagbag.py:588} INFO - Filling up the DagBag from /home/airflow/.local/lib/python3.12/site-packages/airflow/example_dags/example_skip_dag.py
[2024-09-24T23:53:26.209+0000] {processor.py:925} INFO - DAG(s) 'example_skip_dag' retrieved from /home/airflow/.local/lib/python3.12/site-packages/airflow/example_dags/example_skip_dag.py
[2024-09-24T23:53:26.247+0000] {logging_mixin.py:190} INFO - [2024-09-24T23:53:26.246+0000] {dag.py:3239} INFO - Sync 1 DAGs
[2024-09-24T23:53:26.296+0000] {logging_mixin.py:190} INFO - [2024-09-24T23:53:26.296+0000] {dag.py:4180} INFO - Setting next_dagrun for example_skip_dag to 2024-09-23 00:00:00+00:00, run_after=2024-09-24 00:00:00+00:00
[2024-09-24T23:53:26.334+0000] {processor.py:208} INFO - Processing /home/airflow/.local/lib/python3.12/site-packages/airflow/example_dags/example_skip_dag.py took 0.154 seconds
[2024-09-24T23:53:57.161+0000] {processor.py:186} INFO - Started process (PID=9046) to work on /home/airflow/.local/lib/python3.12/site-packages/airflow/example_dags/example_skip_dag.py
[2024-09-24T23:53:57.162+0000] {processor.py:914} INFO - Processing file /home/airflow/.local/lib/python3.12/site-packages/airflow/example_dags/example_skip_dag.py for tasks to queue
[2024-09-24T23:53:57.166+0000] {logging_mixin.py:190} INFO - [2024-09-24T23:53:57.166+0000] {dagbag.py:588} INFO - Filling up the DagBag from /home/airflow/.local/lib/python3.12/site-packages/airflow/example_dags/example_skip_dag.py
[2024-09-24T23:53:57.179+0000] {processor.py:925} INFO - DAG(s) 'example_skip_dag' retrieved from /home/airflow/.local/lib/python3.12/site-packages/airflow/example_dags/example_skip_dag.py
[2024-09-24T23:53:57.222+0000] {logging_mixin.py:190} INFO - [2024-09-24T23:53:57.222+0000] {dag.py:3239} INFO - Sync 1 DAGs
[2024-09-24T23:53:57.276+0000] {logging_mixin.py:190} INFO - [2024-09-24T23:53:57.275+0000] {dag.py:4180} INFO - Setting next_dagrun for example_skip_dag to 2024-09-23 00:00:00+00:00, run_after=2024-09-24 00:00:00+00:00
[2024-09-24T23:53:57.328+0000] {processor.py:208} INFO - Processing /home/airflow/.local/lib/python3.12/site-packages/airflow/example_dags/example_skip_dag.py took 0.175 seconds
[2024-09-24T23:54:27.541+0000] {processor.py:186} INFO - Started process (PID=9332) to work on /home/airflow/.local/lib/python3.12/site-packages/airflow/example_dags/example_skip_dag.py
[2024-09-24T23:54:27.543+0000] {processor.py:914} INFO - Processing file /home/airflow/.local/lib/python3.12/site-packages/airflow/example_dags/example_skip_dag.py for tasks to queue
[2024-09-24T23:54:27.546+0000] {logging_mixin.py:190} INFO - [2024-09-24T23:54:27.546+0000] {dagbag.py:588} INFO - Filling up the DagBag from /home/airflow/.local/lib/python3.12/site-packages/airflow/example_dags/example_skip_dag.py
[2024-09-24T23:54:27.558+0000] {processor.py:925} INFO - DAG(s) 'example_skip_dag' retrieved from /home/airflow/.local/lib/python3.12/site-packages/airflow/example_dags/example_skip_dag.py
[2024-09-24T23:54:27.597+0000] {logging_mixin.py:190} INFO - [2024-09-24T23:54:27.597+0000] {dag.py:3239} INFO - Sync 1 DAGs
[2024-09-24T23:54:27.649+0000] {logging_mixin.py:190} INFO - [2024-09-24T23:54:27.648+0000] {dag.py:4180} INFO - Setting next_dagrun for example_skip_dag to 2024-09-23 00:00:00+00:00, run_after=2024-09-24 00:00:00+00:00
[2024-09-24T23:54:27.687+0000] {processor.py:208} INFO - Processing /home/airflow/.local/lib/python3.12/site-packages/airflow/example_dags/example_skip_dag.py took 0.157 seconds
[2024-09-24T23:54:57.848+0000] {processor.py:186} INFO - Started process (PID=9618) to work on /home/airflow/.local/lib/python3.12/site-packages/airflow/example_dags/example_skip_dag.py
[2024-09-24T23:54:57.850+0000] {processor.py:914} INFO - Processing file /home/airflow/.local/lib/python3.12/site-packages/airflow/example_dags/example_skip_dag.py for tasks to queue
[2024-09-24T23:54:57.854+0000] {logging_mixin.py:190} INFO - [2024-09-24T23:54:57.853+0000] {dagbag.py:588} INFO - Filling up the DagBag from /home/airflow/.local/lib/python3.12/site-packages/airflow/example_dags/example_skip_dag.py
[2024-09-24T23:54:57.867+0000] {processor.py:925} INFO - DAG(s) 'example_skip_dag' retrieved from /home/airflow/.local/lib/python3.12/site-packages/airflow/example_dags/example_skip_dag.py
[2024-09-24T23:54:57.910+0000] {logging_mixin.py:190} INFO - [2024-09-24T23:54:57.910+0000] {dag.py:3239} INFO - Sync 1 DAGs
[2024-09-24T23:54:57.960+0000] {logging_mixin.py:190} INFO - [2024-09-24T23:54:57.959+0000] {dag.py:4180} INFO - Setting next_dagrun for example_skip_dag to 2024-09-23 00:00:00+00:00, run_after=2024-09-24 00:00:00+00:00
[2024-09-24T23:54:57.996+0000] {processor.py:208} INFO - Processing /home/airflow/.local/lib/python3.12/site-packages/airflow/example_dags/example_skip_dag.py took 0.157 seconds
[2024-09-24T23:55:28.378+0000] {processor.py:186} INFO - Started process (PID=9904) to work on /home/airflow/.local/lib/python3.12/site-packages/airflow/example_dags/example_skip_dag.py
[2024-09-24T23:55:28.380+0000] {processor.py:914} INFO - Processing file /home/airflow/.local/lib/python3.12/site-packages/airflow/example_dags/example_skip_dag.py for tasks to queue
[2024-09-24T23:55:28.384+0000] {logging_mixin.py:190} INFO - [2024-09-24T23:55:28.384+0000] {dagbag.py:588} INFO - Filling up the DagBag from /home/airflow/.local/lib/python3.12/site-packages/airflow/example_dags/example_skip_dag.py
[2024-09-24T23:55:28.400+0000] {processor.py:925} INFO - DAG(s) 'example_skip_dag' retrieved from /home/airflow/.local/lib/python3.12/site-packages/airflow/example_dags/example_skip_dag.py
[2024-09-24T23:55:28.451+0000] {logging_mixin.py:190} INFO - [2024-09-24T23:55:28.451+0000] {dag.py:3239} INFO - Sync 1 DAGs
[2024-09-24T23:55:28.498+0000] {logging_mixin.py:190} INFO - [2024-09-24T23:55:28.497+0000] {dag.py:4180} INFO - Setting next_dagrun for example_skip_dag to 2024-09-23 00:00:00+00:00, run_after=2024-09-24 00:00:00+00:00
[2024-09-24T23:55:28.535+0000] {processor.py:208} INFO - Processing /home/airflow/.local/lib/python3.12/site-packages/airflow/example_dags/example_skip_dag.py took 0.168 seconds
[2024-09-24T23:55:59.573+0000] {processor.py:186} INFO - Started process (PID=10190) to work on /home/airflow/.local/lib/python3.12/site-packages/airflow/example_dags/example_skip_dag.py
[2024-09-24T23:55:59.576+0000] {processor.py:914} INFO - Processing file /home/airflow/.local/lib/python3.12/site-packages/airflow/example_dags/example_skip_dag.py for tasks to queue
[2024-09-24T23:55:59.581+0000] {logging_mixin.py:190} INFO - [2024-09-24T23:55:59.580+0000] {dagbag.py:588} INFO - Filling up the DagBag from /home/airflow/.local/lib/python3.12/site-packages/airflow/example_dags/example_skip_dag.py
[2024-09-24T23:55:59.603+0000] {processor.py:925} INFO - DAG(s) 'example_skip_dag' retrieved from /home/airflow/.local/lib/python3.12/site-packages/airflow/example_dags/example_skip_dag.py
[2024-09-24T23:55:59.666+0000] {logging_mixin.py:190} INFO - [2024-09-24T23:55:59.665+0000] {dag.py:3239} INFO - Sync 1 DAGs
[2024-09-24T23:55:59.738+0000] {logging_mixin.py:190} INFO - [2024-09-24T23:55:59.737+0000] {dag.py:4180} INFO - Setting next_dagrun for example_skip_dag to 2024-09-23 00:00:00+00:00, run_after=2024-09-24 00:00:00+00:00
[2024-09-24T23:55:59.796+0000] {processor.py:208} INFO - Processing /home/airflow/.local/lib/python3.12/site-packages/airflow/example_dags/example_skip_dag.py took 0.238 seconds
