[2024-09-24T23:38:23.044+0000] {processor.py:186} INFO - Started process (PID=396) to work on /home/airflow/.local/lib/python3.12/site-packages/airflow/example_dags/example_subdag_operator.py
[2024-09-24T23:38:23.047+0000] {processor.py:914} INFO - Processing file /home/airflow/.local/lib/python3.12/site-packages/airflow/example_dags/example_subdag_operator.py for tasks to queue
[2024-09-24T23:38:23.059+0000] {logging_mixin.py:190} INFO - [2024-09-24T23:38:23.058+0000] {dagbag.py:588} INFO - Filling up the DagBag from /home/airflow/.local/lib/python3.12/site-packages/airflow/example_dags/example_subdag_operator.py
[2024-09-24T23:38:23.149+0000] {processor.py:925} INFO - DAG(s) 'example_subdag_operator.section-1', 'example_subdag_operator.section-2', 'example_subdag_operator' retrieved from /home/airflow/.local/lib/python3.12/site-packages/airflow/example_dags/example_subdag_operator.py
[2024-09-24T23:38:23.509+0000] {logging_mixin.py:190} INFO - [2024-09-24T23:38:23.507+0000] {override.py:1900} INFO - Created Permission View: can edit on DAG:example_subdag_operator
[2024-09-24T23:38:23.543+0000] {logging_mixin.py:190} INFO - [2024-09-24T23:38:23.542+0000] {override.py:1900} INFO - Created Permission View: can read on DAG:example_subdag_operator
[2024-09-24T23:38:23.569+0000] {logging_mixin.py:190} INFO - [2024-09-24T23:38:23.568+0000] {override.py:1900} INFO - Created Permission View: can delete on DAG:example_subdag_operator
[2024-09-24T23:38:23.600+0000] {logging_mixin.py:190} INFO - [2024-09-24T23:38:23.599+0000] {override.py:1900} INFO - Created Permission View: can read on DAG Run:example_subdag_operator
[2024-09-24T23:38:23.625+0000] {logging_mixin.py:190} INFO - [2024-09-24T23:38:23.624+0000] {override.py:1900} INFO - Created Permission View: menu access on DAG Run:example_subdag_operator
[2024-09-24T23:38:23.652+0000] {logging_mixin.py:190} INFO - [2024-09-24T23:38:23.651+0000] {override.py:1900} INFO - Created Permission View: can delete on DAG Run:example_subdag_operator
[2024-09-24T23:38:23.681+0000] {logging_mixin.py:190} INFO - [2024-09-24T23:38:23.679+0000] {override.py:1900} INFO - Created Permission View: can create on DAG Run:example_subdag_operator
[2024-09-24T23:38:23.685+0000] {logging_mixin.py:190} INFO - [2024-09-24T23:38:23.683+0000] {dag.py:3239} INFO - Sync 3 DAGs
[2024-09-24T23:38:23.826+0000] {logging_mixin.py:190} INFO - [2024-09-24T23:38:23.825+0000] {dag.py:3262} INFO - Creating ORM DAG for example_subdag_operator
[2024-09-24T23:38:23.832+0000] {logging_mixin.py:190} INFO - [2024-09-24T23:38:23.831+0000] {dag.py:3262} INFO - Creating ORM DAG for example_subdag_operator.section-1
[2024-09-24T23:38:23.835+0000] {logging_mixin.py:190} INFO - [2024-09-24T23:38:23.834+0000] {dag.py:3262} INFO - Creating ORM DAG for example_subdag_operator.section-2
[2024-09-24T23:38:23.896+0000] {logging_mixin.py:190} INFO - [2024-09-24T23:38:23.896+0000] {dag.py:4180} INFO - Setting next_dagrun for example_subdag_operator to 2022-01-01 00:00:00+00:00, run_after=2022-01-01 00:00:00+00:00
[2024-09-24T23:38:23.901+0000] {logging_mixin.py:190} INFO - [2024-09-24T23:38:23.900+0000] {dag.py:4180} INFO - Setting next_dagrun for example_subdag_operator.section-1 to None, run_after=None
[2024-09-24T23:38:23.903+0000] {logging_mixin.py:190} INFO - [2024-09-24T23:38:23.903+0000] {dag.py:4180} INFO - Setting next_dagrun for example_subdag_operator.section-2 to None, run_after=None
[2024-09-24T23:38:23.973+0000] {logging_mixin.py:190} INFO - [2024-09-24T23:38:23.962+0000] {dag.py:3239} INFO - Sync 2 DAGs
[2024-09-24T23:38:24.046+0000] {logging_mixin.py:190} INFO - [2024-09-24T23:38:24.042+0000] {dag.py:4180} INFO - Setting next_dagrun for example_subdag_operator.section-1 to None, run_after=None
[2024-09-24T23:38:24.077+0000] {logging_mixin.py:190} INFO - [2024-09-24T23:38:24.077+0000] {dag.py:4180} INFO - Setting next_dagrun for example_subdag_operator.section-2 to None, run_after=None
[2024-09-24T23:38:24.272+0000] {processor.py:208} INFO - Processing /home/airflow/.local/lib/python3.12/site-packages/airflow/example_dags/example_subdag_operator.py took 1.248 seconds
[2024-09-24T23:38:54.917+0000] {processor.py:186} INFO - Started process (PID=684) to work on /home/airflow/.local/lib/python3.12/site-packages/airflow/example_dags/example_subdag_operator.py
[2024-09-24T23:38:54.920+0000] {processor.py:914} INFO - Processing file /home/airflow/.local/lib/python3.12/site-packages/airflow/example_dags/example_subdag_operator.py for tasks to queue
[2024-09-24T23:38:54.956+0000] {logging_mixin.py:190} INFO - [2024-09-24T23:38:54.946+0000] {dagbag.py:588} INFO - Filling up the DagBag from /home/airflow/.local/lib/python3.12/site-packages/airflow/example_dags/example_subdag_operator.py
[2024-09-24T23:38:55.081+0000] {processor.py:925} INFO - DAG(s) 'example_subdag_operator.section-1', 'example_subdag_operator.section-2', 'example_subdag_operator' retrieved from /home/airflow/.local/lib/python3.12/site-packages/airflow/example_dags/example_subdag_operator.py
[2024-09-24T23:38:55.226+0000] {logging_mixin.py:190} INFO - [2024-09-24T23:38:55.225+0000] {dag.py:3239} INFO - Sync 3 DAGs
[2024-09-24T23:38:55.556+0000] {logging_mixin.py:190} INFO - [2024-09-24T23:38:55.555+0000] {dag.py:4180} INFO - Setting next_dagrun for example_subdag_operator to 2022-01-01 00:00:00+00:00, run_after=2022-01-01 00:00:00+00:00
[2024-09-24T23:38:55.589+0000] {logging_mixin.py:190} INFO - [2024-09-24T23:38:55.584+0000] {dag.py:4180} INFO - Setting next_dagrun for example_subdag_operator.section-1 to None, run_after=None
[2024-09-24T23:38:55.594+0000] {logging_mixin.py:190} INFO - [2024-09-24T23:38:55.594+0000] {dag.py:4180} INFO - Setting next_dagrun for example_subdag_operator.section-2 to None, run_after=None
[2024-09-24T23:38:55.660+0000] {logging_mixin.py:190} INFO - [2024-09-24T23:38:55.659+0000] {dag.py:3239} INFO - Sync 2 DAGs
[2024-09-24T23:38:55.695+0000] {logging_mixin.py:190} INFO - [2024-09-24T23:38:55.694+0000] {dag.py:4180} INFO - Setting next_dagrun for example_subdag_operator.section-1 to None, run_after=None
[2024-09-24T23:38:55.697+0000] {logging_mixin.py:190} INFO - [2024-09-24T23:38:55.697+0000] {dag.py:4180} INFO - Setting next_dagrun for example_subdag_operator.section-2 to None, run_after=None
[2024-09-24T23:38:55.777+0000] {processor.py:208} INFO - Processing /home/airflow/.local/lib/python3.12/site-packages/airflow/example_dags/example_subdag_operator.py took 0.895 seconds
[2024-09-24T23:39:26.341+0000] {processor.py:186} INFO - Started process (PID=969) to work on /home/airflow/.local/lib/python3.12/site-packages/airflow/example_dags/example_subdag_operator.py
[2024-09-24T23:39:26.345+0000] {processor.py:914} INFO - Processing file /home/airflow/.local/lib/python3.12/site-packages/airflow/example_dags/example_subdag_operator.py for tasks to queue
[2024-09-24T23:39:26.388+0000] {logging_mixin.py:190} INFO - [2024-09-24T23:39:26.387+0000] {dagbag.py:588} INFO - Filling up the DagBag from /home/airflow/.local/lib/python3.12/site-packages/airflow/example_dags/example_subdag_operator.py
[2024-09-24T23:39:26.554+0000] {processor.py:925} INFO - DAG(s) 'example_subdag_operator.section-1', 'example_subdag_operator.section-2', 'example_subdag_operator' retrieved from /home/airflow/.local/lib/python3.12/site-packages/airflow/example_dags/example_subdag_operator.py
[2024-09-24T23:39:26.644+0000] {logging_mixin.py:190} INFO - [2024-09-24T23:39:26.643+0000] {dag.py:3239} INFO - Sync 3 DAGs
[2024-09-24T23:39:26.823+0000] {logging_mixin.py:190} INFO - [2024-09-24T23:39:26.822+0000] {dag.py:4180} INFO - Setting next_dagrun for example_subdag_operator to 2022-01-01 00:00:00+00:00, run_after=2022-01-01 00:00:00+00:00
[2024-09-24T23:39:26.845+0000] {logging_mixin.py:190} INFO - [2024-09-24T23:39:26.844+0000] {dag.py:4180} INFO - Setting next_dagrun for example_subdag_operator.section-1 to None, run_after=None
[2024-09-24T23:39:26.858+0000] {logging_mixin.py:190} INFO - [2024-09-24T23:39:26.857+0000] {dag.py:4180} INFO - Setting next_dagrun for example_subdag_operator.section-2 to None, run_after=None
[2024-09-24T23:39:26.913+0000] {logging_mixin.py:190} INFO - [2024-09-24T23:39:26.912+0000] {dag.py:3239} INFO - Sync 2 DAGs
[2024-09-24T23:39:26.951+0000] {logging_mixin.py:190} INFO - [2024-09-24T23:39:26.951+0000] {dag.py:4180} INFO - Setting next_dagrun for example_subdag_operator.section-1 to None, run_after=None
[2024-09-24T23:39:26.959+0000] {logging_mixin.py:190} INFO - [2024-09-24T23:39:26.958+0000] {dag.py:4180} INFO - Setting next_dagrun for example_subdag_operator.section-2 to None, run_after=None
[2024-09-24T23:39:27.052+0000] {processor.py:208} INFO - Processing /home/airflow/.local/lib/python3.12/site-packages/airflow/example_dags/example_subdag_operator.py took 0.736 seconds
[2024-09-24T23:39:57.512+0000] {processor.py:186} INFO - Started process (PID=1255) to work on /home/airflow/.local/lib/python3.12/site-packages/airflow/example_dags/example_subdag_operator.py
[2024-09-24T23:39:57.514+0000] {processor.py:914} INFO - Processing file /home/airflow/.local/lib/python3.12/site-packages/airflow/example_dags/example_subdag_operator.py for tasks to queue
[2024-09-24T23:39:57.520+0000] {logging_mixin.py:190} INFO - [2024-09-24T23:39:57.519+0000] {dagbag.py:588} INFO - Filling up the DagBag from /home/airflow/.local/lib/python3.12/site-packages/airflow/example_dags/example_subdag_operator.py
[2024-09-24T23:39:57.579+0000] {processor.py:925} INFO - DAG(s) 'example_subdag_operator.section-1', 'example_subdag_operator.section-2', 'example_subdag_operator' retrieved from /home/airflow/.local/lib/python3.12/site-packages/airflow/example_dags/example_subdag_operator.py
[2024-09-24T23:39:57.610+0000] {logging_mixin.py:190} INFO - [2024-09-24T23:39:57.609+0000] {dag.py:3239} INFO - Sync 3 DAGs
[2024-09-24T23:39:57.657+0000] {logging_mixin.py:190} INFO - [2024-09-24T23:39:57.656+0000] {dag.py:4180} INFO - Setting next_dagrun for example_subdag_operator to 2022-01-01 00:00:00+00:00, run_after=2022-01-01 00:00:00+00:00
[2024-09-24T23:39:57.675+0000] {logging_mixin.py:190} INFO - [2024-09-24T23:39:57.675+0000] {dag.py:4180} INFO - Setting next_dagrun for example_subdag_operator.section-1 to None, run_after=None
[2024-09-24T23:39:57.679+0000] {logging_mixin.py:190} INFO - [2024-09-24T23:39:57.679+0000] {dag.py:4180} INFO - Setting next_dagrun for example_subdag_operator.section-2 to None, run_after=None
[2024-09-24T23:39:57.700+0000] {logging_mixin.py:190} INFO - [2024-09-24T23:39:57.699+0000] {dag.py:3239} INFO - Sync 2 DAGs
[2024-09-24T23:39:57.711+0000] {logging_mixin.py:190} INFO - [2024-09-24T23:39:57.711+0000] {dag.py:4180} INFO - Setting next_dagrun for example_subdag_operator.section-1 to None, run_after=None
[2024-09-24T23:39:57.713+0000] {logging_mixin.py:190} INFO - [2024-09-24T23:39:57.712+0000] {dag.py:4180} INFO - Setting next_dagrun for example_subdag_operator.section-2 to None, run_after=None
[2024-09-24T23:39:57.741+0000] {processor.py:208} INFO - Processing /home/airflow/.local/lib/python3.12/site-packages/airflow/example_dags/example_subdag_operator.py took 0.241 seconds
[2024-09-24T23:40:28.267+0000] {processor.py:186} INFO - Started process (PID=1541) to work on /home/airflow/.local/lib/python3.12/site-packages/airflow/example_dags/example_subdag_operator.py
[2024-09-24T23:40:28.270+0000] {processor.py:914} INFO - Processing file /home/airflow/.local/lib/python3.12/site-packages/airflow/example_dags/example_subdag_operator.py for tasks to queue
[2024-09-24T23:40:28.277+0000] {logging_mixin.py:190} INFO - [2024-09-24T23:40:28.276+0000] {dagbag.py:588} INFO - Filling up the DagBag from /home/airflow/.local/lib/python3.12/site-packages/airflow/example_dags/example_subdag_operator.py
[2024-09-24T23:40:28.392+0000] {processor.py:925} INFO - DAG(s) 'example_subdag_operator.section-1', 'example_subdag_operator.section-2', 'example_subdag_operator' retrieved from /home/airflow/.local/lib/python3.12/site-packages/airflow/example_dags/example_subdag_operator.py
[2024-09-24T23:40:28.461+0000] {logging_mixin.py:190} INFO - [2024-09-24T23:40:28.460+0000] {dag.py:3239} INFO - Sync 3 DAGs
[2024-09-24T23:40:28.615+0000] {logging_mixin.py:190} INFO - [2024-09-24T23:40:28.614+0000] {dag.py:4180} INFO - Setting next_dagrun for example_subdag_operator to 2022-01-01 00:00:00+00:00, run_after=2022-01-01 00:00:00+00:00
[2024-09-24T23:40:28.639+0000] {logging_mixin.py:190} INFO - [2024-09-24T23:40:28.639+0000] {dag.py:4180} INFO - Setting next_dagrun for example_subdag_operator.section-1 to None, run_after=None
[2024-09-24T23:40:28.652+0000] {logging_mixin.py:190} INFO - [2024-09-24T23:40:28.652+0000] {dag.py:4180} INFO - Setting next_dagrun for example_subdag_operator.section-2 to None, run_after=None
[2024-09-24T23:40:28.683+0000] {logging_mixin.py:190} INFO - [2024-09-24T23:40:28.682+0000] {dag.py:3239} INFO - Sync 2 DAGs
[2024-09-24T23:40:28.722+0000] {logging_mixin.py:190} INFO - [2024-09-24T23:40:28.721+0000] {dag.py:4180} INFO - Setting next_dagrun for example_subdag_operator.section-1 to None, run_after=None
[2024-09-24T23:40:28.728+0000] {logging_mixin.py:190} INFO - [2024-09-24T23:40:28.727+0000] {dag.py:4180} INFO - Setting next_dagrun for example_subdag_operator.section-2 to None, run_after=None
[2024-09-24T23:40:28.791+0000] {processor.py:208} INFO - Processing /home/airflow/.local/lib/python3.12/site-packages/airflow/example_dags/example_subdag_operator.py took 0.539 seconds
[2024-09-24T23:41:00.449+0000] {processor.py:186} INFO - Started process (PID=1838) to work on /home/airflow/.local/lib/python3.12/site-packages/airflow/example_dags/example_subdag_operator.py
[2024-09-24T23:41:00.464+0000] {processor.py:914} INFO - Processing file /home/airflow/.local/lib/python3.12/site-packages/airflow/example_dags/example_subdag_operator.py for tasks to queue
[2024-09-24T23:41:00.494+0000] {logging_mixin.py:190} INFO - [2024-09-24T23:41:00.493+0000] {dagbag.py:588} INFO - Filling up the DagBag from /home/airflow/.local/lib/python3.12/site-packages/airflow/example_dags/example_subdag_operator.py
[2024-09-24T23:41:00.783+0000] {processor.py:925} INFO - DAG(s) 'example_subdag_operator.section-1', 'example_subdag_operator.section-2', 'example_subdag_operator' retrieved from /home/airflow/.local/lib/python3.12/site-packages/airflow/example_dags/example_subdag_operator.py
[2024-09-24T23:41:01.006+0000] {logging_mixin.py:190} INFO - [2024-09-24T23:41:01.004+0000] {dag.py:3239} INFO - Sync 3 DAGs
[2024-09-24T23:41:01.288+0000] {logging_mixin.py:190} INFO - [2024-09-24T23:41:01.279+0000] {dag.py:4180} INFO - Setting next_dagrun for example_subdag_operator to 2022-01-01 00:00:00+00:00, run_after=2022-01-01 00:00:00+00:00
[2024-09-24T23:41:01.357+0000] {logging_mixin.py:190} INFO - [2024-09-24T23:41:01.356+0000] {dag.py:4180} INFO - Setting next_dagrun for example_subdag_operator.section-1 to None, run_after=None
[2024-09-24T23:41:01.373+0000] {logging_mixin.py:190} INFO - [2024-09-24T23:41:01.372+0000] {dag.py:4180} INFO - Setting next_dagrun for example_subdag_operator.section-2 to None, run_after=None
[2024-09-24T23:41:01.478+0000] {logging_mixin.py:190} INFO - [2024-09-24T23:41:01.477+0000] {dag.py:3239} INFO - Sync 2 DAGs
[2024-09-24T23:41:01.531+0000] {logging_mixin.py:190} INFO - [2024-09-24T23:41:01.530+0000] {dag.py:4180} INFO - Setting next_dagrun for example_subdag_operator.section-1 to None, run_after=None
[2024-09-24T23:41:01.544+0000] {logging_mixin.py:190} INFO - [2024-09-24T23:41:01.543+0000] {dag.py:4180} INFO - Setting next_dagrun for example_subdag_operator.section-2 to None, run_after=None
[2024-09-24T23:41:01.669+0000] {processor.py:208} INFO - Processing /home/airflow/.local/lib/python3.12/site-packages/airflow/example_dags/example_subdag_operator.py took 1.275 seconds
[2024-09-24T23:41:32.100+0000] {processor.py:186} INFO - Started process (PID=2126) to work on /home/airflow/.local/lib/python3.12/site-packages/airflow/example_dags/example_subdag_operator.py
[2024-09-24T23:41:32.106+0000] {processor.py:914} INFO - Processing file /home/airflow/.local/lib/python3.12/site-packages/airflow/example_dags/example_subdag_operator.py for tasks to queue
[2024-09-24T23:41:32.120+0000] {logging_mixin.py:190} INFO - [2024-09-24T23:41:32.119+0000] {dagbag.py:588} INFO - Filling up the DagBag from /home/airflow/.local/lib/python3.12/site-packages/airflow/example_dags/example_subdag_operator.py
[2024-09-24T23:41:32.317+0000] {processor.py:925} INFO - DAG(s) 'example_subdag_operator.section-1', 'example_subdag_operator.section-2', 'example_subdag_operator' retrieved from /home/airflow/.local/lib/python3.12/site-packages/airflow/example_dags/example_subdag_operator.py
[2024-09-24T23:41:32.394+0000] {logging_mixin.py:190} INFO - [2024-09-24T23:41:32.394+0000] {dag.py:3239} INFO - Sync 3 DAGs
[2024-09-24T23:41:32.513+0000] {logging_mixin.py:190} INFO - [2024-09-24T23:41:32.512+0000] {dag.py:4180} INFO - Setting next_dagrun for example_subdag_operator to 2022-01-01 00:00:00+00:00, run_after=2022-01-01 00:00:00+00:00
[2024-09-24T23:41:32.529+0000] {logging_mixin.py:190} INFO - [2024-09-24T23:41:32.528+0000] {dag.py:4180} INFO - Setting next_dagrun for example_subdag_operator.section-1 to None, run_after=None
[2024-09-24T23:41:32.537+0000] {logging_mixin.py:190} INFO - [2024-09-24T23:41:32.536+0000] {dag.py:4180} INFO - Setting next_dagrun for example_subdag_operator.section-2 to None, run_after=None
[2024-09-24T23:41:32.563+0000] {logging_mixin.py:190} INFO - [2024-09-24T23:41:32.562+0000] {dag.py:3239} INFO - Sync 2 DAGs
[2024-09-24T23:41:32.583+0000] {logging_mixin.py:190} INFO - [2024-09-24T23:41:32.582+0000] {dag.py:4180} INFO - Setting next_dagrun for example_subdag_operator.section-1 to None, run_after=None
[2024-09-24T23:41:32.585+0000] {logging_mixin.py:190} INFO - [2024-09-24T23:41:32.584+0000] {dag.py:4180} INFO - Setting next_dagrun for example_subdag_operator.section-2 to None, run_after=None
[2024-09-24T23:41:32.621+0000] {processor.py:208} INFO - Processing /home/airflow/.local/lib/python3.12/site-packages/airflow/example_dags/example_subdag_operator.py took 0.566 seconds
[2024-09-24T23:42:02.835+0000] {processor.py:186} INFO - Started process (PID=2410) to work on /home/airflow/.local/lib/python3.12/site-packages/airflow/example_dags/example_subdag_operator.py
[2024-09-24T23:42:02.839+0000] {processor.py:914} INFO - Processing file /home/airflow/.local/lib/python3.12/site-packages/airflow/example_dags/example_subdag_operator.py for tasks to queue
[2024-09-24T23:42:02.847+0000] {logging_mixin.py:190} INFO - [2024-09-24T23:42:02.846+0000] {dagbag.py:588} INFO - Filling up the DagBag from /home/airflow/.local/lib/python3.12/site-packages/airflow/example_dags/example_subdag_operator.py
[2024-09-24T23:42:02.973+0000] {processor.py:925} INFO - DAG(s) 'example_subdag_operator.section-1', 'example_subdag_operator.section-2', 'example_subdag_operator' retrieved from /home/airflow/.local/lib/python3.12/site-packages/airflow/example_dags/example_subdag_operator.py
[2024-09-24T23:42:03.031+0000] {logging_mixin.py:190} INFO - [2024-09-24T23:42:03.030+0000] {dag.py:3239} INFO - Sync 3 DAGs
[2024-09-24T23:42:03.115+0000] {logging_mixin.py:190} INFO - [2024-09-24T23:42:03.115+0000] {dag.py:4180} INFO - Setting next_dagrun for example_subdag_operator to 2022-01-01 00:00:00+00:00, run_after=2022-01-01 00:00:00+00:00
[2024-09-24T23:42:03.132+0000] {logging_mixin.py:190} INFO - [2024-09-24T23:42:03.131+0000] {dag.py:4180} INFO - Setting next_dagrun for example_subdag_operator.section-1 to None, run_after=None
[2024-09-24T23:42:03.139+0000] {logging_mixin.py:190} INFO - [2024-09-24T23:42:03.138+0000] {dag.py:4180} INFO - Setting next_dagrun for example_subdag_operator.section-2 to None, run_after=None
[2024-09-24T23:42:03.162+0000] {logging_mixin.py:190} INFO - [2024-09-24T23:42:03.161+0000] {dag.py:3239} INFO - Sync 2 DAGs
[2024-09-24T23:42:03.180+0000] {logging_mixin.py:190} INFO - [2024-09-24T23:42:03.179+0000] {dag.py:4180} INFO - Setting next_dagrun for example_subdag_operator.section-1 to None, run_after=None
[2024-09-24T23:42:03.182+0000] {logging_mixin.py:190} INFO - [2024-09-24T23:42:03.181+0000] {dag.py:4180} INFO - Setting next_dagrun for example_subdag_operator.section-2 to None, run_after=None
[2024-09-24T23:42:03.224+0000] {processor.py:208} INFO - Processing /home/airflow/.local/lib/python3.12/site-packages/airflow/example_dags/example_subdag_operator.py took 0.411 seconds
[2024-09-24T23:42:33.877+0000] {processor.py:186} INFO - Started process (PID=2696) to work on /home/airflow/.local/lib/python3.12/site-packages/airflow/example_dags/example_subdag_operator.py
[2024-09-24T23:42:33.879+0000] {processor.py:914} INFO - Processing file /home/airflow/.local/lib/python3.12/site-packages/airflow/example_dags/example_subdag_operator.py for tasks to queue
[2024-09-24T23:42:33.883+0000] {logging_mixin.py:190} INFO - [2024-09-24T23:42:33.883+0000] {dagbag.py:588} INFO - Filling up the DagBag from /home/airflow/.local/lib/python3.12/site-packages/airflow/example_dags/example_subdag_operator.py
[2024-09-24T23:42:33.956+0000] {processor.py:925} INFO - DAG(s) 'example_subdag_operator.section-1', 'example_subdag_operator.section-2', 'example_subdag_operator' retrieved from /home/airflow/.local/lib/python3.12/site-packages/airflow/example_dags/example_subdag_operator.py
[2024-09-24T23:42:34.060+0000] {logging_mixin.py:190} INFO - [2024-09-24T23:42:34.059+0000] {dag.py:3239} INFO - Sync 3 DAGs
[2024-09-24T23:42:34.181+0000] {logging_mixin.py:190} INFO - [2024-09-24T23:42:34.180+0000] {dag.py:4180} INFO - Setting next_dagrun for example_subdag_operator to 2022-01-01 00:00:00+00:00, run_after=2022-01-01 00:00:00+00:00
[2024-09-24T23:42:34.201+0000] {logging_mixin.py:190} INFO - [2024-09-24T23:42:34.200+0000] {dag.py:4180} INFO - Setting next_dagrun for example_subdag_operator.section-1 to None, run_after=None
[2024-09-24T23:42:34.205+0000] {logging_mixin.py:190} INFO - [2024-09-24T23:42:34.205+0000] {dag.py:4180} INFO - Setting next_dagrun for example_subdag_operator.section-2 to None, run_after=None
[2024-09-24T23:42:34.224+0000] {logging_mixin.py:190} INFO - [2024-09-24T23:42:34.224+0000] {dag.py:3239} INFO - Sync 2 DAGs
[2024-09-24T23:42:34.239+0000] {logging_mixin.py:190} INFO - [2024-09-24T23:42:34.238+0000] {dag.py:4180} INFO - Setting next_dagrun for example_subdag_operator.section-1 to None, run_after=None
[2024-09-24T23:42:34.240+0000] {logging_mixin.py:190} INFO - [2024-09-24T23:42:34.240+0000] {dag.py:4180} INFO - Setting next_dagrun for example_subdag_operator.section-2 to None, run_after=None
[2024-09-24T23:42:34.271+0000] {processor.py:208} INFO - Processing /home/airflow/.local/lib/python3.12/site-packages/airflow/example_dags/example_subdag_operator.py took 0.405 seconds
[2024-09-24T23:43:04.975+0000] {processor.py:186} INFO - Started process (PID=2982) to work on /home/airflow/.local/lib/python3.12/site-packages/airflow/example_dags/example_subdag_operator.py
[2024-09-24T23:43:04.978+0000] {processor.py:914} INFO - Processing file /home/airflow/.local/lib/python3.12/site-packages/airflow/example_dags/example_subdag_operator.py for tasks to queue
[2024-09-24T23:43:04.990+0000] {logging_mixin.py:190} INFO - [2024-09-24T23:43:04.989+0000] {dagbag.py:588} INFO - Filling up the DagBag from /home/airflow/.local/lib/python3.12/site-packages/airflow/example_dags/example_subdag_operator.py
[2024-09-24T23:43:05.091+0000] {processor.py:925} INFO - DAG(s) 'example_subdag_operator.section-1', 'example_subdag_operator.section-2', 'example_subdag_operator' retrieved from /home/airflow/.local/lib/python3.12/site-packages/airflow/example_dags/example_subdag_operator.py
[2024-09-24T23:43:05.175+0000] {logging_mixin.py:190} INFO - [2024-09-24T23:43:05.174+0000] {dag.py:3239} INFO - Sync 3 DAGs
[2024-09-24T23:43:05.299+0000] {logging_mixin.py:190} INFO - [2024-09-24T23:43:05.299+0000] {dag.py:4180} INFO - Setting next_dagrun for example_subdag_operator to 2022-01-01 00:00:00+00:00, run_after=2022-01-01 00:00:00+00:00
[2024-09-24T23:43:05.311+0000] {logging_mixin.py:190} INFO - [2024-09-24T23:43:05.310+0000] {dag.py:4180} INFO - Setting next_dagrun for example_subdag_operator.section-1 to None, run_after=None
[2024-09-24T23:43:05.315+0000] {logging_mixin.py:190} INFO - [2024-09-24T23:43:05.315+0000] {dag.py:4180} INFO - Setting next_dagrun for example_subdag_operator.section-2 to None, run_after=None
[2024-09-24T23:43:05.337+0000] {logging_mixin.py:190} INFO - [2024-09-24T23:43:05.336+0000] {dag.py:3239} INFO - Sync 2 DAGs
[2024-09-24T23:43:05.354+0000] {logging_mixin.py:190} INFO - [2024-09-24T23:43:05.353+0000] {dag.py:4180} INFO - Setting next_dagrun for example_subdag_operator.section-1 to None, run_after=None
[2024-09-24T23:43:05.356+0000] {logging_mixin.py:190} INFO - [2024-09-24T23:43:05.355+0000] {dag.py:4180} INFO - Setting next_dagrun for example_subdag_operator.section-2 to None, run_after=None
[2024-09-24T23:43:05.397+0000] {processor.py:208} INFO - Processing /home/airflow/.local/lib/python3.12/site-packages/airflow/example_dags/example_subdag_operator.py took 0.442 seconds
[2024-09-24T23:43:36.040+0000] {processor.py:186} INFO - Started process (PID=3268) to work on /home/airflow/.local/lib/python3.12/site-packages/airflow/example_dags/example_subdag_operator.py
[2024-09-24T23:43:36.044+0000] {processor.py:914} INFO - Processing file /home/airflow/.local/lib/python3.12/site-packages/airflow/example_dags/example_subdag_operator.py for tasks to queue
[2024-09-24T23:43:36.049+0000] {logging_mixin.py:190} INFO - [2024-09-24T23:43:36.049+0000] {dagbag.py:588} INFO - Filling up the DagBag from /home/airflow/.local/lib/python3.12/site-packages/airflow/example_dags/example_subdag_operator.py
[2024-09-24T23:43:36.104+0000] {processor.py:925} INFO - DAG(s) 'example_subdag_operator.section-1', 'example_subdag_operator.section-2', 'example_subdag_operator' retrieved from /home/airflow/.local/lib/python3.12/site-packages/airflow/example_dags/example_subdag_operator.py
[2024-09-24T23:43:36.147+0000] {logging_mixin.py:190} INFO - [2024-09-24T23:43:36.146+0000] {dag.py:3239} INFO - Sync 3 DAGs
[2024-09-24T23:43:36.204+0000] {logging_mixin.py:190} INFO - [2024-09-24T23:43:36.203+0000] {dag.py:4180} INFO - Setting next_dagrun for example_subdag_operator to 2022-01-01 00:00:00+00:00, run_after=2022-01-01 00:00:00+00:00
[2024-09-24T23:43:36.216+0000] {logging_mixin.py:190} INFO - [2024-09-24T23:43:36.215+0000] {dag.py:4180} INFO - Setting next_dagrun for example_subdag_operator.section-1 to None, run_after=None
[2024-09-24T23:43:36.220+0000] {logging_mixin.py:190} INFO - [2024-09-24T23:43:36.220+0000] {dag.py:4180} INFO - Setting next_dagrun for example_subdag_operator.section-2 to None, run_after=None
[2024-09-24T23:43:36.249+0000] {logging_mixin.py:190} INFO - [2024-09-24T23:43:36.248+0000] {dag.py:3239} INFO - Sync 2 DAGs
[2024-09-24T23:43:36.264+0000] {logging_mixin.py:190} INFO - [2024-09-24T23:43:36.263+0000] {dag.py:4180} INFO - Setting next_dagrun for example_subdag_operator.section-1 to None, run_after=None
[2024-09-24T23:43:36.265+0000] {logging_mixin.py:190} INFO - [2024-09-24T23:43:36.265+0000] {dag.py:4180} INFO - Setting next_dagrun for example_subdag_operator.section-2 to None, run_after=None
[2024-09-24T23:43:36.295+0000] {processor.py:208} INFO - Processing /home/airflow/.local/lib/python3.12/site-packages/airflow/example_dags/example_subdag_operator.py took 0.267 seconds
[2024-09-24T23:44:07.108+0000] {processor.py:186} INFO - Started process (PID=3554) to work on /home/airflow/.local/lib/python3.12/site-packages/airflow/example_dags/example_subdag_operator.py
[2024-09-24T23:44:07.111+0000] {processor.py:914} INFO - Processing file /home/airflow/.local/lib/python3.12/site-packages/airflow/example_dags/example_subdag_operator.py for tasks to queue
[2024-09-24T23:44:07.120+0000] {logging_mixin.py:190} INFO - [2024-09-24T23:44:07.119+0000] {dagbag.py:588} INFO - Filling up the DagBag from /home/airflow/.local/lib/python3.12/site-packages/airflow/example_dags/example_subdag_operator.py
[2024-09-24T23:44:07.188+0000] {processor.py:925} INFO - DAG(s) 'example_subdag_operator.section-1', 'example_subdag_operator.section-2', 'example_subdag_operator' retrieved from /home/airflow/.local/lib/python3.12/site-packages/airflow/example_dags/example_subdag_operator.py
[2024-09-24T23:44:07.231+0000] {logging_mixin.py:190} INFO - [2024-09-24T23:44:07.231+0000] {dag.py:3239} INFO - Sync 3 DAGs
[2024-09-24T23:44:07.321+0000] {logging_mixin.py:190} INFO - [2024-09-24T23:44:07.320+0000] {dag.py:4180} INFO - Setting next_dagrun for example_subdag_operator to 2022-01-01 00:00:00+00:00, run_after=2022-01-01 00:00:00+00:00
[2024-09-24T23:44:07.337+0000] {logging_mixin.py:190} INFO - [2024-09-24T23:44:07.336+0000] {dag.py:4180} INFO - Setting next_dagrun for example_subdag_operator.section-1 to None, run_after=None
[2024-09-24T23:44:07.342+0000] {logging_mixin.py:190} INFO - [2024-09-24T23:44:07.342+0000] {dag.py:4180} INFO - Setting next_dagrun for example_subdag_operator.section-2 to None, run_after=None
[2024-09-24T23:44:07.378+0000] {logging_mixin.py:190} INFO - [2024-09-24T23:44:07.376+0000] {dag.py:3239} INFO - Sync 2 DAGs
[2024-09-24T23:44:07.396+0000] {logging_mixin.py:190} INFO - [2024-09-24T23:44:07.396+0000] {dag.py:4180} INFO - Setting next_dagrun for example_subdag_operator.section-1 to None, run_after=None
[2024-09-24T23:44:07.398+0000] {logging_mixin.py:190} INFO - [2024-09-24T23:44:07.398+0000] {dag.py:4180} INFO - Setting next_dagrun for example_subdag_operator.section-2 to None, run_after=None
[2024-09-24T23:44:07.436+0000] {processor.py:208} INFO - Processing /home/airflow/.local/lib/python3.12/site-packages/airflow/example_dags/example_subdag_operator.py took 0.352 seconds
[2024-09-24T23:44:37.701+0000] {processor.py:186} INFO - Started process (PID=3837) to work on /home/airflow/.local/lib/python3.12/site-packages/airflow/example_dags/example_subdag_operator.py
[2024-09-24T23:44:37.703+0000] {processor.py:914} INFO - Processing file /home/airflow/.local/lib/python3.12/site-packages/airflow/example_dags/example_subdag_operator.py for tasks to queue
[2024-09-24T23:44:37.709+0000] {logging_mixin.py:190} INFO - [2024-09-24T23:44:37.708+0000] {dagbag.py:588} INFO - Filling up the DagBag from /home/airflow/.local/lib/python3.12/site-packages/airflow/example_dags/example_subdag_operator.py
[2024-09-24T23:44:37.752+0000] {processor.py:925} INFO - DAG(s) 'example_subdag_operator.section-1', 'example_subdag_operator.section-2', 'example_subdag_operator' retrieved from /home/airflow/.local/lib/python3.12/site-packages/airflow/example_dags/example_subdag_operator.py
[2024-09-24T23:44:37.781+0000] {logging_mixin.py:190} INFO - [2024-09-24T23:44:37.781+0000] {dag.py:3239} INFO - Sync 3 DAGs
[2024-09-24T23:44:37.821+0000] {logging_mixin.py:190} INFO - [2024-09-24T23:44:37.821+0000] {dag.py:4180} INFO - Setting next_dagrun for example_subdag_operator to 2022-01-01 00:00:00+00:00, run_after=2022-01-01 00:00:00+00:00
[2024-09-24T23:44:37.829+0000] {logging_mixin.py:190} INFO - [2024-09-24T23:44:37.828+0000] {dag.py:4180} INFO - Setting next_dagrun for example_subdag_operator.section-1 to None, run_after=None
[2024-09-24T23:44:37.832+0000] {logging_mixin.py:190} INFO - [2024-09-24T23:44:37.832+0000] {dag.py:4180} INFO - Setting next_dagrun for example_subdag_operator.section-2 to None, run_after=None
[2024-09-24T23:44:37.845+0000] {logging_mixin.py:190} INFO - [2024-09-24T23:44:37.845+0000] {dag.py:3239} INFO - Sync 2 DAGs
[2024-09-24T23:44:37.858+0000] {logging_mixin.py:190} INFO - [2024-09-24T23:44:37.857+0000] {dag.py:4180} INFO - Setting next_dagrun for example_subdag_operator.section-1 to None, run_after=None
[2024-09-24T23:44:37.860+0000] {logging_mixin.py:190} INFO - [2024-09-24T23:44:37.859+0000] {dag.py:4180} INFO - Setting next_dagrun for example_subdag_operator.section-2 to None, run_after=None
[2024-09-24T23:44:37.886+0000] {processor.py:208} INFO - Processing /home/airflow/.local/lib/python3.12/site-packages/airflow/example_dags/example_subdag_operator.py took 0.196 seconds
[2024-09-24T23:45:08.719+0000] {processor.py:186} INFO - Started process (PID=4123) to work on /home/airflow/.local/lib/python3.12/site-packages/airflow/example_dags/example_subdag_operator.py
[2024-09-24T23:45:08.722+0000] {processor.py:914} INFO - Processing file /home/airflow/.local/lib/python3.12/site-packages/airflow/example_dags/example_subdag_operator.py for tasks to queue
[2024-09-24T23:45:08.727+0000] {logging_mixin.py:190} INFO - [2024-09-24T23:45:08.726+0000] {dagbag.py:588} INFO - Filling up the DagBag from /home/airflow/.local/lib/python3.12/site-packages/airflow/example_dags/example_subdag_operator.py
[2024-09-24T23:45:08.791+0000] {processor.py:925} INFO - DAG(s) 'example_subdag_operator.section-1', 'example_subdag_operator.section-2', 'example_subdag_operator' retrieved from /home/airflow/.local/lib/python3.12/site-packages/airflow/example_dags/example_subdag_operator.py
[2024-09-24T23:45:08.831+0000] {logging_mixin.py:190} INFO - [2024-09-24T23:45:08.830+0000] {dag.py:3239} INFO - Sync 3 DAGs
[2024-09-24T23:45:08.882+0000] {logging_mixin.py:190} INFO - [2024-09-24T23:45:08.881+0000] {dag.py:4180} INFO - Setting next_dagrun for example_subdag_operator to 2022-01-01 00:00:00+00:00, run_after=2022-01-01 00:00:00+00:00
[2024-09-24T23:45:08.892+0000] {logging_mixin.py:190} INFO - [2024-09-24T23:45:08.892+0000] {dag.py:4180} INFO - Setting next_dagrun for example_subdag_operator.section-1 to None, run_after=None
[2024-09-24T23:45:08.897+0000] {logging_mixin.py:190} INFO - [2024-09-24T23:45:08.896+0000] {dag.py:4180} INFO - Setting next_dagrun for example_subdag_operator.section-2 to None, run_after=None
[2024-09-24T23:45:08.916+0000] {logging_mixin.py:190} INFO - [2024-09-24T23:45:08.915+0000] {dag.py:3239} INFO - Sync 2 DAGs
[2024-09-24T23:45:08.930+0000] {logging_mixin.py:190} INFO - [2024-09-24T23:45:08.929+0000] {dag.py:4180} INFO - Setting next_dagrun for example_subdag_operator.section-1 to None, run_after=None
[2024-09-24T23:45:08.931+0000] {logging_mixin.py:190} INFO - [2024-09-24T23:45:08.931+0000] {dag.py:4180} INFO - Setting next_dagrun for example_subdag_operator.section-2 to None, run_after=None
[2024-09-24T23:45:08.954+0000] {processor.py:208} INFO - Processing /home/airflow/.local/lib/python3.12/site-packages/airflow/example_dags/example_subdag_operator.py took 0.250 seconds
[2024-09-24T23:45:39.125+0000] {processor.py:186} INFO - Started process (PID=4409) to work on /home/airflow/.local/lib/python3.12/site-packages/airflow/example_dags/example_subdag_operator.py
[2024-09-24T23:45:39.127+0000] {processor.py:914} INFO - Processing file /home/airflow/.local/lib/python3.12/site-packages/airflow/example_dags/example_subdag_operator.py for tasks to queue
[2024-09-24T23:45:39.137+0000] {logging_mixin.py:190} INFO - [2024-09-24T23:45:39.136+0000] {dagbag.py:588} INFO - Filling up the DagBag from /home/airflow/.local/lib/python3.12/site-packages/airflow/example_dags/example_subdag_operator.py
[2024-09-24T23:45:39.204+0000] {processor.py:925} INFO - DAG(s) 'example_subdag_operator.section-1', 'example_subdag_operator.section-2', 'example_subdag_operator' retrieved from /home/airflow/.local/lib/python3.12/site-packages/airflow/example_dags/example_subdag_operator.py
[2024-09-24T23:45:39.264+0000] {logging_mixin.py:190} INFO - [2024-09-24T23:45:39.263+0000] {dag.py:3239} INFO - Sync 3 DAGs
[2024-09-24T23:45:39.345+0000] {logging_mixin.py:190} INFO - [2024-09-24T23:45:39.344+0000] {dag.py:4180} INFO - Setting next_dagrun for example_subdag_operator to 2022-01-01 00:00:00+00:00, run_after=2022-01-01 00:00:00+00:00
[2024-09-24T23:45:39.356+0000] {logging_mixin.py:190} INFO - [2024-09-24T23:45:39.355+0000] {dag.py:4180} INFO - Setting next_dagrun for example_subdag_operator.section-1 to None, run_after=None
[2024-09-24T23:45:39.360+0000] {logging_mixin.py:190} INFO - [2024-09-24T23:45:39.359+0000] {dag.py:4180} INFO - Setting next_dagrun for example_subdag_operator.section-2 to None, run_after=None
[2024-09-24T23:45:39.380+0000] {logging_mixin.py:190} INFO - [2024-09-24T23:45:39.380+0000] {dag.py:3239} INFO - Sync 2 DAGs
[2024-09-24T23:45:39.397+0000] {logging_mixin.py:190} INFO - [2024-09-24T23:45:39.397+0000] {dag.py:4180} INFO - Setting next_dagrun for example_subdag_operator.section-1 to None, run_after=None
[2024-09-24T23:45:39.399+0000] {logging_mixin.py:190} INFO - [2024-09-24T23:45:39.399+0000] {dag.py:4180} INFO - Setting next_dagrun for example_subdag_operator.section-2 to None, run_after=None
[2024-09-24T23:45:39.429+0000] {processor.py:208} INFO - Processing /home/airflow/.local/lib/python3.12/site-packages/airflow/example_dags/example_subdag_operator.py took 0.321 seconds
[2024-09-24T23:46:09.709+0000] {processor.py:186} INFO - Started process (PID=4695) to work on /home/airflow/.local/lib/python3.12/site-packages/airflow/example_dags/example_subdag_operator.py
[2024-09-24T23:46:09.711+0000] {processor.py:914} INFO - Processing file /home/airflow/.local/lib/python3.12/site-packages/airflow/example_dags/example_subdag_operator.py for tasks to queue
[2024-09-24T23:46:09.717+0000] {logging_mixin.py:190} INFO - [2024-09-24T23:46:09.717+0000] {dagbag.py:588} INFO - Filling up the DagBag from /home/airflow/.local/lib/python3.12/site-packages/airflow/example_dags/example_subdag_operator.py
[2024-09-24T23:46:09.786+0000] {processor.py:925} INFO - DAG(s) 'example_subdag_operator.section-1', 'example_subdag_operator.section-2', 'example_subdag_operator' retrieved from /home/airflow/.local/lib/python3.12/site-packages/airflow/example_dags/example_subdag_operator.py
[2024-09-24T23:46:09.837+0000] {logging_mixin.py:190} INFO - [2024-09-24T23:46:09.836+0000] {dag.py:3239} INFO - Sync 3 DAGs
[2024-09-24T23:46:09.914+0000] {logging_mixin.py:190} INFO - [2024-09-24T23:46:09.913+0000] {dag.py:4180} INFO - Setting next_dagrun for example_subdag_operator to 2022-01-01 00:00:00+00:00, run_after=2022-01-01 00:00:00+00:00
[2024-09-24T23:46:09.926+0000] {logging_mixin.py:190} INFO - [2024-09-24T23:46:09.925+0000] {dag.py:4180} INFO - Setting next_dagrun for example_subdag_operator.section-1 to None, run_after=None
[2024-09-24T23:46:09.933+0000] {logging_mixin.py:190} INFO - [2024-09-24T23:46:09.932+0000] {dag.py:4180} INFO - Setting next_dagrun for example_subdag_operator.section-2 to None, run_after=None
[2024-09-24T23:46:09.953+0000] {logging_mixin.py:190} INFO - [2024-09-24T23:46:09.953+0000] {dag.py:3239} INFO - Sync 2 DAGs
[2024-09-24T23:46:09.969+0000] {logging_mixin.py:190} INFO - [2024-09-24T23:46:09.969+0000] {dag.py:4180} INFO - Setting next_dagrun for example_subdag_operator.section-1 to None, run_after=None
[2024-09-24T23:46:09.971+0000] {logging_mixin.py:190} INFO - [2024-09-24T23:46:09.971+0000] {dag.py:4180} INFO - Setting next_dagrun for example_subdag_operator.section-2 to None, run_after=None
[2024-09-24T23:46:09.998+0000] {processor.py:208} INFO - Processing /home/airflow/.local/lib/python3.12/site-packages/airflow/example_dags/example_subdag_operator.py took 0.301 seconds
[2024-09-24T23:46:40.209+0000] {processor.py:186} INFO - Started process (PID=4981) to work on /home/airflow/.local/lib/python3.12/site-packages/airflow/example_dags/example_subdag_operator.py
[2024-09-24T23:46:40.211+0000] {processor.py:914} INFO - Processing file /home/airflow/.local/lib/python3.12/site-packages/airflow/example_dags/example_subdag_operator.py for tasks to queue
[2024-09-24T23:46:40.216+0000] {logging_mixin.py:190} INFO - [2024-09-24T23:46:40.216+0000] {dagbag.py:588} INFO - Filling up the DagBag from /home/airflow/.local/lib/python3.12/site-packages/airflow/example_dags/example_subdag_operator.py
[2024-09-24T23:46:40.279+0000] {processor.py:925} INFO - DAG(s) 'example_subdag_operator.section-1', 'example_subdag_operator.section-2', 'example_subdag_operator' retrieved from /home/airflow/.local/lib/python3.12/site-packages/airflow/example_dags/example_subdag_operator.py
[2024-09-24T23:46:40.333+0000] {logging_mixin.py:190} INFO - [2024-09-24T23:46:40.333+0000] {dag.py:3239} INFO - Sync 3 DAGs
[2024-09-24T23:46:40.402+0000] {logging_mixin.py:190} INFO - [2024-09-24T23:46:40.401+0000] {dag.py:4180} INFO - Setting next_dagrun for example_subdag_operator to 2022-01-01 00:00:00+00:00, run_after=2022-01-01 00:00:00+00:00
[2024-09-24T23:46:40.417+0000] {logging_mixin.py:190} INFO - [2024-09-24T23:46:40.417+0000] {dag.py:4180} INFO - Setting next_dagrun for example_subdag_operator.section-1 to None, run_after=None
[2024-09-24T23:46:40.424+0000] {logging_mixin.py:190} INFO - [2024-09-24T23:46:40.422+0000] {dag.py:4180} INFO - Setting next_dagrun for example_subdag_operator.section-2 to None, run_after=None
[2024-09-24T23:46:40.447+0000] {logging_mixin.py:190} INFO - [2024-09-24T23:46:40.446+0000] {dag.py:3239} INFO - Sync 2 DAGs
[2024-09-24T23:46:40.461+0000] {logging_mixin.py:190} INFO - [2024-09-24T23:46:40.461+0000] {dag.py:4180} INFO - Setting next_dagrun for example_subdag_operator.section-1 to None, run_after=None
[2024-09-24T23:46:40.462+0000] {logging_mixin.py:190} INFO - [2024-09-24T23:46:40.462+0000] {dag.py:4180} INFO - Setting next_dagrun for example_subdag_operator.section-2 to None, run_after=None
[2024-09-24T23:46:40.489+0000] {processor.py:208} INFO - Processing /home/airflow/.local/lib/python3.12/site-packages/airflow/example_dags/example_subdag_operator.py took 0.292 seconds
[2024-09-24T23:47:11.192+0000] {processor.py:186} INFO - Started process (PID=5267) to work on /home/airflow/.local/lib/python3.12/site-packages/airflow/example_dags/example_subdag_operator.py
[2024-09-24T23:47:11.194+0000] {processor.py:914} INFO - Processing file /home/airflow/.local/lib/python3.12/site-packages/airflow/example_dags/example_subdag_operator.py for tasks to queue
[2024-09-24T23:47:11.199+0000] {logging_mixin.py:190} INFO - [2024-09-24T23:47:11.198+0000] {dagbag.py:588} INFO - Filling up the DagBag from /home/airflow/.local/lib/python3.12/site-packages/airflow/example_dags/example_subdag_operator.py
[2024-09-24T23:47:11.250+0000] {processor.py:925} INFO - DAG(s) 'example_subdag_operator.section-1', 'example_subdag_operator.section-2', 'example_subdag_operator' retrieved from /home/airflow/.local/lib/python3.12/site-packages/airflow/example_dags/example_subdag_operator.py
[2024-09-24T23:47:11.284+0000] {logging_mixin.py:190} INFO - [2024-09-24T23:47:11.284+0000] {dag.py:3239} INFO - Sync 3 DAGs
[2024-09-24T23:47:11.342+0000] {logging_mixin.py:190} INFO - [2024-09-24T23:47:11.341+0000] {dag.py:4180} INFO - Setting next_dagrun for example_subdag_operator to 2022-01-01 00:00:00+00:00, run_after=2022-01-01 00:00:00+00:00
[2024-09-24T23:47:11.352+0000] {logging_mixin.py:190} INFO - [2024-09-24T23:47:11.352+0000] {dag.py:4180} INFO - Setting next_dagrun for example_subdag_operator.section-1 to None, run_after=None
[2024-09-24T23:47:11.357+0000] {logging_mixin.py:190} INFO - [2024-09-24T23:47:11.356+0000] {dag.py:4180} INFO - Setting next_dagrun for example_subdag_operator.section-2 to None, run_after=None
[2024-09-24T23:47:11.374+0000] {logging_mixin.py:190} INFO - [2024-09-24T23:47:11.373+0000] {dag.py:3239} INFO - Sync 2 DAGs
[2024-09-24T23:47:11.386+0000] {logging_mixin.py:190} INFO - [2024-09-24T23:47:11.386+0000] {dag.py:4180} INFO - Setting next_dagrun for example_subdag_operator.section-1 to None, run_after=None
[2024-09-24T23:47:11.388+0000] {logging_mixin.py:190} INFO - [2024-09-24T23:47:11.387+0000] {dag.py:4180} INFO - Setting next_dagrun for example_subdag_operator.section-2 to None, run_after=None
[2024-09-24T23:47:11.416+0000] {processor.py:208} INFO - Processing /home/airflow/.local/lib/python3.12/site-packages/airflow/example_dags/example_subdag_operator.py took 0.233 seconds
[2024-09-24T23:47:41.552+0000] {processor.py:186} INFO - Started process (PID=5553) to work on /home/airflow/.local/lib/python3.12/site-packages/airflow/example_dags/example_subdag_operator.py
[2024-09-24T23:47:41.554+0000] {processor.py:914} INFO - Processing file /home/airflow/.local/lib/python3.12/site-packages/airflow/example_dags/example_subdag_operator.py for tasks to queue
[2024-09-24T23:47:41.559+0000] {logging_mixin.py:190} INFO - [2024-09-24T23:47:41.558+0000] {dagbag.py:588} INFO - Filling up the DagBag from /home/airflow/.local/lib/python3.12/site-packages/airflow/example_dags/example_subdag_operator.py
[2024-09-24T23:47:41.613+0000] {processor.py:925} INFO - DAG(s) 'example_subdag_operator.section-1', 'example_subdag_operator.section-2', 'example_subdag_operator' retrieved from /home/airflow/.local/lib/python3.12/site-packages/airflow/example_dags/example_subdag_operator.py
[2024-09-24T23:47:41.646+0000] {logging_mixin.py:190} INFO - [2024-09-24T23:47:41.645+0000] {dag.py:3239} INFO - Sync 3 DAGs
[2024-09-24T23:47:41.708+0000] {logging_mixin.py:190} INFO - [2024-09-24T23:47:41.707+0000] {dag.py:4180} INFO - Setting next_dagrun for example_subdag_operator to 2022-01-01 00:00:00+00:00, run_after=2022-01-01 00:00:00+00:00
[2024-09-24T23:47:41.719+0000] {logging_mixin.py:190} INFO - [2024-09-24T23:47:41.719+0000] {dag.py:4180} INFO - Setting next_dagrun for example_subdag_operator.section-1 to None, run_after=None
[2024-09-24T23:47:41.723+0000] {logging_mixin.py:190} INFO - [2024-09-24T23:47:41.723+0000] {dag.py:4180} INFO - Setting next_dagrun for example_subdag_operator.section-2 to None, run_after=None
[2024-09-24T23:47:41.743+0000] {logging_mixin.py:190} INFO - [2024-09-24T23:47:41.742+0000] {dag.py:3239} INFO - Sync 2 DAGs
[2024-09-24T23:47:41.758+0000] {logging_mixin.py:190} INFO - [2024-09-24T23:47:41.757+0000] {dag.py:4180} INFO - Setting next_dagrun for example_subdag_operator.section-1 to None, run_after=None
[2024-09-24T23:47:41.761+0000] {logging_mixin.py:190} INFO - [2024-09-24T23:47:41.760+0000] {dag.py:4180} INFO - Setting next_dagrun for example_subdag_operator.section-2 to None, run_after=None
[2024-09-24T23:47:41.794+0000] {processor.py:208} INFO - Processing /home/airflow/.local/lib/python3.12/site-packages/airflow/example_dags/example_subdag_operator.py took 0.253 seconds
[2024-09-24T23:48:12.139+0000] {processor.py:186} INFO - Started process (PID=5839) to work on /home/airflow/.local/lib/python3.12/site-packages/airflow/example_dags/example_subdag_operator.py
[2024-09-24T23:48:12.141+0000] {processor.py:914} INFO - Processing file /home/airflow/.local/lib/python3.12/site-packages/airflow/example_dags/example_subdag_operator.py for tasks to queue
[2024-09-24T23:48:12.147+0000] {logging_mixin.py:190} INFO - [2024-09-24T23:48:12.147+0000] {dagbag.py:588} INFO - Filling up the DagBag from /home/airflow/.local/lib/python3.12/site-packages/airflow/example_dags/example_subdag_operator.py
[2024-09-24T23:48:12.226+0000] {processor.py:925} INFO - DAG(s) 'example_subdag_operator.section-1', 'example_subdag_operator.section-2', 'example_subdag_operator' retrieved from /home/airflow/.local/lib/python3.12/site-packages/airflow/example_dags/example_subdag_operator.py
[2024-09-24T23:48:12.273+0000] {logging_mixin.py:190} INFO - [2024-09-24T23:48:12.272+0000] {dag.py:3239} INFO - Sync 3 DAGs
[2024-09-24T23:48:12.344+0000] {logging_mixin.py:190} INFO - [2024-09-24T23:48:12.343+0000] {dag.py:4180} INFO - Setting next_dagrun for example_subdag_operator to 2022-01-01 00:00:00+00:00, run_after=2022-01-01 00:00:00+00:00
[2024-09-24T23:48:12.358+0000] {logging_mixin.py:190} INFO - [2024-09-24T23:48:12.357+0000] {dag.py:4180} INFO - Setting next_dagrun for example_subdag_operator.section-1 to None, run_after=None
[2024-09-24T23:48:12.364+0000] {logging_mixin.py:190} INFO - [2024-09-24T23:48:12.364+0000] {dag.py:4180} INFO - Setting next_dagrun for example_subdag_operator.section-2 to None, run_after=None
[2024-09-24T23:48:12.393+0000] {logging_mixin.py:190} INFO - [2024-09-24T23:48:12.392+0000] {dag.py:3239} INFO - Sync 2 DAGs
[2024-09-24T23:48:12.417+0000] {logging_mixin.py:190} INFO - [2024-09-24T23:48:12.417+0000] {dag.py:4180} INFO - Setting next_dagrun for example_subdag_operator.section-1 to None, run_after=None
[2024-09-24T23:48:12.420+0000] {logging_mixin.py:190} INFO - [2024-09-24T23:48:12.419+0000] {dag.py:4180} INFO - Setting next_dagrun for example_subdag_operator.section-2 to None, run_after=None
[2024-09-24T23:48:12.454+0000] {processor.py:208} INFO - Processing /home/airflow/.local/lib/python3.12/site-packages/airflow/example_dags/example_subdag_operator.py took 0.329 seconds
[2024-09-24T23:48:42.968+0000] {processor.py:186} INFO - Started process (PID=6125) to work on /home/airflow/.local/lib/python3.12/site-packages/airflow/example_dags/example_subdag_operator.py
[2024-09-24T23:48:42.970+0000] {processor.py:914} INFO - Processing file /home/airflow/.local/lib/python3.12/site-packages/airflow/example_dags/example_subdag_operator.py for tasks to queue
[2024-09-24T23:48:42.976+0000] {logging_mixin.py:190} INFO - [2024-09-24T23:48:42.976+0000] {dagbag.py:588} INFO - Filling up the DagBag from /home/airflow/.local/lib/python3.12/site-packages/airflow/example_dags/example_subdag_operator.py
[2024-09-24T23:48:43.035+0000] {processor.py:925} INFO - DAG(s) 'example_subdag_operator.section-1', 'example_subdag_operator.section-2', 'example_subdag_operator' retrieved from /home/airflow/.local/lib/python3.12/site-packages/airflow/example_dags/example_subdag_operator.py
[2024-09-24T23:48:43.068+0000] {logging_mixin.py:190} INFO - [2024-09-24T23:48:43.068+0000] {dag.py:3239} INFO - Sync 3 DAGs
[2024-09-24T23:48:43.124+0000] {logging_mixin.py:190} INFO - [2024-09-24T23:48:43.123+0000] {dag.py:4180} INFO - Setting next_dagrun for example_subdag_operator to 2022-01-01 00:00:00+00:00, run_after=2022-01-01 00:00:00+00:00
[2024-09-24T23:48:43.133+0000] {logging_mixin.py:190} INFO - [2024-09-24T23:48:43.133+0000] {dag.py:4180} INFO - Setting next_dagrun for example_subdag_operator.section-1 to None, run_after=None
[2024-09-24T23:48:43.137+0000] {logging_mixin.py:190} INFO - [2024-09-24T23:48:43.137+0000] {dag.py:4180} INFO - Setting next_dagrun for example_subdag_operator.section-2 to None, run_after=None
[2024-09-24T23:48:43.157+0000] {logging_mixin.py:190} INFO - [2024-09-24T23:48:43.156+0000] {dag.py:3239} INFO - Sync 2 DAGs
[2024-09-24T23:48:43.170+0000] {logging_mixin.py:190} INFO - [2024-09-24T23:48:43.170+0000] {dag.py:4180} INFO - Setting next_dagrun for example_subdag_operator.section-1 to None, run_after=None
[2024-09-24T23:48:43.172+0000] {logging_mixin.py:190} INFO - [2024-09-24T23:48:43.171+0000] {dag.py:4180} INFO - Setting next_dagrun for example_subdag_operator.section-2 to None, run_after=None
[2024-09-24T23:48:43.204+0000] {processor.py:208} INFO - Processing /home/airflow/.local/lib/python3.12/site-packages/airflow/example_dags/example_subdag_operator.py took 0.249 seconds
[2024-09-24T23:49:13.857+0000] {processor.py:186} INFO - Started process (PID=6411) to work on /home/airflow/.local/lib/python3.12/site-packages/airflow/example_dags/example_subdag_operator.py
[2024-09-24T23:49:13.860+0000] {processor.py:914} INFO - Processing file /home/airflow/.local/lib/python3.12/site-packages/airflow/example_dags/example_subdag_operator.py for tasks to queue
[2024-09-24T23:49:13.876+0000] {logging_mixin.py:190} INFO - [2024-09-24T23:49:13.875+0000] {dagbag.py:588} INFO - Filling up the DagBag from /home/airflow/.local/lib/python3.12/site-packages/airflow/example_dags/example_subdag_operator.py
[2024-09-24T23:49:14.017+0000] {processor.py:925} INFO - DAG(s) 'example_subdag_operator.section-1', 'example_subdag_operator.section-2', 'example_subdag_operator' retrieved from /home/airflow/.local/lib/python3.12/site-packages/airflow/example_dags/example_subdag_operator.py
[2024-09-24T23:49:14.119+0000] {logging_mixin.py:190} INFO - [2024-09-24T23:49:14.118+0000] {dag.py:3239} INFO - Sync 3 DAGs
[2024-09-24T23:49:14.289+0000] {logging_mixin.py:190} INFO - [2024-09-24T23:49:14.288+0000] {dag.py:4180} INFO - Setting next_dagrun for example_subdag_operator to 2022-01-01 00:00:00+00:00, run_after=2022-01-01 00:00:00+00:00
[2024-09-24T23:49:14.313+0000] {logging_mixin.py:190} INFO - [2024-09-24T23:49:14.312+0000] {dag.py:4180} INFO - Setting next_dagrun for example_subdag_operator.section-1 to None, run_after=None
[2024-09-24T23:49:14.319+0000] {logging_mixin.py:190} INFO - [2024-09-24T23:49:14.318+0000] {dag.py:4180} INFO - Setting next_dagrun for example_subdag_operator.section-2 to None, run_after=None
[2024-09-24T23:49:14.376+0000] {logging_mixin.py:190} INFO - [2024-09-24T23:49:14.376+0000] {dag.py:3239} INFO - Sync 2 DAGs
[2024-09-24T23:49:14.404+0000] {logging_mixin.py:190} INFO - [2024-09-24T23:49:14.403+0000] {dag.py:4180} INFO - Setting next_dagrun for example_subdag_operator.section-1 to None, run_after=None
[2024-09-24T23:49:14.412+0000] {logging_mixin.py:190} INFO - [2024-09-24T23:49:14.412+0000] {dag.py:4180} INFO - Setting next_dagrun for example_subdag_operator.section-2 to None, run_after=None
[2024-09-24T23:49:14.479+0000] {processor.py:208} INFO - Processing /home/airflow/.local/lib/python3.12/site-packages/airflow/example_dags/example_subdag_operator.py took 0.649 seconds
[2024-09-24T23:49:45.335+0000] {processor.py:186} INFO - Started process (PID=6697) to work on /home/airflow/.local/lib/python3.12/site-packages/airflow/example_dags/example_subdag_operator.py
[2024-09-24T23:49:45.338+0000] {processor.py:914} INFO - Processing file /home/airflow/.local/lib/python3.12/site-packages/airflow/example_dags/example_subdag_operator.py for tasks to queue
[2024-09-24T23:49:45.345+0000] {logging_mixin.py:190} INFO - [2024-09-24T23:49:45.344+0000] {dagbag.py:588} INFO - Filling up the DagBag from /home/airflow/.local/lib/python3.12/site-packages/airflow/example_dags/example_subdag_operator.py
[2024-09-24T23:49:45.422+0000] {processor.py:925} INFO - DAG(s) 'example_subdag_operator.section-1', 'example_subdag_operator.section-2', 'example_subdag_operator' retrieved from /home/airflow/.local/lib/python3.12/site-packages/airflow/example_dags/example_subdag_operator.py
[2024-09-24T23:49:45.469+0000] {logging_mixin.py:190} INFO - [2024-09-24T23:49:45.468+0000] {dag.py:3239} INFO - Sync 3 DAGs
[2024-09-24T23:49:45.533+0000] {logging_mixin.py:190} INFO - [2024-09-24T23:49:45.532+0000] {dag.py:4180} INFO - Setting next_dagrun for example_subdag_operator to 2022-01-01 00:00:00+00:00, run_after=2022-01-01 00:00:00+00:00
[2024-09-24T23:49:45.546+0000] {logging_mixin.py:190} INFO - [2024-09-24T23:49:45.545+0000] {dag.py:4180} INFO - Setting next_dagrun for example_subdag_operator.section-1 to None, run_after=None
[2024-09-24T23:49:45.550+0000] {logging_mixin.py:190} INFO - [2024-09-24T23:49:45.550+0000] {dag.py:4180} INFO - Setting next_dagrun for example_subdag_operator.section-2 to None, run_after=None
[2024-09-24T23:49:45.578+0000] {logging_mixin.py:190} INFO - [2024-09-24T23:49:45.577+0000] {dag.py:3239} INFO - Sync 2 DAGs
[2024-09-24T23:49:45.593+0000] {logging_mixin.py:190} INFO - [2024-09-24T23:49:45.592+0000] {dag.py:4180} INFO - Setting next_dagrun for example_subdag_operator.section-1 to None, run_after=None
[2024-09-24T23:49:45.595+0000] {logging_mixin.py:190} INFO - [2024-09-24T23:49:45.594+0000] {dag.py:4180} INFO - Setting next_dagrun for example_subdag_operator.section-2 to None, run_after=None
[2024-09-24T23:49:45.627+0000] {processor.py:208} INFO - Processing /home/airflow/.local/lib/python3.12/site-packages/airflow/example_dags/example_subdag_operator.py took 0.307 seconds
[2024-09-24T23:50:15.875+0000] {processor.py:186} INFO - Started process (PID=6988) to work on /home/airflow/.local/lib/python3.12/site-packages/airflow/example_dags/example_subdag_operator.py
[2024-09-24T23:50:15.877+0000] {processor.py:914} INFO - Processing file /home/airflow/.local/lib/python3.12/site-packages/airflow/example_dags/example_subdag_operator.py for tasks to queue
[2024-09-24T23:50:15.883+0000] {logging_mixin.py:190} INFO - [2024-09-24T23:50:15.882+0000] {dagbag.py:588} INFO - Filling up the DagBag from /home/airflow/.local/lib/python3.12/site-packages/airflow/example_dags/example_subdag_operator.py
[2024-09-24T23:50:15.962+0000] {processor.py:925} INFO - DAG(s) 'example_subdag_operator.section-1', 'example_subdag_operator.section-2', 'example_subdag_operator' retrieved from /home/airflow/.local/lib/python3.12/site-packages/airflow/example_dags/example_subdag_operator.py
[2024-09-24T23:50:15.993+0000] {logging_mixin.py:190} INFO - [2024-09-24T23:50:15.993+0000] {dag.py:3239} INFO - Sync 3 DAGs
[2024-09-24T23:50:16.040+0000] {logging_mixin.py:190} INFO - [2024-09-24T23:50:16.040+0000] {dag.py:4180} INFO - Setting next_dagrun for example_subdag_operator to 2022-01-01 00:00:00+00:00, run_after=2022-01-01 00:00:00+00:00
[2024-09-24T23:50:16.048+0000] {logging_mixin.py:190} INFO - [2024-09-24T23:50:16.048+0000] {dag.py:4180} INFO - Setting next_dagrun for example_subdag_operator.section-1 to None, run_after=None
[2024-09-24T23:50:16.052+0000] {logging_mixin.py:190} INFO - [2024-09-24T23:50:16.052+0000] {dag.py:4180} INFO - Setting next_dagrun for example_subdag_operator.section-2 to None, run_after=None
[2024-09-24T23:50:16.067+0000] {logging_mixin.py:190} INFO - [2024-09-24T23:50:16.067+0000] {dag.py:3239} INFO - Sync 2 DAGs
[2024-09-24T23:50:16.079+0000] {logging_mixin.py:190} INFO - [2024-09-24T23:50:16.078+0000] {dag.py:4180} INFO - Setting next_dagrun for example_subdag_operator.section-1 to None, run_after=None
[2024-09-24T23:50:16.080+0000] {logging_mixin.py:190} INFO - [2024-09-24T23:50:16.080+0000] {dag.py:4180} INFO - Setting next_dagrun for example_subdag_operator.section-2 to None, run_after=None
[2024-09-24T23:50:16.107+0000] {processor.py:208} INFO - Processing /home/airflow/.local/lib/python3.12/site-packages/airflow/example_dags/example_subdag_operator.py took 0.243 seconds
[2024-09-24T23:50:46.440+0000] {processor.py:186} INFO - Started process (PID=7272) to work on /home/airflow/.local/lib/python3.12/site-packages/airflow/example_dags/example_subdag_operator.py
[2024-09-24T23:50:46.444+0000] {processor.py:914} INFO - Processing file /home/airflow/.local/lib/python3.12/site-packages/airflow/example_dags/example_subdag_operator.py for tasks to queue
[2024-09-24T23:50:46.452+0000] {logging_mixin.py:190} INFO - [2024-09-24T23:50:46.451+0000] {dagbag.py:588} INFO - Filling up the DagBag from /home/airflow/.local/lib/python3.12/site-packages/airflow/example_dags/example_subdag_operator.py
[2024-09-24T23:50:46.545+0000] {processor.py:925} INFO - DAG(s) 'example_subdag_operator.section-1', 'example_subdag_operator.section-2', 'example_subdag_operator' retrieved from /home/airflow/.local/lib/python3.12/site-packages/airflow/example_dags/example_subdag_operator.py
[2024-09-24T23:50:46.605+0000] {logging_mixin.py:190} INFO - [2024-09-24T23:50:46.604+0000] {dag.py:3239} INFO - Sync 3 DAGs
[2024-09-24T23:50:46.695+0000] {logging_mixin.py:190} INFO - [2024-09-24T23:50:46.694+0000] {dag.py:4180} INFO - Setting next_dagrun for example_subdag_operator to 2022-01-01 00:00:00+00:00, run_after=2022-01-01 00:00:00+00:00
[2024-09-24T23:50:46.709+0000] {logging_mixin.py:190} INFO - [2024-09-24T23:50:46.709+0000] {dag.py:4180} INFO - Setting next_dagrun for example_subdag_operator.section-1 to None, run_after=None
[2024-09-24T23:50:46.716+0000] {logging_mixin.py:190} INFO - [2024-09-24T23:50:46.715+0000] {dag.py:4180} INFO - Setting next_dagrun for example_subdag_operator.section-2 to None, run_after=None
[2024-09-24T23:50:46.742+0000] {logging_mixin.py:190} INFO - [2024-09-24T23:50:46.742+0000] {dag.py:3239} INFO - Sync 2 DAGs
[2024-09-24T23:50:46.759+0000] {logging_mixin.py:190} INFO - [2024-09-24T23:50:46.759+0000] {dag.py:4180} INFO - Setting next_dagrun for example_subdag_operator.section-1 to None, run_after=None
[2024-09-24T23:50:46.761+0000] {logging_mixin.py:190} INFO - [2024-09-24T23:50:46.760+0000] {dag.py:4180} INFO - Setting next_dagrun for example_subdag_operator.section-2 to None, run_after=None
[2024-09-24T23:50:46.793+0000] {processor.py:208} INFO - Processing /home/airflow/.local/lib/python3.12/site-packages/airflow/example_dags/example_subdag_operator.py took 0.369 seconds
[2024-09-24T23:51:17.121+0000] {processor.py:186} INFO - Started process (PID=7560) to work on /home/airflow/.local/lib/python3.12/site-packages/airflow/example_dags/example_subdag_operator.py
[2024-09-24T23:51:17.124+0000] {processor.py:914} INFO - Processing file /home/airflow/.local/lib/python3.12/site-packages/airflow/example_dags/example_subdag_operator.py for tasks to queue
[2024-09-24T23:51:17.131+0000] {logging_mixin.py:190} INFO - [2024-09-24T23:51:17.130+0000] {dagbag.py:588} INFO - Filling up the DagBag from /home/airflow/.local/lib/python3.12/site-packages/airflow/example_dags/example_subdag_operator.py
[2024-09-24T23:51:17.201+0000] {processor.py:925} INFO - DAG(s) 'example_subdag_operator.section-1', 'example_subdag_operator.section-2', 'example_subdag_operator' retrieved from /home/airflow/.local/lib/python3.12/site-packages/airflow/example_dags/example_subdag_operator.py
[2024-09-24T23:51:17.256+0000] {logging_mixin.py:190} INFO - [2024-09-24T23:51:17.255+0000] {dag.py:3239} INFO - Sync 3 DAGs
[2024-09-24T23:51:17.341+0000] {logging_mixin.py:190} INFO - [2024-09-24T23:51:17.339+0000] {dag.py:4180} INFO - Setting next_dagrun for example_subdag_operator to 2022-01-01 00:00:00+00:00, run_after=2022-01-01 00:00:00+00:00
[2024-09-24T23:51:17.355+0000] {logging_mixin.py:190} INFO - [2024-09-24T23:51:17.354+0000] {dag.py:4180} INFO - Setting next_dagrun for example_subdag_operator.section-1 to None, run_after=None
[2024-09-24T23:51:17.360+0000] {logging_mixin.py:190} INFO - [2024-09-24T23:51:17.359+0000] {dag.py:4180} INFO - Setting next_dagrun for example_subdag_operator.section-2 to None, run_after=None
[2024-09-24T23:51:17.377+0000] {logging_mixin.py:190} INFO - [2024-09-24T23:51:17.376+0000] {dag.py:3239} INFO - Sync 2 DAGs
[2024-09-24T23:51:17.395+0000] {logging_mixin.py:190} INFO - [2024-09-24T23:51:17.394+0000] {dag.py:4180} INFO - Setting next_dagrun for example_subdag_operator.section-1 to None, run_after=None
[2024-09-24T23:51:17.397+0000] {logging_mixin.py:190} INFO - [2024-09-24T23:51:17.396+0000] {dag.py:4180} INFO - Setting next_dagrun for example_subdag_operator.section-2 to None, run_after=None
[2024-09-24T23:51:17.429+0000] {processor.py:208} INFO - Processing /home/airflow/.local/lib/python3.12/site-packages/airflow/example_dags/example_subdag_operator.py took 0.320 seconds
[2024-09-24T23:51:47.671+0000] {processor.py:186} INFO - Started process (PID=7846) to work on /home/airflow/.local/lib/python3.12/site-packages/airflow/example_dags/example_subdag_operator.py
[2024-09-24T23:51:47.674+0000] {processor.py:914} INFO - Processing file /home/airflow/.local/lib/python3.12/site-packages/airflow/example_dags/example_subdag_operator.py for tasks to queue
[2024-09-24T23:51:47.681+0000] {logging_mixin.py:190} INFO - [2024-09-24T23:51:47.680+0000] {dagbag.py:588} INFO - Filling up the DagBag from /home/airflow/.local/lib/python3.12/site-packages/airflow/example_dags/example_subdag_operator.py
[2024-09-24T23:51:47.746+0000] {processor.py:925} INFO - DAG(s) 'example_subdag_operator.section-1', 'example_subdag_operator.section-2', 'example_subdag_operator' retrieved from /home/airflow/.local/lib/python3.12/site-packages/airflow/example_dags/example_subdag_operator.py
[2024-09-24T23:51:47.781+0000] {logging_mixin.py:190} INFO - [2024-09-24T23:51:47.780+0000] {dag.py:3239} INFO - Sync 3 DAGs
[2024-09-24T23:51:47.831+0000] {logging_mixin.py:190} INFO - [2024-09-24T23:51:47.830+0000] {dag.py:4180} INFO - Setting next_dagrun for example_subdag_operator to 2022-01-01 00:00:00+00:00, run_after=2022-01-01 00:00:00+00:00
[2024-09-24T23:51:47.839+0000] {logging_mixin.py:190} INFO - [2024-09-24T23:51:47.839+0000] {dag.py:4180} INFO - Setting next_dagrun for example_subdag_operator.section-1 to None, run_after=None
[2024-09-24T23:51:47.843+0000] {logging_mixin.py:190} INFO - [2024-09-24T23:51:47.842+0000] {dag.py:4180} INFO - Setting next_dagrun for example_subdag_operator.section-2 to None, run_after=None
[2024-09-24T23:51:47.859+0000] {logging_mixin.py:190} INFO - [2024-09-24T23:51:47.859+0000] {dag.py:3239} INFO - Sync 2 DAGs
[2024-09-24T23:51:47.872+0000] {logging_mixin.py:190} INFO - [2024-09-24T23:51:47.871+0000] {dag.py:4180} INFO - Setting next_dagrun for example_subdag_operator.section-1 to None, run_after=None
[2024-09-24T23:51:47.873+0000] {logging_mixin.py:190} INFO - [2024-09-24T23:51:47.873+0000] {dag.py:4180} INFO - Setting next_dagrun for example_subdag_operator.section-2 to None, run_after=None
[2024-09-24T23:51:47.901+0000] {processor.py:208} INFO - Processing /home/airflow/.local/lib/python3.12/site-packages/airflow/example_dags/example_subdag_operator.py took 0.245 seconds
[2024-09-24T23:52:18.313+0000] {processor.py:186} INFO - Started process (PID=8128) to work on /home/airflow/.local/lib/python3.12/site-packages/airflow/example_dags/example_subdag_operator.py
[2024-09-24T23:52:18.314+0000] {processor.py:914} INFO - Processing file /home/airflow/.local/lib/python3.12/site-packages/airflow/example_dags/example_subdag_operator.py for tasks to queue
[2024-09-24T23:52:18.319+0000] {logging_mixin.py:190} INFO - [2024-09-24T23:52:18.318+0000] {dagbag.py:588} INFO - Filling up the DagBag from /home/airflow/.local/lib/python3.12/site-packages/airflow/example_dags/example_subdag_operator.py
[2024-09-24T23:52:18.367+0000] {processor.py:925} INFO - DAG(s) 'example_subdag_operator.section-1', 'example_subdag_operator.section-2', 'example_subdag_operator' retrieved from /home/airflow/.local/lib/python3.12/site-packages/airflow/example_dags/example_subdag_operator.py
[2024-09-24T23:52:18.395+0000] {logging_mixin.py:190} INFO - [2024-09-24T23:52:18.395+0000] {dag.py:3239} INFO - Sync 3 DAGs
[2024-09-24T23:52:18.449+0000] {logging_mixin.py:190} INFO - [2024-09-24T23:52:18.448+0000] {dag.py:4180} INFO - Setting next_dagrun for example_subdag_operator to 2022-01-01 00:00:00+00:00, run_after=2022-01-01 00:00:00+00:00
[2024-09-24T23:52:18.457+0000] {logging_mixin.py:190} INFO - [2024-09-24T23:52:18.457+0000] {dag.py:4180} INFO - Setting next_dagrun for example_subdag_operator.section-1 to None, run_after=None
[2024-09-24T23:52:18.461+0000] {logging_mixin.py:190} INFO - [2024-09-24T23:52:18.461+0000] {dag.py:4180} INFO - Setting next_dagrun for example_subdag_operator.section-2 to None, run_after=None
[2024-09-24T23:52:18.478+0000] {logging_mixin.py:190} INFO - [2024-09-24T23:52:18.477+0000] {dag.py:3239} INFO - Sync 2 DAGs
[2024-09-24T23:52:18.489+0000] {logging_mixin.py:190} INFO - [2024-09-24T23:52:18.489+0000] {dag.py:4180} INFO - Setting next_dagrun for example_subdag_operator.section-1 to None, run_after=None
[2024-09-24T23:52:18.491+0000] {logging_mixin.py:190} INFO - [2024-09-24T23:52:18.490+0000] {dag.py:4180} INFO - Setting next_dagrun for example_subdag_operator.section-2 to None, run_after=None
[2024-09-24T23:52:18.512+0000] {processor.py:208} INFO - Processing /home/airflow/.local/lib/python3.12/site-packages/airflow/example_dags/example_subdag_operator.py took 0.209 seconds
[2024-09-24T23:52:49.366+0000] {processor.py:186} INFO - Started process (PID=8414) to work on /home/airflow/.local/lib/python3.12/site-packages/airflow/example_dags/example_subdag_operator.py
[2024-09-24T23:52:49.368+0000] {processor.py:914} INFO - Processing file /home/airflow/.local/lib/python3.12/site-packages/airflow/example_dags/example_subdag_operator.py for tasks to queue
[2024-09-24T23:52:49.372+0000] {logging_mixin.py:190} INFO - [2024-09-24T23:52:49.372+0000] {dagbag.py:588} INFO - Filling up the DagBag from /home/airflow/.local/lib/python3.12/site-packages/airflow/example_dags/example_subdag_operator.py
[2024-09-24T23:52:49.423+0000] {processor.py:925} INFO - DAG(s) 'example_subdag_operator.section-1', 'example_subdag_operator.section-2', 'example_subdag_operator' retrieved from /home/airflow/.local/lib/python3.12/site-packages/airflow/example_dags/example_subdag_operator.py
[2024-09-24T23:52:49.453+0000] {logging_mixin.py:190} INFO - [2024-09-24T23:52:49.452+0000] {dag.py:3239} INFO - Sync 3 DAGs
[2024-09-24T23:52:49.507+0000] {logging_mixin.py:190} INFO - [2024-09-24T23:52:49.506+0000] {dag.py:4180} INFO - Setting next_dagrun for example_subdag_operator to 2022-01-01 00:00:00+00:00, run_after=2022-01-01 00:00:00+00:00
[2024-09-24T23:52:49.517+0000] {logging_mixin.py:190} INFO - [2024-09-24T23:52:49.517+0000] {dag.py:4180} INFO - Setting next_dagrun for example_subdag_operator.section-1 to None, run_after=None
[2024-09-24T23:52:49.523+0000] {logging_mixin.py:190} INFO - [2024-09-24T23:52:49.522+0000] {dag.py:4180} INFO - Setting next_dagrun for example_subdag_operator.section-2 to None, run_after=None
[2024-09-24T23:52:49.540+0000] {logging_mixin.py:190} INFO - [2024-09-24T23:52:49.539+0000] {dag.py:3239} INFO - Sync 2 DAGs
[2024-09-24T23:52:49.552+0000] {logging_mixin.py:190} INFO - [2024-09-24T23:52:49.552+0000] {dag.py:4180} INFO - Setting next_dagrun for example_subdag_operator.section-1 to None, run_after=None
[2024-09-24T23:52:49.554+0000] {logging_mixin.py:190} INFO - [2024-09-24T23:52:49.554+0000] {dag.py:4180} INFO - Setting next_dagrun for example_subdag_operator.section-2 to None, run_after=None
[2024-09-24T23:52:49.580+0000] {processor.py:208} INFO - Processing /home/airflow/.local/lib/python3.12/site-packages/airflow/example_dags/example_subdag_operator.py took 0.224 seconds
[2024-09-24T23:53:19.864+0000] {processor.py:186} INFO - Started process (PID=8700) to work on /home/airflow/.local/lib/python3.12/site-packages/airflow/example_dags/example_subdag_operator.py
[2024-09-24T23:53:19.865+0000] {processor.py:914} INFO - Processing file /home/airflow/.local/lib/python3.12/site-packages/airflow/example_dags/example_subdag_operator.py for tasks to queue
[2024-09-24T23:53:19.870+0000] {logging_mixin.py:190} INFO - [2024-09-24T23:53:19.870+0000] {dagbag.py:588} INFO - Filling up the DagBag from /home/airflow/.local/lib/python3.12/site-packages/airflow/example_dags/example_subdag_operator.py
[2024-09-24T23:53:19.920+0000] {processor.py:925} INFO - DAG(s) 'example_subdag_operator.section-1', 'example_subdag_operator.section-2', 'example_subdag_operator' retrieved from /home/airflow/.local/lib/python3.12/site-packages/airflow/example_dags/example_subdag_operator.py
[2024-09-24T23:53:19.955+0000] {logging_mixin.py:190} INFO - [2024-09-24T23:53:19.955+0000] {dag.py:3239} INFO - Sync 3 DAGs
[2024-09-24T23:53:20.006+0000] {logging_mixin.py:190} INFO - [2024-09-24T23:53:20.006+0000] {dag.py:4180} INFO - Setting next_dagrun for example_subdag_operator to 2022-01-01 00:00:00+00:00, run_after=2022-01-01 00:00:00+00:00
[2024-09-24T23:53:20.017+0000] {logging_mixin.py:190} INFO - [2024-09-24T23:53:20.016+0000] {dag.py:4180} INFO - Setting next_dagrun for example_subdag_operator.section-1 to None, run_after=None
[2024-09-24T23:53:20.021+0000] {logging_mixin.py:190} INFO - [2024-09-24T23:53:20.021+0000] {dag.py:4180} INFO - Setting next_dagrun for example_subdag_operator.section-2 to None, run_after=None
[2024-09-24T23:53:20.038+0000] {logging_mixin.py:190} INFO - [2024-09-24T23:53:20.038+0000] {dag.py:3239} INFO - Sync 2 DAGs
[2024-09-24T23:53:20.053+0000] {logging_mixin.py:190} INFO - [2024-09-24T23:53:20.052+0000] {dag.py:4180} INFO - Setting next_dagrun for example_subdag_operator.section-1 to None, run_after=None
[2024-09-24T23:53:20.054+0000] {logging_mixin.py:190} INFO - [2024-09-24T23:53:20.054+0000] {dag.py:4180} INFO - Setting next_dagrun for example_subdag_operator.section-2 to None, run_after=None
[2024-09-24T23:53:20.078+0000] {processor.py:208} INFO - Processing /home/airflow/.local/lib/python3.12/site-packages/airflow/example_dags/example_subdag_operator.py took 0.223 seconds
[2024-09-24T23:53:50.558+0000] {processor.py:186} INFO - Started process (PID=8986) to work on /home/airflow/.local/lib/python3.12/site-packages/airflow/example_dags/example_subdag_operator.py
[2024-09-24T23:53:50.560+0000] {processor.py:914} INFO - Processing file /home/airflow/.local/lib/python3.12/site-packages/airflow/example_dags/example_subdag_operator.py for tasks to queue
[2024-09-24T23:53:50.566+0000] {logging_mixin.py:190} INFO - [2024-09-24T23:53:50.566+0000] {dagbag.py:588} INFO - Filling up the DagBag from /home/airflow/.local/lib/python3.12/site-packages/airflow/example_dags/example_subdag_operator.py
[2024-09-24T23:53:50.629+0000] {processor.py:925} INFO - DAG(s) 'example_subdag_operator.section-1', 'example_subdag_operator.section-2', 'example_subdag_operator' retrieved from /home/airflow/.local/lib/python3.12/site-packages/airflow/example_dags/example_subdag_operator.py
[2024-09-24T23:53:50.672+0000] {logging_mixin.py:190} INFO - [2024-09-24T23:53:50.671+0000] {dag.py:3239} INFO - Sync 3 DAGs
[2024-09-24T23:53:50.737+0000] {logging_mixin.py:190} INFO - [2024-09-24T23:53:50.736+0000] {dag.py:4180} INFO - Setting next_dagrun for example_subdag_operator to 2022-01-01 00:00:00+00:00, run_after=2022-01-01 00:00:00+00:00
[2024-09-24T23:53:50.748+0000] {logging_mixin.py:190} INFO - [2024-09-24T23:53:50.748+0000] {dag.py:4180} INFO - Setting next_dagrun for example_subdag_operator.section-1 to None, run_after=None
[2024-09-24T23:53:50.753+0000] {logging_mixin.py:190} INFO - [2024-09-24T23:53:50.752+0000] {dag.py:4180} INFO - Setting next_dagrun for example_subdag_operator.section-2 to None, run_after=None
[2024-09-24T23:53:50.775+0000] {logging_mixin.py:190} INFO - [2024-09-24T23:53:50.774+0000] {dag.py:3239} INFO - Sync 2 DAGs
[2024-09-24T23:53:50.789+0000] {logging_mixin.py:190} INFO - [2024-09-24T23:53:50.789+0000] {dag.py:4180} INFO - Setting next_dagrun for example_subdag_operator.section-1 to None, run_after=None
[2024-09-24T23:53:50.791+0000] {logging_mixin.py:190} INFO - [2024-09-24T23:53:50.790+0000] {dag.py:4180} INFO - Setting next_dagrun for example_subdag_operator.section-2 to None, run_after=None
[2024-09-24T23:53:50.819+0000] {processor.py:208} INFO - Processing /home/airflow/.local/lib/python3.12/site-packages/airflow/example_dags/example_subdag_operator.py took 0.272 seconds
[2024-09-24T23:54:21.087+0000] {processor.py:186} INFO - Started process (PID=9277) to work on /home/airflow/.local/lib/python3.12/site-packages/airflow/example_dags/example_subdag_operator.py
[2024-09-24T23:54:21.088+0000] {processor.py:914} INFO - Processing file /home/airflow/.local/lib/python3.12/site-packages/airflow/example_dags/example_subdag_operator.py for tasks to queue
[2024-09-24T23:54:21.092+0000] {logging_mixin.py:190} INFO - [2024-09-24T23:54:21.092+0000] {dagbag.py:588} INFO - Filling up the DagBag from /home/airflow/.local/lib/python3.12/site-packages/airflow/example_dags/example_subdag_operator.py
[2024-09-24T23:54:21.134+0000] {processor.py:925} INFO - DAG(s) 'example_subdag_operator.section-1', 'example_subdag_operator.section-2', 'example_subdag_operator' retrieved from /home/airflow/.local/lib/python3.12/site-packages/airflow/example_dags/example_subdag_operator.py
[2024-09-24T23:54:21.159+0000] {logging_mixin.py:190} INFO - [2024-09-24T23:54:21.159+0000] {dag.py:3239} INFO - Sync 3 DAGs
[2024-09-24T23:54:21.204+0000] {logging_mixin.py:190} INFO - [2024-09-24T23:54:21.204+0000] {dag.py:4180} INFO - Setting next_dagrun for example_subdag_operator to 2022-01-01 00:00:00+00:00, run_after=2022-01-01 00:00:00+00:00
[2024-09-24T23:54:21.211+0000] {logging_mixin.py:190} INFO - [2024-09-24T23:54:21.210+0000] {dag.py:4180} INFO - Setting next_dagrun for example_subdag_operator.section-1 to None, run_after=None
[2024-09-24T23:54:21.214+0000] {logging_mixin.py:190} INFO - [2024-09-24T23:54:21.214+0000] {dag.py:4180} INFO - Setting next_dagrun for example_subdag_operator.section-2 to None, run_after=None
[2024-09-24T23:54:21.228+0000] {logging_mixin.py:190} INFO - [2024-09-24T23:54:21.228+0000] {dag.py:3239} INFO - Sync 2 DAGs
[2024-09-24T23:54:21.239+0000] {logging_mixin.py:190} INFO - [2024-09-24T23:54:21.238+0000] {dag.py:4180} INFO - Setting next_dagrun for example_subdag_operator.section-1 to None, run_after=None
[2024-09-24T23:54:21.240+0000] {logging_mixin.py:190} INFO - [2024-09-24T23:54:21.240+0000] {dag.py:4180} INFO - Setting next_dagrun for example_subdag_operator.section-2 to None, run_after=None
[2024-09-24T23:54:21.262+0000] {processor.py:208} INFO - Processing /home/airflow/.local/lib/python3.12/site-packages/airflow/example_dags/example_subdag_operator.py took 0.186 seconds
[2024-09-24T23:54:51.485+0000] {processor.py:186} INFO - Started process (PID=9558) to work on /home/airflow/.local/lib/python3.12/site-packages/airflow/example_dags/example_subdag_operator.py
[2024-09-24T23:54:51.487+0000] {processor.py:914} INFO - Processing file /home/airflow/.local/lib/python3.12/site-packages/airflow/example_dags/example_subdag_operator.py for tasks to queue
[2024-09-24T23:54:51.491+0000] {logging_mixin.py:190} INFO - [2024-09-24T23:54:51.490+0000] {dagbag.py:588} INFO - Filling up the DagBag from /home/airflow/.local/lib/python3.12/site-packages/airflow/example_dags/example_subdag_operator.py
[2024-09-24T23:54:51.540+0000] {processor.py:925} INFO - DAG(s) 'example_subdag_operator.section-1', 'example_subdag_operator.section-2', 'example_subdag_operator' retrieved from /home/airflow/.local/lib/python3.12/site-packages/airflow/example_dags/example_subdag_operator.py
[2024-09-24T23:54:51.568+0000] {logging_mixin.py:190} INFO - [2024-09-24T23:54:51.568+0000] {dag.py:3239} INFO - Sync 3 DAGs
[2024-09-24T23:54:51.620+0000] {logging_mixin.py:190} INFO - [2024-09-24T23:54:51.620+0000] {dag.py:4180} INFO - Setting next_dagrun for example_subdag_operator to 2022-01-01 00:00:00+00:00, run_after=2022-01-01 00:00:00+00:00
[2024-09-24T23:54:51.628+0000] {logging_mixin.py:190} INFO - [2024-09-24T23:54:51.627+0000] {dag.py:4180} INFO - Setting next_dagrun for example_subdag_operator.section-1 to None, run_after=None
[2024-09-24T23:54:51.632+0000] {logging_mixin.py:190} INFO - [2024-09-24T23:54:51.631+0000] {dag.py:4180} INFO - Setting next_dagrun for example_subdag_operator.section-2 to None, run_after=None
[2024-09-24T23:54:51.648+0000] {logging_mixin.py:190} INFO - [2024-09-24T23:54:51.648+0000] {dag.py:3239} INFO - Sync 2 DAGs
[2024-09-24T23:54:51.664+0000] {logging_mixin.py:190} INFO - [2024-09-24T23:54:51.664+0000] {dag.py:4180} INFO - Setting next_dagrun for example_subdag_operator.section-1 to None, run_after=None
[2024-09-24T23:54:51.666+0000] {logging_mixin.py:190} INFO - [2024-09-24T23:54:51.665+0000] {dag.py:4180} INFO - Setting next_dagrun for example_subdag_operator.section-2 to None, run_after=None
[2024-09-24T23:54:51.692+0000] {processor.py:208} INFO - Processing /home/airflow/.local/lib/python3.12/site-packages/airflow/example_dags/example_subdag_operator.py took 0.218 seconds
[2024-09-24T23:55:21.856+0000] {processor.py:186} INFO - Started process (PID=9844) to work on /home/airflow/.local/lib/python3.12/site-packages/airflow/example_dags/example_subdag_operator.py
[2024-09-24T23:55:21.858+0000] {processor.py:914} INFO - Processing file /home/airflow/.local/lib/python3.12/site-packages/airflow/example_dags/example_subdag_operator.py for tasks to queue
[2024-09-24T23:55:21.863+0000] {logging_mixin.py:190} INFO - [2024-09-24T23:55:21.862+0000] {dagbag.py:588} INFO - Filling up the DagBag from /home/airflow/.local/lib/python3.12/site-packages/airflow/example_dags/example_subdag_operator.py
[2024-09-24T23:55:21.911+0000] {processor.py:925} INFO - DAG(s) 'example_subdag_operator.section-1', 'example_subdag_operator.section-2', 'example_subdag_operator' retrieved from /home/airflow/.local/lib/python3.12/site-packages/airflow/example_dags/example_subdag_operator.py
[2024-09-24T23:55:21.944+0000] {logging_mixin.py:190} INFO - [2024-09-24T23:55:21.944+0000] {dag.py:3239} INFO - Sync 3 DAGs
[2024-09-24T23:55:22.000+0000] {logging_mixin.py:190} INFO - [2024-09-24T23:55:21.999+0000] {dag.py:4180} INFO - Setting next_dagrun for example_subdag_operator to 2022-01-01 00:00:00+00:00, run_after=2022-01-01 00:00:00+00:00
[2024-09-24T23:55:22.010+0000] {logging_mixin.py:190} INFO - [2024-09-24T23:55:22.009+0000] {dag.py:4180} INFO - Setting next_dagrun for example_subdag_operator.section-1 to None, run_after=None
[2024-09-24T23:55:22.020+0000] {logging_mixin.py:190} INFO - [2024-09-24T23:55:22.019+0000] {dag.py:4180} INFO - Setting next_dagrun for example_subdag_operator.section-2 to None, run_after=None
[2024-09-24T23:55:22.040+0000] {logging_mixin.py:190} INFO - [2024-09-24T23:55:22.039+0000] {dag.py:3239} INFO - Sync 2 DAGs
[2024-09-24T23:55:22.057+0000] {logging_mixin.py:190} INFO - [2024-09-24T23:55:22.056+0000] {dag.py:4180} INFO - Setting next_dagrun for example_subdag_operator.section-1 to None, run_after=None
[2024-09-24T23:55:22.060+0000] {logging_mixin.py:190} INFO - [2024-09-24T23:55:22.059+0000] {dag.py:4180} INFO - Setting next_dagrun for example_subdag_operator.section-2 to None, run_after=None
[2024-09-24T23:55:22.094+0000] {processor.py:208} INFO - Processing /home/airflow/.local/lib/python3.12/site-packages/airflow/example_dags/example_subdag_operator.py took 0.246 seconds
[2024-09-24T23:55:56.704+0000] {processor.py:186} INFO - Started process (PID=10128) to work on /home/airflow/.local/lib/python3.12/site-packages/airflow/example_dags/example_subdag_operator.py
[2024-09-24T23:55:56.707+0000] {processor.py:914} INFO - Processing file /home/airflow/.local/lib/python3.12/site-packages/airflow/example_dags/example_subdag_operator.py for tasks to queue
[2024-09-24T23:55:56.717+0000] {logging_mixin.py:190} INFO - [2024-09-24T23:55:56.716+0000] {dagbag.py:588} INFO - Filling up the DagBag from /home/airflow/.local/lib/python3.12/site-packages/airflow/example_dags/example_subdag_operator.py
[2024-09-24T23:55:56.820+0000] {processor.py:925} INFO - DAG(s) 'example_subdag_operator.section-1', 'example_subdag_operator.section-2', 'example_subdag_operator' retrieved from /home/airflow/.local/lib/python3.12/site-packages/airflow/example_dags/example_subdag_operator.py
[2024-09-24T23:55:56.873+0000] {logging_mixin.py:190} INFO - [2024-09-24T23:55:56.872+0000] {dag.py:3239} INFO - Sync 3 DAGs
[2024-09-24T23:55:56.952+0000] {logging_mixin.py:190} INFO - [2024-09-24T23:55:56.951+0000] {dag.py:4180} INFO - Setting next_dagrun for example_subdag_operator to 2022-01-01 00:00:00+00:00, run_after=2022-01-01 00:00:00+00:00
[2024-09-24T23:55:56.965+0000] {logging_mixin.py:190} INFO - [2024-09-24T23:55:56.965+0000] {dag.py:4180} INFO - Setting next_dagrun for example_subdag_operator.section-1 to None, run_after=None
[2024-09-24T23:55:56.973+0000] {logging_mixin.py:190} INFO - [2024-09-24T23:55:56.973+0000] {dag.py:4180} INFO - Setting next_dagrun for example_subdag_operator.section-2 to None, run_after=None
[2024-09-24T23:55:56.994+0000] {logging_mixin.py:190} INFO - [2024-09-24T23:55:56.993+0000] {dag.py:3239} INFO - Sync 2 DAGs
[2024-09-24T23:55:57.012+0000] {logging_mixin.py:190} INFO - [2024-09-24T23:55:57.011+0000] {dag.py:4180} INFO - Setting next_dagrun for example_subdag_operator.section-1 to None, run_after=None
[2024-09-24T23:55:57.014+0000] {logging_mixin.py:190} INFO - [2024-09-24T23:55:57.013+0000] {dag.py:4180} INFO - Setting next_dagrun for example_subdag_operator.section-2 to None, run_after=None
[2024-09-24T23:55:57.050+0000] {processor.py:208} INFO - Processing /home/airflow/.local/lib/python3.12/site-packages/airflow/example_dags/example_subdag_operator.py took 0.368 seconds
