[2024-09-24T23:38:24.457+0000] {processor.py:186} INFO - Started process (PID=406) to work on /home/airflow/.local/lib/python3.12/site-packages/airflow/example_dags/example_external_task_marker_dag.py
[2024-09-24T23:38:24.460+0000] {processor.py:914} INFO - Processing file /home/airflow/.local/lib/python3.12/site-packages/airflow/example_dags/example_external_task_marker_dag.py for tasks to queue
[2024-09-24T23:38:24.471+0000] {logging_mixin.py:190} INFO - [2024-09-24T23:38:24.466+0000] {dagbag.py:588} INFO - Filling up the DagBag from /home/airflow/.local/lib/python3.12/site-packages/airflow/example_dags/example_external_task_marker_dag.py
[2024-09-24T23:38:24.516+0000] {processor.py:925} INFO - DAG(s) 'example_external_task_marker_parent', 'example_external_task_marker_child' retrieved from /home/airflow/.local/lib/python3.12/site-packages/airflow/example_dags/example_external_task_marker_dag.py
[2024-09-24T23:38:25.232+0000] {logging_mixin.py:190} INFO - [2024-09-24T23:38:25.226+0000] {override.py:1900} INFO - Created Permission View: can edit on DAG:example_external_task_marker_parent
[2024-09-24T23:38:25.291+0000] {logging_mixin.py:190} INFO - [2024-09-24T23:38:25.290+0000] {override.py:1900} INFO - Created Permission View: can read on DAG:example_external_task_marker_parent
[2024-09-24T23:38:25.329+0000] {logging_mixin.py:190} INFO - [2024-09-24T23:38:25.328+0000] {override.py:1900} INFO - Created Permission View: can delete on DAG:example_external_task_marker_parent
[2024-09-24T23:38:25.391+0000] {logging_mixin.py:190} INFO - [2024-09-24T23:38:25.389+0000] {override.py:1900} INFO - Created Permission View: can read on DAG Run:example_external_task_marker_parent
[2024-09-24T23:38:25.476+0000] {logging_mixin.py:190} INFO - [2024-09-24T23:38:25.475+0000] {override.py:1900} INFO - Created Permission View: menu access on DAG Run:example_external_task_marker_parent
[2024-09-24T23:38:25.533+0000] {logging_mixin.py:190} INFO - [2024-09-24T23:38:25.532+0000] {override.py:1900} INFO - Created Permission View: can delete on DAG Run:example_external_task_marker_parent
[2024-09-24T23:38:25.607+0000] {logging_mixin.py:190} INFO - [2024-09-24T23:38:25.606+0000] {override.py:1900} INFO - Created Permission View: can create on DAG Run:example_external_task_marker_parent
[2024-09-24T23:38:25.691+0000] {logging_mixin.py:190} INFO - [2024-09-24T23:38:25.690+0000] {override.py:1900} INFO - Created Permission View: can edit on DAG:example_external_task_marker_child
[2024-09-24T23:38:25.732+0000] {logging_mixin.py:190} INFO - [2024-09-24T23:38:25.727+0000] {override.py:1900} INFO - Created Permission View: can read on DAG:example_external_task_marker_child
[2024-09-24T23:38:25.777+0000] {logging_mixin.py:190} INFO - [2024-09-24T23:38:25.777+0000] {override.py:1900} INFO - Created Permission View: can delete on DAG:example_external_task_marker_child
[2024-09-24T23:38:25.828+0000] {logging_mixin.py:190} INFO - [2024-09-24T23:38:25.827+0000] {override.py:1900} INFO - Created Permission View: can read on DAG Run:example_external_task_marker_child
[2024-09-24T23:38:25.881+0000] {logging_mixin.py:190} INFO - [2024-09-24T23:38:25.876+0000] {override.py:1900} INFO - Created Permission View: menu access on DAG Run:example_external_task_marker_child
[2024-09-24T23:38:25.935+0000] {logging_mixin.py:190} INFO - [2024-09-24T23:38:25.933+0000] {override.py:1900} INFO - Created Permission View: can delete on DAG Run:example_external_task_marker_child
[2024-09-24T23:38:25.985+0000] {logging_mixin.py:190} INFO - [2024-09-24T23:38:25.984+0000] {override.py:1900} INFO - Created Permission View: can create on DAG Run:example_external_task_marker_child
[2024-09-24T23:38:25.992+0000] {logging_mixin.py:190} INFO - [2024-09-24T23:38:25.987+0000] {dag.py:3239} INFO - Sync 2 DAGs
[2024-09-24T23:38:26.096+0000] {logging_mixin.py:190} INFO - [2024-09-24T23:38:26.095+0000] {dag.py:3262} INFO - Creating ORM DAG for example_external_task_marker_child
[2024-09-24T23:38:26.108+0000] {logging_mixin.py:190} INFO - [2024-09-24T23:38:26.107+0000] {dag.py:3262} INFO - Creating ORM DAG for example_external_task_marker_parent
[2024-09-24T23:38:26.112+0000] {logging_mixin.py:190} INFO - [2024-09-24T23:38:26.111+0000] {dag.py:4180} INFO - Setting next_dagrun for example_external_task_marker_child to None, run_after=None
[2024-09-24T23:38:26.117+0000] {logging_mixin.py:190} INFO - [2024-09-24T23:38:26.114+0000] {dag.py:4180} INFO - Setting next_dagrun for example_external_task_marker_parent to None, run_after=None
[2024-09-24T23:38:26.231+0000] {processor.py:208} INFO - Processing /home/airflow/.local/lib/python3.12/site-packages/airflow/example_dags/example_external_task_marker_dag.py took 1.804 seconds
[2024-09-24T23:38:57.279+0000] {processor.py:186} INFO - Started process (PID=694) to work on /home/airflow/.local/lib/python3.12/site-packages/airflow/example_dags/example_external_task_marker_dag.py
[2024-09-24T23:38:57.326+0000] {processor.py:914} INFO - Processing file /home/airflow/.local/lib/python3.12/site-packages/airflow/example_dags/example_external_task_marker_dag.py for tasks to queue
[2024-09-24T23:38:57.343+0000] {logging_mixin.py:190} INFO - [2024-09-24T23:38:57.342+0000] {dagbag.py:588} INFO - Filling up the DagBag from /home/airflow/.local/lib/python3.12/site-packages/airflow/example_dags/example_external_task_marker_dag.py
[2024-09-24T23:38:57.454+0000] {processor.py:925} INFO - DAG(s) 'example_external_task_marker_parent', 'example_external_task_marker_child' retrieved from /home/airflow/.local/lib/python3.12/site-packages/airflow/example_dags/example_external_task_marker_dag.py
[2024-09-24T23:38:57.643+0000] {logging_mixin.py:190} INFO - [2024-09-24T23:38:57.641+0000] {dag.py:3239} INFO - Sync 2 DAGs
[2024-09-24T23:38:58.040+0000] {logging_mixin.py:190} INFO - [2024-09-24T23:38:58.029+0000] {dag.py:4180} INFO - Setting next_dagrun for example_external_task_marker_child to None, run_after=None
[2024-09-24T23:38:58.091+0000] {logging_mixin.py:190} INFO - [2024-09-24T23:38:58.090+0000] {dag.py:4180} INFO - Setting next_dagrun for example_external_task_marker_parent to None, run_after=None
[2024-09-24T23:38:58.290+0000] {processor.py:208} INFO - Processing /home/airflow/.local/lib/python3.12/site-packages/airflow/example_dags/example_external_task_marker_dag.py took 1.044 seconds
[2024-09-24T23:39:29.008+0000] {processor.py:186} INFO - Started process (PID=985) to work on /home/airflow/.local/lib/python3.12/site-packages/airflow/example_dags/example_external_task_marker_dag.py
[2024-09-24T23:39:29.011+0000] {processor.py:914} INFO - Processing file /home/airflow/.local/lib/python3.12/site-packages/airflow/example_dags/example_external_task_marker_dag.py for tasks to queue
[2024-09-24T23:39:29.019+0000] {logging_mixin.py:190} INFO - [2024-09-24T23:39:29.018+0000] {dagbag.py:588} INFO - Filling up the DagBag from /home/airflow/.local/lib/python3.12/site-packages/airflow/example_dags/example_external_task_marker_dag.py
[2024-09-24T23:39:29.071+0000] {processor.py:925} INFO - DAG(s) 'example_external_task_marker_parent', 'example_external_task_marker_child' retrieved from /home/airflow/.local/lib/python3.12/site-packages/airflow/example_dags/example_external_task_marker_dag.py
[2024-09-24T23:39:29.203+0000] {logging_mixin.py:190} INFO - [2024-09-24T23:39:29.202+0000] {dag.py:3239} INFO - Sync 2 DAGs
[2024-09-24T23:39:29.283+0000] {logging_mixin.py:190} INFO - [2024-09-24T23:39:29.282+0000] {dag.py:4180} INFO - Setting next_dagrun for example_external_task_marker_child to None, run_after=None
[2024-09-24T23:39:29.305+0000] {logging_mixin.py:190} INFO - [2024-09-24T23:39:29.304+0000] {dag.py:4180} INFO - Setting next_dagrun for example_external_task_marker_parent to None, run_after=None
[2024-09-24T23:39:29.392+0000] {processor.py:208} INFO - Processing /home/airflow/.local/lib/python3.12/site-packages/airflow/example_dags/example_external_task_marker_dag.py took 0.425 seconds
[2024-09-24T23:39:59.801+0000] {processor.py:186} INFO - Started process (PID=1271) to work on /home/airflow/.local/lib/python3.12/site-packages/airflow/example_dags/example_external_task_marker_dag.py
[2024-09-24T23:39:59.804+0000] {processor.py:914} INFO - Processing file /home/airflow/.local/lib/python3.12/site-packages/airflow/example_dags/example_external_task_marker_dag.py for tasks to queue
[2024-09-24T23:39:59.808+0000] {logging_mixin.py:190} INFO - [2024-09-24T23:39:59.807+0000] {dagbag.py:588} INFO - Filling up the DagBag from /home/airflow/.local/lib/python3.12/site-packages/airflow/example_dags/example_external_task_marker_dag.py
[2024-09-24T23:39:59.823+0000] {processor.py:925} INFO - DAG(s) 'example_external_task_marker_parent', 'example_external_task_marker_child' retrieved from /home/airflow/.local/lib/python3.12/site-packages/airflow/example_dags/example_external_task_marker_dag.py
[2024-09-24T23:39:59.868+0000] {logging_mixin.py:190} INFO - [2024-09-24T23:39:59.867+0000] {dag.py:3239} INFO - Sync 2 DAGs
[2024-09-24T23:39:59.901+0000] {logging_mixin.py:190} INFO - [2024-09-24T23:39:59.900+0000] {dag.py:4180} INFO - Setting next_dagrun for example_external_task_marker_child to None, run_after=None
[2024-09-24T23:39:59.909+0000] {logging_mixin.py:190} INFO - [2024-09-24T23:39:59.908+0000] {dag.py:4180} INFO - Setting next_dagrun for example_external_task_marker_parent to None, run_after=None
[2024-09-24T23:39:59.953+0000] {processor.py:208} INFO - Processing /home/airflow/.local/lib/python3.12/site-packages/airflow/example_dags/example_external_task_marker_dag.py took 0.163 seconds
[2024-09-24T23:40:30.880+0000] {processor.py:186} INFO - Started process (PID=1558) to work on /home/airflow/.local/lib/python3.12/site-packages/airflow/example_dags/example_external_task_marker_dag.py
[2024-09-24T23:40:30.922+0000] {processor.py:914} INFO - Processing file /home/airflow/.local/lib/python3.12/site-packages/airflow/example_dags/example_external_task_marker_dag.py for tasks to queue
[2024-09-24T23:40:31.014+0000] {logging_mixin.py:190} INFO - [2024-09-24T23:40:31.011+0000] {dagbag.py:588} INFO - Filling up the DagBag from /home/airflow/.local/lib/python3.12/site-packages/airflow/example_dags/example_external_task_marker_dag.py
[2024-09-24T23:40:31.075+0000] {processor.py:925} INFO - DAG(s) 'example_external_task_marker_parent', 'example_external_task_marker_child' retrieved from /home/airflow/.local/lib/python3.12/site-packages/airflow/example_dags/example_external_task_marker_dag.py
[2024-09-24T23:40:31.233+0000] {logging_mixin.py:190} INFO - [2024-09-24T23:40:31.232+0000] {dag.py:3239} INFO - Sync 2 DAGs
[2024-09-24T23:40:31.329+0000] {logging_mixin.py:190} INFO - [2024-09-24T23:40:31.328+0000] {dag.py:4180} INFO - Setting next_dagrun for example_external_task_marker_child to None, run_after=None
[2024-09-24T23:40:31.373+0000] {logging_mixin.py:190} INFO - [2024-09-24T23:40:31.364+0000] {dag.py:4180} INFO - Setting next_dagrun for example_external_task_marker_parent to None, run_after=None
[2024-09-24T23:40:31.486+0000] {processor.py:208} INFO - Processing /home/airflow/.local/lib/python3.12/site-packages/airflow/example_dags/example_external_task_marker_dag.py took 0.641 seconds
[2024-09-24T23:41:02.223+0000] {processor.py:186} INFO - Started process (PID=1845) to work on /home/airflow/.local/lib/python3.12/site-packages/airflow/example_dags/example_external_task_marker_dag.py
[2024-09-24T23:41:02.237+0000] {processor.py:914} INFO - Processing file /home/airflow/.local/lib/python3.12/site-packages/airflow/example_dags/example_external_task_marker_dag.py for tasks to queue
[2024-09-24T23:41:02.248+0000] {logging_mixin.py:190} INFO - [2024-09-24T23:41:02.247+0000] {dagbag.py:588} INFO - Filling up the DagBag from /home/airflow/.local/lib/python3.12/site-packages/airflow/example_dags/example_external_task_marker_dag.py
[2024-09-24T23:41:02.325+0000] {processor.py:925} INFO - DAG(s) 'example_external_task_marker_parent', 'example_external_task_marker_child' retrieved from /home/airflow/.local/lib/python3.12/site-packages/airflow/example_dags/example_external_task_marker_dag.py
[2024-09-24T23:41:02.556+0000] {logging_mixin.py:190} INFO - [2024-09-24T23:41:02.555+0000] {dag.py:3239} INFO - Sync 2 DAGs
[2024-09-24T23:41:02.674+0000] {logging_mixin.py:190} INFO - [2024-09-24T23:41:02.673+0000] {dag.py:4180} INFO - Setting next_dagrun for example_external_task_marker_child to None, run_after=None
[2024-09-24T23:41:02.729+0000] {logging_mixin.py:190} INFO - [2024-09-24T23:41:02.728+0000] {dag.py:4180} INFO - Setting next_dagrun for example_external_task_marker_parent to None, run_after=None
[2024-09-24T23:41:02.819+0000] {processor.py:208} INFO - Processing /home/airflow/.local/lib/python3.12/site-packages/airflow/example_dags/example_external_task_marker_dag.py took 0.637 seconds
[2024-09-24T23:41:33.640+0000] {processor.py:186} INFO - Started process (PID=2131) to work on /home/airflow/.local/lib/python3.12/site-packages/airflow/example_dags/example_external_task_marker_dag.py
[2024-09-24T23:41:33.643+0000] {processor.py:914} INFO - Processing file /home/airflow/.local/lib/python3.12/site-packages/airflow/example_dags/example_external_task_marker_dag.py for tasks to queue
[2024-09-24T23:41:33.669+0000] {logging_mixin.py:190} INFO - [2024-09-24T23:41:33.655+0000] {dagbag.py:588} INFO - Filling up the DagBag from /home/airflow/.local/lib/python3.12/site-packages/airflow/example_dags/example_external_task_marker_dag.py
[2024-09-24T23:41:33.708+0000] {processor.py:925} INFO - DAG(s) 'example_external_task_marker_parent', 'example_external_task_marker_child' retrieved from /home/airflow/.local/lib/python3.12/site-packages/airflow/example_dags/example_external_task_marker_dag.py
[2024-09-24T23:41:33.800+0000] {logging_mixin.py:190} INFO - [2024-09-24T23:41:33.800+0000] {dag.py:3239} INFO - Sync 2 DAGs
[2024-09-24T23:41:33.845+0000] {logging_mixin.py:190} INFO - [2024-09-24T23:41:33.844+0000] {dag.py:4180} INFO - Setting next_dagrun for example_external_task_marker_child to None, run_after=None
[2024-09-24T23:41:33.858+0000] {logging_mixin.py:190} INFO - [2024-09-24T23:41:33.858+0000] {dag.py:4180} INFO - Setting next_dagrun for example_external_task_marker_parent to None, run_after=None
[2024-09-24T23:41:33.915+0000] {processor.py:208} INFO - Processing /home/airflow/.local/lib/python3.12/site-packages/airflow/example_dags/example_external_task_marker_dag.py took 0.296 seconds
[2024-09-24T23:42:04.374+0000] {processor.py:186} INFO - Started process (PID=2417) to work on /home/airflow/.local/lib/python3.12/site-packages/airflow/example_dags/example_external_task_marker_dag.py
[2024-09-24T23:42:04.379+0000] {processor.py:914} INFO - Processing file /home/airflow/.local/lib/python3.12/site-packages/airflow/example_dags/example_external_task_marker_dag.py for tasks to queue
[2024-09-24T23:42:04.388+0000] {logging_mixin.py:190} INFO - [2024-09-24T23:42:04.387+0000] {dagbag.py:588} INFO - Filling up the DagBag from /home/airflow/.local/lib/python3.12/site-packages/airflow/example_dags/example_external_task_marker_dag.py
[2024-09-24T23:42:04.409+0000] {processor.py:925} INFO - DAG(s) 'example_external_task_marker_child', 'example_external_task_marker_parent' retrieved from /home/airflow/.local/lib/python3.12/site-packages/airflow/example_dags/example_external_task_marker_dag.py
[2024-09-24T23:42:04.472+0000] {logging_mixin.py:190} INFO - [2024-09-24T23:42:04.471+0000] {dag.py:3239} INFO - Sync 2 DAGs
[2024-09-24T23:42:04.518+0000] {logging_mixin.py:190} INFO - [2024-09-24T23:42:04.517+0000] {dag.py:4180} INFO - Setting next_dagrun for example_external_task_marker_child to None, run_after=None
[2024-09-24T23:42:04.527+0000] {logging_mixin.py:190} INFO - [2024-09-24T23:42:04.526+0000] {dag.py:4180} INFO - Setting next_dagrun for example_external_task_marker_parent to None, run_after=None
[2024-09-24T23:42:04.572+0000] {processor.py:208} INFO - Processing /home/airflow/.local/lib/python3.12/site-packages/airflow/example_dags/example_external_task_marker_dag.py took 0.214 seconds
[2024-09-24T23:42:35.386+0000] {processor.py:186} INFO - Started process (PID=2703) to work on /home/airflow/.local/lib/python3.12/site-packages/airflow/example_dags/example_external_task_marker_dag.py
[2024-09-24T23:42:35.388+0000] {processor.py:914} INFO - Processing file /home/airflow/.local/lib/python3.12/site-packages/airflow/example_dags/example_external_task_marker_dag.py for tasks to queue
[2024-09-24T23:42:35.395+0000] {logging_mixin.py:190} INFO - [2024-09-24T23:42:35.394+0000] {dagbag.py:588} INFO - Filling up the DagBag from /home/airflow/.local/lib/python3.12/site-packages/airflow/example_dags/example_external_task_marker_dag.py
[2024-09-24T23:42:35.414+0000] {processor.py:925} INFO - DAG(s) 'example_external_task_marker_parent', 'example_external_task_marker_child' retrieved from /home/airflow/.local/lib/python3.12/site-packages/airflow/example_dags/example_external_task_marker_dag.py
[2024-09-24T23:42:35.470+0000] {logging_mixin.py:190} INFO - [2024-09-24T23:42:35.470+0000] {dag.py:3239} INFO - Sync 2 DAGs
[2024-09-24T23:42:35.510+0000] {logging_mixin.py:190} INFO - [2024-09-24T23:42:35.510+0000] {dag.py:4180} INFO - Setting next_dagrun for example_external_task_marker_child to None, run_after=None
[2024-09-24T23:42:35.521+0000] {logging_mixin.py:190} INFO - [2024-09-24T23:42:35.520+0000] {dag.py:4180} INFO - Setting next_dagrun for example_external_task_marker_parent to None, run_after=None
[2024-09-24T23:42:35.564+0000] {processor.py:208} INFO - Processing /home/airflow/.local/lib/python3.12/site-packages/airflow/example_dags/example_external_task_marker_dag.py took 0.189 seconds
[2024-09-24T23:43:05.810+0000] {processor.py:186} INFO - Started process (PID=2989) to work on /home/airflow/.local/lib/python3.12/site-packages/airflow/example_dags/example_external_task_marker_dag.py
[2024-09-24T23:43:05.813+0000] {processor.py:914} INFO - Processing file /home/airflow/.local/lib/python3.12/site-packages/airflow/example_dags/example_external_task_marker_dag.py for tasks to queue
[2024-09-24T23:43:05.820+0000] {logging_mixin.py:190} INFO - [2024-09-24T23:43:05.819+0000] {dagbag.py:588} INFO - Filling up the DagBag from /home/airflow/.local/lib/python3.12/site-packages/airflow/example_dags/example_external_task_marker_dag.py
[2024-09-24T23:43:05.840+0000] {processor.py:925} INFO - DAG(s) 'example_external_task_marker_parent', 'example_external_task_marker_child' retrieved from /home/airflow/.local/lib/python3.12/site-packages/airflow/example_dags/example_external_task_marker_dag.py
[2024-09-24T23:43:05.908+0000] {logging_mixin.py:190} INFO - [2024-09-24T23:43:05.907+0000] {dag.py:3239} INFO - Sync 2 DAGs
[2024-09-24T23:43:05.942+0000] {logging_mixin.py:190} INFO - [2024-09-24T23:43:05.942+0000] {dag.py:4180} INFO - Setting next_dagrun for example_external_task_marker_child to None, run_after=None
[2024-09-24T23:43:05.953+0000] {logging_mixin.py:190} INFO - [2024-09-24T23:43:05.953+0000] {dag.py:4180} INFO - Setting next_dagrun for example_external_task_marker_parent to None, run_after=None
[2024-09-24T23:43:06.004+0000] {processor.py:208} INFO - Processing /home/airflow/.local/lib/python3.12/site-packages/airflow/example_dags/example_external_task_marker_dag.py took 0.213 seconds
[2024-09-24T23:43:36.391+0000] {processor.py:186} INFO - Started process (PID=3273) to work on /home/airflow/.local/lib/python3.12/site-packages/airflow/example_dags/example_external_task_marker_dag.py
[2024-09-24T23:43:36.393+0000] {processor.py:914} INFO - Processing file /home/airflow/.local/lib/python3.12/site-packages/airflow/example_dags/example_external_task_marker_dag.py for tasks to queue
[2024-09-24T23:43:36.400+0000] {logging_mixin.py:190} INFO - [2024-09-24T23:43:36.399+0000] {dagbag.py:588} INFO - Filling up the DagBag from /home/airflow/.local/lib/python3.12/site-packages/airflow/example_dags/example_external_task_marker_dag.py
[2024-09-24T23:43:36.414+0000] {processor.py:925} INFO - DAG(s) 'example_external_task_marker_parent', 'example_external_task_marker_child' retrieved from /home/airflow/.local/lib/python3.12/site-packages/airflow/example_dags/example_external_task_marker_dag.py
[2024-09-24T23:43:36.465+0000] {logging_mixin.py:190} INFO - [2024-09-24T23:43:36.465+0000] {dag.py:3239} INFO - Sync 2 DAGs
[2024-09-24T23:43:36.503+0000] {logging_mixin.py:190} INFO - [2024-09-24T23:43:36.503+0000] {dag.py:4180} INFO - Setting next_dagrun for example_external_task_marker_child to None, run_after=None
[2024-09-24T23:43:36.513+0000] {logging_mixin.py:190} INFO - [2024-09-24T23:43:36.513+0000] {dag.py:4180} INFO - Setting next_dagrun for example_external_task_marker_parent to None, run_after=None
[2024-09-24T23:43:36.552+0000] {processor.py:208} INFO - Processing /home/airflow/.local/lib/python3.12/site-packages/airflow/example_dags/example_external_task_marker_dag.py took 0.173 seconds
[2024-09-24T23:44:07.545+0000] {processor.py:186} INFO - Started process (PID=3559) to work on /home/airflow/.local/lib/python3.12/site-packages/airflow/example_dags/example_external_task_marker_dag.py
[2024-09-24T23:44:07.548+0000] {processor.py:914} INFO - Processing file /home/airflow/.local/lib/python3.12/site-packages/airflow/example_dags/example_external_task_marker_dag.py for tasks to queue
[2024-09-24T23:44:07.557+0000] {logging_mixin.py:190} INFO - [2024-09-24T23:44:07.554+0000] {dagbag.py:588} INFO - Filling up the DagBag from /home/airflow/.local/lib/python3.12/site-packages/airflow/example_dags/example_external_task_marker_dag.py
[2024-09-24T23:44:07.583+0000] {processor.py:925} INFO - DAG(s) 'example_external_task_marker_child', 'example_external_task_marker_parent' retrieved from /home/airflow/.local/lib/python3.12/site-packages/airflow/example_dags/example_external_task_marker_dag.py
[2024-09-24T23:44:07.666+0000] {logging_mixin.py:190} INFO - [2024-09-24T23:44:07.663+0000] {dag.py:3239} INFO - Sync 2 DAGs
[2024-09-24T23:44:07.732+0000] {logging_mixin.py:190} INFO - [2024-09-24T23:44:07.731+0000] {dag.py:4180} INFO - Setting next_dagrun for example_external_task_marker_child to None, run_after=None
[2024-09-24T23:44:07.750+0000] {logging_mixin.py:190} INFO - [2024-09-24T23:44:07.749+0000] {dag.py:4180} INFO - Setting next_dagrun for example_external_task_marker_parent to None, run_after=None
[2024-09-24T23:44:07.820+0000] {processor.py:208} INFO - Processing /home/airflow/.local/lib/python3.12/site-packages/airflow/example_dags/example_external_task_marker_dag.py took 0.295 seconds
[2024-09-24T23:44:38.046+0000] {processor.py:186} INFO - Started process (PID=3842) to work on /home/airflow/.local/lib/python3.12/site-packages/airflow/example_dags/example_external_task_marker_dag.py
[2024-09-24T23:44:38.049+0000] {processor.py:914} INFO - Processing file /home/airflow/.local/lib/python3.12/site-packages/airflow/example_dags/example_external_task_marker_dag.py for tasks to queue
[2024-09-24T23:44:38.058+0000] {logging_mixin.py:190} INFO - [2024-09-24T23:44:38.057+0000] {dagbag.py:588} INFO - Filling up the DagBag from /home/airflow/.local/lib/python3.12/site-packages/airflow/example_dags/example_external_task_marker_dag.py
[2024-09-24T23:44:38.083+0000] {processor.py:925} INFO - DAG(s) 'example_external_task_marker_parent', 'example_external_task_marker_child' retrieved from /home/airflow/.local/lib/python3.12/site-packages/airflow/example_dags/example_external_task_marker_dag.py
[2024-09-24T23:44:38.162+0000] {logging_mixin.py:190} INFO - [2024-09-24T23:44:38.161+0000] {dag.py:3239} INFO - Sync 2 DAGs
[2024-09-24T23:44:38.223+0000] {logging_mixin.py:190} INFO - [2024-09-24T23:44:38.222+0000] {dag.py:4180} INFO - Setting next_dagrun for example_external_task_marker_child to None, run_after=None
[2024-09-24T23:44:38.236+0000] {logging_mixin.py:190} INFO - [2024-09-24T23:44:38.235+0000] {dag.py:4180} INFO - Setting next_dagrun for example_external_task_marker_parent to None, run_after=None
[2024-09-24T23:44:38.298+0000] {processor.py:208} INFO - Processing /home/airflow/.local/lib/python3.12/site-packages/airflow/example_dags/example_external_task_marker_dag.py took 0.276 seconds
[2024-09-24T23:45:08.724+0000] {processor.py:186} INFO - Started process (PID=4126) to work on /home/airflow/.local/lib/python3.12/site-packages/airflow/example_dags/example_external_task_marker_dag.py
[2024-09-24T23:45:08.726+0000] {processor.py:914} INFO - Processing file /home/airflow/.local/lib/python3.12/site-packages/airflow/example_dags/example_external_task_marker_dag.py for tasks to queue
[2024-09-24T23:45:08.732+0000] {logging_mixin.py:190} INFO - [2024-09-24T23:45:08.731+0000] {dagbag.py:588} INFO - Filling up the DagBag from /home/airflow/.local/lib/python3.12/site-packages/airflow/example_dags/example_external_task_marker_dag.py
[2024-09-24T23:45:08.750+0000] {processor.py:925} INFO - DAG(s) 'example_external_task_marker_child', 'example_external_task_marker_parent' retrieved from /home/airflow/.local/lib/python3.12/site-packages/airflow/example_dags/example_external_task_marker_dag.py
[2024-09-24T23:45:08.810+0000] {logging_mixin.py:190} INFO - [2024-09-24T23:45:08.810+0000] {dag.py:3239} INFO - Sync 2 DAGs
[2024-09-24T23:45:08.844+0000] {logging_mixin.py:190} INFO - [2024-09-24T23:45:08.843+0000] {dag.py:4180} INFO - Setting next_dagrun for example_external_task_marker_child to None, run_after=None
[2024-09-24T23:45:08.851+0000] {logging_mixin.py:190} INFO - [2024-09-24T23:45:08.851+0000] {dag.py:4180} INFO - Setting next_dagrun for example_external_task_marker_parent to None, run_after=None
[2024-09-24T23:45:08.889+0000] {processor.py:208} INFO - Processing /home/airflow/.local/lib/python3.12/site-packages/airflow/example_dags/example_external_task_marker_dag.py took 0.178 seconds
[2024-09-24T23:45:39.128+0000] {processor.py:186} INFO - Started process (PID=4412) to work on /home/airflow/.local/lib/python3.12/site-packages/airflow/example_dags/example_external_task_marker_dag.py
[2024-09-24T23:45:39.131+0000] {processor.py:914} INFO - Processing file /home/airflow/.local/lib/python3.12/site-packages/airflow/example_dags/example_external_task_marker_dag.py for tasks to queue
[2024-09-24T23:45:39.138+0000] {logging_mixin.py:190} INFO - [2024-09-24T23:45:39.137+0000] {dagbag.py:588} INFO - Filling up the DagBag from /home/airflow/.local/lib/python3.12/site-packages/airflow/example_dags/example_external_task_marker_dag.py
[2024-09-24T23:45:39.158+0000] {processor.py:925} INFO - DAG(s) 'example_external_task_marker_parent', 'example_external_task_marker_child' retrieved from /home/airflow/.local/lib/python3.12/site-packages/airflow/example_dags/example_external_task_marker_dag.py
[2024-09-24T23:45:39.242+0000] {logging_mixin.py:190} INFO - [2024-09-24T23:45:39.241+0000] {dag.py:3239} INFO - Sync 2 DAGs
[2024-09-24T23:45:39.294+0000] {logging_mixin.py:190} INFO - [2024-09-24T23:45:39.293+0000] {dag.py:4180} INFO - Setting next_dagrun for example_external_task_marker_child to None, run_after=None
[2024-09-24T23:45:39.309+0000] {logging_mixin.py:190} INFO - [2024-09-24T23:45:39.308+0000] {dag.py:4180} INFO - Setting next_dagrun for example_external_task_marker_parent to None, run_after=None
[2024-09-24T23:45:39.361+0000] {processor.py:208} INFO - Processing /home/airflow/.local/lib/python3.12/site-packages/airflow/example_dags/example_external_task_marker_dag.py took 0.250 seconds
[2024-09-24T23:46:09.710+0000] {processor.py:186} INFO - Started process (PID=4698) to work on /home/airflow/.local/lib/python3.12/site-packages/airflow/example_dags/example_external_task_marker_dag.py
[2024-09-24T23:46:09.713+0000] {processor.py:914} INFO - Processing file /home/airflow/.local/lib/python3.12/site-packages/airflow/example_dags/example_external_task_marker_dag.py for tasks to queue
[2024-09-24T23:46:09.717+0000] {logging_mixin.py:190} INFO - [2024-09-24T23:46:09.717+0000] {dagbag.py:588} INFO - Filling up the DagBag from /home/airflow/.local/lib/python3.12/site-packages/airflow/example_dags/example_external_task_marker_dag.py
[2024-09-24T23:46:09.734+0000] {processor.py:925} INFO - DAG(s) 'example_external_task_marker_parent', 'example_external_task_marker_child' retrieved from /home/airflow/.local/lib/python3.12/site-packages/airflow/example_dags/example_external_task_marker_dag.py
[2024-09-24T23:46:09.817+0000] {logging_mixin.py:190} INFO - [2024-09-24T23:46:09.816+0000] {dag.py:3239} INFO - Sync 2 DAGs
[2024-09-24T23:46:09.861+0000] {logging_mixin.py:190} INFO - [2024-09-24T23:46:09.860+0000] {dag.py:4180} INFO - Setting next_dagrun for example_external_task_marker_child to None, run_after=None
[2024-09-24T23:46:09.874+0000] {logging_mixin.py:190} INFO - [2024-09-24T23:46:09.873+0000] {dag.py:4180} INFO - Setting next_dagrun for example_external_task_marker_parent to None, run_after=None
[2024-09-24T23:46:09.924+0000] {processor.py:208} INFO - Processing /home/airflow/.local/lib/python3.12/site-packages/airflow/example_dags/example_external_task_marker_dag.py took 0.225 seconds
[2024-09-24T23:46:40.209+0000] {processor.py:186} INFO - Started process (PID=4984) to work on /home/airflow/.local/lib/python3.12/site-packages/airflow/example_dags/example_external_task_marker_dag.py
[2024-09-24T23:46:40.211+0000] {processor.py:914} INFO - Processing file /home/airflow/.local/lib/python3.12/site-packages/airflow/example_dags/example_external_task_marker_dag.py for tasks to queue
[2024-09-24T23:46:40.216+0000] {logging_mixin.py:190} INFO - [2024-09-24T23:46:40.216+0000] {dagbag.py:588} INFO - Filling up the DagBag from /home/airflow/.local/lib/python3.12/site-packages/airflow/example_dags/example_external_task_marker_dag.py
[2024-09-24T23:46:40.232+0000] {processor.py:925} INFO - DAG(s) 'example_external_task_marker_parent', 'example_external_task_marker_child' retrieved from /home/airflow/.local/lib/python3.12/site-packages/airflow/example_dags/example_external_task_marker_dag.py
[2024-09-24T23:46:40.290+0000] {logging_mixin.py:190} INFO - [2024-09-24T23:46:40.289+0000] {dag.py:3239} INFO - Sync 2 DAGs
[2024-09-24T23:46:40.336+0000] {logging_mixin.py:190} INFO - [2024-09-24T23:46:40.335+0000] {dag.py:4180} INFO - Setting next_dagrun for example_external_task_marker_child to None, run_after=None
[2024-09-24T23:46:40.348+0000] {logging_mixin.py:190} INFO - [2024-09-24T23:46:40.347+0000] {dag.py:4180} INFO - Setting next_dagrun for example_external_task_marker_parent to None, run_after=None
[2024-09-24T23:46:40.400+0000] {processor.py:208} INFO - Processing /home/airflow/.local/lib/python3.12/site-packages/airflow/example_dags/example_external_task_marker_dag.py took 0.203 seconds
[2024-09-24T23:47:11.197+0000] {processor.py:186} INFO - Started process (PID=5270) to work on /home/airflow/.local/lib/python3.12/site-packages/airflow/example_dags/example_external_task_marker_dag.py
[2024-09-24T23:47:11.200+0000] {processor.py:914} INFO - Processing file /home/airflow/.local/lib/python3.12/site-packages/airflow/example_dags/example_external_task_marker_dag.py for tasks to queue
[2024-09-24T23:47:11.205+0000] {logging_mixin.py:190} INFO - [2024-09-24T23:47:11.204+0000] {dagbag.py:588} INFO - Filling up the DagBag from /home/airflow/.local/lib/python3.12/site-packages/airflow/example_dags/example_external_task_marker_dag.py
[2024-09-24T23:47:11.221+0000] {processor.py:925} INFO - DAG(s) 'example_external_task_marker_parent', 'example_external_task_marker_child' retrieved from /home/airflow/.local/lib/python3.12/site-packages/airflow/example_dags/example_external_task_marker_dag.py
[2024-09-24T23:47:11.271+0000] {logging_mixin.py:190} INFO - [2024-09-24T23:47:11.270+0000] {dag.py:3239} INFO - Sync 2 DAGs
[2024-09-24T23:47:11.318+0000] {logging_mixin.py:190} INFO - [2024-09-24T23:47:11.317+0000] {dag.py:4180} INFO - Setting next_dagrun for example_external_task_marker_child to None, run_after=None
[2024-09-24T23:47:11.327+0000] {logging_mixin.py:190} INFO - [2024-09-24T23:47:11.327+0000] {dag.py:4180} INFO - Setting next_dagrun for example_external_task_marker_parent to None, run_after=None
[2024-09-24T23:47:11.370+0000] {processor.py:208} INFO - Processing /home/airflow/.local/lib/python3.12/site-packages/airflow/example_dags/example_external_task_marker_dag.py took 0.183 seconds
[2024-09-24T23:47:41.554+0000] {processor.py:186} INFO - Started process (PID=5556) to work on /home/airflow/.local/lib/python3.12/site-packages/airflow/example_dags/example_external_task_marker_dag.py
[2024-09-24T23:47:41.557+0000] {processor.py:914} INFO - Processing file /home/airflow/.local/lib/python3.12/site-packages/airflow/example_dags/example_external_task_marker_dag.py for tasks to queue
[2024-09-24T23:47:41.562+0000] {logging_mixin.py:190} INFO - [2024-09-24T23:47:41.561+0000] {dagbag.py:588} INFO - Filling up the DagBag from /home/airflow/.local/lib/python3.12/site-packages/airflow/example_dags/example_external_task_marker_dag.py
[2024-09-24T23:47:41.580+0000] {processor.py:925} INFO - DAG(s) 'example_external_task_marker_child', 'example_external_task_marker_parent' retrieved from /home/airflow/.local/lib/python3.12/site-packages/airflow/example_dags/example_external_task_marker_dag.py
[2024-09-24T23:47:41.632+0000] {logging_mixin.py:190} INFO - [2024-09-24T23:47:41.631+0000] {dag.py:3239} INFO - Sync 2 DAGs
[2024-09-24T23:47:41.669+0000] {logging_mixin.py:190} INFO - [2024-09-24T23:47:41.668+0000] {dag.py:4180} INFO - Setting next_dagrun for example_external_task_marker_child to None, run_after=None
[2024-09-24T23:47:41.679+0000] {logging_mixin.py:190} INFO - [2024-09-24T23:47:41.678+0000] {dag.py:4180} INFO - Setting next_dagrun for example_external_task_marker_parent to None, run_after=None
[2024-09-24T23:47:41.724+0000] {processor.py:208} INFO - Processing /home/airflow/.local/lib/python3.12/site-packages/airflow/example_dags/example_external_task_marker_dag.py took 0.181 seconds
[2024-09-24T23:48:12.152+0000] {processor.py:186} INFO - Started process (PID=5842) to work on /home/airflow/.local/lib/python3.12/site-packages/airflow/example_dags/example_external_task_marker_dag.py
[2024-09-24T23:48:12.155+0000] {processor.py:914} INFO - Processing file /home/airflow/.local/lib/python3.12/site-packages/airflow/example_dags/example_external_task_marker_dag.py for tasks to queue
[2024-09-24T23:48:12.172+0000] {logging_mixin.py:190} INFO - [2024-09-24T23:48:12.171+0000] {dagbag.py:588} INFO - Filling up the DagBag from /home/airflow/.local/lib/python3.12/site-packages/airflow/example_dags/example_external_task_marker_dag.py
[2024-09-24T23:48:12.187+0000] {processor.py:925} INFO - DAG(s) 'example_external_task_marker_child', 'example_external_task_marker_parent' retrieved from /home/airflow/.local/lib/python3.12/site-packages/airflow/example_dags/example_external_task_marker_dag.py
[2024-09-24T23:48:12.240+0000] {logging_mixin.py:190} INFO - [2024-09-24T23:48:12.239+0000] {dag.py:3239} INFO - Sync 2 DAGs
[2024-09-24T23:48:12.280+0000] {logging_mixin.py:190} INFO - [2024-09-24T23:48:12.280+0000] {dag.py:4180} INFO - Setting next_dagrun for example_external_task_marker_child to None, run_after=None
[2024-09-24T23:48:12.291+0000] {logging_mixin.py:190} INFO - [2024-09-24T23:48:12.290+0000] {dag.py:4180} INFO - Setting next_dagrun for example_external_task_marker_parent to None, run_after=None
[2024-09-24T23:48:12.346+0000] {processor.py:208} INFO - Processing /home/airflow/.local/lib/python3.12/site-packages/airflow/example_dags/example_external_task_marker_dag.py took 0.204 seconds
[2024-09-24T23:48:42.971+0000] {processor.py:186} INFO - Started process (PID=6128) to work on /home/airflow/.local/lib/python3.12/site-packages/airflow/example_dags/example_external_task_marker_dag.py
[2024-09-24T23:48:42.973+0000] {processor.py:914} INFO - Processing file /home/airflow/.local/lib/python3.12/site-packages/airflow/example_dags/example_external_task_marker_dag.py for tasks to queue
[2024-09-24T23:48:42.979+0000] {logging_mixin.py:190} INFO - [2024-09-24T23:48:42.978+0000] {dagbag.py:588} INFO - Filling up the DagBag from /home/airflow/.local/lib/python3.12/site-packages/airflow/example_dags/example_external_task_marker_dag.py
[2024-09-24T23:48:42.997+0000] {processor.py:925} INFO - DAG(s) 'example_external_task_marker_child', 'example_external_task_marker_parent' retrieved from /home/airflow/.local/lib/python3.12/site-packages/airflow/example_dags/example_external_task_marker_dag.py
[2024-09-24T23:48:43.055+0000] {logging_mixin.py:190} INFO - [2024-09-24T23:48:43.055+0000] {dag.py:3239} INFO - Sync 2 DAGs
[2024-09-24T23:48:43.096+0000] {logging_mixin.py:190} INFO - [2024-09-24T23:48:43.096+0000] {dag.py:4180} INFO - Setting next_dagrun for example_external_task_marker_child to None, run_after=None
[2024-09-24T23:48:43.105+0000] {logging_mixin.py:190} INFO - [2024-09-24T23:48:43.105+0000] {dag.py:4180} INFO - Setting next_dagrun for example_external_task_marker_parent to None, run_after=None
[2024-09-24T23:48:43.146+0000] {processor.py:208} INFO - Processing /home/airflow/.local/lib/python3.12/site-packages/airflow/example_dags/example_external_task_marker_dag.py took 0.188 seconds
[2024-09-24T23:49:13.899+0000] {processor.py:186} INFO - Started process (PID=6414) to work on /home/airflow/.local/lib/python3.12/site-packages/airflow/example_dags/example_external_task_marker_dag.py
[2024-09-24T23:49:13.903+0000] {processor.py:914} INFO - Processing file /home/airflow/.local/lib/python3.12/site-packages/airflow/example_dags/example_external_task_marker_dag.py for tasks to queue
[2024-09-24T23:49:13.922+0000] {logging_mixin.py:190} INFO - [2024-09-24T23:49:13.921+0000] {dagbag.py:588} INFO - Filling up the DagBag from /home/airflow/.local/lib/python3.12/site-packages/airflow/example_dags/example_external_task_marker_dag.py
[2024-09-24T23:49:13.987+0000] {processor.py:925} INFO - DAG(s) 'example_external_task_marker_child', 'example_external_task_marker_parent' retrieved from /home/airflow/.local/lib/python3.12/site-packages/airflow/example_dags/example_external_task_marker_dag.py
[2024-09-24T23:49:14.153+0000] {logging_mixin.py:190} INFO - [2024-09-24T23:49:14.152+0000] {dag.py:3239} INFO - Sync 2 DAGs
[2024-09-24T23:49:14.267+0000] {logging_mixin.py:190} INFO - [2024-09-24T23:49:14.266+0000] {dag.py:4180} INFO - Setting next_dagrun for example_external_task_marker_child to None, run_after=None
[2024-09-24T23:49:14.300+0000] {logging_mixin.py:190} INFO - [2024-09-24T23:49:14.300+0000] {dag.py:4180} INFO - Setting next_dagrun for example_external_task_marker_parent to None, run_after=None
[2024-09-24T23:49:14.430+0000] {processor.py:208} INFO - Processing /home/airflow/.local/lib/python3.12/site-packages/airflow/example_dags/example_external_task_marker_dag.py took 0.583 seconds
[2024-09-24T23:49:45.339+0000] {processor.py:186} INFO - Started process (PID=6700) to work on /home/airflow/.local/lib/python3.12/site-packages/airflow/example_dags/example_external_task_marker_dag.py
[2024-09-24T23:49:45.341+0000] {processor.py:914} INFO - Processing file /home/airflow/.local/lib/python3.12/site-packages/airflow/example_dags/example_external_task_marker_dag.py for tasks to queue
[2024-09-24T23:49:45.348+0000] {logging_mixin.py:190} INFO - [2024-09-24T23:49:45.347+0000] {dagbag.py:588} INFO - Filling up the DagBag from /home/airflow/.local/lib/python3.12/site-packages/airflow/example_dags/example_external_task_marker_dag.py
[2024-09-24T23:49:45.370+0000] {processor.py:925} INFO - DAG(s) 'example_external_task_marker_child', 'example_external_task_marker_parent' retrieved from /home/airflow/.local/lib/python3.12/site-packages/airflow/example_dags/example_external_task_marker_dag.py
[2024-09-24T23:49:45.437+0000] {logging_mixin.py:190} INFO - [2024-09-24T23:49:45.437+0000] {dag.py:3239} INFO - Sync 2 DAGs
[2024-09-24T23:49:45.475+0000] {logging_mixin.py:190} INFO - [2024-09-24T23:49:45.474+0000] {dag.py:4180} INFO - Setting next_dagrun for example_external_task_marker_child to None, run_after=None
[2024-09-24T23:49:45.486+0000] {logging_mixin.py:190} INFO - [2024-09-24T23:49:45.486+0000] {dag.py:4180} INFO - Setting next_dagrun for example_external_task_marker_parent to None, run_after=None
[2024-09-24T23:49:45.535+0000] {processor.py:208} INFO - Processing /home/airflow/.local/lib/python3.12/site-packages/airflow/example_dags/example_external_task_marker_dag.py took 0.215 seconds
[2024-09-24T23:50:15.679+0000] {processor.py:186} INFO - Started process (PID=6983) to work on /home/airflow/.local/lib/python3.12/site-packages/airflow/example_dags/example_external_task_marker_dag.py
[2024-09-24T23:50:15.681+0000] {processor.py:914} INFO - Processing file /home/airflow/.local/lib/python3.12/site-packages/airflow/example_dags/example_external_task_marker_dag.py for tasks to queue
[2024-09-24T23:50:15.685+0000] {logging_mixin.py:190} INFO - [2024-09-24T23:50:15.684+0000] {dagbag.py:588} INFO - Filling up the DagBag from /home/airflow/.local/lib/python3.12/site-packages/airflow/example_dags/example_external_task_marker_dag.py
[2024-09-24T23:50:15.695+0000] {processor.py:925} INFO - DAG(s) 'example_external_task_marker_parent', 'example_external_task_marker_child' retrieved from /home/airflow/.local/lib/python3.12/site-packages/airflow/example_dags/example_external_task_marker_dag.py
[2024-09-24T23:50:15.735+0000] {logging_mixin.py:190} INFO - [2024-09-24T23:50:15.735+0000] {dag.py:3239} INFO - Sync 2 DAGs
[2024-09-24T23:50:15.759+0000] {logging_mixin.py:190} INFO - [2024-09-24T23:50:15.759+0000] {dag.py:4180} INFO - Setting next_dagrun for example_external_task_marker_child to None, run_after=None
[2024-09-24T23:50:15.767+0000] {logging_mixin.py:190} INFO - [2024-09-24T23:50:15.766+0000] {dag.py:4180} INFO - Setting next_dagrun for example_external_task_marker_parent to None, run_after=None
[2024-09-24T23:50:15.800+0000] {processor.py:208} INFO - Processing /home/airflow/.local/lib/python3.12/site-packages/airflow/example_dags/example_external_task_marker_dag.py took 0.130 seconds
[2024-09-24T23:50:46.225+0000] {processor.py:186} INFO - Started process (PID=7269) to work on /home/airflow/.local/lib/python3.12/site-packages/airflow/example_dags/example_external_task_marker_dag.py
[2024-09-24T23:50:46.240+0000] {processor.py:914} INFO - Processing file /home/airflow/.local/lib/python3.12/site-packages/airflow/example_dags/example_external_task_marker_dag.py for tasks to queue
[2024-09-24T23:50:46.248+0000] {logging_mixin.py:190} INFO - [2024-09-24T23:50:46.247+0000] {dagbag.py:588} INFO - Filling up the DagBag from /home/airflow/.local/lib/python3.12/site-packages/airflow/example_dags/example_external_task_marker_dag.py
[2024-09-24T23:50:46.272+0000] {processor.py:925} INFO - DAG(s) 'example_external_task_marker_child', 'example_external_task_marker_parent' retrieved from /home/airflow/.local/lib/python3.12/site-packages/airflow/example_dags/example_external_task_marker_dag.py
[2024-09-24T23:50:46.355+0000] {logging_mixin.py:190} INFO - [2024-09-24T23:50:46.354+0000] {dag.py:3239} INFO - Sync 2 DAGs
[2024-09-24T23:50:46.408+0000] {logging_mixin.py:190} INFO - [2024-09-24T23:50:46.407+0000] {dag.py:4180} INFO - Setting next_dagrun for example_external_task_marker_child to None, run_after=None
[2024-09-24T23:50:46.421+0000] {logging_mixin.py:190} INFO - [2024-09-24T23:50:46.420+0000] {dag.py:4180} INFO - Setting next_dagrun for example_external_task_marker_parent to None, run_after=None
[2024-09-24T23:50:46.477+0000] {processor.py:208} INFO - Processing /home/airflow/.local/lib/python3.12/site-packages/airflow/example_dags/example_external_task_marker_dag.py took 0.277 seconds
[2024-09-24T23:51:16.846+0000] {processor.py:186} INFO - Started process (PID=7555) to work on /home/airflow/.local/lib/python3.12/site-packages/airflow/example_dags/example_external_task_marker_dag.py
[2024-09-24T23:51:16.848+0000] {processor.py:914} INFO - Processing file /home/airflow/.local/lib/python3.12/site-packages/airflow/example_dags/example_external_task_marker_dag.py for tasks to queue
[2024-09-24T23:51:16.853+0000] {logging_mixin.py:190} INFO - [2024-09-24T23:51:16.853+0000] {dagbag.py:588} INFO - Filling up the DagBag from /home/airflow/.local/lib/python3.12/site-packages/airflow/example_dags/example_external_task_marker_dag.py
[2024-09-24T23:51:16.867+0000] {processor.py:925} INFO - DAG(s) 'example_external_task_marker_parent', 'example_external_task_marker_child' retrieved from /home/airflow/.local/lib/python3.12/site-packages/airflow/example_dags/example_external_task_marker_dag.py
[2024-09-24T23:51:16.932+0000] {logging_mixin.py:190} INFO - [2024-09-24T23:51:16.932+0000] {dag.py:3239} INFO - Sync 2 DAGs
[2024-09-24T23:51:16.976+0000] {logging_mixin.py:190} INFO - [2024-09-24T23:51:16.975+0000] {dag.py:4180} INFO - Setting next_dagrun for example_external_task_marker_child to None, run_after=None
[2024-09-24T23:51:16.985+0000] {logging_mixin.py:190} INFO - [2024-09-24T23:51:16.985+0000] {dag.py:4180} INFO - Setting next_dagrun for example_external_task_marker_parent to None, run_after=None
[2024-09-24T23:51:17.029+0000] {processor.py:208} INFO - Processing /home/airflow/.local/lib/python3.12/site-packages/airflow/example_dags/example_external_task_marker_dag.py took 0.194 seconds
[2024-09-24T23:51:47.419+0000] {processor.py:186} INFO - Started process (PID=7841) to work on /home/airflow/.local/lib/python3.12/site-packages/airflow/example_dags/example_external_task_marker_dag.py
[2024-09-24T23:51:47.421+0000] {processor.py:914} INFO - Processing file /home/airflow/.local/lib/python3.12/site-packages/airflow/example_dags/example_external_task_marker_dag.py for tasks to queue
[2024-09-24T23:51:47.426+0000] {logging_mixin.py:190} INFO - [2024-09-24T23:51:47.426+0000] {dagbag.py:588} INFO - Filling up the DagBag from /home/airflow/.local/lib/python3.12/site-packages/airflow/example_dags/example_external_task_marker_dag.py
[2024-09-24T23:51:47.436+0000] {processor.py:925} INFO - DAG(s) 'example_external_task_marker_child', 'example_external_task_marker_parent' retrieved from /home/airflow/.local/lib/python3.12/site-packages/airflow/example_dags/example_external_task_marker_dag.py
[2024-09-24T23:51:47.480+0000] {logging_mixin.py:190} INFO - [2024-09-24T23:51:47.479+0000] {dag.py:3239} INFO - Sync 2 DAGs
[2024-09-24T23:51:47.505+0000] {logging_mixin.py:190} INFO - [2024-09-24T23:51:47.505+0000] {dag.py:4180} INFO - Setting next_dagrun for example_external_task_marker_child to None, run_after=None
[2024-09-24T23:51:47.513+0000] {logging_mixin.py:190} INFO - [2024-09-24T23:51:47.513+0000] {dag.py:4180} INFO - Setting next_dagrun for example_external_task_marker_parent to None, run_after=None
[2024-09-24T23:51:47.544+0000] {processor.py:208} INFO - Processing /home/airflow/.local/lib/python3.12/site-packages/airflow/example_dags/example_external_task_marker_dag.py took 0.135 seconds
[2024-09-24T23:52:18.315+0000] {processor.py:186} INFO - Started process (PID=8131) to work on /home/airflow/.local/lib/python3.12/site-packages/airflow/example_dags/example_external_task_marker_dag.py
[2024-09-24T23:52:18.317+0000] {processor.py:914} INFO - Processing file /home/airflow/.local/lib/python3.12/site-packages/airflow/example_dags/example_external_task_marker_dag.py for tasks to queue
[2024-09-24T23:52:18.323+0000] {logging_mixin.py:190} INFO - [2024-09-24T23:52:18.323+0000] {dagbag.py:588} INFO - Filling up the DagBag from /home/airflow/.local/lib/python3.12/site-packages/airflow/example_dags/example_external_task_marker_dag.py
[2024-09-24T23:52:18.340+0000] {processor.py:925} INFO - DAG(s) 'example_external_task_marker_parent', 'example_external_task_marker_child' retrieved from /home/airflow/.local/lib/python3.12/site-packages/airflow/example_dags/example_external_task_marker_dag.py
[2024-09-24T23:52:18.383+0000] {logging_mixin.py:190} INFO - [2024-09-24T23:52:18.382+0000] {dag.py:3239} INFO - Sync 2 DAGs
[2024-09-24T23:52:18.414+0000] {logging_mixin.py:190} INFO - [2024-09-24T23:52:18.414+0000] {dag.py:4180} INFO - Setting next_dagrun for example_external_task_marker_child to None, run_after=None
[2024-09-24T23:52:18.422+0000] {logging_mixin.py:190} INFO - [2024-09-24T23:52:18.422+0000] {dag.py:4180} INFO - Setting next_dagrun for example_external_task_marker_parent to None, run_after=None
[2024-09-24T23:52:18.457+0000] {processor.py:208} INFO - Processing /home/airflow/.local/lib/python3.12/site-packages/airflow/example_dags/example_external_task_marker_dag.py took 0.154 seconds
[2024-09-24T23:52:49.371+0000] {processor.py:186} INFO - Started process (PID=8417) to work on /home/airflow/.local/lib/python3.12/site-packages/airflow/example_dags/example_external_task_marker_dag.py
[2024-09-24T23:52:49.373+0000] {processor.py:914} INFO - Processing file /home/airflow/.local/lib/python3.12/site-packages/airflow/example_dags/example_external_task_marker_dag.py for tasks to queue
[2024-09-24T23:52:49.376+0000] {logging_mixin.py:190} INFO - [2024-09-24T23:52:49.376+0000] {dagbag.py:588} INFO - Filling up the DagBag from /home/airflow/.local/lib/python3.12/site-packages/airflow/example_dags/example_external_task_marker_dag.py
[2024-09-24T23:52:49.391+0000] {processor.py:925} INFO - DAG(s) 'example_external_task_marker_parent', 'example_external_task_marker_child' retrieved from /home/airflow/.local/lib/python3.12/site-packages/airflow/example_dags/example_external_task_marker_dag.py
[2024-09-24T23:52:49.439+0000] {logging_mixin.py:190} INFO - [2024-09-24T23:52:49.438+0000] {dag.py:3239} INFO - Sync 2 DAGs
[2024-09-24T23:52:49.472+0000] {logging_mixin.py:190} INFO - [2024-09-24T23:52:49.472+0000] {dag.py:4180} INFO - Setting next_dagrun for example_external_task_marker_child to None, run_after=None
[2024-09-24T23:52:49.482+0000] {logging_mixin.py:190} INFO - [2024-09-24T23:52:49.482+0000] {dag.py:4180} INFO - Setting next_dagrun for example_external_task_marker_parent to None, run_after=None
[2024-09-24T23:52:49.527+0000] {processor.py:208} INFO - Processing /home/airflow/.local/lib/python3.12/site-packages/airflow/example_dags/example_external_task_marker_dag.py took 0.168 seconds
[2024-09-24T23:53:19.865+0000] {processor.py:186} INFO - Started process (PID=8703) to work on /home/airflow/.local/lib/python3.12/site-packages/airflow/example_dags/example_external_task_marker_dag.py
[2024-09-24T23:53:19.868+0000] {processor.py:914} INFO - Processing file /home/airflow/.local/lib/python3.12/site-packages/airflow/example_dags/example_external_task_marker_dag.py for tasks to queue
[2024-09-24T23:53:19.872+0000] {logging_mixin.py:190} INFO - [2024-09-24T23:53:19.872+0000] {dagbag.py:588} INFO - Filling up the DagBag from /home/airflow/.local/lib/python3.12/site-packages/airflow/example_dags/example_external_task_marker_dag.py
[2024-09-24T23:53:19.889+0000] {processor.py:925} INFO - DAG(s) 'example_external_task_marker_child', 'example_external_task_marker_parent' retrieved from /home/airflow/.local/lib/python3.12/site-packages/airflow/example_dags/example_external_task_marker_dag.py
[2024-09-24T23:53:19.939+0000] {logging_mixin.py:190} INFO - [2024-09-24T23:53:19.939+0000] {dag.py:3239} INFO - Sync 2 DAGs
[2024-09-24T23:53:19.970+0000] {logging_mixin.py:190} INFO - [2024-09-24T23:53:19.970+0000] {dag.py:4180} INFO - Setting next_dagrun for example_external_task_marker_child to None, run_after=None
[2024-09-24T23:53:19.978+0000] {logging_mixin.py:190} INFO - [2024-09-24T23:53:19.977+0000] {dag.py:4180} INFO - Setting next_dagrun for example_external_task_marker_parent to None, run_after=None
[2024-09-24T23:53:20.019+0000] {processor.py:208} INFO - Processing /home/airflow/.local/lib/python3.12/site-packages/airflow/example_dags/example_external_task_marker_dag.py took 0.163 seconds
[2024-09-24T23:53:50.558+0000] {processor.py:186} INFO - Started process (PID=8989) to work on /home/airflow/.local/lib/python3.12/site-packages/airflow/example_dags/example_external_task_marker_dag.py
[2024-09-24T23:53:50.560+0000] {processor.py:914} INFO - Processing file /home/airflow/.local/lib/python3.12/site-packages/airflow/example_dags/example_external_task_marker_dag.py for tasks to queue
[2024-09-24T23:53:50.566+0000] {logging_mixin.py:190} INFO - [2024-09-24T23:53:50.566+0000] {dagbag.py:588} INFO - Filling up the DagBag from /home/airflow/.local/lib/python3.12/site-packages/airflow/example_dags/example_external_task_marker_dag.py
[2024-09-24T23:53:50.583+0000] {processor.py:925} INFO - DAG(s) 'example_external_task_marker_parent', 'example_external_task_marker_child' retrieved from /home/airflow/.local/lib/python3.12/site-packages/airflow/example_dags/example_external_task_marker_dag.py
[2024-09-24T23:53:50.642+0000] {logging_mixin.py:190} INFO - [2024-09-24T23:53:50.642+0000] {dag.py:3239} INFO - Sync 2 DAGs
[2024-09-24T23:53:50.681+0000] {logging_mixin.py:190} INFO - [2024-09-24T23:53:50.681+0000] {dag.py:4180} INFO - Setting next_dagrun for example_external_task_marker_child to None, run_after=None
[2024-09-24T23:53:50.694+0000] {logging_mixin.py:190} INFO - [2024-09-24T23:53:50.694+0000] {dag.py:4180} INFO - Setting next_dagrun for example_external_task_marker_parent to None, run_after=None
[2024-09-24T23:53:50.738+0000] {processor.py:208} INFO - Processing /home/airflow/.local/lib/python3.12/site-packages/airflow/example_dags/example_external_task_marker_dag.py took 0.190 seconds
[2024-09-24T23:54:20.847+0000] {processor.py:186} INFO - Started process (PID=9272) to work on /home/airflow/.local/lib/python3.12/site-packages/airflow/example_dags/example_external_task_marker_dag.py
[2024-09-24T23:54:20.849+0000] {processor.py:914} INFO - Processing file /home/airflow/.local/lib/python3.12/site-packages/airflow/example_dags/example_external_task_marker_dag.py for tasks to queue
[2024-09-24T23:54:20.854+0000] {logging_mixin.py:190} INFO - [2024-09-24T23:54:20.853+0000] {dagbag.py:588} INFO - Filling up the DagBag from /home/airflow/.local/lib/python3.12/site-packages/airflow/example_dags/example_external_task_marker_dag.py
[2024-09-24T23:54:20.868+0000] {processor.py:925} INFO - DAG(s) 'example_external_task_marker_parent', 'example_external_task_marker_child' retrieved from /home/airflow/.local/lib/python3.12/site-packages/airflow/example_dags/example_external_task_marker_dag.py
[2024-09-24T23:54:20.918+0000] {logging_mixin.py:190} INFO - [2024-09-24T23:54:20.917+0000] {dag.py:3239} INFO - Sync 2 DAGs
[2024-09-24T23:54:20.954+0000] {logging_mixin.py:190} INFO - [2024-09-24T23:54:20.954+0000] {dag.py:4180} INFO - Setting next_dagrun for example_external_task_marker_child to None, run_after=None
[2024-09-24T23:54:20.961+0000] {logging_mixin.py:190} INFO - [2024-09-24T23:54:20.960+0000] {dag.py:4180} INFO - Setting next_dagrun for example_external_task_marker_parent to None, run_after=None
[2024-09-24T23:54:20.994+0000] {processor.py:208} INFO - Processing /home/airflow/.local/lib/python3.12/site-packages/airflow/example_dags/example_external_task_marker_dag.py took 0.157 seconds
[2024-09-24T23:54:51.488+0000] {processor.py:186} INFO - Started process (PID=9561) to work on /home/airflow/.local/lib/python3.12/site-packages/airflow/example_dags/example_external_task_marker_dag.py
[2024-09-24T23:54:51.489+0000] {processor.py:914} INFO - Processing file /home/airflow/.local/lib/python3.12/site-packages/airflow/example_dags/example_external_task_marker_dag.py for tasks to queue
[2024-09-24T23:54:51.493+0000] {logging_mixin.py:190} INFO - [2024-09-24T23:54:51.493+0000] {dagbag.py:588} INFO - Filling up the DagBag from /home/airflow/.local/lib/python3.12/site-packages/airflow/example_dags/example_external_task_marker_dag.py
[2024-09-24T23:54:51.506+0000] {processor.py:925} INFO - DAG(s) 'example_external_task_marker_parent', 'example_external_task_marker_child' retrieved from /home/airflow/.local/lib/python3.12/site-packages/airflow/example_dags/example_external_task_marker_dag.py
[2024-09-24T23:54:51.550+0000] {logging_mixin.py:190} INFO - [2024-09-24T23:54:51.549+0000] {dag.py:3239} INFO - Sync 2 DAGs
[2024-09-24T23:54:51.578+0000] {logging_mixin.py:190} INFO - [2024-09-24T23:54:51.578+0000] {dag.py:4180} INFO - Setting next_dagrun for example_external_task_marker_child to None, run_after=None
[2024-09-24T23:54:51.586+0000] {logging_mixin.py:190} INFO - [2024-09-24T23:54:51.586+0000] {dag.py:4180} INFO - Setting next_dagrun for example_external_task_marker_parent to None, run_after=None
[2024-09-24T23:54:51.626+0000] {processor.py:208} INFO - Processing /home/airflow/.local/lib/python3.12/site-packages/airflow/example_dags/example_external_task_marker_dag.py took 0.149 seconds
[2024-09-24T23:55:21.863+0000] {processor.py:186} INFO - Started process (PID=9847) to work on /home/airflow/.local/lib/python3.12/site-packages/airflow/example_dags/example_external_task_marker_dag.py
[2024-09-24T23:55:21.866+0000] {processor.py:914} INFO - Processing file /home/airflow/.local/lib/python3.12/site-packages/airflow/example_dags/example_external_task_marker_dag.py for tasks to queue
[2024-09-24T23:55:21.871+0000] {logging_mixin.py:190} INFO - [2024-09-24T23:55:21.871+0000] {dagbag.py:588} INFO - Filling up the DagBag from /home/airflow/.local/lib/python3.12/site-packages/airflow/example_dags/example_external_task_marker_dag.py
[2024-09-24T23:55:21.888+0000] {processor.py:925} INFO - DAG(s) 'example_external_task_marker_parent', 'example_external_task_marker_child' retrieved from /home/airflow/.local/lib/python3.12/site-packages/airflow/example_dags/example_external_task_marker_dag.py
[2024-09-24T23:55:21.934+0000] {logging_mixin.py:190} INFO - [2024-09-24T23:55:21.934+0000] {dag.py:3239} INFO - Sync 2 DAGs
[2024-09-24T23:55:21.969+0000] {logging_mixin.py:190} INFO - [2024-09-24T23:55:21.969+0000] {dag.py:4180} INFO - Setting next_dagrun for example_external_task_marker_child to None, run_after=None
[2024-09-24T23:55:21.977+0000] {logging_mixin.py:190} INFO - [2024-09-24T23:55:21.977+0000] {dag.py:4180} INFO - Setting next_dagrun for example_external_task_marker_parent to None, run_after=None
[2024-09-24T23:55:22.025+0000] {processor.py:208} INFO - Processing /home/airflow/.local/lib/python3.12/site-packages/airflow/example_dags/example_external_task_marker_dag.py took 0.175 seconds
[2024-09-24T23:55:56.820+0000] {processor.py:186} INFO - Started process (PID=10133) to work on /home/airflow/.local/lib/python3.12/site-packages/airflow/example_dags/example_external_task_marker_dag.py
[2024-09-24T23:55:56.823+0000] {processor.py:914} INFO - Processing file /home/airflow/.local/lib/python3.12/site-packages/airflow/example_dags/example_external_task_marker_dag.py for tasks to queue
[2024-09-24T23:55:56.829+0000] {logging_mixin.py:190} INFO - [2024-09-24T23:55:56.828+0000] {dagbag.py:588} INFO - Filling up the DagBag from /home/airflow/.local/lib/python3.12/site-packages/airflow/example_dags/example_external_task_marker_dag.py
[2024-09-24T23:55:56.855+0000] {processor.py:925} INFO - DAG(s) 'example_external_task_marker_parent', 'example_external_task_marker_child' retrieved from /home/airflow/.local/lib/python3.12/site-packages/airflow/example_dags/example_external_task_marker_dag.py
[2024-09-24T23:55:56.920+0000] {logging_mixin.py:190} INFO - [2024-09-24T23:55:56.920+0000] {dag.py:3239} INFO - Sync 2 DAGs
[2024-09-24T23:55:56.965+0000] {logging_mixin.py:190} INFO - [2024-09-24T23:55:56.965+0000] {dag.py:4180} INFO - Setting next_dagrun for example_external_task_marker_child to None, run_after=None
[2024-09-24T23:55:56.979+0000] {logging_mixin.py:190} INFO - [2024-09-24T23:55:56.978+0000] {dag.py:4180} INFO - Setting next_dagrun for example_external_task_marker_parent to None, run_after=None
[2024-09-24T23:55:57.027+0000] {processor.py:208} INFO - Processing /home/airflow/.local/lib/python3.12/site-packages/airflow/example_dags/example_external_task_marker_dag.py took 0.223 seconds
