[2024-09-24T23:38:04.291+0000] {processor.py:186} INFO - Started process (PID=301) to work on /home/airflow/.local/lib/python3.12/site-packages/airflow/example_dags/example_sla_dag.py
[2024-09-24T23:38:04.294+0000] {processor.py:914} INFO - Processing file /home/airflow/.local/lib/python3.12/site-packages/airflow/example_dags/example_sla_dag.py for tasks to queue
[2024-09-24T23:38:04.301+0000] {logging_mixin.py:190} INFO - [2024-09-24T23:38:04.300+0000] {dagbag.py:588} INFO - Filling up the DagBag from /home/airflow/.local/lib/python3.12/site-packages/airflow/example_dags/example_sla_dag.py
[2024-09-24T23:38:04.345+0000] {processor.py:925} INFO - DAG(s) 'example_sla_dag' retrieved from /home/airflow/.local/lib/python3.12/site-packages/airflow/example_dags/example_sla_dag.py
[2024-09-24T23:38:04.993+0000] {logging_mixin.py:190} INFO - [2024-09-24T23:38:04.992+0000] {override.py:1900} INFO - Created Permission View: can edit on DAG:example_sla_dag
[2024-09-24T23:38:05.030+0000] {logging_mixin.py:190} INFO - [2024-09-24T23:38:05.029+0000] {override.py:1900} INFO - Created Permission View: can read on DAG:example_sla_dag
[2024-09-24T23:38:05.053+0000] {logging_mixin.py:190} INFO - [2024-09-24T23:38:05.052+0000] {override.py:1900} INFO - Created Permission View: can delete on DAG:example_sla_dag
[2024-09-24T23:38:05.096+0000] {logging_mixin.py:190} INFO - [2024-09-24T23:38:05.095+0000] {override.py:1900} INFO - Created Permission View: can read on DAG Run:example_sla_dag
[2024-09-24T23:38:05.131+0000] {logging_mixin.py:190} INFO - [2024-09-24T23:38:05.130+0000] {override.py:1900} INFO - Created Permission View: menu access on DAG Run:example_sla_dag
[2024-09-24T23:38:05.166+0000] {logging_mixin.py:190} INFO - [2024-09-24T23:38:05.165+0000] {override.py:1900} INFO - Created Permission View: can delete on DAG Run:example_sla_dag
[2024-09-24T23:38:05.216+0000] {logging_mixin.py:190} INFO - [2024-09-24T23:38:05.214+0000] {override.py:1900} INFO - Created Permission View: can create on DAG Run:example_sla_dag
[2024-09-24T23:38:05.219+0000] {logging_mixin.py:190} INFO - [2024-09-24T23:38:05.218+0000] {dag.py:3239} INFO - Sync 1 DAGs
[2024-09-24T23:38:05.292+0000] {logging_mixin.py:190} INFO - [2024-09-24T23:38:05.291+0000] {dag.py:3262} INFO - Creating ORM DAG for example_sla_dag
[2024-09-24T23:38:05.405+0000] {logging_mixin.py:190} INFO - [2024-09-24T23:38:05.405+0000] {dag.py:4180} INFO - Setting next_dagrun for example_sla_dag to 2024-09-24 23:36:00+00:00, run_after=2024-09-24 23:38:00+00:00
[2024-09-24T23:38:05.487+0000] {processor.py:208} INFO - Processing /home/airflow/.local/lib/python3.12/site-packages/airflow/example_dags/example_sla_dag.py took 1.218 seconds
[2024-09-24T23:38:37.806+0000] {processor.py:186} INFO - Started process (PID=587) to work on /home/airflow/.local/lib/python3.12/site-packages/airflow/example_dags/example_sla_dag.py
[2024-09-24T23:38:37.809+0000] {processor.py:914} INFO - Processing file /home/airflow/.local/lib/python3.12/site-packages/airflow/example_dags/example_sla_dag.py for tasks to queue
[2024-09-24T23:38:37.815+0000] {logging_mixin.py:190} INFO - [2024-09-24T23:38:37.814+0000] {dagbag.py:588} INFO - Filling up the DagBag from /home/airflow/.local/lib/python3.12/site-packages/airflow/example_dags/example_sla_dag.py
[2024-09-24T23:38:37.851+0000] {processor.py:925} INFO - DAG(s) 'example_sla_dag' retrieved from /home/airflow/.local/lib/python3.12/site-packages/airflow/example_dags/example_sla_dag.py
[2024-09-24T23:38:37.936+0000] {logging_mixin.py:190} INFO - [2024-09-24T23:38:37.935+0000] {dag.py:3239} INFO - Sync 1 DAGs
[2024-09-24T23:38:38.038+0000] {logging_mixin.py:190} INFO - [2024-09-24T23:38:38.037+0000] {dag.py:4180} INFO - Setting next_dagrun for example_sla_dag to 2024-09-24 23:36:00+00:00, run_after=2024-09-24 23:38:00+00:00
[2024-09-24T23:38:38.136+0000] {processor.py:208} INFO - Processing /home/airflow/.local/lib/python3.12/site-packages/airflow/example_dags/example_sla_dag.py took 0.344 seconds
[2024-09-24T23:39:11.843+0000] {processor.py:186} INFO - Started process (PID=874) to work on /home/airflow/.local/lib/python3.12/site-packages/airflow/example_dags/example_sla_dag.py
[2024-09-24T23:39:11.847+0000] {processor.py:914} INFO - Processing file /home/airflow/.local/lib/python3.12/site-packages/airflow/example_dags/example_sla_dag.py for tasks to queue
[2024-09-24T23:39:11.853+0000] {logging_mixin.py:190} INFO - [2024-09-24T23:39:11.852+0000] {dagbag.py:588} INFO - Filling up the DagBag from /home/airflow/.local/lib/python3.12/site-packages/airflow/example_dags/example_sla_dag.py
[2024-09-24T23:39:11.914+0000] {processor.py:925} INFO - DAG(s) 'example_sla_dag' retrieved from /home/airflow/.local/lib/python3.12/site-packages/airflow/example_dags/example_sla_dag.py
[2024-09-24T23:39:12.003+0000] {logging_mixin.py:190} INFO - [2024-09-24T23:39:12.003+0000] {dag.py:3239} INFO - Sync 1 DAGs
[2024-09-24T23:39:12.151+0000] {logging_mixin.py:190} INFO - [2024-09-24T23:39:12.150+0000] {dag.py:4180} INFO - Setting next_dagrun for example_sla_dag to 2024-09-24 23:36:00+00:00, run_after=2024-09-24 23:38:00+00:00
[2024-09-24T23:39:12.235+0000] {processor.py:208} INFO - Processing /home/airflow/.local/lib/python3.12/site-packages/airflow/example_dags/example_sla_dag.py took 0.408 seconds
[2024-09-24T23:39:44.114+0000] {processor.py:186} INFO - Started process (PID=1158) to work on /home/airflow/.local/lib/python3.12/site-packages/airflow/example_dags/example_sla_dag.py
[2024-09-24T23:39:44.117+0000] {processor.py:914} INFO - Processing file /home/airflow/.local/lib/python3.12/site-packages/airflow/example_dags/example_sla_dag.py for tasks to queue
[2024-09-24T23:39:44.122+0000] {logging_mixin.py:190} INFO - [2024-09-24T23:39:44.121+0000] {dagbag.py:588} INFO - Filling up the DagBag from /home/airflow/.local/lib/python3.12/site-packages/airflow/example_dags/example_sla_dag.py
[2024-09-24T23:39:44.146+0000] {processor.py:925} INFO - DAG(s) 'example_sla_dag' retrieved from /home/airflow/.local/lib/python3.12/site-packages/airflow/example_dags/example_sla_dag.py
[2024-09-24T23:39:44.203+0000] {logging_mixin.py:190} INFO - [2024-09-24T23:39:44.203+0000] {dag.py:3239} INFO - Sync 1 DAGs
[2024-09-24T23:39:44.301+0000] {logging_mixin.py:190} INFO - [2024-09-24T23:39:44.300+0000] {dag.py:4180} INFO - Setting next_dagrun for example_sla_dag to 2024-09-24 23:36:00+00:00, run_after=2024-09-24 23:38:00+00:00
[2024-09-24T23:39:44.358+0000] {processor.py:208} INFO - Processing /home/airflow/.local/lib/python3.12/site-packages/airflow/example_dags/example_sla_dag.py took 0.258 seconds
[2024-09-24T23:40:15.152+0000] {processor.py:186} INFO - Started process (PID=1444) to work on /home/airflow/.local/lib/python3.12/site-packages/airflow/example_dags/example_sla_dag.py
[2024-09-24T23:40:15.155+0000] {processor.py:914} INFO - Processing file /home/airflow/.local/lib/python3.12/site-packages/airflow/example_dags/example_sla_dag.py for tasks to queue
[2024-09-24T23:40:15.162+0000] {logging_mixin.py:190} INFO - [2024-09-24T23:40:15.161+0000] {dagbag.py:588} INFO - Filling up the DagBag from /home/airflow/.local/lib/python3.12/site-packages/airflow/example_dags/example_sla_dag.py
[2024-09-24T23:40:15.194+0000] {processor.py:925} INFO - DAG(s) 'example_sla_dag' retrieved from /home/airflow/.local/lib/python3.12/site-packages/airflow/example_dags/example_sla_dag.py
[2024-09-24T23:40:15.257+0000] {logging_mixin.py:190} INFO - [2024-09-24T23:40:15.256+0000] {dag.py:3239} INFO - Sync 1 DAGs
[2024-09-24T23:40:15.347+0000] {logging_mixin.py:190} INFO - [2024-09-24T23:40:15.347+0000] {dag.py:4180} INFO - Setting next_dagrun for example_sla_dag to 2024-09-24 23:38:00+00:00, run_after=2024-09-24 23:40:00+00:00
[2024-09-24T23:40:15.408+0000] {processor.py:208} INFO - Processing /home/airflow/.local/lib/python3.12/site-packages/airflow/example_dags/example_sla_dag.py took 0.271 seconds
[2024-09-24T23:40:48.032+0000] {processor.py:186} INFO - Started process (PID=1731) to work on /home/airflow/.local/lib/python3.12/site-packages/airflow/example_dags/example_sla_dag.py
[2024-09-24T23:40:48.037+0000] {processor.py:914} INFO - Processing file /home/airflow/.local/lib/python3.12/site-packages/airflow/example_dags/example_sla_dag.py for tasks to queue
[2024-09-24T23:40:48.053+0000] {logging_mixin.py:190} INFO - [2024-09-24T23:40:48.051+0000] {dagbag.py:588} INFO - Filling up the DagBag from /home/airflow/.local/lib/python3.12/site-packages/airflow/example_dags/example_sla_dag.py
[2024-09-24T23:40:48.119+0000] {processor.py:925} INFO - DAG(s) 'example_sla_dag' retrieved from /home/airflow/.local/lib/python3.12/site-packages/airflow/example_dags/example_sla_dag.py
[2024-09-24T23:40:48.287+0000] {logging_mixin.py:190} INFO - [2024-09-24T23:40:48.287+0000] {dag.py:3239} INFO - Sync 1 DAGs
[2024-09-24T23:40:48.509+0000] {logging_mixin.py:190} INFO - [2024-09-24T23:40:48.508+0000] {dag.py:4180} INFO - Setting next_dagrun for example_sla_dag to 2024-09-24 23:38:00+00:00, run_after=2024-09-24 23:40:00+00:00
[2024-09-24T23:40:48.626+0000] {processor.py:208} INFO - Processing /home/airflow/.local/lib/python3.12/site-packages/airflow/example_dags/example_sla_dag.py took 0.644 seconds
[2024-09-24T23:41:19.027+0000] {processor.py:186} INFO - Started process (PID=2018) to work on /home/airflow/.local/lib/python3.12/site-packages/airflow/example_dags/example_sla_dag.py
[2024-09-24T23:41:19.032+0000] {processor.py:914} INFO - Processing file /home/airflow/.local/lib/python3.12/site-packages/airflow/example_dags/example_sla_dag.py for tasks to queue
[2024-09-24T23:41:19.045+0000] {logging_mixin.py:190} INFO - [2024-09-24T23:41:19.044+0000] {dagbag.py:588} INFO - Filling up the DagBag from /home/airflow/.local/lib/python3.12/site-packages/airflow/example_dags/example_sla_dag.py
[2024-09-24T23:41:19.096+0000] {processor.py:925} INFO - DAG(s) 'example_sla_dag' retrieved from /home/airflow/.local/lib/python3.12/site-packages/airflow/example_dags/example_sla_dag.py
[2024-09-24T23:41:19.178+0000] {logging_mixin.py:190} INFO - [2024-09-24T23:41:19.177+0000] {dag.py:3239} INFO - Sync 1 DAGs
[2024-09-24T23:41:19.344+0000] {logging_mixin.py:190} INFO - [2024-09-24T23:41:19.343+0000] {dag.py:4180} INFO - Setting next_dagrun for example_sla_dag to 2024-09-24 23:38:00+00:00, run_after=2024-09-24 23:40:00+00:00
[2024-09-24T23:41:19.457+0000] {processor.py:208} INFO - Processing /home/airflow/.local/lib/python3.12/site-packages/airflow/example_dags/example_sla_dag.py took 0.458 seconds
[2024-09-24T23:41:50.753+0000] {processor.py:186} INFO - Started process (PID=2304) to work on /home/airflow/.local/lib/python3.12/site-packages/airflow/example_dags/example_sla_dag.py
[2024-09-24T23:41:50.757+0000] {processor.py:914} INFO - Processing file /home/airflow/.local/lib/python3.12/site-packages/airflow/example_dags/example_sla_dag.py for tasks to queue
[2024-09-24T23:41:50.765+0000] {logging_mixin.py:190} INFO - [2024-09-24T23:41:50.764+0000] {dagbag.py:588} INFO - Filling up the DagBag from /home/airflow/.local/lib/python3.12/site-packages/airflow/example_dags/example_sla_dag.py
[2024-09-24T23:41:50.817+0000] {processor.py:925} INFO - DAG(s) 'example_sla_dag' retrieved from /home/airflow/.local/lib/python3.12/site-packages/airflow/example_dags/example_sla_dag.py
[2024-09-24T23:41:50.905+0000] {logging_mixin.py:190} INFO - [2024-09-24T23:41:50.905+0000] {dag.py:3239} INFO - Sync 1 DAGs
[2024-09-24T23:41:51.125+0000] {logging_mixin.py:190} INFO - [2024-09-24T23:41:51.124+0000] {dag.py:4180} INFO - Setting next_dagrun for example_sla_dag to 2024-09-24 23:38:00+00:00, run_after=2024-09-24 23:40:00+00:00
[2024-09-24T23:41:51.267+0000] {processor.py:208} INFO - Processing /home/airflow/.local/lib/python3.12/site-packages/airflow/example_dags/example_sla_dag.py took 0.532 seconds
[2024-09-24T23:42:21.755+0000] {processor.py:186} INFO - Started process (PID=2590) to work on /home/airflow/.local/lib/python3.12/site-packages/airflow/example_dags/example_sla_dag.py
[2024-09-24T23:42:21.758+0000] {processor.py:914} INFO - Processing file /home/airflow/.local/lib/python3.12/site-packages/airflow/example_dags/example_sla_dag.py for tasks to queue
[2024-09-24T23:42:21.764+0000] {logging_mixin.py:190} INFO - [2024-09-24T23:42:21.763+0000] {dagbag.py:588} INFO - Filling up the DagBag from /home/airflow/.local/lib/python3.12/site-packages/airflow/example_dags/example_sla_dag.py
[2024-09-24T23:42:21.803+0000] {processor.py:925} INFO - DAG(s) 'example_sla_dag' retrieved from /home/airflow/.local/lib/python3.12/site-packages/airflow/example_dags/example_sla_dag.py
[2024-09-24T23:42:21.863+0000] {logging_mixin.py:190} INFO - [2024-09-24T23:42:21.862+0000] {dag.py:3239} INFO - Sync 1 DAGs
[2024-09-24T23:42:21.970+0000] {logging_mixin.py:190} INFO - [2024-09-24T23:42:21.969+0000] {dag.py:4180} INFO - Setting next_dagrun for example_sla_dag to 2024-09-24 23:40:00+00:00, run_after=2024-09-24 23:42:00+00:00
[2024-09-24T23:42:22.025+0000] {processor.py:208} INFO - Processing /home/airflow/.local/lib/python3.12/site-packages/airflow/example_dags/example_sla_dag.py took 0.287 seconds
[2024-09-24T23:42:52.701+0000] {processor.py:186} INFO - Started process (PID=2876) to work on /home/airflow/.local/lib/python3.12/site-packages/airflow/example_dags/example_sla_dag.py
[2024-09-24T23:42:52.704+0000] {processor.py:914} INFO - Processing file /home/airflow/.local/lib/python3.12/site-packages/airflow/example_dags/example_sla_dag.py for tasks to queue
[2024-09-24T23:42:52.709+0000] {logging_mixin.py:190} INFO - [2024-09-24T23:42:52.708+0000] {dagbag.py:588} INFO - Filling up the DagBag from /home/airflow/.local/lib/python3.12/site-packages/airflow/example_dags/example_sla_dag.py
[2024-09-24T23:42:52.735+0000] {processor.py:925} INFO - DAG(s) 'example_sla_dag' retrieved from /home/airflow/.local/lib/python3.12/site-packages/airflow/example_dags/example_sla_dag.py
[2024-09-24T23:42:52.784+0000] {logging_mixin.py:190} INFO - [2024-09-24T23:42:52.784+0000] {dag.py:3239} INFO - Sync 1 DAGs
[2024-09-24T23:42:52.859+0000] {logging_mixin.py:190} INFO - [2024-09-24T23:42:52.859+0000] {dag.py:4180} INFO - Setting next_dagrun for example_sla_dag to 2024-09-24 23:40:00+00:00, run_after=2024-09-24 23:42:00+00:00
[2024-09-24T23:42:52.912+0000] {processor.py:208} INFO - Processing /home/airflow/.local/lib/python3.12/site-packages/airflow/example_dags/example_sla_dag.py took 0.229 seconds
[2024-09-24T23:43:23.268+0000] {processor.py:186} INFO - Started process (PID=3162) to work on /home/airflow/.local/lib/python3.12/site-packages/airflow/example_dags/example_sla_dag.py
[2024-09-24T23:43:23.271+0000] {processor.py:914} INFO - Processing file /home/airflow/.local/lib/python3.12/site-packages/airflow/example_dags/example_sla_dag.py for tasks to queue
[2024-09-24T23:43:23.276+0000] {logging_mixin.py:190} INFO - [2024-09-24T23:43:23.275+0000] {dagbag.py:588} INFO - Filling up the DagBag from /home/airflow/.local/lib/python3.12/site-packages/airflow/example_dags/example_sla_dag.py
[2024-09-24T23:43:23.299+0000] {processor.py:925} INFO - DAG(s) 'example_sla_dag' retrieved from /home/airflow/.local/lib/python3.12/site-packages/airflow/example_dags/example_sla_dag.py
[2024-09-24T23:43:23.349+0000] {logging_mixin.py:190} INFO - [2024-09-24T23:43:23.348+0000] {dag.py:3239} INFO - Sync 1 DAGs
[2024-09-24T23:43:23.403+0000] {logging_mixin.py:190} INFO - [2024-09-24T23:43:23.402+0000] {dag.py:4180} INFO - Setting next_dagrun for example_sla_dag to 2024-09-24 23:40:00+00:00, run_after=2024-09-24 23:42:00+00:00
[2024-09-24T23:43:23.447+0000] {processor.py:208} INFO - Processing /home/airflow/.local/lib/python3.12/site-packages/airflow/example_dags/example_sla_dag.py took 0.194 seconds
[2024-09-24T23:43:53.810+0000] {processor.py:186} INFO - Started process (PID=3445) to work on /home/airflow/.local/lib/python3.12/site-packages/airflow/example_dags/example_sla_dag.py
[2024-09-24T23:43:53.814+0000] {processor.py:914} INFO - Processing file /home/airflow/.local/lib/python3.12/site-packages/airflow/example_dags/example_sla_dag.py for tasks to queue
[2024-09-24T23:43:53.821+0000] {logging_mixin.py:190} INFO - [2024-09-24T23:43:53.820+0000] {dagbag.py:588} INFO - Filling up the DagBag from /home/airflow/.local/lib/python3.12/site-packages/airflow/example_dags/example_sla_dag.py
[2024-09-24T23:43:53.848+0000] {processor.py:925} INFO - DAG(s) 'example_sla_dag' retrieved from /home/airflow/.local/lib/python3.12/site-packages/airflow/example_dags/example_sla_dag.py
[2024-09-24T23:43:53.932+0000] {logging_mixin.py:190} INFO - [2024-09-24T23:43:53.931+0000] {dag.py:3239} INFO - Sync 1 DAGs
[2024-09-24T23:43:54.062+0000] {logging_mixin.py:190} INFO - [2024-09-24T23:43:54.061+0000] {dag.py:4180} INFO - Setting next_dagrun for example_sla_dag to 2024-09-24 23:40:00+00:00, run_after=2024-09-24 23:42:00+00:00
[2024-09-24T23:43:54.122+0000] {processor.py:208} INFO - Processing /home/airflow/.local/lib/python3.12/site-packages/airflow/example_dags/example_sla_dag.py took 0.328 seconds
[2024-09-24T23:44:25.139+0000] {processor.py:186} INFO - Started process (PID=3731) to work on /home/airflow/.local/lib/python3.12/site-packages/airflow/example_dags/example_sla_dag.py
[2024-09-24T23:44:25.141+0000] {processor.py:914} INFO - Processing file /home/airflow/.local/lib/python3.12/site-packages/airflow/example_dags/example_sla_dag.py for tasks to queue
[2024-09-24T23:44:25.146+0000] {logging_mixin.py:190} INFO - [2024-09-24T23:44:25.145+0000] {dagbag.py:588} INFO - Filling up the DagBag from /home/airflow/.local/lib/python3.12/site-packages/airflow/example_dags/example_sla_dag.py
[2024-09-24T23:44:25.169+0000] {processor.py:925} INFO - DAG(s) 'example_sla_dag' retrieved from /home/airflow/.local/lib/python3.12/site-packages/airflow/example_dags/example_sla_dag.py
[2024-09-24T23:44:25.216+0000] {logging_mixin.py:190} INFO - [2024-09-24T23:44:25.215+0000] {dag.py:3239} INFO - Sync 1 DAGs
[2024-09-24T23:44:25.284+0000] {logging_mixin.py:190} INFO - [2024-09-24T23:44:25.283+0000] {dag.py:4180} INFO - Setting next_dagrun for example_sla_dag to 2024-09-24 23:42:00+00:00, run_after=2024-09-24 23:44:00+00:00
[2024-09-24T23:44:25.334+0000] {processor.py:208} INFO - Processing /home/airflow/.local/lib/python3.12/site-packages/airflow/example_dags/example_sla_dag.py took 0.205 seconds
[2024-09-24T23:44:55.522+0000] {processor.py:186} INFO - Started process (PID=4017) to work on /home/airflow/.local/lib/python3.12/site-packages/airflow/example_dags/example_sla_dag.py
[2024-09-24T23:44:55.525+0000] {processor.py:914} INFO - Processing file /home/airflow/.local/lib/python3.12/site-packages/airflow/example_dags/example_sla_dag.py for tasks to queue
[2024-09-24T23:44:55.529+0000] {logging_mixin.py:190} INFO - [2024-09-24T23:44:55.528+0000] {dagbag.py:588} INFO - Filling up the DagBag from /home/airflow/.local/lib/python3.12/site-packages/airflow/example_dags/example_sla_dag.py
[2024-09-24T23:44:55.551+0000] {processor.py:925} INFO - DAG(s) 'example_sla_dag' retrieved from /home/airflow/.local/lib/python3.12/site-packages/airflow/example_dags/example_sla_dag.py
[2024-09-24T23:44:55.590+0000] {logging_mixin.py:190} INFO - [2024-09-24T23:44:55.590+0000] {dag.py:3239} INFO - Sync 1 DAGs
[2024-09-24T23:44:55.650+0000] {logging_mixin.py:190} INFO - [2024-09-24T23:44:55.650+0000] {dag.py:4180} INFO - Setting next_dagrun for example_sla_dag to 2024-09-24 23:42:00+00:00, run_after=2024-09-24 23:44:00+00:00
[2024-09-24T23:44:55.697+0000] {processor.py:208} INFO - Processing /home/airflow/.local/lib/python3.12/site-packages/airflow/example_dags/example_sla_dag.py took 0.185 seconds
[2024-09-24T23:45:26.492+0000] {processor.py:186} INFO - Started process (PID=4301) to work on /home/airflow/.local/lib/python3.12/site-packages/airflow/example_dags/example_sla_dag.py
[2024-09-24T23:45:26.496+0000] {processor.py:914} INFO - Processing file /home/airflow/.local/lib/python3.12/site-packages/airflow/example_dags/example_sla_dag.py for tasks to queue
[2024-09-24T23:45:26.503+0000] {logging_mixin.py:190} INFO - [2024-09-24T23:45:26.502+0000] {dagbag.py:588} INFO - Filling up the DagBag from /home/airflow/.local/lib/python3.12/site-packages/airflow/example_dags/example_sla_dag.py
[2024-09-24T23:45:26.547+0000] {processor.py:925} INFO - DAG(s) 'example_sla_dag' retrieved from /home/airflow/.local/lib/python3.12/site-packages/airflow/example_dags/example_sla_dag.py
[2024-09-24T23:45:26.611+0000] {logging_mixin.py:190} INFO - [2024-09-24T23:45:26.610+0000] {dag.py:3239} INFO - Sync 1 DAGs
[2024-09-24T23:45:26.727+0000] {logging_mixin.py:190} INFO - [2024-09-24T23:45:26.726+0000] {dag.py:4180} INFO - Setting next_dagrun for example_sla_dag to 2024-09-24 23:42:00+00:00, run_after=2024-09-24 23:44:00+00:00
[2024-09-24T23:45:26.827+0000] {processor.py:208} INFO - Processing /home/airflow/.local/lib/python3.12/site-packages/airflow/example_dags/example_sla_dag.py took 0.354 seconds
[2024-09-24T23:45:57.260+0000] {processor.py:186} INFO - Started process (PID=4589) to work on /home/airflow/.local/lib/python3.12/site-packages/airflow/example_dags/example_sla_dag.py
[2024-09-24T23:45:57.261+0000] {processor.py:914} INFO - Processing file /home/airflow/.local/lib/python3.12/site-packages/airflow/example_dags/example_sla_dag.py for tasks to queue
[2024-09-24T23:45:57.265+0000] {logging_mixin.py:190} INFO - [2024-09-24T23:45:57.265+0000] {dagbag.py:588} INFO - Filling up the DagBag from /home/airflow/.local/lib/python3.12/site-packages/airflow/example_dags/example_sla_dag.py
[2024-09-24T23:45:57.286+0000] {processor.py:925} INFO - DAG(s) 'example_sla_dag' retrieved from /home/airflow/.local/lib/python3.12/site-packages/airflow/example_dags/example_sla_dag.py
[2024-09-24T23:45:57.326+0000] {logging_mixin.py:190} INFO - [2024-09-24T23:45:57.326+0000] {dag.py:3239} INFO - Sync 1 DAGs
[2024-09-24T23:45:57.386+0000] {logging_mixin.py:190} INFO - [2024-09-24T23:45:57.386+0000] {dag.py:4180} INFO - Setting next_dagrun for example_sla_dag to 2024-09-24 23:42:00+00:00, run_after=2024-09-24 23:44:00+00:00
[2024-09-24T23:45:57.433+0000] {processor.py:208} INFO - Processing /home/airflow/.local/lib/python3.12/site-packages/airflow/example_dags/example_sla_dag.py took 0.186 seconds
[2024-09-24T23:46:28.356+0000] {processor.py:186} INFO - Started process (PID=4873) to work on /home/airflow/.local/lib/python3.12/site-packages/airflow/example_dags/example_sla_dag.py
[2024-09-24T23:46:28.361+0000] {processor.py:914} INFO - Processing file /home/airflow/.local/lib/python3.12/site-packages/airflow/example_dags/example_sla_dag.py for tasks to queue
[2024-09-24T23:46:28.370+0000] {logging_mixin.py:190} INFO - [2024-09-24T23:46:28.368+0000] {dagbag.py:588} INFO - Filling up the DagBag from /home/airflow/.local/lib/python3.12/site-packages/airflow/example_dags/example_sla_dag.py
[2024-09-24T23:46:28.404+0000] {processor.py:925} INFO - DAG(s) 'example_sla_dag' retrieved from /home/airflow/.local/lib/python3.12/site-packages/airflow/example_dags/example_sla_dag.py
[2024-09-24T23:46:28.482+0000] {logging_mixin.py:190} INFO - [2024-09-24T23:46:28.479+0000] {dag.py:3239} INFO - Sync 1 DAGs
[2024-09-24T23:46:28.629+0000] {logging_mixin.py:190} INFO - [2024-09-24T23:46:28.628+0000] {dag.py:4180} INFO - Setting next_dagrun for example_sla_dag to 2024-09-24 23:44:00+00:00, run_after=2024-09-24 23:46:00+00:00
[2024-09-24T23:46:28.709+0000] {processor.py:208} INFO - Processing /home/airflow/.local/lib/python3.12/site-packages/airflow/example_dags/example_sla_dag.py took 0.376 seconds
[2024-09-24T23:46:59.931+0000] {processor.py:186} INFO - Started process (PID=5161) to work on /home/airflow/.local/lib/python3.12/site-packages/airflow/example_dags/example_sla_dag.py
[2024-09-24T23:46:59.933+0000] {processor.py:914} INFO - Processing file /home/airflow/.local/lib/python3.12/site-packages/airflow/example_dags/example_sla_dag.py for tasks to queue
[2024-09-24T23:46:59.940+0000] {logging_mixin.py:190} INFO - [2024-09-24T23:46:59.939+0000] {dagbag.py:588} INFO - Filling up the DagBag from /home/airflow/.local/lib/python3.12/site-packages/airflow/example_dags/example_sla_dag.py
[2024-09-24T23:46:59.968+0000] {processor.py:925} INFO - DAG(s) 'example_sla_dag' retrieved from /home/airflow/.local/lib/python3.12/site-packages/airflow/example_dags/example_sla_dag.py
[2024-09-24T23:47:00.039+0000] {logging_mixin.py:190} INFO - [2024-09-24T23:47:00.038+0000] {dag.py:3239} INFO - Sync 1 DAGs
[2024-09-24T23:47:00.146+0000] {logging_mixin.py:190} INFO - [2024-09-24T23:47:00.145+0000] {dag.py:4180} INFO - Setting next_dagrun for example_sla_dag to 2024-09-24 23:44:00+00:00, run_after=2024-09-24 23:46:00+00:00
[2024-09-24T23:47:00.213+0000] {processor.py:208} INFO - Processing /home/airflow/.local/lib/python3.12/site-packages/airflow/example_dags/example_sla_dag.py took 0.296 seconds
[2024-09-24T23:47:30.606+0000] {processor.py:186} INFO - Started process (PID=5445) to work on /home/airflow/.local/lib/python3.12/site-packages/airflow/example_dags/example_sla_dag.py
[2024-09-24T23:47:30.610+0000] {processor.py:914} INFO - Processing file /home/airflow/.local/lib/python3.12/site-packages/airflow/example_dags/example_sla_dag.py for tasks to queue
[2024-09-24T23:47:30.617+0000] {logging_mixin.py:190} INFO - [2024-09-24T23:47:30.616+0000] {dagbag.py:588} INFO - Filling up the DagBag from /home/airflow/.local/lib/python3.12/site-packages/airflow/example_dags/example_sla_dag.py
[2024-09-24T23:47:30.655+0000] {processor.py:925} INFO - DAG(s) 'example_sla_dag' retrieved from /home/airflow/.local/lib/python3.12/site-packages/airflow/example_dags/example_sla_dag.py
[2024-09-24T23:47:30.716+0000] {logging_mixin.py:190} INFO - [2024-09-24T23:47:30.715+0000] {dag.py:3239} INFO - Sync 1 DAGs
[2024-09-24T23:47:30.818+0000] {logging_mixin.py:190} INFO - [2024-09-24T23:47:30.817+0000] {dag.py:4180} INFO - Setting next_dagrun for example_sla_dag to 2024-09-24 23:44:00+00:00, run_after=2024-09-24 23:46:00+00:00
[2024-09-24T23:47:30.887+0000] {processor.py:208} INFO - Processing /home/airflow/.local/lib/python3.12/site-packages/airflow/example_dags/example_sla_dag.py took 0.301 seconds
[2024-09-24T23:48:01.691+0000] {processor.py:186} INFO - Started process (PID=5731) to work on /home/airflow/.local/lib/python3.12/site-packages/airflow/example_dags/example_sla_dag.py
[2024-09-24T23:48:01.693+0000] {processor.py:914} INFO - Processing file /home/airflow/.local/lib/python3.12/site-packages/airflow/example_dags/example_sla_dag.py for tasks to queue
[2024-09-24T23:48:01.697+0000] {logging_mixin.py:190} INFO - [2024-09-24T23:48:01.696+0000] {dagbag.py:588} INFO - Filling up the DagBag from /home/airflow/.local/lib/python3.12/site-packages/airflow/example_dags/example_sla_dag.py
[2024-09-24T23:48:01.715+0000] {processor.py:925} INFO - DAG(s) 'example_sla_dag' retrieved from /home/airflow/.local/lib/python3.12/site-packages/airflow/example_dags/example_sla_dag.py
[2024-09-24T23:48:01.752+0000] {logging_mixin.py:190} INFO - [2024-09-24T23:48:01.752+0000] {dag.py:3239} INFO - Sync 1 DAGs
[2024-09-24T23:48:01.850+0000] {logging_mixin.py:190} INFO - [2024-09-24T23:48:01.849+0000] {dag.py:4180} INFO - Setting next_dagrun for example_sla_dag to 2024-09-24 23:46:00+00:00, run_after=2024-09-24 23:48:00+00:00
[2024-09-24T23:48:01.913+0000] {processor.py:208} INFO - Processing /home/airflow/.local/lib/python3.12/site-packages/airflow/example_dags/example_sla_dag.py took 0.230 seconds
[2024-09-24T23:48:32.376+0000] {processor.py:186} INFO - Started process (PID=6023) to work on /home/airflow/.local/lib/python3.12/site-packages/airflow/example_dags/example_sla_dag.py
[2024-09-24T23:48:32.378+0000] {processor.py:914} INFO - Processing file /home/airflow/.local/lib/python3.12/site-packages/airflow/example_dags/example_sla_dag.py for tasks to queue
[2024-09-24T23:48:32.382+0000] {logging_mixin.py:190} INFO - [2024-09-24T23:48:32.381+0000] {dagbag.py:588} INFO - Filling up the DagBag from /home/airflow/.local/lib/python3.12/site-packages/airflow/example_dags/example_sla_dag.py
[2024-09-24T23:48:32.406+0000] {processor.py:925} INFO - DAG(s) 'example_sla_dag' retrieved from /home/airflow/.local/lib/python3.12/site-packages/airflow/example_dags/example_sla_dag.py
[2024-09-24T23:48:32.459+0000] {logging_mixin.py:190} INFO - [2024-09-24T23:48:32.458+0000] {dag.py:3239} INFO - Sync 1 DAGs
[2024-09-24T23:48:32.551+0000] {logging_mixin.py:190} INFO - [2024-09-24T23:48:32.550+0000] {dag.py:4180} INFO - Setting next_dagrun for example_sla_dag to 2024-09-24 23:46:00+00:00, run_after=2024-09-24 23:48:00+00:00
[2024-09-24T23:48:32.603+0000] {processor.py:208} INFO - Processing /home/airflow/.local/lib/python3.12/site-packages/airflow/example_dags/example_sla_dag.py took 0.238 seconds
[2024-09-24T23:49:03.438+0000] {processor.py:186} INFO - Started process (PID=6311) to work on /home/airflow/.local/lib/python3.12/site-packages/airflow/example_dags/example_sla_dag.py
[2024-09-24T23:49:03.441+0000] {processor.py:914} INFO - Processing file /home/airflow/.local/lib/python3.12/site-packages/airflow/example_dags/example_sla_dag.py for tasks to queue
[2024-09-24T23:49:03.445+0000] {logging_mixin.py:190} INFO - [2024-09-24T23:49:03.444+0000] {dagbag.py:588} INFO - Filling up the DagBag from /home/airflow/.local/lib/python3.12/site-packages/airflow/example_dags/example_sla_dag.py
[2024-09-24T23:49:03.470+0000] {processor.py:925} INFO - DAG(s) 'example_sla_dag' retrieved from /home/airflow/.local/lib/python3.12/site-packages/airflow/example_dags/example_sla_dag.py
[2024-09-24T23:49:03.512+0000] {logging_mixin.py:190} INFO - [2024-09-24T23:49:03.511+0000] {dag.py:3239} INFO - Sync 1 DAGs
[2024-09-24T23:49:03.584+0000] {logging_mixin.py:190} INFO - [2024-09-24T23:49:03.583+0000] {dag.py:4180} INFO - Setting next_dagrun for example_sla_dag to 2024-09-24 23:46:00+00:00, run_after=2024-09-24 23:48:00+00:00
[2024-09-24T23:49:03.650+0000] {processor.py:208} INFO - Processing /home/airflow/.local/lib/python3.12/site-packages/airflow/example_dags/example_sla_dag.py took 0.223 seconds
[2024-09-24T23:49:34.202+0000] {processor.py:186} INFO - Started process (PID=6595) to work on /home/airflow/.local/lib/python3.12/site-packages/airflow/example_dags/example_sla_dag.py
[2024-09-24T23:49:34.204+0000] {processor.py:914} INFO - Processing file /home/airflow/.local/lib/python3.12/site-packages/airflow/example_dags/example_sla_dag.py for tasks to queue
[2024-09-24T23:49:34.210+0000] {logging_mixin.py:190} INFO - [2024-09-24T23:49:34.209+0000] {dagbag.py:588} INFO - Filling up the DagBag from /home/airflow/.local/lib/python3.12/site-packages/airflow/example_dags/example_sla_dag.py
[2024-09-24T23:49:34.262+0000] {processor.py:925} INFO - DAG(s) 'example_sla_dag' retrieved from /home/airflow/.local/lib/python3.12/site-packages/airflow/example_dags/example_sla_dag.py
[2024-09-24T23:49:34.374+0000] {logging_mixin.py:190} INFO - [2024-09-24T23:49:34.374+0000] {dag.py:3239} INFO - Sync 1 DAGs
[2024-09-24T23:49:34.720+0000] {logging_mixin.py:190} INFO - [2024-09-24T23:49:34.719+0000] {dag.py:4180} INFO - Setting next_dagrun for example_sla_dag to 2024-09-24 23:46:00+00:00, run_after=2024-09-24 23:48:00+00:00
[2024-09-24T23:49:34.846+0000] {processor.py:208} INFO - Processing /home/airflow/.local/lib/python3.12/site-packages/airflow/example_dags/example_sla_dag.py took 0.667 seconds
[2024-09-24T23:50:05.315+0000] {processor.py:186} INFO - Started process (PID=6878) to work on /home/airflow/.local/lib/python3.12/site-packages/airflow/example_dags/example_sla_dag.py
[2024-09-24T23:50:05.317+0000] {processor.py:914} INFO - Processing file /home/airflow/.local/lib/python3.12/site-packages/airflow/example_dags/example_sla_dag.py for tasks to queue
[2024-09-24T23:50:05.323+0000] {logging_mixin.py:190} INFO - [2024-09-24T23:50:05.321+0000] {dagbag.py:588} INFO - Filling up the DagBag from /home/airflow/.local/lib/python3.12/site-packages/airflow/example_dags/example_sla_dag.py
[2024-09-24T23:50:05.347+0000] {processor.py:925} INFO - DAG(s) 'example_sla_dag' retrieved from /home/airflow/.local/lib/python3.12/site-packages/airflow/example_dags/example_sla_dag.py
[2024-09-24T23:50:05.397+0000] {logging_mixin.py:190} INFO - [2024-09-24T23:50:05.397+0000] {dag.py:3239} INFO - Sync 1 DAGs
[2024-09-24T23:50:05.460+0000] {logging_mixin.py:190} INFO - [2024-09-24T23:50:05.460+0000] {dag.py:4180} INFO - Setting next_dagrun for example_sla_dag to 2024-09-24 23:48:00+00:00, run_after=2024-09-24 23:50:00+00:00
[2024-09-24T23:50:05.501+0000] {processor.py:208} INFO - Processing /home/airflow/.local/lib/python3.12/site-packages/airflow/example_dags/example_sla_dag.py took 0.202 seconds
[2024-09-24T23:50:35.621+0000] {processor.py:186} INFO - Started process (PID=7164) to work on /home/airflow/.local/lib/python3.12/site-packages/airflow/example_dags/example_sla_dag.py
[2024-09-24T23:50:35.624+0000] {processor.py:914} INFO - Processing file /home/airflow/.local/lib/python3.12/site-packages/airflow/example_dags/example_sla_dag.py for tasks to queue
[2024-09-24T23:50:35.627+0000] {logging_mixin.py:190} INFO - [2024-09-24T23:50:35.627+0000] {dagbag.py:588} INFO - Filling up the DagBag from /home/airflow/.local/lib/python3.12/site-packages/airflow/example_dags/example_sla_dag.py
[2024-09-24T23:50:35.644+0000] {processor.py:925} INFO - DAG(s) 'example_sla_dag' retrieved from /home/airflow/.local/lib/python3.12/site-packages/airflow/example_dags/example_sla_dag.py
[2024-09-24T23:50:35.677+0000] {logging_mixin.py:190} INFO - [2024-09-24T23:50:35.676+0000] {dag.py:3239} INFO - Sync 1 DAGs
[2024-09-24T23:50:35.731+0000] {logging_mixin.py:190} INFO - [2024-09-24T23:50:35.731+0000] {dag.py:4180} INFO - Setting next_dagrun for example_sla_dag to 2024-09-24 23:48:00+00:00, run_after=2024-09-24 23:50:00+00:00
[2024-09-24T23:50:35.772+0000] {processor.py:208} INFO - Processing /home/airflow/.local/lib/python3.12/site-packages/airflow/example_dags/example_sla_dag.py took 0.162 seconds
[2024-09-24T23:51:06.012+0000] {processor.py:186} INFO - Started process (PID=7448) to work on /home/airflow/.local/lib/python3.12/site-packages/airflow/example_dags/example_sla_dag.py
[2024-09-24T23:51:06.015+0000] {processor.py:914} INFO - Processing file /home/airflow/.local/lib/python3.12/site-packages/airflow/example_dags/example_sla_dag.py for tasks to queue
[2024-09-24T23:51:06.020+0000] {logging_mixin.py:190} INFO - [2024-09-24T23:51:06.019+0000] {dagbag.py:588} INFO - Filling up the DagBag from /home/airflow/.local/lib/python3.12/site-packages/airflow/example_dags/example_sla_dag.py
[2024-09-24T23:51:06.041+0000] {processor.py:925} INFO - DAG(s) 'example_sla_dag' retrieved from /home/airflow/.local/lib/python3.12/site-packages/airflow/example_dags/example_sla_dag.py
[2024-09-24T23:51:06.076+0000] {logging_mixin.py:190} INFO - [2024-09-24T23:51:06.076+0000] {dag.py:3239} INFO - Sync 1 DAGs
[2024-09-24T23:51:06.149+0000] {logging_mixin.py:190} INFO - [2024-09-24T23:51:06.148+0000] {dag.py:4180} INFO - Setting next_dagrun for example_sla_dag to 2024-09-24 23:48:00+00:00, run_after=2024-09-24 23:50:00+00:00
[2024-09-24T23:51:06.192+0000] {processor.py:208} INFO - Processing /home/airflow/.local/lib/python3.12/site-packages/airflow/example_dags/example_sla_dag.py took 0.192 seconds
[2024-09-24T23:51:36.787+0000] {processor.py:186} INFO - Started process (PID=7734) to work on /home/airflow/.local/lib/python3.12/site-packages/airflow/example_dags/example_sla_dag.py
[2024-09-24T23:51:36.790+0000] {processor.py:914} INFO - Processing file /home/airflow/.local/lib/python3.12/site-packages/airflow/example_dags/example_sla_dag.py for tasks to queue
[2024-09-24T23:51:36.794+0000] {logging_mixin.py:190} INFO - [2024-09-24T23:51:36.793+0000] {dagbag.py:588} INFO - Filling up the DagBag from /home/airflow/.local/lib/python3.12/site-packages/airflow/example_dags/example_sla_dag.py
[2024-09-24T23:51:36.812+0000] {processor.py:925} INFO - DAG(s) 'example_sla_dag' retrieved from /home/airflow/.local/lib/python3.12/site-packages/airflow/example_dags/example_sla_dag.py
[2024-09-24T23:51:36.846+0000] {logging_mixin.py:190} INFO - [2024-09-24T23:51:36.845+0000] {dag.py:3239} INFO - Sync 1 DAGs
[2024-09-24T23:51:36.892+0000] {logging_mixin.py:190} INFO - [2024-09-24T23:51:36.891+0000] {dag.py:4180} INFO - Setting next_dagrun for example_sla_dag to 2024-09-24 23:48:00+00:00, run_after=2024-09-24 23:50:00+00:00
[2024-09-24T23:51:36.933+0000] {processor.py:208} INFO - Processing /home/airflow/.local/lib/python3.12/site-packages/airflow/example_dags/example_sla_dag.py took 0.157 seconds
[2024-09-24T23:52:07.245+0000] {processor.py:186} INFO - Started process (PID=8021) to work on /home/airflow/.local/lib/python3.12/site-packages/airflow/example_dags/example_sla_dag.py
[2024-09-24T23:52:07.247+0000] {processor.py:914} INFO - Processing file /home/airflow/.local/lib/python3.12/site-packages/airflow/example_dags/example_sla_dag.py for tasks to queue
[2024-09-24T23:52:07.251+0000] {logging_mixin.py:190} INFO - [2024-09-24T23:52:07.251+0000] {dagbag.py:588} INFO - Filling up the DagBag from /home/airflow/.local/lib/python3.12/site-packages/airflow/example_dags/example_sla_dag.py
[2024-09-24T23:52:07.268+0000] {processor.py:925} INFO - DAG(s) 'example_sla_dag' retrieved from /home/airflow/.local/lib/python3.12/site-packages/airflow/example_dags/example_sla_dag.py
[2024-09-24T23:52:07.306+0000] {logging_mixin.py:190} INFO - [2024-09-24T23:52:07.306+0000] {dag.py:3239} INFO - Sync 1 DAGs
[2024-09-24T23:52:07.374+0000] {logging_mixin.py:190} INFO - [2024-09-24T23:52:07.374+0000] {dag.py:4180} INFO - Setting next_dagrun for example_sla_dag to 2024-09-24 23:50:00+00:00, run_after=2024-09-24 23:52:00+00:00
[2024-09-24T23:52:07.415+0000] {processor.py:208} INFO - Processing /home/airflow/.local/lib/python3.12/site-packages/airflow/example_dags/example_sla_dag.py took 0.182 seconds
[2024-09-24T23:52:38.217+0000] {processor.py:186} INFO - Started process (PID=8307) to work on /home/airflow/.local/lib/python3.12/site-packages/airflow/example_dags/example_sla_dag.py
[2024-09-24T23:52:38.219+0000] {processor.py:914} INFO - Processing file /home/airflow/.local/lib/python3.12/site-packages/airflow/example_dags/example_sla_dag.py for tasks to queue
[2024-09-24T23:52:38.223+0000] {logging_mixin.py:190} INFO - [2024-09-24T23:52:38.222+0000] {dagbag.py:588} INFO - Filling up the DagBag from /home/airflow/.local/lib/python3.12/site-packages/airflow/example_dags/example_sla_dag.py
[2024-09-24T23:52:38.239+0000] {processor.py:925} INFO - DAG(s) 'example_sla_dag' retrieved from /home/airflow/.local/lib/python3.12/site-packages/airflow/example_dags/example_sla_dag.py
[2024-09-24T23:52:38.273+0000] {logging_mixin.py:190} INFO - [2024-09-24T23:52:38.273+0000] {dag.py:3239} INFO - Sync 1 DAGs
[2024-09-24T23:52:38.319+0000] {logging_mixin.py:190} INFO - [2024-09-24T23:52:38.319+0000] {dag.py:4180} INFO - Setting next_dagrun for example_sla_dag to 2024-09-24 23:50:00+00:00, run_after=2024-09-24 23:52:00+00:00
[2024-09-24T23:52:38.358+0000] {processor.py:208} INFO - Processing /home/airflow/.local/lib/python3.12/site-packages/airflow/example_dags/example_sla_dag.py took 0.154 seconds
[2024-09-24T23:53:08.613+0000] {processor.py:186} INFO - Started process (PID=8593) to work on /home/airflow/.local/lib/python3.12/site-packages/airflow/example_dags/example_sla_dag.py
[2024-09-24T23:53:08.615+0000] {processor.py:914} INFO - Processing file /home/airflow/.local/lib/python3.12/site-packages/airflow/example_dags/example_sla_dag.py for tasks to queue
[2024-09-24T23:53:08.619+0000] {logging_mixin.py:190} INFO - [2024-09-24T23:53:08.619+0000] {dagbag.py:588} INFO - Filling up the DagBag from /home/airflow/.local/lib/python3.12/site-packages/airflow/example_dags/example_sla_dag.py
[2024-09-24T23:53:08.644+0000] {processor.py:925} INFO - DAG(s) 'example_sla_dag' retrieved from /home/airflow/.local/lib/python3.12/site-packages/airflow/example_dags/example_sla_dag.py
[2024-09-24T23:53:08.696+0000] {logging_mixin.py:190} INFO - [2024-09-24T23:53:08.696+0000] {dag.py:3239} INFO - Sync 1 DAGs
[2024-09-24T23:53:08.775+0000] {logging_mixin.py:190} INFO - [2024-09-24T23:53:08.774+0000] {dag.py:4180} INFO - Setting next_dagrun for example_sla_dag to 2024-09-24 23:50:00+00:00, run_after=2024-09-24 23:52:00+00:00
[2024-09-24T23:53:08.829+0000] {processor.py:208} INFO - Processing /home/airflow/.local/lib/python3.12/site-packages/airflow/example_dags/example_sla_dag.py took 0.227 seconds
[2024-09-24T23:53:39.723+0000] {processor.py:186} INFO - Started process (PID=8879) to work on /home/airflow/.local/lib/python3.12/site-packages/airflow/example_dags/example_sla_dag.py
[2024-09-24T23:53:39.725+0000] {processor.py:914} INFO - Processing file /home/airflow/.local/lib/python3.12/site-packages/airflow/example_dags/example_sla_dag.py for tasks to queue
[2024-09-24T23:53:39.730+0000] {logging_mixin.py:190} INFO - [2024-09-24T23:53:39.729+0000] {dagbag.py:588} INFO - Filling up the DagBag from /home/airflow/.local/lib/python3.12/site-packages/airflow/example_dags/example_sla_dag.py
[2024-09-24T23:53:39.749+0000] {processor.py:925} INFO - DAG(s) 'example_sla_dag' retrieved from /home/airflow/.local/lib/python3.12/site-packages/airflow/example_dags/example_sla_dag.py
[2024-09-24T23:53:39.790+0000] {logging_mixin.py:190} INFO - [2024-09-24T23:53:39.789+0000] {dag.py:3239} INFO - Sync 1 DAGs
[2024-09-24T23:53:39.844+0000] {logging_mixin.py:190} INFO - [2024-09-24T23:53:39.844+0000] {dag.py:4180} INFO - Setting next_dagrun for example_sla_dag to 2024-09-24 23:50:00+00:00, run_after=2024-09-24 23:52:00+00:00
[2024-09-24T23:53:39.895+0000] {processor.py:208} INFO - Processing /home/airflow/.local/lib/python3.12/site-packages/airflow/example_dags/example_sla_dag.py took 0.182 seconds
[2024-09-24T23:54:10.350+0000] {processor.py:186} INFO - Started process (PID=9165) to work on /home/airflow/.local/lib/python3.12/site-packages/airflow/example_dags/example_sla_dag.py
[2024-09-24T23:54:10.352+0000] {processor.py:914} INFO - Processing file /home/airflow/.local/lib/python3.12/site-packages/airflow/example_dags/example_sla_dag.py for tasks to queue
[2024-09-24T23:54:10.357+0000] {logging_mixin.py:190} INFO - [2024-09-24T23:54:10.356+0000] {dagbag.py:588} INFO - Filling up the DagBag from /home/airflow/.local/lib/python3.12/site-packages/airflow/example_dags/example_sla_dag.py
[2024-09-24T23:54:10.384+0000] {processor.py:925} INFO - DAG(s) 'example_sla_dag' retrieved from /home/airflow/.local/lib/python3.12/site-packages/airflow/example_dags/example_sla_dag.py
[2024-09-24T23:54:10.435+0000] {logging_mixin.py:190} INFO - [2024-09-24T23:54:10.434+0000] {dag.py:3239} INFO - Sync 1 DAGs
[2024-09-24T23:54:10.507+0000] {logging_mixin.py:190} INFO - [2024-09-24T23:54:10.507+0000] {dag.py:4180} INFO - Setting next_dagrun for example_sla_dag to 2024-09-24 23:52:00+00:00, run_after=2024-09-24 23:54:00+00:00
[2024-09-24T23:54:10.564+0000] {processor.py:208} INFO - Processing /home/airflow/.local/lib/python3.12/site-packages/airflow/example_dags/example_sla_dag.py took 0.229 seconds
[2024-09-24T23:54:41.181+0000] {processor.py:186} INFO - Started process (PID=9451) to work on /home/airflow/.local/lib/python3.12/site-packages/airflow/example_dags/example_sla_dag.py
[2024-09-24T23:54:41.184+0000] {processor.py:914} INFO - Processing file /home/airflow/.local/lib/python3.12/site-packages/airflow/example_dags/example_sla_dag.py for tasks to queue
[2024-09-24T23:54:41.190+0000] {logging_mixin.py:190} INFO - [2024-09-24T23:54:41.189+0000] {dagbag.py:588} INFO - Filling up the DagBag from /home/airflow/.local/lib/python3.12/site-packages/airflow/example_dags/example_sla_dag.py
[2024-09-24T23:54:41.214+0000] {processor.py:925} INFO - DAG(s) 'example_sla_dag' retrieved from /home/airflow/.local/lib/python3.12/site-packages/airflow/example_dags/example_sla_dag.py
[2024-09-24T23:54:41.256+0000] {logging_mixin.py:190} INFO - [2024-09-24T23:54:41.256+0000] {dag.py:3239} INFO - Sync 1 DAGs
[2024-09-24T23:54:41.319+0000] {logging_mixin.py:190} INFO - [2024-09-24T23:54:41.319+0000] {dag.py:4180} INFO - Setting next_dagrun for example_sla_dag to 2024-09-24 23:52:00+00:00, run_after=2024-09-24 23:54:00+00:00
[2024-09-24T23:54:41.359+0000] {processor.py:208} INFO - Processing /home/airflow/.local/lib/python3.12/site-packages/airflow/example_dags/example_sla_dag.py took 0.190 seconds
[2024-09-24T23:55:12.037+0000] {processor.py:186} INFO - Started process (PID=9737) to work on /home/airflow/.local/lib/python3.12/site-packages/airflow/example_dags/example_sla_dag.py
[2024-09-24T23:55:12.038+0000] {processor.py:914} INFO - Processing file /home/airflow/.local/lib/python3.12/site-packages/airflow/example_dags/example_sla_dag.py for tasks to queue
[2024-09-24T23:55:12.044+0000] {logging_mixin.py:190} INFO - [2024-09-24T23:55:12.043+0000] {dagbag.py:588} INFO - Filling up the DagBag from /home/airflow/.local/lib/python3.12/site-packages/airflow/example_dags/example_sla_dag.py
[2024-09-24T23:55:12.067+0000] {processor.py:925} INFO - DAG(s) 'example_sla_dag' retrieved from /home/airflow/.local/lib/python3.12/site-packages/airflow/example_dags/example_sla_dag.py
[2024-09-24T23:55:12.111+0000] {logging_mixin.py:190} INFO - [2024-09-24T23:55:12.111+0000] {dag.py:3239} INFO - Sync 1 DAGs
[2024-09-24T23:55:12.179+0000] {logging_mixin.py:190} INFO - [2024-09-24T23:55:12.179+0000] {dag.py:4180} INFO - Setting next_dagrun for example_sla_dag to 2024-09-24 23:52:00+00:00, run_after=2024-09-24 23:54:00+00:00
[2024-09-24T23:55:12.225+0000] {processor.py:208} INFO - Processing /home/airflow/.local/lib/python3.12/site-packages/airflow/example_dags/example_sla_dag.py took 0.202 seconds
[2024-09-24T23:55:44.205+0000] {processor.py:186} INFO - Started process (PID=10023) to work on /home/airflow/.local/lib/python3.12/site-packages/airflow/example_dags/example_sla_dag.py
[2024-09-24T23:55:44.231+0000] {processor.py:914} INFO - Processing file /home/airflow/.local/lib/python3.12/site-packages/airflow/example_dags/example_sla_dag.py for tasks to queue
[2024-09-24T23:55:44.311+0000] {logging_mixin.py:190} INFO - [2024-09-24T23:55:44.310+0000] {dagbag.py:588} INFO - Filling up the DagBag from /home/airflow/.local/lib/python3.12/site-packages/airflow/example_dags/example_sla_dag.py
[2024-09-24T23:55:44.912+0000] {processor.py:925} INFO - DAG(s) 'example_sla_dag' retrieved from /home/airflow/.local/lib/python3.12/site-packages/airflow/example_dags/example_sla_dag.py
[2024-09-24T23:55:45.367+0000] {logging_mixin.py:190} INFO - [2024-09-24T23:55:45.356+0000] {dag.py:3239} INFO - Sync 1 DAGs
[2024-09-24T23:55:45.656+0000] {logging_mixin.py:190} INFO - [2024-09-24T23:55:45.655+0000] {dag.py:4180} INFO - Setting next_dagrun for example_sla_dag to 2024-09-24 23:52:00+00:00, run_after=2024-09-24 23:54:00+00:00
[2024-09-24T23:55:45.798+0000] {processor.py:208} INFO - Processing /home/airflow/.local/lib/python3.12/site-packages/airflow/example_dags/example_sla_dag.py took 1.647 seconds
[2024-09-24T23:56:18.688+0000] {processor.py:186} INFO - Started process (PID=10311) to work on /home/airflow/.local/lib/python3.12/site-packages/airflow/example_dags/example_sla_dag.py
[2024-09-24T23:56:18.990+0000] {processor.py:914} INFO - Processing file /home/airflow/.local/lib/python3.12/site-packages/airflow/example_dags/example_sla_dag.py for tasks to queue
[2024-09-24T23:56:19.338+0000] {logging_mixin.py:190} INFO - [2024-09-24T23:56:19.291+0000] {dagbag.py:588} INFO - Filling up the DagBag from /home/airflow/.local/lib/python3.12/site-packages/airflow/example_dags/example_sla_dag.py
