[2024-09-24T23:38:13.464+0000] {processor.py:186} INFO - Started process (PID=341) to work on /home/airflow/.local/lib/python3.12/site-packages/airflow/example_dags/example_python_operator.py
[2024-09-24T23:38:13.466+0000] {processor.py:914} INFO - Processing file /home/airflow/.local/lib/python3.12/site-packages/airflow/example_dags/example_python_operator.py for tasks to queue
[2024-09-24T23:38:13.474+0000] {logging_mixin.py:190} INFO - [2024-09-24T23:38:13.473+0000] {dagbag.py:588} INFO - Filling up the DagBag from /home/airflow/.local/lib/python3.12/site-packages/airflow/example_dags/example_python_operator.py
[2024-09-24T23:38:13.535+0000] {processor.py:925} INFO - DAG(s) 'example_python_operator' retrieved from /home/airflow/.local/lib/python3.12/site-packages/airflow/example_dags/example_python_operator.py
[2024-09-24T23:38:14.251+0000] {logging_mixin.py:190} INFO - [2024-09-24T23:38:14.248+0000] {override.py:1900} INFO - Created Permission View: can edit on DAG:example_python_operator
[2024-09-24T23:38:14.306+0000] {logging_mixin.py:190} INFO - [2024-09-24T23:38:14.305+0000] {override.py:1900} INFO - Created Permission View: can read on DAG:example_python_operator
[2024-09-24T23:38:14.341+0000] {logging_mixin.py:190} INFO - [2024-09-24T23:38:14.340+0000] {override.py:1900} INFO - Created Permission View: can delete on DAG:example_python_operator
[2024-09-24T23:38:14.388+0000] {logging_mixin.py:190} INFO - [2024-09-24T23:38:14.384+0000] {override.py:1900} INFO - Created Permission View: can read on DAG Run:example_python_operator
[2024-09-24T23:38:14.422+0000] {logging_mixin.py:190} INFO - [2024-09-24T23:38:14.422+0000] {override.py:1900} INFO - Created Permission View: menu access on DAG Run:example_python_operator
[2024-09-24T23:38:14.461+0000] {logging_mixin.py:190} INFO - [2024-09-24T23:38:14.460+0000] {override.py:1900} INFO - Created Permission View: can delete on DAG Run:example_python_operator
[2024-09-24T23:38:14.496+0000] {logging_mixin.py:190} INFO - [2024-09-24T23:38:14.495+0000] {override.py:1900} INFO - Created Permission View: can create on DAG Run:example_python_operator
[2024-09-24T23:38:14.500+0000] {logging_mixin.py:190} INFO - [2024-09-24T23:38:14.498+0000] {dag.py:3239} INFO - Sync 1 DAGs
[2024-09-24T23:38:14.753+0000] {logging_mixin.py:190} INFO - [2024-09-24T23:38:14.751+0000] {dag.py:3262} INFO - Creating ORM DAG for example_python_operator
[2024-09-24T23:38:14.760+0000] {logging_mixin.py:190} INFO - [2024-09-24T23:38:14.759+0000] {dag.py:4180} INFO - Setting next_dagrun for example_python_operator to None, run_after=None
[2024-09-24T23:38:14.884+0000] {processor.py:208} INFO - Processing /home/airflow/.local/lib/python3.12/site-packages/airflow/example_dags/example_python_operator.py took 1.452 seconds
[2024-09-24T23:38:45.658+0000] {processor.py:186} INFO - Started process (PID=629) to work on /home/airflow/.local/lib/python3.12/site-packages/airflow/example_dags/example_python_operator.py
[2024-09-24T23:38:45.661+0000] {processor.py:914} INFO - Processing file /home/airflow/.local/lib/python3.12/site-packages/airflow/example_dags/example_python_operator.py for tasks to queue
[2024-09-24T23:38:45.668+0000] {logging_mixin.py:190} INFO - [2024-09-24T23:38:45.667+0000] {dagbag.py:588} INFO - Filling up the DagBag from /home/airflow/.local/lib/python3.12/site-packages/airflow/example_dags/example_python_operator.py
[2024-09-24T23:38:45.707+0000] {processor.py:925} INFO - DAG(s) 'example_python_operator' retrieved from /home/airflow/.local/lib/python3.12/site-packages/airflow/example_dags/example_python_operator.py
[2024-09-24T23:38:45.839+0000] {logging_mixin.py:190} INFO - [2024-09-24T23:38:45.838+0000] {dag.py:3239} INFO - Sync 1 DAGs
[2024-09-24T23:38:45.908+0000] {logging_mixin.py:190} INFO - [2024-09-24T23:38:45.908+0000] {dag.py:4180} INFO - Setting next_dagrun for example_python_operator to None, run_after=None
[2024-09-24T23:38:45.975+0000] {processor.py:208} INFO - Processing /home/airflow/.local/lib/python3.12/site-packages/airflow/example_dags/example_python_operator.py took 0.333 seconds
[2024-09-24T23:39:16.148+0000] {processor.py:186} INFO - Started process (PID=912) to work on /home/airflow/.local/lib/python3.12/site-packages/airflow/example_dags/example_python_operator.py
[2024-09-24T23:39:16.151+0000] {processor.py:914} INFO - Processing file /home/airflow/.local/lib/python3.12/site-packages/airflow/example_dags/example_python_operator.py for tasks to queue
[2024-09-24T23:39:16.158+0000] {logging_mixin.py:190} INFO - [2024-09-24T23:39:16.157+0000] {dagbag.py:588} INFO - Filling up the DagBag from /home/airflow/.local/lib/python3.12/site-packages/airflow/example_dags/example_python_operator.py
[2024-09-24T23:39:16.194+0000] {processor.py:925} INFO - DAG(s) 'example_python_operator' retrieved from /home/airflow/.local/lib/python3.12/site-packages/airflow/example_dags/example_python_operator.py
[2024-09-24T23:39:16.256+0000] {logging_mixin.py:190} INFO - [2024-09-24T23:39:16.256+0000] {dag.py:3239} INFO - Sync 1 DAGs
[2024-09-24T23:39:16.308+0000] {logging_mixin.py:190} INFO - [2024-09-24T23:39:16.308+0000] {dag.py:4180} INFO - Setting next_dagrun for example_python_operator to None, run_after=None
[2024-09-24T23:39:16.361+0000] {processor.py:208} INFO - Processing /home/airflow/.local/lib/python3.12/site-packages/airflow/example_dags/example_python_operator.py took 0.242 seconds
[2024-09-24T23:39:47.264+0000] {processor.py:186} INFO - Started process (PID=1198) to work on /home/airflow/.local/lib/python3.12/site-packages/airflow/example_dags/example_python_operator.py
[2024-09-24T23:39:47.268+0000] {processor.py:914} INFO - Processing file /home/airflow/.local/lib/python3.12/site-packages/airflow/example_dags/example_python_operator.py for tasks to queue
[2024-09-24T23:39:47.278+0000] {logging_mixin.py:190} INFO - [2024-09-24T23:39:47.274+0000] {dagbag.py:588} INFO - Filling up the DagBag from /home/airflow/.local/lib/python3.12/site-packages/airflow/example_dags/example_python_operator.py
[2024-09-24T23:39:47.327+0000] {processor.py:925} INFO - DAG(s) 'example_python_operator' retrieved from /home/airflow/.local/lib/python3.12/site-packages/airflow/example_dags/example_python_operator.py
[2024-09-24T23:39:47.396+0000] {logging_mixin.py:190} INFO - [2024-09-24T23:39:47.395+0000] {dag.py:3239} INFO - Sync 1 DAGs
[2024-09-24T23:39:47.453+0000] {logging_mixin.py:190} INFO - [2024-09-24T23:39:47.453+0000] {dag.py:4180} INFO - Setting next_dagrun for example_python_operator to None, run_after=None
[2024-09-24T23:39:47.525+0000] {processor.py:208} INFO - Processing /home/airflow/.local/lib/python3.12/site-packages/airflow/example_dags/example_python_operator.py took 0.286 seconds
[2024-09-24T23:40:17.766+0000] {processor.py:186} INFO - Started process (PID=1481) to work on /home/airflow/.local/lib/python3.12/site-packages/airflow/example_dags/example_python_operator.py
[2024-09-24T23:40:17.771+0000] {processor.py:914} INFO - Processing file /home/airflow/.local/lib/python3.12/site-packages/airflow/example_dags/example_python_operator.py for tasks to queue
[2024-09-24T23:40:17.779+0000] {logging_mixin.py:190} INFO - [2024-09-24T23:40:17.778+0000] {dagbag.py:588} INFO - Filling up the DagBag from /home/airflow/.local/lib/python3.12/site-packages/airflow/example_dags/example_python_operator.py
[2024-09-24T23:40:17.815+0000] {processor.py:925} INFO - DAG(s) 'example_python_operator' retrieved from /home/airflow/.local/lib/python3.12/site-packages/airflow/example_dags/example_python_operator.py
[2024-09-24T23:40:17.903+0000] {logging_mixin.py:190} INFO - [2024-09-24T23:40:17.902+0000] {dag.py:3239} INFO - Sync 1 DAGs
[2024-09-24T23:40:17.958+0000] {logging_mixin.py:190} INFO - [2024-09-24T23:40:17.957+0000] {dag.py:4180} INFO - Setting next_dagrun for example_python_operator to None, run_after=None
[2024-09-24T23:40:18.012+0000] {processor.py:208} INFO - Processing /home/airflow/.local/lib/python3.12/site-packages/airflow/example_dags/example_python_operator.py took 0.260 seconds
[2024-09-24T23:40:51.101+0000] {processor.py:186} INFO - Started process (PID=1773) to work on /home/airflow/.local/lib/python3.12/site-packages/airflow/example_dags/example_python_operator.py
[2024-09-24T23:40:51.104+0000] {processor.py:914} INFO - Processing file /home/airflow/.local/lib/python3.12/site-packages/airflow/example_dags/example_python_operator.py for tasks to queue
[2024-09-24T23:40:51.113+0000] {logging_mixin.py:190} INFO - [2024-09-24T23:40:51.112+0000] {dagbag.py:588} INFO - Filling up the DagBag from /home/airflow/.local/lib/python3.12/site-packages/airflow/example_dags/example_python_operator.py
[2024-09-24T23:40:51.160+0000] {processor.py:925} INFO - DAG(s) 'example_python_operator' retrieved from /home/airflow/.local/lib/python3.12/site-packages/airflow/example_dags/example_python_operator.py
[2024-09-24T23:40:51.251+0000] {logging_mixin.py:190} INFO - [2024-09-24T23:40:51.249+0000] {dag.py:3239} INFO - Sync 1 DAGs
[2024-09-24T23:40:51.304+0000] {logging_mixin.py:190} INFO - [2024-09-24T23:40:51.304+0000] {dag.py:4180} INFO - Setting next_dagrun for example_python_operator to None, run_after=None
[2024-09-24T23:40:51.363+0000] {processor.py:208} INFO - Processing /home/airflow/.local/lib/python3.12/site-packages/airflow/example_dags/example_python_operator.py took 0.281 seconds
[2024-09-24T23:41:22.654+0000] {processor.py:186} INFO - Started process (PID=2058) to work on /home/airflow/.local/lib/python3.12/site-packages/airflow/example_dags/example_python_operator.py
[2024-09-24T23:41:22.697+0000] {processor.py:914} INFO - Processing file /home/airflow/.local/lib/python3.12/site-packages/airflow/example_dags/example_python_operator.py for tasks to queue
[2024-09-24T23:41:22.706+0000] {logging_mixin.py:190} INFO - [2024-09-24T23:41:22.705+0000] {dagbag.py:588} INFO - Filling up the DagBag from /home/airflow/.local/lib/python3.12/site-packages/airflow/example_dags/example_python_operator.py
[2024-09-24T23:41:22.799+0000] {processor.py:925} INFO - DAG(s) 'example_python_operator' retrieved from /home/airflow/.local/lib/python3.12/site-packages/airflow/example_dags/example_python_operator.py
[2024-09-24T23:41:22.974+0000] {logging_mixin.py:190} INFO - [2024-09-24T23:41:22.973+0000] {dag.py:3239} INFO - Sync 1 DAGs
[2024-09-24T23:41:23.103+0000] {logging_mixin.py:190} INFO - [2024-09-24T23:41:23.102+0000] {dag.py:4180} INFO - Setting next_dagrun for example_python_operator to None, run_after=None
[2024-09-24T23:41:23.266+0000] {processor.py:208} INFO - Processing /home/airflow/.local/lib/python3.12/site-packages/airflow/example_dags/example_python_operator.py took 0.655 seconds
[2024-09-24T23:41:54.301+0000] {processor.py:186} INFO - Started process (PID=2346) to work on /home/airflow/.local/lib/python3.12/site-packages/airflow/example_dags/example_python_operator.py
[2024-09-24T23:41:54.304+0000] {processor.py:914} INFO - Processing file /home/airflow/.local/lib/python3.12/site-packages/airflow/example_dags/example_python_operator.py for tasks to queue
[2024-09-24T23:41:54.309+0000] {logging_mixin.py:190} INFO - [2024-09-24T23:41:54.309+0000] {dagbag.py:588} INFO - Filling up the DagBag from /home/airflow/.local/lib/python3.12/site-packages/airflow/example_dags/example_python_operator.py
[2024-09-24T23:41:54.342+0000] {processor.py:925} INFO - DAG(s) 'example_python_operator' retrieved from /home/airflow/.local/lib/python3.12/site-packages/airflow/example_dags/example_python_operator.py
[2024-09-24T23:41:54.401+0000] {logging_mixin.py:190} INFO - [2024-09-24T23:41:54.401+0000] {dag.py:3239} INFO - Sync 1 DAGs
[2024-09-24T23:41:54.439+0000] {logging_mixin.py:190} INFO - [2024-09-24T23:41:54.438+0000] {dag.py:4180} INFO - Setting next_dagrun for example_python_operator to None, run_after=None
[2024-09-24T23:41:54.486+0000] {processor.py:208} INFO - Processing /home/airflow/.local/lib/python3.12/site-packages/airflow/example_dags/example_python_operator.py took 0.201 seconds
[2024-09-24T23:42:25.078+0000] {processor.py:186} INFO - Started process (PID=2630) to work on /home/airflow/.local/lib/python3.12/site-packages/airflow/example_dags/example_python_operator.py
[2024-09-24T23:42:25.080+0000] {processor.py:914} INFO - Processing file /home/airflow/.local/lib/python3.12/site-packages/airflow/example_dags/example_python_operator.py for tasks to queue
[2024-09-24T23:42:25.086+0000] {logging_mixin.py:190} INFO - [2024-09-24T23:42:25.085+0000] {dagbag.py:588} INFO - Filling up the DagBag from /home/airflow/.local/lib/python3.12/site-packages/airflow/example_dags/example_python_operator.py
[2024-09-24T23:42:25.121+0000] {processor.py:925} INFO - DAG(s) 'example_python_operator' retrieved from /home/airflow/.local/lib/python3.12/site-packages/airflow/example_dags/example_python_operator.py
[2024-09-24T23:42:25.180+0000] {logging_mixin.py:190} INFO - [2024-09-24T23:42:25.179+0000] {dag.py:3239} INFO - Sync 1 DAGs
[2024-09-24T23:42:25.227+0000] {logging_mixin.py:190} INFO - [2024-09-24T23:42:25.226+0000] {dag.py:4180} INFO - Setting next_dagrun for example_python_operator to None, run_after=None
[2024-09-24T23:42:25.289+0000] {processor.py:208} INFO - Processing /home/airflow/.local/lib/python3.12/site-packages/airflow/example_dags/example_python_operator.py took 0.225 seconds
[2024-09-24T23:42:56.330+0000] {processor.py:186} INFO - Started process (PID=2916) to work on /home/airflow/.local/lib/python3.12/site-packages/airflow/example_dags/example_python_operator.py
[2024-09-24T23:42:56.332+0000] {processor.py:914} INFO - Processing file /home/airflow/.local/lib/python3.12/site-packages/airflow/example_dags/example_python_operator.py for tasks to queue
[2024-09-24T23:42:56.337+0000] {logging_mixin.py:190} INFO - [2024-09-24T23:42:56.336+0000] {dagbag.py:588} INFO - Filling up the DagBag from /home/airflow/.local/lib/python3.12/site-packages/airflow/example_dags/example_python_operator.py
[2024-09-24T23:42:56.368+0000] {processor.py:925} INFO - DAG(s) 'example_python_operator' retrieved from /home/airflow/.local/lib/python3.12/site-packages/airflow/example_dags/example_python_operator.py
[2024-09-24T23:42:56.423+0000] {logging_mixin.py:190} INFO - [2024-09-24T23:42:56.423+0000] {dag.py:3239} INFO - Sync 1 DAGs
[2024-09-24T23:42:56.505+0000] {logging_mixin.py:190} INFO - [2024-09-24T23:42:56.505+0000] {dag.py:4180} INFO - Setting next_dagrun for example_python_operator to None, run_after=None
[2024-09-24T23:42:56.585+0000] {processor.py:208} INFO - Processing /home/airflow/.local/lib/python3.12/site-packages/airflow/example_dags/example_python_operator.py took 0.268 seconds
[2024-09-24T23:43:26.783+0000] {processor.py:186} INFO - Started process (PID=3199) to work on /home/airflow/.local/lib/python3.12/site-packages/airflow/example_dags/example_python_operator.py
[2024-09-24T23:43:26.785+0000] {processor.py:914} INFO - Processing file /home/airflow/.local/lib/python3.12/site-packages/airflow/example_dags/example_python_operator.py for tasks to queue
[2024-09-24T23:43:26.790+0000] {logging_mixin.py:190} INFO - [2024-09-24T23:43:26.789+0000] {dagbag.py:588} INFO - Filling up the DagBag from /home/airflow/.local/lib/python3.12/site-packages/airflow/example_dags/example_python_operator.py
[2024-09-24T23:43:26.814+0000] {processor.py:925} INFO - DAG(s) 'example_python_operator' retrieved from /home/airflow/.local/lib/python3.12/site-packages/airflow/example_dags/example_python_operator.py
[2024-09-24T23:43:26.861+0000] {logging_mixin.py:190} INFO - [2024-09-24T23:43:26.860+0000] {dag.py:3239} INFO - Sync 1 DAGs
[2024-09-24T23:43:26.900+0000] {logging_mixin.py:190} INFO - [2024-09-24T23:43:26.899+0000] {dag.py:4180} INFO - Setting next_dagrun for example_python_operator to None, run_after=None
[2024-09-24T23:43:26.947+0000] {processor.py:208} INFO - Processing /home/airflow/.local/lib/python3.12/site-packages/airflow/example_dags/example_python_operator.py took 0.174 seconds
[2024-09-24T23:43:57.418+0000] {processor.py:186} INFO - Started process (PID=3485) to work on /home/airflow/.local/lib/python3.12/site-packages/airflow/example_dags/example_python_operator.py
[2024-09-24T23:43:57.420+0000] {processor.py:914} INFO - Processing file /home/airflow/.local/lib/python3.12/site-packages/airflow/example_dags/example_python_operator.py for tasks to queue
[2024-09-24T23:43:57.424+0000] {logging_mixin.py:190} INFO - [2024-09-24T23:43:57.423+0000] {dagbag.py:588} INFO - Filling up the DagBag from /home/airflow/.local/lib/python3.12/site-packages/airflow/example_dags/example_python_operator.py
[2024-09-24T23:43:57.444+0000] {processor.py:925} INFO - DAG(s) 'example_python_operator' retrieved from /home/airflow/.local/lib/python3.12/site-packages/airflow/example_dags/example_python_operator.py
[2024-09-24T23:43:57.482+0000] {logging_mixin.py:190} INFO - [2024-09-24T23:43:57.482+0000] {dag.py:3239} INFO - Sync 1 DAGs
[2024-09-24T23:43:57.516+0000] {logging_mixin.py:190} INFO - [2024-09-24T23:43:57.515+0000] {dag.py:4180} INFO - Setting next_dagrun for example_python_operator to None, run_after=None
[2024-09-24T23:43:57.554+0000] {processor.py:208} INFO - Processing /home/airflow/.local/lib/python3.12/site-packages/airflow/example_dags/example_python_operator.py took 0.144 seconds
[2024-09-24T23:44:27.847+0000] {processor.py:186} INFO - Started process (PID=3771) to work on /home/airflow/.local/lib/python3.12/site-packages/airflow/example_dags/example_python_operator.py
[2024-09-24T23:44:27.850+0000] {processor.py:914} INFO - Processing file /home/airflow/.local/lib/python3.12/site-packages/airflow/example_dags/example_python_operator.py for tasks to queue
[2024-09-24T23:44:27.865+0000] {logging_mixin.py:190} INFO - [2024-09-24T23:44:27.864+0000] {dagbag.py:588} INFO - Filling up the DagBag from /home/airflow/.local/lib/python3.12/site-packages/airflow/example_dags/example_python_operator.py
[2024-09-24T23:44:27.923+0000] {processor.py:925} INFO - DAG(s) 'example_python_operator' retrieved from /home/airflow/.local/lib/python3.12/site-packages/airflow/example_dags/example_python_operator.py
[2024-09-24T23:44:28.001+0000] {logging_mixin.py:190} INFO - [2024-09-24T23:44:28.001+0000] {dag.py:3239} INFO - Sync 1 DAGs
[2024-09-24T23:44:28.064+0000] {logging_mixin.py:190} INFO - [2024-09-24T23:44:28.063+0000] {dag.py:4180} INFO - Setting next_dagrun for example_python_operator to None, run_after=None
[2024-09-24T23:44:28.172+0000] {processor.py:208} INFO - Processing /home/airflow/.local/lib/python3.12/site-packages/airflow/example_dags/example_python_operator.py took 0.348 seconds
[2024-09-24T23:44:59.169+0000] {processor.py:186} INFO - Started process (PID=4057) to work on /home/airflow/.local/lib/python3.12/site-packages/airflow/example_dags/example_python_operator.py
[2024-09-24T23:44:59.172+0000] {processor.py:914} INFO - Processing file /home/airflow/.local/lib/python3.12/site-packages/airflow/example_dags/example_python_operator.py for tasks to queue
[2024-09-24T23:44:59.176+0000] {logging_mixin.py:190} INFO - [2024-09-24T23:44:59.175+0000] {dagbag.py:588} INFO - Filling up the DagBag from /home/airflow/.local/lib/python3.12/site-packages/airflow/example_dags/example_python_operator.py
[2024-09-24T23:44:59.198+0000] {processor.py:925} INFO - DAG(s) 'example_python_operator' retrieved from /home/airflow/.local/lib/python3.12/site-packages/airflow/example_dags/example_python_operator.py
[2024-09-24T23:44:59.234+0000] {logging_mixin.py:190} INFO - [2024-09-24T23:44:59.234+0000] {dag.py:3239} INFO - Sync 1 DAGs
[2024-09-24T23:44:59.262+0000] {logging_mixin.py:190} INFO - [2024-09-24T23:44:59.261+0000] {dag.py:4180} INFO - Setting next_dagrun for example_python_operator to None, run_after=None
[2024-09-24T23:44:59.298+0000] {processor.py:208} INFO - Processing /home/airflow/.local/lib/python3.12/site-packages/airflow/example_dags/example_python_operator.py took 0.137 seconds
[2024-09-24T23:45:29.719+0000] {processor.py:186} INFO - Started process (PID=4341) to work on /home/airflow/.local/lib/python3.12/site-packages/airflow/example_dags/example_python_operator.py
[2024-09-24T23:45:29.722+0000] {processor.py:914} INFO - Processing file /home/airflow/.local/lib/python3.12/site-packages/airflow/example_dags/example_python_operator.py for tasks to queue
[2024-09-24T23:45:29.728+0000] {logging_mixin.py:190} INFO - [2024-09-24T23:45:29.727+0000] {dagbag.py:588} INFO - Filling up the DagBag from /home/airflow/.local/lib/python3.12/site-packages/airflow/example_dags/example_python_operator.py
[2024-09-24T23:45:29.761+0000] {processor.py:925} INFO - DAG(s) 'example_python_operator' retrieved from /home/airflow/.local/lib/python3.12/site-packages/airflow/example_dags/example_python_operator.py
[2024-09-24T23:45:29.820+0000] {logging_mixin.py:190} INFO - [2024-09-24T23:45:29.819+0000] {dag.py:3239} INFO - Sync 1 DAGs
[2024-09-24T23:45:29.869+0000] {logging_mixin.py:190} INFO - [2024-09-24T23:45:29.868+0000] {dag.py:4180} INFO - Setting next_dagrun for example_python_operator to None, run_after=None
[2024-09-24T23:45:29.966+0000] {processor.py:208} INFO - Processing /home/airflow/.local/lib/python3.12/site-packages/airflow/example_dags/example_python_operator.py took 0.261 seconds
[2024-09-24T23:46:00.691+0000] {processor.py:186} INFO - Started process (PID=4627) to work on /home/airflow/.local/lib/python3.12/site-packages/airflow/example_dags/example_python_operator.py
[2024-09-24T23:46:00.695+0000] {processor.py:914} INFO - Processing file /home/airflow/.local/lib/python3.12/site-packages/airflow/example_dags/example_python_operator.py for tasks to queue
[2024-09-24T23:46:00.701+0000] {logging_mixin.py:190} INFO - [2024-09-24T23:46:00.700+0000] {dagbag.py:588} INFO - Filling up the DagBag from /home/airflow/.local/lib/python3.12/site-packages/airflow/example_dags/example_python_operator.py
[2024-09-24T23:46:00.744+0000] {processor.py:925} INFO - DAG(s) 'example_python_operator' retrieved from /home/airflow/.local/lib/python3.12/site-packages/airflow/example_dags/example_python_operator.py
[2024-09-24T23:46:00.847+0000] {logging_mixin.py:190} INFO - [2024-09-24T23:46:00.846+0000] {dag.py:3239} INFO - Sync 1 DAGs
[2024-09-24T23:46:00.909+0000] {logging_mixin.py:190} INFO - [2024-09-24T23:46:00.908+0000] {dag.py:4180} INFO - Setting next_dagrun for example_python_operator to None, run_after=None
[2024-09-24T23:46:00.970+0000] {processor.py:208} INFO - Processing /home/airflow/.local/lib/python3.12/site-packages/airflow/example_dags/example_python_operator.py took 0.299 seconds
[2024-09-24T23:46:31.860+0000] {processor.py:186} INFO - Started process (PID=4919) to work on /home/airflow/.local/lib/python3.12/site-packages/airflow/example_dags/example_python_operator.py
[2024-09-24T23:46:31.863+0000] {processor.py:914} INFO - Processing file /home/airflow/.local/lib/python3.12/site-packages/airflow/example_dags/example_python_operator.py for tasks to queue
[2024-09-24T23:46:31.870+0000] {logging_mixin.py:190} INFO - [2024-09-24T23:46:31.869+0000] {dagbag.py:588} INFO - Filling up the DagBag from /home/airflow/.local/lib/python3.12/site-packages/airflow/example_dags/example_python_operator.py
[2024-09-24T23:46:31.945+0000] {processor.py:925} INFO - DAG(s) 'example_python_operator' retrieved from /home/airflow/.local/lib/python3.12/site-packages/airflow/example_dags/example_python_operator.py
[2024-09-24T23:46:32.036+0000] {logging_mixin.py:190} INFO - [2024-09-24T23:46:32.035+0000] {dag.py:3239} INFO - Sync 1 DAGs
[2024-09-24T23:46:32.085+0000] {logging_mixin.py:190} INFO - [2024-09-24T23:46:32.085+0000] {dag.py:4180} INFO - Setting next_dagrun for example_python_operator to None, run_after=None
[2024-09-24T23:46:32.144+0000] {processor.py:208} INFO - Processing /home/airflow/.local/lib/python3.12/site-packages/airflow/example_dags/example_python_operator.py took 0.299 seconds
[2024-09-24T23:47:02.852+0000] {processor.py:186} INFO - Started process (PID=5202) to work on /home/airflow/.local/lib/python3.12/site-packages/airflow/example_dags/example_python_operator.py
[2024-09-24T23:47:02.854+0000] {processor.py:914} INFO - Processing file /home/airflow/.local/lib/python3.12/site-packages/airflow/example_dags/example_python_operator.py for tasks to queue
[2024-09-24T23:47:02.860+0000] {logging_mixin.py:190} INFO - [2024-09-24T23:47:02.859+0000] {dagbag.py:588} INFO - Filling up the DagBag from /home/airflow/.local/lib/python3.12/site-packages/airflow/example_dags/example_python_operator.py
[2024-09-24T23:47:02.886+0000] {processor.py:925} INFO - DAG(s) 'example_python_operator' retrieved from /home/airflow/.local/lib/python3.12/site-packages/airflow/example_dags/example_python_operator.py
[2024-09-24T23:47:02.948+0000] {logging_mixin.py:190} INFO - [2024-09-24T23:47:02.947+0000] {dag.py:3239} INFO - Sync 1 DAGs
[2024-09-24T23:47:02.982+0000] {logging_mixin.py:190} INFO - [2024-09-24T23:47:02.981+0000] {dag.py:4180} INFO - Setting next_dagrun for example_python_operator to None, run_after=None
[2024-09-24T23:47:03.026+0000] {processor.py:208} INFO - Processing /home/airflow/.local/lib/python3.12/site-packages/airflow/example_dags/example_python_operator.py took 0.189 seconds
[2024-09-24T23:47:33.502+0000] {processor.py:186} INFO - Started process (PID=5486) to work on /home/airflow/.local/lib/python3.12/site-packages/airflow/example_dags/example_python_operator.py
[2024-09-24T23:47:33.507+0000] {processor.py:914} INFO - Processing file /home/airflow/.local/lib/python3.12/site-packages/airflow/example_dags/example_python_operator.py for tasks to queue
[2024-09-24T23:47:33.513+0000] {logging_mixin.py:190} INFO - [2024-09-24T23:47:33.512+0000] {dagbag.py:588} INFO - Filling up the DagBag from /home/airflow/.local/lib/python3.12/site-packages/airflow/example_dags/example_python_operator.py
[2024-09-24T23:47:33.548+0000] {processor.py:925} INFO - DAG(s) 'example_python_operator' retrieved from /home/airflow/.local/lib/python3.12/site-packages/airflow/example_dags/example_python_operator.py
[2024-09-24T23:47:33.607+0000] {logging_mixin.py:190} INFO - [2024-09-24T23:47:33.606+0000] {dag.py:3239} INFO - Sync 1 DAGs
[2024-09-24T23:47:33.651+0000] {logging_mixin.py:190} INFO - [2024-09-24T23:47:33.651+0000] {dag.py:4180} INFO - Setting next_dagrun for example_python_operator to None, run_after=None
[2024-09-24T23:47:33.714+0000] {processor.py:208} INFO - Processing /home/airflow/.local/lib/python3.12/site-packages/airflow/example_dags/example_python_operator.py took 0.235 seconds
[2024-09-24T23:48:04.055+0000] {processor.py:186} INFO - Started process (PID=5769) to work on /home/airflow/.local/lib/python3.12/site-packages/airflow/example_dags/example_python_operator.py
[2024-09-24T23:48:04.057+0000] {processor.py:914} INFO - Processing file /home/airflow/.local/lib/python3.12/site-packages/airflow/example_dags/example_python_operator.py for tasks to queue
[2024-09-24T23:48:04.061+0000] {logging_mixin.py:190} INFO - [2024-09-24T23:48:04.060+0000] {dagbag.py:588} INFO - Filling up the DagBag from /home/airflow/.local/lib/python3.12/site-packages/airflow/example_dags/example_python_operator.py
[2024-09-24T23:48:04.085+0000] {processor.py:925} INFO - DAG(s) 'example_python_operator' retrieved from /home/airflow/.local/lib/python3.12/site-packages/airflow/example_dags/example_python_operator.py
[2024-09-24T23:48:04.132+0000] {logging_mixin.py:190} INFO - [2024-09-24T23:48:04.132+0000] {dag.py:3239} INFO - Sync 1 DAGs
[2024-09-24T23:48:04.164+0000] {logging_mixin.py:190} INFO - [2024-09-24T23:48:04.163+0000] {dag.py:4180} INFO - Setting next_dagrun for example_python_operator to None, run_after=None
[2024-09-24T23:48:04.201+0000] {processor.py:208} INFO - Processing /home/airflow/.local/lib/python3.12/site-packages/airflow/example_dags/example_python_operator.py took 0.158 seconds
[2024-09-24T23:48:34.394+0000] {processor.py:186} INFO - Started process (PID=6055) to work on /home/airflow/.local/lib/python3.12/site-packages/airflow/example_dags/example_python_operator.py
[2024-09-24T23:48:34.396+0000] {processor.py:914} INFO - Processing file /home/airflow/.local/lib/python3.12/site-packages/airflow/example_dags/example_python_operator.py for tasks to queue
[2024-09-24T23:48:34.401+0000] {logging_mixin.py:190} INFO - [2024-09-24T23:48:34.400+0000] {dagbag.py:588} INFO - Filling up the DagBag from /home/airflow/.local/lib/python3.12/site-packages/airflow/example_dags/example_python_operator.py
[2024-09-24T23:48:34.435+0000] {processor.py:925} INFO - DAG(s) 'example_python_operator' retrieved from /home/airflow/.local/lib/python3.12/site-packages/airflow/example_dags/example_python_operator.py
[2024-09-24T23:48:34.508+0000] {logging_mixin.py:190} INFO - [2024-09-24T23:48:34.507+0000] {dag.py:3239} INFO - Sync 1 DAGs
[2024-09-24T23:48:34.561+0000] {logging_mixin.py:190} INFO - [2024-09-24T23:48:34.560+0000] {dag.py:4180} INFO - Setting next_dagrun for example_python_operator to None, run_after=None
[2024-09-24T23:48:34.644+0000] {processor.py:208} INFO - Processing /home/airflow/.local/lib/python3.12/site-packages/airflow/example_dags/example_python_operator.py took 0.263 seconds
[2024-09-24T23:49:05.172+0000] {processor.py:186} INFO - Started process (PID=6341) to work on /home/airflow/.local/lib/python3.12/site-packages/airflow/example_dags/example_python_operator.py
[2024-09-24T23:49:05.174+0000] {processor.py:914} INFO - Processing file /home/airflow/.local/lib/python3.12/site-packages/airflow/example_dags/example_python_operator.py for tasks to queue
[2024-09-24T23:49:05.178+0000] {logging_mixin.py:190} INFO - [2024-09-24T23:49:05.177+0000] {dagbag.py:588} INFO - Filling up the DagBag from /home/airflow/.local/lib/python3.12/site-packages/airflow/example_dags/example_python_operator.py
[2024-09-24T23:49:05.198+0000] {processor.py:925} INFO - DAG(s) 'example_python_operator' retrieved from /home/airflow/.local/lib/python3.12/site-packages/airflow/example_dags/example_python_operator.py
[2024-09-24T23:49:05.236+0000] {logging_mixin.py:190} INFO - [2024-09-24T23:49:05.235+0000] {dag.py:3239} INFO - Sync 1 DAGs
[2024-09-24T23:49:05.260+0000] {logging_mixin.py:190} INFO - [2024-09-24T23:49:05.260+0000] {dag.py:4180} INFO - Setting next_dagrun for example_python_operator to None, run_after=None
[2024-09-24T23:49:05.294+0000] {processor.py:208} INFO - Processing /home/airflow/.local/lib/python3.12/site-packages/airflow/example_dags/example_python_operator.py took 0.132 seconds
[2024-09-24T23:49:36.211+0000] {processor.py:186} INFO - Started process (PID=6625) to work on /home/airflow/.local/lib/python3.12/site-packages/airflow/example_dags/example_python_operator.py
[2024-09-24T23:49:36.219+0000] {processor.py:914} INFO - Processing file /home/airflow/.local/lib/python3.12/site-packages/airflow/example_dags/example_python_operator.py for tasks to queue
[2024-09-24T23:49:36.223+0000] {logging_mixin.py:190} INFO - [2024-09-24T23:49:36.222+0000] {dagbag.py:588} INFO - Filling up the DagBag from /home/airflow/.local/lib/python3.12/site-packages/airflow/example_dags/example_python_operator.py
[2024-09-24T23:49:36.255+0000] {processor.py:925} INFO - DAG(s) 'example_python_operator' retrieved from /home/airflow/.local/lib/python3.12/site-packages/airflow/example_dags/example_python_operator.py
[2024-09-24T23:49:36.353+0000] {logging_mixin.py:190} INFO - [2024-09-24T23:49:36.352+0000] {dag.py:3239} INFO - Sync 1 DAGs
[2024-09-24T23:49:36.407+0000] {logging_mixin.py:190} INFO - [2024-09-24T23:49:36.406+0000] {dag.py:4180} INFO - Setting next_dagrun for example_python_operator to None, run_after=None
[2024-09-24T23:49:36.463+0000] {processor.py:208} INFO - Processing /home/airflow/.local/lib/python3.12/site-packages/airflow/example_dags/example_python_operator.py took 0.265 seconds
[2024-09-24T23:50:06.841+0000] {processor.py:186} INFO - Started process (PID=6911) to work on /home/airflow/.local/lib/python3.12/site-packages/airflow/example_dags/example_python_operator.py
[2024-09-24T23:50:06.844+0000] {processor.py:914} INFO - Processing file /home/airflow/.local/lib/python3.12/site-packages/airflow/example_dags/example_python_operator.py for tasks to queue
[2024-09-24T23:50:06.850+0000] {logging_mixin.py:190} INFO - [2024-09-24T23:50:06.849+0000] {dagbag.py:588} INFO - Filling up the DagBag from /home/airflow/.local/lib/python3.12/site-packages/airflow/example_dags/example_python_operator.py
[2024-09-24T23:50:06.886+0000] {processor.py:925} INFO - DAG(s) 'example_python_operator' retrieved from /home/airflow/.local/lib/python3.12/site-packages/airflow/example_dags/example_python_operator.py
[2024-09-24T23:50:06.938+0000] {logging_mixin.py:190} INFO - [2024-09-24T23:50:06.937+0000] {dag.py:3239} INFO - Sync 1 DAGs
[2024-09-24T23:50:06.977+0000] {logging_mixin.py:190} INFO - [2024-09-24T23:50:06.977+0000] {dag.py:4180} INFO - Setting next_dagrun for example_python_operator to None, run_after=None
[2024-09-24T23:50:07.020+0000] {processor.py:208} INFO - Processing /home/airflow/.local/lib/python3.12/site-packages/airflow/example_dags/example_python_operator.py took 0.199 seconds
[2024-09-24T23:50:37.677+0000] {processor.py:186} INFO - Started process (PID=7199) to work on /home/airflow/.local/lib/python3.12/site-packages/airflow/example_dags/example_python_operator.py
[2024-09-24T23:50:37.682+0000] {processor.py:914} INFO - Processing file /home/airflow/.local/lib/python3.12/site-packages/airflow/example_dags/example_python_operator.py for tasks to queue
[2024-09-24T23:50:37.689+0000] {logging_mixin.py:190} INFO - [2024-09-24T23:50:37.688+0000] {dagbag.py:588} INFO - Filling up the DagBag from /home/airflow/.local/lib/python3.12/site-packages/airflow/example_dags/example_python_operator.py
[2024-09-24T23:50:37.723+0000] {processor.py:925} INFO - DAG(s) 'example_python_operator' retrieved from /home/airflow/.local/lib/python3.12/site-packages/airflow/example_dags/example_python_operator.py
[2024-09-24T23:50:37.775+0000] {logging_mixin.py:190} INFO - [2024-09-24T23:50:37.774+0000] {dag.py:3239} INFO - Sync 1 DAGs
[2024-09-24T23:50:37.799+0000] {logging_mixin.py:190} INFO - [2024-09-24T23:50:37.799+0000] {dag.py:4180} INFO - Setting next_dagrun for example_python_operator to None, run_after=None
[2024-09-24T23:50:37.853+0000] {processor.py:208} INFO - Processing /home/airflow/.local/lib/python3.12/site-packages/airflow/example_dags/example_python_operator.py took 0.195 seconds
[2024-09-24T23:51:08.110+0000] {processor.py:186} INFO - Started process (PID=7483) to work on /home/airflow/.local/lib/python3.12/site-packages/airflow/example_dags/example_python_operator.py
[2024-09-24T23:51:08.112+0000] {processor.py:914} INFO - Processing file /home/airflow/.local/lib/python3.12/site-packages/airflow/example_dags/example_python_operator.py for tasks to queue
[2024-09-24T23:51:08.117+0000] {logging_mixin.py:190} INFO - [2024-09-24T23:51:08.116+0000] {dagbag.py:588} INFO - Filling up the DagBag from /home/airflow/.local/lib/python3.12/site-packages/airflow/example_dags/example_python_operator.py
[2024-09-24T23:51:08.142+0000] {processor.py:925} INFO - DAG(s) 'example_python_operator' retrieved from /home/airflow/.local/lib/python3.12/site-packages/airflow/example_dags/example_python_operator.py
[2024-09-24T23:51:08.193+0000] {logging_mixin.py:190} INFO - [2024-09-24T23:51:08.193+0000] {dag.py:3239} INFO - Sync 1 DAGs
[2024-09-24T23:51:08.226+0000] {logging_mixin.py:190} INFO - [2024-09-24T23:51:08.225+0000] {dag.py:4180} INFO - Setting next_dagrun for example_python_operator to None, run_after=None
[2024-09-24T23:51:08.266+0000] {processor.py:208} INFO - Processing /home/airflow/.local/lib/python3.12/site-packages/airflow/example_dags/example_python_operator.py took 0.167 seconds
[2024-09-24T23:51:38.670+0000] {processor.py:186} INFO - Started process (PID=7764) to work on /home/airflow/.local/lib/python3.12/site-packages/airflow/example_dags/example_python_operator.py
[2024-09-24T23:51:38.673+0000] {processor.py:914} INFO - Processing file /home/airflow/.local/lib/python3.12/site-packages/airflow/example_dags/example_python_operator.py for tasks to queue
[2024-09-24T23:51:38.678+0000] {logging_mixin.py:190} INFO - [2024-09-24T23:51:38.677+0000] {dagbag.py:588} INFO - Filling up the DagBag from /home/airflow/.local/lib/python3.12/site-packages/airflow/example_dags/example_python_operator.py
[2024-09-24T23:51:38.720+0000] {processor.py:925} INFO - DAG(s) 'example_python_operator' retrieved from /home/airflow/.local/lib/python3.12/site-packages/airflow/example_dags/example_python_operator.py
[2024-09-24T23:51:38.789+0000] {logging_mixin.py:190} INFO - [2024-09-24T23:51:38.788+0000] {dag.py:3239} INFO - Sync 1 DAGs
[2024-09-24T23:51:38.826+0000] {logging_mixin.py:190} INFO - [2024-09-24T23:51:38.826+0000] {dag.py:4180} INFO - Setting next_dagrun for example_python_operator to None, run_after=None
[2024-09-24T23:51:38.872+0000] {processor.py:208} INFO - Processing /home/airflow/.local/lib/python3.12/site-packages/airflow/example_dags/example_python_operator.py took 0.218 seconds
[2024-09-24T23:52:09.195+0000] {processor.py:186} INFO - Started process (PID=8053) to work on /home/airflow/.local/lib/python3.12/site-packages/airflow/example_dags/example_python_operator.py
[2024-09-24T23:52:09.197+0000] {processor.py:914} INFO - Processing file /home/airflow/.local/lib/python3.12/site-packages/airflow/example_dags/example_python_operator.py for tasks to queue
[2024-09-24T23:52:09.202+0000] {logging_mixin.py:190} INFO - [2024-09-24T23:52:09.201+0000] {dagbag.py:588} INFO - Filling up the DagBag from /home/airflow/.local/lib/python3.12/site-packages/airflow/example_dags/example_python_operator.py
[2024-09-24T23:52:09.227+0000] {processor.py:925} INFO - DAG(s) 'example_python_operator' retrieved from /home/airflow/.local/lib/python3.12/site-packages/airflow/example_dags/example_python_operator.py
[2024-09-24T23:52:09.277+0000] {logging_mixin.py:190} INFO - [2024-09-24T23:52:09.277+0000] {dag.py:3239} INFO - Sync 1 DAGs
[2024-09-24T23:52:09.308+0000] {logging_mixin.py:190} INFO - [2024-09-24T23:52:09.308+0000] {dag.py:4180} INFO - Setting next_dagrun for example_python_operator to None, run_after=None
[2024-09-24T23:52:09.348+0000] {processor.py:208} INFO - Processing /home/airflow/.local/lib/python3.12/site-packages/airflow/example_dags/example_python_operator.py took 0.165 seconds
[2024-09-24T23:52:40.004+0000] {processor.py:186} INFO - Started process (PID=8339) to work on /home/airflow/.local/lib/python3.12/site-packages/airflow/example_dags/example_python_operator.py
[2024-09-24T23:52:40.005+0000] {processor.py:914} INFO - Processing file /home/airflow/.local/lib/python3.12/site-packages/airflow/example_dags/example_python_operator.py for tasks to queue
[2024-09-24T23:52:40.010+0000] {logging_mixin.py:190} INFO - [2024-09-24T23:52:40.009+0000] {dagbag.py:588} INFO - Filling up the DagBag from /home/airflow/.local/lib/python3.12/site-packages/airflow/example_dags/example_python_operator.py
[2024-09-24T23:52:40.032+0000] {processor.py:925} INFO - DAG(s) 'example_python_operator' retrieved from /home/airflow/.local/lib/python3.12/site-packages/airflow/example_dags/example_python_operator.py
[2024-09-24T23:52:40.078+0000] {logging_mixin.py:190} INFO - [2024-09-24T23:52:40.078+0000] {dag.py:3239} INFO - Sync 1 DAGs
[2024-09-24T23:52:40.112+0000] {logging_mixin.py:190} INFO - [2024-09-24T23:52:40.112+0000] {dag.py:4180} INFO - Setting next_dagrun for example_python_operator to None, run_after=None
[2024-09-24T23:52:40.153+0000] {processor.py:208} INFO - Processing /home/airflow/.local/lib/python3.12/site-packages/airflow/example_dags/example_python_operator.py took 0.159 seconds
[2024-09-24T23:53:10.810+0000] {processor.py:186} INFO - Started process (PID=8623) to work on /home/airflow/.local/lib/python3.12/site-packages/airflow/example_dags/example_python_operator.py
[2024-09-24T23:53:10.812+0000] {processor.py:914} INFO - Processing file /home/airflow/.local/lib/python3.12/site-packages/airflow/example_dags/example_python_operator.py for tasks to queue
[2024-09-24T23:53:10.826+0000] {logging_mixin.py:190} INFO - [2024-09-24T23:53:10.825+0000] {dagbag.py:588} INFO - Filling up the DagBag from /home/airflow/.local/lib/python3.12/site-packages/airflow/example_dags/example_python_operator.py
[2024-09-24T23:53:10.933+0000] {processor.py:925} INFO - DAG(s) 'example_python_operator' retrieved from /home/airflow/.local/lib/python3.12/site-packages/airflow/example_dags/example_python_operator.py
[2024-09-24T23:53:11.043+0000] {logging_mixin.py:190} INFO - [2024-09-24T23:53:11.042+0000] {dag.py:3239} INFO - Sync 1 DAGs
[2024-09-24T23:53:11.096+0000] {logging_mixin.py:190} INFO - [2024-09-24T23:53:11.095+0000] {dag.py:4180} INFO - Setting next_dagrun for example_python_operator to None, run_after=None
[2024-09-24T23:53:11.165+0000] {processor.py:208} INFO - Processing /home/airflow/.local/lib/python3.12/site-packages/airflow/example_dags/example_python_operator.py took 0.373 seconds
[2024-09-24T23:53:41.810+0000] {processor.py:186} INFO - Started process (PID=8911) to work on /home/airflow/.local/lib/python3.12/site-packages/airflow/example_dags/example_python_operator.py
[2024-09-24T23:53:41.811+0000] {processor.py:914} INFO - Processing file /home/airflow/.local/lib/python3.12/site-packages/airflow/example_dags/example_python_operator.py for tasks to queue
[2024-09-24T23:53:41.815+0000] {logging_mixin.py:190} INFO - [2024-09-24T23:53:41.814+0000] {dagbag.py:588} INFO - Filling up the DagBag from /home/airflow/.local/lib/python3.12/site-packages/airflow/example_dags/example_python_operator.py
[2024-09-24T23:53:41.835+0000] {processor.py:925} INFO - DAG(s) 'example_python_operator' retrieved from /home/airflow/.local/lib/python3.12/site-packages/airflow/example_dags/example_python_operator.py
[2024-09-24T23:53:41.876+0000] {logging_mixin.py:190} INFO - [2024-09-24T23:53:41.876+0000] {dag.py:3239} INFO - Sync 1 DAGs
[2024-09-24T23:53:41.911+0000] {logging_mixin.py:190} INFO - [2024-09-24T23:53:41.911+0000] {dag.py:4180} INFO - Setting next_dagrun for example_python_operator to None, run_after=None
[2024-09-24T23:53:41.957+0000] {processor.py:208} INFO - Processing /home/airflow/.local/lib/python3.12/site-packages/airflow/example_dags/example_python_operator.py took 0.157 seconds
[2024-09-24T23:54:12.441+0000] {processor.py:186} INFO - Started process (PID=9195) to work on /home/airflow/.local/lib/python3.12/site-packages/airflow/example_dags/example_python_operator.py
[2024-09-24T23:54:12.443+0000] {processor.py:914} INFO - Processing file /home/airflow/.local/lib/python3.12/site-packages/airflow/example_dags/example_python_operator.py for tasks to queue
[2024-09-24T23:54:12.447+0000] {logging_mixin.py:190} INFO - [2024-09-24T23:54:12.446+0000] {dagbag.py:588} INFO - Filling up the DagBag from /home/airflow/.local/lib/python3.12/site-packages/airflow/example_dags/example_python_operator.py
[2024-09-24T23:54:12.468+0000] {processor.py:925} INFO - DAG(s) 'example_python_operator' retrieved from /home/airflow/.local/lib/python3.12/site-packages/airflow/example_dags/example_python_operator.py
[2024-09-24T23:54:12.513+0000] {logging_mixin.py:190} INFO - [2024-09-24T23:54:12.512+0000] {dag.py:3239} INFO - Sync 1 DAGs
[2024-09-24T23:54:12.546+0000] {logging_mixin.py:190} INFO - [2024-09-24T23:54:12.546+0000] {dag.py:4180} INFO - Setting next_dagrun for example_python_operator to None, run_after=None
[2024-09-24T23:54:12.589+0000] {processor.py:208} INFO - Processing /home/airflow/.local/lib/python3.12/site-packages/airflow/example_dags/example_python_operator.py took 0.158 seconds
[2024-09-24T23:54:43.142+0000] {processor.py:186} INFO - Started process (PID=9481) to work on /home/airflow/.local/lib/python3.12/site-packages/airflow/example_dags/example_python_operator.py
[2024-09-24T23:54:43.144+0000] {processor.py:914} INFO - Processing file /home/airflow/.local/lib/python3.12/site-packages/airflow/example_dags/example_python_operator.py for tasks to queue
[2024-09-24T23:54:43.148+0000] {logging_mixin.py:190} INFO - [2024-09-24T23:54:43.148+0000] {dagbag.py:588} INFO - Filling up the DagBag from /home/airflow/.local/lib/python3.12/site-packages/airflow/example_dags/example_python_operator.py
[2024-09-24T23:54:43.170+0000] {processor.py:925} INFO - DAG(s) 'example_python_operator' retrieved from /home/airflow/.local/lib/python3.12/site-packages/airflow/example_dags/example_python_operator.py
[2024-09-24T23:54:43.219+0000] {logging_mixin.py:190} INFO - [2024-09-24T23:54:43.219+0000] {dag.py:3239} INFO - Sync 1 DAGs
[2024-09-24T23:54:43.249+0000] {logging_mixin.py:190} INFO - [2024-09-24T23:54:43.249+0000] {dag.py:4180} INFO - Setting next_dagrun for example_python_operator to None, run_after=None
[2024-09-24T23:54:43.298+0000] {processor.py:208} INFO - Processing /home/airflow/.local/lib/python3.12/site-packages/airflow/example_dags/example_python_operator.py took 0.166 seconds
[2024-09-24T23:55:14.109+0000] {processor.py:186} INFO - Started process (PID=9767) to work on /home/airflow/.local/lib/python3.12/site-packages/airflow/example_dags/example_python_operator.py
[2024-09-24T23:55:14.114+0000] {processor.py:914} INFO - Processing file /home/airflow/.local/lib/python3.12/site-packages/airflow/example_dags/example_python_operator.py for tasks to queue
[2024-09-24T23:55:14.125+0000] {logging_mixin.py:190} INFO - [2024-09-24T23:55:14.124+0000] {dagbag.py:588} INFO - Filling up the DagBag from /home/airflow/.local/lib/python3.12/site-packages/airflow/example_dags/example_python_operator.py
[2024-09-24T23:55:14.178+0000] {processor.py:925} INFO - DAG(s) 'example_python_operator' retrieved from /home/airflow/.local/lib/python3.12/site-packages/airflow/example_dags/example_python_operator.py
[2024-09-24T23:55:14.271+0000] {logging_mixin.py:190} INFO - [2024-09-24T23:55:14.270+0000] {dag.py:3239} INFO - Sync 1 DAGs
[2024-09-24T23:55:14.330+0000] {logging_mixin.py:190} INFO - [2024-09-24T23:55:14.329+0000] {dag.py:4180} INFO - Setting next_dagrun for example_python_operator to None, run_after=None
[2024-09-24T23:55:14.387+0000] {processor.py:208} INFO - Processing /home/airflow/.local/lib/python3.12/site-packages/airflow/example_dags/example_python_operator.py took 0.309 seconds
[2024-09-24T23:55:48.786+0000] {processor.py:186} INFO - Started process (PID=10053) to work on /home/airflow/.local/lib/python3.12/site-packages/airflow/example_dags/example_python_operator.py
[2024-09-24T23:55:48.798+0000] {processor.py:914} INFO - Processing file /home/airflow/.local/lib/python3.12/site-packages/airflow/example_dags/example_python_operator.py for tasks to queue
[2024-09-24T23:55:48.816+0000] {logging_mixin.py:190} INFO - [2024-09-24T23:55:48.805+0000] {dagbag.py:588} INFO - Filling up the DagBag from /home/airflow/.local/lib/python3.12/site-packages/airflow/example_dags/example_python_operator.py
[2024-09-24T23:55:48.933+0000] {processor.py:925} INFO - DAG(s) 'example_python_operator' retrieved from /home/airflow/.local/lib/python3.12/site-packages/airflow/example_dags/example_python_operator.py
[2024-09-24T23:55:49.122+0000] {logging_mixin.py:190} INFO - [2024-09-24T23:55:49.121+0000] {dag.py:3239} INFO - Sync 1 DAGs
[2024-09-24T23:55:49.241+0000] {logging_mixin.py:190} INFO - [2024-09-24T23:55:49.240+0000] {dag.py:4180} INFO - Setting next_dagrun for example_python_operator to None, run_after=None
[2024-09-24T23:55:49.402+0000] {processor.py:208} INFO - Processing /home/airflow/.local/lib/python3.12/site-packages/airflow/example_dags/example_python_operator.py took 0.664 seconds
