[2024-09-24T23:38:04.460+0000] {processor.py:186} INFO - Started process (PID=306) to work on /home/airflow/.local/lib/python3.12/site-packages/airflow/example_dags/example_inlet_event_extra.py
[2024-09-24T23:38:04.463+0000] {processor.py:914} INFO - Processing file /home/airflow/.local/lib/python3.12/site-packages/airflow/example_dags/example_inlet_event_extra.py for tasks to queue
[2024-09-24T23:38:04.469+0000] {logging_mixin.py:190} INFO - [2024-09-24T23:38:04.468+0000] {dagbag.py:588} INFO - Filling up the DagBag from /home/airflow/.local/lib/python3.12/site-packages/airflow/example_dags/example_inlet_event_extra.py
[2024-09-24T23:38:08.044+0000] {processor.py:925} INFO - DAG(s) 'read_dataset_event', 'read_dataset_event_from_classic' retrieved from /home/airflow/.local/lib/python3.12/site-packages/airflow/example_dags/example_inlet_event_extra.py
[2024-09-24T23:38:09.326+0000] {logging_mixin.py:190} INFO - [2024-09-24T23:38:09.323+0000] {override.py:1900} INFO - Created Permission View: can edit on DAG:read_dataset_event
[2024-09-24T23:38:09.411+0000] {logging_mixin.py:190} INFO - [2024-09-24T23:38:09.410+0000] {override.py:1900} INFO - Created Permission View: can read on DAG:read_dataset_event
[2024-09-24T23:38:09.456+0000] {logging_mixin.py:190} INFO - [2024-09-24T23:38:09.455+0000] {override.py:1900} INFO - Created Permission View: can delete on DAG:read_dataset_event
[2024-09-24T23:38:09.497+0000] {logging_mixin.py:190} INFO - [2024-09-24T23:38:09.496+0000] {override.py:1900} INFO - Created Permission View: can read on DAG Run:read_dataset_event
[2024-09-24T23:38:09.541+0000] {logging_mixin.py:190} INFO - [2024-09-24T23:38:09.540+0000] {override.py:1900} INFO - Created Permission View: menu access on DAG Run:read_dataset_event
[2024-09-24T23:38:09.589+0000] {logging_mixin.py:190} INFO - [2024-09-24T23:38:09.588+0000] {override.py:1900} INFO - Created Permission View: can delete on DAG Run:read_dataset_event
[2024-09-24T23:38:09.648+0000] {logging_mixin.py:190} INFO - [2024-09-24T23:38:09.647+0000] {override.py:1900} INFO - Created Permission View: can create on DAG Run:read_dataset_event
[2024-09-24T23:38:09.729+0000] {logging_mixin.py:190} INFO - [2024-09-24T23:38:09.728+0000] {override.py:1900} INFO - Created Permission View: can edit on DAG:read_dataset_event_from_classic
[2024-09-24T23:38:09.753+0000] {logging_mixin.py:190} INFO - [2024-09-24T23:38:09.752+0000] {override.py:1900} INFO - Created Permission View: can read on DAG:read_dataset_event_from_classic
[2024-09-24T23:38:09.779+0000] {logging_mixin.py:190} INFO - [2024-09-24T23:38:09.778+0000] {override.py:1900} INFO - Created Permission View: can delete on DAG:read_dataset_event_from_classic
[2024-09-24T23:38:09.804+0000] {logging_mixin.py:190} INFO - [2024-09-24T23:38:09.803+0000] {override.py:1900} INFO - Created Permission View: can read on DAG Run:read_dataset_event_from_classic
[2024-09-24T23:38:09.828+0000] {logging_mixin.py:190} INFO - [2024-09-24T23:38:09.827+0000] {override.py:1900} INFO - Created Permission View: menu access on DAG Run:read_dataset_event_from_classic
[2024-09-24T23:38:09.855+0000] {logging_mixin.py:190} INFO - [2024-09-24T23:38:09.854+0000] {override.py:1900} INFO - Created Permission View: can delete on DAG Run:read_dataset_event_from_classic
[2024-09-24T23:38:09.880+0000] {logging_mixin.py:190} INFO - [2024-09-24T23:38:09.879+0000] {override.py:1900} INFO - Created Permission View: can create on DAG Run:read_dataset_event_from_classic
[2024-09-24T23:38:09.882+0000] {logging_mixin.py:190} INFO - [2024-09-24T23:38:09.882+0000] {dag.py:3239} INFO - Sync 2 DAGs
[2024-09-24T23:38:10.040+0000] {logging_mixin.py:190} INFO - [2024-09-24T23:38:10.040+0000] {dag.py:3262} INFO - Creating ORM DAG for read_dataset_event
[2024-09-24T23:38:10.044+0000] {logging_mixin.py:190} INFO - [2024-09-24T23:38:10.043+0000] {dag.py:3262} INFO - Creating ORM DAG for read_dataset_event_from_classic
[2024-09-24T23:38:10.081+0000] {logging_mixin.py:190} INFO - [2024-09-24T23:38:10.080+0000] {dag.py:4180} INFO - Setting next_dagrun for read_dataset_event to 2024-09-23 00:00:00+00:00, run_after=2024-09-24 00:00:00+00:00
[2024-09-24T23:38:10.087+0000] {logging_mixin.py:190} INFO - [2024-09-24T23:38:10.087+0000] {dag.py:4180} INFO - Setting next_dagrun for read_dataset_event_from_classic to 2024-09-23 00:00:00+00:00, run_after=2024-09-24 00:00:00+00:00
[2024-09-24T23:38:10.155+0000] {processor.py:208} INFO - Processing /home/airflow/.local/lib/python3.12/site-packages/airflow/example_dags/example_inlet_event_extra.py took 5.709 seconds
[2024-09-24T23:38:40.310+0000] {processor.py:186} INFO - Started process (PID=599) to work on /home/airflow/.local/lib/python3.12/site-packages/airflow/example_dags/example_inlet_event_extra.py
[2024-09-24T23:38:40.312+0000] {processor.py:914} INFO - Processing file /home/airflow/.local/lib/python3.12/site-packages/airflow/example_dags/example_inlet_event_extra.py for tasks to queue
[2024-09-24T23:38:40.318+0000] {logging_mixin.py:190} INFO - [2024-09-24T23:38:40.317+0000] {dagbag.py:588} INFO - Filling up the DagBag from /home/airflow/.local/lib/python3.12/site-packages/airflow/example_dags/example_inlet_event_extra.py
[2024-09-24T23:38:40.611+0000] {processor.py:925} INFO - DAG(s) 'read_dataset_event', 'read_dataset_event_from_classic' retrieved from /home/airflow/.local/lib/python3.12/site-packages/airflow/example_dags/example_inlet_event_extra.py
[2024-09-24T23:38:40.662+0000] {logging_mixin.py:190} INFO - [2024-09-24T23:38:40.662+0000] {dag.py:3239} INFO - Sync 2 DAGs
[2024-09-24T23:38:40.720+0000] {logging_mixin.py:190} INFO - [2024-09-24T23:38:40.719+0000] {dag.py:4180} INFO - Setting next_dagrun for read_dataset_event to 2024-09-23 00:00:00+00:00, run_after=2024-09-24 00:00:00+00:00
[2024-09-24T23:38:40.733+0000] {logging_mixin.py:190} INFO - [2024-09-24T23:38:40.733+0000] {dag.py:4180} INFO - Setting next_dagrun for read_dataset_event_from_classic to 2024-09-23 00:00:00+00:00, run_after=2024-09-24 00:00:00+00:00
[2024-09-24T23:38:40.779+0000] {processor.py:208} INFO - Processing /home/airflow/.local/lib/python3.12/site-packages/airflow/example_dags/example_inlet_event_extra.py took 0.479 seconds
[2024-09-24T23:39:12.379+0000] {processor.py:186} INFO - Started process (PID=884) to work on /home/airflow/.local/lib/python3.12/site-packages/airflow/example_dags/example_inlet_event_extra.py
[2024-09-24T23:39:12.382+0000] {processor.py:914} INFO - Processing file /home/airflow/.local/lib/python3.12/site-packages/airflow/example_dags/example_inlet_event_extra.py for tasks to queue
[2024-09-24T23:39:12.388+0000] {logging_mixin.py:190} INFO - [2024-09-24T23:39:12.387+0000] {dagbag.py:588} INFO - Filling up the DagBag from /home/airflow/.local/lib/python3.12/site-packages/airflow/example_dags/example_inlet_event_extra.py
[2024-09-24T23:39:12.800+0000] {processor.py:925} INFO - DAG(s) 'read_dataset_event_from_classic', 'read_dataset_event' retrieved from /home/airflow/.local/lib/python3.12/site-packages/airflow/example_dags/example_inlet_event_extra.py
[2024-09-24T23:39:12.862+0000] {logging_mixin.py:190} INFO - [2024-09-24T23:39:12.861+0000] {dag.py:3239} INFO - Sync 2 DAGs
[2024-09-24T23:39:13.057+0000] {logging_mixin.py:190} INFO - [2024-09-24T23:39:13.046+0000] {dag.py:4180} INFO - Setting next_dagrun for read_dataset_event to 2024-09-23 00:00:00+00:00, run_after=2024-09-24 00:00:00+00:00
[2024-09-24T23:39:13.094+0000] {logging_mixin.py:190} INFO - [2024-09-24T23:39:13.093+0000] {dag.py:4180} INFO - Setting next_dagrun for read_dataset_event_from_classic to 2024-09-23 00:00:00+00:00, run_after=2024-09-24 00:00:00+00:00
[2024-09-24T23:39:13.192+0000] {processor.py:208} INFO - Processing /home/airflow/.local/lib/python3.12/site-packages/airflow/example_dags/example_inlet_event_extra.py took 0.833 seconds
[2024-09-24T23:39:44.265+0000] {processor.py:186} INFO - Started process (PID=1163) to work on /home/airflow/.local/lib/python3.12/site-packages/airflow/example_dags/example_inlet_event_extra.py
[2024-09-24T23:39:44.268+0000] {processor.py:914} INFO - Processing file /home/airflow/.local/lib/python3.12/site-packages/airflow/example_dags/example_inlet_event_extra.py for tasks to queue
[2024-09-24T23:39:44.274+0000] {logging_mixin.py:190} INFO - [2024-09-24T23:39:44.273+0000] {dagbag.py:588} INFO - Filling up the DagBag from /home/airflow/.local/lib/python3.12/site-packages/airflow/example_dags/example_inlet_event_extra.py
[2024-09-24T23:39:44.832+0000] {processor.py:925} INFO - DAG(s) 'read_dataset_event_from_classic', 'read_dataset_event' retrieved from /home/airflow/.local/lib/python3.12/site-packages/airflow/example_dags/example_inlet_event_extra.py
[2024-09-24T23:39:44.910+0000] {logging_mixin.py:190} INFO - [2024-09-24T23:39:44.909+0000] {dag.py:3239} INFO - Sync 2 DAGs
[2024-09-24T23:39:45.087+0000] {logging_mixin.py:190} INFO - [2024-09-24T23:39:45.086+0000] {dag.py:4180} INFO - Setting next_dagrun for read_dataset_event to 2024-09-23 00:00:00+00:00, run_after=2024-09-24 00:00:00+00:00
[2024-09-24T23:39:45.112+0000] {logging_mixin.py:190} INFO - [2024-09-24T23:39:45.111+0000] {dag.py:4180} INFO - Setting next_dagrun for read_dataset_event_from_classic to 2024-09-23 00:00:00+00:00, run_after=2024-09-24 00:00:00+00:00
[2024-09-24T23:39:45.173+0000] {processor.py:208} INFO - Processing /home/airflow/.local/lib/python3.12/site-packages/airflow/example_dags/example_inlet_event_extra.py took 0.925 seconds
[2024-09-24T23:40:15.579+0000] {processor.py:186} INFO - Started process (PID=1454) to work on /home/airflow/.local/lib/python3.12/site-packages/airflow/example_dags/example_inlet_event_extra.py
[2024-09-24T23:40:15.582+0000] {processor.py:914} INFO - Processing file /home/airflow/.local/lib/python3.12/site-packages/airflow/example_dags/example_inlet_event_extra.py for tasks to queue
[2024-09-24T23:40:15.588+0000] {logging_mixin.py:190} INFO - [2024-09-24T23:40:15.587+0000] {dagbag.py:588} INFO - Filling up the DagBag from /home/airflow/.local/lib/python3.12/site-packages/airflow/example_dags/example_inlet_event_extra.py
[2024-09-24T23:40:16.158+0000] {processor.py:925} INFO - DAG(s) 'read_dataset_event', 'read_dataset_event_from_classic' retrieved from /home/airflow/.local/lib/python3.12/site-packages/airflow/example_dags/example_inlet_event_extra.py
[2024-09-24T23:40:16.309+0000] {logging_mixin.py:190} INFO - [2024-09-24T23:40:16.308+0000] {dag.py:3239} INFO - Sync 2 DAGs
[2024-09-24T23:40:16.427+0000] {logging_mixin.py:190} INFO - [2024-09-24T23:40:16.427+0000] {dag.py:4180} INFO - Setting next_dagrun for read_dataset_event to 2024-09-23 00:00:00+00:00, run_after=2024-09-24 00:00:00+00:00
[2024-09-24T23:40:16.448+0000] {logging_mixin.py:190} INFO - [2024-09-24T23:40:16.448+0000] {dag.py:4180} INFO - Setting next_dagrun for read_dataset_event_from_classic to 2024-09-23 00:00:00+00:00, run_after=2024-09-24 00:00:00+00:00
[2024-09-24T23:40:16.542+0000] {processor.py:208} INFO - Processing /home/airflow/.local/lib/python3.12/site-packages/airflow/example_dags/example_inlet_event_extra.py took 0.989 seconds
[2024-09-24T23:40:48.847+0000] {processor.py:186} INFO - Started process (PID=1741) to work on /home/airflow/.local/lib/python3.12/site-packages/airflow/example_dags/example_inlet_event_extra.py
[2024-09-24T23:40:48.851+0000] {processor.py:914} INFO - Processing file /home/airflow/.local/lib/python3.12/site-packages/airflow/example_dags/example_inlet_event_extra.py for tasks to queue
[2024-09-24T23:40:48.861+0000] {logging_mixin.py:190} INFO - [2024-09-24T23:40:48.858+0000] {dagbag.py:588} INFO - Filling up the DagBag from /home/airflow/.local/lib/python3.12/site-packages/airflow/example_dags/example_inlet_event_extra.py
[2024-09-24T23:40:49.532+0000] {processor.py:925} INFO - DAG(s) 'read_dataset_event', 'read_dataset_event_from_classic' retrieved from /home/airflow/.local/lib/python3.12/site-packages/airflow/example_dags/example_inlet_event_extra.py
[2024-09-24T23:40:49.632+0000] {logging_mixin.py:190} INFO - [2024-09-24T23:40:49.631+0000] {dag.py:3239} INFO - Sync 2 DAGs
[2024-09-24T23:40:49.738+0000] {logging_mixin.py:190} INFO - [2024-09-24T23:40:49.737+0000] {dag.py:4180} INFO - Setting next_dagrun for read_dataset_event to 2024-09-23 00:00:00+00:00, run_after=2024-09-24 00:00:00+00:00
[2024-09-24T23:40:49.762+0000] {logging_mixin.py:190} INFO - [2024-09-24T23:40:49.761+0000] {dag.py:4180} INFO - Setting next_dagrun for read_dataset_event_from_classic to 2024-09-23 00:00:00+00:00, run_after=2024-09-24 00:00:00+00:00
[2024-09-24T23:40:49.830+0000] {processor.py:208} INFO - Processing /home/airflow/.local/lib/python3.12/site-packages/airflow/example_dags/example_inlet_event_extra.py took 1.007 seconds
[2024-09-24T23:41:20.289+0000] {processor.py:186} INFO - Started process (PID=2035) to work on /home/airflow/.local/lib/python3.12/site-packages/airflow/example_dags/example_inlet_event_extra.py
[2024-09-24T23:41:20.292+0000] {processor.py:914} INFO - Processing file /home/airflow/.local/lib/python3.12/site-packages/airflow/example_dags/example_inlet_event_extra.py for tasks to queue
[2024-09-24T23:41:20.298+0000] {logging_mixin.py:190} INFO - [2024-09-24T23:41:20.297+0000] {dagbag.py:588} INFO - Filling up the DagBag from /home/airflow/.local/lib/python3.12/site-packages/airflow/example_dags/example_inlet_event_extra.py
[2024-09-24T23:41:20.742+0000] {processor.py:925} INFO - DAG(s) 'read_dataset_event_from_classic', 'read_dataset_event' retrieved from /home/airflow/.local/lib/python3.12/site-packages/airflow/example_dags/example_inlet_event_extra.py
[2024-09-24T23:41:20.833+0000] {logging_mixin.py:190} INFO - [2024-09-24T23:41:20.830+0000] {dag.py:3239} INFO - Sync 2 DAGs
[2024-09-24T23:41:20.946+0000] {logging_mixin.py:190} INFO - [2024-09-24T23:41:20.946+0000] {dag.py:4180} INFO - Setting next_dagrun for read_dataset_event to 2024-09-23 00:00:00+00:00, run_after=2024-09-24 00:00:00+00:00
[2024-09-24T23:41:20.974+0000] {logging_mixin.py:190} INFO - [2024-09-24T23:41:20.972+0000] {dag.py:4180} INFO - Setting next_dagrun for read_dataset_event_from_classic to 2024-09-23 00:00:00+00:00, run_after=2024-09-24 00:00:00+00:00
[2024-09-24T23:41:21.046+0000] {processor.py:208} INFO - Processing /home/airflow/.local/lib/python3.12/site-packages/airflow/example_dags/example_inlet_event_extra.py took 0.776 seconds
[2024-09-24T23:41:51.984+0000] {processor.py:186} INFO - Started process (PID=2319) to work on /home/airflow/.local/lib/python3.12/site-packages/airflow/example_dags/example_inlet_event_extra.py
[2024-09-24T23:41:52.039+0000] {processor.py:914} INFO - Processing file /home/airflow/.local/lib/python3.12/site-packages/airflow/example_dags/example_inlet_event_extra.py for tasks to queue
[2024-09-24T23:41:52.060+0000] {logging_mixin.py:190} INFO - [2024-09-24T23:41:52.059+0000] {dagbag.py:588} INFO - Filling up the DagBag from /home/airflow/.local/lib/python3.12/site-packages/airflow/example_dags/example_inlet_event_extra.py
[2024-09-24T23:41:52.633+0000] {processor.py:925} INFO - DAG(s) 'read_dataset_event', 'read_dataset_event_from_classic' retrieved from /home/airflow/.local/lib/python3.12/site-packages/airflow/example_dags/example_inlet_event_extra.py
[2024-09-24T23:41:52.706+0000] {logging_mixin.py:190} INFO - [2024-09-24T23:41:52.705+0000] {dag.py:3239} INFO - Sync 2 DAGs
[2024-09-24T23:41:52.787+0000] {logging_mixin.py:190} INFO - [2024-09-24T23:41:52.786+0000] {dag.py:4180} INFO - Setting next_dagrun for read_dataset_event to 2024-09-23 00:00:00+00:00, run_after=2024-09-24 00:00:00+00:00
[2024-09-24T23:41:52.804+0000] {logging_mixin.py:190} INFO - [2024-09-24T23:41:52.804+0000] {dag.py:4180} INFO - Setting next_dagrun for read_dataset_event_from_classic to 2024-09-23 00:00:00+00:00, run_after=2024-09-24 00:00:00+00:00
[2024-09-24T23:41:52.865+0000] {processor.py:208} INFO - Processing /home/airflow/.local/lib/python3.12/site-packages/airflow/example_dags/example_inlet_event_extra.py took 0.920 seconds
[2024-09-24T23:42:23.162+0000] {processor.py:186} INFO - Started process (PID=2602) to work on /home/airflow/.local/lib/python3.12/site-packages/airflow/example_dags/example_inlet_event_extra.py
[2024-09-24T23:42:23.164+0000] {processor.py:914} INFO - Processing file /home/airflow/.local/lib/python3.12/site-packages/airflow/example_dags/example_inlet_event_extra.py for tasks to queue
[2024-09-24T23:42:23.169+0000] {logging_mixin.py:190} INFO - [2024-09-24T23:42:23.168+0000] {dagbag.py:588} INFO - Filling up the DagBag from /home/airflow/.local/lib/python3.12/site-packages/airflow/example_dags/example_inlet_event_extra.py
[2024-09-24T23:42:23.473+0000] {processor.py:925} INFO - DAG(s) 'read_dataset_event_from_classic', 'read_dataset_event' retrieved from /home/airflow/.local/lib/python3.12/site-packages/airflow/example_dags/example_inlet_event_extra.py
[2024-09-24T23:42:23.524+0000] {logging_mixin.py:190} INFO - [2024-09-24T23:42:23.524+0000] {dag.py:3239} INFO - Sync 2 DAGs
[2024-09-24T23:42:23.581+0000] {logging_mixin.py:190} INFO - [2024-09-24T23:42:23.581+0000] {dag.py:4180} INFO - Setting next_dagrun for read_dataset_event to 2024-09-23 00:00:00+00:00, run_after=2024-09-24 00:00:00+00:00
[2024-09-24T23:42:23.594+0000] {logging_mixin.py:190} INFO - [2024-09-24T23:42:23.593+0000] {dag.py:4180} INFO - Setting next_dagrun for read_dataset_event_from_classic to 2024-09-23 00:00:00+00:00, run_after=2024-09-24 00:00:00+00:00
[2024-09-24T23:42:23.629+0000] {processor.py:208} INFO - Processing /home/airflow/.local/lib/python3.12/site-packages/airflow/example_dags/example_inlet_event_extra.py took 0.480 seconds
[2024-09-24T23:42:54.044+0000] {processor.py:186} INFO - Started process (PID=2888) to work on /home/airflow/.local/lib/python3.12/site-packages/airflow/example_dags/example_inlet_event_extra.py
[2024-09-24T23:42:54.047+0000] {processor.py:914} INFO - Processing file /home/airflow/.local/lib/python3.12/site-packages/airflow/example_dags/example_inlet_event_extra.py for tasks to queue
[2024-09-24T23:42:54.053+0000] {logging_mixin.py:190} INFO - [2024-09-24T23:42:54.052+0000] {dagbag.py:588} INFO - Filling up the DagBag from /home/airflow/.local/lib/python3.12/site-packages/airflow/example_dags/example_inlet_event_extra.py
[2024-09-24T23:42:54.419+0000] {processor.py:925} INFO - DAG(s) 'read_dataset_event_from_classic', 'read_dataset_event' retrieved from /home/airflow/.local/lib/python3.12/site-packages/airflow/example_dags/example_inlet_event_extra.py
[2024-09-24T23:42:54.489+0000] {logging_mixin.py:190} INFO - [2024-09-24T23:42:54.488+0000] {dag.py:3239} INFO - Sync 2 DAGs
[2024-09-24T23:42:54.608+0000] {logging_mixin.py:190} INFO - [2024-09-24T23:42:54.606+0000] {dag.py:4180} INFO - Setting next_dagrun for read_dataset_event to 2024-09-23 00:00:00+00:00, run_after=2024-09-24 00:00:00+00:00
[2024-09-24T23:42:54.644+0000] {logging_mixin.py:190} INFO - [2024-09-24T23:42:54.644+0000] {dag.py:4180} INFO - Setting next_dagrun for read_dataset_event_from_classic to 2024-09-23 00:00:00+00:00, run_after=2024-09-24 00:00:00+00:00
[2024-09-24T23:42:54.738+0000] {processor.py:208} INFO - Processing /home/airflow/.local/lib/python3.12/site-packages/airflow/example_dags/example_inlet_event_extra.py took 0.709 seconds
[2024-09-24T23:43:24.944+0000] {processor.py:186} INFO - Started process (PID=3179) to work on /home/airflow/.local/lib/python3.12/site-packages/airflow/example_dags/example_inlet_event_extra.py
[2024-09-24T23:43:24.946+0000] {processor.py:914} INFO - Processing file /home/airflow/.local/lib/python3.12/site-packages/airflow/example_dags/example_inlet_event_extra.py for tasks to queue
[2024-09-24T23:43:24.950+0000] {logging_mixin.py:190} INFO - [2024-09-24T23:43:24.950+0000] {dagbag.py:588} INFO - Filling up the DagBag from /home/airflow/.local/lib/python3.12/site-packages/airflow/example_dags/example_inlet_event_extra.py
[2024-09-24T23:43:25.222+0000] {processor.py:925} INFO - DAG(s) 'read_dataset_event_from_classic', 'read_dataset_event' retrieved from /home/airflow/.local/lib/python3.12/site-packages/airflow/example_dags/example_inlet_event_extra.py
[2024-09-24T23:43:25.265+0000] {logging_mixin.py:190} INFO - [2024-09-24T23:43:25.264+0000] {dag.py:3239} INFO - Sync 2 DAGs
[2024-09-24T23:43:25.316+0000] {logging_mixin.py:190} INFO - [2024-09-24T23:43:25.316+0000] {dag.py:4180} INFO - Setting next_dagrun for read_dataset_event to 2024-09-23 00:00:00+00:00, run_after=2024-09-24 00:00:00+00:00
[2024-09-24T23:43:25.326+0000] {logging_mixin.py:190} INFO - [2024-09-24T23:43:25.325+0000] {dag.py:4180} INFO - Setting next_dagrun for read_dataset_event_from_classic to 2024-09-23 00:00:00+00:00, run_after=2024-09-24 00:00:00+00:00
[2024-09-24T23:43:25.359+0000] {processor.py:208} INFO - Processing /home/airflow/.local/lib/python3.12/site-packages/airflow/example_dags/example_inlet_event_extra.py took 0.427 seconds
[2024-09-24T23:43:55.592+0000] {processor.py:186} INFO - Started process (PID=3460) to work on /home/airflow/.local/lib/python3.12/site-packages/airflow/example_dags/example_inlet_event_extra.py
[2024-09-24T23:43:55.594+0000] {processor.py:914} INFO - Processing file /home/airflow/.local/lib/python3.12/site-packages/airflow/example_dags/example_inlet_event_extra.py for tasks to queue
[2024-09-24T23:43:55.600+0000] {logging_mixin.py:190} INFO - [2024-09-24T23:43:55.599+0000] {dagbag.py:588} INFO - Filling up the DagBag from /home/airflow/.local/lib/python3.12/site-packages/airflow/example_dags/example_inlet_event_extra.py
[2024-09-24T23:43:55.896+0000] {processor.py:925} INFO - DAG(s) 'read_dataset_event', 'read_dataset_event_from_classic' retrieved from /home/airflow/.local/lib/python3.12/site-packages/airflow/example_dags/example_inlet_event_extra.py
[2024-09-24T23:43:55.941+0000] {logging_mixin.py:190} INFO - [2024-09-24T23:43:55.940+0000] {dag.py:3239} INFO - Sync 2 DAGs
[2024-09-24T23:43:56.002+0000] {logging_mixin.py:190} INFO - [2024-09-24T23:43:56.002+0000] {dag.py:4180} INFO - Setting next_dagrun for read_dataset_event to 2024-09-23 00:00:00+00:00, run_after=2024-09-24 00:00:00+00:00
[2024-09-24T23:43:56.016+0000] {logging_mixin.py:190} INFO - [2024-09-24T23:43:56.015+0000] {dag.py:4180} INFO - Setting next_dagrun for read_dataset_event_from_classic to 2024-09-23 00:00:00+00:00, run_after=2024-09-24 00:00:00+00:00
[2024-09-24T23:43:56.055+0000] {processor.py:208} INFO - Processing /home/airflow/.local/lib/python3.12/site-packages/airflow/example_dags/example_inlet_event_extra.py took 0.484 seconds
[2024-09-24T23:44:26.282+0000] {processor.py:186} INFO - Started process (PID=3746) to work on /home/airflow/.local/lib/python3.12/site-packages/airflow/example_dags/example_inlet_event_extra.py
[2024-09-24T23:44:26.285+0000] {processor.py:914} INFO - Processing file /home/airflow/.local/lib/python3.12/site-packages/airflow/example_dags/example_inlet_event_extra.py for tasks to queue
[2024-09-24T23:44:26.296+0000] {logging_mixin.py:190} INFO - [2024-09-24T23:44:26.295+0000] {dagbag.py:588} INFO - Filling up the DagBag from /home/airflow/.local/lib/python3.12/site-packages/airflow/example_dags/example_inlet_event_extra.py
[2024-09-24T23:44:26.773+0000] {processor.py:925} INFO - DAG(s) 'read_dataset_event', 'read_dataset_event_from_classic' retrieved from /home/airflow/.local/lib/python3.12/site-packages/airflow/example_dags/example_inlet_event_extra.py
[2024-09-24T23:44:26.843+0000] {logging_mixin.py:190} INFO - [2024-09-24T23:44:26.842+0000] {dag.py:3239} INFO - Sync 2 DAGs
[2024-09-24T23:44:26.988+0000] {logging_mixin.py:190} INFO - [2024-09-24T23:44:26.977+0000] {dag.py:4180} INFO - Setting next_dagrun for read_dataset_event to 2024-09-23 00:00:00+00:00, run_after=2024-09-24 00:00:00+00:00
[2024-09-24T23:44:27.031+0000] {logging_mixin.py:190} INFO - [2024-09-24T23:44:27.030+0000] {dag.py:4180} INFO - Setting next_dagrun for read_dataset_event_from_classic to 2024-09-23 00:00:00+00:00, run_after=2024-09-24 00:00:00+00:00
[2024-09-24T23:44:27.110+0000] {processor.py:208} INFO - Processing /home/airflow/.local/lib/python3.12/site-packages/airflow/example_dags/example_inlet_event_extra.py took 0.850 seconds
[2024-09-24T23:44:57.357+0000] {processor.py:186} INFO - Started process (PID=4037) to work on /home/airflow/.local/lib/python3.12/site-packages/airflow/example_dags/example_inlet_event_extra.py
[2024-09-24T23:44:57.359+0000] {processor.py:914} INFO - Processing file /home/airflow/.local/lib/python3.12/site-packages/airflow/example_dags/example_inlet_event_extra.py for tasks to queue
[2024-09-24T23:44:57.363+0000] {logging_mixin.py:190} INFO - [2024-09-24T23:44:57.363+0000] {dagbag.py:588} INFO - Filling up the DagBag from /home/airflow/.local/lib/python3.12/site-packages/airflow/example_dags/example_inlet_event_extra.py
[2024-09-24T23:44:57.614+0000] {processor.py:925} INFO - DAG(s) 'read_dataset_event', 'read_dataset_event_from_classic' retrieved from /home/airflow/.local/lib/python3.12/site-packages/airflow/example_dags/example_inlet_event_extra.py
[2024-09-24T23:44:57.653+0000] {logging_mixin.py:190} INFO - [2024-09-24T23:44:57.653+0000] {dag.py:3239} INFO - Sync 2 DAGs
[2024-09-24T23:44:57.719+0000] {logging_mixin.py:190} INFO - [2024-09-24T23:44:57.718+0000] {dag.py:4180} INFO - Setting next_dagrun for read_dataset_event to 2024-09-23 00:00:00+00:00, run_after=2024-09-24 00:00:00+00:00
[2024-09-24T23:44:57.730+0000] {logging_mixin.py:190} INFO - [2024-09-24T23:44:57.730+0000] {dag.py:4180} INFO - Setting next_dagrun for read_dataset_event_from_classic to 2024-09-23 00:00:00+00:00, run_after=2024-09-24 00:00:00+00:00
[2024-09-24T23:44:57.775+0000] {processor.py:208} INFO - Processing /home/airflow/.local/lib/python3.12/site-packages/airflow/example_dags/example_inlet_event_extra.py took 0.427 seconds
[2024-09-24T23:45:28.023+0000] {processor.py:186} INFO - Started process (PID=4313) to work on /home/airflow/.local/lib/python3.12/site-packages/airflow/example_dags/example_inlet_event_extra.py
[2024-09-24T23:45:28.025+0000] {processor.py:914} INFO - Processing file /home/airflow/.local/lib/python3.12/site-packages/airflow/example_dags/example_inlet_event_extra.py for tasks to queue
[2024-09-24T23:45:28.031+0000] {logging_mixin.py:190} INFO - [2024-09-24T23:45:28.030+0000] {dagbag.py:588} INFO - Filling up the DagBag from /home/airflow/.local/lib/python3.12/site-packages/airflow/example_dags/example_inlet_event_extra.py
[2024-09-24T23:45:28.453+0000] {processor.py:925} INFO - DAG(s) 'read_dataset_event_from_classic', 'read_dataset_event' retrieved from /home/airflow/.local/lib/python3.12/site-packages/airflow/example_dags/example_inlet_event_extra.py
[2024-09-24T23:45:28.539+0000] {logging_mixin.py:190} INFO - [2024-09-24T23:45:28.538+0000] {dag.py:3239} INFO - Sync 2 DAGs
[2024-09-24T23:45:28.656+0000] {logging_mixin.py:190} INFO - [2024-09-24T23:45:28.655+0000] {dag.py:4180} INFO - Setting next_dagrun for read_dataset_event to 2024-09-23 00:00:00+00:00, run_after=2024-09-24 00:00:00+00:00
[2024-09-24T23:45:28.676+0000] {logging_mixin.py:190} INFO - [2024-09-24T23:45:28.676+0000] {dag.py:4180} INFO - Setting next_dagrun for read_dataset_event_from_classic to 2024-09-23 00:00:00+00:00, run_after=2024-09-24 00:00:00+00:00
[2024-09-24T23:45:28.755+0000] {processor.py:208} INFO - Processing /home/airflow/.local/lib/python3.12/site-packages/airflow/example_dags/example_inlet_event_extra.py took 0.750 seconds
[2024-09-24T23:45:59.569+0000] {processor.py:186} INFO - Started process (PID=4604) to work on /home/airflow/.local/lib/python3.12/site-packages/airflow/example_dags/example_inlet_event_extra.py
[2024-09-24T23:45:59.572+0000] {processor.py:914} INFO - Processing file /home/airflow/.local/lib/python3.12/site-packages/airflow/example_dags/example_inlet_event_extra.py for tasks to queue
[2024-09-24T23:45:59.578+0000] {logging_mixin.py:190} INFO - [2024-09-24T23:45:59.577+0000] {dagbag.py:588} INFO - Filling up the DagBag from /home/airflow/.local/lib/python3.12/site-packages/airflow/example_dags/example_inlet_event_extra.py
[2024-09-24T23:45:59.886+0000] {processor.py:925} INFO - DAG(s) 'read_dataset_event', 'read_dataset_event_from_classic' retrieved from /home/airflow/.local/lib/python3.12/site-packages/airflow/example_dags/example_inlet_event_extra.py
[2024-09-24T23:45:59.949+0000] {logging_mixin.py:190} INFO - [2024-09-24T23:45:59.948+0000] {dag.py:3239} INFO - Sync 2 DAGs
[2024-09-24T23:46:00.004+0000] {logging_mixin.py:190} INFO - [2024-09-24T23:46:00.003+0000] {dag.py:4180} INFO - Setting next_dagrun for read_dataset_event to 2024-09-23 00:00:00+00:00, run_after=2024-09-24 00:00:00+00:00
[2024-09-24T23:46:00.019+0000] {logging_mixin.py:190} INFO - [2024-09-24T23:46:00.018+0000] {dag.py:4180} INFO - Setting next_dagrun for read_dataset_event_from_classic to 2024-09-23 00:00:00+00:00, run_after=2024-09-24 00:00:00+00:00
[2024-09-24T23:46:00.064+0000] {processor.py:208} INFO - Processing /home/airflow/.local/lib/python3.12/site-packages/airflow/example_dags/example_inlet_event_extra.py took 0.511 seconds
[2024-09-24T23:46:30.962+0000] {processor.py:186} INFO - Started process (PID=4895) to work on /home/airflow/.local/lib/python3.12/site-packages/airflow/example_dags/example_inlet_event_extra.py
[2024-09-24T23:46:30.964+0000] {processor.py:914} INFO - Processing file /home/airflow/.local/lib/python3.12/site-packages/airflow/example_dags/example_inlet_event_extra.py for tasks to queue
[2024-09-24T23:46:30.970+0000] {logging_mixin.py:190} INFO - [2024-09-24T23:46:30.969+0000] {dagbag.py:588} INFO - Filling up the DagBag from /home/airflow/.local/lib/python3.12/site-packages/airflow/example_dags/example_inlet_event_extra.py
[2024-09-24T23:46:31.423+0000] {processor.py:925} INFO - DAG(s) 'read_dataset_event', 'read_dataset_event_from_classic' retrieved from /home/airflow/.local/lib/python3.12/site-packages/airflow/example_dags/example_inlet_event_extra.py
[2024-09-24T23:46:31.539+0000] {logging_mixin.py:190} INFO - [2024-09-24T23:46:31.538+0000] {dag.py:3239} INFO - Sync 2 DAGs
[2024-09-24T23:46:31.639+0000] {logging_mixin.py:190} INFO - [2024-09-24T23:46:31.638+0000] {dag.py:4180} INFO - Setting next_dagrun for read_dataset_event to 2024-09-23 00:00:00+00:00, run_after=2024-09-24 00:00:00+00:00
[2024-09-24T23:46:31.658+0000] {logging_mixin.py:190} INFO - [2024-09-24T23:46:31.657+0000] {dag.py:4180} INFO - Setting next_dagrun for read_dataset_event_from_classic to 2024-09-23 00:00:00+00:00, run_after=2024-09-24 00:00:00+00:00
[2024-09-24T23:46:31.716+0000] {processor.py:208} INFO - Processing /home/airflow/.local/lib/python3.12/site-packages/airflow/example_dags/example_inlet_event_extra.py took 0.767 seconds
[2024-09-24T23:47:02.208+0000] {processor.py:186} INFO - Started process (PID=5197) to work on /home/airflow/.local/lib/python3.12/site-packages/airflow/example_dags/example_inlet_event_extra.py
[2024-09-24T23:47:02.210+0000] {processor.py:914} INFO - Processing file /home/airflow/.local/lib/python3.12/site-packages/airflow/example_dags/example_inlet_event_extra.py for tasks to queue
[2024-09-24T23:47:02.217+0000] {logging_mixin.py:190} INFO - [2024-09-24T23:47:02.216+0000] {dagbag.py:588} INFO - Filling up the DagBag from /home/airflow/.local/lib/python3.12/site-packages/airflow/example_dags/example_inlet_event_extra.py
[2024-09-24T23:47:02.523+0000] {processor.py:925} INFO - DAG(s) 'read_dataset_event_from_classic', 'read_dataset_event' retrieved from /home/airflow/.local/lib/python3.12/site-packages/airflow/example_dags/example_inlet_event_extra.py
[2024-09-24T23:47:02.580+0000] {logging_mixin.py:190} INFO - [2024-09-24T23:47:02.580+0000] {dag.py:3239} INFO - Sync 2 DAGs
[2024-09-24T23:47:02.646+0000] {logging_mixin.py:190} INFO - [2024-09-24T23:47:02.645+0000] {dag.py:4180} INFO - Setting next_dagrun for read_dataset_event to 2024-09-23 00:00:00+00:00, run_after=2024-09-24 00:00:00+00:00
[2024-09-24T23:47:02.665+0000] {logging_mixin.py:190} INFO - [2024-09-24T23:47:02.665+0000] {dag.py:4180} INFO - Setting next_dagrun for read_dataset_event_from_classic to 2024-09-23 00:00:00+00:00, run_after=2024-09-24 00:00:00+00:00
[2024-09-24T23:47:02.711+0000] {processor.py:208} INFO - Processing /home/airflow/.local/lib/python3.12/site-packages/airflow/example_dags/example_inlet_event_extra.py took 0.520 seconds
[2024-09-24T23:47:33.491+0000] {processor.py:186} INFO - Started process (PID=5483) to work on /home/airflow/.local/lib/python3.12/site-packages/airflow/example_dags/example_inlet_event_extra.py
[2024-09-24T23:47:33.495+0000] {processor.py:914} INFO - Processing file /home/airflow/.local/lib/python3.12/site-packages/airflow/example_dags/example_inlet_event_extra.py for tasks to queue
[2024-09-24T23:47:33.506+0000] {logging_mixin.py:190} INFO - [2024-09-24T23:47:33.505+0000] {dagbag.py:588} INFO - Filling up the DagBag from /home/airflow/.local/lib/python3.12/site-packages/airflow/example_dags/example_inlet_event_extra.py
[2024-09-24T23:47:33.893+0000] {processor.py:925} INFO - DAG(s) 'read_dataset_event_from_classic', 'read_dataset_event' retrieved from /home/airflow/.local/lib/python3.12/site-packages/airflow/example_dags/example_inlet_event_extra.py
[2024-09-24T23:47:34.213+0000] {logging_mixin.py:190} INFO - [2024-09-24T23:47:34.211+0000] {dag.py:3239} INFO - Sync 2 DAGs
[2024-09-24T23:47:34.678+0000] {logging_mixin.py:190} INFO - [2024-09-24T23:47:34.677+0000] {dag.py:4180} INFO - Setting next_dagrun for read_dataset_event to 2024-09-23 00:00:00+00:00, run_after=2024-09-24 00:00:00+00:00
[2024-09-24T23:47:34.698+0000] {logging_mixin.py:190} INFO - [2024-09-24T23:47:34.697+0000] {dag.py:4180} INFO - Setting next_dagrun for read_dataset_event_from_classic to 2024-09-23 00:00:00+00:00, run_after=2024-09-24 00:00:00+00:00
[2024-09-24T23:47:34.766+0000] {processor.py:208} INFO - Processing /home/airflow/.local/lib/python3.12/site-packages/airflow/example_dags/example_inlet_event_extra.py took 1.290 seconds
[2024-09-24T23:48:05.115+0000] {processor.py:186} INFO - Started process (PID=5774) to work on /home/airflow/.local/lib/python3.12/site-packages/airflow/example_dags/example_inlet_event_extra.py
[2024-09-24T23:48:05.118+0000] {processor.py:914} INFO - Processing file /home/airflow/.local/lib/python3.12/site-packages/airflow/example_dags/example_inlet_event_extra.py for tasks to queue
[2024-09-24T23:48:05.123+0000] {logging_mixin.py:190} INFO - [2024-09-24T23:48:05.123+0000] {dagbag.py:588} INFO - Filling up the DagBag from /home/airflow/.local/lib/python3.12/site-packages/airflow/example_dags/example_inlet_event_extra.py
[2024-09-24T23:48:05.569+0000] {processor.py:925} INFO - DAG(s) 'read_dataset_event_from_classic', 'read_dataset_event' retrieved from /home/airflow/.local/lib/python3.12/site-packages/airflow/example_dags/example_inlet_event_extra.py
[2024-09-24T23:48:05.643+0000] {logging_mixin.py:190} INFO - [2024-09-24T23:48:05.642+0000] {dag.py:3239} INFO - Sync 2 DAGs
[2024-09-24T23:48:05.727+0000] {logging_mixin.py:190} INFO - [2024-09-24T23:48:05.726+0000] {dag.py:4180} INFO - Setting next_dagrun for read_dataset_event to 2024-09-23 00:00:00+00:00, run_after=2024-09-24 00:00:00+00:00
[2024-09-24T23:48:05.742+0000] {logging_mixin.py:190} INFO - [2024-09-24T23:48:05.741+0000] {dag.py:4180} INFO - Setting next_dagrun for read_dataset_event_from_classic to 2024-09-23 00:00:00+00:00, run_after=2024-09-24 00:00:00+00:00
[2024-09-24T23:48:05.784+0000] {processor.py:208} INFO - Processing /home/airflow/.local/lib/python3.12/site-packages/airflow/example_dags/example_inlet_event_extra.py took 0.690 seconds
[2024-09-24T23:48:36.760+0000] {processor.py:186} INFO - Started process (PID=6065) to work on /home/airflow/.local/lib/python3.12/site-packages/airflow/example_dags/example_inlet_event_extra.py
[2024-09-24T23:48:36.762+0000] {processor.py:914} INFO - Processing file /home/airflow/.local/lib/python3.12/site-packages/airflow/example_dags/example_inlet_event_extra.py for tasks to queue
[2024-09-24T23:48:36.767+0000] {logging_mixin.py:190} INFO - [2024-09-24T23:48:36.766+0000] {dagbag.py:588} INFO - Filling up the DagBag from /home/airflow/.local/lib/python3.12/site-packages/airflow/example_dags/example_inlet_event_extra.py
[2024-09-24T23:48:37.040+0000] {processor.py:925} INFO - DAG(s) 'read_dataset_event_from_classic', 'read_dataset_event' retrieved from /home/airflow/.local/lib/python3.12/site-packages/airflow/example_dags/example_inlet_event_extra.py
[2024-09-24T23:48:37.082+0000] {logging_mixin.py:190} INFO - [2024-09-24T23:48:37.081+0000] {dag.py:3239} INFO - Sync 2 DAGs
[2024-09-24T23:48:37.137+0000] {logging_mixin.py:190} INFO - [2024-09-24T23:48:37.137+0000] {dag.py:4180} INFO - Setting next_dagrun for read_dataset_event to 2024-09-23 00:00:00+00:00, run_after=2024-09-24 00:00:00+00:00
[2024-09-24T23:48:37.148+0000] {logging_mixin.py:190} INFO - [2024-09-24T23:48:37.148+0000] {dag.py:4180} INFO - Setting next_dagrun for read_dataset_event_from_classic to 2024-09-23 00:00:00+00:00, run_after=2024-09-24 00:00:00+00:00
[2024-09-24T23:48:37.188+0000] {processor.py:208} INFO - Processing /home/airflow/.local/lib/python3.12/site-packages/airflow/example_dags/example_inlet_event_extra.py took 0.439 seconds
[2024-09-24T23:49:07.431+0000] {processor.py:186} INFO - Started process (PID=6351) to work on /home/airflow/.local/lib/python3.12/site-packages/airflow/example_dags/example_inlet_event_extra.py
[2024-09-24T23:49:07.433+0000] {processor.py:914} INFO - Processing file /home/airflow/.local/lib/python3.12/site-packages/airflow/example_dags/example_inlet_event_extra.py for tasks to queue
[2024-09-24T23:49:07.437+0000] {logging_mixin.py:190} INFO - [2024-09-24T23:49:07.436+0000] {dagbag.py:588} INFO - Filling up the DagBag from /home/airflow/.local/lib/python3.12/site-packages/airflow/example_dags/example_inlet_event_extra.py
[2024-09-24T23:49:07.679+0000] {processor.py:925} INFO - DAG(s) 'read_dataset_event', 'read_dataset_event_from_classic' retrieved from /home/airflow/.local/lib/python3.12/site-packages/airflow/example_dags/example_inlet_event_extra.py
[2024-09-24T23:49:07.735+0000] {logging_mixin.py:190} INFO - [2024-09-24T23:49:07.734+0000] {dag.py:3239} INFO - Sync 2 DAGs
[2024-09-24T23:49:07.795+0000] {logging_mixin.py:190} INFO - [2024-09-24T23:49:07.794+0000] {dag.py:4180} INFO - Setting next_dagrun for read_dataset_event to 2024-09-23 00:00:00+00:00, run_after=2024-09-24 00:00:00+00:00
[2024-09-24T23:49:07.806+0000] {logging_mixin.py:190} INFO - [2024-09-24T23:49:07.806+0000] {dag.py:4180} INFO - Setting next_dagrun for read_dataset_event_from_classic to 2024-09-23 00:00:00+00:00, run_after=2024-09-24 00:00:00+00:00
[2024-09-24T23:49:07.843+0000] {processor.py:208} INFO - Processing /home/airflow/.local/lib/python3.12/site-packages/airflow/example_dags/example_inlet_event_extra.py took 0.421 seconds
[2024-09-24T23:49:38.610+0000] {processor.py:186} INFO - Started process (PID=6637) to work on /home/airflow/.local/lib/python3.12/site-packages/airflow/example_dags/example_inlet_event_extra.py
[2024-09-24T23:49:38.613+0000] {processor.py:914} INFO - Processing file /home/airflow/.local/lib/python3.12/site-packages/airflow/example_dags/example_inlet_event_extra.py for tasks to queue
[2024-09-24T23:49:38.621+0000] {logging_mixin.py:190} INFO - [2024-09-24T23:49:38.620+0000] {dagbag.py:588} INFO - Filling up the DagBag from /home/airflow/.local/lib/python3.12/site-packages/airflow/example_dags/example_inlet_event_extra.py
[2024-09-24T23:49:38.976+0000] {processor.py:925} INFO - DAG(s) 'read_dataset_event_from_classic', 'read_dataset_event' retrieved from /home/airflow/.local/lib/python3.12/site-packages/airflow/example_dags/example_inlet_event_extra.py
[2024-09-24T23:49:39.059+0000] {logging_mixin.py:190} INFO - [2024-09-24T23:49:39.059+0000] {dag.py:3239} INFO - Sync 2 DAGs
[2024-09-24T23:49:39.120+0000] {logging_mixin.py:190} INFO - [2024-09-24T23:49:39.120+0000] {dag.py:4180} INFO - Setting next_dagrun for read_dataset_event to 2024-09-23 00:00:00+00:00, run_after=2024-09-24 00:00:00+00:00
[2024-09-24T23:49:39.135+0000] {logging_mixin.py:190} INFO - [2024-09-24T23:49:39.134+0000] {dag.py:4180} INFO - Setting next_dagrun for read_dataset_event_from_classic to 2024-09-23 00:00:00+00:00, run_after=2024-09-24 00:00:00+00:00
[2024-09-24T23:49:39.180+0000] {processor.py:208} INFO - Processing /home/airflow/.local/lib/python3.12/site-packages/airflow/example_dags/example_inlet_event_extra.py took 0.585 seconds
[2024-09-24T23:50:09.335+0000] {processor.py:186} INFO - Started process (PID=6926) to work on /home/airflow/.local/lib/python3.12/site-packages/airflow/example_dags/example_inlet_event_extra.py
[2024-09-24T23:50:09.338+0000] {processor.py:914} INFO - Processing file /home/airflow/.local/lib/python3.12/site-packages/airflow/example_dags/example_inlet_event_extra.py for tasks to queue
[2024-09-24T23:50:09.346+0000] {logging_mixin.py:190} INFO - [2024-09-24T23:50:09.345+0000] {dagbag.py:588} INFO - Filling up the DagBag from /home/airflow/.local/lib/python3.12/site-packages/airflow/example_dags/example_inlet_event_extra.py
[2024-09-24T23:50:09.619+0000] {processor.py:925} INFO - DAG(s) 'read_dataset_event', 'read_dataset_event_from_classic' retrieved from /home/airflow/.local/lib/python3.12/site-packages/airflow/example_dags/example_inlet_event_extra.py
[2024-09-24T23:50:09.667+0000] {logging_mixin.py:190} INFO - [2024-09-24T23:50:09.666+0000] {dag.py:3239} INFO - Sync 2 DAGs
[2024-09-24T23:50:09.731+0000] {logging_mixin.py:190} INFO - [2024-09-24T23:50:09.731+0000] {dag.py:4180} INFO - Setting next_dagrun for read_dataset_event to 2024-09-23 00:00:00+00:00, run_after=2024-09-24 00:00:00+00:00
[2024-09-24T23:50:09.746+0000] {logging_mixin.py:190} INFO - [2024-09-24T23:50:09.745+0000] {dag.py:4180} INFO - Setting next_dagrun for read_dataset_event_from_classic to 2024-09-23 00:00:00+00:00, run_after=2024-09-24 00:00:00+00:00
[2024-09-24T23:50:09.797+0000] {processor.py:208} INFO - Processing /home/airflow/.local/lib/python3.12/site-packages/airflow/example_dags/example_inlet_event_extra.py took 0.478 seconds
[2024-09-24T23:50:40.007+0000] {processor.py:186} INFO - Started process (PID=7209) to work on /home/airflow/.local/lib/python3.12/site-packages/airflow/example_dags/example_inlet_event_extra.py
[2024-09-24T23:50:40.009+0000] {processor.py:914} INFO - Processing file /home/airflow/.local/lib/python3.12/site-packages/airflow/example_dags/example_inlet_event_extra.py for tasks to queue
[2024-09-24T23:50:40.014+0000] {logging_mixin.py:190} INFO - [2024-09-24T23:50:40.013+0000] {dagbag.py:588} INFO - Filling up the DagBag from /home/airflow/.local/lib/python3.12/site-packages/airflow/example_dags/example_inlet_event_extra.py
[2024-09-24T23:50:40.385+0000] {processor.py:925} INFO - DAG(s) 'read_dataset_event', 'read_dataset_event_from_classic' retrieved from /home/airflow/.local/lib/python3.12/site-packages/airflow/example_dags/example_inlet_event_extra.py
[2024-09-24T23:50:40.441+0000] {logging_mixin.py:190} INFO - [2024-09-24T23:50:40.440+0000] {dag.py:3239} INFO - Sync 2 DAGs
[2024-09-24T23:50:40.517+0000] {logging_mixin.py:190} INFO - [2024-09-24T23:50:40.516+0000] {dag.py:4180} INFO - Setting next_dagrun for read_dataset_event to 2024-09-23 00:00:00+00:00, run_after=2024-09-24 00:00:00+00:00
[2024-09-24T23:50:40.532+0000] {logging_mixin.py:190} INFO - [2024-09-24T23:50:40.532+0000] {dag.py:4180} INFO - Setting next_dagrun for read_dataset_event_from_classic to 2024-09-23 00:00:00+00:00, run_after=2024-09-24 00:00:00+00:00
[2024-09-24T23:50:40.576+0000] {processor.py:208} INFO - Processing /home/airflow/.local/lib/python3.12/site-packages/airflow/example_dags/example_inlet_event_extra.py took 0.583 seconds
[2024-09-24T23:51:10.897+0000] {processor.py:186} INFO - Started process (PID=7500) to work on /home/airflow/.local/lib/python3.12/site-packages/airflow/example_dags/example_inlet_event_extra.py
[2024-09-24T23:51:10.900+0000] {processor.py:914} INFO - Processing file /home/airflow/.local/lib/python3.12/site-packages/airflow/example_dags/example_inlet_event_extra.py for tasks to queue
[2024-09-24T23:51:10.905+0000] {logging_mixin.py:190} INFO - [2024-09-24T23:51:10.904+0000] {dagbag.py:588} INFO - Filling up the DagBag from /home/airflow/.local/lib/python3.12/site-packages/airflow/example_dags/example_inlet_event_extra.py
[2024-09-24T23:51:11.442+0000] {processor.py:925} INFO - DAG(s) 'read_dataset_event_from_classic', 'read_dataset_event' retrieved from /home/airflow/.local/lib/python3.12/site-packages/airflow/example_dags/example_inlet_event_extra.py
[2024-09-24T23:51:11.538+0000] {logging_mixin.py:190} INFO - [2024-09-24T23:51:11.537+0000] {dag.py:3239} INFO - Sync 2 DAGs
[2024-09-24T23:51:11.646+0000] {logging_mixin.py:190} INFO - [2024-09-24T23:51:11.645+0000] {dag.py:4180} INFO - Setting next_dagrun for read_dataset_event to 2024-09-23 00:00:00+00:00, run_after=2024-09-24 00:00:00+00:00
[2024-09-24T23:51:11.668+0000] {logging_mixin.py:190} INFO - [2024-09-24T23:51:11.667+0000] {dag.py:4180} INFO - Setting next_dagrun for read_dataset_event_from_classic to 2024-09-23 00:00:00+00:00, run_after=2024-09-24 00:00:00+00:00
[2024-09-24T23:51:11.742+0000] {processor.py:208} INFO - Processing /home/airflow/.local/lib/python3.12/site-packages/airflow/example_dags/example_inlet_event_extra.py took 0.857 seconds
[2024-09-24T23:51:42.008+0000] {processor.py:186} INFO - Started process (PID=7786) to work on /home/airflow/.local/lib/python3.12/site-packages/airflow/example_dags/example_inlet_event_extra.py
[2024-09-24T23:51:42.010+0000] {processor.py:914} INFO - Processing file /home/airflow/.local/lib/python3.12/site-packages/airflow/example_dags/example_inlet_event_extra.py for tasks to queue
[2024-09-24T23:51:42.015+0000] {logging_mixin.py:190} INFO - [2024-09-24T23:51:42.014+0000] {dagbag.py:588} INFO - Filling up the DagBag from /home/airflow/.local/lib/python3.12/site-packages/airflow/example_dags/example_inlet_event_extra.py
[2024-09-24T23:51:42.290+0000] {processor.py:925} INFO - DAG(s) 'read_dataset_event', 'read_dataset_event_from_classic' retrieved from /home/airflow/.local/lib/python3.12/site-packages/airflow/example_dags/example_inlet_event_extra.py
[2024-09-24T23:51:42.335+0000] {logging_mixin.py:190} INFO - [2024-09-24T23:51:42.334+0000] {dag.py:3239} INFO - Sync 2 DAGs
[2024-09-24T23:51:42.390+0000] {logging_mixin.py:190} INFO - [2024-09-24T23:51:42.390+0000] {dag.py:4180} INFO - Setting next_dagrun for read_dataset_event to 2024-09-23 00:00:00+00:00, run_after=2024-09-24 00:00:00+00:00
[2024-09-24T23:51:42.406+0000] {logging_mixin.py:190} INFO - [2024-09-24T23:51:42.406+0000] {dag.py:4180} INFO - Setting next_dagrun for read_dataset_event_from_classic to 2024-09-23 00:00:00+00:00, run_after=2024-09-24 00:00:00+00:00
[2024-09-24T23:51:42.450+0000] {processor.py:208} INFO - Processing /home/airflow/.local/lib/python3.12/site-packages/airflow/example_dags/example_inlet_event_extra.py took 0.452 seconds
[2024-09-24T23:52:12.598+0000] {processor.py:186} INFO - Started process (PID=8073) to work on /home/airflow/.local/lib/python3.12/site-packages/airflow/example_dags/example_inlet_event_extra.py
[2024-09-24T23:52:12.600+0000] {processor.py:914} INFO - Processing file /home/airflow/.local/lib/python3.12/site-packages/airflow/example_dags/example_inlet_event_extra.py for tasks to queue
[2024-09-24T23:52:12.603+0000] {logging_mixin.py:190} INFO - [2024-09-24T23:52:12.603+0000] {dagbag.py:588} INFO - Filling up the DagBag from /home/airflow/.local/lib/python3.12/site-packages/airflow/example_dags/example_inlet_event_extra.py
[2024-09-24T23:52:12.861+0000] {processor.py:925} INFO - DAG(s) 'read_dataset_event', 'read_dataset_event_from_classic' retrieved from /home/airflow/.local/lib/python3.12/site-packages/airflow/example_dags/example_inlet_event_extra.py
[2024-09-24T23:52:12.913+0000] {logging_mixin.py:190} INFO - [2024-09-24T23:52:12.912+0000] {dag.py:3239} INFO - Sync 2 DAGs
[2024-09-24T23:52:12.969+0000] {logging_mixin.py:190} INFO - [2024-09-24T23:52:12.968+0000] {dag.py:4180} INFO - Setting next_dagrun for read_dataset_event to 2024-09-23 00:00:00+00:00, run_after=2024-09-24 00:00:00+00:00
[2024-09-24T23:52:12.981+0000] {logging_mixin.py:190} INFO - [2024-09-24T23:52:12.980+0000] {dag.py:4180} INFO - Setting next_dagrun for read_dataset_event_from_classic to 2024-09-23 00:00:00+00:00, run_after=2024-09-24 00:00:00+00:00
[2024-09-24T23:52:13.034+0000] {processor.py:208} INFO - Processing /home/airflow/.local/lib/python3.12/site-packages/airflow/example_dags/example_inlet_event_extra.py took 0.446 seconds
[2024-09-24T23:52:43.332+0000] {processor.py:186} INFO - Started process (PID=8359) to work on /home/airflow/.local/lib/python3.12/site-packages/airflow/example_dags/example_inlet_event_extra.py
[2024-09-24T23:52:43.334+0000] {processor.py:914} INFO - Processing file /home/airflow/.local/lib/python3.12/site-packages/airflow/example_dags/example_inlet_event_extra.py for tasks to queue
[2024-09-24T23:52:43.338+0000] {logging_mixin.py:190} INFO - [2024-09-24T23:52:43.338+0000] {dagbag.py:588} INFO - Filling up the DagBag from /home/airflow/.local/lib/python3.12/site-packages/airflow/example_dags/example_inlet_event_extra.py
[2024-09-24T23:52:43.707+0000] {processor.py:925} INFO - DAG(s) 'read_dataset_event_from_classic', 'read_dataset_event' retrieved from /home/airflow/.local/lib/python3.12/site-packages/airflow/example_dags/example_inlet_event_extra.py
[2024-09-24T23:52:43.766+0000] {logging_mixin.py:190} INFO - [2024-09-24T23:52:43.766+0000] {dag.py:3239} INFO - Sync 2 DAGs
[2024-09-24T23:52:43.829+0000] {logging_mixin.py:190} INFO - [2024-09-24T23:52:43.828+0000] {dag.py:4180} INFO - Setting next_dagrun for read_dataset_event to 2024-09-23 00:00:00+00:00, run_after=2024-09-24 00:00:00+00:00
[2024-09-24T23:52:43.843+0000] {logging_mixin.py:190} INFO - [2024-09-24T23:52:43.842+0000] {dag.py:4180} INFO - Setting next_dagrun for read_dataset_event_from_classic to 2024-09-23 00:00:00+00:00, run_after=2024-09-24 00:00:00+00:00
[2024-09-24T23:52:43.885+0000] {processor.py:208} INFO - Processing /home/airflow/.local/lib/python3.12/site-packages/airflow/example_dags/example_inlet_event_extra.py took 0.564 seconds
[2024-09-24T23:53:14.121+0000] {processor.py:186} INFO - Started process (PID=8650) to work on /home/airflow/.local/lib/python3.12/site-packages/airflow/example_dags/example_inlet_event_extra.py
[2024-09-24T23:53:14.123+0000] {processor.py:914} INFO - Processing file /home/airflow/.local/lib/python3.12/site-packages/airflow/example_dags/example_inlet_event_extra.py for tasks to queue
[2024-09-24T23:53:14.128+0000] {logging_mixin.py:190} INFO - [2024-09-24T23:53:14.127+0000] {dagbag.py:588} INFO - Filling up the DagBag from /home/airflow/.local/lib/python3.12/site-packages/airflow/example_dags/example_inlet_event_extra.py
[2024-09-24T23:53:14.598+0000] {processor.py:925} INFO - DAG(s) 'read_dataset_event', 'read_dataset_event_from_classic' retrieved from /home/airflow/.local/lib/python3.12/site-packages/airflow/example_dags/example_inlet_event_extra.py
[2024-09-24T23:53:14.753+0000] {logging_mixin.py:190} INFO - [2024-09-24T23:53:14.752+0000] {dag.py:3239} INFO - Sync 2 DAGs
[2024-09-24T23:53:15.048+0000] {logging_mixin.py:190} INFO - [2024-09-24T23:53:15.046+0000] {dag.py:4180} INFO - Setting next_dagrun for read_dataset_event to 2024-09-23 00:00:00+00:00, run_after=2024-09-24 00:00:00+00:00
[2024-09-24T23:53:15.091+0000] {logging_mixin.py:190} INFO - [2024-09-24T23:53:15.090+0000] {dag.py:4180} INFO - Setting next_dagrun for read_dataset_event_from_classic to 2024-09-23 00:00:00+00:00, run_after=2024-09-24 00:00:00+00:00
[2024-09-24T23:53:15.229+0000] {processor.py:208} INFO - Processing /home/airflow/.local/lib/python3.12/site-packages/airflow/example_dags/example_inlet_event_extra.py took 1.128 seconds
[2024-09-24T23:53:45.763+0000] {processor.py:186} INFO - Started process (PID=8941) to work on /home/airflow/.local/lib/python3.12/site-packages/airflow/example_dags/example_inlet_event_extra.py
[2024-09-24T23:53:45.770+0000] {processor.py:914} INFO - Processing file /home/airflow/.local/lib/python3.12/site-packages/airflow/example_dags/example_inlet_event_extra.py for tasks to queue
[2024-09-24T23:53:45.777+0000] {logging_mixin.py:190} INFO - [2024-09-24T23:53:45.777+0000] {dagbag.py:588} INFO - Filling up the DagBag from /home/airflow/.local/lib/python3.12/site-packages/airflow/example_dags/example_inlet_event_extra.py
[2024-09-24T23:53:46.151+0000] {processor.py:925} INFO - DAG(s) 'read_dataset_event', 'read_dataset_event_from_classic' retrieved from /home/airflow/.local/lib/python3.12/site-packages/airflow/example_dags/example_inlet_event_extra.py
[2024-09-24T23:53:46.212+0000] {logging_mixin.py:190} INFO - [2024-09-24T23:53:46.212+0000] {dag.py:3239} INFO - Sync 2 DAGs
[2024-09-24T23:53:46.279+0000] {logging_mixin.py:190} INFO - [2024-09-24T23:53:46.278+0000] {dag.py:4180} INFO - Setting next_dagrun for read_dataset_event to 2024-09-23 00:00:00+00:00, run_after=2024-09-24 00:00:00+00:00
[2024-09-24T23:53:46.293+0000] {logging_mixin.py:190} INFO - [2024-09-24T23:53:46.292+0000] {dag.py:4180} INFO - Setting next_dagrun for read_dataset_event_from_classic to 2024-09-23 00:00:00+00:00, run_after=2024-09-24 00:00:00+00:00
[2024-09-24T23:53:46.346+0000] {processor.py:208} INFO - Processing /home/airflow/.local/lib/python3.12/site-packages/airflow/example_dags/example_inlet_event_extra.py took 0.604 seconds
[2024-09-24T23:54:16.997+0000] {processor.py:186} INFO - Started process (PID=9227) to work on /home/airflow/.local/lib/python3.12/site-packages/airflow/example_dags/example_inlet_event_extra.py
[2024-09-24T23:54:16.999+0000] {processor.py:914} INFO - Processing file /home/airflow/.local/lib/python3.12/site-packages/airflow/example_dags/example_inlet_event_extra.py for tasks to queue
[2024-09-24T23:54:17.003+0000] {logging_mixin.py:190} INFO - [2024-09-24T23:54:17.002+0000] {dagbag.py:588} INFO - Filling up the DagBag from /home/airflow/.local/lib/python3.12/site-packages/airflow/example_dags/example_inlet_event_extra.py
[2024-09-24T23:54:17.285+0000] {processor.py:925} INFO - DAG(s) 'read_dataset_event', 'read_dataset_event_from_classic' retrieved from /home/airflow/.local/lib/python3.12/site-packages/airflow/example_dags/example_inlet_event_extra.py
[2024-09-24T23:54:17.333+0000] {logging_mixin.py:190} INFO - [2024-09-24T23:54:17.332+0000] {dag.py:3239} INFO - Sync 2 DAGs
[2024-09-24T23:54:17.393+0000] {logging_mixin.py:190} INFO - [2024-09-24T23:54:17.393+0000] {dag.py:4180} INFO - Setting next_dagrun for read_dataset_event to 2024-09-23 00:00:00+00:00, run_after=2024-09-24 00:00:00+00:00
[2024-09-24T23:54:17.405+0000] {logging_mixin.py:190} INFO - [2024-09-24T23:54:17.404+0000] {dag.py:4180} INFO - Setting next_dagrun for read_dataset_event_from_classic to 2024-09-23 00:00:00+00:00, run_after=2024-09-24 00:00:00+00:00
[2024-09-24T23:54:17.443+0000] {processor.py:208} INFO - Processing /home/airflow/.local/lib/python3.12/site-packages/airflow/example_dags/example_inlet_event_extra.py took 0.456 seconds
[2024-09-24T23:54:47.678+0000] {processor.py:186} INFO - Started process (PID=9513) to work on /home/airflow/.local/lib/python3.12/site-packages/airflow/example_dags/example_inlet_event_extra.py
[2024-09-24T23:54:47.680+0000] {processor.py:914} INFO - Processing file /home/airflow/.local/lib/python3.12/site-packages/airflow/example_dags/example_inlet_event_extra.py for tasks to queue
[2024-09-24T23:54:47.685+0000] {logging_mixin.py:190} INFO - [2024-09-24T23:54:47.684+0000] {dagbag.py:588} INFO - Filling up the DagBag from /home/airflow/.local/lib/python3.12/site-packages/airflow/example_dags/example_inlet_event_extra.py
[2024-09-24T23:54:47.953+0000] {processor.py:925} INFO - DAG(s) 'read_dataset_event_from_classic', 'read_dataset_event' retrieved from /home/airflow/.local/lib/python3.12/site-packages/airflow/example_dags/example_inlet_event_extra.py
[2024-09-24T23:54:48.002+0000] {logging_mixin.py:190} INFO - [2024-09-24T23:54:48.001+0000] {dag.py:3239} INFO - Sync 2 DAGs
[2024-09-24T23:54:48.054+0000] {logging_mixin.py:190} INFO - [2024-09-24T23:54:48.054+0000] {dag.py:4180} INFO - Setting next_dagrun for read_dataset_event to 2024-09-23 00:00:00+00:00, run_after=2024-09-24 00:00:00+00:00
[2024-09-24T23:54:48.067+0000] {logging_mixin.py:190} INFO - [2024-09-24T23:54:48.067+0000] {dag.py:4180} INFO - Setting next_dagrun for read_dataset_event_from_classic to 2024-09-23 00:00:00+00:00, run_after=2024-09-24 00:00:00+00:00
[2024-09-24T23:54:48.126+0000] {processor.py:208} INFO - Processing /home/airflow/.local/lib/python3.12/site-packages/airflow/example_dags/example_inlet_event_extra.py took 0.460 seconds
[2024-09-24T23:55:18.408+0000] {processor.py:186} INFO - Started process (PID=9804) to work on /home/airflow/.local/lib/python3.12/site-packages/airflow/example_dags/example_inlet_event_extra.py
[2024-09-24T23:55:18.410+0000] {processor.py:914} INFO - Processing file /home/airflow/.local/lib/python3.12/site-packages/airflow/example_dags/example_inlet_event_extra.py for tasks to queue
[2024-09-24T23:55:18.415+0000] {logging_mixin.py:190} INFO - [2024-09-24T23:55:18.414+0000] {dagbag.py:588} INFO - Filling up the DagBag from /home/airflow/.local/lib/python3.12/site-packages/airflow/example_dags/example_inlet_event_extra.py
[2024-09-24T23:55:18.645+0000] {processor.py:925} INFO - DAG(s) 'read_dataset_event', 'read_dataset_event_from_classic' retrieved from /home/airflow/.local/lib/python3.12/site-packages/airflow/example_dags/example_inlet_event_extra.py
[2024-09-24T23:55:18.711+0000] {logging_mixin.py:190} INFO - [2024-09-24T23:55:18.710+0000] {dag.py:3239} INFO - Sync 2 DAGs
[2024-09-24T23:55:18.765+0000] {logging_mixin.py:190} INFO - [2024-09-24T23:55:18.764+0000] {dag.py:4180} INFO - Setting next_dagrun for read_dataset_event to 2024-09-23 00:00:00+00:00, run_after=2024-09-24 00:00:00+00:00
[2024-09-24T23:55:18.774+0000] {logging_mixin.py:190} INFO - [2024-09-24T23:55:18.774+0000] {dag.py:4180} INFO - Setting next_dagrun for read_dataset_event_from_classic to 2024-09-23 00:00:00+00:00, run_after=2024-09-24 00:00:00+00:00
[2024-09-24T23:55:18.810+0000] {processor.py:208} INFO - Processing /home/airflow/.local/lib/python3.12/site-packages/airflow/example_dags/example_inlet_event_extra.py took 0.415 seconds
[2024-09-24T23:55:52.269+0000] {processor.py:186} INFO - Started process (PID=10083) to work on /home/airflow/.local/lib/python3.12/site-packages/airflow/example_dags/example_inlet_event_extra.py
[2024-09-24T23:55:52.273+0000] {processor.py:914} INFO - Processing file /home/airflow/.local/lib/python3.12/site-packages/airflow/example_dags/example_inlet_event_extra.py for tasks to queue
[2024-09-24T23:55:52.280+0000] {logging_mixin.py:190} INFO - [2024-09-24T23:55:52.279+0000] {dagbag.py:588} INFO - Filling up the DagBag from /home/airflow/.local/lib/python3.12/site-packages/airflow/example_dags/example_inlet_event_extra.py
[2024-09-24T23:55:53.025+0000] {processor.py:925} INFO - DAG(s) 'read_dataset_event_from_classic', 'read_dataset_event' retrieved from /home/airflow/.local/lib/python3.12/site-packages/airflow/example_dags/example_inlet_event_extra.py
[2024-09-24T23:55:53.108+0000] {logging_mixin.py:190} INFO - [2024-09-24T23:55:53.107+0000] {dag.py:3239} INFO - Sync 2 DAGs
[2024-09-24T23:55:53.239+0000] {logging_mixin.py:190} INFO - [2024-09-24T23:55:53.238+0000] {dag.py:4180} INFO - Setting next_dagrun for read_dataset_event to 2024-09-23 00:00:00+00:00, run_after=2024-09-24 00:00:00+00:00
[2024-09-24T23:55:53.271+0000] {logging_mixin.py:190} INFO - [2024-09-24T23:55:53.270+0000] {dag.py:4180} INFO - Setting next_dagrun for read_dataset_event_from_classic to 2024-09-23 00:00:00+00:00, run_after=2024-09-24 00:00:00+00:00
[2024-09-24T23:55:53.368+0000] {processor.py:208} INFO - Processing /home/airflow/.local/lib/python3.12/site-packages/airflow/example_dags/example_inlet_event_extra.py took 1.138 seconds
