[2024-09-24T23:38:01.997+0000] {processor.py:186} INFO - Started process (PID=286) to work on /home/airflow/.local/lib/python3.12/site-packages/airflow/example_dags/example_python_decorator.py
[2024-09-24T23:38:02.010+0000] {processor.py:914} INFO - Processing file /home/airflow/.local/lib/python3.12/site-packages/airflow/example_dags/example_python_decorator.py for tasks to queue
[2024-09-24T23:38:02.021+0000] {logging_mixin.py:190} INFO - [2024-09-24T23:38:02.020+0000] {dagbag.py:588} INFO - Filling up the DagBag from /home/airflow/.local/lib/python3.12/site-packages/airflow/example_dags/example_python_decorator.py
[2024-09-24T23:38:02.152+0000] {processor.py:925} INFO - DAG(s) 'example_python_decorator' retrieved from /home/airflow/.local/lib/python3.12/site-packages/airflow/example_dags/example_python_decorator.py
[2024-09-24T23:38:02.773+0000] {logging_mixin.py:190} INFO - [2024-09-24T23:38:02.771+0000] {override.py:1900} INFO - Created Permission View: can edit on DAG:example_python_decorator
[2024-09-24T23:38:02.811+0000] {logging_mixin.py:190} INFO - [2024-09-24T23:38:02.810+0000] {override.py:1900} INFO - Created Permission View: can read on DAG:example_python_decorator
[2024-09-24T23:38:02.841+0000] {logging_mixin.py:190} INFO - [2024-09-24T23:38:02.840+0000] {override.py:1900} INFO - Created Permission View: can delete on DAG:example_python_decorator
[2024-09-24T23:38:02.877+0000] {logging_mixin.py:190} INFO - [2024-09-24T23:38:02.876+0000] {override.py:1900} INFO - Created Permission View: can read on DAG Run:example_python_decorator
[2024-09-24T23:38:02.911+0000] {logging_mixin.py:190} INFO - [2024-09-24T23:38:02.909+0000] {override.py:1900} INFO - Created Permission View: menu access on DAG Run:example_python_decorator
[2024-09-24T23:38:02.943+0000] {logging_mixin.py:190} INFO - [2024-09-24T23:38:02.942+0000] {override.py:1900} INFO - Created Permission View: can delete on DAG Run:example_python_decorator
[2024-09-24T23:38:02.978+0000] {logging_mixin.py:190} INFO - [2024-09-24T23:38:02.977+0000] {override.py:1900} INFO - Created Permission View: can create on DAG Run:example_python_decorator
[2024-09-24T23:38:02.981+0000] {logging_mixin.py:190} INFO - [2024-09-24T23:38:02.980+0000] {dag.py:3239} INFO - Sync 1 DAGs
[2024-09-24T23:38:03.040+0000] {logging_mixin.py:190} INFO - [2024-09-24T23:38:03.039+0000] {dag.py:3262} INFO - Creating ORM DAG for example_python_decorator
[2024-09-24T23:38:03.043+0000] {logging_mixin.py:190} INFO - [2024-09-24T23:38:03.043+0000] {dag.py:4180} INFO - Setting next_dagrun for example_python_decorator to None, run_after=None
[2024-09-24T23:38:03.129+0000] {processor.py:208} INFO - Processing /home/airflow/.local/lib/python3.12/site-packages/airflow/example_dags/example_python_decorator.py took 1.158 seconds
[2024-09-24T23:38:37.362+0000] {processor.py:186} INFO - Started process (PID=572) to work on /home/airflow/.local/lib/python3.12/site-packages/airflow/example_dags/example_python_decorator.py
[2024-09-24T23:38:37.366+0000] {processor.py:914} INFO - Processing file /home/airflow/.local/lib/python3.12/site-packages/airflow/example_dags/example_python_decorator.py for tasks to queue
[2024-09-24T23:38:37.373+0000] {logging_mixin.py:190} INFO - [2024-09-24T23:38:37.372+0000] {dagbag.py:588} INFO - Filling up the DagBag from /home/airflow/.local/lib/python3.12/site-packages/airflow/example_dags/example_python_decorator.py
[2024-09-24T23:38:37.423+0000] {processor.py:925} INFO - DAG(s) 'example_python_decorator' retrieved from /home/airflow/.local/lib/python3.12/site-packages/airflow/example_dags/example_python_decorator.py
[2024-09-24T23:38:37.490+0000] {logging_mixin.py:190} INFO - [2024-09-24T23:38:37.490+0000] {dag.py:3239} INFO - Sync 1 DAGs
[2024-09-24T23:38:37.539+0000] {logging_mixin.py:190} INFO - [2024-09-24T23:38:37.539+0000] {dag.py:4180} INFO - Setting next_dagrun for example_python_decorator to None, run_after=None
[2024-09-24T23:38:37.600+0000] {processor.py:208} INFO - Processing /home/airflow/.local/lib/python3.12/site-packages/airflow/example_dags/example_python_decorator.py took 0.254 seconds
[2024-09-24T23:39:10.236+0000] {processor.py:186} INFO - Started process (PID=857) to work on /home/airflow/.local/lib/python3.12/site-packages/airflow/example_dags/example_python_decorator.py
[2024-09-24T23:39:10.248+0000] {processor.py:914} INFO - Processing file /home/airflow/.local/lib/python3.12/site-packages/airflow/example_dags/example_python_decorator.py for tasks to queue
[2024-09-24T23:39:10.257+0000] {logging_mixin.py:190} INFO - [2024-09-24T23:39:10.256+0000] {dagbag.py:588} INFO - Filling up the DagBag from /home/airflow/.local/lib/python3.12/site-packages/airflow/example_dags/example_python_decorator.py
[2024-09-24T23:39:10.334+0000] {processor.py:925} INFO - DAG(s) 'example_python_decorator' retrieved from /home/airflow/.local/lib/python3.12/site-packages/airflow/example_dags/example_python_decorator.py
[2024-09-24T23:39:10.449+0000] {logging_mixin.py:190} INFO - [2024-09-24T23:39:10.448+0000] {dag.py:3239} INFO - Sync 1 DAGs
[2024-09-24T23:39:10.525+0000] {logging_mixin.py:190} INFO - [2024-09-24T23:39:10.524+0000] {dag.py:4180} INFO - Setting next_dagrun for example_python_decorator to None, run_after=None
[2024-09-24T23:39:10.610+0000] {processor.py:208} INFO - Processing /home/airflow/.local/lib/python3.12/site-packages/airflow/example_dags/example_python_decorator.py took 0.413 seconds
[2024-09-24T23:39:43.046+0000] {processor.py:186} INFO - Started process (PID=1143) to work on /home/airflow/.local/lib/python3.12/site-packages/airflow/example_dags/example_python_decorator.py
[2024-09-24T23:39:43.050+0000] {processor.py:914} INFO - Processing file /home/airflow/.local/lib/python3.12/site-packages/airflow/example_dags/example_python_decorator.py for tasks to queue
[2024-09-24T23:39:43.056+0000] {logging_mixin.py:190} INFO - [2024-09-24T23:39:43.055+0000] {dagbag.py:588} INFO - Filling up the DagBag from /home/airflow/.local/lib/python3.12/site-packages/airflow/example_dags/example_python_decorator.py
[2024-09-24T23:39:43.109+0000] {processor.py:925} INFO - DAG(s) 'example_python_decorator' retrieved from /home/airflow/.local/lib/python3.12/site-packages/airflow/example_dags/example_python_decorator.py
[2024-09-24T23:39:43.248+0000] {logging_mixin.py:190} INFO - [2024-09-24T23:39:43.247+0000] {dag.py:3239} INFO - Sync 1 DAGs
[2024-09-24T23:39:43.372+0000] {logging_mixin.py:190} INFO - [2024-09-24T23:39:43.371+0000] {dag.py:4180} INFO - Setting next_dagrun for example_python_decorator to None, run_after=None
[2024-09-24T23:39:43.515+0000] {processor.py:208} INFO - Processing /home/airflow/.local/lib/python3.12/site-packages/airflow/example_dags/example_python_decorator.py took 0.494 seconds
[2024-09-24T23:40:14.397+0000] {processor.py:186} INFO - Started process (PID=1429) to work on /home/airflow/.local/lib/python3.12/site-packages/airflow/example_dags/example_python_decorator.py
[2024-09-24T23:40:14.400+0000] {processor.py:914} INFO - Processing file /home/airflow/.local/lib/python3.12/site-packages/airflow/example_dags/example_python_decorator.py for tasks to queue
[2024-09-24T23:40:14.406+0000] {logging_mixin.py:190} INFO - [2024-09-24T23:40:14.405+0000] {dagbag.py:588} INFO - Filling up the DagBag from /home/airflow/.local/lib/python3.12/site-packages/airflow/example_dags/example_python_decorator.py
[2024-09-24T23:40:14.457+0000] {processor.py:925} INFO - DAG(s) 'example_python_decorator' retrieved from /home/airflow/.local/lib/python3.12/site-packages/airflow/example_dags/example_python_decorator.py
[2024-09-24T23:40:14.552+0000] {logging_mixin.py:190} INFO - [2024-09-24T23:40:14.551+0000] {dag.py:3239} INFO - Sync 1 DAGs
[2024-09-24T23:40:14.607+0000] {logging_mixin.py:190} INFO - [2024-09-24T23:40:14.607+0000] {dag.py:4180} INFO - Setting next_dagrun for example_python_decorator to None, run_after=None
[2024-09-24T23:40:14.668+0000] {processor.py:208} INFO - Processing /home/airflow/.local/lib/python3.12/site-packages/airflow/example_dags/example_python_decorator.py took 0.294 seconds
[2024-09-24T23:40:47.005+0000] {processor.py:186} INFO - Started process (PID=1716) to work on /home/airflow/.local/lib/python3.12/site-packages/airflow/example_dags/example_python_decorator.py
[2024-09-24T23:40:47.009+0000] {processor.py:914} INFO - Processing file /home/airflow/.local/lib/python3.12/site-packages/airflow/example_dags/example_python_decorator.py for tasks to queue
[2024-09-24T23:40:47.021+0000] {logging_mixin.py:190} INFO - [2024-09-24T23:40:47.019+0000] {dagbag.py:588} INFO - Filling up the DagBag from /home/airflow/.local/lib/python3.12/site-packages/airflow/example_dags/example_python_decorator.py
[2024-09-24T23:40:47.134+0000] {processor.py:925} INFO - DAG(s) 'example_python_decorator' retrieved from /home/airflow/.local/lib/python3.12/site-packages/airflow/example_dags/example_python_decorator.py
[2024-09-24T23:40:47.244+0000] {logging_mixin.py:190} INFO - [2024-09-24T23:40:47.243+0000] {dag.py:3239} INFO - Sync 1 DAGs
[2024-09-24T23:40:47.322+0000] {logging_mixin.py:190} INFO - [2024-09-24T23:40:47.321+0000] {dag.py:4180} INFO - Setting next_dagrun for example_python_decorator to None, run_after=None
[2024-09-24T23:40:47.494+0000] {processor.py:208} INFO - Processing /home/airflow/.local/lib/python3.12/site-packages/airflow/example_dags/example_python_decorator.py took 0.519 seconds
[2024-09-24T23:41:18.331+0000] {processor.py:186} INFO - Started process (PID=2003) to work on /home/airflow/.local/lib/python3.12/site-packages/airflow/example_dags/example_python_decorator.py
[2024-09-24T23:41:18.335+0000] {processor.py:914} INFO - Processing file /home/airflow/.local/lib/python3.12/site-packages/airflow/example_dags/example_python_decorator.py for tasks to queue
[2024-09-24T23:41:18.341+0000] {logging_mixin.py:190} INFO - [2024-09-24T23:41:18.340+0000] {dagbag.py:588} INFO - Filling up the DagBag from /home/airflow/.local/lib/python3.12/site-packages/airflow/example_dags/example_python_decorator.py
[2024-09-24T23:41:18.395+0000] {processor.py:925} INFO - DAG(s) 'example_python_decorator' retrieved from /home/airflow/.local/lib/python3.12/site-packages/airflow/example_dags/example_python_decorator.py
[2024-09-24T23:41:18.513+0000] {logging_mixin.py:190} INFO - [2024-09-24T23:41:18.512+0000] {dag.py:3239} INFO - Sync 1 DAGs
[2024-09-24T23:41:18.579+0000] {logging_mixin.py:190} INFO - [2024-09-24T23:41:18.578+0000] {dag.py:4180} INFO - Setting next_dagrun for example_python_decorator to None, run_after=None
[2024-09-24T23:41:18.663+0000] {processor.py:208} INFO - Processing /home/airflow/.local/lib/python3.12/site-packages/airflow/example_dags/example_python_decorator.py took 0.350 seconds
[2024-09-24T23:41:49.612+0000] {processor.py:186} INFO - Started process (PID=2289) to work on /home/airflow/.local/lib/python3.12/site-packages/airflow/example_dags/example_python_decorator.py
[2024-09-24T23:41:49.618+0000] {processor.py:914} INFO - Processing file /home/airflow/.local/lib/python3.12/site-packages/airflow/example_dags/example_python_decorator.py for tasks to queue
[2024-09-24T23:41:49.626+0000] {logging_mixin.py:190} INFO - [2024-09-24T23:41:49.625+0000] {dagbag.py:588} INFO - Filling up the DagBag from /home/airflow/.local/lib/python3.12/site-packages/airflow/example_dags/example_python_decorator.py
[2024-09-24T23:41:49.700+0000] {processor.py:925} INFO - DAG(s) 'example_python_decorator' retrieved from /home/airflow/.local/lib/python3.12/site-packages/airflow/example_dags/example_python_decorator.py
[2024-09-24T23:41:49.844+0000] {logging_mixin.py:190} INFO - [2024-09-24T23:41:49.843+0000] {dag.py:3239} INFO - Sync 1 DAGs
[2024-09-24T23:41:49.945+0000] {logging_mixin.py:190} INFO - [2024-09-24T23:41:49.945+0000] {dag.py:4180} INFO - Setting next_dagrun for example_python_decorator to None, run_after=None
[2024-09-24T23:41:50.045+0000] {processor.py:208} INFO - Processing /home/airflow/.local/lib/python3.12/site-packages/airflow/example_dags/example_python_decorator.py took 0.454 seconds
[2024-09-24T23:42:20.552+0000] {processor.py:186} INFO - Started process (PID=2570) to work on /home/airflow/.local/lib/python3.12/site-packages/airflow/example_dags/example_python_decorator.py
[2024-09-24T23:42:20.555+0000] {processor.py:914} INFO - Processing file /home/airflow/.local/lib/python3.12/site-packages/airflow/example_dags/example_python_decorator.py for tasks to queue
[2024-09-24T23:42:20.563+0000] {logging_mixin.py:190} INFO - [2024-09-24T23:42:20.562+0000] {dagbag.py:588} INFO - Filling up the DagBag from /home/airflow/.local/lib/python3.12/site-packages/airflow/example_dags/example_python_decorator.py
[2024-09-24T23:42:20.637+0000] {processor.py:925} INFO - DAG(s) 'example_python_decorator' retrieved from /home/airflow/.local/lib/python3.12/site-packages/airflow/example_dags/example_python_decorator.py
[2024-09-24T23:42:20.712+0000] {logging_mixin.py:190} INFO - [2024-09-24T23:42:20.711+0000] {dag.py:3239} INFO - Sync 1 DAGs
[2024-09-24T23:42:20.759+0000] {logging_mixin.py:190} INFO - [2024-09-24T23:42:20.759+0000] {dag.py:4180} INFO - Setting next_dagrun for example_python_decorator to None, run_after=None
[2024-09-24T23:42:20.826+0000] {processor.py:208} INFO - Processing /home/airflow/.local/lib/python3.12/site-packages/airflow/example_dags/example_python_decorator.py took 0.294 seconds
[2024-09-24T23:42:51.175+0000] {processor.py:186} INFO - Started process (PID=2856) to work on /home/airflow/.local/lib/python3.12/site-packages/airflow/example_dags/example_python_decorator.py
[2024-09-24T23:42:51.178+0000] {processor.py:914} INFO - Processing file /home/airflow/.local/lib/python3.12/site-packages/airflow/example_dags/example_python_decorator.py for tasks to queue
[2024-09-24T23:42:51.184+0000] {logging_mixin.py:190} INFO - [2024-09-24T23:42:51.183+0000] {dagbag.py:588} INFO - Filling up the DagBag from /home/airflow/.local/lib/python3.12/site-packages/airflow/example_dags/example_python_decorator.py
[2024-09-24T23:42:51.217+0000] {processor.py:925} INFO - DAG(s) 'example_python_decorator' retrieved from /home/airflow/.local/lib/python3.12/site-packages/airflow/example_dags/example_python_decorator.py
[2024-09-24T23:42:51.267+0000] {logging_mixin.py:190} INFO - [2024-09-24T23:42:51.266+0000] {dag.py:3239} INFO - Sync 1 DAGs
[2024-09-24T23:42:51.310+0000] {logging_mixin.py:190} INFO - [2024-09-24T23:42:51.309+0000] {dag.py:4180} INFO - Setting next_dagrun for example_python_decorator to None, run_after=None
[2024-09-24T23:42:51.357+0000] {processor.py:208} INFO - Processing /home/airflow/.local/lib/python3.12/site-packages/airflow/example_dags/example_python_decorator.py took 0.195 seconds
[2024-09-24T23:43:21.465+0000] {processor.py:186} INFO - Started process (PID=3142) to work on /home/airflow/.local/lib/python3.12/site-packages/airflow/example_dags/example_python_decorator.py
[2024-09-24T23:43:21.467+0000] {processor.py:914} INFO - Processing file /home/airflow/.local/lib/python3.12/site-packages/airflow/example_dags/example_python_decorator.py for tasks to queue
[2024-09-24T23:43:21.472+0000] {logging_mixin.py:190} INFO - [2024-09-24T23:43:21.471+0000] {dagbag.py:588} INFO - Filling up the DagBag from /home/airflow/.local/lib/python3.12/site-packages/airflow/example_dags/example_python_decorator.py
[2024-09-24T23:43:21.498+0000] {processor.py:925} INFO - DAG(s) 'example_python_decorator' retrieved from /home/airflow/.local/lib/python3.12/site-packages/airflow/example_dags/example_python_decorator.py
[2024-09-24T23:43:21.538+0000] {logging_mixin.py:190} INFO - [2024-09-24T23:43:21.538+0000] {dag.py:3239} INFO - Sync 1 DAGs
[2024-09-24T23:43:21.573+0000] {logging_mixin.py:190} INFO - [2024-09-24T23:43:21.573+0000] {dag.py:4180} INFO - Setting next_dagrun for example_python_decorator to None, run_after=None
[2024-09-24T23:43:21.617+0000] {processor.py:208} INFO - Processing /home/airflow/.local/lib/python3.12/site-packages/airflow/example_dags/example_python_decorator.py took 0.163 seconds
[2024-09-24T23:43:52.460+0000] {processor.py:186} INFO - Started process (PID=3428) to work on /home/airflow/.local/lib/python3.12/site-packages/airflow/example_dags/example_python_decorator.py
[2024-09-24T23:43:52.464+0000] {processor.py:914} INFO - Processing file /home/airflow/.local/lib/python3.12/site-packages/airflow/example_dags/example_python_decorator.py for tasks to queue
[2024-09-24T23:43:52.479+0000] {logging_mixin.py:190} INFO - [2024-09-24T23:43:52.478+0000] {dagbag.py:588} INFO - Filling up the DagBag from /home/airflow/.local/lib/python3.12/site-packages/airflow/example_dags/example_python_decorator.py
[2024-09-24T23:43:52.530+0000] {processor.py:925} INFO - DAG(s) 'example_python_decorator' retrieved from /home/airflow/.local/lib/python3.12/site-packages/airflow/example_dags/example_python_decorator.py
[2024-09-24T23:43:52.601+0000] {logging_mixin.py:190} INFO - [2024-09-24T23:43:52.600+0000] {dag.py:3239} INFO - Sync 1 DAGs
[2024-09-24T23:43:52.652+0000] {logging_mixin.py:190} INFO - [2024-09-24T23:43:52.651+0000] {dag.py:4180} INFO - Setting next_dagrun for example_python_decorator to None, run_after=None
[2024-09-24T23:43:52.712+0000] {processor.py:208} INFO - Processing /home/airflow/.local/lib/python3.12/site-packages/airflow/example_dags/example_python_decorator.py took 0.277 seconds
[2024-09-24T23:44:23.194+0000] {processor.py:186} INFO - Started process (PID=3711) to work on /home/airflow/.local/lib/python3.12/site-packages/airflow/example_dags/example_python_decorator.py
[2024-09-24T23:44:23.197+0000] {processor.py:914} INFO - Processing file /home/airflow/.local/lib/python3.12/site-packages/airflow/example_dags/example_python_decorator.py for tasks to queue
[2024-09-24T23:44:23.215+0000] {logging_mixin.py:190} INFO - [2024-09-24T23:44:23.205+0000] {dagbag.py:588} INFO - Filling up the DagBag from /home/airflow/.local/lib/python3.12/site-packages/airflow/example_dags/example_python_decorator.py
[2024-09-24T23:44:23.275+0000] {processor.py:925} INFO - DAG(s) 'example_python_decorator' retrieved from /home/airflow/.local/lib/python3.12/site-packages/airflow/example_dags/example_python_decorator.py
[2024-09-24T23:44:23.336+0000] {logging_mixin.py:190} INFO - [2024-09-24T23:44:23.335+0000] {dag.py:3239} INFO - Sync 1 DAGs
[2024-09-24T23:44:23.373+0000] {logging_mixin.py:190} INFO - [2024-09-24T23:44:23.372+0000] {dag.py:4180} INFO - Setting next_dagrun for example_python_decorator to None, run_after=None
[2024-09-24T23:44:23.418+0000] {processor.py:208} INFO - Processing /home/airflow/.local/lib/python3.12/site-packages/airflow/example_dags/example_python_decorator.py took 0.271 seconds
[2024-09-24T23:44:53.576+0000] {processor.py:186} INFO - Started process (PID=3997) to work on /home/airflow/.local/lib/python3.12/site-packages/airflow/example_dags/example_python_decorator.py
[2024-09-24T23:44:53.578+0000] {processor.py:914} INFO - Processing file /home/airflow/.local/lib/python3.12/site-packages/airflow/example_dags/example_python_decorator.py for tasks to queue
[2024-09-24T23:44:53.583+0000] {logging_mixin.py:190} INFO - [2024-09-24T23:44:53.582+0000] {dagbag.py:588} INFO - Filling up the DagBag from /home/airflow/.local/lib/python3.12/site-packages/airflow/example_dags/example_python_decorator.py
[2024-09-24T23:44:53.625+0000] {processor.py:925} INFO - DAG(s) 'example_python_decorator' retrieved from /home/airflow/.local/lib/python3.12/site-packages/airflow/example_dags/example_python_decorator.py
[2024-09-24T23:44:53.674+0000] {logging_mixin.py:190} INFO - [2024-09-24T23:44:53.673+0000] {dag.py:3239} INFO - Sync 1 DAGs
[2024-09-24T23:44:53.712+0000] {logging_mixin.py:190} INFO - [2024-09-24T23:44:53.711+0000] {dag.py:4180} INFO - Setting next_dagrun for example_python_decorator to None, run_after=None
[2024-09-24T23:44:53.768+0000] {processor.py:208} INFO - Processing /home/airflow/.local/lib/python3.12/site-packages/airflow/example_dags/example_python_decorator.py took 0.204 seconds
[2024-09-24T23:45:24.329+0000] {processor.py:186} INFO - Started process (PID=4283) to work on /home/airflow/.local/lib/python3.12/site-packages/airflow/example_dags/example_python_decorator.py
[2024-09-24T23:45:24.331+0000] {processor.py:914} INFO - Processing file /home/airflow/.local/lib/python3.12/site-packages/airflow/example_dags/example_python_decorator.py for tasks to queue
[2024-09-24T23:45:24.335+0000] {logging_mixin.py:190} INFO - [2024-09-24T23:45:24.335+0000] {dagbag.py:588} INFO - Filling up the DagBag from /home/airflow/.local/lib/python3.12/site-packages/airflow/example_dags/example_python_decorator.py
[2024-09-24T23:45:24.358+0000] {processor.py:925} INFO - DAG(s) 'example_python_decorator' retrieved from /home/airflow/.local/lib/python3.12/site-packages/airflow/example_dags/example_python_decorator.py
[2024-09-24T23:45:24.399+0000] {logging_mixin.py:190} INFO - [2024-09-24T23:45:24.398+0000] {dag.py:3239} INFO - Sync 1 DAGs
[2024-09-24T23:45:24.425+0000] {logging_mixin.py:190} INFO - [2024-09-24T23:45:24.425+0000] {dag.py:4180} INFO - Setting next_dagrun for example_python_decorator to None, run_after=None
[2024-09-24T23:45:24.467+0000] {processor.py:208} INFO - Processing /home/airflow/.local/lib/python3.12/site-packages/airflow/example_dags/example_python_decorator.py took 0.150 seconds
[2024-09-24T23:45:54.554+0000] {processor.py:186} INFO - Started process (PID=4569) to work on /home/airflow/.local/lib/python3.12/site-packages/airflow/example_dags/example_python_decorator.py
[2024-09-24T23:45:54.556+0000] {processor.py:914} INFO - Processing file /home/airflow/.local/lib/python3.12/site-packages/airflow/example_dags/example_python_decorator.py for tasks to queue
[2024-09-24T23:45:54.559+0000] {logging_mixin.py:190} INFO - [2024-09-24T23:45:54.559+0000] {dagbag.py:588} INFO - Filling up the DagBag from /home/airflow/.local/lib/python3.12/site-packages/airflow/example_dags/example_python_decorator.py
[2024-09-24T23:45:54.582+0000] {processor.py:925} INFO - DAG(s) 'example_python_decorator' retrieved from /home/airflow/.local/lib/python3.12/site-packages/airflow/example_dags/example_python_decorator.py
[2024-09-24T23:45:54.623+0000] {logging_mixin.py:190} INFO - [2024-09-24T23:45:54.622+0000] {dag.py:3239} INFO - Sync 1 DAGs
[2024-09-24T23:45:54.645+0000] {logging_mixin.py:190} INFO - [2024-09-24T23:45:54.645+0000] {dag.py:4180} INFO - Setting next_dagrun for example_python_decorator to None, run_after=None
[2024-09-24T23:45:54.680+0000] {processor.py:208} INFO - Processing /home/airflow/.local/lib/python3.12/site-packages/airflow/example_dags/example_python_decorator.py took 0.136 seconds
[2024-09-24T23:46:25.472+0000] {processor.py:186} INFO - Started process (PID=4853) to work on /home/airflow/.local/lib/python3.12/site-packages/airflow/example_dags/example_python_decorator.py
[2024-09-24T23:46:25.476+0000] {processor.py:914} INFO - Processing file /home/airflow/.local/lib/python3.12/site-packages/airflow/example_dags/example_python_decorator.py for tasks to queue
[2024-09-24T23:46:25.482+0000] {logging_mixin.py:190} INFO - [2024-09-24T23:46:25.481+0000] {dagbag.py:588} INFO - Filling up the DagBag from /home/airflow/.local/lib/python3.12/site-packages/airflow/example_dags/example_python_decorator.py
[2024-09-24T23:46:25.519+0000] {processor.py:925} INFO - DAG(s) 'example_python_decorator' retrieved from /home/airflow/.local/lib/python3.12/site-packages/airflow/example_dags/example_python_decorator.py
[2024-09-24T23:46:25.568+0000] {logging_mixin.py:190} INFO - [2024-09-24T23:46:25.567+0000] {dag.py:3239} INFO - Sync 1 DAGs
[2024-09-24T23:46:25.602+0000] {logging_mixin.py:190} INFO - [2024-09-24T23:46:25.601+0000] {dag.py:4180} INFO - Setting next_dagrun for example_python_decorator to None, run_after=None
[2024-09-24T23:46:25.646+0000] {processor.py:208} INFO - Processing /home/airflow/.local/lib/python3.12/site-packages/airflow/example_dags/example_python_decorator.py took 0.187 seconds
[2024-09-24T23:46:56.227+0000] {processor.py:186} INFO - Started process (PID=5136) to work on /home/airflow/.local/lib/python3.12/site-packages/airflow/example_dags/example_python_decorator.py
[2024-09-24T23:46:56.229+0000] {processor.py:914} INFO - Processing file /home/airflow/.local/lib/python3.12/site-packages/airflow/example_dags/example_python_decorator.py for tasks to queue
[2024-09-24T23:46:56.236+0000] {logging_mixin.py:190} INFO - [2024-09-24T23:46:56.235+0000] {dagbag.py:588} INFO - Filling up the DagBag from /home/airflow/.local/lib/python3.12/site-packages/airflow/example_dags/example_python_decorator.py
[2024-09-24T23:46:56.314+0000] {processor.py:925} INFO - DAG(s) 'example_python_decorator' retrieved from /home/airflow/.local/lib/python3.12/site-packages/airflow/example_dags/example_python_decorator.py
[2024-09-24T23:46:56.429+0000] {logging_mixin.py:190} INFO - [2024-09-24T23:46:56.428+0000] {dag.py:3239} INFO - Sync 1 DAGs
[2024-09-24T23:46:56.486+0000] {logging_mixin.py:190} INFO - [2024-09-24T23:46:56.485+0000] {dag.py:4180} INFO - Setting next_dagrun for example_python_decorator to None, run_after=None
[2024-09-24T23:46:56.572+0000] {processor.py:208} INFO - Processing /home/airflow/.local/lib/python3.12/site-packages/airflow/example_dags/example_python_decorator.py took 0.368 seconds
[2024-09-24T23:47:26.987+0000] {processor.py:186} INFO - Started process (PID=5422) to work on /home/airflow/.local/lib/python3.12/site-packages/airflow/example_dags/example_python_decorator.py
[2024-09-24T23:47:26.990+0000] {processor.py:914} INFO - Processing file /home/airflow/.local/lib/python3.12/site-packages/airflow/example_dags/example_python_decorator.py for tasks to queue
[2024-09-24T23:47:26.997+0000] {logging_mixin.py:190} INFO - [2024-09-24T23:47:26.996+0000] {dagbag.py:588} INFO - Filling up the DagBag from /home/airflow/.local/lib/python3.12/site-packages/airflow/example_dags/example_python_decorator.py
[2024-09-24T23:47:27.043+0000] {processor.py:925} INFO - DAG(s) 'example_python_decorator' retrieved from /home/airflow/.local/lib/python3.12/site-packages/airflow/example_dags/example_python_decorator.py
[2024-09-24T23:47:27.097+0000] {logging_mixin.py:190} INFO - [2024-09-24T23:47:27.097+0000] {dag.py:3239} INFO - Sync 1 DAGs
[2024-09-24T23:47:27.135+0000] {logging_mixin.py:190} INFO - [2024-09-24T23:47:27.135+0000] {dag.py:4180} INFO - Setting next_dagrun for example_python_decorator to None, run_after=None
[2024-09-24T23:47:27.180+0000] {processor.py:208} INFO - Processing /home/airflow/.local/lib/python3.12/site-packages/airflow/example_dags/example_python_decorator.py took 0.212 seconds
[2024-09-24T23:47:57.549+0000] {processor.py:186} INFO - Started process (PID=5708) to work on /home/airflow/.local/lib/python3.12/site-packages/airflow/example_dags/example_python_decorator.py
[2024-09-24T23:47:57.551+0000] {processor.py:914} INFO - Processing file /home/airflow/.local/lib/python3.12/site-packages/airflow/example_dags/example_python_decorator.py for tasks to queue
[2024-09-24T23:47:57.557+0000] {logging_mixin.py:190} INFO - [2024-09-24T23:47:57.556+0000] {dagbag.py:588} INFO - Filling up the DagBag from /home/airflow/.local/lib/python3.12/site-packages/airflow/example_dags/example_python_decorator.py
[2024-09-24T23:47:57.594+0000] {processor.py:925} INFO - DAG(s) 'example_python_decorator' retrieved from /home/airflow/.local/lib/python3.12/site-packages/airflow/example_dags/example_python_decorator.py
[2024-09-24T23:47:57.648+0000] {logging_mixin.py:190} INFO - [2024-09-24T23:47:57.647+0000] {dag.py:3239} INFO - Sync 1 DAGs
[2024-09-24T23:47:57.688+0000] {logging_mixin.py:190} INFO - [2024-09-24T23:47:57.688+0000] {dag.py:4180} INFO - Setting next_dagrun for example_python_decorator to None, run_after=None
[2024-09-24T23:47:57.729+0000] {processor.py:208} INFO - Processing /home/airflow/.local/lib/python3.12/site-packages/airflow/example_dags/example_python_decorator.py took 0.191 seconds
[2024-09-24T23:48:28.129+0000] {processor.py:186} INFO - Started process (PID=5994) to work on /home/airflow/.local/lib/python3.12/site-packages/airflow/example_dags/example_python_decorator.py
[2024-09-24T23:48:28.131+0000] {processor.py:914} INFO - Processing file /home/airflow/.local/lib/python3.12/site-packages/airflow/example_dags/example_python_decorator.py for tasks to queue
[2024-09-24T23:48:28.134+0000] {logging_mixin.py:190} INFO - [2024-09-24T23:48:28.134+0000] {dagbag.py:588} INFO - Filling up the DagBag from /home/airflow/.local/lib/python3.12/site-packages/airflow/example_dags/example_python_decorator.py
[2024-09-24T23:48:28.161+0000] {processor.py:925} INFO - DAG(s) 'example_python_decorator' retrieved from /home/airflow/.local/lib/python3.12/site-packages/airflow/example_dags/example_python_decorator.py
[2024-09-24T23:48:28.213+0000] {logging_mixin.py:190} INFO - [2024-09-24T23:48:28.212+0000] {dag.py:3239} INFO - Sync 1 DAGs
[2024-09-24T23:48:28.248+0000] {logging_mixin.py:190} INFO - [2024-09-24T23:48:28.248+0000] {dag.py:4180} INFO - Setting next_dagrun for example_python_decorator to None, run_after=None
[2024-09-24T23:48:28.297+0000] {processor.py:208} INFO - Processing /home/airflow/.local/lib/python3.12/site-packages/airflow/example_dags/example_python_decorator.py took 0.176 seconds
[2024-09-24T23:48:58.550+0000] {processor.py:186} INFO - Started process (PID=6280) to work on /home/airflow/.local/lib/python3.12/site-packages/airflow/example_dags/example_python_decorator.py
[2024-09-24T23:48:58.563+0000] {processor.py:914} INFO - Processing file /home/airflow/.local/lib/python3.12/site-packages/airflow/example_dags/example_python_decorator.py for tasks to queue
[2024-09-24T23:48:58.577+0000] {logging_mixin.py:190} INFO - [2024-09-24T23:48:58.570+0000] {dagbag.py:588} INFO - Filling up the DagBag from /home/airflow/.local/lib/python3.12/site-packages/airflow/example_dags/example_python_decorator.py
[2024-09-24T23:48:58.639+0000] {processor.py:925} INFO - DAG(s) 'example_python_decorator' retrieved from /home/airflow/.local/lib/python3.12/site-packages/airflow/example_dags/example_python_decorator.py
[2024-09-24T23:48:58.707+0000] {logging_mixin.py:190} INFO - [2024-09-24T23:48:58.707+0000] {dag.py:3239} INFO - Sync 1 DAGs
[2024-09-24T23:48:58.750+0000] {logging_mixin.py:190} INFO - [2024-09-24T23:48:58.749+0000] {dag.py:4180} INFO - Setting next_dagrun for example_python_decorator to None, run_after=None
[2024-09-24T23:48:58.804+0000] {processor.py:208} INFO - Processing /home/airflow/.local/lib/python3.12/site-packages/airflow/example_dags/example_python_decorator.py took 0.282 seconds
[2024-09-24T23:49:29.174+0000] {processor.py:186} INFO - Started process (PID=6564) to work on /home/airflow/.local/lib/python3.12/site-packages/airflow/example_dags/example_python_decorator.py
[2024-09-24T23:49:29.177+0000] {processor.py:914} INFO - Processing file /home/airflow/.local/lib/python3.12/site-packages/airflow/example_dags/example_python_decorator.py for tasks to queue
[2024-09-24T23:49:29.184+0000] {logging_mixin.py:190} INFO - [2024-09-24T23:49:29.183+0000] {dagbag.py:588} INFO - Filling up the DagBag from /home/airflow/.local/lib/python3.12/site-packages/airflow/example_dags/example_python_decorator.py
[2024-09-24T23:49:29.244+0000] {processor.py:925} INFO - DAG(s) 'example_python_decorator' retrieved from /home/airflow/.local/lib/python3.12/site-packages/airflow/example_dags/example_python_decorator.py
[2024-09-24T23:49:29.392+0000] {logging_mixin.py:190} INFO - [2024-09-24T23:49:29.391+0000] {dag.py:3239} INFO - Sync 1 DAGs
[2024-09-24T23:49:29.432+0000] {logging_mixin.py:190} INFO - [2024-09-24T23:49:29.432+0000] {dag.py:4180} INFO - Setting next_dagrun for example_python_decorator to None, run_after=None
[2024-09-24T23:49:29.485+0000] {processor.py:208} INFO - Processing /home/airflow/.local/lib/python3.12/site-packages/airflow/example_dags/example_python_decorator.py took 0.330 seconds
[2024-09-24T23:49:59.680+0000] {processor.py:186} INFO - Started process (PID=6850) to work on /home/airflow/.local/lib/python3.12/site-packages/airflow/example_dags/example_python_decorator.py
[2024-09-24T23:49:59.682+0000] {processor.py:914} INFO - Processing file /home/airflow/.local/lib/python3.12/site-packages/airflow/example_dags/example_python_decorator.py for tasks to queue
[2024-09-24T23:49:59.687+0000] {logging_mixin.py:190} INFO - [2024-09-24T23:49:59.687+0000] {dagbag.py:588} INFO - Filling up the DagBag from /home/airflow/.local/lib/python3.12/site-packages/airflow/example_dags/example_python_decorator.py
[2024-09-24T23:49:59.718+0000] {processor.py:925} INFO - DAG(s) 'example_python_decorator' retrieved from /home/airflow/.local/lib/python3.12/site-packages/airflow/example_dags/example_python_decorator.py
[2024-09-24T23:49:59.770+0000] {logging_mixin.py:190} INFO - [2024-09-24T23:49:59.769+0000] {dag.py:3239} INFO - Sync 1 DAGs
[2024-09-24T23:49:59.802+0000] {logging_mixin.py:190} INFO - [2024-09-24T23:49:59.801+0000] {dag.py:4180} INFO - Setting next_dagrun for example_python_decorator to None, run_after=None
[2024-09-24T23:49:59.847+0000] {processor.py:208} INFO - Processing /home/airflow/.local/lib/python3.12/site-packages/airflow/example_dags/example_python_decorator.py took 0.178 seconds
[2024-09-24T23:50:30.747+0000] {processor.py:186} INFO - Started process (PID=7136) to work on /home/airflow/.local/lib/python3.12/site-packages/airflow/example_dags/example_python_decorator.py
[2024-09-24T23:50:30.750+0000] {processor.py:914} INFO - Processing file /home/airflow/.local/lib/python3.12/site-packages/airflow/example_dags/example_python_decorator.py for tasks to queue
[2024-09-24T23:50:30.756+0000] {logging_mixin.py:190} INFO - [2024-09-24T23:50:30.755+0000] {dagbag.py:588} INFO - Filling up the DagBag from /home/airflow/.local/lib/python3.12/site-packages/airflow/example_dags/example_python_decorator.py
[2024-09-24T23:50:30.796+0000] {processor.py:925} INFO - DAG(s) 'example_python_decorator' retrieved from /home/airflow/.local/lib/python3.12/site-packages/airflow/example_dags/example_python_decorator.py
[2024-09-24T23:50:30.850+0000] {logging_mixin.py:190} INFO - [2024-09-24T23:50:30.850+0000] {dag.py:3239} INFO - Sync 1 DAGs
[2024-09-24T23:50:30.901+0000] {logging_mixin.py:190} INFO - [2024-09-24T23:50:30.900+0000] {dag.py:4180} INFO - Setting next_dagrun for example_python_decorator to None, run_after=None
[2024-09-24T23:50:30.966+0000] {processor.py:208} INFO - Processing /home/airflow/.local/lib/python3.12/site-packages/airflow/example_dags/example_python_decorator.py took 0.231 seconds
[2024-09-24T23:51:02.044+0000] {processor.py:186} INFO - Started process (PID=7422) to work on /home/airflow/.local/lib/python3.12/site-packages/airflow/example_dags/example_python_decorator.py
[2024-09-24T23:51:02.048+0000] {processor.py:914} INFO - Processing file /home/airflow/.local/lib/python3.12/site-packages/airflow/example_dags/example_python_decorator.py for tasks to queue
[2024-09-24T23:51:02.053+0000] {logging_mixin.py:190} INFO - [2024-09-24T23:51:02.053+0000] {dagbag.py:588} INFO - Filling up the DagBag from /home/airflow/.local/lib/python3.12/site-packages/airflow/example_dags/example_python_decorator.py
[2024-09-24T23:51:02.123+0000] {processor.py:925} INFO - DAG(s) 'example_python_decorator' retrieved from /home/airflow/.local/lib/python3.12/site-packages/airflow/example_dags/example_python_decorator.py
[2024-09-24T23:51:02.225+0000] {logging_mixin.py:190} INFO - [2024-09-24T23:51:02.224+0000] {dag.py:3239} INFO - Sync 1 DAGs
[2024-09-24T23:51:02.306+0000] {logging_mixin.py:190} INFO - [2024-09-24T23:51:02.305+0000] {dag.py:4180} INFO - Setting next_dagrun for example_python_decorator to None, run_after=None
[2024-09-24T23:51:02.396+0000] {processor.py:208} INFO - Processing /home/airflow/.local/lib/python3.12/site-packages/airflow/example_dags/example_python_decorator.py took 0.371 seconds
[2024-09-24T23:51:33.045+0000] {processor.py:186} INFO - Started process (PID=7714) to work on /home/airflow/.local/lib/python3.12/site-packages/airflow/example_dags/example_python_decorator.py
[2024-09-24T23:51:33.047+0000] {processor.py:914} INFO - Processing file /home/airflow/.local/lib/python3.12/site-packages/airflow/example_dags/example_python_decorator.py for tasks to queue
[2024-09-24T23:51:33.051+0000] {logging_mixin.py:190} INFO - [2024-09-24T23:51:33.050+0000] {dagbag.py:588} INFO - Filling up the DagBag from /home/airflow/.local/lib/python3.12/site-packages/airflow/example_dags/example_python_decorator.py
[2024-09-24T23:51:33.080+0000] {processor.py:925} INFO - DAG(s) 'example_python_decorator' retrieved from /home/airflow/.local/lib/python3.12/site-packages/airflow/example_dags/example_python_decorator.py
[2024-09-24T23:51:33.132+0000] {logging_mixin.py:190} INFO - [2024-09-24T23:51:33.131+0000] {dag.py:3239} INFO - Sync 1 DAGs
[2024-09-24T23:51:33.167+0000] {logging_mixin.py:190} INFO - [2024-09-24T23:51:33.166+0000] {dag.py:4180} INFO - Setting next_dagrun for example_python_decorator to None, run_after=None
[2024-09-24T23:51:33.213+0000] {processor.py:208} INFO - Processing /home/airflow/.local/lib/python3.12/site-packages/airflow/example_dags/example_python_decorator.py took 0.178 seconds
[2024-09-24T23:52:03.486+0000] {processor.py:186} INFO - Started process (PID=8001) to work on /home/airflow/.local/lib/python3.12/site-packages/airflow/example_dags/example_python_decorator.py
[2024-09-24T23:52:03.487+0000] {processor.py:914} INFO - Processing file /home/airflow/.local/lib/python3.12/site-packages/airflow/example_dags/example_python_decorator.py for tasks to queue
[2024-09-24T23:52:03.491+0000] {logging_mixin.py:190} INFO - [2024-09-24T23:52:03.491+0000] {dagbag.py:588} INFO - Filling up the DagBag from /home/airflow/.local/lib/python3.12/site-packages/airflow/example_dags/example_python_decorator.py
[2024-09-24T23:52:03.522+0000] {processor.py:925} INFO - DAG(s) 'example_python_decorator' retrieved from /home/airflow/.local/lib/python3.12/site-packages/airflow/example_dags/example_python_decorator.py
[2024-09-24T23:52:03.563+0000] {logging_mixin.py:190} INFO - [2024-09-24T23:52:03.562+0000] {dag.py:3239} INFO - Sync 1 DAGs
[2024-09-24T23:52:03.593+0000] {logging_mixin.py:190} INFO - [2024-09-24T23:52:03.592+0000] {dag.py:4180} INFO - Setting next_dagrun for example_python_decorator to None, run_after=None
[2024-09-24T23:52:03.635+0000] {processor.py:208} INFO - Processing /home/airflow/.local/lib/python3.12/site-packages/airflow/example_dags/example_python_decorator.py took 0.159 seconds
[2024-09-24T23:52:34.451+0000] {processor.py:186} INFO - Started process (PID=8287) to work on /home/airflow/.local/lib/python3.12/site-packages/airflow/example_dags/example_python_decorator.py
[2024-09-24T23:52:34.453+0000] {processor.py:914} INFO - Processing file /home/airflow/.local/lib/python3.12/site-packages/airflow/example_dags/example_python_decorator.py for tasks to queue
[2024-09-24T23:52:34.459+0000] {logging_mixin.py:190} INFO - [2024-09-24T23:52:34.458+0000] {dagbag.py:588} INFO - Filling up the DagBag from /home/airflow/.local/lib/python3.12/site-packages/airflow/example_dags/example_python_decorator.py
[2024-09-24T23:52:34.496+0000] {processor.py:925} INFO - DAG(s) 'example_python_decorator' retrieved from /home/airflow/.local/lib/python3.12/site-packages/airflow/example_dags/example_python_decorator.py
[2024-09-24T23:52:34.557+0000] {logging_mixin.py:190} INFO - [2024-09-24T23:52:34.557+0000] {dag.py:3239} INFO - Sync 1 DAGs
[2024-09-24T23:52:34.599+0000] {logging_mixin.py:190} INFO - [2024-09-24T23:52:34.598+0000] {dag.py:4180} INFO - Setting next_dagrun for example_python_decorator to None, run_after=None
[2024-09-24T23:52:34.651+0000] {processor.py:208} INFO - Processing /home/airflow/.local/lib/python3.12/site-packages/airflow/example_dags/example_python_decorator.py took 0.211 seconds
[2024-09-24T23:53:04.775+0000] {processor.py:186} INFO - Started process (PID=8573) to work on /home/airflow/.local/lib/python3.12/site-packages/airflow/example_dags/example_python_decorator.py
[2024-09-24T23:53:04.776+0000] {processor.py:914} INFO - Processing file /home/airflow/.local/lib/python3.12/site-packages/airflow/example_dags/example_python_decorator.py for tasks to queue
[2024-09-24T23:53:04.781+0000] {logging_mixin.py:190} INFO - [2024-09-24T23:53:04.780+0000] {dagbag.py:588} INFO - Filling up the DagBag from /home/airflow/.local/lib/python3.12/site-packages/airflow/example_dags/example_python_decorator.py
[2024-09-24T23:53:04.812+0000] {processor.py:925} INFO - DAG(s) 'example_python_decorator' retrieved from /home/airflow/.local/lib/python3.12/site-packages/airflow/example_dags/example_python_decorator.py
[2024-09-24T23:53:04.863+0000] {logging_mixin.py:190} INFO - [2024-09-24T23:53:04.863+0000] {dag.py:3239} INFO - Sync 1 DAGs
[2024-09-24T23:53:04.890+0000] {logging_mixin.py:190} INFO - [2024-09-24T23:53:04.890+0000] {dag.py:4180} INFO - Setting next_dagrun for example_python_decorator to None, run_after=None
[2024-09-24T23:53:04.934+0000] {processor.py:208} INFO - Processing /home/airflow/.local/lib/python3.12/site-packages/airflow/example_dags/example_python_decorator.py took 0.170 seconds
[2024-09-24T23:53:35.211+0000] {processor.py:186} INFO - Started process (PID=8859) to work on /home/airflow/.local/lib/python3.12/site-packages/airflow/example_dags/example_python_decorator.py
[2024-09-24T23:53:35.213+0000] {processor.py:914} INFO - Processing file /home/airflow/.local/lib/python3.12/site-packages/airflow/example_dags/example_python_decorator.py for tasks to queue
[2024-09-24T23:53:35.218+0000] {logging_mixin.py:190} INFO - [2024-09-24T23:53:35.217+0000] {dagbag.py:588} INFO - Filling up the DagBag from /home/airflow/.local/lib/python3.12/site-packages/airflow/example_dags/example_python_decorator.py
[2024-09-24T23:53:35.249+0000] {processor.py:925} INFO - DAG(s) 'example_python_decorator' retrieved from /home/airflow/.local/lib/python3.12/site-packages/airflow/example_dags/example_python_decorator.py
[2024-09-24T23:53:35.289+0000] {logging_mixin.py:190} INFO - [2024-09-24T23:53:35.289+0000] {dag.py:3239} INFO - Sync 1 DAGs
[2024-09-24T23:53:35.319+0000] {logging_mixin.py:190} INFO - [2024-09-24T23:53:35.319+0000] {dag.py:4180} INFO - Setting next_dagrun for example_python_decorator to None, run_after=None
[2024-09-24T23:53:35.358+0000] {processor.py:208} INFO - Processing /home/airflow/.local/lib/python3.12/site-packages/airflow/example_dags/example_python_decorator.py took 0.156 seconds
[2024-09-24T23:54:05.763+0000] {processor.py:186} INFO - Started process (PID=9145) to work on /home/airflow/.local/lib/python3.12/site-packages/airflow/example_dags/example_python_decorator.py
[2024-09-24T23:54:05.766+0000] {processor.py:914} INFO - Processing file /home/airflow/.local/lib/python3.12/site-packages/airflow/example_dags/example_python_decorator.py for tasks to queue
[2024-09-24T23:54:05.771+0000] {logging_mixin.py:190} INFO - [2024-09-24T23:54:05.771+0000] {dagbag.py:588} INFO - Filling up the DagBag from /home/airflow/.local/lib/python3.12/site-packages/airflow/example_dags/example_python_decorator.py
[2024-09-24T23:54:05.798+0000] {processor.py:925} INFO - DAG(s) 'example_python_decorator' retrieved from /home/airflow/.local/lib/python3.12/site-packages/airflow/example_dags/example_python_decorator.py
[2024-09-24T23:54:05.842+0000] {logging_mixin.py:190} INFO - [2024-09-24T23:54:05.842+0000] {dag.py:3239} INFO - Sync 1 DAGs
[2024-09-24T23:54:05.875+0000] {logging_mixin.py:190} INFO - [2024-09-24T23:54:05.875+0000] {dag.py:4180} INFO - Setting next_dagrun for example_python_decorator to None, run_after=None
[2024-09-24T23:54:05.920+0000] {processor.py:208} INFO - Processing /home/airflow/.local/lib/python3.12/site-packages/airflow/example_dags/example_python_decorator.py took 0.170 seconds
[2024-09-24T23:54:36.565+0000] {processor.py:186} INFO - Started process (PID=9431) to work on /home/airflow/.local/lib/python3.12/site-packages/airflow/example_dags/example_python_decorator.py
[2024-09-24T23:54:36.567+0000] {processor.py:914} INFO - Processing file /home/airflow/.local/lib/python3.12/site-packages/airflow/example_dags/example_python_decorator.py for tasks to queue
[2024-09-24T23:54:36.570+0000] {logging_mixin.py:190} INFO - [2024-09-24T23:54:36.570+0000] {dagbag.py:588} INFO - Filling up the DagBag from /home/airflow/.local/lib/python3.12/site-packages/airflow/example_dags/example_python_decorator.py
[2024-09-24T23:54:36.601+0000] {processor.py:925} INFO - DAG(s) 'example_python_decorator' retrieved from /home/airflow/.local/lib/python3.12/site-packages/airflow/example_dags/example_python_decorator.py
[2024-09-24T23:54:36.648+0000] {logging_mixin.py:190} INFO - [2024-09-24T23:54:36.647+0000] {dag.py:3239} INFO - Sync 1 DAGs
[2024-09-24T23:54:36.681+0000] {logging_mixin.py:190} INFO - [2024-09-24T23:54:36.681+0000] {dag.py:4180} INFO - Setting next_dagrun for example_python_decorator to None, run_after=None
[2024-09-24T23:54:36.720+0000] {processor.py:208} INFO - Processing /home/airflow/.local/lib/python3.12/site-packages/airflow/example_dags/example_python_decorator.py took 0.166 seconds
[2024-09-24T23:55:06.873+0000] {processor.py:186} INFO - Started process (PID=9712) to work on /home/airflow/.local/lib/python3.12/site-packages/airflow/example_dags/example_python_decorator.py
[2024-09-24T23:55:06.876+0000] {processor.py:914} INFO - Processing file /home/airflow/.local/lib/python3.12/site-packages/airflow/example_dags/example_python_decorator.py for tasks to queue
[2024-09-24T23:55:06.887+0000] {logging_mixin.py:190} INFO - [2024-09-24T23:55:06.886+0000] {dagbag.py:588} INFO - Filling up the DagBag from /home/airflow/.local/lib/python3.12/site-packages/airflow/example_dags/example_python_decorator.py
[2024-09-24T23:55:06.988+0000] {processor.py:925} INFO - DAG(s) 'example_python_decorator' retrieved from /home/airflow/.local/lib/python3.12/site-packages/airflow/example_dags/example_python_decorator.py
[2024-09-24T23:55:07.112+0000] {logging_mixin.py:190} INFO - [2024-09-24T23:55:07.108+0000] {dag.py:3239} INFO - Sync 1 DAGs
[2024-09-24T23:55:07.192+0000] {logging_mixin.py:190} INFO - [2024-09-24T23:55:07.190+0000] {dag.py:4180} INFO - Setting next_dagrun for example_python_decorator to None, run_after=None
[2024-09-24T23:55:07.266+0000] {processor.py:208} INFO - Processing /home/airflow/.local/lib/python3.12/site-packages/airflow/example_dags/example_python_decorator.py took 0.415 seconds
[2024-09-24T23:55:38.724+0000] {processor.py:186} INFO - Started process (PID=9998) to work on /home/airflow/.local/lib/python3.12/site-packages/airflow/example_dags/example_python_decorator.py
[2024-09-24T23:55:38.726+0000] {processor.py:914} INFO - Processing file /home/airflow/.local/lib/python3.12/site-packages/airflow/example_dags/example_python_decorator.py for tasks to queue
[2024-09-24T23:55:38.739+0000] {logging_mixin.py:190} INFO - [2024-09-24T23:55:38.737+0000] {dagbag.py:588} INFO - Filling up the DagBag from /home/airflow/.local/lib/python3.12/site-packages/airflow/example_dags/example_python_decorator.py
[2024-09-24T23:55:38.790+0000] {processor.py:925} INFO - DAG(s) 'example_python_decorator' retrieved from /home/airflow/.local/lib/python3.12/site-packages/airflow/example_dags/example_python_decorator.py
[2024-09-24T23:55:38.858+0000] {logging_mixin.py:190} INFO - [2024-09-24T23:55:38.858+0000] {dag.py:3239} INFO - Sync 1 DAGs
[2024-09-24T23:55:38.924+0000] {logging_mixin.py:190} INFO - [2024-09-24T23:55:38.923+0000] {dag.py:4180} INFO - Setting next_dagrun for example_python_decorator to None, run_after=None
[2024-09-24T23:55:38.996+0000] {processor.py:208} INFO - Processing /home/airflow/.local/lib/python3.12/site-packages/airflow/example_dags/example_python_decorator.py took 0.288 seconds
[2024-09-24T23:56:09.341+0000] {processor.py:186} INFO - Started process (PID=10281) to work on /home/airflow/.local/lib/python3.12/site-packages/airflow/example_dags/example_python_decorator.py
[2024-09-24T23:56:09.343+0000] {processor.py:914} INFO - Processing file /home/airflow/.local/lib/python3.12/site-packages/airflow/example_dags/example_python_decorator.py for tasks to queue
[2024-09-24T23:56:09.348+0000] {logging_mixin.py:190} INFO - [2024-09-24T23:56:09.347+0000] {dagbag.py:588} INFO - Filling up the DagBag from /home/airflow/.local/lib/python3.12/site-packages/airflow/example_dags/example_python_decorator.py
[2024-09-24T23:56:09.378+0000] {processor.py:925} INFO - DAG(s) 'example_python_decorator' retrieved from /home/airflow/.local/lib/python3.12/site-packages/airflow/example_dags/example_python_decorator.py
[2024-09-24T23:56:09.453+0000] {logging_mixin.py:190} INFO - [2024-09-24T23:56:09.452+0000] {dag.py:3239} INFO - Sync 1 DAGs
[2024-09-24T23:56:09.504+0000] {logging_mixin.py:190} INFO - [2024-09-24T23:56:09.504+0000] {dag.py:4180} INFO - Setting next_dagrun for example_python_decorator to None, run_after=None
[2024-09-24T23:56:09.569+0000] {processor.py:208} INFO - Processing /home/airflow/.local/lib/python3.12/site-packages/airflow/example_dags/example_python_decorator.py took 0.238 seconds
