[2024-09-24T23:38:07.637+0000] {processor.py:186} INFO - Started process (PID=316) to work on /home/airflow/.local/lib/python3.12/site-packages/airflow/example_dags/example_task_group_decorator.py
[2024-09-24T23:38:07.640+0000] {processor.py:914} INFO - Processing file /home/airflow/.local/lib/python3.12/site-packages/airflow/example_dags/example_task_group_decorator.py for tasks to queue
[2024-09-24T23:38:07.649+0000] {logging_mixin.py:190} INFO - [2024-09-24T23:38:07.647+0000] {dagbag.py:588} INFO - Filling up the DagBag from /home/airflow/.local/lib/python3.12/site-packages/airflow/example_dags/example_task_group_decorator.py
[2024-09-24T23:38:07.756+0000] {processor.py:925} INFO - DAG(s) 'example_task_group_decorator' retrieved from /home/airflow/.local/lib/python3.12/site-packages/airflow/example_dags/example_task_group_decorator.py
[2024-09-24T23:38:08.902+0000] {logging_mixin.py:190} INFO - [2024-09-24T23:38:08.894+0000] {override.py:1900} INFO - Created Permission View: can edit on DAG:example_task_group_decorator
[2024-09-24T23:38:09.011+0000] {logging_mixin.py:190} INFO - [2024-09-24T23:38:09.010+0000] {override.py:1900} INFO - Created Permission View: can read on DAG:example_task_group_decorator
[2024-09-24T23:38:09.073+0000] {logging_mixin.py:190} INFO - [2024-09-24T23:38:09.072+0000] {override.py:1900} INFO - Created Permission View: can delete on DAG:example_task_group_decorator
[2024-09-24T23:38:09.115+0000] {logging_mixin.py:190} INFO - [2024-09-24T23:38:09.113+0000] {override.py:1900} INFO - Created Permission View: can read on DAG Run:example_task_group_decorator
[2024-09-24T23:38:09.149+0000] {logging_mixin.py:190} INFO - [2024-09-24T23:38:09.148+0000] {override.py:1900} INFO - Created Permission View: menu access on DAG Run:example_task_group_decorator
[2024-09-24T23:38:09.184+0000] {logging_mixin.py:190} INFO - [2024-09-24T23:38:09.183+0000] {override.py:1900} INFO - Created Permission View: can delete on DAG Run:example_task_group_decorator
[2024-09-24T23:38:09.214+0000] {logging_mixin.py:190} INFO - [2024-09-24T23:38:09.213+0000] {override.py:1900} INFO - Created Permission View: can create on DAG Run:example_task_group_decorator
[2024-09-24T23:38:09.217+0000] {logging_mixin.py:190} INFO - [2024-09-24T23:38:09.216+0000] {dag.py:3239} INFO - Sync 1 DAGs
[2024-09-24T23:38:09.366+0000] {logging_mixin.py:190} INFO - [2024-09-24T23:38:09.361+0000] {dag.py:3262} INFO - Creating ORM DAG for example_task_group_decorator
[2024-09-24T23:38:09.382+0000] {logging_mixin.py:190} INFO - [2024-09-24T23:38:09.380+0000] {dag.py:4180} INFO - Setting next_dagrun for example_task_group_decorator to None, run_after=None
[2024-09-24T23:38:09.519+0000] {processor.py:208} INFO - Processing /home/airflow/.local/lib/python3.12/site-packages/airflow/example_dags/example_task_group_decorator.py took 1.905 seconds
[2024-09-24T23:38:40.317+0000] {processor.py:186} INFO - Started process (PID=602) to work on /home/airflow/.local/lib/python3.12/site-packages/airflow/example_dags/example_task_group_decorator.py
[2024-09-24T23:38:40.319+0000] {processor.py:914} INFO - Processing file /home/airflow/.local/lib/python3.12/site-packages/airflow/example_dags/example_task_group_decorator.py for tasks to queue
[2024-09-24T23:38:40.325+0000] {logging_mixin.py:190} INFO - [2024-09-24T23:38:40.325+0000] {dagbag.py:588} INFO - Filling up the DagBag from /home/airflow/.local/lib/python3.12/site-packages/airflow/example_dags/example_task_group_decorator.py
[2024-09-24T23:38:40.359+0000] {processor.py:925} INFO - DAG(s) 'example_task_group_decorator' retrieved from /home/airflow/.local/lib/python3.12/site-packages/airflow/example_dags/example_task_group_decorator.py
[2024-09-24T23:38:40.428+0000] {logging_mixin.py:190} INFO - [2024-09-24T23:38:40.428+0000] {dag.py:3239} INFO - Sync 1 DAGs
[2024-09-24T23:38:40.464+0000] {logging_mixin.py:190} INFO - [2024-09-24T23:38:40.464+0000] {dag.py:4180} INFO - Setting next_dagrun for example_task_group_decorator to None, run_after=None
[2024-09-24T23:38:40.511+0000] {processor.py:208} INFO - Processing /home/airflow/.local/lib/python3.12/site-packages/airflow/example_dags/example_task_group_decorator.py took 0.208 seconds
[2024-09-24T23:39:12.903+0000] {processor.py:186} INFO - Started process (PID=887) to work on /home/airflow/.local/lib/python3.12/site-packages/airflow/example_dags/example_task_group_decorator.py
[2024-09-24T23:39:12.909+0000] {processor.py:914} INFO - Processing file /home/airflow/.local/lib/python3.12/site-packages/airflow/example_dags/example_task_group_decorator.py for tasks to queue
[2024-09-24T23:39:12.926+0000] {logging_mixin.py:190} INFO - [2024-09-24T23:39:12.915+0000] {dagbag.py:588} INFO - Filling up the DagBag from /home/airflow/.local/lib/python3.12/site-packages/airflow/example_dags/example_task_group_decorator.py
[2024-09-24T23:39:13.011+0000] {processor.py:925} INFO - DAG(s) 'example_task_group_decorator' retrieved from /home/airflow/.local/lib/python3.12/site-packages/airflow/example_dags/example_task_group_decorator.py
[2024-09-24T23:39:13.187+0000] {logging_mixin.py:190} INFO - [2024-09-24T23:39:13.177+0000] {dag.py:3239} INFO - Sync 1 DAGs
[2024-09-24T23:39:13.278+0000] {logging_mixin.py:190} INFO - [2024-09-24T23:39:13.277+0000] {dag.py:4180} INFO - Setting next_dagrun for example_task_group_decorator to None, run_after=None
[2024-09-24T23:39:13.366+0000] {processor.py:208} INFO - Processing /home/airflow/.local/lib/python3.12/site-packages/airflow/example_dags/example_task_group_decorator.py took 0.491 seconds
[2024-09-24T23:39:44.946+0000] {processor.py:186} INFO - Started process (PID=1173) to work on /home/airflow/.local/lib/python3.12/site-packages/airflow/example_dags/example_task_group_decorator.py
[2024-09-24T23:39:44.949+0000] {processor.py:914} INFO - Processing file /home/airflow/.local/lib/python3.12/site-packages/airflow/example_dags/example_task_group_decorator.py for tasks to queue
[2024-09-24T23:39:44.989+0000] {logging_mixin.py:190} INFO - [2024-09-24T23:39:44.982+0000] {dagbag.py:588} INFO - Filling up the DagBag from /home/airflow/.local/lib/python3.12/site-packages/airflow/example_dags/example_task_group_decorator.py
[2024-09-24T23:39:45.155+0000] {processor.py:925} INFO - DAG(s) 'example_task_group_decorator' retrieved from /home/airflow/.local/lib/python3.12/site-packages/airflow/example_dags/example_task_group_decorator.py
[2024-09-24T23:39:45.284+0000] {logging_mixin.py:190} INFO - [2024-09-24T23:39:45.284+0000] {dag.py:3239} INFO - Sync 1 DAGs
[2024-09-24T23:39:45.324+0000] {logging_mixin.py:190} INFO - [2024-09-24T23:39:45.323+0000] {dag.py:4180} INFO - Setting next_dagrun for example_task_group_decorator to None, run_after=None
[2024-09-24T23:39:45.388+0000] {processor.py:208} INFO - Processing /home/airflow/.local/lib/python3.12/site-packages/airflow/example_dags/example_task_group_decorator.py took 0.455 seconds
[2024-09-24T23:40:15.699+0000] {processor.py:186} INFO - Started process (PID=1459) to work on /home/airflow/.local/lib/python3.12/site-packages/airflow/example_dags/example_task_group_decorator.py
[2024-09-24T23:40:15.703+0000] {processor.py:914} INFO - Processing file /home/airflow/.local/lib/python3.12/site-packages/airflow/example_dags/example_task_group_decorator.py for tasks to queue
[2024-09-24T23:40:15.708+0000] {logging_mixin.py:190} INFO - [2024-09-24T23:40:15.708+0000] {dagbag.py:588} INFO - Filling up the DagBag from /home/airflow/.local/lib/python3.12/site-packages/airflow/example_dags/example_task_group_decorator.py
[2024-09-24T23:40:15.760+0000] {processor.py:925} INFO - DAG(s) 'example_task_group_decorator' retrieved from /home/airflow/.local/lib/python3.12/site-packages/airflow/example_dags/example_task_group_decorator.py
[2024-09-24T23:40:15.844+0000] {logging_mixin.py:190} INFO - [2024-09-24T23:40:15.844+0000] {dag.py:3239} INFO - Sync 1 DAGs
[2024-09-24T23:40:15.895+0000] {logging_mixin.py:190} INFO - [2024-09-24T23:40:15.895+0000] {dag.py:4180} INFO - Setting next_dagrun for example_task_group_decorator to None, run_after=None
[2024-09-24T23:40:16.010+0000] {processor.py:208} INFO - Processing /home/airflow/.local/lib/python3.12/site-packages/airflow/example_dags/example_task_group_decorator.py took 0.331 seconds
[2024-09-24T23:40:49.097+0000] {processor.py:186} INFO - Started process (PID=1746) to work on /home/airflow/.local/lib/python3.12/site-packages/airflow/example_dags/example_task_group_decorator.py
[2024-09-24T23:40:49.104+0000] {processor.py:914} INFO - Processing file /home/airflow/.local/lib/python3.12/site-packages/airflow/example_dags/example_task_group_decorator.py for tasks to queue
[2024-09-24T23:40:49.116+0000] {logging_mixin.py:190} INFO - [2024-09-24T23:40:49.115+0000] {dagbag.py:588} INFO - Filling up the DagBag from /home/airflow/.local/lib/python3.12/site-packages/airflow/example_dags/example_task_group_decorator.py
[2024-09-24T23:40:49.214+0000] {processor.py:925} INFO - DAG(s) 'example_task_group_decorator' retrieved from /home/airflow/.local/lib/python3.12/site-packages/airflow/example_dags/example_task_group_decorator.py
[2024-09-24T23:40:49.335+0000] {logging_mixin.py:190} INFO - [2024-09-24T23:40:49.335+0000] {dag.py:3239} INFO - Sync 1 DAGs
[2024-09-24T23:40:49.406+0000] {logging_mixin.py:190} INFO - [2024-09-24T23:40:49.405+0000] {dag.py:4180} INFO - Setting next_dagrun for example_task_group_decorator to None, run_after=None
[2024-09-24T23:40:49.520+0000] {processor.py:208} INFO - Processing /home/airflow/.local/lib/python3.12/site-packages/airflow/example_dags/example_task_group_decorator.py took 0.448 seconds
[2024-09-24T23:41:19.872+0000] {processor.py:186} INFO - Started process (PID=2030) to work on /home/airflow/.local/lib/python3.12/site-packages/airflow/example_dags/example_task_group_decorator.py
[2024-09-24T23:41:19.875+0000] {processor.py:914} INFO - Processing file /home/airflow/.local/lib/python3.12/site-packages/airflow/example_dags/example_task_group_decorator.py for tasks to queue
[2024-09-24T23:41:19.883+0000] {logging_mixin.py:190} INFO - [2024-09-24T23:41:19.882+0000] {dagbag.py:588} INFO - Filling up the DagBag from /home/airflow/.local/lib/python3.12/site-packages/airflow/example_dags/example_task_group_decorator.py
[2024-09-24T23:41:19.967+0000] {processor.py:925} INFO - DAG(s) 'example_task_group_decorator' retrieved from /home/airflow/.local/lib/python3.12/site-packages/airflow/example_dags/example_task_group_decorator.py
[2024-09-24T23:41:20.052+0000] {logging_mixin.py:190} INFO - [2024-09-24T23:41:20.050+0000] {dag.py:3239} INFO - Sync 1 DAGs
[2024-09-24T23:41:20.094+0000] {logging_mixin.py:190} INFO - [2024-09-24T23:41:20.093+0000] {dag.py:4180} INFO - Setting next_dagrun for example_task_group_decorator to None, run_after=None
[2024-09-24T23:41:20.148+0000] {processor.py:208} INFO - Processing /home/airflow/.local/lib/python3.12/site-packages/airflow/example_dags/example_task_group_decorator.py took 0.300 seconds
[2024-09-24T23:41:51.645+0000] {processor.py:186} INFO - Started process (PID=2314) to work on /home/airflow/.local/lib/python3.12/site-packages/airflow/example_dags/example_task_group_decorator.py
[2024-09-24T23:41:51.652+0000] {processor.py:914} INFO - Processing file /home/airflow/.local/lib/python3.12/site-packages/airflow/example_dags/example_task_group_decorator.py for tasks to queue
[2024-09-24T23:41:51.662+0000] {logging_mixin.py:190} INFO - [2024-09-24T23:41:51.661+0000] {dagbag.py:588} INFO - Filling up the DagBag from /home/airflow/.local/lib/python3.12/site-packages/airflow/example_dags/example_task_group_decorator.py
[2024-09-24T23:41:51.770+0000] {processor.py:925} INFO - DAG(s) 'example_task_group_decorator' retrieved from /home/airflow/.local/lib/python3.12/site-packages/airflow/example_dags/example_task_group_decorator.py
[2024-09-24T23:41:51.998+0000] {logging_mixin.py:190} INFO - [2024-09-24T23:41:51.996+0000] {dag.py:3239} INFO - Sync 1 DAGs
[2024-09-24T23:41:52.182+0000] {logging_mixin.py:190} INFO - [2024-09-24T23:41:52.181+0000] {dag.py:4180} INFO - Setting next_dagrun for example_task_group_decorator to None, run_after=None
[2024-09-24T23:41:52.279+0000] {processor.py:208} INFO - Processing /home/airflow/.local/lib/python3.12/site-packages/airflow/example_dags/example_task_group_decorator.py took 0.668 seconds
[2024-09-24T23:42:23.162+0000] {processor.py:186} INFO - Started process (PID=2605) to work on /home/airflow/.local/lib/python3.12/site-packages/airflow/example_dags/example_task_group_decorator.py
[2024-09-24T23:42:23.164+0000] {processor.py:914} INFO - Processing file /home/airflow/.local/lib/python3.12/site-packages/airflow/example_dags/example_task_group_decorator.py for tasks to queue
[2024-09-24T23:42:23.169+0000] {logging_mixin.py:190} INFO - [2024-09-24T23:42:23.168+0000] {dagbag.py:588} INFO - Filling up the DagBag from /home/airflow/.local/lib/python3.12/site-packages/airflow/example_dags/example_task_group_decorator.py
[2024-09-24T23:42:23.202+0000] {processor.py:925} INFO - DAG(s) 'example_task_group_decorator' retrieved from /home/airflow/.local/lib/python3.12/site-packages/airflow/example_dags/example_task_group_decorator.py
[2024-09-24T23:42:23.272+0000] {logging_mixin.py:190} INFO - [2024-09-24T23:42:23.271+0000] {dag.py:3239} INFO - Sync 1 DAGs
[2024-09-24T23:42:23.310+0000] {logging_mixin.py:190} INFO - [2024-09-24T23:42:23.309+0000] {dag.py:4180} INFO - Setting next_dagrun for example_task_group_decorator to None, run_after=None
[2024-09-24T23:42:23.362+0000] {processor.py:208} INFO - Processing /home/airflow/.local/lib/python3.12/site-packages/airflow/example_dags/example_task_group_decorator.py took 0.209 seconds
[2024-09-24T23:42:54.042+0000] {processor.py:186} INFO - Started process (PID=2891) to work on /home/airflow/.local/lib/python3.12/site-packages/airflow/example_dags/example_task_group_decorator.py
[2024-09-24T23:42:54.045+0000] {processor.py:914} INFO - Processing file /home/airflow/.local/lib/python3.12/site-packages/airflow/example_dags/example_task_group_decorator.py for tasks to queue
[2024-09-24T23:42:54.052+0000] {logging_mixin.py:190} INFO - [2024-09-24T23:42:54.050+0000] {dagbag.py:588} INFO - Filling up the DagBag from /home/airflow/.local/lib/python3.12/site-packages/airflow/example_dags/example_task_group_decorator.py
[2024-09-24T23:42:54.139+0000] {processor.py:925} INFO - DAG(s) 'example_task_group_decorator' retrieved from /home/airflow/.local/lib/python3.12/site-packages/airflow/example_dags/example_task_group_decorator.py
[2024-09-24T23:42:54.217+0000] {logging_mixin.py:190} INFO - [2024-09-24T23:42:54.217+0000] {dag.py:3239} INFO - Sync 1 DAGs
[2024-09-24T23:42:54.259+0000] {logging_mixin.py:190} INFO - [2024-09-24T23:42:54.258+0000] {dag.py:4180} INFO - Setting next_dagrun for example_task_group_decorator to None, run_after=None
[2024-09-24T23:42:54.310+0000] {processor.py:208} INFO - Processing /home/airflow/.local/lib/python3.12/site-packages/airflow/example_dags/example_task_group_decorator.py took 0.281 seconds
[2024-09-24T23:43:24.595+0000] {processor.py:186} INFO - Started process (PID=3174) to work on /home/airflow/.local/lib/python3.12/site-packages/airflow/example_dags/example_task_group_decorator.py
[2024-09-24T23:43:24.598+0000] {processor.py:914} INFO - Processing file /home/airflow/.local/lib/python3.12/site-packages/airflow/example_dags/example_task_group_decorator.py for tasks to queue
[2024-09-24T23:43:24.603+0000] {logging_mixin.py:190} INFO - [2024-09-24T23:43:24.603+0000] {dagbag.py:588} INFO - Filling up the DagBag from /home/airflow/.local/lib/python3.12/site-packages/airflow/example_dags/example_task_group_decorator.py
[2024-09-24T23:43:24.659+0000] {processor.py:925} INFO - DAG(s) 'example_task_group_decorator' retrieved from /home/airflow/.local/lib/python3.12/site-packages/airflow/example_dags/example_task_group_decorator.py
[2024-09-24T23:43:24.761+0000] {logging_mixin.py:190} INFO - [2024-09-24T23:43:24.760+0000] {dag.py:3239} INFO - Sync 1 DAGs
[2024-09-24T23:43:24.801+0000] {logging_mixin.py:190} INFO - [2024-09-24T23:43:24.801+0000] {dag.py:4180} INFO - Setting next_dagrun for example_task_group_decorator to None, run_after=None
[2024-09-24T23:43:24.851+0000] {processor.py:208} INFO - Processing /home/airflow/.local/lib/python3.12/site-packages/airflow/example_dags/example_task_group_decorator.py took 0.265 seconds
[2024-09-24T23:43:55.589+0000] {processor.py:186} INFO - Started process (PID=3463) to work on /home/airflow/.local/lib/python3.12/site-packages/airflow/example_dags/example_task_group_decorator.py
[2024-09-24T23:43:55.593+0000] {processor.py:914} INFO - Processing file /home/airflow/.local/lib/python3.12/site-packages/airflow/example_dags/example_task_group_decorator.py for tasks to queue
[2024-09-24T23:43:55.598+0000] {logging_mixin.py:190} INFO - [2024-09-24T23:43:55.597+0000] {dagbag.py:588} INFO - Filling up the DagBag from /home/airflow/.local/lib/python3.12/site-packages/airflow/example_dags/example_task_group_decorator.py
[2024-09-24T23:43:55.631+0000] {processor.py:925} INFO - DAG(s) 'example_task_group_decorator' retrieved from /home/airflow/.local/lib/python3.12/site-packages/airflow/example_dags/example_task_group_decorator.py
[2024-09-24T23:43:55.700+0000] {logging_mixin.py:190} INFO - [2024-09-24T23:43:55.700+0000] {dag.py:3239} INFO - Sync 1 DAGs
[2024-09-24T23:43:55.738+0000] {logging_mixin.py:190} INFO - [2024-09-24T23:43:55.738+0000] {dag.py:4180} INFO - Setting next_dagrun for example_task_group_decorator to None, run_after=None
[2024-09-24T23:43:55.789+0000] {processor.py:208} INFO - Processing /home/airflow/.local/lib/python3.12/site-packages/airflow/example_dags/example_task_group_decorator.py took 0.213 seconds
[2024-09-24T23:44:26.392+0000] {processor.py:186} INFO - Started process (PID=3749) to work on /home/airflow/.local/lib/python3.12/site-packages/airflow/example_dags/example_task_group_decorator.py
[2024-09-24T23:44:26.404+0000] {processor.py:914} INFO - Processing file /home/airflow/.local/lib/python3.12/site-packages/airflow/example_dags/example_task_group_decorator.py for tasks to queue
[2024-09-24T23:44:26.411+0000] {logging_mixin.py:190} INFO - [2024-09-24T23:44:26.410+0000] {dagbag.py:588} INFO - Filling up the DagBag from /home/airflow/.local/lib/python3.12/site-packages/airflow/example_dags/example_task_group_decorator.py
[2024-09-24T23:44:26.467+0000] {processor.py:925} INFO - DAG(s) 'example_task_group_decorator' retrieved from /home/airflow/.local/lib/python3.12/site-packages/airflow/example_dags/example_task_group_decorator.py
[2024-09-24T23:44:26.553+0000] {logging_mixin.py:190} INFO - [2024-09-24T23:44:26.552+0000] {dag.py:3239} INFO - Sync 1 DAGs
[2024-09-24T23:44:26.612+0000] {logging_mixin.py:190} INFO - [2024-09-24T23:44:26.611+0000] {dag.py:4180} INFO - Setting next_dagrun for example_task_group_decorator to None, run_after=None
[2024-09-24T23:44:26.694+0000] {processor.py:208} INFO - Processing /home/airflow/.local/lib/python3.12/site-packages/airflow/example_dags/example_task_group_decorator.py took 0.328 seconds
[2024-09-24T23:44:56.798+0000] {processor.py:186} INFO - Started process (PID=4027) to work on /home/airflow/.local/lib/python3.12/site-packages/airflow/example_dags/example_task_group_decorator.py
[2024-09-24T23:44:56.800+0000] {processor.py:914} INFO - Processing file /home/airflow/.local/lib/python3.12/site-packages/airflow/example_dags/example_task_group_decorator.py for tasks to queue
[2024-09-24T23:44:56.805+0000] {logging_mixin.py:190} INFO - [2024-09-24T23:44:56.804+0000] {dagbag.py:588} INFO - Filling up the DagBag from /home/airflow/.local/lib/python3.12/site-packages/airflow/example_dags/example_task_group_decorator.py
[2024-09-24T23:44:56.852+0000] {processor.py:925} INFO - DAG(s) 'example_task_group_decorator' retrieved from /home/airflow/.local/lib/python3.12/site-packages/airflow/example_dags/example_task_group_decorator.py
[2024-09-24T23:44:56.939+0000] {logging_mixin.py:190} INFO - [2024-09-24T23:44:56.938+0000] {dag.py:3239} INFO - Sync 1 DAGs
[2024-09-24T23:44:56.977+0000] {logging_mixin.py:190} INFO - [2024-09-24T23:44:56.976+0000] {dag.py:4180} INFO - Setting next_dagrun for example_task_group_decorator to None, run_after=None
[2024-09-24T23:44:57.023+0000] {processor.py:208} INFO - Processing /home/airflow/.local/lib/python3.12/site-packages/airflow/example_dags/example_task_group_decorator.py took 0.237 seconds
[2024-09-24T23:45:28.023+0000] {processor.py:186} INFO - Started process (PID=4316) to work on /home/airflow/.local/lib/python3.12/site-packages/airflow/example_dags/example_task_group_decorator.py
[2024-09-24T23:45:28.025+0000] {processor.py:914} INFO - Processing file /home/airflow/.local/lib/python3.12/site-packages/airflow/example_dags/example_task_group_decorator.py for tasks to queue
[2024-09-24T23:45:28.031+0000] {logging_mixin.py:190} INFO - [2024-09-24T23:45:28.030+0000] {dagbag.py:588} INFO - Filling up the DagBag from /home/airflow/.local/lib/python3.12/site-packages/airflow/example_dags/example_task_group_decorator.py
[2024-09-24T23:45:28.096+0000] {processor.py:925} INFO - DAG(s) 'example_task_group_decorator' retrieved from /home/airflow/.local/lib/python3.12/site-packages/airflow/example_dags/example_task_group_decorator.py
[2024-09-24T23:45:28.171+0000] {logging_mixin.py:190} INFO - [2024-09-24T23:45:28.170+0000] {dag.py:3239} INFO - Sync 1 DAGs
[2024-09-24T23:45:28.209+0000] {logging_mixin.py:190} INFO - [2024-09-24T23:45:28.209+0000] {dag.py:4180} INFO - Setting next_dagrun for example_task_group_decorator to None, run_after=None
[2024-09-24T23:45:28.260+0000] {processor.py:208} INFO - Processing /home/airflow/.local/lib/python3.12/site-packages/airflow/example_dags/example_task_group_decorator.py took 0.256 seconds
[2024-09-24T23:45:58.535+0000] {processor.py:186} INFO - Started process (PID=4599) to work on /home/airflow/.local/lib/python3.12/site-packages/airflow/example_dags/example_task_group_decorator.py
[2024-09-24T23:45:58.538+0000] {processor.py:914} INFO - Processing file /home/airflow/.local/lib/python3.12/site-packages/airflow/example_dags/example_task_group_decorator.py for tasks to queue
[2024-09-24T23:45:58.545+0000] {logging_mixin.py:190} INFO - [2024-09-24T23:45:58.544+0000] {dagbag.py:588} INFO - Filling up the DagBag from /home/airflow/.local/lib/python3.12/site-packages/airflow/example_dags/example_task_group_decorator.py
[2024-09-24T23:45:58.586+0000] {processor.py:925} INFO - DAG(s) 'example_task_group_decorator' retrieved from /home/airflow/.local/lib/python3.12/site-packages/airflow/example_dags/example_task_group_decorator.py
[2024-09-24T23:45:58.647+0000] {logging_mixin.py:190} INFO - [2024-09-24T23:45:58.646+0000] {dag.py:3239} INFO - Sync 1 DAGs
[2024-09-24T23:45:58.684+0000] {logging_mixin.py:190} INFO - [2024-09-24T23:45:58.683+0000] {dag.py:4180} INFO - Setting next_dagrun for example_task_group_decorator to None, run_after=None
[2024-09-24T23:45:58.730+0000] {processor.py:208} INFO - Processing /home/airflow/.local/lib/python3.12/site-packages/airflow/example_dags/example_task_group_decorator.py took 0.208 seconds
[2024-09-24T23:46:28.919+0000] {processor.py:186} INFO - Started process (PID=4885) to work on /home/airflow/.local/lib/python3.12/site-packages/airflow/example_dags/example_task_group_decorator.py
[2024-09-24T23:46:28.922+0000] {processor.py:914} INFO - Processing file /home/airflow/.local/lib/python3.12/site-packages/airflow/example_dags/example_task_group_decorator.py for tasks to queue
[2024-09-24T23:46:28.927+0000] {logging_mixin.py:190} INFO - [2024-09-24T23:46:28.926+0000] {dagbag.py:588} INFO - Filling up the DagBag from /home/airflow/.local/lib/python3.12/site-packages/airflow/example_dags/example_task_group_decorator.py
[2024-09-24T23:46:28.967+0000] {processor.py:925} INFO - DAG(s) 'example_task_group_decorator' retrieved from /home/airflow/.local/lib/python3.12/site-packages/airflow/example_dags/example_task_group_decorator.py
[2024-09-24T23:46:29.036+0000] {logging_mixin.py:190} INFO - [2024-09-24T23:46:29.035+0000] {dag.py:3239} INFO - Sync 1 DAGs
[2024-09-24T23:46:29.077+0000] {logging_mixin.py:190} INFO - [2024-09-24T23:46:29.077+0000] {dag.py:4180} INFO - Setting next_dagrun for example_task_group_decorator to None, run_after=None
[2024-09-24T23:46:29.124+0000] {processor.py:208} INFO - Processing /home/airflow/.local/lib/python3.12/site-packages/airflow/example_dags/example_task_group_decorator.py took 0.216 seconds
[2024-09-24T23:47:00.421+0000] {processor.py:186} INFO - Started process (PID=5169) to work on /home/airflow/.local/lib/python3.12/site-packages/airflow/example_dags/example_task_group_decorator.py
[2024-09-24T23:47:00.425+0000] {processor.py:914} INFO - Processing file /home/airflow/.local/lib/python3.12/site-packages/airflow/example_dags/example_task_group_decorator.py for tasks to queue
[2024-09-24T23:47:00.439+0000] {logging_mixin.py:190} INFO - [2024-09-24T23:47:00.438+0000] {dagbag.py:588} INFO - Filling up the DagBag from /home/airflow/.local/lib/python3.12/site-packages/airflow/example_dags/example_task_group_decorator.py
[2024-09-24T23:47:00.538+0000] {processor.py:925} INFO - DAG(s) 'example_task_group_decorator' retrieved from /home/airflow/.local/lib/python3.12/site-packages/airflow/example_dags/example_task_group_decorator.py
[2024-09-24T23:47:00.715+0000] {logging_mixin.py:190} INFO - [2024-09-24T23:47:00.714+0000] {dag.py:3239} INFO - Sync 1 DAGs
[2024-09-24T23:47:00.787+0000] {logging_mixin.py:190} INFO - [2024-09-24T23:47:00.786+0000] {dag.py:4180} INFO - Setting next_dagrun for example_task_group_decorator to None, run_after=None
[2024-09-24T23:47:00.868+0000] {processor.py:208} INFO - Processing /home/airflow/.local/lib/python3.12/site-packages/airflow/example_dags/example_task_group_decorator.py took 0.475 seconds
[2024-09-24T23:47:31.043+0000] {processor.py:186} INFO - Started process (PID=5455) to work on /home/airflow/.local/lib/python3.12/site-packages/airflow/example_dags/example_task_group_decorator.py
[2024-09-24T23:47:31.046+0000] {processor.py:914} INFO - Processing file /home/airflow/.local/lib/python3.12/site-packages/airflow/example_dags/example_task_group_decorator.py for tasks to queue
[2024-09-24T23:47:31.052+0000] {logging_mixin.py:190} INFO - [2024-09-24T23:47:31.051+0000] {dagbag.py:588} INFO - Filling up the DagBag from /home/airflow/.local/lib/python3.12/site-packages/airflow/example_dags/example_task_group_decorator.py
[2024-09-24T23:47:31.103+0000] {processor.py:925} INFO - DAG(s) 'example_task_group_decorator' retrieved from /home/airflow/.local/lib/python3.12/site-packages/airflow/example_dags/example_task_group_decorator.py
[2024-09-24T23:47:31.187+0000] {logging_mixin.py:190} INFO - [2024-09-24T23:47:31.186+0000] {dag.py:3239} INFO - Sync 1 DAGs
[2024-09-24T23:47:31.231+0000] {logging_mixin.py:190} INFO - [2024-09-24T23:47:31.231+0000] {dag.py:4180} INFO - Setting next_dagrun for example_task_group_decorator to None, run_after=None
[2024-09-24T23:47:31.309+0000] {processor.py:208} INFO - Processing /home/airflow/.local/lib/python3.12/site-packages/airflow/example_dags/example_task_group_decorator.py took 0.288 seconds
[2024-09-24T23:48:02.246+0000] {processor.py:186} INFO - Started process (PID=5749) to work on /home/airflow/.local/lib/python3.12/site-packages/airflow/example_dags/example_task_group_decorator.py
[2024-09-24T23:48:02.249+0000] {processor.py:914} INFO - Processing file /home/airflow/.local/lib/python3.12/site-packages/airflow/example_dags/example_task_group_decorator.py for tasks to queue
[2024-09-24T23:48:02.254+0000] {logging_mixin.py:190} INFO - [2024-09-24T23:48:02.253+0000] {dagbag.py:588} INFO - Filling up the DagBag from /home/airflow/.local/lib/python3.12/site-packages/airflow/example_dags/example_task_group_decorator.py
[2024-09-24T23:48:02.285+0000] {processor.py:925} INFO - DAG(s) 'example_task_group_decorator' retrieved from /home/airflow/.local/lib/python3.12/site-packages/airflow/example_dags/example_task_group_decorator.py
[2024-09-24T23:48:02.342+0000] {logging_mixin.py:190} INFO - [2024-09-24T23:48:02.341+0000] {dag.py:3239} INFO - Sync 1 DAGs
[2024-09-24T23:48:02.373+0000] {logging_mixin.py:190} INFO - [2024-09-24T23:48:02.372+0000] {dag.py:4180} INFO - Setting next_dagrun for example_task_group_decorator to None, run_after=None
[2024-09-24T23:48:02.419+0000] {processor.py:208} INFO - Processing /home/airflow/.local/lib/python3.12/site-packages/airflow/example_dags/example_task_group_decorator.py took 0.183 seconds
[2024-09-24T23:48:32.720+0000] {processor.py:186} INFO - Started process (PID=6033) to work on /home/airflow/.local/lib/python3.12/site-packages/airflow/example_dags/example_task_group_decorator.py
[2024-09-24T23:48:32.722+0000] {processor.py:914} INFO - Processing file /home/airflow/.local/lib/python3.12/site-packages/airflow/example_dags/example_task_group_decorator.py for tasks to queue
[2024-09-24T23:48:32.727+0000] {logging_mixin.py:190} INFO - [2024-09-24T23:48:32.726+0000] {dagbag.py:588} INFO - Filling up the DagBag from /home/airflow/.local/lib/python3.12/site-packages/airflow/example_dags/example_task_group_decorator.py
[2024-09-24T23:48:32.764+0000] {processor.py:925} INFO - DAG(s) 'example_task_group_decorator' retrieved from /home/airflow/.local/lib/python3.12/site-packages/airflow/example_dags/example_task_group_decorator.py
[2024-09-24T23:48:32.820+0000] {logging_mixin.py:190} INFO - [2024-09-24T23:48:32.820+0000] {dag.py:3239} INFO - Sync 1 DAGs
[2024-09-24T23:48:32.875+0000] {logging_mixin.py:190} INFO - [2024-09-24T23:48:32.872+0000] {dag.py:4180} INFO - Setting next_dagrun for example_task_group_decorator to None, run_after=None
[2024-09-24T23:48:32.928+0000] {processor.py:208} INFO - Processing /home/airflow/.local/lib/python3.12/site-packages/airflow/example_dags/example_task_group_decorator.py took 0.221 seconds
[2024-09-24T23:49:03.754+0000] {processor.py:186} INFO - Started process (PID=6321) to work on /home/airflow/.local/lib/python3.12/site-packages/airflow/example_dags/example_task_group_decorator.py
[2024-09-24T23:49:03.757+0000] {processor.py:914} INFO - Processing file /home/airflow/.local/lib/python3.12/site-packages/airflow/example_dags/example_task_group_decorator.py for tasks to queue
[2024-09-24T23:49:03.763+0000] {logging_mixin.py:190} INFO - [2024-09-24T23:49:03.762+0000] {dagbag.py:588} INFO - Filling up the DagBag from /home/airflow/.local/lib/python3.12/site-packages/airflow/example_dags/example_task_group_decorator.py
[2024-09-24T23:49:03.808+0000] {processor.py:925} INFO - DAG(s) 'example_task_group_decorator' retrieved from /home/airflow/.local/lib/python3.12/site-packages/airflow/example_dags/example_task_group_decorator.py
[2024-09-24T23:49:03.877+0000] {logging_mixin.py:190} INFO - [2024-09-24T23:49:03.877+0000] {dag.py:3239} INFO - Sync 1 DAGs
[2024-09-24T23:49:03.929+0000] {logging_mixin.py:190} INFO - [2024-09-24T23:49:03.928+0000] {dag.py:4180} INFO - Setting next_dagrun for example_task_group_decorator to None, run_after=None
[2024-09-24T23:49:03.986+0000] {processor.py:208} INFO - Processing /home/airflow/.local/lib/python3.12/site-packages/airflow/example_dags/example_task_group_decorator.py took 0.248 seconds
[2024-09-24T23:49:35.422+0000] {processor.py:186} INFO - Started process (PID=6607) to work on /home/airflow/.local/lib/python3.12/site-packages/airflow/example_dags/example_task_group_decorator.py
[2024-09-24T23:49:35.426+0000] {processor.py:914} INFO - Processing file /home/airflow/.local/lib/python3.12/site-packages/airflow/example_dags/example_task_group_decorator.py for tasks to queue
[2024-09-24T23:49:35.433+0000] {logging_mixin.py:190} INFO - [2024-09-24T23:49:35.432+0000] {dagbag.py:588} INFO - Filling up the DagBag from /home/airflow/.local/lib/python3.12/site-packages/airflow/example_dags/example_task_group_decorator.py
[2024-09-24T23:49:35.489+0000] {processor.py:925} INFO - DAG(s) 'example_task_group_decorator' retrieved from /home/airflow/.local/lib/python3.12/site-packages/airflow/example_dags/example_task_group_decorator.py
[2024-09-24T23:49:35.568+0000] {logging_mixin.py:190} INFO - [2024-09-24T23:49:35.567+0000] {dag.py:3239} INFO - Sync 1 DAGs
[2024-09-24T23:49:35.617+0000] {logging_mixin.py:190} INFO - [2024-09-24T23:49:35.616+0000] {dag.py:4180} INFO - Setting next_dagrun for example_task_group_decorator to None, run_after=None
[2024-09-24T23:49:35.674+0000] {processor.py:208} INFO - Processing /home/airflow/.local/lib/python3.12/site-packages/airflow/example_dags/example_task_group_decorator.py took 0.278 seconds
[2024-09-24T23:50:05.894+0000] {processor.py:186} INFO - Started process (PID=6891) to work on /home/airflow/.local/lib/python3.12/site-packages/airflow/example_dags/example_task_group_decorator.py
[2024-09-24T23:50:05.897+0000] {processor.py:914} INFO - Processing file /home/airflow/.local/lib/python3.12/site-packages/airflow/example_dags/example_task_group_decorator.py for tasks to queue
[2024-09-24T23:50:05.903+0000] {logging_mixin.py:190} INFO - [2024-09-24T23:50:05.902+0000] {dagbag.py:588} INFO - Filling up the DagBag from /home/airflow/.local/lib/python3.12/site-packages/airflow/example_dags/example_task_group_decorator.py
[2024-09-24T23:50:05.953+0000] {processor.py:925} INFO - DAG(s) 'example_task_group_decorator' retrieved from /home/airflow/.local/lib/python3.12/site-packages/airflow/example_dags/example_task_group_decorator.py
[2024-09-24T23:50:06.040+0000] {logging_mixin.py:190} INFO - [2024-09-24T23:50:06.039+0000] {dag.py:3239} INFO - Sync 1 DAGs
[2024-09-24T23:50:06.095+0000] {logging_mixin.py:190} INFO - [2024-09-24T23:50:06.094+0000] {dag.py:4180} INFO - Setting next_dagrun for example_task_group_decorator to None, run_after=None
[2024-09-24T23:50:06.152+0000] {processor.py:208} INFO - Processing /home/airflow/.local/lib/python3.12/site-packages/airflow/example_dags/example_task_group_decorator.py took 0.272 seconds
[2024-09-24T23:50:36.664+0000] {processor.py:186} INFO - Started process (PID=7172) to work on /home/airflow/.local/lib/python3.12/site-packages/airflow/example_dags/example_task_group_decorator.py
[2024-09-24T23:50:36.666+0000] {processor.py:914} INFO - Processing file /home/airflow/.local/lib/python3.12/site-packages/airflow/example_dags/example_task_group_decorator.py for tasks to queue
[2024-09-24T23:50:36.672+0000] {logging_mixin.py:190} INFO - [2024-09-24T23:50:36.671+0000] {dagbag.py:588} INFO - Filling up the DagBag from /home/airflow/.local/lib/python3.12/site-packages/airflow/example_dags/example_task_group_decorator.py
[2024-09-24T23:50:36.715+0000] {processor.py:925} INFO - DAG(s) 'example_task_group_decorator' retrieved from /home/airflow/.local/lib/python3.12/site-packages/airflow/example_dags/example_task_group_decorator.py
[2024-09-24T23:50:36.787+0000] {logging_mixin.py:190} INFO - [2024-09-24T23:50:36.787+0000] {dag.py:3239} INFO - Sync 1 DAGs
[2024-09-24T23:50:36.827+0000] {logging_mixin.py:190} INFO - [2024-09-24T23:50:36.826+0000] {dag.py:4180} INFO - Setting next_dagrun for example_task_group_decorator to None, run_after=None
[2024-09-24T23:50:36.869+0000] {processor.py:208} INFO - Processing /home/airflow/.local/lib/python3.12/site-packages/airflow/example_dags/example_task_group_decorator.py took 0.220 seconds
[2024-09-24T23:51:07.106+0000] {processor.py:186} INFO - Started process (PID=7458) to work on /home/airflow/.local/lib/python3.12/site-packages/airflow/example_dags/example_task_group_decorator.py
[2024-09-24T23:51:07.108+0000] {processor.py:914} INFO - Processing file /home/airflow/.local/lib/python3.12/site-packages/airflow/example_dags/example_task_group_decorator.py for tasks to queue
[2024-09-24T23:51:07.112+0000] {logging_mixin.py:190} INFO - [2024-09-24T23:51:07.111+0000] {dagbag.py:588} INFO - Filling up the DagBag from /home/airflow/.local/lib/python3.12/site-packages/airflow/example_dags/example_task_group_decorator.py
[2024-09-24T23:51:07.145+0000] {processor.py:925} INFO - DAG(s) 'example_task_group_decorator' retrieved from /home/airflow/.local/lib/python3.12/site-packages/airflow/example_dags/example_task_group_decorator.py
[2024-09-24T23:51:07.212+0000] {logging_mixin.py:190} INFO - [2024-09-24T23:51:07.212+0000] {dag.py:3239} INFO - Sync 1 DAGs
[2024-09-24T23:51:07.245+0000] {logging_mixin.py:190} INFO - [2024-09-24T23:51:07.245+0000] {dag.py:4180} INFO - Setting next_dagrun for example_task_group_decorator to None, run_after=None
[2024-09-24T23:51:07.288+0000] {processor.py:208} INFO - Processing /home/airflow/.local/lib/python3.12/site-packages/airflow/example_dags/example_task_group_decorator.py took 0.190 seconds
[2024-09-24T23:51:37.855+0000] {processor.py:186} INFO - Started process (PID=7744) to work on /home/airflow/.local/lib/python3.12/site-packages/airflow/example_dags/example_task_group_decorator.py
[2024-09-24T23:51:37.858+0000] {processor.py:914} INFO - Processing file /home/airflow/.local/lib/python3.12/site-packages/airflow/example_dags/example_task_group_decorator.py for tasks to queue
[2024-09-24T23:51:37.862+0000] {logging_mixin.py:190} INFO - [2024-09-24T23:51:37.861+0000] {dagbag.py:588} INFO - Filling up the DagBag from /home/airflow/.local/lib/python3.12/site-packages/airflow/example_dags/example_task_group_decorator.py
[2024-09-24T23:51:37.903+0000] {processor.py:925} INFO - DAG(s) 'example_task_group_decorator' retrieved from /home/airflow/.local/lib/python3.12/site-packages/airflow/example_dags/example_task_group_decorator.py
[2024-09-24T23:51:37.957+0000] {logging_mixin.py:190} INFO - [2024-09-24T23:51:37.956+0000] {dag.py:3239} INFO - Sync 1 DAGs
[2024-09-24T23:51:37.994+0000] {logging_mixin.py:190} INFO - [2024-09-24T23:51:37.993+0000] {dag.py:4180} INFO - Setting next_dagrun for example_task_group_decorator to None, run_after=None
[2024-09-24T23:51:38.043+0000] {processor.py:208} INFO - Processing /home/airflow/.local/lib/python3.12/site-packages/airflow/example_dags/example_task_group_decorator.py took 0.197 seconds
[2024-09-24T23:52:08.459+0000] {processor.py:186} INFO - Started process (PID=8031) to work on /home/airflow/.local/lib/python3.12/site-packages/airflow/example_dags/example_task_group_decorator.py
[2024-09-24T23:52:08.461+0000] {processor.py:914} INFO - Processing file /home/airflow/.local/lib/python3.12/site-packages/airflow/example_dags/example_task_group_decorator.py for tasks to queue
[2024-09-24T23:52:08.466+0000] {logging_mixin.py:190} INFO - [2024-09-24T23:52:08.466+0000] {dagbag.py:588} INFO - Filling up the DagBag from /home/airflow/.local/lib/python3.12/site-packages/airflow/example_dags/example_task_group_decorator.py
[2024-09-24T23:52:08.495+0000] {processor.py:925} INFO - DAG(s) 'example_task_group_decorator' retrieved from /home/airflow/.local/lib/python3.12/site-packages/airflow/example_dags/example_task_group_decorator.py
[2024-09-24T23:52:08.544+0000] {logging_mixin.py:190} INFO - [2024-09-24T23:52:08.543+0000] {dag.py:3239} INFO - Sync 1 DAGs
[2024-09-24T23:52:08.575+0000] {logging_mixin.py:190} INFO - [2024-09-24T23:52:08.574+0000] {dag.py:4180} INFO - Setting next_dagrun for example_task_group_decorator to None, run_after=None
[2024-09-24T23:52:08.618+0000] {processor.py:208} INFO - Processing /home/airflow/.local/lib/python3.12/site-packages/airflow/example_dags/example_task_group_decorator.py took 0.172 seconds
[2024-09-24T23:52:39.290+0000] {processor.py:186} INFO - Started process (PID=8317) to work on /home/airflow/.local/lib/python3.12/site-packages/airflow/example_dags/example_task_group_decorator.py
[2024-09-24T23:52:39.292+0000] {processor.py:914} INFO - Processing file /home/airflow/.local/lib/python3.12/site-packages/airflow/example_dags/example_task_group_decorator.py for tasks to queue
[2024-09-24T23:52:39.297+0000] {logging_mixin.py:190} INFO - [2024-09-24T23:52:39.296+0000] {dagbag.py:588} INFO - Filling up the DagBag from /home/airflow/.local/lib/python3.12/site-packages/airflow/example_dags/example_task_group_decorator.py
[2024-09-24T23:52:39.331+0000] {processor.py:925} INFO - DAG(s) 'example_task_group_decorator' retrieved from /home/airflow/.local/lib/python3.12/site-packages/airflow/example_dags/example_task_group_decorator.py
[2024-09-24T23:52:39.383+0000] {logging_mixin.py:190} INFO - [2024-09-24T23:52:39.382+0000] {dag.py:3239} INFO - Sync 1 DAGs
[2024-09-24T23:52:39.412+0000] {logging_mixin.py:190} INFO - [2024-09-24T23:52:39.412+0000] {dag.py:4180} INFO - Setting next_dagrun for example_task_group_decorator to None, run_after=None
[2024-09-24T23:52:39.454+0000] {processor.py:208} INFO - Processing /home/airflow/.local/lib/python3.12/site-packages/airflow/example_dags/example_task_group_decorator.py took 0.176 seconds
[2024-09-24T23:53:09.869+0000] {processor.py:186} INFO - Started process (PID=8603) to work on /home/airflow/.local/lib/python3.12/site-packages/airflow/example_dags/example_task_group_decorator.py
[2024-09-24T23:53:09.871+0000] {processor.py:914} INFO - Processing file /home/airflow/.local/lib/python3.12/site-packages/airflow/example_dags/example_task_group_decorator.py for tasks to queue
[2024-09-24T23:53:09.875+0000] {logging_mixin.py:190} INFO - [2024-09-24T23:53:09.874+0000] {dagbag.py:588} INFO - Filling up the DagBag from /home/airflow/.local/lib/python3.12/site-packages/airflow/example_dags/example_task_group_decorator.py
[2024-09-24T23:53:09.916+0000] {processor.py:925} INFO - DAG(s) 'example_task_group_decorator' retrieved from /home/airflow/.local/lib/python3.12/site-packages/airflow/example_dags/example_task_group_decorator.py
[2024-09-24T23:53:09.980+0000] {logging_mixin.py:190} INFO - [2024-09-24T23:53:09.979+0000] {dag.py:3239} INFO - Sync 1 DAGs
[2024-09-24T23:53:10.021+0000] {logging_mixin.py:190} INFO - [2024-09-24T23:53:10.020+0000] {dag.py:4180} INFO - Setting next_dagrun for example_task_group_decorator to None, run_after=None
[2024-09-24T23:53:10.080+0000] {processor.py:208} INFO - Processing /home/airflow/.local/lib/python3.12/site-packages/airflow/example_dags/example_task_group_decorator.py took 0.222 seconds
[2024-09-24T23:53:40.958+0000] {processor.py:186} INFO - Started process (PID=8889) to work on /home/airflow/.local/lib/python3.12/site-packages/airflow/example_dags/example_task_group_decorator.py
[2024-09-24T23:53:40.960+0000] {processor.py:914} INFO - Processing file /home/airflow/.local/lib/python3.12/site-packages/airflow/example_dags/example_task_group_decorator.py for tasks to queue
[2024-09-24T23:53:40.965+0000] {logging_mixin.py:190} INFO - [2024-09-24T23:53:40.964+0000] {dagbag.py:588} INFO - Filling up the DagBag from /home/airflow/.local/lib/python3.12/site-packages/airflow/example_dags/example_task_group_decorator.py
[2024-09-24T23:53:41.003+0000] {processor.py:925} INFO - DAG(s) 'example_task_group_decorator' retrieved from /home/airflow/.local/lib/python3.12/site-packages/airflow/example_dags/example_task_group_decorator.py
[2024-09-24T23:53:41.072+0000] {logging_mixin.py:190} INFO - [2024-09-24T23:53:41.071+0000] {dag.py:3239} INFO - Sync 1 DAGs
[2024-09-24T23:53:41.115+0000] {logging_mixin.py:190} INFO - [2024-09-24T23:53:41.115+0000] {dag.py:4180} INFO - Setting next_dagrun for example_task_group_decorator to None, run_after=None
[2024-09-24T23:53:41.163+0000] {processor.py:208} INFO - Processing /home/airflow/.local/lib/python3.12/site-packages/airflow/example_dags/example_task_group_decorator.py took 0.221 seconds
[2024-09-24T23:54:11.663+0000] {processor.py:186} INFO - Started process (PID=9175) to work on /home/airflow/.local/lib/python3.12/site-packages/airflow/example_dags/example_task_group_decorator.py
[2024-09-24T23:54:11.665+0000] {processor.py:914} INFO - Processing file /home/airflow/.local/lib/python3.12/site-packages/airflow/example_dags/example_task_group_decorator.py for tasks to queue
[2024-09-24T23:54:11.669+0000] {logging_mixin.py:190} INFO - [2024-09-24T23:54:11.669+0000] {dagbag.py:588} INFO - Filling up the DagBag from /home/airflow/.local/lib/python3.12/site-packages/airflow/example_dags/example_task_group_decorator.py
[2024-09-24T23:54:11.701+0000] {processor.py:925} INFO - DAG(s) 'example_task_group_decorator' retrieved from /home/airflow/.local/lib/python3.12/site-packages/airflow/example_dags/example_task_group_decorator.py
[2024-09-24T23:54:11.788+0000] {logging_mixin.py:190} INFO - [2024-09-24T23:54:11.788+0000] {dag.py:3239} INFO - Sync 1 DAGs
[2024-09-24T23:54:11.823+0000] {logging_mixin.py:190} INFO - [2024-09-24T23:54:11.822+0000] {dag.py:4180} INFO - Setting next_dagrun for example_task_group_decorator to None, run_after=None
[2024-09-24T23:54:11.882+0000] {processor.py:208} INFO - Processing /home/airflow/.local/lib/python3.12/site-packages/airflow/example_dags/example_task_group_decorator.py took 0.229 seconds
[2024-09-24T23:54:42.444+0000] {processor.py:186} INFO - Started process (PID=9461) to work on /home/airflow/.local/lib/python3.12/site-packages/airflow/example_dags/example_task_group_decorator.py
[2024-09-24T23:54:42.446+0000] {processor.py:914} INFO - Processing file /home/airflow/.local/lib/python3.12/site-packages/airflow/example_dags/example_task_group_decorator.py for tasks to queue
[2024-09-24T23:54:42.450+0000] {logging_mixin.py:190} INFO - [2024-09-24T23:54:42.449+0000] {dagbag.py:588} INFO - Filling up the DagBag from /home/airflow/.local/lib/python3.12/site-packages/airflow/example_dags/example_task_group_decorator.py
[2024-09-24T23:54:42.483+0000] {processor.py:925} INFO - DAG(s) 'example_task_group_decorator' retrieved from /home/airflow/.local/lib/python3.12/site-packages/airflow/example_dags/example_task_group_decorator.py
[2024-09-24T23:54:42.537+0000] {logging_mixin.py:190} INFO - [2024-09-24T23:54:42.536+0000] {dag.py:3239} INFO - Sync 1 DAGs
[2024-09-24T23:54:42.562+0000] {logging_mixin.py:190} INFO - [2024-09-24T23:54:42.562+0000] {dag.py:4180} INFO - Setting next_dagrun for example_task_group_decorator to None, run_after=None
[2024-09-24T23:54:42.605+0000] {processor.py:208} INFO - Processing /home/airflow/.local/lib/python3.12/site-packages/airflow/example_dags/example_task_group_decorator.py took 0.171 seconds
[2024-09-24T23:55:13.280+0000] {processor.py:186} INFO - Started process (PID=9747) to work on /home/airflow/.local/lib/python3.12/site-packages/airflow/example_dags/example_task_group_decorator.py
[2024-09-24T23:55:13.282+0000] {processor.py:914} INFO - Processing file /home/airflow/.local/lib/python3.12/site-packages/airflow/example_dags/example_task_group_decorator.py for tasks to queue
[2024-09-24T23:55:13.286+0000] {logging_mixin.py:190} INFO - [2024-09-24T23:55:13.285+0000] {dagbag.py:588} INFO - Filling up the DagBag from /home/airflow/.local/lib/python3.12/site-packages/airflow/example_dags/example_task_group_decorator.py
[2024-09-24T23:55:13.323+0000] {processor.py:925} INFO - DAG(s) 'example_task_group_decorator' retrieved from /home/airflow/.local/lib/python3.12/site-packages/airflow/example_dags/example_task_group_decorator.py
[2024-09-24T23:55:13.384+0000] {logging_mixin.py:190} INFO - [2024-09-24T23:55:13.383+0000] {dag.py:3239} INFO - Sync 1 DAGs
[2024-09-24T23:55:13.421+0000] {logging_mixin.py:190} INFO - [2024-09-24T23:55:13.420+0000] {dag.py:4180} INFO - Setting next_dagrun for example_task_group_decorator to None, run_after=None
[2024-09-24T23:55:13.467+0000] {processor.py:208} INFO - Processing /home/airflow/.local/lib/python3.12/site-packages/airflow/example_dags/example_task_group_decorator.py took 0.197 seconds
[2024-09-24T23:55:46.109+0000] {processor.py:186} INFO - Started process (PID=10033) to work on /home/airflow/.local/lib/python3.12/site-packages/airflow/example_dags/example_task_group_decorator.py
[2024-09-24T23:55:46.114+0000] {processor.py:914} INFO - Processing file /home/airflow/.local/lib/python3.12/site-packages/airflow/example_dags/example_task_group_decorator.py for tasks to queue
[2024-09-24T23:55:46.130+0000] {logging_mixin.py:190} INFO - [2024-09-24T23:55:46.129+0000] {dagbag.py:588} INFO - Filling up the DagBag from /home/airflow/.local/lib/python3.12/site-packages/airflow/example_dags/example_task_group_decorator.py
[2024-09-24T23:55:46.304+0000] {processor.py:925} INFO - DAG(s) 'example_task_group_decorator' retrieved from /home/airflow/.local/lib/python3.12/site-packages/airflow/example_dags/example_task_group_decorator.py
[2024-09-24T23:55:46.599+0000] {logging_mixin.py:190} INFO - [2024-09-24T23:55:46.598+0000] {dag.py:3239} INFO - Sync 1 DAGs
[2024-09-24T23:55:46.797+0000] {logging_mixin.py:190} INFO - [2024-09-24T23:55:46.796+0000] {dag.py:4180} INFO - Setting next_dagrun for example_task_group_decorator to None, run_after=None
[2024-09-24T23:55:46.964+0000] {processor.py:208} INFO - Processing /home/airflow/.local/lib/python3.12/site-packages/airflow/example_dags/example_task_group_decorator.py took 0.904 seconds
