[2024-09-24T23:38:26.636+0000] {processor.py:186} INFO - Started process (PID=416) to work on /home/airflow/.local/lib/python3.12/site-packages/airflow/example_dags/example_branch_day_of_week_operator.py
[2024-09-24T23:38:26.652+0000] {processor.py:914} INFO - Processing file /home/airflow/.local/lib/python3.12/site-packages/airflow/example_dags/example_branch_day_of_week_operator.py for tasks to queue
[2024-09-24T23:38:26.745+0000] {logging_mixin.py:190} INFO - [2024-09-24T23:38:26.744+0000] {dagbag.py:588} INFO - Filling up the DagBag from /home/airflow/.local/lib/python3.12/site-packages/airflow/example_dags/example_branch_day_of_week_operator.py
[2024-09-24T23:38:26.843+0000] {processor.py:925} INFO - DAG(s) 'example_weekday_branch_operator' retrieved from /home/airflow/.local/lib/python3.12/site-packages/airflow/example_dags/example_branch_day_of_week_operator.py
[2024-09-24T23:38:27.786+0000] {logging_mixin.py:190} INFO - [2024-09-24T23:38:27.784+0000] {override.py:1900} INFO - Created Permission View: can edit on DAG:example_weekday_branch_operator
[2024-09-24T23:38:27.871+0000] {logging_mixin.py:190} INFO - [2024-09-24T23:38:27.870+0000] {override.py:1900} INFO - Created Permission View: can read on DAG:example_weekday_branch_operator
[2024-09-24T23:38:27.968+0000] {logging_mixin.py:190} INFO - [2024-09-24T23:38:27.967+0000] {override.py:1900} INFO - Created Permission View: can delete on DAG:example_weekday_branch_operator
[2024-09-24T23:38:28.027+0000] {logging_mixin.py:190} INFO - [2024-09-24T23:38:28.026+0000] {override.py:1900} INFO - Created Permission View: can read on DAG Run:example_weekday_branch_operator
[2024-09-24T23:38:28.074+0000] {logging_mixin.py:190} INFO - [2024-09-24T23:38:28.073+0000] {override.py:1900} INFO - Created Permission View: menu access on DAG Run:example_weekday_branch_operator
[2024-09-24T23:38:28.108+0000] {logging_mixin.py:190} INFO - [2024-09-24T23:38:28.107+0000] {override.py:1900} INFO - Created Permission View: can delete on DAG Run:example_weekday_branch_operator
[2024-09-24T23:38:28.142+0000] {logging_mixin.py:190} INFO - [2024-09-24T23:38:28.141+0000] {override.py:1900} INFO - Created Permission View: can create on DAG Run:example_weekday_branch_operator
[2024-09-24T23:38:28.144+0000] {logging_mixin.py:190} INFO - [2024-09-24T23:38:28.143+0000] {dag.py:3239} INFO - Sync 1 DAGs
[2024-09-24T23:38:28.200+0000] {logging_mixin.py:190} INFO - [2024-09-24T23:38:28.199+0000] {dag.py:3262} INFO - Creating ORM DAG for example_weekday_branch_operator
[2024-09-24T23:38:28.238+0000] {logging_mixin.py:190} INFO - [2024-09-24T23:38:28.238+0000] {dag.py:4180} INFO - Setting next_dagrun for example_weekday_branch_operator to 2024-09-23 00:00:00+00:00, run_after=2024-09-24 00:00:00+00:00
[2024-09-24T23:38:28.294+0000] {processor.py:208} INFO - Processing /home/airflow/.local/lib/python3.12/site-packages/airflow/example_dags/example_branch_day_of_week_operator.py took 1.707 seconds
[2024-09-24T23:38:58.649+0000] {processor.py:186} INFO - Started process (PID=707) to work on /home/airflow/.local/lib/python3.12/site-packages/airflow/example_dags/example_branch_day_of_week_operator.py
[2024-09-24T23:38:58.658+0000] {processor.py:914} INFO - Processing file /home/airflow/.local/lib/python3.12/site-packages/airflow/example_dags/example_branch_day_of_week_operator.py for tasks to queue
[2024-09-24T23:38:58.687+0000] {logging_mixin.py:190} INFO - [2024-09-24T23:38:58.686+0000] {dagbag.py:588} INFO - Filling up the DagBag from /home/airflow/.local/lib/python3.12/site-packages/airflow/example_dags/example_branch_day_of_week_operator.py
[2024-09-24T23:38:59.015+0000] {processor.py:925} INFO - DAG(s) 'example_weekday_branch_operator' retrieved from /home/airflow/.local/lib/python3.12/site-packages/airflow/example_dags/example_branch_day_of_week_operator.py
[2024-09-24T23:38:59.290+0000] {logging_mixin.py:190} INFO - [2024-09-24T23:38:59.289+0000] {dag.py:3239} INFO - Sync 1 DAGs
[2024-09-24T23:38:59.472+0000] {logging_mixin.py:190} INFO - [2024-09-24T23:38:59.469+0000] {dag.py:4180} INFO - Setting next_dagrun for example_weekday_branch_operator to 2024-09-23 00:00:00+00:00, run_after=2024-09-24 00:00:00+00:00
[2024-09-24T23:38:59.625+0000] {processor.py:208} INFO - Processing /home/airflow/.local/lib/python3.12/site-packages/airflow/example_dags/example_branch_day_of_week_operator.py took 1.029 seconds
[2024-09-24T23:39:30.227+0000] {processor.py:186} INFO - Started process (PID=995) to work on /home/airflow/.local/lib/python3.12/site-packages/airflow/example_dags/example_branch_day_of_week_operator.py
[2024-09-24T23:39:30.230+0000] {processor.py:914} INFO - Processing file /home/airflow/.local/lib/python3.12/site-packages/airflow/example_dags/example_branch_day_of_week_operator.py for tasks to queue
[2024-09-24T23:39:30.245+0000] {logging_mixin.py:190} INFO - [2024-09-24T23:39:30.244+0000] {dagbag.py:588} INFO - Filling up the DagBag from /home/airflow/.local/lib/python3.12/site-packages/airflow/example_dags/example_branch_day_of_week_operator.py
[2024-09-24T23:39:30.293+0000] {processor.py:925} INFO - DAG(s) 'example_weekday_branch_operator' retrieved from /home/airflow/.local/lib/python3.12/site-packages/airflow/example_dags/example_branch_day_of_week_operator.py
[2024-09-24T23:39:30.411+0000] {logging_mixin.py:190} INFO - [2024-09-24T23:39:30.410+0000] {dag.py:3239} INFO - Sync 1 DAGs
[2024-09-24T23:39:30.559+0000] {logging_mixin.py:190} INFO - [2024-09-24T23:39:30.558+0000] {dag.py:4180} INFO - Setting next_dagrun for example_weekday_branch_operator to 2024-09-23 00:00:00+00:00, run_after=2024-09-24 00:00:00+00:00
[2024-09-24T23:39:30.672+0000] {processor.py:208} INFO - Processing /home/airflow/.local/lib/python3.12/site-packages/airflow/example_dags/example_branch_day_of_week_operator.py took 0.470 seconds
[2024-09-24T23:40:00.901+0000] {processor.py:186} INFO - Started process (PID=1279) to work on /home/airflow/.local/lib/python3.12/site-packages/airflow/example_dags/example_branch_day_of_week_operator.py
[2024-09-24T23:40:00.904+0000] {processor.py:914} INFO - Processing file /home/airflow/.local/lib/python3.12/site-packages/airflow/example_dags/example_branch_day_of_week_operator.py for tasks to queue
[2024-09-24T23:40:00.911+0000] {logging_mixin.py:190} INFO - [2024-09-24T23:40:00.910+0000] {dagbag.py:588} INFO - Filling up the DagBag from /home/airflow/.local/lib/python3.12/site-packages/airflow/example_dags/example_branch_day_of_week_operator.py
[2024-09-24T23:40:00.936+0000] {processor.py:925} INFO - DAG(s) 'example_weekday_branch_operator' retrieved from /home/airflow/.local/lib/python3.12/site-packages/airflow/example_dags/example_branch_day_of_week_operator.py
[2024-09-24T23:40:00.997+0000] {logging_mixin.py:190} INFO - [2024-09-24T23:40:00.996+0000] {dag.py:3239} INFO - Sync 1 DAGs
[2024-09-24T23:40:01.075+0000] {logging_mixin.py:190} INFO - [2024-09-24T23:40:01.075+0000] {dag.py:4180} INFO - Setting next_dagrun for example_weekday_branch_operator to 2024-09-23 00:00:00+00:00, run_after=2024-09-24 00:00:00+00:00
[2024-09-24T23:40:01.130+0000] {processor.py:208} INFO - Processing /home/airflow/.local/lib/python3.12/site-packages/airflow/example_dags/example_branch_day_of_week_operator.py took 0.243 seconds
[2024-09-24T23:40:31.695+0000] {processor.py:186} INFO - Started process (PID=1566) to work on /home/airflow/.local/lib/python3.12/site-packages/airflow/example_dags/example_branch_day_of_week_operator.py
[2024-09-24T23:40:31.698+0000] {processor.py:914} INFO - Processing file /home/airflow/.local/lib/python3.12/site-packages/airflow/example_dags/example_branch_day_of_week_operator.py for tasks to queue
[2024-09-24T23:40:31.707+0000] {logging_mixin.py:190} INFO - [2024-09-24T23:40:31.705+0000] {dagbag.py:588} INFO - Filling up the DagBag from /home/airflow/.local/lib/python3.12/site-packages/airflow/example_dags/example_branch_day_of_week_operator.py
[2024-09-24T23:40:31.764+0000] {processor.py:925} INFO - DAG(s) 'example_weekday_branch_operator' retrieved from /home/airflow/.local/lib/python3.12/site-packages/airflow/example_dags/example_branch_day_of_week_operator.py
[2024-09-24T23:40:31.853+0000] {logging_mixin.py:190} INFO - [2024-09-24T23:40:31.853+0000] {dag.py:3239} INFO - Sync 1 DAGs
[2024-09-24T23:40:32.005+0000] {logging_mixin.py:190} INFO - [2024-09-24T23:40:32.004+0000] {dag.py:4180} INFO - Setting next_dagrun for example_weekday_branch_operator to 2024-09-23 00:00:00+00:00, run_after=2024-09-24 00:00:00+00:00
[2024-09-24T23:40:32.131+0000] {processor.py:208} INFO - Processing /home/airflow/.local/lib/python3.12/site-packages/airflow/example_dags/example_branch_day_of_week_operator.py took 0.467 seconds
[2024-09-24T23:41:03.477+0000] {processor.py:186} INFO - Started process (PID=1855) to work on /home/airflow/.local/lib/python3.12/site-packages/airflow/example_dags/example_branch_day_of_week_operator.py
[2024-09-24T23:41:03.480+0000] {processor.py:914} INFO - Processing file /home/airflow/.local/lib/python3.12/site-packages/airflow/example_dags/example_branch_day_of_week_operator.py for tasks to queue
[2024-09-24T23:41:03.489+0000] {logging_mixin.py:190} INFO - [2024-09-24T23:41:03.487+0000] {dagbag.py:588} INFO - Filling up the DagBag from /home/airflow/.local/lib/python3.12/site-packages/airflow/example_dags/example_branch_day_of_week_operator.py
[2024-09-24T23:41:03.538+0000] {processor.py:925} INFO - DAG(s) 'example_weekday_branch_operator' retrieved from /home/airflow/.local/lib/python3.12/site-packages/airflow/example_dags/example_branch_day_of_week_operator.py
[2024-09-24T23:41:03.691+0000] {logging_mixin.py:190} INFO - [2024-09-24T23:41:03.690+0000] {dag.py:3239} INFO - Sync 1 DAGs
[2024-09-24T23:41:03.860+0000] {logging_mixin.py:190} INFO - [2024-09-24T23:41:03.859+0000] {dag.py:4180} INFO - Setting next_dagrun for example_weekday_branch_operator to 2024-09-23 00:00:00+00:00, run_after=2024-09-24 00:00:00+00:00
[2024-09-24T23:41:04.085+0000] {processor.py:208} INFO - Processing /home/airflow/.local/lib/python3.12/site-packages/airflow/example_dags/example_branch_day_of_week_operator.py took 0.629 seconds
[2024-09-24T23:41:35.069+0000] {processor.py:186} INFO - Started process (PID=2141) to work on /home/airflow/.local/lib/python3.12/site-packages/airflow/example_dags/example_branch_day_of_week_operator.py
[2024-09-24T23:41:35.077+0000] {processor.py:914} INFO - Processing file /home/airflow/.local/lib/python3.12/site-packages/airflow/example_dags/example_branch_day_of_week_operator.py for tasks to queue
[2024-09-24T23:41:35.083+0000] {logging_mixin.py:190} INFO - [2024-09-24T23:41:35.082+0000] {dagbag.py:588} INFO - Filling up the DagBag from /home/airflow/.local/lib/python3.12/site-packages/airflow/example_dags/example_branch_day_of_week_operator.py
[2024-09-24T23:41:35.117+0000] {processor.py:925} INFO - DAG(s) 'example_weekday_branch_operator' retrieved from /home/airflow/.local/lib/python3.12/site-packages/airflow/example_dags/example_branch_day_of_week_operator.py
[2024-09-24T23:41:35.193+0000] {logging_mixin.py:190} INFO - [2024-09-24T23:41:35.192+0000] {dag.py:3239} INFO - Sync 1 DAGs
[2024-09-24T23:41:35.276+0000] {logging_mixin.py:190} INFO - [2024-09-24T23:41:35.275+0000] {dag.py:4180} INFO - Setting next_dagrun for example_weekday_branch_operator to 2024-09-23 00:00:00+00:00, run_after=2024-09-24 00:00:00+00:00
[2024-09-24T23:41:35.335+0000] {processor.py:208} INFO - Processing /home/airflow/.local/lib/python3.12/site-packages/airflow/example_dags/example_branch_day_of_week_operator.py took 0.285 seconds
[2024-09-24T23:42:05.711+0000] {processor.py:186} INFO - Started process (PID=2427) to work on /home/airflow/.local/lib/python3.12/site-packages/airflow/example_dags/example_branch_day_of_week_operator.py
[2024-09-24T23:42:05.714+0000] {processor.py:914} INFO - Processing file /home/airflow/.local/lib/python3.12/site-packages/airflow/example_dags/example_branch_day_of_week_operator.py for tasks to queue
[2024-09-24T23:42:05.719+0000] {logging_mixin.py:190} INFO - [2024-09-24T23:42:05.718+0000] {dagbag.py:588} INFO - Filling up the DagBag from /home/airflow/.local/lib/python3.12/site-packages/airflow/example_dags/example_branch_day_of_week_operator.py
[2024-09-24T23:42:05.743+0000] {processor.py:925} INFO - DAG(s) 'example_weekday_branch_operator' retrieved from /home/airflow/.local/lib/python3.12/site-packages/airflow/example_dags/example_branch_day_of_week_operator.py
[2024-09-24T23:42:05.804+0000] {logging_mixin.py:190} INFO - [2024-09-24T23:42:05.804+0000] {dag.py:3239} INFO - Sync 1 DAGs
[2024-09-24T23:42:05.865+0000] {logging_mixin.py:190} INFO - [2024-09-24T23:42:05.864+0000] {dag.py:4180} INFO - Setting next_dagrun for example_weekday_branch_operator to 2024-09-23 00:00:00+00:00, run_after=2024-09-24 00:00:00+00:00
[2024-09-24T23:42:05.919+0000] {processor.py:208} INFO - Processing /home/airflow/.local/lib/python3.12/site-packages/airflow/example_dags/example_branch_day_of_week_operator.py took 0.222 seconds
[2024-09-24T23:42:36.602+0000] {processor.py:186} INFO - Started process (PID=2713) to work on /home/airflow/.local/lib/python3.12/site-packages/airflow/example_dags/example_branch_day_of_week_operator.py
[2024-09-24T23:42:36.604+0000] {processor.py:914} INFO - Processing file /home/airflow/.local/lib/python3.12/site-packages/airflow/example_dags/example_branch_day_of_week_operator.py for tasks to queue
[2024-09-24T23:42:36.610+0000] {logging_mixin.py:190} INFO - [2024-09-24T23:42:36.609+0000] {dagbag.py:588} INFO - Filling up the DagBag from /home/airflow/.local/lib/python3.12/site-packages/airflow/example_dags/example_branch_day_of_week_operator.py
[2024-09-24T23:42:36.630+0000] {processor.py:925} INFO - DAG(s) 'example_weekday_branch_operator' retrieved from /home/airflow/.local/lib/python3.12/site-packages/airflow/example_dags/example_branch_day_of_week_operator.py
[2024-09-24T23:42:36.672+0000] {logging_mixin.py:190} INFO - [2024-09-24T23:42:36.672+0000] {dag.py:3239} INFO - Sync 1 DAGs
[2024-09-24T23:42:36.727+0000] {logging_mixin.py:190} INFO - [2024-09-24T23:42:36.727+0000] {dag.py:4180} INFO - Setting next_dagrun for example_weekday_branch_operator to 2024-09-23 00:00:00+00:00, run_after=2024-09-24 00:00:00+00:00
[2024-09-24T23:42:36.764+0000] {processor.py:208} INFO - Processing /home/airflow/.local/lib/python3.12/site-packages/airflow/example_dags/example_branch_day_of_week_operator.py took 0.174 seconds
[2024-09-24T23:43:07.112+0000] {processor.py:186} INFO - Started process (PID=2999) to work on /home/airflow/.local/lib/python3.12/site-packages/airflow/example_dags/example_branch_day_of_week_operator.py
[2024-09-24T23:43:07.114+0000] {processor.py:914} INFO - Processing file /home/airflow/.local/lib/python3.12/site-packages/airflow/example_dags/example_branch_day_of_week_operator.py for tasks to queue
[2024-09-24T23:43:07.118+0000] {logging_mixin.py:190} INFO - [2024-09-24T23:43:07.118+0000] {dagbag.py:588} INFO - Filling up the DagBag from /home/airflow/.local/lib/python3.12/site-packages/airflow/example_dags/example_branch_day_of_week_operator.py
[2024-09-24T23:43:07.134+0000] {processor.py:925} INFO - DAG(s) 'example_weekday_branch_operator' retrieved from /home/airflow/.local/lib/python3.12/site-packages/airflow/example_dags/example_branch_day_of_week_operator.py
[2024-09-24T23:43:07.180+0000] {logging_mixin.py:190} INFO - [2024-09-24T23:43:07.180+0000] {dag.py:3239} INFO - Sync 1 DAGs
[2024-09-24T23:43:07.248+0000] {logging_mixin.py:190} INFO - [2024-09-24T23:43:07.247+0000] {dag.py:4180} INFO - Setting next_dagrun for example_weekday_branch_operator to 2024-09-23 00:00:00+00:00, run_after=2024-09-24 00:00:00+00:00
[2024-09-24T23:43:07.296+0000] {processor.py:208} INFO - Processing /home/airflow/.local/lib/python3.12/site-packages/airflow/example_dags/example_branch_day_of_week_operator.py took 0.193 seconds
[2024-09-24T23:43:37.688+0000] {processor.py:186} INFO - Started process (PID=3285) to work on /home/airflow/.local/lib/python3.12/site-packages/airflow/example_dags/example_branch_day_of_week_operator.py
[2024-09-24T23:43:37.691+0000] {processor.py:914} INFO - Processing file /home/airflow/.local/lib/python3.12/site-packages/airflow/example_dags/example_branch_day_of_week_operator.py for tasks to queue
[2024-09-24T23:43:37.695+0000] {logging_mixin.py:190} INFO - [2024-09-24T23:43:37.695+0000] {dagbag.py:588} INFO - Filling up the DagBag from /home/airflow/.local/lib/python3.12/site-packages/airflow/example_dags/example_branch_day_of_week_operator.py
[2024-09-24T23:43:37.712+0000] {processor.py:925} INFO - DAG(s) 'example_weekday_branch_operator' retrieved from /home/airflow/.local/lib/python3.12/site-packages/airflow/example_dags/example_branch_day_of_week_operator.py
[2024-09-24T23:43:37.752+0000] {logging_mixin.py:190} INFO - [2024-09-24T23:43:37.751+0000] {dag.py:3239} INFO - Sync 1 DAGs
[2024-09-24T23:43:37.802+0000] {logging_mixin.py:190} INFO - [2024-09-24T23:43:37.802+0000] {dag.py:4180} INFO - Setting next_dagrun for example_weekday_branch_operator to 2024-09-23 00:00:00+00:00, run_after=2024-09-24 00:00:00+00:00
[2024-09-24T23:43:37.842+0000] {processor.py:208} INFO - Processing /home/airflow/.local/lib/python3.12/site-packages/airflow/example_dags/example_branch_day_of_week_operator.py took 0.167 seconds
[2024-09-24T23:44:08.094+0000] {processor.py:186} INFO - Started process (PID=3569) to work on /home/airflow/.local/lib/python3.12/site-packages/airflow/example_dags/example_branch_day_of_week_operator.py
[2024-09-24T23:44:08.099+0000] {processor.py:914} INFO - Processing file /home/airflow/.local/lib/python3.12/site-packages/airflow/example_dags/example_branch_day_of_week_operator.py for tasks to queue
[2024-09-24T23:44:08.110+0000] {logging_mixin.py:190} INFO - [2024-09-24T23:44:08.109+0000] {dagbag.py:588} INFO - Filling up the DagBag from /home/airflow/.local/lib/python3.12/site-packages/airflow/example_dags/example_branch_day_of_week_operator.py
[2024-09-24T23:44:08.163+0000] {processor.py:925} INFO - DAG(s) 'example_weekday_branch_operator' retrieved from /home/airflow/.local/lib/python3.12/site-packages/airflow/example_dags/example_branch_day_of_week_operator.py
[2024-09-24T23:44:08.252+0000] {logging_mixin.py:190} INFO - [2024-09-24T23:44:08.251+0000] {dag.py:3239} INFO - Sync 1 DAGs
[2024-09-24T23:44:08.357+0000] {logging_mixin.py:190} INFO - [2024-09-24T23:44:08.356+0000] {dag.py:4180} INFO - Setting next_dagrun for example_weekday_branch_operator to 2024-09-23 00:00:00+00:00, run_after=2024-09-24 00:00:00+00:00
[2024-09-24T23:44:08.424+0000] {processor.py:208} INFO - Processing /home/airflow/.local/lib/python3.12/site-packages/airflow/example_dags/example_branch_day_of_week_operator.py took 0.352 seconds
[2024-09-24T23:44:39.410+0000] {processor.py:186} INFO - Started process (PID=3857) to work on /home/airflow/.local/lib/python3.12/site-packages/airflow/example_dags/example_branch_day_of_week_operator.py
[2024-09-24T23:44:39.412+0000] {processor.py:914} INFO - Processing file /home/airflow/.local/lib/python3.12/site-packages/airflow/example_dags/example_branch_day_of_week_operator.py for tasks to queue
[2024-09-24T23:44:39.417+0000] {logging_mixin.py:190} INFO - [2024-09-24T23:44:39.416+0000] {dagbag.py:588} INFO - Filling up the DagBag from /home/airflow/.local/lib/python3.12/site-packages/airflow/example_dags/example_branch_day_of_week_operator.py
[2024-09-24T23:44:39.435+0000] {processor.py:925} INFO - DAG(s) 'example_weekday_branch_operator' retrieved from /home/airflow/.local/lib/python3.12/site-packages/airflow/example_dags/example_branch_day_of_week_operator.py
[2024-09-24T23:44:39.475+0000] {logging_mixin.py:190} INFO - [2024-09-24T23:44:39.475+0000] {dag.py:3239} INFO - Sync 1 DAGs
[2024-09-24T23:44:39.521+0000] {logging_mixin.py:190} INFO - [2024-09-24T23:44:39.521+0000] {dag.py:4180} INFO - Setting next_dagrun for example_weekday_branch_operator to 2024-09-23 00:00:00+00:00, run_after=2024-09-24 00:00:00+00:00
[2024-09-24T23:44:39.562+0000] {processor.py:208} INFO - Processing /home/airflow/.local/lib/python3.12/site-packages/airflow/example_dags/example_branch_day_of_week_operator.py took 0.164 seconds
[2024-09-24T23:45:10.256+0000] {processor.py:186} INFO - Started process (PID=4141) to work on /home/airflow/.local/lib/python3.12/site-packages/airflow/example_dags/example_branch_day_of_week_operator.py
[2024-09-24T23:45:10.259+0000] {processor.py:914} INFO - Processing file /home/airflow/.local/lib/python3.12/site-packages/airflow/example_dags/example_branch_day_of_week_operator.py for tasks to queue
[2024-09-24T23:45:10.264+0000] {logging_mixin.py:190} INFO - [2024-09-24T23:45:10.263+0000] {dagbag.py:588} INFO - Filling up the DagBag from /home/airflow/.local/lib/python3.12/site-packages/airflow/example_dags/example_branch_day_of_week_operator.py
[2024-09-24T23:45:10.284+0000] {processor.py:925} INFO - DAG(s) 'example_weekday_branch_operator' retrieved from /home/airflow/.local/lib/python3.12/site-packages/airflow/example_dags/example_branch_day_of_week_operator.py
[2024-09-24T23:45:10.330+0000] {logging_mixin.py:190} INFO - [2024-09-24T23:45:10.330+0000] {dag.py:3239} INFO - Sync 1 DAGs
[2024-09-24T23:45:10.387+0000] {logging_mixin.py:190} INFO - [2024-09-24T23:45:10.386+0000] {dag.py:4180} INFO - Setting next_dagrun for example_weekday_branch_operator to 2024-09-23 00:00:00+00:00, run_after=2024-09-24 00:00:00+00:00
[2024-09-24T23:45:10.433+0000] {processor.py:208} INFO - Processing /home/airflow/.local/lib/python3.12/site-packages/airflow/example_dags/example_branch_day_of_week_operator.py took 0.187 seconds
[2024-09-24T23:45:40.533+0000] {processor.py:186} INFO - Started process (PID=4422) to work on /home/airflow/.local/lib/python3.12/site-packages/airflow/example_dags/example_branch_day_of_week_operator.py
[2024-09-24T23:45:40.535+0000] {processor.py:914} INFO - Processing file /home/airflow/.local/lib/python3.12/site-packages/airflow/example_dags/example_branch_day_of_week_operator.py for tasks to queue
[2024-09-24T23:45:40.540+0000] {logging_mixin.py:190} INFO - [2024-09-24T23:45:40.539+0000] {dagbag.py:588} INFO - Filling up the DagBag from /home/airflow/.local/lib/python3.12/site-packages/airflow/example_dags/example_branch_day_of_week_operator.py
[2024-09-24T23:45:40.559+0000] {processor.py:925} INFO - DAG(s) 'example_weekday_branch_operator' retrieved from /home/airflow/.local/lib/python3.12/site-packages/airflow/example_dags/example_branch_day_of_week_operator.py
[2024-09-24T23:45:40.610+0000] {logging_mixin.py:190} INFO - [2024-09-24T23:45:40.609+0000] {dag.py:3239} INFO - Sync 1 DAGs
[2024-09-24T23:45:40.678+0000] {logging_mixin.py:190} INFO - [2024-09-24T23:45:40.678+0000] {dag.py:4180} INFO - Setting next_dagrun for example_weekday_branch_operator to 2024-09-23 00:00:00+00:00, run_after=2024-09-24 00:00:00+00:00
[2024-09-24T23:45:40.720+0000] {processor.py:208} INFO - Processing /home/airflow/.local/lib/python3.12/site-packages/airflow/example_dags/example_branch_day_of_week_operator.py took 0.199 seconds
[2024-09-24T23:46:11.053+0000] {processor.py:186} INFO - Started process (PID=4708) to work on /home/airflow/.local/lib/python3.12/site-packages/airflow/example_dags/example_branch_day_of_week_operator.py
[2024-09-24T23:46:11.056+0000] {processor.py:914} INFO - Processing file /home/airflow/.local/lib/python3.12/site-packages/airflow/example_dags/example_branch_day_of_week_operator.py for tasks to queue
[2024-09-24T23:46:11.061+0000] {logging_mixin.py:190} INFO - [2024-09-24T23:46:11.061+0000] {dagbag.py:588} INFO - Filling up the DagBag from /home/airflow/.local/lib/python3.12/site-packages/airflow/example_dags/example_branch_day_of_week_operator.py
[2024-09-24T23:46:11.087+0000] {processor.py:925} INFO - DAG(s) 'example_weekday_branch_operator' retrieved from /home/airflow/.local/lib/python3.12/site-packages/airflow/example_dags/example_branch_day_of_week_operator.py
[2024-09-24T23:46:11.198+0000] {logging_mixin.py:190} INFO - [2024-09-24T23:46:11.197+0000] {dag.py:3239} INFO - Sync 1 DAGs
[2024-09-24T23:46:11.371+0000] {logging_mixin.py:190} INFO - [2024-09-24T23:46:11.370+0000] {dag.py:4180} INFO - Setting next_dagrun for example_weekday_branch_operator to 2024-09-23 00:00:00+00:00, run_after=2024-09-24 00:00:00+00:00
[2024-09-24T23:46:11.562+0000] {processor.py:208} INFO - Processing /home/airflow/.local/lib/python3.12/site-packages/airflow/example_dags/example_branch_day_of_week_operator.py took 0.523 seconds
[2024-09-24T23:46:42.546+0000] {processor.py:186} INFO - Started process (PID=4994) to work on /home/airflow/.local/lib/python3.12/site-packages/airflow/example_dags/example_branch_day_of_week_operator.py
[2024-09-24T23:46:42.551+0000] {processor.py:914} INFO - Processing file /home/airflow/.local/lib/python3.12/site-packages/airflow/example_dags/example_branch_day_of_week_operator.py for tasks to queue
[2024-09-24T23:46:42.565+0000] {logging_mixin.py:190} INFO - [2024-09-24T23:46:42.564+0000] {dagbag.py:588} INFO - Filling up the DagBag from /home/airflow/.local/lib/python3.12/site-packages/airflow/example_dags/example_branch_day_of_week_operator.py
[2024-09-24T23:46:42.586+0000] {processor.py:925} INFO - DAG(s) 'example_weekday_branch_operator' retrieved from /home/airflow/.local/lib/python3.12/site-packages/airflow/example_dags/example_branch_day_of_week_operator.py
[2024-09-24T23:46:42.639+0000] {logging_mixin.py:190} INFO - [2024-09-24T23:46:42.639+0000] {dag.py:3239} INFO - Sync 1 DAGs
[2024-09-24T23:46:42.703+0000] {logging_mixin.py:190} INFO - [2024-09-24T23:46:42.701+0000] {dag.py:4180} INFO - Setting next_dagrun for example_weekday_branch_operator to 2024-09-23 00:00:00+00:00, run_after=2024-09-24 00:00:00+00:00
[2024-09-24T23:46:42.763+0000] {processor.py:208} INFO - Processing /home/airflow/.local/lib/python3.12/site-packages/airflow/example_dags/example_branch_day_of_week_operator.py took 0.238 seconds
[2024-09-24T23:47:13.507+0000] {processor.py:186} INFO - Started process (PID=5280) to work on /home/airflow/.local/lib/python3.12/site-packages/airflow/example_dags/example_branch_day_of_week_operator.py
[2024-09-24T23:47:13.510+0000] {processor.py:914} INFO - Processing file /home/airflow/.local/lib/python3.12/site-packages/airflow/example_dags/example_branch_day_of_week_operator.py for tasks to queue
[2024-09-24T23:47:13.514+0000] {logging_mixin.py:190} INFO - [2024-09-24T23:47:13.514+0000] {dagbag.py:588} INFO - Filling up the DagBag from /home/airflow/.local/lib/python3.12/site-packages/airflow/example_dags/example_branch_day_of_week_operator.py
[2024-09-24T23:47:13.532+0000] {processor.py:925} INFO - DAG(s) 'example_weekday_branch_operator' retrieved from /home/airflow/.local/lib/python3.12/site-packages/airflow/example_dags/example_branch_day_of_week_operator.py
[2024-09-24T23:47:13.592+0000] {logging_mixin.py:190} INFO - [2024-09-24T23:47:13.591+0000] {dag.py:3239} INFO - Sync 1 DAGs
[2024-09-24T23:47:13.649+0000] {logging_mixin.py:190} INFO - [2024-09-24T23:47:13.648+0000] {dag.py:4180} INFO - Setting next_dagrun for example_weekday_branch_operator to 2024-09-23 00:00:00+00:00, run_after=2024-09-24 00:00:00+00:00
[2024-09-24T23:47:13.700+0000] {processor.py:208} INFO - Processing /home/airflow/.local/lib/python3.12/site-packages/airflow/example_dags/example_branch_day_of_week_operator.py took 0.204 seconds
[2024-09-24T23:47:43.838+0000] {processor.py:186} INFO - Started process (PID=5566) to work on /home/airflow/.local/lib/python3.12/site-packages/airflow/example_dags/example_branch_day_of_week_operator.py
[2024-09-24T23:47:43.840+0000] {processor.py:914} INFO - Processing file /home/airflow/.local/lib/python3.12/site-packages/airflow/example_dags/example_branch_day_of_week_operator.py for tasks to queue
[2024-09-24T23:47:43.845+0000] {logging_mixin.py:190} INFO - [2024-09-24T23:47:43.844+0000] {dagbag.py:588} INFO - Filling up the DagBag from /home/airflow/.local/lib/python3.12/site-packages/airflow/example_dags/example_branch_day_of_week_operator.py
[2024-09-24T23:47:43.862+0000] {processor.py:925} INFO - DAG(s) 'example_weekday_branch_operator' retrieved from /home/airflow/.local/lib/python3.12/site-packages/airflow/example_dags/example_branch_day_of_week_operator.py
[2024-09-24T23:47:43.916+0000] {logging_mixin.py:190} INFO - [2024-09-24T23:47:43.915+0000] {dag.py:3239} INFO - Sync 1 DAGs
[2024-09-24T23:47:43.973+0000] {logging_mixin.py:190} INFO - [2024-09-24T23:47:43.973+0000] {dag.py:4180} INFO - Setting next_dagrun for example_weekday_branch_operator to 2024-09-23 00:00:00+00:00, run_after=2024-09-24 00:00:00+00:00
[2024-09-24T23:47:44.018+0000] {processor.py:208} INFO - Processing /home/airflow/.local/lib/python3.12/site-packages/airflow/example_dags/example_branch_day_of_week_operator.py took 0.189 seconds
[2024-09-24T23:48:14.479+0000] {processor.py:186} INFO - Started process (PID=5852) to work on /home/airflow/.local/lib/python3.12/site-packages/airflow/example_dags/example_branch_day_of_week_operator.py
[2024-09-24T23:48:14.481+0000] {processor.py:914} INFO - Processing file /home/airflow/.local/lib/python3.12/site-packages/airflow/example_dags/example_branch_day_of_week_operator.py for tasks to queue
[2024-09-24T23:48:14.487+0000] {logging_mixin.py:190} INFO - [2024-09-24T23:48:14.487+0000] {dagbag.py:588} INFO - Filling up the DagBag from /home/airflow/.local/lib/python3.12/site-packages/airflow/example_dags/example_branch_day_of_week_operator.py
[2024-09-24T23:48:14.504+0000] {processor.py:925} INFO - DAG(s) 'example_weekday_branch_operator' retrieved from /home/airflow/.local/lib/python3.12/site-packages/airflow/example_dags/example_branch_day_of_week_operator.py
[2024-09-24T23:48:14.546+0000] {logging_mixin.py:190} INFO - [2024-09-24T23:48:14.546+0000] {dag.py:3239} INFO - Sync 1 DAGs
[2024-09-24T23:48:14.600+0000] {logging_mixin.py:190} INFO - [2024-09-24T23:48:14.600+0000] {dag.py:4180} INFO - Setting next_dagrun for example_weekday_branch_operator to 2024-09-23 00:00:00+00:00, run_after=2024-09-24 00:00:00+00:00
[2024-09-24T23:48:14.642+0000] {processor.py:208} INFO - Processing /home/airflow/.local/lib/python3.12/site-packages/airflow/example_dags/example_branch_day_of_week_operator.py took 0.174 seconds
[2024-09-24T23:48:45.270+0000] {processor.py:186} INFO - Started process (PID=6138) to work on /home/airflow/.local/lib/python3.12/site-packages/airflow/example_dags/example_branch_day_of_week_operator.py
[2024-09-24T23:48:45.272+0000] {processor.py:914} INFO - Processing file /home/airflow/.local/lib/python3.12/site-packages/airflow/example_dags/example_branch_day_of_week_operator.py for tasks to queue
[2024-09-24T23:48:45.276+0000] {logging_mixin.py:190} INFO - [2024-09-24T23:48:45.276+0000] {dagbag.py:588} INFO - Filling up the DagBag from /home/airflow/.local/lib/python3.12/site-packages/airflow/example_dags/example_branch_day_of_week_operator.py
[2024-09-24T23:48:45.296+0000] {processor.py:925} INFO - DAG(s) 'example_weekday_branch_operator' retrieved from /home/airflow/.local/lib/python3.12/site-packages/airflow/example_dags/example_branch_day_of_week_operator.py
[2024-09-24T23:48:45.340+0000] {logging_mixin.py:190} INFO - [2024-09-24T23:48:45.340+0000] {dag.py:3239} INFO - Sync 1 DAGs
[2024-09-24T23:48:45.411+0000] {logging_mixin.py:190} INFO - [2024-09-24T23:48:45.410+0000] {dag.py:4180} INFO - Setting next_dagrun for example_weekday_branch_operator to 2024-09-23 00:00:00+00:00, run_after=2024-09-24 00:00:00+00:00
[2024-09-24T23:48:45.458+0000] {processor.py:208} INFO - Processing /home/airflow/.local/lib/python3.12/site-packages/airflow/example_dags/example_branch_day_of_week_operator.py took 0.203 seconds
[2024-09-24T23:49:15.690+0000] {processor.py:186} INFO - Started process (PID=6424) to work on /home/airflow/.local/lib/python3.12/site-packages/airflow/example_dags/example_branch_day_of_week_operator.py
[2024-09-24T23:49:15.694+0000] {processor.py:914} INFO - Processing file /home/airflow/.local/lib/python3.12/site-packages/airflow/example_dags/example_branch_day_of_week_operator.py for tasks to queue
[2024-09-24T23:49:15.702+0000] {logging_mixin.py:190} INFO - [2024-09-24T23:49:15.701+0000] {dagbag.py:588} INFO - Filling up the DagBag from /home/airflow/.local/lib/python3.12/site-packages/airflow/example_dags/example_branch_day_of_week_operator.py
[2024-09-24T23:49:15.765+0000] {processor.py:925} INFO - DAG(s) 'example_weekday_branch_operator' retrieved from /home/airflow/.local/lib/python3.12/site-packages/airflow/example_dags/example_branch_day_of_week_operator.py
[2024-09-24T23:49:15.879+0000] {logging_mixin.py:190} INFO - [2024-09-24T23:49:15.878+0000] {dag.py:3239} INFO - Sync 1 DAGs
[2024-09-24T23:49:16.056+0000] {logging_mixin.py:190} INFO - [2024-09-24T23:49:16.045+0000] {dag.py:4180} INFO - Setting next_dagrun for example_weekday_branch_operator to 2024-09-23 00:00:00+00:00, run_after=2024-09-24 00:00:00+00:00
[2024-09-24T23:49:16.203+0000] {processor.py:208} INFO - Processing /home/airflow/.local/lib/python3.12/site-packages/airflow/example_dags/example_branch_day_of_week_operator.py took 0.545 seconds
[2024-09-24T23:49:46.667+0000] {processor.py:186} INFO - Started process (PID=6710) to work on /home/airflow/.local/lib/python3.12/site-packages/airflow/example_dags/example_branch_day_of_week_operator.py
[2024-09-24T23:49:46.669+0000] {processor.py:914} INFO - Processing file /home/airflow/.local/lib/python3.12/site-packages/airflow/example_dags/example_branch_day_of_week_operator.py for tasks to queue
[2024-09-24T23:49:46.675+0000] {logging_mixin.py:190} INFO - [2024-09-24T23:49:46.674+0000] {dagbag.py:588} INFO - Filling up the DagBag from /home/airflow/.local/lib/python3.12/site-packages/airflow/example_dags/example_branch_day_of_week_operator.py
[2024-09-24T23:49:46.692+0000] {processor.py:925} INFO - DAG(s) 'example_weekday_branch_operator' retrieved from /home/airflow/.local/lib/python3.12/site-packages/airflow/example_dags/example_branch_day_of_week_operator.py
[2024-09-24T23:49:46.739+0000] {logging_mixin.py:190} INFO - [2024-09-24T23:49:46.739+0000] {dag.py:3239} INFO - Sync 1 DAGs
[2024-09-24T23:49:46.794+0000] {logging_mixin.py:190} INFO - [2024-09-24T23:49:46.793+0000] {dag.py:4180} INFO - Setting next_dagrun for example_weekday_branch_operator to 2024-09-23 00:00:00+00:00, run_after=2024-09-24 00:00:00+00:00
[2024-09-24T23:49:46.839+0000] {processor.py:208} INFO - Processing /home/airflow/.local/lib/python3.12/site-packages/airflow/example_dags/example_branch_day_of_week_operator.py took 0.184 seconds
[2024-09-24T23:50:17.220+0000] {processor.py:186} INFO - Started process (PID=6996) to work on /home/airflow/.local/lib/python3.12/site-packages/airflow/example_dags/example_branch_day_of_week_operator.py
[2024-09-24T23:50:17.222+0000] {processor.py:914} INFO - Processing file /home/airflow/.local/lib/python3.12/site-packages/airflow/example_dags/example_branch_day_of_week_operator.py for tasks to queue
[2024-09-24T23:50:17.229+0000] {logging_mixin.py:190} INFO - [2024-09-24T23:50:17.229+0000] {dagbag.py:588} INFO - Filling up the DagBag from /home/airflow/.local/lib/python3.12/site-packages/airflow/example_dags/example_branch_day_of_week_operator.py
[2024-09-24T23:50:17.247+0000] {processor.py:925} INFO - DAG(s) 'example_weekday_branch_operator' retrieved from /home/airflow/.local/lib/python3.12/site-packages/airflow/example_dags/example_branch_day_of_week_operator.py
[2024-09-24T23:50:17.289+0000] {logging_mixin.py:190} INFO - [2024-09-24T23:50:17.288+0000] {dag.py:3239} INFO - Sync 1 DAGs
[2024-09-24T23:50:17.356+0000] {logging_mixin.py:190} INFO - [2024-09-24T23:50:17.355+0000] {dag.py:4180} INFO - Setting next_dagrun for example_weekday_branch_operator to 2024-09-23 00:00:00+00:00, run_after=2024-09-24 00:00:00+00:00
[2024-09-24T23:50:17.395+0000] {processor.py:208} INFO - Processing /home/airflow/.local/lib/python3.12/site-packages/airflow/example_dags/example_branch_day_of_week_operator.py took 0.187 seconds
[2024-09-24T23:50:47.626+0000] {processor.py:186} INFO - Started process (PID=7282) to work on /home/airflow/.local/lib/python3.12/site-packages/airflow/example_dags/example_branch_day_of_week_operator.py
[2024-09-24T23:50:47.628+0000] {processor.py:914} INFO - Processing file /home/airflow/.local/lib/python3.12/site-packages/airflow/example_dags/example_branch_day_of_week_operator.py for tasks to queue
[2024-09-24T23:50:47.636+0000] {logging_mixin.py:190} INFO - [2024-09-24T23:50:47.635+0000] {dagbag.py:588} INFO - Filling up the DagBag from /home/airflow/.local/lib/python3.12/site-packages/airflow/example_dags/example_branch_day_of_week_operator.py
[2024-09-24T23:50:47.658+0000] {processor.py:925} INFO - DAG(s) 'example_weekday_branch_operator' retrieved from /home/airflow/.local/lib/python3.12/site-packages/airflow/example_dags/example_branch_day_of_week_operator.py
[2024-09-24T23:50:47.718+0000] {logging_mixin.py:190} INFO - [2024-09-24T23:50:47.717+0000] {dag.py:3239} INFO - Sync 1 DAGs
[2024-09-24T23:50:47.777+0000] {logging_mixin.py:190} INFO - [2024-09-24T23:50:47.777+0000] {dag.py:4180} INFO - Setting next_dagrun for example_weekday_branch_operator to 2024-09-23 00:00:00+00:00, run_after=2024-09-24 00:00:00+00:00
[2024-09-24T23:50:47.827+0000] {processor.py:208} INFO - Processing /home/airflow/.local/lib/python3.12/site-packages/airflow/example_dags/example_branch_day_of_week_operator.py took 0.218 seconds
[2024-09-24T23:51:18.157+0000] {processor.py:186} INFO - Started process (PID=7568) to work on /home/airflow/.local/lib/python3.12/site-packages/airflow/example_dags/example_branch_day_of_week_operator.py
[2024-09-24T23:51:18.159+0000] {processor.py:914} INFO - Processing file /home/airflow/.local/lib/python3.12/site-packages/airflow/example_dags/example_branch_day_of_week_operator.py for tasks to queue
[2024-09-24T23:51:18.165+0000] {logging_mixin.py:190} INFO - [2024-09-24T23:51:18.165+0000] {dagbag.py:588} INFO - Filling up the DagBag from /home/airflow/.local/lib/python3.12/site-packages/airflow/example_dags/example_branch_day_of_week_operator.py
[2024-09-24T23:51:18.184+0000] {processor.py:925} INFO - DAG(s) 'example_weekday_branch_operator' retrieved from /home/airflow/.local/lib/python3.12/site-packages/airflow/example_dags/example_branch_day_of_week_operator.py
[2024-09-24T23:51:18.228+0000] {logging_mixin.py:190} INFO - [2024-09-24T23:51:18.227+0000] {dag.py:3239} INFO - Sync 1 DAGs
[2024-09-24T23:51:18.285+0000] {logging_mixin.py:190} INFO - [2024-09-24T23:51:18.284+0000] {dag.py:4180} INFO - Setting next_dagrun for example_weekday_branch_operator to 2024-09-23 00:00:00+00:00, run_after=2024-09-24 00:00:00+00:00
[2024-09-24T23:51:18.345+0000] {processor.py:208} INFO - Processing /home/airflow/.local/lib/python3.12/site-packages/airflow/example_dags/example_branch_day_of_week_operator.py took 0.200 seconds
[2024-09-24T23:51:48.700+0000] {processor.py:186} INFO - Started process (PID=7854) to work on /home/airflow/.local/lib/python3.12/site-packages/airflow/example_dags/example_branch_day_of_week_operator.py
[2024-09-24T23:51:48.703+0000] {processor.py:914} INFO - Processing file /home/airflow/.local/lib/python3.12/site-packages/airflow/example_dags/example_branch_day_of_week_operator.py for tasks to queue
[2024-09-24T23:51:48.710+0000] {logging_mixin.py:190} INFO - [2024-09-24T23:51:48.709+0000] {dagbag.py:588} INFO - Filling up the DagBag from /home/airflow/.local/lib/python3.12/site-packages/airflow/example_dags/example_branch_day_of_week_operator.py
[2024-09-24T23:51:48.734+0000] {processor.py:925} INFO - DAG(s) 'example_weekday_branch_operator' retrieved from /home/airflow/.local/lib/python3.12/site-packages/airflow/example_dags/example_branch_day_of_week_operator.py
[2024-09-24T23:51:48.796+0000] {logging_mixin.py:190} INFO - [2024-09-24T23:51:48.796+0000] {dag.py:3239} INFO - Sync 1 DAGs
[2024-09-24T23:51:48.874+0000] {logging_mixin.py:190} INFO - [2024-09-24T23:51:48.873+0000] {dag.py:4180} INFO - Setting next_dagrun for example_weekday_branch_operator to 2024-09-23 00:00:00+00:00, run_after=2024-09-24 00:00:00+00:00
[2024-09-24T23:51:48.950+0000] {processor.py:208} INFO - Processing /home/airflow/.local/lib/python3.12/site-packages/airflow/example_dags/example_branch_day_of_week_operator.py took 0.266 seconds
[2024-09-24T23:52:19.556+0000] {processor.py:186} INFO - Started process (PID=8141) to work on /home/airflow/.local/lib/python3.12/site-packages/airflow/example_dags/example_branch_day_of_week_operator.py
[2024-09-24T23:52:19.558+0000] {processor.py:914} INFO - Processing file /home/airflow/.local/lib/python3.12/site-packages/airflow/example_dags/example_branch_day_of_week_operator.py for tasks to queue
[2024-09-24T23:52:19.563+0000] {logging_mixin.py:190} INFO - [2024-09-24T23:52:19.562+0000] {dagbag.py:588} INFO - Filling up the DagBag from /home/airflow/.local/lib/python3.12/site-packages/airflow/example_dags/example_branch_day_of_week_operator.py
[2024-09-24T23:52:19.582+0000] {processor.py:925} INFO - DAG(s) 'example_weekday_branch_operator' retrieved from /home/airflow/.local/lib/python3.12/site-packages/airflow/example_dags/example_branch_day_of_week_operator.py
[2024-09-24T23:52:19.622+0000] {logging_mixin.py:190} INFO - [2024-09-24T23:52:19.622+0000] {dag.py:3239} INFO - Sync 1 DAGs
[2024-09-24T23:52:19.670+0000] {logging_mixin.py:190} INFO - [2024-09-24T23:52:19.669+0000] {dag.py:4180} INFO - Setting next_dagrun for example_weekday_branch_operator to 2024-09-23 00:00:00+00:00, run_after=2024-09-24 00:00:00+00:00
[2024-09-24T23:52:19.714+0000] {processor.py:208} INFO - Processing /home/airflow/.local/lib/python3.12/site-packages/airflow/example_dags/example_branch_day_of_week_operator.py took 0.167 seconds
[2024-09-24T23:52:50.632+0000] {processor.py:186} INFO - Started process (PID=8427) to work on /home/airflow/.local/lib/python3.12/site-packages/airflow/example_dags/example_branch_day_of_week_operator.py
[2024-09-24T23:52:50.634+0000] {processor.py:914} INFO - Processing file /home/airflow/.local/lib/python3.12/site-packages/airflow/example_dags/example_branch_day_of_week_operator.py for tasks to queue
[2024-09-24T23:52:50.640+0000] {logging_mixin.py:190} INFO - [2024-09-24T23:52:50.638+0000] {dagbag.py:588} INFO - Filling up the DagBag from /home/airflow/.local/lib/python3.12/site-packages/airflow/example_dags/example_branch_day_of_week_operator.py
[2024-09-24T23:52:50.660+0000] {processor.py:925} INFO - DAG(s) 'example_weekday_branch_operator' retrieved from /home/airflow/.local/lib/python3.12/site-packages/airflow/example_dags/example_branch_day_of_week_operator.py
[2024-09-24T23:52:50.721+0000] {logging_mixin.py:190} INFO - [2024-09-24T23:52:50.719+0000] {dag.py:3239} INFO - Sync 1 DAGs
[2024-09-24T23:52:50.812+0000] {logging_mixin.py:190} INFO - [2024-09-24T23:52:50.811+0000] {dag.py:4180} INFO - Setting next_dagrun for example_weekday_branch_operator to 2024-09-23 00:00:00+00:00, run_after=2024-09-24 00:00:00+00:00
[2024-09-24T23:52:50.868+0000] {processor.py:208} INFO - Processing /home/airflow/.local/lib/python3.12/site-packages/airflow/example_dags/example_branch_day_of_week_operator.py took 0.245 seconds
[2024-09-24T23:53:21.142+0000] {processor.py:186} INFO - Started process (PID=8713) to work on /home/airflow/.local/lib/python3.12/site-packages/airflow/example_dags/example_branch_day_of_week_operator.py
[2024-09-24T23:53:21.144+0000] {processor.py:914} INFO - Processing file /home/airflow/.local/lib/python3.12/site-packages/airflow/example_dags/example_branch_day_of_week_operator.py for tasks to queue
[2024-09-24T23:53:21.151+0000] {logging_mixin.py:190} INFO - [2024-09-24T23:53:21.150+0000] {dagbag.py:588} INFO - Filling up the DagBag from /home/airflow/.local/lib/python3.12/site-packages/airflow/example_dags/example_branch_day_of_week_operator.py
[2024-09-24T23:53:21.170+0000] {processor.py:925} INFO - DAG(s) 'example_weekday_branch_operator' retrieved from /home/airflow/.local/lib/python3.12/site-packages/airflow/example_dags/example_branch_day_of_week_operator.py
[2024-09-24T23:53:21.212+0000] {logging_mixin.py:190} INFO - [2024-09-24T23:53:21.212+0000] {dag.py:3239} INFO - Sync 1 DAGs
[2024-09-24T23:53:21.269+0000] {logging_mixin.py:190} INFO - [2024-09-24T23:53:21.268+0000] {dag.py:4180} INFO - Setting next_dagrun for example_weekday_branch_operator to 2024-09-23 00:00:00+00:00, run_after=2024-09-24 00:00:00+00:00
[2024-09-24T23:53:21.321+0000] {processor.py:208} INFO - Processing /home/airflow/.local/lib/python3.12/site-packages/airflow/example_dags/example_branch_day_of_week_operator.py took 0.192 seconds
[2024-09-24T23:53:51.881+0000] {processor.py:186} INFO - Started process (PID=8999) to work on /home/airflow/.local/lib/python3.12/site-packages/airflow/example_dags/example_branch_day_of_week_operator.py
[2024-09-24T23:53:51.885+0000] {processor.py:914} INFO - Processing file /home/airflow/.local/lib/python3.12/site-packages/airflow/example_dags/example_branch_day_of_week_operator.py for tasks to queue
[2024-09-24T23:53:51.893+0000] {logging_mixin.py:190} INFO - [2024-09-24T23:53:51.892+0000] {dagbag.py:588} INFO - Filling up the DagBag from /home/airflow/.local/lib/python3.12/site-packages/airflow/example_dags/example_branch_day_of_week_operator.py
[2024-09-24T23:53:51.924+0000] {processor.py:925} INFO - DAG(s) 'example_weekday_branch_operator' retrieved from /home/airflow/.local/lib/python3.12/site-packages/airflow/example_dags/example_branch_day_of_week_operator.py
[2024-09-24T23:53:51.971+0000] {logging_mixin.py:190} INFO - [2024-09-24T23:53:51.970+0000] {dag.py:3239} INFO - Sync 1 DAGs
[2024-09-24T23:53:52.036+0000] {logging_mixin.py:190} INFO - [2024-09-24T23:53:52.035+0000] {dag.py:4180} INFO - Setting next_dagrun for example_weekday_branch_operator to 2024-09-23 00:00:00+00:00, run_after=2024-09-24 00:00:00+00:00
[2024-09-24T23:53:52.085+0000] {processor.py:208} INFO - Processing /home/airflow/.local/lib/python3.12/site-packages/airflow/example_dags/example_branch_day_of_week_operator.py took 0.220 seconds
[2024-09-24T23:54:22.361+0000] {processor.py:186} INFO - Started process (PID=9285) to work on /home/airflow/.local/lib/python3.12/site-packages/airflow/example_dags/example_branch_day_of_week_operator.py
[2024-09-24T23:54:22.363+0000] {processor.py:914} INFO - Processing file /home/airflow/.local/lib/python3.12/site-packages/airflow/example_dags/example_branch_day_of_week_operator.py for tasks to queue
[2024-09-24T23:54:22.368+0000] {logging_mixin.py:190} INFO - [2024-09-24T23:54:22.367+0000] {dagbag.py:588} INFO - Filling up the DagBag from /home/airflow/.local/lib/python3.12/site-packages/airflow/example_dags/example_branch_day_of_week_operator.py
[2024-09-24T23:54:22.383+0000] {processor.py:925} INFO - DAG(s) 'example_weekday_branch_operator' retrieved from /home/airflow/.local/lib/python3.12/site-packages/airflow/example_dags/example_branch_day_of_week_operator.py
[2024-09-24T23:54:22.424+0000] {logging_mixin.py:190} INFO - [2024-09-24T23:54:22.424+0000] {dag.py:3239} INFO - Sync 1 DAGs
[2024-09-24T23:54:22.474+0000] {logging_mixin.py:190} INFO - [2024-09-24T23:54:22.473+0000] {dag.py:4180} INFO - Setting next_dagrun for example_weekday_branch_operator to 2024-09-23 00:00:00+00:00, run_after=2024-09-24 00:00:00+00:00
[2024-09-24T23:54:22.515+0000] {processor.py:208} INFO - Processing /home/airflow/.local/lib/python3.12/site-packages/airflow/example_dags/example_branch_day_of_week_operator.py took 0.166 seconds
[2024-09-24T23:54:52.725+0000] {processor.py:186} INFO - Started process (PID=9571) to work on /home/airflow/.local/lib/python3.12/site-packages/airflow/example_dags/example_branch_day_of_week_operator.py
[2024-09-24T23:54:52.727+0000] {processor.py:914} INFO - Processing file /home/airflow/.local/lib/python3.12/site-packages/airflow/example_dags/example_branch_day_of_week_operator.py for tasks to queue
[2024-09-24T23:54:52.732+0000] {logging_mixin.py:190} INFO - [2024-09-24T23:54:52.732+0000] {dagbag.py:588} INFO - Filling up the DagBag from /home/airflow/.local/lib/python3.12/site-packages/airflow/example_dags/example_branch_day_of_week_operator.py
[2024-09-24T23:54:52.750+0000] {processor.py:925} INFO - DAG(s) 'example_weekday_branch_operator' retrieved from /home/airflow/.local/lib/python3.12/site-packages/airflow/example_dags/example_branch_day_of_week_operator.py
[2024-09-24T23:54:52.787+0000] {logging_mixin.py:190} INFO - [2024-09-24T23:54:52.786+0000] {dag.py:3239} INFO - Sync 1 DAGs
[2024-09-24T23:54:52.845+0000] {logging_mixin.py:190} INFO - [2024-09-24T23:54:52.845+0000] {dag.py:4180} INFO - Setting next_dagrun for example_weekday_branch_operator to 2024-09-23 00:00:00+00:00, run_after=2024-09-24 00:00:00+00:00
[2024-09-24T23:54:52.894+0000] {processor.py:208} INFO - Processing /home/airflow/.local/lib/python3.12/site-packages/airflow/example_dags/example_branch_day_of_week_operator.py took 0.179 seconds
[2024-09-24T23:55:23.158+0000] {processor.py:186} INFO - Started process (PID=9857) to work on /home/airflow/.local/lib/python3.12/site-packages/airflow/example_dags/example_branch_day_of_week_operator.py
[2024-09-24T23:55:23.160+0000] {processor.py:914} INFO - Processing file /home/airflow/.local/lib/python3.12/site-packages/airflow/example_dags/example_branch_day_of_week_operator.py for tasks to queue
[2024-09-24T23:55:23.166+0000] {logging_mixin.py:190} INFO - [2024-09-24T23:55:23.165+0000] {dagbag.py:588} INFO - Filling up the DagBag from /home/airflow/.local/lib/python3.12/site-packages/airflow/example_dags/example_branch_day_of_week_operator.py
[2024-09-24T23:55:23.189+0000] {processor.py:925} INFO - DAG(s) 'example_weekday_branch_operator' retrieved from /home/airflow/.local/lib/python3.12/site-packages/airflow/example_dags/example_branch_day_of_week_operator.py
[2024-09-24T23:55:23.249+0000] {logging_mixin.py:190} INFO - [2024-09-24T23:55:23.249+0000] {dag.py:3239} INFO - Sync 1 DAGs
[2024-09-24T23:55:23.344+0000] {logging_mixin.py:190} INFO - [2024-09-24T23:55:23.343+0000] {dag.py:4180} INFO - Setting next_dagrun for example_weekday_branch_operator to 2024-09-23 00:00:00+00:00, run_after=2024-09-24 00:00:00+00:00
[2024-09-24T23:55:23.408+0000] {processor.py:208} INFO - Processing /home/airflow/.local/lib/python3.12/site-packages/airflow/example_dags/example_branch_day_of_week_operator.py took 0.267 seconds
[2024-09-24T23:55:57.524+0000] {processor.py:186} INFO - Started process (PID=10145) to work on /home/airflow/.local/lib/python3.12/site-packages/airflow/example_dags/example_branch_day_of_week_operator.py
[2024-09-24T23:55:57.527+0000] {processor.py:914} INFO - Processing file /home/airflow/.local/lib/python3.12/site-packages/airflow/example_dags/example_branch_day_of_week_operator.py for tasks to queue
[2024-09-24T23:55:57.534+0000] {logging_mixin.py:190} INFO - [2024-09-24T23:55:57.532+0000] {dagbag.py:588} INFO - Filling up the DagBag from /home/airflow/.local/lib/python3.12/site-packages/airflow/example_dags/example_branch_day_of_week_operator.py
[2024-09-24T23:55:57.557+0000] {processor.py:925} INFO - DAG(s) 'example_weekday_branch_operator' retrieved from /home/airflow/.local/lib/python3.12/site-packages/airflow/example_dags/example_branch_day_of_week_operator.py
[2024-09-24T23:55:57.614+0000] {logging_mixin.py:190} INFO - [2024-09-24T23:55:57.613+0000] {dag.py:3239} INFO - Sync 1 DAGs
[2024-09-24T23:55:57.691+0000] {logging_mixin.py:190} INFO - [2024-09-24T23:55:57.690+0000] {dag.py:4180} INFO - Setting next_dagrun for example_weekday_branch_operator to 2024-09-23 00:00:00+00:00, run_after=2024-09-24 00:00:00+00:00
[2024-09-24T23:55:57.781+0000] {processor.py:208} INFO - Processing /home/airflow/.local/lib/python3.12/site-packages/airflow/example_dags/example_branch_day_of_week_operator.py took 0.274 seconds
