[2024-09-24T23:38:32.705+0000] {processor.py:186} INFO - Started process (PID=467) to work on /home/airflow/.local/lib/python3.12/site-packages/airflow/example_dags/example_outlet_event_extra.py
[2024-09-24T23:38:32.709+0000] {processor.py:914} INFO - Processing file /home/airflow/.local/lib/python3.12/site-packages/airflow/example_dags/example_outlet_event_extra.py for tasks to queue
[2024-09-24T23:38:32.717+0000] {logging_mixin.py:190} INFO - [2024-09-24T23:38:32.716+0000] {dagbag.py:588} INFO - Filling up the DagBag from /home/airflow/.local/lib/python3.12/site-packages/airflow/example_dags/example_outlet_event_extra.py
[2024-09-24T23:38:33.249+0000] {processor.py:925} INFO - DAG(s) 'dataset_with_extra_by_yield', 'dataset_with_extra_by_context', 'dataset_with_extra_from_classic_operator' retrieved from /home/airflow/.local/lib/python3.12/site-packages/airflow/example_dags/example_outlet_event_extra.py
[2024-09-24T23:38:33.648+0000] {logging_mixin.py:190} INFO - [2024-09-24T23:38:33.646+0000] {override.py:1900} INFO - Created Permission View: can edit on DAG:dataset_with_extra_by_yield
[2024-09-24T23:38:33.692+0000] {logging_mixin.py:190} INFO - [2024-09-24T23:38:33.691+0000] {override.py:1900} INFO - Created Permission View: can read on DAG:dataset_with_extra_by_yield
[2024-09-24T23:38:33.720+0000] {logging_mixin.py:190} INFO - [2024-09-24T23:38:33.718+0000] {override.py:1900} INFO - Created Permission View: can delete on DAG:dataset_with_extra_by_yield
[2024-09-24T23:38:33.752+0000] {logging_mixin.py:190} INFO - [2024-09-24T23:38:33.751+0000] {override.py:1900} INFO - Created Permission View: can read on DAG Run:dataset_with_extra_by_yield
[2024-09-24T23:38:33.778+0000] {logging_mixin.py:190} INFO - [2024-09-24T23:38:33.777+0000] {override.py:1900} INFO - Created Permission View: menu access on DAG Run:dataset_with_extra_by_yield
[2024-09-24T23:38:33.802+0000] {logging_mixin.py:190} INFO - [2024-09-24T23:38:33.801+0000] {override.py:1900} INFO - Created Permission View: can delete on DAG Run:dataset_with_extra_by_yield
[2024-09-24T23:38:33.827+0000] {logging_mixin.py:190} INFO - [2024-09-24T23:38:33.826+0000] {override.py:1900} INFO - Created Permission View: can create on DAG Run:dataset_with_extra_by_yield
[2024-09-24T23:38:33.873+0000] {logging_mixin.py:190} INFO - [2024-09-24T23:38:33.873+0000] {override.py:1900} INFO - Created Permission View: can edit on DAG:dataset_with_extra_by_context
[2024-09-24T23:38:33.899+0000] {logging_mixin.py:190} INFO - [2024-09-24T23:38:33.898+0000] {override.py:1900} INFO - Created Permission View: can read on DAG:dataset_with_extra_by_context
[2024-09-24T23:38:33.924+0000] {logging_mixin.py:190} INFO - [2024-09-24T23:38:33.923+0000] {override.py:1900} INFO - Created Permission View: can delete on DAG:dataset_with_extra_by_context
[2024-09-24T23:38:33.949+0000] {logging_mixin.py:190} INFO - [2024-09-24T23:38:33.948+0000] {override.py:1900} INFO - Created Permission View: can read on DAG Run:dataset_with_extra_by_context
[2024-09-24T23:38:33.972+0000] {logging_mixin.py:190} INFO - [2024-09-24T23:38:33.971+0000] {override.py:1900} INFO - Created Permission View: menu access on DAG Run:dataset_with_extra_by_context
[2024-09-24T23:38:33.994+0000] {logging_mixin.py:190} INFO - [2024-09-24T23:38:33.993+0000] {override.py:1900} INFO - Created Permission View: can delete on DAG Run:dataset_with_extra_by_context
[2024-09-24T23:38:34.023+0000] {logging_mixin.py:190} INFO - [2024-09-24T23:38:34.022+0000] {override.py:1900} INFO - Created Permission View: can create on DAG Run:dataset_with_extra_by_context
[2024-09-24T23:38:34.082+0000] {logging_mixin.py:190} INFO - [2024-09-24T23:38:34.081+0000] {override.py:1900} INFO - Created Permission View: can edit on DAG:dataset_with_extra_from_classic_operator
[2024-09-24T23:38:34.108+0000] {logging_mixin.py:190} INFO - [2024-09-24T23:38:34.107+0000] {override.py:1900} INFO - Created Permission View: can read on DAG:dataset_with_extra_from_classic_operator
[2024-09-24T23:38:34.136+0000] {logging_mixin.py:190} INFO - [2024-09-24T23:38:34.135+0000] {override.py:1900} INFO - Created Permission View: can delete on DAG:dataset_with_extra_from_classic_operator
[2024-09-24T23:38:34.169+0000] {logging_mixin.py:190} INFO - [2024-09-24T23:38:34.168+0000] {override.py:1900} INFO - Created Permission View: can read on DAG Run:dataset_with_extra_from_classic_operator
[2024-09-24T23:38:34.194+0000] {logging_mixin.py:190} INFO - [2024-09-24T23:38:34.193+0000] {override.py:1900} INFO - Created Permission View: menu access on DAG Run:dataset_with_extra_from_classic_operator
[2024-09-24T23:38:34.217+0000] {logging_mixin.py:190} INFO - [2024-09-24T23:38:34.216+0000] {override.py:1900} INFO - Created Permission View: can delete on DAG Run:dataset_with_extra_from_classic_operator
[2024-09-24T23:38:34.238+0000] {logging_mixin.py:190} INFO - [2024-09-24T23:38:34.237+0000] {override.py:1900} INFO - Created Permission View: can create on DAG Run:dataset_with_extra_from_classic_operator
[2024-09-24T23:38:34.240+0000] {logging_mixin.py:190} INFO - [2024-09-24T23:38:34.239+0000] {dag.py:3239} INFO - Sync 3 DAGs
[2024-09-24T23:38:34.285+0000] {logging_mixin.py:190} INFO - [2024-09-24T23:38:34.285+0000] {dag.py:3262} INFO - Creating ORM DAG for dataset_with_extra_from_classic_operator
[2024-09-24T23:38:34.288+0000] {logging_mixin.py:190} INFO - [2024-09-24T23:38:34.287+0000] {dag.py:3262} INFO - Creating ORM DAG for dataset_with_extra_by_yield
[2024-09-24T23:38:34.291+0000] {logging_mixin.py:190} INFO - [2024-09-24T23:38:34.290+0000] {dag.py:3262} INFO - Creating ORM DAG for dataset_with_extra_by_context
[2024-09-24T23:38:34.321+0000] {logging_mixin.py:190} INFO - [2024-09-24T23:38:34.320+0000] {dag.py:4180} INFO - Setting next_dagrun for dataset_with_extra_by_context to 2024-09-23 00:00:00+00:00, run_after=2024-09-24 00:00:00+00:00
[2024-09-24T23:38:34.326+0000] {logging_mixin.py:190} INFO - [2024-09-24T23:38:34.326+0000] {dag.py:4180} INFO - Setting next_dagrun for dataset_with_extra_by_yield to 2024-09-23 00:00:00+00:00, run_after=2024-09-24 00:00:00+00:00
[2024-09-24T23:38:34.333+0000] {logging_mixin.py:190} INFO - [2024-09-24T23:38:34.332+0000] {dag.py:4180} INFO - Setting next_dagrun for dataset_with_extra_from_classic_operator to 2024-09-23 00:00:00+00:00, run_after=2024-09-24 00:00:00+00:00
[2024-09-24T23:38:34.398+0000] {processor.py:208} INFO - Processing /home/airflow/.local/lib/python3.12/site-packages/airflow/example_dags/example_outlet_event_extra.py took 1.714 seconds
[2024-09-24T23:39:05.788+0000] {processor.py:186} INFO - Started process (PID=792) to work on /home/airflow/.local/lib/python3.12/site-packages/airflow/example_dags/example_outlet_event_extra.py
[2024-09-24T23:39:05.794+0000] {processor.py:914} INFO - Processing file /home/airflow/.local/lib/python3.12/site-packages/airflow/example_dags/example_outlet_event_extra.py for tasks to queue
[2024-09-24T23:39:05.801+0000] {logging_mixin.py:190} INFO - [2024-09-24T23:39:05.800+0000] {dagbag.py:588} INFO - Filling up the DagBag from /home/airflow/.local/lib/python3.12/site-packages/airflow/example_dags/example_outlet_event_extra.py
[2024-09-24T23:39:06.349+0000] {processor.py:925} INFO - DAG(s) 'dataset_with_extra_by_yield', 'dataset_with_extra_by_context', 'dataset_with_extra_from_classic_operator' retrieved from /home/airflow/.local/lib/python3.12/site-packages/airflow/example_dags/example_outlet_event_extra.py
[2024-09-24T23:39:06.424+0000] {logging_mixin.py:190} INFO - [2024-09-24T23:39:06.423+0000] {dag.py:3239} INFO - Sync 3 DAGs
[2024-09-24T23:39:06.538+0000] {logging_mixin.py:190} INFO - [2024-09-24T23:39:06.526+0000] {dag.py:4180} INFO - Setting next_dagrun for dataset_with_extra_by_context to 2024-09-23 00:00:00+00:00, run_after=2024-09-24 00:00:00+00:00
[2024-09-24T23:39:06.573+0000] {logging_mixin.py:190} INFO - [2024-09-24T23:39:06.572+0000] {dag.py:4180} INFO - Setting next_dagrun for dataset_with_extra_by_yield to 2024-09-23 00:00:00+00:00, run_after=2024-09-24 00:00:00+00:00
[2024-09-24T23:39:06.595+0000] {logging_mixin.py:190} INFO - [2024-09-24T23:39:06.594+0000] {dag.py:4180} INFO - Setting next_dagrun for dataset_with_extra_from_classic_operator to 2024-09-23 00:00:00+00:00, run_after=2024-09-24 00:00:00+00:00
[2024-09-24T23:39:06.704+0000] {processor.py:208} INFO - Processing /home/airflow/.local/lib/python3.12/site-packages/airflow/example_dags/example_outlet_event_extra.py took 0.936 seconds
[2024-09-24T23:39:40.622+0000] {processor.py:186} INFO - Started process (PID=1088) to work on /home/airflow/.local/lib/python3.12/site-packages/airflow/example_dags/example_outlet_event_extra.py
[2024-09-24T23:39:40.626+0000] {processor.py:914} INFO - Processing file /home/airflow/.local/lib/python3.12/site-packages/airflow/example_dags/example_outlet_event_extra.py for tasks to queue
[2024-09-24T23:39:40.632+0000] {logging_mixin.py:190} INFO - [2024-09-24T23:39:40.631+0000] {dagbag.py:588} INFO - Filling up the DagBag from /home/airflow/.local/lib/python3.12/site-packages/airflow/example_dags/example_outlet_event_extra.py
[2024-09-24T23:39:41.123+0000] {processor.py:925} INFO - DAG(s) 'dataset_with_extra_by_yield', 'dataset_with_extra_from_classic_operator', 'dataset_with_extra_by_context' retrieved from /home/airflow/.local/lib/python3.12/site-packages/airflow/example_dags/example_outlet_event_extra.py
[2024-09-24T23:39:41.220+0000] {logging_mixin.py:190} INFO - [2024-09-24T23:39:41.219+0000] {dag.py:3239} INFO - Sync 3 DAGs
[2024-09-24T23:39:41.434+0000] {logging_mixin.py:190} INFO - [2024-09-24T23:39:41.434+0000] {dag.py:4180} INFO - Setting next_dagrun for dataset_with_extra_by_context to 2024-09-23 00:00:00+00:00, run_after=2024-09-24 00:00:00+00:00
[2024-09-24T23:39:41.457+0000] {logging_mixin.py:190} INFO - [2024-09-24T23:39:41.456+0000] {dag.py:4180} INFO - Setting next_dagrun for dataset_with_extra_by_yield to 2024-09-23 00:00:00+00:00, run_after=2024-09-24 00:00:00+00:00
[2024-09-24T23:39:41.470+0000] {logging_mixin.py:190} INFO - [2024-09-24T23:39:41.468+0000] {dag.py:4180} INFO - Setting next_dagrun for dataset_with_extra_from_classic_operator to 2024-09-23 00:00:00+00:00, run_after=2024-09-24 00:00:00+00:00
[2024-09-24T23:39:41.694+0000] {processor.py:208} INFO - Processing /home/airflow/.local/lib/python3.12/site-packages/airflow/example_dags/example_outlet_event_extra.py took 1.113 seconds
[2024-09-24T23:40:13.274+0000] {processor.py:186} INFO - Started process (PID=1409) to work on /home/airflow/.local/lib/python3.12/site-packages/airflow/example_dags/example_outlet_event_extra.py
[2024-09-24T23:40:13.276+0000] {processor.py:914} INFO - Processing file /home/airflow/.local/lib/python3.12/site-packages/airflow/example_dags/example_outlet_event_extra.py for tasks to queue
[2024-09-24T23:40:13.281+0000] {logging_mixin.py:190} INFO - [2024-09-24T23:40:13.280+0000] {dagbag.py:588} INFO - Filling up the DagBag from /home/airflow/.local/lib/python3.12/site-packages/airflow/example_dags/example_outlet_event_extra.py
[2024-09-24T23:40:13.638+0000] {processor.py:925} INFO - DAG(s) 'dataset_with_extra_by_yield', 'dataset_with_extra_from_classic_operator', 'dataset_with_extra_by_context' retrieved from /home/airflow/.local/lib/python3.12/site-packages/airflow/example_dags/example_outlet_event_extra.py
[2024-09-24T23:40:13.766+0000] {logging_mixin.py:190} INFO - [2024-09-24T23:40:13.765+0000] {dag.py:3239} INFO - Sync 3 DAGs
[2024-09-24T23:40:13.882+0000] {logging_mixin.py:190} INFO - [2024-09-24T23:40:13.881+0000] {dag.py:4180} INFO - Setting next_dagrun for dataset_with_extra_by_context to 2024-09-23 00:00:00+00:00, run_after=2024-09-24 00:00:00+00:00
[2024-09-24T23:40:13.911+0000] {logging_mixin.py:190} INFO - [2024-09-24T23:40:13.911+0000] {dag.py:4180} INFO - Setting next_dagrun for dataset_with_extra_by_yield to 2024-09-23 00:00:00+00:00, run_after=2024-09-24 00:00:00+00:00
[2024-09-24T23:40:13.924+0000] {logging_mixin.py:190} INFO - [2024-09-24T23:40:13.924+0000] {dag.py:4180} INFO - Setting next_dagrun for dataset_with_extra_from_classic_operator to 2024-09-23 00:00:00+00:00, run_after=2024-09-24 00:00:00+00:00
[2024-09-24T23:40:14.008+0000] {processor.py:208} INFO - Processing /home/airflow/.local/lib/python3.12/site-packages/airflow/example_dags/example_outlet_event_extra.py took 0.748 seconds
[2024-09-24T23:40:45.601+0000] {processor.py:186} INFO - Started process (PID=1706) to work on /home/airflow/.local/lib/python3.12/site-packages/airflow/example_dags/example_outlet_event_extra.py
[2024-09-24T23:40:45.611+0000] {processor.py:914} INFO - Processing file /home/airflow/.local/lib/python3.12/site-packages/airflow/example_dags/example_outlet_event_extra.py for tasks to queue
[2024-09-24T23:40:45.619+0000] {logging_mixin.py:190} INFO - [2024-09-24T23:40:45.618+0000] {dagbag.py:588} INFO - Filling up the DagBag from /home/airflow/.local/lib/python3.12/site-packages/airflow/example_dags/example_outlet_event_extra.py
[2024-09-24T23:40:46.344+0000] {processor.py:925} INFO - DAG(s) 'dataset_with_extra_by_yield', 'dataset_with_extra_from_classic_operator', 'dataset_with_extra_by_context' retrieved from /home/airflow/.local/lib/python3.12/site-packages/airflow/example_dags/example_outlet_event_extra.py
[2024-09-24T23:40:46.512+0000] {logging_mixin.py:190} INFO - [2024-09-24T23:40:46.506+0000] {dag.py:3239} INFO - Sync 3 DAGs
[2024-09-24T23:40:46.650+0000] {logging_mixin.py:190} INFO - [2024-09-24T23:40:46.649+0000] {dag.py:4180} INFO - Setting next_dagrun for dataset_with_extra_by_context to 2024-09-23 00:00:00+00:00, run_after=2024-09-24 00:00:00+00:00
[2024-09-24T23:40:46.681+0000] {logging_mixin.py:190} INFO - [2024-09-24T23:40:46.680+0000] {dag.py:4180} INFO - Setting next_dagrun for dataset_with_extra_by_yield to 2024-09-23 00:00:00+00:00, run_after=2024-09-24 00:00:00+00:00
[2024-09-24T23:40:46.700+0000] {logging_mixin.py:190} INFO - [2024-09-24T23:40:46.700+0000] {dag.py:4180} INFO - Setting next_dagrun for dataset_with_extra_from_classic_operator to 2024-09-23 00:00:00+00:00, run_after=2024-09-24 00:00:00+00:00
[2024-09-24T23:40:46.815+0000] {processor.py:208} INFO - Processing /home/airflow/.local/lib/python3.12/site-packages/airflow/example_dags/example_outlet_event_extra.py took 1.238 seconds
[2024-09-24T23:41:17.612+0000] {processor.py:186} INFO - Started process (PID=1998) to work on /home/airflow/.local/lib/python3.12/site-packages/airflow/example_dags/example_outlet_event_extra.py
[2024-09-24T23:41:17.614+0000] {processor.py:914} INFO - Processing file /home/airflow/.local/lib/python3.12/site-packages/airflow/example_dags/example_outlet_event_extra.py for tasks to queue
[2024-09-24T23:41:17.620+0000] {logging_mixin.py:190} INFO - [2024-09-24T23:41:17.619+0000] {dagbag.py:588} INFO - Filling up the DagBag from /home/airflow/.local/lib/python3.12/site-packages/airflow/example_dags/example_outlet_event_extra.py
[2024-09-24T23:41:18.058+0000] {processor.py:925} INFO - DAG(s) 'dataset_with_extra_by_yield', 'dataset_with_extra_by_context', 'dataset_with_extra_from_classic_operator' retrieved from /home/airflow/.local/lib/python3.12/site-packages/airflow/example_dags/example_outlet_event_extra.py
[2024-09-24T23:41:18.125+0000] {logging_mixin.py:190} INFO - [2024-09-24T23:41:18.125+0000] {dag.py:3239} INFO - Sync 3 DAGs
[2024-09-24T23:41:18.224+0000] {logging_mixin.py:190} INFO - [2024-09-24T23:41:18.223+0000] {dag.py:4180} INFO - Setting next_dagrun for dataset_with_extra_by_context to 2024-09-23 00:00:00+00:00, run_after=2024-09-24 00:00:00+00:00
[2024-09-24T23:41:18.246+0000] {logging_mixin.py:190} INFO - [2024-09-24T23:41:18.245+0000] {dag.py:4180} INFO - Setting next_dagrun for dataset_with_extra_by_yield to 2024-09-23 00:00:00+00:00, run_after=2024-09-24 00:00:00+00:00
[2024-09-24T23:41:18.258+0000] {logging_mixin.py:190} INFO - [2024-09-24T23:41:18.257+0000] {dag.py:4180} INFO - Setting next_dagrun for dataset_with_extra_from_classic_operator to 2024-09-23 00:00:00+00:00, run_after=2024-09-24 00:00:00+00:00
[2024-09-24T23:41:18.338+0000] {processor.py:208} INFO - Processing /home/airflow/.local/lib/python3.12/site-packages/airflow/example_dags/example_outlet_event_extra.py took 0.737 seconds
[2024-09-24T23:41:48.940+0000] {processor.py:186} INFO - Started process (PID=2284) to work on /home/airflow/.local/lib/python3.12/site-packages/airflow/example_dags/example_outlet_event_extra.py
[2024-09-24T23:41:48.943+0000] {processor.py:914} INFO - Processing file /home/airflow/.local/lib/python3.12/site-packages/airflow/example_dags/example_outlet_event_extra.py for tasks to queue
[2024-09-24T23:41:48.960+0000] {logging_mixin.py:190} INFO - [2024-09-24T23:41:48.952+0000] {dagbag.py:588} INFO - Filling up the DagBag from /home/airflow/.local/lib/python3.12/site-packages/airflow/example_dags/example_outlet_event_extra.py
[2024-09-24T23:41:49.825+0000] {processor.py:925} INFO - DAG(s) 'dataset_with_extra_from_classic_operator', 'dataset_with_extra_by_yield', 'dataset_with_extra_by_context' retrieved from /home/airflow/.local/lib/python3.12/site-packages/airflow/example_dags/example_outlet_event_extra.py
[2024-09-24T23:41:49.988+0000] {logging_mixin.py:190} INFO - [2024-09-24T23:41:49.987+0000] {dag.py:3239} INFO - Sync 3 DAGs
[2024-09-24T23:41:50.104+0000] {logging_mixin.py:190} INFO - [2024-09-24T23:41:50.103+0000] {dag.py:4180} INFO - Setting next_dagrun for dataset_with_extra_by_context to 2024-09-23 00:00:00+00:00, run_after=2024-09-24 00:00:00+00:00
[2024-09-24T23:41:50.126+0000] {logging_mixin.py:190} INFO - [2024-09-24T23:41:50.126+0000] {dag.py:4180} INFO - Setting next_dagrun for dataset_with_extra_by_yield to 2024-09-23 00:00:00+00:00, run_after=2024-09-24 00:00:00+00:00
[2024-09-24T23:41:50.140+0000] {logging_mixin.py:190} INFO - [2024-09-24T23:41:50.139+0000] {dag.py:4180} INFO - Setting next_dagrun for dataset_with_extra_from_classic_operator to 2024-09-23 00:00:00+00:00, run_after=2024-09-24 00:00:00+00:00
[2024-09-24T23:41:50.220+0000] {processor.py:208} INFO - Processing /home/airflow/.local/lib/python3.12/site-packages/airflow/example_dags/example_outlet_event_extra.py took 1.337 seconds
[2024-09-24T23:42:20.641+0000] {processor.py:186} INFO - Started process (PID=2575) to work on /home/airflow/.local/lib/python3.12/site-packages/airflow/example_dags/example_outlet_event_extra.py
[2024-09-24T23:42:20.646+0000] {processor.py:914} INFO - Processing file /home/airflow/.local/lib/python3.12/site-packages/airflow/example_dags/example_outlet_event_extra.py for tasks to queue
[2024-09-24T23:42:20.654+0000] {logging_mixin.py:190} INFO - [2024-09-24T23:42:20.653+0000] {dagbag.py:588} INFO - Filling up the DagBag from /home/airflow/.local/lib/python3.12/site-packages/airflow/example_dags/example_outlet_event_extra.py
[2024-09-24T23:42:21.108+0000] {processor.py:925} INFO - DAG(s) 'dataset_with_extra_from_classic_operator', 'dataset_with_extra_by_yield', 'dataset_with_extra_by_context' retrieved from /home/airflow/.local/lib/python3.12/site-packages/airflow/example_dags/example_outlet_event_extra.py
[2024-09-24T23:42:21.196+0000] {logging_mixin.py:190} INFO - [2024-09-24T23:42:21.194+0000] {dag.py:3239} INFO - Sync 3 DAGs
[2024-09-24T23:42:21.337+0000] {logging_mixin.py:190} INFO - [2024-09-24T23:42:21.336+0000] {dag.py:4180} INFO - Setting next_dagrun for dataset_with_extra_by_context to 2024-09-23 00:00:00+00:00, run_after=2024-09-24 00:00:00+00:00
[2024-09-24T23:42:21.361+0000] {logging_mixin.py:190} INFO - [2024-09-24T23:42:21.358+0000] {dag.py:4180} INFO - Setting next_dagrun for dataset_with_extra_by_yield to 2024-09-23 00:00:00+00:00, run_after=2024-09-24 00:00:00+00:00
[2024-09-24T23:42:21.374+0000] {logging_mixin.py:190} INFO - [2024-09-24T23:42:21.374+0000] {dag.py:4180} INFO - Setting next_dagrun for dataset_with_extra_from_classic_operator to 2024-09-23 00:00:00+00:00, run_after=2024-09-24 00:00:00+00:00
[2024-09-24T23:42:21.532+0000] {processor.py:208} INFO - Processing /home/airflow/.local/lib/python3.12/site-packages/airflow/example_dags/example_outlet_event_extra.py took 0.909 seconds
[2024-09-24T23:42:51.827+0000] {processor.py:186} INFO - Started process (PID=2868) to work on /home/airflow/.local/lib/python3.12/site-packages/airflow/example_dags/example_outlet_event_extra.py
[2024-09-24T23:42:51.830+0000] {processor.py:914} INFO - Processing file /home/airflow/.local/lib/python3.12/site-packages/airflow/example_dags/example_outlet_event_extra.py for tasks to queue
[2024-09-24T23:42:51.837+0000] {logging_mixin.py:190} INFO - [2024-09-24T23:42:51.836+0000] {dagbag.py:588} INFO - Filling up the DagBag from /home/airflow/.local/lib/python3.12/site-packages/airflow/example_dags/example_outlet_event_extra.py
[2024-09-24T23:42:52.332+0000] {processor.py:925} INFO - DAG(s) 'dataset_with_extra_from_classic_operator', 'dataset_with_extra_by_yield', 'dataset_with_extra_by_context' retrieved from /home/airflow/.local/lib/python3.12/site-packages/airflow/example_dags/example_outlet_event_extra.py
[2024-09-24T23:42:52.416+0000] {logging_mixin.py:190} INFO - [2024-09-24T23:42:52.415+0000] {dag.py:3239} INFO - Sync 3 DAGs
[2024-09-24T23:42:52.499+0000] {logging_mixin.py:190} INFO - [2024-09-24T23:42:52.498+0000] {dag.py:4180} INFO - Setting next_dagrun for dataset_with_extra_by_context to 2024-09-23 00:00:00+00:00, run_after=2024-09-24 00:00:00+00:00
[2024-09-24T23:42:52.514+0000] {logging_mixin.py:190} INFO - [2024-09-24T23:42:52.514+0000] {dag.py:4180} INFO - Setting next_dagrun for dataset_with_extra_by_yield to 2024-09-23 00:00:00+00:00, run_after=2024-09-24 00:00:00+00:00
[2024-09-24T23:42:52.522+0000] {logging_mixin.py:190} INFO - [2024-09-24T23:42:52.521+0000] {dag.py:4180} INFO - Setting next_dagrun for dataset_with_extra_from_classic_operator to 2024-09-23 00:00:00+00:00, run_after=2024-09-24 00:00:00+00:00
[2024-09-24T23:42:52.586+0000] {processor.py:208} INFO - Processing /home/airflow/.local/lib/python3.12/site-packages/airflow/example_dags/example_outlet_event_extra.py took 0.779 seconds
[2024-09-24T23:43:22.974+0000] {processor.py:186} INFO - Started process (PID=3157) to work on /home/airflow/.local/lib/python3.12/site-packages/airflow/example_dags/example_outlet_event_extra.py
[2024-09-24T23:43:22.976+0000] {processor.py:914} INFO - Processing file /home/airflow/.local/lib/python3.12/site-packages/airflow/example_dags/example_outlet_event_extra.py for tasks to queue
[2024-09-24T23:43:22.981+0000] {logging_mixin.py:190} INFO - [2024-09-24T23:43:22.980+0000] {dagbag.py:588} INFO - Filling up the DagBag from /home/airflow/.local/lib/python3.12/site-packages/airflow/example_dags/example_outlet_event_extra.py
[2024-09-24T23:43:23.303+0000] {processor.py:925} INFO - DAG(s) 'dataset_with_extra_from_classic_operator', 'dataset_with_extra_by_yield', 'dataset_with_extra_by_context' retrieved from /home/airflow/.local/lib/python3.12/site-packages/airflow/example_dags/example_outlet_event_extra.py
[2024-09-24T23:43:23.359+0000] {logging_mixin.py:190} INFO - [2024-09-24T23:43:23.359+0000] {dag.py:3239} INFO - Sync 3 DAGs
[2024-09-24T23:43:23.421+0000] {logging_mixin.py:190} INFO - [2024-09-24T23:43:23.420+0000] {dag.py:4180} INFO - Setting next_dagrun for dataset_with_extra_by_context to 2024-09-23 00:00:00+00:00, run_after=2024-09-24 00:00:00+00:00
[2024-09-24T23:43:23.432+0000] {logging_mixin.py:190} INFO - [2024-09-24T23:43:23.432+0000] {dag.py:4180} INFO - Setting next_dagrun for dataset_with_extra_by_yield to 2024-09-23 00:00:00+00:00, run_after=2024-09-24 00:00:00+00:00
[2024-09-24T23:43:23.439+0000] {logging_mixin.py:190} INFO - [2024-09-24T23:43:23.439+0000] {dag.py:4180} INFO - Setting next_dagrun for dataset_with_extra_from_classic_operator to 2024-09-23 00:00:00+00:00, run_after=2024-09-24 00:00:00+00:00
[2024-09-24T23:43:23.487+0000] {processor.py:208} INFO - Processing /home/airflow/.local/lib/python3.12/site-packages/airflow/example_dags/example_outlet_event_extra.py took 0.523 seconds
[2024-09-24T23:43:53.812+0000] {processor.py:186} INFO - Started process (PID=3448) to work on /home/airflow/.local/lib/python3.12/site-packages/airflow/example_dags/example_outlet_event_extra.py
[2024-09-24T23:43:53.815+0000] {processor.py:914} INFO - Processing file /home/airflow/.local/lib/python3.12/site-packages/airflow/example_dags/example_outlet_event_extra.py for tasks to queue
[2024-09-24T23:43:53.822+0000] {logging_mixin.py:190} INFO - [2024-09-24T23:43:53.821+0000] {dagbag.py:588} INFO - Filling up the DagBag from /home/airflow/.local/lib/python3.12/site-packages/airflow/example_dags/example_outlet_event_extra.py
[2024-09-24T23:43:54.304+0000] {processor.py:925} INFO - DAG(s) 'dataset_with_extra_from_classic_operator', 'dataset_with_extra_by_yield', 'dataset_with_extra_by_context' retrieved from /home/airflow/.local/lib/python3.12/site-packages/airflow/example_dags/example_outlet_event_extra.py
[2024-09-24T23:43:54.368+0000] {logging_mixin.py:190} INFO - [2024-09-24T23:43:54.368+0000] {dag.py:3239} INFO - Sync 3 DAGs
[2024-09-24T23:43:54.440+0000] {logging_mixin.py:190} INFO - [2024-09-24T23:43:54.440+0000] {dag.py:4180} INFO - Setting next_dagrun for dataset_with_extra_by_context to 2024-09-23 00:00:00+00:00, run_after=2024-09-24 00:00:00+00:00
[2024-09-24T23:43:54.458+0000] {logging_mixin.py:190} INFO - [2024-09-24T23:43:54.458+0000] {dag.py:4180} INFO - Setting next_dagrun for dataset_with_extra_by_yield to 2024-09-23 00:00:00+00:00, run_after=2024-09-24 00:00:00+00:00
[2024-09-24T23:43:54.467+0000] {logging_mixin.py:190} INFO - [2024-09-24T23:43:54.467+0000] {dag.py:4180} INFO - Setting next_dagrun for dataset_with_extra_from_classic_operator to 2024-09-23 00:00:00+00:00, run_after=2024-09-24 00:00:00+00:00
[2024-09-24T23:43:54.533+0000] {processor.py:208} INFO - Processing /home/airflow/.local/lib/python3.12/site-packages/airflow/example_dags/example_outlet_event_extra.py took 0.739 seconds
[2024-09-24T23:44:25.423+0000] {processor.py:186} INFO - Started process (PID=3741) to work on /home/airflow/.local/lib/python3.12/site-packages/airflow/example_dags/example_outlet_event_extra.py
[2024-09-24T23:44:25.425+0000] {processor.py:914} INFO - Processing file /home/airflow/.local/lib/python3.12/site-packages/airflow/example_dags/example_outlet_event_extra.py for tasks to queue
[2024-09-24T23:44:25.430+0000] {logging_mixin.py:190} INFO - [2024-09-24T23:44:25.429+0000] {dagbag.py:588} INFO - Filling up the DagBag from /home/airflow/.local/lib/python3.12/site-packages/airflow/example_dags/example_outlet_event_extra.py
[2024-09-24T23:44:25.858+0000] {processor.py:925} INFO - DAG(s) 'dataset_with_extra_by_context', 'dataset_with_extra_from_classic_operator', 'dataset_with_extra_by_yield' retrieved from /home/airflow/.local/lib/python3.12/site-packages/airflow/example_dags/example_outlet_event_extra.py
[2024-09-24T23:44:25.937+0000] {logging_mixin.py:190} INFO - [2024-09-24T23:44:25.936+0000] {dag.py:3239} INFO - Sync 3 DAGs
[2024-09-24T23:44:26.076+0000] {logging_mixin.py:190} INFO - [2024-09-24T23:44:26.075+0000] {dag.py:4180} INFO - Setting next_dagrun for dataset_with_extra_by_context to 2024-09-23 00:00:00+00:00, run_after=2024-09-24 00:00:00+00:00
[2024-09-24T23:44:26.099+0000] {logging_mixin.py:190} INFO - [2024-09-24T23:44:26.098+0000] {dag.py:4180} INFO - Setting next_dagrun for dataset_with_extra_by_yield to 2024-09-23 00:00:00+00:00, run_after=2024-09-24 00:00:00+00:00
[2024-09-24T23:44:26.116+0000] {logging_mixin.py:190} INFO - [2024-09-24T23:44:26.116+0000] {dag.py:4180} INFO - Setting next_dagrun for dataset_with_extra_from_classic_operator to 2024-09-23 00:00:00+00:00, run_after=2024-09-24 00:00:00+00:00
[2024-09-24T23:44:26.200+0000] {processor.py:208} INFO - Processing /home/airflow/.local/lib/python3.12/site-packages/airflow/example_dags/example_outlet_event_extra.py took 0.790 seconds
[2024-09-24T23:44:56.798+0000] {processor.py:186} INFO - Started process (PID=4030) to work on /home/airflow/.local/lib/python3.12/site-packages/airflow/example_dags/example_outlet_event_extra.py
[2024-09-24T23:44:56.800+0000] {processor.py:914} INFO - Processing file /home/airflow/.local/lib/python3.12/site-packages/airflow/example_dags/example_outlet_event_extra.py for tasks to queue
[2024-09-24T23:44:56.805+0000] {logging_mixin.py:190} INFO - [2024-09-24T23:44:56.804+0000] {dagbag.py:588} INFO - Filling up the DagBag from /home/airflow/.local/lib/python3.12/site-packages/airflow/example_dags/example_outlet_event_extra.py
[2024-09-24T23:44:57.121+0000] {processor.py:925} INFO - DAG(s) 'dataset_with_extra_by_context', 'dataset_with_extra_from_classic_operator', 'dataset_with_extra_by_yield' retrieved from /home/airflow/.local/lib/python3.12/site-packages/airflow/example_dags/example_outlet_event_extra.py
[2024-09-24T23:44:57.170+0000] {logging_mixin.py:190} INFO - [2024-09-24T23:44:57.170+0000] {dag.py:3239} INFO - Sync 3 DAGs
[2024-09-24T23:44:57.215+0000] {logging_mixin.py:190} INFO - [2024-09-24T23:44:57.214+0000] {dag.py:4180} INFO - Setting next_dagrun for dataset_with_extra_by_context to 2024-09-23 00:00:00+00:00, run_after=2024-09-24 00:00:00+00:00
[2024-09-24T23:44:57.223+0000] {logging_mixin.py:190} INFO - [2024-09-24T23:44:57.222+0000] {dag.py:4180} INFO - Setting next_dagrun for dataset_with_extra_by_yield to 2024-09-23 00:00:00+00:00, run_after=2024-09-24 00:00:00+00:00
[2024-09-24T23:44:57.227+0000] {logging_mixin.py:190} INFO - [2024-09-24T23:44:57.227+0000] {dag.py:4180} INFO - Setting next_dagrun for dataset_with_extra_from_classic_operator to 2024-09-23 00:00:00+00:00, run_after=2024-09-24 00:00:00+00:00
[2024-09-24T23:44:57.266+0000] {processor.py:208} INFO - Processing /home/airflow/.local/lib/python3.12/site-packages/airflow/example_dags/example_outlet_event_extra.py took 0.480 seconds
[2024-09-24T23:45:28.897+0000] {processor.py:186} INFO - Started process (PID=4328) to work on /home/airflow/.local/lib/python3.12/site-packages/airflow/example_dags/example_outlet_event_extra.py
[2024-09-24T23:45:28.900+0000] {processor.py:914} INFO - Processing file /home/airflow/.local/lib/python3.12/site-packages/airflow/example_dags/example_outlet_event_extra.py for tasks to queue
[2024-09-24T23:45:28.906+0000] {logging_mixin.py:190} INFO - [2024-09-24T23:45:28.906+0000] {dagbag.py:588} INFO - Filling up the DagBag from /home/airflow/.local/lib/python3.12/site-packages/airflow/example_dags/example_outlet_event_extra.py
[2024-09-24T23:45:29.207+0000] {processor.py:925} INFO - DAG(s) 'dataset_with_extra_from_classic_operator', 'dataset_with_extra_by_context', 'dataset_with_extra_by_yield' retrieved from /home/airflow/.local/lib/python3.12/site-packages/airflow/example_dags/example_outlet_event_extra.py
[2024-09-24T23:45:29.275+0000] {logging_mixin.py:190} INFO - [2024-09-24T23:45:29.274+0000] {dag.py:3239} INFO - Sync 3 DAGs
[2024-09-24T23:45:29.364+0000] {logging_mixin.py:190} INFO - [2024-09-24T23:45:29.364+0000] {dag.py:4180} INFO - Setting next_dagrun for dataset_with_extra_by_context to 2024-09-23 00:00:00+00:00, run_after=2024-09-24 00:00:00+00:00
[2024-09-24T23:45:29.383+0000] {logging_mixin.py:190} INFO - [2024-09-24T23:45:29.382+0000] {dag.py:4180} INFO - Setting next_dagrun for dataset_with_extra_by_yield to 2024-09-23 00:00:00+00:00, run_after=2024-09-24 00:00:00+00:00
[2024-09-24T23:45:29.394+0000] {logging_mixin.py:190} INFO - [2024-09-24T23:45:29.393+0000] {dag.py:4180} INFO - Setting next_dagrun for dataset_with_extra_from_classic_operator to 2024-09-23 00:00:00+00:00, run_after=2024-09-24 00:00:00+00:00
[2024-09-24T23:45:29.454+0000] {processor.py:208} INFO - Processing /home/airflow/.local/lib/python3.12/site-packages/airflow/example_dags/example_outlet_event_extra.py took 0.575 seconds
[2024-09-24T23:45:59.875+0000] {processor.py:186} INFO - Started process (PID=4612) to work on /home/airflow/.local/lib/python3.12/site-packages/airflow/example_dags/example_outlet_event_extra.py
[2024-09-24T23:45:59.878+0000] {processor.py:914} INFO - Processing file /home/airflow/.local/lib/python3.12/site-packages/airflow/example_dags/example_outlet_event_extra.py for tasks to queue
[2024-09-24T23:45:59.888+0000] {logging_mixin.py:190} INFO - [2024-09-24T23:45:59.887+0000] {dagbag.py:588} INFO - Filling up the DagBag from /home/airflow/.local/lib/python3.12/site-packages/airflow/example_dags/example_outlet_event_extra.py
[2024-09-24T23:46:00.236+0000] {processor.py:925} INFO - DAG(s) 'dataset_with_extra_from_classic_operator', 'dataset_with_extra_by_context', 'dataset_with_extra_by_yield' retrieved from /home/airflow/.local/lib/python3.12/site-packages/airflow/example_dags/example_outlet_event_extra.py
[2024-09-24T23:46:00.312+0000] {logging_mixin.py:190} INFO - [2024-09-24T23:46:00.312+0000] {dag.py:3239} INFO - Sync 3 DAGs
[2024-09-24T23:46:00.382+0000] {logging_mixin.py:190} INFO - [2024-09-24T23:46:00.382+0000] {dag.py:4180} INFO - Setting next_dagrun for dataset_with_extra_by_context to 2024-09-23 00:00:00+00:00, run_after=2024-09-24 00:00:00+00:00
[2024-09-24T23:46:00.407+0000] {logging_mixin.py:190} INFO - [2024-09-24T23:46:00.406+0000] {dag.py:4180} INFO - Setting next_dagrun for dataset_with_extra_by_yield to 2024-09-23 00:00:00+00:00, run_after=2024-09-24 00:00:00+00:00
[2024-09-24T23:46:00.415+0000] {logging_mixin.py:190} INFO - [2024-09-24T23:46:00.415+0000] {dag.py:4180} INFO - Setting next_dagrun for dataset_with_extra_from_classic_operator to 2024-09-23 00:00:00+00:00, run_after=2024-09-24 00:00:00+00:00
[2024-09-24T23:46:00.505+0000] {processor.py:208} INFO - Processing /home/airflow/.local/lib/python3.12/site-packages/airflow/example_dags/example_outlet_event_extra.py took 0.650 seconds
[2024-09-24T23:46:31.769+0000] {processor.py:186} INFO - Started process (PID=4914) to work on /home/airflow/.local/lib/python3.12/site-packages/airflow/example_dags/example_outlet_event_extra.py
[2024-09-24T23:46:31.772+0000] {processor.py:914} INFO - Processing file /home/airflow/.local/lib/python3.12/site-packages/airflow/example_dags/example_outlet_event_extra.py for tasks to queue
[2024-09-24T23:46:31.781+0000] {logging_mixin.py:190} INFO - [2024-09-24T23:46:31.780+0000] {dagbag.py:588} INFO - Filling up the DagBag from /home/airflow/.local/lib/python3.12/site-packages/airflow/example_dags/example_outlet_event_extra.py
[2024-09-24T23:46:32.251+0000] {processor.py:925} INFO - DAG(s) 'dataset_with_extra_from_classic_operator', 'dataset_with_extra_by_yield', 'dataset_with_extra_by_context' retrieved from /home/airflow/.local/lib/python3.12/site-packages/airflow/example_dags/example_outlet_event_extra.py
[2024-09-24T23:46:32.302+0000] {logging_mixin.py:190} INFO - [2024-09-24T23:46:32.302+0000] {dag.py:3239} INFO - Sync 3 DAGs
[2024-09-24T23:46:32.350+0000] {logging_mixin.py:190} INFO - [2024-09-24T23:46:32.350+0000] {dag.py:4180} INFO - Setting next_dagrun for dataset_with_extra_by_context to 2024-09-23 00:00:00+00:00, run_after=2024-09-24 00:00:00+00:00
[2024-09-24T23:46:32.358+0000] {logging_mixin.py:190} INFO - [2024-09-24T23:46:32.358+0000] {dag.py:4180} INFO - Setting next_dagrun for dataset_with_extra_by_yield to 2024-09-23 00:00:00+00:00, run_after=2024-09-24 00:00:00+00:00
[2024-09-24T23:46:32.363+0000] {logging_mixin.py:190} INFO - [2024-09-24T23:46:32.363+0000] {dag.py:4180} INFO - Setting next_dagrun for dataset_with_extra_from_classic_operator to 2024-09-23 00:00:00+00:00, run_after=2024-09-24 00:00:00+00:00
[2024-09-24T23:46:32.402+0000] {processor.py:208} INFO - Processing /home/airflow/.local/lib/python3.12/site-packages/airflow/example_dags/example_outlet_event_extra.py took 0.658 seconds
[2024-09-24T23:47:02.857+0000] {processor.py:186} INFO - Started process (PID=5205) to work on /home/airflow/.local/lib/python3.12/site-packages/airflow/example_dags/example_outlet_event_extra.py
[2024-09-24T23:47:02.859+0000] {processor.py:914} INFO - Processing file /home/airflow/.local/lib/python3.12/site-packages/airflow/example_dags/example_outlet_event_extra.py for tasks to queue
[2024-09-24T23:47:02.865+0000] {logging_mixin.py:190} INFO - [2024-09-24T23:47:02.865+0000] {dagbag.py:588} INFO - Filling up the DagBag from /home/airflow/.local/lib/python3.12/site-packages/airflow/example_dags/example_outlet_event_extra.py
[2024-09-24T23:47:03.188+0000] {processor.py:925} INFO - DAG(s) 'dataset_with_extra_from_classic_operator', 'dataset_with_extra_by_yield', 'dataset_with_extra_by_context' retrieved from /home/airflow/.local/lib/python3.12/site-packages/airflow/example_dags/example_outlet_event_extra.py
[2024-09-24T23:47:03.264+0000] {logging_mixin.py:190} INFO - [2024-09-24T23:47:03.263+0000] {dag.py:3239} INFO - Sync 3 DAGs
[2024-09-24T23:47:03.336+0000] {logging_mixin.py:190} INFO - [2024-09-24T23:47:03.334+0000] {dag.py:4180} INFO - Setting next_dagrun for dataset_with_extra_by_context to 2024-09-23 00:00:00+00:00, run_after=2024-09-24 00:00:00+00:00
[2024-09-24T23:47:03.348+0000] {logging_mixin.py:190} INFO - [2024-09-24T23:47:03.348+0000] {dag.py:4180} INFO - Setting next_dagrun for dataset_with_extra_by_yield to 2024-09-23 00:00:00+00:00, run_after=2024-09-24 00:00:00+00:00
[2024-09-24T23:47:03.355+0000] {logging_mixin.py:190} INFO - [2024-09-24T23:47:03.355+0000] {dag.py:4180} INFO - Setting next_dagrun for dataset_with_extra_from_classic_operator to 2024-09-23 00:00:00+00:00, run_after=2024-09-24 00:00:00+00:00
[2024-09-24T23:47:03.415+0000] {processor.py:208} INFO - Processing /home/airflow/.local/lib/python3.12/site-packages/airflow/example_dags/example_outlet_event_extra.py took 0.575 seconds
[2024-09-24T23:47:34.759+0000] {processor.py:186} INFO - Started process (PID=5496) to work on /home/airflow/.local/lib/python3.12/site-packages/airflow/example_dags/example_outlet_event_extra.py
[2024-09-24T23:47:34.763+0000] {processor.py:914} INFO - Processing file /home/airflow/.local/lib/python3.12/site-packages/airflow/example_dags/example_outlet_event_extra.py for tasks to queue
[2024-09-24T23:47:34.775+0000] {logging_mixin.py:190} INFO - [2024-09-24T23:47:34.774+0000] {dagbag.py:588} INFO - Filling up the DagBag from /home/airflow/.local/lib/python3.12/site-packages/airflow/example_dags/example_outlet_event_extra.py
[2024-09-24T23:47:35.455+0000] {processor.py:925} INFO - DAG(s) 'dataset_with_extra_from_classic_operator', 'dataset_with_extra_by_yield', 'dataset_with_extra_by_context' retrieved from /home/airflow/.local/lib/python3.12/site-packages/airflow/example_dags/example_outlet_event_extra.py
[2024-09-24T23:47:35.545+0000] {logging_mixin.py:190} INFO - [2024-09-24T23:47:35.544+0000] {dag.py:3239} INFO - Sync 3 DAGs
[2024-09-24T23:47:35.596+0000] {logging_mixin.py:190} INFO - [2024-09-24T23:47:35.596+0000] {dag.py:4180} INFO - Setting next_dagrun for dataset_with_extra_by_context to 2024-09-23 00:00:00+00:00, run_after=2024-09-24 00:00:00+00:00
[2024-09-24T23:47:35.611+0000] {logging_mixin.py:190} INFO - [2024-09-24T23:47:35.610+0000] {dag.py:4180} INFO - Setting next_dagrun for dataset_with_extra_by_yield to 2024-09-23 00:00:00+00:00, run_after=2024-09-24 00:00:00+00:00
[2024-09-24T23:47:35.618+0000] {logging_mixin.py:190} INFO - [2024-09-24T23:47:35.617+0000] {dag.py:4180} INFO - Setting next_dagrun for dataset_with_extra_from_classic_operator to 2024-09-23 00:00:00+00:00, run_after=2024-09-24 00:00:00+00:00
[2024-09-24T23:47:35.692+0000] {processor.py:208} INFO - Processing /home/airflow/.local/lib/python3.12/site-packages/airflow/example_dags/example_outlet_event_extra.py took 0.964 seconds
[2024-09-24T23:48:05.896+0000] {processor.py:186} INFO - Started process (PID=5784) to work on /home/airflow/.local/lib/python3.12/site-packages/airflow/example_dags/example_outlet_event_extra.py
[2024-09-24T23:48:05.899+0000] {processor.py:914} INFO - Processing file /home/airflow/.local/lib/python3.12/site-packages/airflow/example_dags/example_outlet_event_extra.py for tasks to queue
[2024-09-24T23:48:05.905+0000] {logging_mixin.py:190} INFO - [2024-09-24T23:48:05.904+0000] {dagbag.py:588} INFO - Filling up the DagBag from /home/airflow/.local/lib/python3.12/site-packages/airflow/example_dags/example_outlet_event_extra.py
[2024-09-24T23:48:06.182+0000] {processor.py:925} INFO - DAG(s) 'dataset_with_extra_by_yield', 'dataset_with_extra_by_context', 'dataset_with_extra_from_classic_operator' retrieved from /home/airflow/.local/lib/python3.12/site-packages/airflow/example_dags/example_outlet_event_extra.py
[2024-09-24T23:48:06.239+0000] {logging_mixin.py:190} INFO - [2024-09-24T23:48:06.239+0000] {dag.py:3239} INFO - Sync 3 DAGs
[2024-09-24T23:48:06.314+0000] {logging_mixin.py:190} INFO - [2024-09-24T23:48:06.313+0000] {dag.py:4180} INFO - Setting next_dagrun for dataset_with_extra_by_context to 2024-09-23 00:00:00+00:00, run_after=2024-09-24 00:00:00+00:00
[2024-09-24T23:48:06.327+0000] {logging_mixin.py:190} INFO - [2024-09-24T23:48:06.326+0000] {dag.py:4180} INFO - Setting next_dagrun for dataset_with_extra_by_yield to 2024-09-23 00:00:00+00:00, run_after=2024-09-24 00:00:00+00:00
[2024-09-24T23:48:06.335+0000] {logging_mixin.py:190} INFO - [2024-09-24T23:48:06.334+0000] {dag.py:4180} INFO - Setting next_dagrun for dataset_with_extra_from_classic_operator to 2024-09-23 00:00:00+00:00, run_after=2024-09-24 00:00:00+00:00
[2024-09-24T23:48:06.397+0000] {processor.py:208} INFO - Processing /home/airflow/.local/lib/python3.12/site-packages/airflow/example_dags/example_outlet_event_extra.py took 0.515 seconds
[2024-09-24T23:48:36.763+0000] {processor.py:186} INFO - Started process (PID=6068) to work on /home/airflow/.local/lib/python3.12/site-packages/airflow/example_dags/example_outlet_event_extra.py
[2024-09-24T23:48:36.766+0000] {processor.py:914} INFO - Processing file /home/airflow/.local/lib/python3.12/site-packages/airflow/example_dags/example_outlet_event_extra.py for tasks to queue
[2024-09-24T23:48:36.774+0000] {logging_mixin.py:190} INFO - [2024-09-24T23:48:36.773+0000] {dagbag.py:588} INFO - Filling up the DagBag from /home/airflow/.local/lib/python3.12/site-packages/airflow/example_dags/example_outlet_event_extra.py
[2024-09-24T23:48:37.052+0000] {processor.py:925} INFO - DAG(s) 'dataset_with_extra_by_yield', 'dataset_with_extra_by_context', 'dataset_with_extra_from_classic_operator' retrieved from /home/airflow/.local/lib/python3.12/site-packages/airflow/example_dags/example_outlet_event_extra.py
[2024-09-24T23:48:37.108+0000] {logging_mixin.py:190} INFO - [2024-09-24T23:48:37.107+0000] {dag.py:3239} INFO - Sync 3 DAGs
[2024-09-24T23:48:37.164+0000] {logging_mixin.py:190} INFO - [2024-09-24T23:48:37.164+0000] {dag.py:4180} INFO - Setting next_dagrun for dataset_with_extra_by_context to 2024-09-23 00:00:00+00:00, run_after=2024-09-24 00:00:00+00:00
[2024-09-24T23:48:37.177+0000] {logging_mixin.py:190} INFO - [2024-09-24T23:48:37.177+0000] {dag.py:4180} INFO - Setting next_dagrun for dataset_with_extra_by_yield to 2024-09-23 00:00:00+00:00, run_after=2024-09-24 00:00:00+00:00
[2024-09-24T23:48:37.184+0000] {logging_mixin.py:190} INFO - [2024-09-24T23:48:37.184+0000] {dag.py:4180} INFO - Setting next_dagrun for dataset_with_extra_from_classic_operator to 2024-09-23 00:00:00+00:00, run_after=2024-09-24 00:00:00+00:00
[2024-09-24T23:48:37.241+0000] {processor.py:208} INFO - Processing /home/airflow/.local/lib/python3.12/site-packages/airflow/example_dags/example_outlet_event_extra.py took 0.490 seconds
[2024-09-24T23:49:07.446+0000] {processor.py:186} INFO - Started process (PID=6354) to work on /home/airflow/.local/lib/python3.12/site-packages/airflow/example_dags/example_outlet_event_extra.py
[2024-09-24T23:49:07.448+0000] {processor.py:914} INFO - Processing file /home/airflow/.local/lib/python3.12/site-packages/airflow/example_dags/example_outlet_event_extra.py for tasks to queue
[2024-09-24T23:49:07.452+0000] {logging_mixin.py:190} INFO - [2024-09-24T23:49:07.451+0000] {dagbag.py:588} INFO - Filling up the DagBag from /home/airflow/.local/lib/python3.12/site-packages/airflow/example_dags/example_outlet_event_extra.py
[2024-09-24T23:49:07.697+0000] {processor.py:925} INFO - DAG(s) 'dataset_with_extra_from_classic_operator', 'dataset_with_extra_by_context', 'dataset_with_extra_by_yield' retrieved from /home/airflow/.local/lib/python3.12/site-packages/airflow/example_dags/example_outlet_event_extra.py
[2024-09-24T23:49:07.750+0000] {logging_mixin.py:190} INFO - [2024-09-24T23:49:07.750+0000] {dag.py:3239} INFO - Sync 3 DAGs
[2024-09-24T23:49:07.807+0000] {logging_mixin.py:190} INFO - [2024-09-24T23:49:07.806+0000] {dag.py:4180} INFO - Setting next_dagrun for dataset_with_extra_by_context to 2024-09-23 00:00:00+00:00, run_after=2024-09-24 00:00:00+00:00
[2024-09-24T23:49:07.818+0000] {logging_mixin.py:190} INFO - [2024-09-24T23:49:07.817+0000] {dag.py:4180} INFO - Setting next_dagrun for dataset_with_extra_by_yield to 2024-09-23 00:00:00+00:00, run_after=2024-09-24 00:00:00+00:00
[2024-09-24T23:49:07.823+0000] {logging_mixin.py:190} INFO - [2024-09-24T23:49:07.823+0000] {dag.py:4180} INFO - Setting next_dagrun for dataset_with_extra_from_classic_operator to 2024-09-23 00:00:00+00:00, run_after=2024-09-24 00:00:00+00:00
[2024-09-24T23:49:07.871+0000] {processor.py:208} INFO - Processing /home/airflow/.local/lib/python3.12/site-packages/airflow/example_dags/example_outlet_event_extra.py took 0.435 seconds
[2024-09-24T23:49:39.344+0000] {processor.py:186} INFO - Started process (PID=6655) to work on /home/airflow/.local/lib/python3.12/site-packages/airflow/example_dags/example_outlet_event_extra.py
[2024-09-24T23:49:39.346+0000] {processor.py:914} INFO - Processing file /home/airflow/.local/lib/python3.12/site-packages/airflow/example_dags/example_outlet_event_extra.py for tasks to queue
[2024-09-24T23:49:39.351+0000] {logging_mixin.py:190} INFO - [2024-09-24T23:49:39.350+0000] {dagbag.py:588} INFO - Filling up the DagBag from /home/airflow/.local/lib/python3.12/site-packages/airflow/example_dags/example_outlet_event_extra.py
[2024-09-24T23:49:39.693+0000] {processor.py:925} INFO - DAG(s) 'dataset_with_extra_by_context', 'dataset_with_extra_by_yield', 'dataset_with_extra_from_classic_operator' retrieved from /home/airflow/.local/lib/python3.12/site-packages/airflow/example_dags/example_outlet_event_extra.py
[2024-09-24T23:49:39.756+0000] {logging_mixin.py:190} INFO - [2024-09-24T23:49:39.755+0000] {dag.py:3239} INFO - Sync 3 DAGs
[2024-09-24T23:49:39.841+0000] {logging_mixin.py:190} INFO - [2024-09-24T23:49:39.841+0000] {dag.py:4180} INFO - Setting next_dagrun for dataset_with_extra_by_context to 2024-09-23 00:00:00+00:00, run_after=2024-09-24 00:00:00+00:00
[2024-09-24T23:49:39.856+0000] {logging_mixin.py:190} INFO - [2024-09-24T23:49:39.855+0000] {dag.py:4180} INFO - Setting next_dagrun for dataset_with_extra_by_yield to 2024-09-23 00:00:00+00:00, run_after=2024-09-24 00:00:00+00:00
[2024-09-24T23:49:39.866+0000] {logging_mixin.py:190} INFO - [2024-09-24T23:49:39.865+0000] {dag.py:4180} INFO - Setting next_dagrun for dataset_with_extra_from_classic_operator to 2024-09-23 00:00:00+00:00, run_after=2024-09-24 00:00:00+00:00
[2024-09-24T23:49:39.940+0000] {processor.py:208} INFO - Processing /home/airflow/.local/lib/python3.12/site-packages/airflow/example_dags/example_outlet_event_extra.py took 0.609 seconds
[2024-09-24T23:50:10.163+0000] {processor.py:186} INFO - Started process (PID=6948) to work on /home/airflow/.local/lib/python3.12/site-packages/airflow/example_dags/example_outlet_event_extra.py
[2024-09-24T23:50:10.164+0000] {processor.py:914} INFO - Processing file /home/airflow/.local/lib/python3.12/site-packages/airflow/example_dags/example_outlet_event_extra.py for tasks to queue
[2024-09-24T23:50:10.169+0000] {logging_mixin.py:190} INFO - [2024-09-24T23:50:10.168+0000] {dagbag.py:588} INFO - Filling up the DagBag from /home/airflow/.local/lib/python3.12/site-packages/airflow/example_dags/example_outlet_event_extra.py
[2024-09-24T23:50:10.429+0000] {processor.py:925} INFO - DAG(s) 'dataset_with_extra_by_context', 'dataset_with_extra_by_yield', 'dataset_with_extra_from_classic_operator' retrieved from /home/airflow/.local/lib/python3.12/site-packages/airflow/example_dags/example_outlet_event_extra.py
[2024-09-24T23:50:10.534+0000] {logging_mixin.py:190} INFO - [2024-09-24T23:50:10.533+0000] {dag.py:3239} INFO - Sync 3 DAGs
[2024-09-24T23:50:10.600+0000] {logging_mixin.py:190} INFO - [2024-09-24T23:50:10.600+0000] {dag.py:4180} INFO - Setting next_dagrun for dataset_with_extra_by_context to 2024-09-23 00:00:00+00:00, run_after=2024-09-24 00:00:00+00:00
[2024-09-24T23:50:10.613+0000] {logging_mixin.py:190} INFO - [2024-09-24T23:50:10.612+0000] {dag.py:4180} INFO - Setting next_dagrun for dataset_with_extra_by_yield to 2024-09-23 00:00:00+00:00, run_after=2024-09-24 00:00:00+00:00
[2024-09-24T23:50:10.619+0000] {logging_mixin.py:190} INFO - [2024-09-24T23:50:10.618+0000] {dag.py:4180} INFO - Setting next_dagrun for dataset_with_extra_from_classic_operator to 2024-09-23 00:00:00+00:00, run_after=2024-09-24 00:00:00+00:00
[2024-09-24T23:50:10.676+0000] {processor.py:208} INFO - Processing /home/airflow/.local/lib/python3.12/site-packages/airflow/example_dags/example_outlet_event_extra.py took 0.523 seconds
[2024-09-24T23:50:41.521+0000] {processor.py:186} INFO - Started process (PID=7237) to work on /home/airflow/.local/lib/python3.12/site-packages/airflow/example_dags/example_outlet_event_extra.py
[2024-09-24T23:50:41.524+0000] {processor.py:914} INFO - Processing file /home/airflow/.local/lib/python3.12/site-packages/airflow/example_dags/example_outlet_event_extra.py for tasks to queue
[2024-09-24T23:50:41.531+0000] {logging_mixin.py:190} INFO - [2024-09-24T23:50:41.529+0000] {dagbag.py:588} INFO - Filling up the DagBag from /home/airflow/.local/lib/python3.12/site-packages/airflow/example_dags/example_outlet_event_extra.py
[2024-09-24T23:50:41.963+0000] {processor.py:925} INFO - DAG(s) 'dataset_with_extra_by_context', 'dataset_with_extra_by_yield', 'dataset_with_extra_from_classic_operator' retrieved from /home/airflow/.local/lib/python3.12/site-packages/airflow/example_dags/example_outlet_event_extra.py
[2024-09-24T23:50:42.048+0000] {logging_mixin.py:190} INFO - [2024-09-24T23:50:42.047+0000] {dag.py:3239} INFO - Sync 3 DAGs
[2024-09-24T23:50:42.139+0000] {logging_mixin.py:190} INFO - [2024-09-24T23:50:42.138+0000] {dag.py:4180} INFO - Setting next_dagrun for dataset_with_extra_by_context to 2024-09-23 00:00:00+00:00, run_after=2024-09-24 00:00:00+00:00
[2024-09-24T23:50:42.152+0000] {logging_mixin.py:190} INFO - [2024-09-24T23:50:42.152+0000] {dag.py:4180} INFO - Setting next_dagrun for dataset_with_extra_by_yield to 2024-09-23 00:00:00+00:00, run_after=2024-09-24 00:00:00+00:00
[2024-09-24T23:50:42.158+0000] {logging_mixin.py:190} INFO - [2024-09-24T23:50:42.158+0000] {dag.py:4180} INFO - Setting next_dagrun for dataset_with_extra_from_classic_operator to 2024-09-23 00:00:00+00:00, run_after=2024-09-24 00:00:00+00:00
[2024-09-24T23:50:42.206+0000] {processor.py:208} INFO - Processing /home/airflow/.local/lib/python3.12/site-packages/airflow/example_dags/example_outlet_event_extra.py took 0.708 seconds
[2024-09-24T23:51:12.745+0000] {processor.py:186} INFO - Started process (PID=7528) to work on /home/airflow/.local/lib/python3.12/site-packages/airflow/example_dags/example_outlet_event_extra.py
[2024-09-24T23:51:12.748+0000] {processor.py:914} INFO - Processing file /home/airflow/.local/lib/python3.12/site-packages/airflow/example_dags/example_outlet_event_extra.py for tasks to queue
[2024-09-24T23:51:12.755+0000] {logging_mixin.py:190} INFO - [2024-09-24T23:51:12.754+0000] {dagbag.py:588} INFO - Filling up the DagBag from /home/airflow/.local/lib/python3.12/site-packages/airflow/example_dags/example_outlet_event_extra.py
[2024-09-24T23:51:13.191+0000] {processor.py:925} INFO - DAG(s) 'dataset_with_extra_by_context', 'dataset_with_extra_by_yield', 'dataset_with_extra_from_classic_operator' retrieved from /home/airflow/.local/lib/python3.12/site-packages/airflow/example_dags/example_outlet_event_extra.py
[2024-09-24T23:51:13.270+0000] {logging_mixin.py:190} INFO - [2024-09-24T23:51:13.269+0000] {dag.py:3239} INFO - Sync 3 DAGs
[2024-09-24T23:51:13.364+0000] {logging_mixin.py:190} INFO - [2024-09-24T23:51:13.363+0000] {dag.py:4180} INFO - Setting next_dagrun for dataset_with_extra_by_context to 2024-09-23 00:00:00+00:00, run_after=2024-09-24 00:00:00+00:00
[2024-09-24T23:51:13.384+0000] {logging_mixin.py:190} INFO - [2024-09-24T23:51:13.384+0000] {dag.py:4180} INFO - Setting next_dagrun for dataset_with_extra_by_yield to 2024-09-23 00:00:00+00:00, run_after=2024-09-24 00:00:00+00:00
[2024-09-24T23:51:13.394+0000] {logging_mixin.py:190} INFO - [2024-09-24T23:51:13.393+0000] {dag.py:4180} INFO - Setting next_dagrun for dataset_with_extra_from_classic_operator to 2024-09-23 00:00:00+00:00, run_after=2024-09-24 00:00:00+00:00
[2024-09-24T23:51:13.489+0000] {processor.py:208} INFO - Processing /home/airflow/.local/lib/python3.12/site-packages/airflow/example_dags/example_outlet_event_extra.py took 0.764 seconds
[2024-09-24T23:51:44.551+0000] {processor.py:186} INFO - Started process (PID=7826) to work on /home/airflow/.local/lib/python3.12/site-packages/airflow/example_dags/example_outlet_event_extra.py
[2024-09-24T23:51:44.553+0000] {processor.py:914} INFO - Processing file /home/airflow/.local/lib/python3.12/site-packages/airflow/example_dags/example_outlet_event_extra.py for tasks to queue
[2024-09-24T23:51:44.557+0000] {logging_mixin.py:190} INFO - [2024-09-24T23:51:44.557+0000] {dagbag.py:588} INFO - Filling up the DagBag from /home/airflow/.local/lib/python3.12/site-packages/airflow/example_dags/example_outlet_event_extra.py
[2024-09-24T23:51:44.821+0000] {processor.py:925} INFO - DAG(s) 'dataset_with_extra_from_classic_operator', 'dataset_with_extra_by_yield', 'dataset_with_extra_by_context' retrieved from /home/airflow/.local/lib/python3.12/site-packages/airflow/example_dags/example_outlet_event_extra.py
[2024-09-24T23:51:44.880+0000] {logging_mixin.py:190} INFO - [2024-09-24T23:51:44.879+0000] {dag.py:3239} INFO - Sync 3 DAGs
[2024-09-24T23:51:44.941+0000] {logging_mixin.py:190} INFO - [2024-09-24T23:51:44.940+0000] {dag.py:4180} INFO - Setting next_dagrun for dataset_with_extra_by_context to 2024-09-23 00:00:00+00:00, run_after=2024-09-24 00:00:00+00:00
[2024-09-24T23:51:44.951+0000] {logging_mixin.py:190} INFO - [2024-09-24T23:51:44.950+0000] {dag.py:4180} INFO - Setting next_dagrun for dataset_with_extra_by_yield to 2024-09-23 00:00:00+00:00, run_after=2024-09-24 00:00:00+00:00
[2024-09-24T23:51:44.956+0000] {logging_mixin.py:190} INFO - [2024-09-24T23:51:44.956+0000] {dag.py:4180} INFO - Setting next_dagrun for dataset_with_extra_from_classic_operator to 2024-09-23 00:00:00+00:00, run_after=2024-09-24 00:00:00+00:00
[2024-09-24T23:51:45.015+0000] {processor.py:208} INFO - Processing /home/airflow/.local/lib/python3.12/site-packages/airflow/example_dags/example_outlet_event_extra.py took 0.475 seconds
[2024-09-24T23:52:15.741+0000] {processor.py:186} INFO - Started process (PID=8116) to work on /home/airflow/.local/lib/python3.12/site-packages/airflow/example_dags/example_outlet_event_extra.py
[2024-09-24T23:52:15.743+0000] {processor.py:914} INFO - Processing file /home/airflow/.local/lib/python3.12/site-packages/airflow/example_dags/example_outlet_event_extra.py for tasks to queue
[2024-09-24T23:52:15.747+0000] {logging_mixin.py:190} INFO - [2024-09-24T23:52:15.746+0000] {dagbag.py:588} INFO - Filling up the DagBag from /home/airflow/.local/lib/python3.12/site-packages/airflow/example_dags/example_outlet_event_extra.py
[2024-09-24T23:52:15.996+0000] {processor.py:925} INFO - DAG(s) 'dataset_with_extra_by_yield', 'dataset_with_extra_from_classic_operator', 'dataset_with_extra_by_context' retrieved from /home/airflow/.local/lib/python3.12/site-packages/airflow/example_dags/example_outlet_event_extra.py
[2024-09-24T23:52:16.051+0000] {logging_mixin.py:190} INFO - [2024-09-24T23:52:16.051+0000] {dag.py:3239} INFO - Sync 3 DAGs
[2024-09-24T23:52:16.120+0000] {logging_mixin.py:190} INFO - [2024-09-24T23:52:16.119+0000] {dag.py:4180} INFO - Setting next_dagrun for dataset_with_extra_by_context to 2024-09-23 00:00:00+00:00, run_after=2024-09-24 00:00:00+00:00
[2024-09-24T23:52:16.131+0000] {logging_mixin.py:190} INFO - [2024-09-24T23:52:16.131+0000] {dag.py:4180} INFO - Setting next_dagrun for dataset_with_extra_by_yield to 2024-09-23 00:00:00+00:00, run_after=2024-09-24 00:00:00+00:00
[2024-09-24T23:52:16.138+0000] {logging_mixin.py:190} INFO - [2024-09-24T23:52:16.137+0000] {dag.py:4180} INFO - Setting next_dagrun for dataset_with_extra_from_classic_operator to 2024-09-23 00:00:00+00:00, run_after=2024-09-24 00:00:00+00:00
[2024-09-24T23:52:16.189+0000] {processor.py:208} INFO - Processing /home/airflow/.local/lib/python3.12/site-packages/airflow/example_dags/example_outlet_event_extra.py took 0.458 seconds
[2024-09-24T23:52:46.898+0000] {processor.py:186} INFO - Started process (PID=8407) to work on /home/airflow/.local/lib/python3.12/site-packages/airflow/example_dags/example_outlet_event_extra.py
[2024-09-24T23:52:46.900+0000] {processor.py:914} INFO - Processing file /home/airflow/.local/lib/python3.12/site-packages/airflow/example_dags/example_outlet_event_extra.py for tasks to queue
[2024-09-24T23:52:46.905+0000] {logging_mixin.py:190} INFO - [2024-09-24T23:52:46.904+0000] {dagbag.py:588} INFO - Filling up the DagBag from /home/airflow/.local/lib/python3.12/site-packages/airflow/example_dags/example_outlet_event_extra.py
[2024-09-24T23:52:47.167+0000] {processor.py:925} INFO - DAG(s) 'dataset_with_extra_from_classic_operator', 'dataset_with_extra_by_context', 'dataset_with_extra_by_yield' retrieved from /home/airflow/.local/lib/python3.12/site-packages/airflow/example_dags/example_outlet_event_extra.py
[2024-09-24T23:52:47.225+0000] {logging_mixin.py:190} INFO - [2024-09-24T23:52:47.224+0000] {dag.py:3239} INFO - Sync 3 DAGs
[2024-09-24T23:52:47.278+0000] {logging_mixin.py:190} INFO - [2024-09-24T23:52:47.278+0000] {dag.py:4180} INFO - Setting next_dagrun for dataset_with_extra_by_context to 2024-09-23 00:00:00+00:00, run_after=2024-09-24 00:00:00+00:00
[2024-09-24T23:52:47.289+0000] {logging_mixin.py:190} INFO - [2024-09-24T23:52:47.289+0000] {dag.py:4180} INFO - Setting next_dagrun for dataset_with_extra_by_yield to 2024-09-23 00:00:00+00:00, run_after=2024-09-24 00:00:00+00:00
[2024-09-24T23:52:47.295+0000] {logging_mixin.py:190} INFO - [2024-09-24T23:52:47.295+0000] {dag.py:4180} INFO - Setting next_dagrun for dataset_with_extra_from_classic_operator to 2024-09-23 00:00:00+00:00, run_after=2024-09-24 00:00:00+00:00
[2024-09-24T23:52:47.348+0000] {processor.py:208} INFO - Processing /home/airflow/.local/lib/python3.12/site-packages/airflow/example_dags/example_outlet_event_extra.py took 0.460 seconds
[2024-09-24T23:53:17.522+0000] {processor.py:186} INFO - Started process (PID=8693) to work on /home/airflow/.local/lib/python3.12/site-packages/airflow/example_dags/example_outlet_event_extra.py
[2024-09-24T23:53:17.524+0000] {processor.py:914} INFO - Processing file /home/airflow/.local/lib/python3.12/site-packages/airflow/example_dags/example_outlet_event_extra.py for tasks to queue
[2024-09-24T23:53:17.529+0000] {logging_mixin.py:190} INFO - [2024-09-24T23:53:17.528+0000] {dagbag.py:588} INFO - Filling up the DagBag from /home/airflow/.local/lib/python3.12/site-packages/airflow/example_dags/example_outlet_event_extra.py
[2024-09-24T23:53:17.790+0000] {processor.py:925} INFO - DAG(s) 'dataset_with_extra_by_context', 'dataset_with_extra_from_classic_operator', 'dataset_with_extra_by_yield' retrieved from /home/airflow/.local/lib/python3.12/site-packages/airflow/example_dags/example_outlet_event_extra.py
[2024-09-24T23:53:17.840+0000] {logging_mixin.py:190} INFO - [2024-09-24T23:53:17.839+0000] {dag.py:3239} INFO - Sync 3 DAGs
[2024-09-24T23:53:17.895+0000] {logging_mixin.py:190} INFO - [2024-09-24T23:53:17.895+0000] {dag.py:4180} INFO - Setting next_dagrun for dataset_with_extra_by_context to 2024-09-23 00:00:00+00:00, run_after=2024-09-24 00:00:00+00:00
[2024-09-24T23:53:17.907+0000] {logging_mixin.py:190} INFO - [2024-09-24T23:53:17.906+0000] {dag.py:4180} INFO - Setting next_dagrun for dataset_with_extra_by_yield to 2024-09-23 00:00:00+00:00, run_after=2024-09-24 00:00:00+00:00
[2024-09-24T23:53:17.913+0000] {logging_mixin.py:190} INFO - [2024-09-24T23:53:17.912+0000] {dag.py:4180} INFO - Setting next_dagrun for dataset_with_extra_from_classic_operator to 2024-09-23 00:00:00+00:00, run_after=2024-09-24 00:00:00+00:00
[2024-09-24T23:53:17.964+0000] {processor.py:208} INFO - Processing /home/airflow/.local/lib/python3.12/site-packages/airflow/example_dags/example_outlet_event_extra.py took 0.452 seconds
[2024-09-24T23:53:48.133+0000] {processor.py:186} INFO - Started process (PID=8979) to work on /home/airflow/.local/lib/python3.12/site-packages/airflow/example_dags/example_outlet_event_extra.py
[2024-09-24T23:53:48.135+0000] {processor.py:914} INFO - Processing file /home/airflow/.local/lib/python3.12/site-packages/airflow/example_dags/example_outlet_event_extra.py for tasks to queue
[2024-09-24T23:53:48.139+0000] {logging_mixin.py:190} INFO - [2024-09-24T23:53:48.139+0000] {dagbag.py:588} INFO - Filling up the DagBag from /home/airflow/.local/lib/python3.12/site-packages/airflow/example_dags/example_outlet_event_extra.py
[2024-09-24T23:53:48.465+0000] {processor.py:925} INFO - DAG(s) 'dataset_with_extra_by_context', 'dataset_with_extra_by_yield', 'dataset_with_extra_from_classic_operator' retrieved from /home/airflow/.local/lib/python3.12/site-packages/airflow/example_dags/example_outlet_event_extra.py
[2024-09-24T23:53:48.533+0000] {logging_mixin.py:190} INFO - [2024-09-24T23:53:48.532+0000] {dag.py:3239} INFO - Sync 3 DAGs
[2024-09-24T23:53:48.607+0000] {logging_mixin.py:190} INFO - [2024-09-24T23:53:48.606+0000] {dag.py:4180} INFO - Setting next_dagrun for dataset_with_extra_by_context to 2024-09-23 00:00:00+00:00, run_after=2024-09-24 00:00:00+00:00
[2024-09-24T23:53:48.621+0000] {logging_mixin.py:190} INFO - [2024-09-24T23:53:48.620+0000] {dag.py:4180} INFO - Setting next_dagrun for dataset_with_extra_by_yield to 2024-09-23 00:00:00+00:00, run_after=2024-09-24 00:00:00+00:00
[2024-09-24T23:53:48.628+0000] {logging_mixin.py:190} INFO - [2024-09-24T23:53:48.628+0000] {dag.py:4180} INFO - Setting next_dagrun for dataset_with_extra_from_classic_operator to 2024-09-23 00:00:00+00:00, run_after=2024-09-24 00:00:00+00:00
[2024-09-24T23:53:48.692+0000] {processor.py:208} INFO - Processing /home/airflow/.local/lib/python3.12/site-packages/airflow/example_dags/example_outlet_event_extra.py took 0.572 seconds
[2024-09-24T23:54:19.231+0000] {processor.py:186} INFO - Started process (PID=9265) to work on /home/airflow/.local/lib/python3.12/site-packages/airflow/example_dags/example_outlet_event_extra.py
[2024-09-24T23:54:19.234+0000] {processor.py:914} INFO - Processing file /home/airflow/.local/lib/python3.12/site-packages/airflow/example_dags/example_outlet_event_extra.py for tasks to queue
[2024-09-24T23:54:19.240+0000] {logging_mixin.py:190} INFO - [2024-09-24T23:54:19.239+0000] {dagbag.py:588} INFO - Filling up the DagBag from /home/airflow/.local/lib/python3.12/site-packages/airflow/example_dags/example_outlet_event_extra.py
[2024-09-24T23:54:19.576+0000] {processor.py:925} INFO - DAG(s) 'dataset_with_extra_by_yield', 'dataset_with_extra_by_context', 'dataset_with_extra_from_classic_operator' retrieved from /home/airflow/.local/lib/python3.12/site-packages/airflow/example_dags/example_outlet_event_extra.py
[2024-09-24T23:54:19.629+0000] {logging_mixin.py:190} INFO - [2024-09-24T23:54:19.629+0000] {dag.py:3239} INFO - Sync 3 DAGs
[2024-09-24T23:54:19.683+0000] {logging_mixin.py:190} INFO - [2024-09-24T23:54:19.682+0000] {dag.py:4180} INFO - Setting next_dagrun for dataset_with_extra_by_context to 2024-09-23 00:00:00+00:00, run_after=2024-09-24 00:00:00+00:00
[2024-09-24T23:54:19.693+0000] {logging_mixin.py:190} INFO - [2024-09-24T23:54:19.693+0000] {dag.py:4180} INFO - Setting next_dagrun for dataset_with_extra_by_yield to 2024-09-23 00:00:00+00:00, run_after=2024-09-24 00:00:00+00:00
[2024-09-24T23:54:19.698+0000] {logging_mixin.py:190} INFO - [2024-09-24T23:54:19.698+0000] {dag.py:4180} INFO - Setting next_dagrun for dataset_with_extra_from_classic_operator to 2024-09-23 00:00:00+00:00, run_after=2024-09-24 00:00:00+00:00
[2024-09-24T23:54:19.745+0000] {processor.py:208} INFO - Processing /home/airflow/.local/lib/python3.12/site-packages/airflow/example_dags/example_outlet_event_extra.py took 0.528 seconds
[2024-09-24T23:54:49.927+0000] {processor.py:186} INFO - Started process (PID=9551) to work on /home/airflow/.local/lib/python3.12/site-packages/airflow/example_dags/example_outlet_event_extra.py
[2024-09-24T23:54:49.928+0000] {processor.py:914} INFO - Processing file /home/airflow/.local/lib/python3.12/site-packages/airflow/example_dags/example_outlet_event_extra.py for tasks to queue
[2024-09-24T23:54:49.933+0000] {logging_mixin.py:190} INFO - [2024-09-24T23:54:49.933+0000] {dagbag.py:588} INFO - Filling up the DagBag from /home/airflow/.local/lib/python3.12/site-packages/airflow/example_dags/example_outlet_event_extra.py
[2024-09-24T23:54:50.196+0000] {processor.py:925} INFO - DAG(s) 'dataset_with_extra_by_yield', 'dataset_with_extra_by_context', 'dataset_with_extra_from_classic_operator' retrieved from /home/airflow/.local/lib/python3.12/site-packages/airflow/example_dags/example_outlet_event_extra.py
[2024-09-24T23:54:50.249+0000] {logging_mixin.py:190} INFO - [2024-09-24T23:54:50.248+0000] {dag.py:3239} INFO - Sync 3 DAGs
[2024-09-24T23:54:50.305+0000] {logging_mixin.py:190} INFO - [2024-09-24T23:54:50.305+0000] {dag.py:4180} INFO - Setting next_dagrun for dataset_with_extra_by_context to 2024-09-23 00:00:00+00:00, run_after=2024-09-24 00:00:00+00:00
[2024-09-24T23:54:50.320+0000] {logging_mixin.py:190} INFO - [2024-09-24T23:54:50.319+0000] {dag.py:4180} INFO - Setting next_dagrun for dataset_with_extra_by_yield to 2024-09-23 00:00:00+00:00, run_after=2024-09-24 00:00:00+00:00
[2024-09-24T23:54:50.329+0000] {logging_mixin.py:190} INFO - [2024-09-24T23:54:50.329+0000] {dag.py:4180} INFO - Setting next_dagrun for dataset_with_extra_from_classic_operator to 2024-09-23 00:00:00+00:00, run_after=2024-09-24 00:00:00+00:00
[2024-09-24T23:54:50.387+0000] {processor.py:208} INFO - Processing /home/airflow/.local/lib/python3.12/site-packages/airflow/example_dags/example_outlet_event_extra.py took 0.472 seconds
[2024-09-24T23:55:20.778+0000] {processor.py:186} INFO - Started process (PID=9837) to work on /home/airflow/.local/lib/python3.12/site-packages/airflow/example_dags/example_outlet_event_extra.py
[2024-09-24T23:55:20.780+0000] {processor.py:914} INFO - Processing file /home/airflow/.local/lib/python3.12/site-packages/airflow/example_dags/example_outlet_event_extra.py for tasks to queue
[2024-09-24T23:55:20.785+0000] {logging_mixin.py:190} INFO - [2024-09-24T23:55:20.784+0000] {dagbag.py:588} INFO - Filling up the DagBag from /home/airflow/.local/lib/python3.12/site-packages/airflow/example_dags/example_outlet_event_extra.py
[2024-09-24T23:55:21.091+0000] {processor.py:925} INFO - DAG(s) 'dataset_with_extra_by_context', 'dataset_with_extra_from_classic_operator', 'dataset_with_extra_by_yield' retrieved from /home/airflow/.local/lib/python3.12/site-packages/airflow/example_dags/example_outlet_event_extra.py
[2024-09-24T23:55:21.149+0000] {logging_mixin.py:190} INFO - [2024-09-24T23:55:21.148+0000] {dag.py:3239} INFO - Sync 3 DAGs
[2024-09-24T23:55:21.211+0000] {logging_mixin.py:190} INFO - [2024-09-24T23:55:21.210+0000] {dag.py:4180} INFO - Setting next_dagrun for dataset_with_extra_by_context to 2024-09-23 00:00:00+00:00, run_after=2024-09-24 00:00:00+00:00
[2024-09-24T23:55:21.223+0000] {logging_mixin.py:190} INFO - [2024-09-24T23:55:21.222+0000] {dag.py:4180} INFO - Setting next_dagrun for dataset_with_extra_by_yield to 2024-09-23 00:00:00+00:00, run_after=2024-09-24 00:00:00+00:00
[2024-09-24T23:55:21.229+0000] {logging_mixin.py:190} INFO - [2024-09-24T23:55:21.228+0000] {dag.py:4180} INFO - Setting next_dagrun for dataset_with_extra_from_classic_operator to 2024-09-23 00:00:00+00:00, run_after=2024-09-24 00:00:00+00:00
[2024-09-24T23:55:21.288+0000] {processor.py:208} INFO - Processing /home/airflow/.local/lib/python3.12/site-packages/airflow/example_dags/example_outlet_event_extra.py took 0.524 seconds
[2024-09-24T23:55:55.966+0000] {processor.py:186} INFO - Started process (PID=10125) to work on /home/airflow/.local/lib/python3.12/site-packages/airflow/example_dags/example_outlet_event_extra.py
[2024-09-24T23:55:55.968+0000] {processor.py:914} INFO - Processing file /home/airflow/.local/lib/python3.12/site-packages/airflow/example_dags/example_outlet_event_extra.py for tasks to queue
[2024-09-24T23:55:55.972+0000] {logging_mixin.py:190} INFO - [2024-09-24T23:55:55.972+0000] {dagbag.py:588} INFO - Filling up the DagBag from /home/airflow/.local/lib/python3.12/site-packages/airflow/example_dags/example_outlet_event_extra.py
[2024-09-24T23:55:56.416+0000] {processor.py:925} INFO - DAG(s) 'dataset_with_extra_from_classic_operator', 'dataset_with_extra_by_context', 'dataset_with_extra_by_yield' retrieved from /home/airflow/.local/lib/python3.12/site-packages/airflow/example_dags/example_outlet_event_extra.py
[2024-09-24T23:55:56.485+0000] {logging_mixin.py:190} INFO - [2024-09-24T23:55:56.484+0000] {dag.py:3239} INFO - Sync 3 DAGs
[2024-09-24T23:55:56.568+0000] {logging_mixin.py:190} INFO - [2024-09-24T23:55:56.566+0000] {dag.py:4180} INFO - Setting next_dagrun for dataset_with_extra_by_context to 2024-09-23 00:00:00+00:00, run_after=2024-09-24 00:00:00+00:00
[2024-09-24T23:55:56.587+0000] {logging_mixin.py:190} INFO - [2024-09-24T23:55:56.586+0000] {dag.py:4180} INFO - Setting next_dagrun for dataset_with_extra_by_yield to 2024-09-23 00:00:00+00:00, run_after=2024-09-24 00:00:00+00:00
[2024-09-24T23:55:56.595+0000] {logging_mixin.py:190} INFO - [2024-09-24T23:55:56.594+0000] {dag.py:4180} INFO - Setting next_dagrun for dataset_with_extra_from_classic_operator to 2024-09-23 00:00:00+00:00, run_after=2024-09-24 00:00:00+00:00
[2024-09-24T23:55:56.666+0000] {processor.py:208} INFO - Processing /home/airflow/.local/lib/python3.12/site-packages/airflow/example_dags/example_outlet_event_extra.py took 0.712 seconds
