[2024-09-24T23:38:03.117+0000] {processor.py:186} INFO - Started process (PID=291) to work on /home/airflow/.local/lib/python3.12/site-packages/airflow/example_dags/example_local_kubernetes_executor.py
[2024-09-24T23:38:03.121+0000] {processor.py:914} INFO - Processing file /home/airflow/.local/lib/python3.12/site-packages/airflow/example_dags/example_local_kubernetes_executor.py for tasks to queue
[2024-09-24T23:38:03.132+0000] {logging_mixin.py:190} INFO - [2024-09-24T23:38:03.131+0000] {dagbag.py:588} INFO - Filling up the DagBag from /home/airflow/.local/lib/python3.12/site-packages/airflow/example_dags/example_local_kubernetes_executor.py
[2024-09-24T23:38:03.160+0000] {processor.py:925} INFO - DAG(s) 'example_local_kubernetes_executor' retrieved from /home/airflow/.local/lib/python3.12/site-packages/airflow/example_dags/example_local_kubernetes_executor.py
[2024-09-24T23:38:03.686+0000] {logging_mixin.py:190} INFO - [2024-09-24T23:38:03.684+0000] {override.py:1900} INFO - Created Permission View: can edit on DAG:example_local_kubernetes_executor
[2024-09-24T23:38:03.744+0000] {logging_mixin.py:190} INFO - [2024-09-24T23:38:03.743+0000] {override.py:1900} INFO - Created Permission View: can read on DAG:example_local_kubernetes_executor
[2024-09-24T23:38:03.777+0000] {logging_mixin.py:190} INFO - [2024-09-24T23:38:03.776+0000] {override.py:1900} INFO - Created Permission View: can delete on DAG:example_local_kubernetes_executor
[2024-09-24T23:38:03.833+0000] {logging_mixin.py:190} INFO - [2024-09-24T23:38:03.833+0000] {override.py:1900} INFO - Created Permission View: can read on DAG Run:example_local_kubernetes_executor
[2024-09-24T23:38:03.864+0000] {logging_mixin.py:190} INFO - [2024-09-24T23:38:03.863+0000] {override.py:1900} INFO - Created Permission View: menu access on DAG Run:example_local_kubernetes_executor
[2024-09-24T23:38:03.902+0000] {logging_mixin.py:190} INFO - [2024-09-24T23:38:03.901+0000] {override.py:1900} INFO - Created Permission View: can delete on DAG Run:example_local_kubernetes_executor
[2024-09-24T23:38:03.937+0000] {logging_mixin.py:190} INFO - [2024-09-24T23:38:03.936+0000] {override.py:1900} INFO - Created Permission View: can create on DAG Run:example_local_kubernetes_executor
[2024-09-24T23:38:03.939+0000] {logging_mixin.py:190} INFO - [2024-09-24T23:38:03.939+0000] {dag.py:3239} INFO - Sync 1 DAGs
[2024-09-24T23:38:04.056+0000] {logging_mixin.py:190} INFO - [2024-09-24T23:38:04.055+0000] {dag.py:3262} INFO - Creating ORM DAG for example_local_kubernetes_executor
[2024-09-24T23:38:04.059+0000] {logging_mixin.py:190} INFO - [2024-09-24T23:38:04.059+0000] {dag.py:4180} INFO - Setting next_dagrun for example_local_kubernetes_executor to None, run_after=None
[2024-09-24T23:38:04.155+0000] {processor.py:208} INFO - Processing /home/airflow/.local/lib/python3.12/site-packages/airflow/example_dags/example_local_kubernetes_executor.py took 1.068 seconds
[2024-09-24T23:38:37.478+0000] {processor.py:186} INFO - Started process (PID=577) to work on /home/airflow/.local/lib/python3.12/site-packages/airflow/example_dags/example_local_kubernetes_executor.py
[2024-09-24T23:38:37.481+0000] {processor.py:914} INFO - Processing file /home/airflow/.local/lib/python3.12/site-packages/airflow/example_dags/example_local_kubernetes_executor.py for tasks to queue
[2024-09-24T23:38:37.486+0000] {logging_mixin.py:190} INFO - [2024-09-24T23:38:37.486+0000] {dagbag.py:588} INFO - Filling up the DagBag from /home/airflow/.local/lib/python3.12/site-packages/airflow/example_dags/example_local_kubernetes_executor.py
[2024-09-24T23:38:37.509+0000] {processor.py:925} INFO - DAG(s) 'example_local_kubernetes_executor' retrieved from /home/airflow/.local/lib/python3.12/site-packages/airflow/example_dags/example_local_kubernetes_executor.py
[2024-09-24T23:38:37.607+0000] {logging_mixin.py:190} INFO - [2024-09-24T23:38:37.606+0000] {dag.py:3239} INFO - Sync 1 DAGs
[2024-09-24T23:38:37.646+0000] {logging_mixin.py:190} INFO - [2024-09-24T23:38:37.645+0000] {dag.py:4180} INFO - Setting next_dagrun for example_local_kubernetes_executor to None, run_after=None
[2024-09-24T23:38:37.699+0000] {processor.py:208} INFO - Processing /home/airflow/.local/lib/python3.12/site-packages/airflow/example_dags/example_local_kubernetes_executor.py took 0.239 seconds
[2024-09-24T23:39:10.785+0000] {processor.py:186} INFO - Started process (PID=862) to work on /home/airflow/.local/lib/python3.12/site-packages/airflow/example_dags/example_local_kubernetes_executor.py
[2024-09-24T23:39:10.794+0000] {processor.py:914} INFO - Processing file /home/airflow/.local/lib/python3.12/site-packages/airflow/example_dags/example_local_kubernetes_executor.py for tasks to queue
[2024-09-24T23:39:10.803+0000] {logging_mixin.py:190} INFO - [2024-09-24T23:39:10.802+0000] {dagbag.py:588} INFO - Filling up the DagBag from /home/airflow/.local/lib/python3.12/site-packages/airflow/example_dags/example_local_kubernetes_executor.py
[2024-09-24T23:39:10.855+0000] {processor.py:925} INFO - DAG(s) 'example_local_kubernetes_executor' retrieved from /home/airflow/.local/lib/python3.12/site-packages/airflow/example_dags/example_local_kubernetes_executor.py
[2024-09-24T23:39:11.026+0000] {logging_mixin.py:190} INFO - [2024-09-24T23:39:11.025+0000] {dag.py:3239} INFO - Sync 1 DAGs
[2024-09-24T23:39:11.107+0000] {logging_mixin.py:190} INFO - [2024-09-24T23:39:11.106+0000] {dag.py:4180} INFO - Setting next_dagrun for example_local_kubernetes_executor to None, run_after=None
[2024-09-24T23:39:11.242+0000] {processor.py:208} INFO - Processing /home/airflow/.local/lib/python3.12/site-packages/airflow/example_dags/example_local_kubernetes_executor.py took 0.496 seconds
[2024-09-24T23:39:43.648+0000] {processor.py:186} INFO - Started process (PID=1148) to work on /home/airflow/.local/lib/python3.12/site-packages/airflow/example_dags/example_local_kubernetes_executor.py
[2024-09-24T23:39:43.650+0000] {processor.py:914} INFO - Processing file /home/airflow/.local/lib/python3.12/site-packages/airflow/example_dags/example_local_kubernetes_executor.py for tasks to queue
[2024-09-24T23:39:43.660+0000] {logging_mixin.py:190} INFO - [2024-09-24T23:39:43.657+0000] {dagbag.py:588} INFO - Filling up the DagBag from /home/airflow/.local/lib/python3.12/site-packages/airflow/example_dags/example_local_kubernetes_executor.py
[2024-09-24T23:39:43.740+0000] {processor.py:925} INFO - DAG(s) 'example_local_kubernetes_executor' retrieved from /home/airflow/.local/lib/python3.12/site-packages/airflow/example_dags/example_local_kubernetes_executor.py
[2024-09-24T23:39:43.846+0000] {logging_mixin.py:190} INFO - [2024-09-24T23:39:43.846+0000] {dag.py:3239} INFO - Sync 1 DAGs
[2024-09-24T23:39:43.891+0000] {logging_mixin.py:190} INFO - [2024-09-24T23:39:43.890+0000] {dag.py:4180} INFO - Setting next_dagrun for example_local_kubernetes_executor to None, run_after=None
[2024-09-24T23:39:44.001+0000] {processor.py:208} INFO - Processing /home/airflow/.local/lib/python3.12/site-packages/airflow/example_dags/example_local_kubernetes_executor.py took 0.375 seconds
[2024-09-24T23:40:14.778+0000] {processor.py:186} INFO - Started process (PID=1434) to work on /home/airflow/.local/lib/python3.12/site-packages/airflow/example_dags/example_local_kubernetes_executor.py
[2024-09-24T23:40:14.784+0000] {processor.py:914} INFO - Processing file /home/airflow/.local/lib/python3.12/site-packages/airflow/example_dags/example_local_kubernetes_executor.py for tasks to queue
[2024-09-24T23:40:14.791+0000] {logging_mixin.py:190} INFO - [2024-09-24T23:40:14.790+0000] {dagbag.py:588} INFO - Filling up the DagBag from /home/airflow/.local/lib/python3.12/site-packages/airflow/example_dags/example_local_kubernetes_executor.py
[2024-09-24T23:40:14.826+0000] {processor.py:925} INFO - DAG(s) 'example_local_kubernetes_executor' retrieved from /home/airflow/.local/lib/python3.12/site-packages/airflow/example_dags/example_local_kubernetes_executor.py
[2024-09-24T23:40:14.943+0000] {logging_mixin.py:190} INFO - [2024-09-24T23:40:14.942+0000] {dag.py:3239} INFO - Sync 1 DAGs
[2024-09-24T23:40:14.987+0000] {logging_mixin.py:190} INFO - [2024-09-24T23:40:14.986+0000] {dag.py:4180} INFO - Setting next_dagrun for example_local_kubernetes_executor to None, run_after=None
[2024-09-24T23:40:15.043+0000] {processor.py:208} INFO - Processing /home/airflow/.local/lib/python3.12/site-packages/airflow/example_dags/example_local_kubernetes_executor.py took 0.286 seconds
[2024-09-24T23:40:47.200+0000] {processor.py:186} INFO - Started process (PID=1721) to work on /home/airflow/.local/lib/python3.12/site-packages/airflow/example_dags/example_local_kubernetes_executor.py
[2024-09-24T23:40:47.210+0000] {processor.py:914} INFO - Processing file /home/airflow/.local/lib/python3.12/site-packages/airflow/example_dags/example_local_kubernetes_executor.py for tasks to queue
[2024-09-24T23:40:47.220+0000] {logging_mixin.py:190} INFO - [2024-09-24T23:40:47.218+0000] {dagbag.py:588} INFO - Filling up the DagBag from /home/airflow/.local/lib/python3.12/site-packages/airflow/example_dags/example_local_kubernetes_executor.py
[2024-09-24T23:40:47.254+0000] {processor.py:925} INFO - DAG(s) 'example_local_kubernetes_executor' retrieved from /home/airflow/.local/lib/python3.12/site-packages/airflow/example_dags/example_local_kubernetes_executor.py
[2024-09-24T23:40:47.523+0000] {logging_mixin.py:190} INFO - [2024-09-24T23:40:47.522+0000] {dag.py:3239} INFO - Sync 1 DAGs
[2024-09-24T23:40:47.670+0000] {logging_mixin.py:190} INFO - [2024-09-24T23:40:47.669+0000] {dag.py:4180} INFO - Setting next_dagrun for example_local_kubernetes_executor to None, run_after=None
[2024-09-24T23:40:47.764+0000] {processor.py:208} INFO - Processing /home/airflow/.local/lib/python3.12/site-packages/airflow/example_dags/example_local_kubernetes_executor.py took 0.587 seconds
[2024-09-24T23:41:18.522+0000] {processor.py:186} INFO - Started process (PID=2008) to work on /home/airflow/.local/lib/python3.12/site-packages/airflow/example_dags/example_local_kubernetes_executor.py
[2024-09-24T23:41:18.525+0000] {processor.py:914} INFO - Processing file /home/airflow/.local/lib/python3.12/site-packages/airflow/example_dags/example_local_kubernetes_executor.py for tasks to queue
[2024-09-24T23:41:18.538+0000] {logging_mixin.py:190} INFO - [2024-09-24T23:41:18.537+0000] {dagbag.py:588} INFO - Filling up the DagBag from /home/airflow/.local/lib/python3.12/site-packages/airflow/example_dags/example_local_kubernetes_executor.py
[2024-09-24T23:41:18.596+0000] {processor.py:925} INFO - DAG(s) 'example_local_kubernetes_executor' retrieved from /home/airflow/.local/lib/python3.12/site-packages/airflow/example_dags/example_local_kubernetes_executor.py
[2024-09-24T23:41:18.753+0000] {logging_mixin.py:190} INFO - [2024-09-24T23:41:18.752+0000] {dag.py:3239} INFO - Sync 1 DAGs
[2024-09-24T23:41:18.819+0000] {logging_mixin.py:190} INFO - [2024-09-24T23:41:18.819+0000] {dag.py:4180} INFO - Setting next_dagrun for example_local_kubernetes_executor to None, run_after=None
[2024-09-24T23:41:18.889+0000] {processor.py:208} INFO - Processing /home/airflow/.local/lib/python3.12/site-packages/airflow/example_dags/example_local_kubernetes_executor.py took 0.388 seconds
[2024-09-24T23:41:50.194+0000] {processor.py:186} INFO - Started process (PID=2294) to work on /home/airflow/.local/lib/python3.12/site-packages/airflow/example_dags/example_local_kubernetes_executor.py
[2024-09-24T23:41:50.197+0000] {processor.py:914} INFO - Processing file /home/airflow/.local/lib/python3.12/site-packages/airflow/example_dags/example_local_kubernetes_executor.py for tasks to queue
[2024-09-24T23:41:50.204+0000] {logging_mixin.py:190} INFO - [2024-09-24T23:41:50.203+0000] {dagbag.py:588} INFO - Filling up the DagBag from /home/airflow/.local/lib/python3.12/site-packages/airflow/example_dags/example_local_kubernetes_executor.py
[2024-09-24T23:41:50.235+0000] {processor.py:925} INFO - DAG(s) 'example_local_kubernetes_executor' retrieved from /home/airflow/.local/lib/python3.12/site-packages/airflow/example_dags/example_local_kubernetes_executor.py
[2024-09-24T23:41:50.359+0000] {logging_mixin.py:190} INFO - [2024-09-24T23:41:50.358+0000] {dag.py:3239} INFO - Sync 1 DAGs
[2024-09-24T23:41:50.455+0000] {logging_mixin.py:190} INFO - [2024-09-24T23:41:50.454+0000] {dag.py:4180} INFO - Setting next_dagrun for example_local_kubernetes_executor to None, run_after=None
[2024-09-24T23:41:50.562+0000] {processor.py:208} INFO - Processing /home/airflow/.local/lib/python3.12/site-packages/airflow/example_dags/example_local_kubernetes_executor.py took 0.387 seconds
[2024-09-24T23:42:20.969+0000] {processor.py:186} INFO - Started process (PID=2580) to work on /home/airflow/.local/lib/python3.12/site-packages/airflow/example_dags/example_local_kubernetes_executor.py
[2024-09-24T23:42:20.972+0000] {processor.py:914} INFO - Processing file /home/airflow/.local/lib/python3.12/site-packages/airflow/example_dags/example_local_kubernetes_executor.py for tasks to queue
[2024-09-24T23:42:20.978+0000] {logging_mixin.py:190} INFO - [2024-09-24T23:42:20.977+0000] {dagbag.py:588} INFO - Filling up the DagBag from /home/airflow/.local/lib/python3.12/site-packages/airflow/example_dags/example_local_kubernetes_executor.py
[2024-09-24T23:42:21.008+0000] {processor.py:925} INFO - DAG(s) 'example_local_kubernetes_executor' retrieved from /home/airflow/.local/lib/python3.12/site-packages/airflow/example_dags/example_local_kubernetes_executor.py
[2024-09-24T23:42:21.107+0000] {logging_mixin.py:190} INFO - [2024-09-24T23:42:21.106+0000] {dag.py:3239} INFO - Sync 1 DAGs
[2024-09-24T23:42:21.156+0000] {logging_mixin.py:190} INFO - [2024-09-24T23:42:21.155+0000] {dag.py:4180} INFO - Setting next_dagrun for example_local_kubernetes_executor to None, run_after=None
[2024-09-24T23:42:21.240+0000] {processor.py:208} INFO - Processing /home/airflow/.local/lib/python3.12/site-packages/airflow/example_dags/example_local_kubernetes_executor.py took 0.284 seconds
[2024-09-24T23:42:51.474+0000] {processor.py:186} INFO - Started process (PID=2863) to work on /home/airflow/.local/lib/python3.12/site-packages/airflow/example_dags/example_local_kubernetes_executor.py
[2024-09-24T23:42:51.477+0000] {processor.py:914} INFO - Processing file /home/airflow/.local/lib/python3.12/site-packages/airflow/example_dags/example_local_kubernetes_executor.py for tasks to queue
[2024-09-24T23:42:51.483+0000] {logging_mixin.py:190} INFO - [2024-09-24T23:42:51.482+0000] {dagbag.py:588} INFO - Filling up the DagBag from /home/airflow/.local/lib/python3.12/site-packages/airflow/example_dags/example_local_kubernetes_executor.py
[2024-09-24T23:42:51.503+0000] {processor.py:925} INFO - DAG(s) 'example_local_kubernetes_executor' retrieved from /home/airflow/.local/lib/python3.12/site-packages/airflow/example_dags/example_local_kubernetes_executor.py
[2024-09-24T23:42:51.578+0000] {logging_mixin.py:190} INFO - [2024-09-24T23:42:51.578+0000] {dag.py:3239} INFO - Sync 1 DAGs
[2024-09-24T23:42:51.613+0000] {logging_mixin.py:190} INFO - [2024-09-24T23:42:51.613+0000] {dag.py:4180} INFO - Setting next_dagrun for example_local_kubernetes_executor to None, run_after=None
[2024-09-24T23:42:51.660+0000] {processor.py:208} INFO - Processing /home/airflow/.local/lib/python3.12/site-packages/airflow/example_dags/example_local_kubernetes_executor.py took 0.199 seconds
[2024-09-24T23:43:21.957+0000] {processor.py:186} INFO - Started process (PID=3149) to work on /home/airflow/.local/lib/python3.12/site-packages/airflow/example_dags/example_local_kubernetes_executor.py
[2024-09-24T23:43:21.960+0000] {processor.py:914} INFO - Processing file /home/airflow/.local/lib/python3.12/site-packages/airflow/example_dags/example_local_kubernetes_executor.py for tasks to queue
[2024-09-24T23:43:21.965+0000] {logging_mixin.py:190} INFO - [2024-09-24T23:43:21.965+0000] {dagbag.py:588} INFO - Filling up the DagBag from /home/airflow/.local/lib/python3.12/site-packages/airflow/example_dags/example_local_kubernetes_executor.py
[2024-09-24T23:43:22.000+0000] {processor.py:925} INFO - DAG(s) 'example_local_kubernetes_executor' retrieved from /home/airflow/.local/lib/python3.12/site-packages/airflow/example_dags/example_local_kubernetes_executor.py
[2024-09-24T23:43:22.115+0000] {logging_mixin.py:190} INFO - [2024-09-24T23:43:22.114+0000] {dag.py:3239} INFO - Sync 1 DAGs
[2024-09-24T23:43:22.152+0000] {logging_mixin.py:190} INFO - [2024-09-24T23:43:22.151+0000] {dag.py:4180} INFO - Setting next_dagrun for example_local_kubernetes_executor to None, run_after=None
[2024-09-24T23:43:22.192+0000] {processor.py:208} INFO - Processing /home/airflow/.local/lib/python3.12/site-packages/airflow/example_dags/example_local_kubernetes_executor.py took 0.250 seconds
[2024-09-24T23:43:52.818+0000] {processor.py:186} INFO - Started process (PID=3433) to work on /home/airflow/.local/lib/python3.12/site-packages/airflow/example_dags/example_local_kubernetes_executor.py
[2024-09-24T23:43:52.821+0000] {processor.py:914} INFO - Processing file /home/airflow/.local/lib/python3.12/site-packages/airflow/example_dags/example_local_kubernetes_executor.py for tasks to queue
[2024-09-24T23:43:52.827+0000] {logging_mixin.py:190} INFO - [2024-09-24T23:43:52.826+0000] {dagbag.py:588} INFO - Filling up the DagBag from /home/airflow/.local/lib/python3.12/site-packages/airflow/example_dags/example_local_kubernetes_executor.py
[2024-09-24T23:43:52.856+0000] {processor.py:925} INFO - DAG(s) 'example_local_kubernetes_executor' retrieved from /home/airflow/.local/lib/python3.12/site-packages/airflow/example_dags/example_local_kubernetes_executor.py
[2024-09-24T23:43:53.035+0000] {logging_mixin.py:190} INFO - [2024-09-24T23:43:53.034+0000] {dag.py:3239} INFO - Sync 1 DAGs
[2024-09-24T23:43:53.122+0000] {logging_mixin.py:190} INFO - [2024-09-24T23:43:53.121+0000] {dag.py:4180} INFO - Setting next_dagrun for example_local_kubernetes_executor to None, run_after=None
[2024-09-24T23:43:53.218+0000] {processor.py:208} INFO - Processing /home/airflow/.local/lib/python3.12/site-packages/airflow/example_dags/example_local_kubernetes_executor.py took 0.416 seconds
[2024-09-24T23:44:23.556+0000] {processor.py:186} INFO - Started process (PID=3719) to work on /home/airflow/.local/lib/python3.12/site-packages/airflow/example_dags/example_local_kubernetes_executor.py
[2024-09-24T23:44:23.559+0000] {processor.py:914} INFO - Processing file /home/airflow/.local/lib/python3.12/site-packages/airflow/example_dags/example_local_kubernetes_executor.py for tasks to queue
[2024-09-24T23:44:23.566+0000] {logging_mixin.py:190} INFO - [2024-09-24T23:44:23.565+0000] {dagbag.py:588} INFO - Filling up the DagBag from /home/airflow/.local/lib/python3.12/site-packages/airflow/example_dags/example_local_kubernetes_executor.py
[2024-09-24T23:44:23.586+0000] {processor.py:925} INFO - DAG(s) 'example_local_kubernetes_executor' retrieved from /home/airflow/.local/lib/python3.12/site-packages/airflow/example_dags/example_local_kubernetes_executor.py
[2024-09-24T23:44:23.681+0000] {logging_mixin.py:190} INFO - [2024-09-24T23:44:23.681+0000] {dag.py:3239} INFO - Sync 1 DAGs
[2024-09-24T23:44:23.728+0000] {logging_mixin.py:190} INFO - [2024-09-24T23:44:23.727+0000] {dag.py:4180} INFO - Setting next_dagrun for example_local_kubernetes_executor to None, run_after=None
[2024-09-24T23:44:23.783+0000] {processor.py:208} INFO - Processing /home/airflow/.local/lib/python3.12/site-packages/airflow/example_dags/example_local_kubernetes_executor.py took 0.242 seconds
[2024-09-24T23:44:54.850+0000] {processor.py:186} INFO - Started process (PID=4005) to work on /home/airflow/.local/lib/python3.12/site-packages/airflow/example_dags/example_local_kubernetes_executor.py
[2024-09-24T23:44:54.853+0000] {processor.py:914} INFO - Processing file /home/airflow/.local/lib/python3.12/site-packages/airflow/example_dags/example_local_kubernetes_executor.py for tasks to queue
[2024-09-24T23:44:54.858+0000] {logging_mixin.py:190} INFO - [2024-09-24T23:44:54.857+0000] {dagbag.py:588} INFO - Filling up the DagBag from /home/airflow/.local/lib/python3.12/site-packages/airflow/example_dags/example_local_kubernetes_executor.py
[2024-09-24T23:44:54.893+0000] {processor.py:925} INFO - DAG(s) 'example_local_kubernetes_executor' retrieved from /home/airflow/.local/lib/python3.12/site-packages/airflow/example_dags/example_local_kubernetes_executor.py
[2024-09-24T23:44:55.018+0000] {logging_mixin.py:190} INFO - [2024-09-24T23:44:55.017+0000] {dag.py:3239} INFO - Sync 1 DAGs
[2024-09-24T23:44:55.071+0000] {logging_mixin.py:190} INFO - [2024-09-24T23:44:55.070+0000] {dag.py:4180} INFO - Setting next_dagrun for example_local_kubernetes_executor to None, run_after=None
[2024-09-24T23:44:55.134+0000] {processor.py:208} INFO - Processing /home/airflow/.local/lib/python3.12/site-packages/airflow/example_dags/example_local_kubernetes_executor.py took 0.296 seconds
[2024-09-24T23:45:25.378+0000] {processor.py:186} INFO - Started process (PID=4288) to work on /home/airflow/.local/lib/python3.12/site-packages/airflow/example_dags/example_local_kubernetes_executor.py
[2024-09-24T23:45:25.381+0000] {processor.py:914} INFO - Processing file /home/airflow/.local/lib/python3.12/site-packages/airflow/example_dags/example_local_kubernetes_executor.py for tasks to queue
[2024-09-24T23:45:25.387+0000] {logging_mixin.py:190} INFO - [2024-09-24T23:45:25.386+0000] {dagbag.py:588} INFO - Filling up the DagBag from /home/airflow/.local/lib/python3.12/site-packages/airflow/example_dags/example_local_kubernetes_executor.py
[2024-09-24T23:45:25.417+0000] {processor.py:925} INFO - DAG(s) 'example_local_kubernetes_executor' retrieved from /home/airflow/.local/lib/python3.12/site-packages/airflow/example_dags/example_local_kubernetes_executor.py
[2024-09-24T23:45:25.538+0000] {logging_mixin.py:190} INFO - [2024-09-24T23:45:25.537+0000] {dag.py:3239} INFO - Sync 1 DAGs
[2024-09-24T23:45:25.623+0000] {logging_mixin.py:190} INFO - [2024-09-24T23:45:25.623+0000] {dag.py:4180} INFO - Setting next_dagrun for example_local_kubernetes_executor to None, run_after=None
[2024-09-24T23:45:25.688+0000] {processor.py:208} INFO - Processing /home/airflow/.local/lib/python3.12/site-packages/airflow/example_dags/example_local_kubernetes_executor.py took 0.322 seconds
[2024-09-24T23:45:56.577+0000] {processor.py:186} INFO - Started process (PID=4574) to work on /home/airflow/.local/lib/python3.12/site-packages/airflow/example_dags/example_local_kubernetes_executor.py
[2024-09-24T23:45:56.579+0000] {processor.py:914} INFO - Processing file /home/airflow/.local/lib/python3.12/site-packages/airflow/example_dags/example_local_kubernetes_executor.py for tasks to queue
[2024-09-24T23:45:56.583+0000] {logging_mixin.py:190} INFO - [2024-09-24T23:45:56.582+0000] {dagbag.py:588} INFO - Filling up the DagBag from /home/airflow/.local/lib/python3.12/site-packages/airflow/example_dags/example_local_kubernetes_executor.py
[2024-09-24T23:45:56.600+0000] {processor.py:925} INFO - DAG(s) 'example_local_kubernetes_executor' retrieved from /home/airflow/.local/lib/python3.12/site-packages/airflow/example_dags/example_local_kubernetes_executor.py
[2024-09-24T23:45:56.664+0000] {logging_mixin.py:190} INFO - [2024-09-24T23:45:56.663+0000] {dag.py:3239} INFO - Sync 1 DAGs
[2024-09-24T23:45:56.699+0000] {logging_mixin.py:190} INFO - [2024-09-24T23:45:56.698+0000] {dag.py:4180} INFO - Setting next_dagrun for example_local_kubernetes_executor to None, run_after=None
[2024-09-24T23:45:56.743+0000] {processor.py:208} INFO - Processing /home/airflow/.local/lib/python3.12/site-packages/airflow/example_dags/example_local_kubernetes_executor.py took 0.175 seconds
[2024-09-24T23:46:27.623+0000] {processor.py:186} INFO - Started process (PID=4863) to work on /home/airflow/.local/lib/python3.12/site-packages/airflow/example_dags/example_local_kubernetes_executor.py
[2024-09-24T23:46:27.625+0000] {processor.py:914} INFO - Processing file /home/airflow/.local/lib/python3.12/site-packages/airflow/example_dags/example_local_kubernetes_executor.py for tasks to queue
[2024-09-24T23:46:27.631+0000] {logging_mixin.py:190} INFO - [2024-09-24T23:46:27.630+0000] {dagbag.py:588} INFO - Filling up the DagBag from /home/airflow/.local/lib/python3.12/site-packages/airflow/example_dags/example_local_kubernetes_executor.py
[2024-09-24T23:46:27.660+0000] {processor.py:925} INFO - DAG(s) 'example_local_kubernetes_executor' retrieved from /home/airflow/.local/lib/python3.12/site-packages/airflow/example_dags/example_local_kubernetes_executor.py
[2024-09-24T23:46:27.749+0000] {logging_mixin.py:190} INFO - [2024-09-24T23:46:27.749+0000] {dag.py:3239} INFO - Sync 1 DAGs
[2024-09-24T23:46:27.796+0000] {logging_mixin.py:190} INFO - [2024-09-24T23:46:27.793+0000] {dag.py:4180} INFO - Setting next_dagrun for example_local_kubernetes_executor to None, run_after=None
[2024-09-24T23:46:27.860+0000] {processor.py:208} INFO - Processing /home/airflow/.local/lib/python3.12/site-packages/airflow/example_dags/example_local_kubernetes_executor.py took 0.253 seconds
[2024-09-24T23:46:58.907+0000] {processor.py:186} INFO - Started process (PID=5149) to work on /home/airflow/.local/lib/python3.12/site-packages/airflow/example_dags/example_local_kubernetes_executor.py
[2024-09-24T23:46:58.911+0000] {processor.py:914} INFO - Processing file /home/airflow/.local/lib/python3.12/site-packages/airflow/example_dags/example_local_kubernetes_executor.py for tasks to queue
[2024-09-24T23:46:58.924+0000] {logging_mixin.py:190} INFO - [2024-09-24T23:46:58.922+0000] {dagbag.py:588} INFO - Filling up the DagBag from /home/airflow/.local/lib/python3.12/site-packages/airflow/example_dags/example_local_kubernetes_executor.py
[2024-09-24T23:46:58.976+0000] {processor.py:925} INFO - DAG(s) 'example_local_kubernetes_executor' retrieved from /home/airflow/.local/lib/python3.12/site-packages/airflow/example_dags/example_local_kubernetes_executor.py
[2024-09-24T23:46:59.141+0000] {logging_mixin.py:190} INFO - [2024-09-24T23:46:59.140+0000] {dag.py:3239} INFO - Sync 1 DAGs
[2024-09-24T23:46:59.247+0000] {logging_mixin.py:190} INFO - [2024-09-24T23:46:59.236+0000] {dag.py:4180} INFO - Setting next_dagrun for example_local_kubernetes_executor to None, run_after=None
[2024-09-24T23:46:59.387+0000] {processor.py:208} INFO - Processing /home/airflow/.local/lib/python3.12/site-packages/airflow/example_dags/example_local_kubernetes_executor.py took 0.503 seconds
[2024-09-24T23:47:29.767+0000] {processor.py:186} INFO - Started process (PID=5432) to work on /home/airflow/.local/lib/python3.12/site-packages/airflow/example_dags/example_local_kubernetes_executor.py
[2024-09-24T23:47:29.771+0000] {processor.py:914} INFO - Processing file /home/airflow/.local/lib/python3.12/site-packages/airflow/example_dags/example_local_kubernetes_executor.py for tasks to queue
[2024-09-24T23:47:29.780+0000] {logging_mixin.py:190} INFO - [2024-09-24T23:47:29.778+0000] {dagbag.py:588} INFO - Filling up the DagBag from /home/airflow/.local/lib/python3.12/site-packages/airflow/example_dags/example_local_kubernetes_executor.py
[2024-09-24T23:47:29.817+0000] {processor.py:925} INFO - DAG(s) 'example_local_kubernetes_executor' retrieved from /home/airflow/.local/lib/python3.12/site-packages/airflow/example_dags/example_local_kubernetes_executor.py
[2024-09-24T23:47:29.953+0000] {logging_mixin.py:190} INFO - [2024-09-24T23:47:29.952+0000] {dag.py:3239} INFO - Sync 1 DAGs
[2024-09-24T23:47:30.004+0000] {logging_mixin.py:190} INFO - [2024-09-24T23:47:30.003+0000] {dag.py:4180} INFO - Setting next_dagrun for example_local_kubernetes_executor to None, run_after=None
[2024-09-24T23:47:30.060+0000] {processor.py:208} INFO - Processing /home/airflow/.local/lib/python3.12/site-packages/airflow/example_dags/example_local_kubernetes_executor.py took 0.331 seconds
[2024-09-24T23:48:00.415+0000] {processor.py:186} INFO - Started process (PID=5718) to work on /home/airflow/.local/lib/python3.12/site-packages/airflow/example_dags/example_local_kubernetes_executor.py
[2024-09-24T23:48:00.417+0000] {processor.py:914} INFO - Processing file /home/airflow/.local/lib/python3.12/site-packages/airflow/example_dags/example_local_kubernetes_executor.py for tasks to queue
[2024-09-24T23:48:00.421+0000] {logging_mixin.py:190} INFO - [2024-09-24T23:48:00.420+0000] {dagbag.py:588} INFO - Filling up the DagBag from /home/airflow/.local/lib/python3.12/site-packages/airflow/example_dags/example_local_kubernetes_executor.py
[2024-09-24T23:48:00.436+0000] {processor.py:925} INFO - DAG(s) 'example_local_kubernetes_executor' retrieved from /home/airflow/.local/lib/python3.12/site-packages/airflow/example_dags/example_local_kubernetes_executor.py
[2024-09-24T23:48:00.492+0000] {logging_mixin.py:190} INFO - [2024-09-24T23:48:00.492+0000] {dag.py:3239} INFO - Sync 1 DAGs
[2024-09-24T23:48:00.526+0000] {logging_mixin.py:190} INFO - [2024-09-24T23:48:00.525+0000] {dag.py:4180} INFO - Setting next_dagrun for example_local_kubernetes_executor to None, run_after=None
[2024-09-24T23:48:00.570+0000] {processor.py:208} INFO - Processing /home/airflow/.local/lib/python3.12/site-packages/airflow/example_dags/example_local_kubernetes_executor.py took 0.164 seconds
[2024-09-24T23:48:31.298+0000] {processor.py:186} INFO - Started process (PID=5999) to work on /home/airflow/.local/lib/python3.12/site-packages/airflow/example_dags/example_local_kubernetes_executor.py
[2024-09-24T23:48:31.300+0000] {processor.py:914} INFO - Processing file /home/airflow/.local/lib/python3.12/site-packages/airflow/example_dags/example_local_kubernetes_executor.py for tasks to queue
[2024-09-24T23:48:31.305+0000] {logging_mixin.py:190} INFO - [2024-09-24T23:48:31.305+0000] {dagbag.py:588} INFO - Filling up the DagBag from /home/airflow/.local/lib/python3.12/site-packages/airflow/example_dags/example_local_kubernetes_executor.py
[2024-09-24T23:48:31.321+0000] {processor.py:925} INFO - DAG(s) 'example_local_kubernetes_executor' retrieved from /home/airflow/.local/lib/python3.12/site-packages/airflow/example_dags/example_local_kubernetes_executor.py
[2024-09-24T23:48:31.387+0000] {logging_mixin.py:190} INFO - [2024-09-24T23:48:31.387+0000] {dag.py:3239} INFO - Sync 1 DAGs
[2024-09-24T23:48:31.419+0000] {logging_mixin.py:190} INFO - [2024-09-24T23:48:31.419+0000] {dag.py:4180} INFO - Setting next_dagrun for example_local_kubernetes_executor to None, run_after=None
[2024-09-24T23:48:31.458+0000] {processor.py:208} INFO - Processing /home/airflow/.local/lib/python3.12/site-packages/airflow/example_dags/example_local_kubernetes_executor.py took 0.170 seconds
[2024-09-24T23:49:01.582+0000] {processor.py:186} INFO - Started process (PID=6285) to work on /home/airflow/.local/lib/python3.12/site-packages/airflow/example_dags/example_local_kubernetes_executor.py
[2024-09-24T23:49:01.584+0000] {processor.py:914} INFO - Processing file /home/airflow/.local/lib/python3.12/site-packages/airflow/example_dags/example_local_kubernetes_executor.py for tasks to queue
[2024-09-24T23:49:01.590+0000] {logging_mixin.py:190} INFO - [2024-09-24T23:49:01.589+0000] {dagbag.py:588} INFO - Filling up the DagBag from /home/airflow/.local/lib/python3.12/site-packages/airflow/example_dags/example_local_kubernetes_executor.py
[2024-09-24T23:49:01.614+0000] {processor.py:925} INFO - DAG(s) 'example_local_kubernetes_executor' retrieved from /home/airflow/.local/lib/python3.12/site-packages/airflow/example_dags/example_local_kubernetes_executor.py
[2024-09-24T23:49:01.696+0000] {logging_mixin.py:190} INFO - [2024-09-24T23:49:01.695+0000] {dag.py:3239} INFO - Sync 1 DAGs
[2024-09-24T23:49:01.730+0000] {logging_mixin.py:190} INFO - [2024-09-24T23:49:01.730+0000] {dag.py:4180} INFO - Setting next_dagrun for example_local_kubernetes_executor to None, run_after=None
[2024-09-24T23:49:01.773+0000] {processor.py:208} INFO - Processing /home/airflow/.local/lib/python3.12/site-packages/airflow/example_dags/example_local_kubernetes_executor.py took 0.205 seconds
[2024-09-24T23:49:32.583+0000] {processor.py:186} INFO - Started process (PID=6577) to work on /home/airflow/.local/lib/python3.12/site-packages/airflow/example_dags/example_local_kubernetes_executor.py
[2024-09-24T23:49:32.586+0000] {processor.py:914} INFO - Processing file /home/airflow/.local/lib/python3.12/site-packages/airflow/example_dags/example_local_kubernetes_executor.py for tasks to queue
[2024-09-24T23:49:32.594+0000] {logging_mixin.py:190} INFO - [2024-09-24T23:49:32.593+0000] {dagbag.py:588} INFO - Filling up the DagBag from /home/airflow/.local/lib/python3.12/site-packages/airflow/example_dags/example_local_kubernetes_executor.py
[2024-09-24T23:49:32.637+0000] {processor.py:925} INFO - DAG(s) 'example_local_kubernetes_executor' retrieved from /home/airflow/.local/lib/python3.12/site-packages/airflow/example_dags/example_local_kubernetes_executor.py
[2024-09-24T23:49:33.250+0000] {logging_mixin.py:190} INFO - [2024-09-24T23:49:33.249+0000] {dag.py:3239} INFO - Sync 1 DAGs
[2024-09-24T23:49:33.566+0000] {logging_mixin.py:190} INFO - [2024-09-24T23:49:33.565+0000] {dag.py:4180} INFO - Setting next_dagrun for example_local_kubernetes_executor to None, run_after=None
[2024-09-24T23:49:33.671+0000] {processor.py:208} INFO - Processing /home/airflow/.local/lib/python3.12/site-packages/airflow/example_dags/example_local_kubernetes_executor.py took 1.109 seconds
[2024-09-24T23:50:03.955+0000] {processor.py:186} INFO - Started process (PID=6863) to work on /home/airflow/.local/lib/python3.12/site-packages/airflow/example_dags/example_local_kubernetes_executor.py
[2024-09-24T23:50:03.958+0000] {processor.py:914} INFO - Processing file /home/airflow/.local/lib/python3.12/site-packages/airflow/example_dags/example_local_kubernetes_executor.py for tasks to queue
[2024-09-24T23:50:03.964+0000] {logging_mixin.py:190} INFO - [2024-09-24T23:50:03.963+0000] {dagbag.py:588} INFO - Filling up the DagBag from /home/airflow/.local/lib/python3.12/site-packages/airflow/example_dags/example_local_kubernetes_executor.py
[2024-09-24T23:50:03.987+0000] {processor.py:925} INFO - DAG(s) 'example_local_kubernetes_executor' retrieved from /home/airflow/.local/lib/python3.12/site-packages/airflow/example_dags/example_local_kubernetes_executor.py
[2024-09-24T23:50:04.085+0000] {logging_mixin.py:190} INFO - [2024-09-24T23:50:04.085+0000] {dag.py:3239} INFO - Sync 1 DAGs
[2024-09-24T23:50:04.131+0000] {logging_mixin.py:190} INFO - [2024-09-24T23:50:04.130+0000] {dag.py:4180} INFO - Setting next_dagrun for example_local_kubernetes_executor to None, run_after=None
[2024-09-24T23:50:04.182+0000] {processor.py:208} INFO - Processing /home/airflow/.local/lib/python3.12/site-packages/airflow/example_dags/example_local_kubernetes_executor.py took 0.244 seconds
[2024-09-24T23:50:35.024+0000] {processor.py:186} INFO - Started process (PID=7152) to work on /home/airflow/.local/lib/python3.12/site-packages/airflow/example_dags/example_local_kubernetes_executor.py
[2024-09-24T23:50:35.025+0000] {processor.py:914} INFO - Processing file /home/airflow/.local/lib/python3.12/site-packages/airflow/example_dags/example_local_kubernetes_executor.py for tasks to queue
[2024-09-24T23:50:35.030+0000] {logging_mixin.py:190} INFO - [2024-09-24T23:50:35.029+0000] {dagbag.py:588} INFO - Filling up the DagBag from /home/airflow/.local/lib/python3.12/site-packages/airflow/example_dags/example_local_kubernetes_executor.py
[2024-09-24T23:50:35.062+0000] {processor.py:925} INFO - DAG(s) 'example_local_kubernetes_executor' retrieved from /home/airflow/.local/lib/python3.12/site-packages/airflow/example_dags/example_local_kubernetes_executor.py
[2024-09-24T23:50:35.167+0000] {logging_mixin.py:190} INFO - [2024-09-24T23:50:35.166+0000] {dag.py:3239} INFO - Sync 1 DAGs
[2024-09-24T23:50:35.208+0000] {logging_mixin.py:190} INFO - [2024-09-24T23:50:35.208+0000] {dag.py:4180} INFO - Setting next_dagrun for example_local_kubernetes_executor to None, run_after=None
[2024-09-24T23:50:35.253+0000] {processor.py:208} INFO - Processing /home/airflow/.local/lib/python3.12/site-packages/airflow/example_dags/example_local_kubernetes_executor.py took 0.242 seconds
[2024-09-24T23:51:05.553+0000] {processor.py:186} INFO - Started process (PID=7438) to work on /home/airflow/.local/lib/python3.12/site-packages/airflow/example_dags/example_local_kubernetes_executor.py
[2024-09-24T23:51:05.555+0000] {processor.py:914} INFO - Processing file /home/airflow/.local/lib/python3.12/site-packages/airflow/example_dags/example_local_kubernetes_executor.py for tasks to queue
[2024-09-24T23:51:05.560+0000] {logging_mixin.py:190} INFO - [2024-09-24T23:51:05.559+0000] {dagbag.py:588} INFO - Filling up the DagBag from /home/airflow/.local/lib/python3.12/site-packages/airflow/example_dags/example_local_kubernetes_executor.py
[2024-09-24T23:51:05.578+0000] {processor.py:925} INFO - DAG(s) 'example_local_kubernetes_executor' retrieved from /home/airflow/.local/lib/python3.12/site-packages/airflow/example_dags/example_local_kubernetes_executor.py
[2024-09-24T23:51:05.657+0000] {logging_mixin.py:190} INFO - [2024-09-24T23:51:05.657+0000] {dag.py:3239} INFO - Sync 1 DAGs
[2024-09-24T23:51:05.691+0000] {logging_mixin.py:190} INFO - [2024-09-24T23:51:05.690+0000] {dag.py:4180} INFO - Setting next_dagrun for example_local_kubernetes_executor to None, run_after=None
[2024-09-24T23:51:05.733+0000] {processor.py:208} INFO - Processing /home/airflow/.local/lib/python3.12/site-packages/airflow/example_dags/example_local_kubernetes_executor.py took 0.192 seconds
[2024-09-24T23:51:36.339+0000] {processor.py:186} INFO - Started process (PID=7724) to work on /home/airflow/.local/lib/python3.12/site-packages/airflow/example_dags/example_local_kubernetes_executor.py
[2024-09-24T23:51:36.341+0000] {processor.py:914} INFO - Processing file /home/airflow/.local/lib/python3.12/site-packages/airflow/example_dags/example_local_kubernetes_executor.py for tasks to queue
[2024-09-24T23:51:36.346+0000] {logging_mixin.py:190} INFO - [2024-09-24T23:51:36.345+0000] {dagbag.py:588} INFO - Filling up the DagBag from /home/airflow/.local/lib/python3.12/site-packages/airflow/example_dags/example_local_kubernetes_executor.py
[2024-09-24T23:51:36.362+0000] {processor.py:925} INFO - DAG(s) 'example_local_kubernetes_executor' retrieved from /home/airflow/.local/lib/python3.12/site-packages/airflow/example_dags/example_local_kubernetes_executor.py
[2024-09-24T23:51:36.431+0000] {logging_mixin.py:190} INFO - [2024-09-24T23:51:36.430+0000] {dag.py:3239} INFO - Sync 1 DAGs
[2024-09-24T23:51:36.467+0000] {logging_mixin.py:190} INFO - [2024-09-24T23:51:36.466+0000] {dag.py:4180} INFO - Setting next_dagrun for example_local_kubernetes_executor to None, run_after=None
[2024-09-24T23:51:36.511+0000] {processor.py:208} INFO - Processing /home/airflow/.local/lib/python3.12/site-packages/airflow/example_dags/example_local_kubernetes_executor.py took 0.182 seconds
[2024-09-24T23:52:06.744+0000] {processor.py:186} INFO - Started process (PID=8008) to work on /home/airflow/.local/lib/python3.12/site-packages/airflow/example_dags/example_local_kubernetes_executor.py
[2024-09-24T23:52:06.746+0000] {processor.py:914} INFO - Processing file /home/airflow/.local/lib/python3.12/site-packages/airflow/example_dags/example_local_kubernetes_executor.py for tasks to queue
[2024-09-24T23:52:06.750+0000] {logging_mixin.py:190} INFO - [2024-09-24T23:52:06.749+0000] {dagbag.py:588} INFO - Filling up the DagBag from /home/airflow/.local/lib/python3.12/site-packages/airflow/example_dags/example_local_kubernetes_executor.py
[2024-09-24T23:52:06.765+0000] {processor.py:925} INFO - DAG(s) 'example_local_kubernetes_executor' retrieved from /home/airflow/.local/lib/python3.12/site-packages/airflow/example_dags/example_local_kubernetes_executor.py
[2024-09-24T23:52:06.825+0000] {logging_mixin.py:190} INFO - [2024-09-24T23:52:06.825+0000] {dag.py:3239} INFO - Sync 1 DAGs
[2024-09-24T23:52:06.858+0000] {logging_mixin.py:190} INFO - [2024-09-24T23:52:06.858+0000] {dag.py:4180} INFO - Setting next_dagrun for example_local_kubernetes_executor to None, run_after=None
[2024-09-24T23:52:06.898+0000] {processor.py:208} INFO - Processing /home/airflow/.local/lib/python3.12/site-packages/airflow/example_dags/example_local_kubernetes_executor.py took 0.161 seconds
[2024-09-24T23:52:37.779+0000] {processor.py:186} INFO - Started process (PID=8297) to work on /home/airflow/.local/lib/python3.12/site-packages/airflow/example_dags/example_local_kubernetes_executor.py
[2024-09-24T23:52:37.781+0000] {processor.py:914} INFO - Processing file /home/airflow/.local/lib/python3.12/site-packages/airflow/example_dags/example_local_kubernetes_executor.py for tasks to queue
[2024-09-24T23:52:37.786+0000] {logging_mixin.py:190} INFO - [2024-09-24T23:52:37.785+0000] {dagbag.py:588} INFO - Filling up the DagBag from /home/airflow/.local/lib/python3.12/site-packages/airflow/example_dags/example_local_kubernetes_executor.py
[2024-09-24T23:52:37.806+0000] {processor.py:925} INFO - DAG(s) 'example_local_kubernetes_executor' retrieved from /home/airflow/.local/lib/python3.12/site-packages/airflow/example_dags/example_local_kubernetes_executor.py
[2024-09-24T23:52:37.878+0000] {logging_mixin.py:190} INFO - [2024-09-24T23:52:37.877+0000] {dag.py:3239} INFO - Sync 1 DAGs
[2024-09-24T23:52:37.915+0000] {logging_mixin.py:190} INFO - [2024-09-24T23:52:37.914+0000] {dag.py:4180} INFO - Setting next_dagrun for example_local_kubernetes_executor to None, run_after=None
[2024-09-24T23:52:37.955+0000] {processor.py:208} INFO - Processing /home/airflow/.local/lib/python3.12/site-packages/airflow/example_dags/example_local_kubernetes_executor.py took 0.184 seconds
[2024-09-24T23:53:08.059+0000] {processor.py:186} INFO - Started process (PID=8580) to work on /home/airflow/.local/lib/python3.12/site-packages/airflow/example_dags/example_local_kubernetes_executor.py
[2024-09-24T23:53:08.061+0000] {processor.py:914} INFO - Processing file /home/airflow/.local/lib/python3.12/site-packages/airflow/example_dags/example_local_kubernetes_executor.py for tasks to queue
[2024-09-24T23:53:08.065+0000] {logging_mixin.py:190} INFO - [2024-09-24T23:53:08.064+0000] {dagbag.py:588} INFO - Filling up the DagBag from /home/airflow/.local/lib/python3.12/site-packages/airflow/example_dags/example_local_kubernetes_executor.py
[2024-09-24T23:53:08.084+0000] {processor.py:925} INFO - DAG(s) 'example_local_kubernetes_executor' retrieved from /home/airflow/.local/lib/python3.12/site-packages/airflow/example_dags/example_local_kubernetes_executor.py
[2024-09-24T23:53:08.141+0000] {logging_mixin.py:190} INFO - [2024-09-24T23:53:08.141+0000] {dag.py:3239} INFO - Sync 1 DAGs
[2024-09-24T23:53:08.175+0000] {logging_mixin.py:190} INFO - [2024-09-24T23:53:08.175+0000] {dag.py:4180} INFO - Setting next_dagrun for example_local_kubernetes_executor to None, run_after=None
[2024-09-24T23:53:08.214+0000] {processor.py:208} INFO - Processing /home/airflow/.local/lib/python3.12/site-packages/airflow/example_dags/example_local_kubernetes_executor.py took 0.166 seconds
[2024-09-24T23:53:38.307+0000] {processor.py:186} INFO - Started process (PID=8866) to work on /home/airflow/.local/lib/python3.12/site-packages/airflow/example_dags/example_local_kubernetes_executor.py
[2024-09-24T23:53:38.308+0000] {processor.py:914} INFO - Processing file /home/airflow/.local/lib/python3.12/site-packages/airflow/example_dags/example_local_kubernetes_executor.py for tasks to queue
[2024-09-24T23:53:38.313+0000] {logging_mixin.py:190} INFO - [2024-09-24T23:53:38.312+0000] {dagbag.py:588} INFO - Filling up the DagBag from /home/airflow/.local/lib/python3.12/site-packages/airflow/example_dags/example_local_kubernetes_executor.py
[2024-09-24T23:53:38.326+0000] {processor.py:925} INFO - DAG(s) 'example_local_kubernetes_executor' retrieved from /home/airflow/.local/lib/python3.12/site-packages/airflow/example_dags/example_local_kubernetes_executor.py
[2024-09-24T23:53:38.381+0000] {logging_mixin.py:190} INFO - [2024-09-24T23:53:38.381+0000] {dag.py:3239} INFO - Sync 1 DAGs
[2024-09-24T23:53:38.406+0000] {logging_mixin.py:190} INFO - [2024-09-24T23:53:38.405+0000] {dag.py:4180} INFO - Setting next_dagrun for example_local_kubernetes_executor to None, run_after=None
[2024-09-24T23:53:38.447+0000] {processor.py:208} INFO - Processing /home/airflow/.local/lib/python3.12/site-packages/airflow/example_dags/example_local_kubernetes_executor.py took 0.150 seconds
[2024-09-24T23:54:08.907+0000] {processor.py:186} INFO - Started process (PID=9152) to work on /home/airflow/.local/lib/python3.12/site-packages/airflow/example_dags/example_local_kubernetes_executor.py
[2024-09-24T23:54:08.909+0000] {processor.py:914} INFO - Processing file /home/airflow/.local/lib/python3.12/site-packages/airflow/example_dags/example_local_kubernetes_executor.py for tasks to queue
[2024-09-24T23:54:08.914+0000] {logging_mixin.py:190} INFO - [2024-09-24T23:54:08.913+0000] {dagbag.py:588} INFO - Filling up the DagBag from /home/airflow/.local/lib/python3.12/site-packages/airflow/example_dags/example_local_kubernetes_executor.py
[2024-09-24T23:54:08.927+0000] {processor.py:925} INFO - DAG(s) 'example_local_kubernetes_executor' retrieved from /home/airflow/.local/lib/python3.12/site-packages/airflow/example_dags/example_local_kubernetes_executor.py
[2024-09-24T23:54:08.982+0000] {logging_mixin.py:190} INFO - [2024-09-24T23:54:08.982+0000] {dag.py:3239} INFO - Sync 1 DAGs
[2024-09-24T23:54:09.008+0000] {logging_mixin.py:190} INFO - [2024-09-24T23:54:09.007+0000] {dag.py:4180} INFO - Setting next_dagrun for example_local_kubernetes_executor to None, run_after=None
[2024-09-24T23:54:09.044+0000] {processor.py:208} INFO - Processing /home/airflow/.local/lib/python3.12/site-packages/airflow/example_dags/example_local_kubernetes_executor.py took 0.147 seconds
[2024-09-24T23:54:39.826+0000] {processor.py:186} INFO - Started process (PID=9438) to work on /home/airflow/.local/lib/python3.12/site-packages/airflow/example_dags/example_local_kubernetes_executor.py
[2024-09-24T23:54:39.828+0000] {processor.py:914} INFO - Processing file /home/airflow/.local/lib/python3.12/site-packages/airflow/example_dags/example_local_kubernetes_executor.py for tasks to queue
[2024-09-24T23:54:39.832+0000] {logging_mixin.py:190} INFO - [2024-09-24T23:54:39.831+0000] {dagbag.py:588} INFO - Filling up the DagBag from /home/airflow/.local/lib/python3.12/site-packages/airflow/example_dags/example_local_kubernetes_executor.py
[2024-09-24T23:54:39.849+0000] {processor.py:925} INFO - DAG(s) 'example_local_kubernetes_executor' retrieved from /home/airflow/.local/lib/python3.12/site-packages/airflow/example_dags/example_local_kubernetes_executor.py
[2024-09-24T23:54:39.912+0000] {logging_mixin.py:190} INFO - [2024-09-24T23:54:39.912+0000] {dag.py:3239} INFO - Sync 1 DAGs
[2024-09-24T23:54:39.942+0000] {logging_mixin.py:190} INFO - [2024-09-24T23:54:39.941+0000] {dag.py:4180} INFO - Setting next_dagrun for example_local_kubernetes_executor to None, run_after=None
[2024-09-24T23:54:39.983+0000] {processor.py:208} INFO - Processing /home/airflow/.local/lib/python3.12/site-packages/airflow/example_dags/example_local_kubernetes_executor.py took 0.167 seconds
[2024-09-24T23:55:10.430+0000] {processor.py:186} INFO - Started process (PID=9724) to work on /home/airflow/.local/lib/python3.12/site-packages/airflow/example_dags/example_local_kubernetes_executor.py
[2024-09-24T23:55:10.432+0000] {processor.py:914} INFO - Processing file /home/airflow/.local/lib/python3.12/site-packages/airflow/example_dags/example_local_kubernetes_executor.py for tasks to queue
[2024-09-24T23:55:10.437+0000] {logging_mixin.py:190} INFO - [2024-09-24T23:55:10.436+0000] {dagbag.py:588} INFO - Filling up the DagBag from /home/airflow/.local/lib/python3.12/site-packages/airflow/example_dags/example_local_kubernetes_executor.py
[2024-09-24T23:55:10.455+0000] {processor.py:925} INFO - DAG(s) 'example_local_kubernetes_executor' retrieved from /home/airflow/.local/lib/python3.12/site-packages/airflow/example_dags/example_local_kubernetes_executor.py
[2024-09-24T23:55:10.525+0000] {logging_mixin.py:190} INFO - [2024-09-24T23:55:10.525+0000] {dag.py:3239} INFO - Sync 1 DAGs
[2024-09-24T23:55:10.554+0000] {logging_mixin.py:190} INFO - [2024-09-24T23:55:10.554+0000] {dag.py:4180} INFO - Setting next_dagrun for example_local_kubernetes_executor to None, run_after=None
[2024-09-24T23:55:10.594+0000] {processor.py:208} INFO - Processing /home/airflow/.local/lib/python3.12/site-packages/airflow/example_dags/example_local_kubernetes_executor.py took 0.174 seconds
[2024-09-24T23:55:41.477+0000] {processor.py:186} INFO - Started process (PID=10010) to work on /home/airflow/.local/lib/python3.12/site-packages/airflow/example_dags/example_local_kubernetes_executor.py
[2024-09-24T23:55:41.480+0000] {processor.py:914} INFO - Processing file /home/airflow/.local/lib/python3.12/site-packages/airflow/example_dags/example_local_kubernetes_executor.py for tasks to queue
[2024-09-24T23:55:41.487+0000] {logging_mixin.py:190} INFO - [2024-09-24T23:55:41.486+0000] {dagbag.py:588} INFO - Filling up the DagBag from /home/airflow/.local/lib/python3.12/site-packages/airflow/example_dags/example_local_kubernetes_executor.py
[2024-09-24T23:55:41.525+0000] {processor.py:925} INFO - DAG(s) 'example_local_kubernetes_executor' retrieved from /home/airflow/.local/lib/python3.12/site-packages/airflow/example_dags/example_local_kubernetes_executor.py
[2024-09-24T23:55:41.706+0000] {logging_mixin.py:190} INFO - [2024-09-24T23:55:41.706+0000] {dag.py:3239} INFO - Sync 1 DAGs
[2024-09-24T23:55:41.771+0000] {logging_mixin.py:190} INFO - [2024-09-24T23:55:41.770+0000] {dag.py:4180} INFO - Setting next_dagrun for example_local_kubernetes_executor to None, run_after=None
[2024-09-24T23:55:41.839+0000] {processor.py:208} INFO - Processing /home/airflow/.local/lib/python3.12/site-packages/airflow/example_dags/example_local_kubernetes_executor.py took 0.379 seconds
[2024-09-24T23:56:12.762+0000] {processor.py:186} INFO - Started process (PID=10296) to work on /home/airflow/.local/lib/python3.12/site-packages/airflow/example_dags/example_local_kubernetes_executor.py
[2024-09-24T23:56:12.765+0000] {processor.py:914} INFO - Processing file /home/airflow/.local/lib/python3.12/site-packages/airflow/example_dags/example_local_kubernetes_executor.py for tasks to queue
[2024-09-24T23:56:12.771+0000] {logging_mixin.py:190} INFO - [2024-09-24T23:56:12.770+0000] {dagbag.py:588} INFO - Filling up the DagBag from /home/airflow/.local/lib/python3.12/site-packages/airflow/example_dags/example_local_kubernetes_executor.py
[2024-09-24T23:56:12.803+0000] {processor.py:925} INFO - DAG(s) 'example_local_kubernetes_executor' retrieved from /home/airflow/.local/lib/python3.12/site-packages/airflow/example_dags/example_local_kubernetes_executor.py
[2024-09-24T23:56:12.881+0000] {logging_mixin.py:190} INFO - [2024-09-24T23:56:12.880+0000] {dag.py:3239} INFO - Sync 1 DAGs
[2024-09-24T23:56:12.916+0000] {logging_mixin.py:190} INFO - [2024-09-24T23:56:12.915+0000] {dag.py:4180} INFO - Setting next_dagrun for example_local_kubernetes_executor to None, run_after=None
[2024-09-24T23:56:12.962+0000] {processor.py:208} INFO - Processing /home/airflow/.local/lib/python3.12/site-packages/airflow/example_dags/example_local_kubernetes_executor.py took 0.214 seconds
