[2024-09-24T23:38:00.409+0000] {processor.py:186} INFO - Started process (PID=276) to work on /home/airflow/.local/lib/python3.12/site-packages/airflow/example_dags/example_complex.py
[2024-09-24T23:38:00.418+0000] {processor.py:914} INFO - Processing file /home/airflow/.local/lib/python3.12/site-packages/airflow/example_dags/example_complex.py for tasks to queue
[2024-09-24T23:38:00.435+0000] {logging_mixin.py:190} INFO - [2024-09-24T23:38:00.434+0000] {dagbag.py:588} INFO - Filling up the DagBag from /home/airflow/.local/lib/python3.12/site-packages/airflow/example_dags/example_complex.py
[2024-09-24T23:38:00.526+0000] {processor.py:925} INFO - DAG(s) 'example_complex' retrieved from /home/airflow/.local/lib/python3.12/site-packages/airflow/example_dags/example_complex.py
[2024-09-24T23:38:01.352+0000] {logging_mixin.py:190} INFO - [2024-09-24T23:38:01.350+0000] {override.py:1900} INFO - Created Permission View: can edit on DAG:example_complex
[2024-09-24T23:38:01.408+0000] {logging_mixin.py:190} INFO - [2024-09-24T23:38:01.407+0000] {override.py:1900} INFO - Created Permission View: can read on DAG:example_complex
[2024-09-24T23:38:01.451+0000] {logging_mixin.py:190} INFO - [2024-09-24T23:38:01.450+0000] {override.py:1900} INFO - Created Permission View: can delete on DAG:example_complex
[2024-09-24T23:38:01.495+0000] {logging_mixin.py:190} INFO - [2024-09-24T23:38:01.494+0000] {override.py:1900} INFO - Created Permission View: can read on DAG Run:example_complex
[2024-09-24T23:38:01.536+0000] {logging_mixin.py:190} INFO - [2024-09-24T23:38:01.535+0000] {override.py:1900} INFO - Created Permission View: menu access on DAG Run:example_complex
[2024-09-24T23:38:01.571+0000] {logging_mixin.py:190} INFO - [2024-09-24T23:38:01.570+0000] {override.py:1900} INFO - Created Permission View: can delete on DAG Run:example_complex
[2024-09-24T23:38:01.622+0000] {logging_mixin.py:190} INFO - [2024-09-24T23:38:01.620+0000] {override.py:1900} INFO - Created Permission View: can create on DAG Run:example_complex
[2024-09-24T23:38:01.626+0000] {logging_mixin.py:190} INFO - [2024-09-24T23:38:01.624+0000] {dag.py:3239} INFO - Sync 1 DAGs
[2024-09-24T23:38:01.685+0000] {logging_mixin.py:190} INFO - [2024-09-24T23:38:01.684+0000] {dag.py:3262} INFO - Creating ORM DAG for example_complex
[2024-09-24T23:38:01.692+0000] {logging_mixin.py:190} INFO - [2024-09-24T23:38:01.691+0000] {dag.py:4180} INFO - Setting next_dagrun for example_complex to None, run_after=None
[2024-09-24T23:38:01.789+0000] {processor.py:208} INFO - Processing /home/airflow/.local/lib/python3.12/site-packages/airflow/example_dags/example_complex.py took 1.413 seconds
[2024-09-24T23:38:36.918+0000] {processor.py:186} INFO - Started process (PID=562) to work on /home/airflow/.local/lib/python3.12/site-packages/airflow/example_dags/example_complex.py
[2024-09-24T23:38:36.921+0000] {processor.py:914} INFO - Processing file /home/airflow/.local/lib/python3.12/site-packages/airflow/example_dags/example_complex.py for tasks to queue
[2024-09-24T23:38:36.928+0000] {logging_mixin.py:190} INFO - [2024-09-24T23:38:36.927+0000] {dagbag.py:588} INFO - Filling up the DagBag from /home/airflow/.local/lib/python3.12/site-packages/airflow/example_dags/example_complex.py
[2024-09-24T23:38:36.977+0000] {processor.py:925} INFO - DAG(s) 'example_complex' retrieved from /home/airflow/.local/lib/python3.12/site-packages/airflow/example_dags/example_complex.py
[2024-09-24T23:38:37.092+0000] {logging_mixin.py:190} INFO - [2024-09-24T23:38:37.092+0000] {dag.py:3239} INFO - Sync 1 DAGs
[2024-09-24T23:38:37.143+0000] {logging_mixin.py:190} INFO - [2024-09-24T23:38:37.143+0000] {dag.py:4180} INFO - Setting next_dagrun for example_complex to None, run_after=None
[2024-09-24T23:38:37.228+0000] {processor.py:208} INFO - Processing /home/airflow/.local/lib/python3.12/site-packages/airflow/example_dags/example_complex.py took 0.328 seconds
[2024-09-24T23:39:09.626+0000] {processor.py:186} INFO - Started process (PID=849) to work on /home/airflow/.local/lib/python3.12/site-packages/airflow/example_dags/example_complex.py
[2024-09-24T23:39:09.629+0000] {processor.py:914} INFO - Processing file /home/airflow/.local/lib/python3.12/site-packages/airflow/example_dags/example_complex.py for tasks to queue
[2024-09-24T23:39:09.634+0000] {logging_mixin.py:190} INFO - [2024-09-24T23:39:09.633+0000] {dagbag.py:588} INFO - Filling up the DagBag from /home/airflow/.local/lib/python3.12/site-packages/airflow/example_dags/example_complex.py
[2024-09-24T23:39:09.677+0000] {processor.py:925} INFO - DAG(s) 'example_complex' retrieved from /home/airflow/.local/lib/python3.12/site-packages/airflow/example_dags/example_complex.py
[2024-09-24T23:39:09.792+0000] {logging_mixin.py:190} INFO - [2024-09-24T23:39:09.791+0000] {dag.py:3239} INFO - Sync 1 DAGs
[2024-09-24T23:39:09.837+0000] {logging_mixin.py:190} INFO - [2024-09-24T23:39:09.836+0000] {dag.py:4180} INFO - Setting next_dagrun for example_complex to None, run_after=None
[2024-09-24T23:39:09.912+0000] {processor.py:208} INFO - Processing /home/airflow/.local/lib/python3.12/site-packages/airflow/example_dags/example_complex.py took 0.311 seconds
[2024-09-24T23:39:42.573+0000] {processor.py:186} INFO - Started process (PID=1133) to work on /home/airflow/.local/lib/python3.12/site-packages/airflow/example_dags/example_complex.py
[2024-09-24T23:39:42.576+0000] {processor.py:914} INFO - Processing file /home/airflow/.local/lib/python3.12/site-packages/airflow/example_dags/example_complex.py for tasks to queue
[2024-09-24T23:39:42.582+0000] {logging_mixin.py:190} INFO - [2024-09-24T23:39:42.581+0000] {dagbag.py:588} INFO - Filling up the DagBag from /home/airflow/.local/lib/python3.12/site-packages/airflow/example_dags/example_complex.py
[2024-09-24T23:39:42.618+0000] {processor.py:925} INFO - DAG(s) 'example_complex' retrieved from /home/airflow/.local/lib/python3.12/site-packages/airflow/example_dags/example_complex.py
[2024-09-24T23:39:42.769+0000] {logging_mixin.py:190} INFO - [2024-09-24T23:39:42.769+0000] {dag.py:3239} INFO - Sync 1 DAGs
[2024-09-24T23:39:42.841+0000] {logging_mixin.py:190} INFO - [2024-09-24T23:39:42.840+0000] {dag.py:4180} INFO - Setting next_dagrun for example_complex to None, run_after=None
[2024-09-24T23:39:42.919+0000] {processor.py:208} INFO - Processing /home/airflow/.local/lib/python3.12/site-packages/airflow/example_dags/example_complex.py took 0.365 seconds
[2024-09-24T23:40:13.877+0000] {processor.py:186} INFO - Started process (PID=1419) to work on /home/airflow/.local/lib/python3.12/site-packages/airflow/example_dags/example_complex.py
[2024-09-24T23:40:13.880+0000] {processor.py:914} INFO - Processing file /home/airflow/.local/lib/python3.12/site-packages/airflow/example_dags/example_complex.py for tasks to queue
[2024-09-24T23:40:13.896+0000] {logging_mixin.py:190} INFO - [2024-09-24T23:40:13.894+0000] {dagbag.py:588} INFO - Filling up the DagBag from /home/airflow/.local/lib/python3.12/site-packages/airflow/example_dags/example_complex.py
[2024-09-24T23:40:13.957+0000] {processor.py:925} INFO - DAG(s) 'example_complex' retrieved from /home/airflow/.local/lib/python3.12/site-packages/airflow/example_dags/example_complex.py
[2024-09-24T23:40:14.141+0000] {logging_mixin.py:190} INFO - [2024-09-24T23:40:14.140+0000] {dag.py:3239} INFO - Sync 1 DAGs
[2024-09-24T23:40:14.214+0000] {logging_mixin.py:190} INFO - [2024-09-24T23:40:14.214+0000] {dag.py:4180} INFO - Setting next_dagrun for example_complex to None, run_after=None
[2024-09-24T23:40:14.273+0000] {processor.py:208} INFO - Processing /home/airflow/.local/lib/python3.12/site-packages/airflow/example_dags/example_complex.py took 0.455 seconds
[2024-09-24T23:40:45.249+0000] {processor.py:186} INFO - Started process (PID=1701) to work on /home/airflow/.local/lib/python3.12/site-packages/airflow/example_dags/example_complex.py
[2024-09-24T23:40:45.259+0000] {processor.py:914} INFO - Processing file /home/airflow/.local/lib/python3.12/site-packages/airflow/example_dags/example_complex.py for tasks to queue
[2024-09-24T23:40:45.270+0000] {logging_mixin.py:190} INFO - [2024-09-24T23:40:45.265+0000] {dagbag.py:588} INFO - Filling up the DagBag from /home/airflow/.local/lib/python3.12/site-packages/airflow/example_dags/example_complex.py
[2024-09-24T23:40:45.340+0000] {processor.py:925} INFO - DAG(s) 'example_complex' retrieved from /home/airflow/.local/lib/python3.12/site-packages/airflow/example_dags/example_complex.py
[2024-09-24T23:40:45.535+0000] {logging_mixin.py:190} INFO - [2024-09-24T23:40:45.534+0000] {dag.py:3239} INFO - Sync 1 DAGs
[2024-09-24T23:40:45.622+0000] {logging_mixin.py:190} INFO - [2024-09-24T23:40:45.621+0000] {dag.py:4180} INFO - Setting next_dagrun for example_complex to None, run_after=None
[2024-09-24T23:40:45.712+0000] {processor.py:208} INFO - Processing /home/airflow/.local/lib/python3.12/site-packages/airflow/example_dags/example_complex.py took 0.500 seconds
[2024-09-24T23:41:16.166+0000] {processor.py:186} INFO - Started process (PID=1990) to work on /home/airflow/.local/lib/python3.12/site-packages/airflow/example_dags/example_complex.py
[2024-09-24T23:41:16.169+0000] {processor.py:914} INFO - Processing file /home/airflow/.local/lib/python3.12/site-packages/airflow/example_dags/example_complex.py for tasks to queue
[2024-09-24T23:41:16.185+0000] {logging_mixin.py:190} INFO - [2024-09-24T23:41:16.176+0000] {dagbag.py:588} INFO - Filling up the DagBag from /home/airflow/.local/lib/python3.12/site-packages/airflow/example_dags/example_complex.py
[2024-09-24T23:41:16.289+0000] {processor.py:925} INFO - DAG(s) 'example_complex' retrieved from /home/airflow/.local/lib/python3.12/site-packages/airflow/example_dags/example_complex.py
[2024-09-24T23:41:16.570+0000] {logging_mixin.py:190} INFO - [2024-09-24T23:41:16.569+0000] {dag.py:3239} INFO - Sync 1 DAGs
[2024-09-24T23:41:16.636+0000] {logging_mixin.py:190} INFO - [2024-09-24T23:41:16.633+0000] {dag.py:4180} INFO - Setting next_dagrun for example_complex to None, run_after=None
[2024-09-24T23:41:16.707+0000] {processor.py:208} INFO - Processing /home/airflow/.local/lib/python3.12/site-packages/airflow/example_dags/example_complex.py took 0.563 seconds
[2024-09-24T23:41:47.624+0000] {processor.py:186} INFO - Started process (PID=2276) to work on /home/airflow/.local/lib/python3.12/site-packages/airflow/example_dags/example_complex.py
[2024-09-24T23:41:47.629+0000] {processor.py:914} INFO - Processing file /home/airflow/.local/lib/python3.12/site-packages/airflow/example_dags/example_complex.py for tasks to queue
[2024-09-24T23:41:47.635+0000] {logging_mixin.py:190} INFO - [2024-09-24T23:41:47.634+0000] {dagbag.py:588} INFO - Filling up the DagBag from /home/airflow/.local/lib/python3.12/site-packages/airflow/example_dags/example_complex.py
[2024-09-24T23:41:47.694+0000] {processor.py:925} INFO - DAG(s) 'example_complex' retrieved from /home/airflow/.local/lib/python3.12/site-packages/airflow/example_dags/example_complex.py
[2024-09-24T23:41:47.784+0000] {logging_mixin.py:190} INFO - [2024-09-24T23:41:47.783+0000] {dag.py:3239} INFO - Sync 1 DAGs
[2024-09-24T23:41:47.842+0000] {logging_mixin.py:190} INFO - [2024-09-24T23:41:47.842+0000] {dag.py:4180} INFO - Setting next_dagrun for example_complex to None, run_after=None
[2024-09-24T23:41:47.920+0000] {processor.py:208} INFO - Processing /home/airflow/.local/lib/python3.12/site-packages/airflow/example_dags/example_complex.py took 0.321 seconds
[2024-09-24T23:42:18.269+0000] {processor.py:186} INFO - Started process (PID=2560) to work on /home/airflow/.local/lib/python3.12/site-packages/airflow/example_dags/example_complex.py
[2024-09-24T23:42:18.272+0000] {processor.py:914} INFO - Processing file /home/airflow/.local/lib/python3.12/site-packages/airflow/example_dags/example_complex.py for tasks to queue
[2024-09-24T23:42:18.279+0000] {logging_mixin.py:190} INFO - [2024-09-24T23:42:18.278+0000] {dagbag.py:588} INFO - Filling up the DagBag from /home/airflow/.local/lib/python3.12/site-packages/airflow/example_dags/example_complex.py
[2024-09-24T23:42:18.351+0000] {processor.py:925} INFO - DAG(s) 'example_complex' retrieved from /home/airflow/.local/lib/python3.12/site-packages/airflow/example_dags/example_complex.py
[2024-09-24T23:42:18.536+0000] {logging_mixin.py:190} INFO - [2024-09-24T23:42:18.535+0000] {dag.py:3239} INFO - Sync 1 DAGs
[2024-09-24T23:42:18.593+0000] {logging_mixin.py:190} INFO - [2024-09-24T23:42:18.592+0000] {dag.py:4180} INFO - Setting next_dagrun for example_complex to None, run_after=None
[2024-09-24T23:42:18.704+0000] {processor.py:208} INFO - Processing /home/airflow/.local/lib/python3.12/site-packages/airflow/example_dags/example_complex.py took 0.455 seconds
[2024-09-24T23:42:48.863+0000] {processor.py:186} INFO - Started process (PID=2848) to work on /home/airflow/.local/lib/python3.12/site-packages/airflow/example_dags/example_complex.py
[2024-09-24T23:42:48.866+0000] {processor.py:914} INFO - Processing file /home/airflow/.local/lib/python3.12/site-packages/airflow/example_dags/example_complex.py for tasks to queue
[2024-09-24T23:42:48.870+0000] {logging_mixin.py:190} INFO - [2024-09-24T23:42:48.869+0000] {dagbag.py:588} INFO - Filling up the DagBag from /home/airflow/.local/lib/python3.12/site-packages/airflow/example_dags/example_complex.py
[2024-09-24T23:42:48.901+0000] {processor.py:925} INFO - DAG(s) 'example_complex' retrieved from /home/airflow/.local/lib/python3.12/site-packages/airflow/example_dags/example_complex.py
[2024-09-24T23:42:48.996+0000] {logging_mixin.py:190} INFO - [2024-09-24T23:42:48.995+0000] {dag.py:3239} INFO - Sync 1 DAGs
[2024-09-24T23:42:49.023+0000] {logging_mixin.py:190} INFO - [2024-09-24T23:42:49.023+0000] {dag.py:4180} INFO - Setting next_dagrun for example_complex to None, run_after=None
[2024-09-24T23:42:49.062+0000] {processor.py:208} INFO - Processing /home/airflow/.local/lib/python3.12/site-packages/airflow/example_dags/example_complex.py took 0.212 seconds
[2024-09-24T23:43:19.329+0000] {processor.py:186} INFO - Started process (PID=3132) to work on /home/airflow/.local/lib/python3.12/site-packages/airflow/example_dags/example_complex.py
[2024-09-24T23:43:19.331+0000] {processor.py:914} INFO - Processing file /home/airflow/.local/lib/python3.12/site-packages/airflow/example_dags/example_complex.py for tasks to queue
[2024-09-24T23:43:19.336+0000] {logging_mixin.py:190} INFO - [2024-09-24T23:43:19.335+0000] {dagbag.py:588} INFO - Filling up the DagBag from /home/airflow/.local/lib/python3.12/site-packages/airflow/example_dags/example_complex.py
[2024-09-24T23:43:19.361+0000] {processor.py:925} INFO - DAG(s) 'example_complex' retrieved from /home/airflow/.local/lib/python3.12/site-packages/airflow/example_dags/example_complex.py
[2024-09-24T23:43:19.439+0000] {logging_mixin.py:190} INFO - [2024-09-24T23:43:19.439+0000] {dag.py:3239} INFO - Sync 1 DAGs
[2024-09-24T23:43:19.474+0000] {logging_mixin.py:190} INFO - [2024-09-24T23:43:19.473+0000] {dag.py:4180} INFO - Setting next_dagrun for example_complex to None, run_after=None
[2024-09-24T23:43:19.522+0000] {processor.py:208} INFO - Processing /home/airflow/.local/lib/python3.12/site-packages/airflow/example_dags/example_complex.py took 0.205 seconds
[2024-09-24T23:43:50.241+0000] {processor.py:186} INFO - Started process (PID=3418) to work on /home/airflow/.local/lib/python3.12/site-packages/airflow/example_dags/example_complex.py
[2024-09-24T23:43:50.244+0000] {processor.py:914} INFO - Processing file /home/airflow/.local/lib/python3.12/site-packages/airflow/example_dags/example_complex.py for tasks to queue
[2024-09-24T23:43:50.252+0000] {logging_mixin.py:190} INFO - [2024-09-24T23:43:50.251+0000] {dagbag.py:588} INFO - Filling up the DagBag from /home/airflow/.local/lib/python3.12/site-packages/airflow/example_dags/example_complex.py
[2024-09-24T23:43:50.298+0000] {processor.py:925} INFO - DAG(s) 'example_complex' retrieved from /home/airflow/.local/lib/python3.12/site-packages/airflow/example_dags/example_complex.py
[2024-09-24T23:43:50.439+0000] {logging_mixin.py:190} INFO - [2024-09-24T23:43:50.438+0000] {dag.py:3239} INFO - Sync 1 DAGs
[2024-09-24T23:43:50.489+0000] {logging_mixin.py:190} INFO - [2024-09-24T23:43:50.488+0000] {dag.py:4180} INFO - Setting next_dagrun for example_complex to None, run_after=None
[2024-09-24T23:43:50.557+0000] {processor.py:208} INFO - Processing /home/airflow/.local/lib/python3.12/site-packages/airflow/example_dags/example_complex.py took 0.331 seconds
[2024-09-24T23:44:21.141+0000] {processor.py:186} INFO - Started process (PID=3706) to work on /home/airflow/.local/lib/python3.12/site-packages/airflow/example_dags/example_complex.py
[2024-09-24T23:44:21.144+0000] {processor.py:914} INFO - Processing file /home/airflow/.local/lib/python3.12/site-packages/airflow/example_dags/example_complex.py for tasks to queue
[2024-09-24T23:44:21.149+0000] {logging_mixin.py:190} INFO - [2024-09-24T23:44:21.149+0000] {dagbag.py:588} INFO - Filling up the DagBag from /home/airflow/.local/lib/python3.12/site-packages/airflow/example_dags/example_complex.py
[2024-09-24T23:44:21.190+0000] {processor.py:925} INFO - DAG(s) 'example_complex' retrieved from /home/airflow/.local/lib/python3.12/site-packages/airflow/example_dags/example_complex.py
[2024-09-24T23:44:21.319+0000] {logging_mixin.py:190} INFO - [2024-09-24T23:44:21.318+0000] {dag.py:3239} INFO - Sync 1 DAGs
[2024-09-24T23:44:21.365+0000] {logging_mixin.py:190} INFO - [2024-09-24T23:44:21.364+0000] {dag.py:4180} INFO - Setting next_dagrun for example_complex to None, run_after=None
[2024-09-24T23:44:21.427+0000] {processor.py:208} INFO - Processing /home/airflow/.local/lib/python3.12/site-packages/airflow/example_dags/example_complex.py took 0.304 seconds
[2024-09-24T23:44:52.466+0000] {processor.py:186} INFO - Started process (PID=3990) to work on /home/airflow/.local/lib/python3.12/site-packages/airflow/example_dags/example_complex.py
[2024-09-24T23:44:52.469+0000] {processor.py:914} INFO - Processing file /home/airflow/.local/lib/python3.12/site-packages/airflow/example_dags/example_complex.py for tasks to queue
[2024-09-24T23:44:52.477+0000] {logging_mixin.py:190} INFO - [2024-09-24T23:44:52.476+0000] {dagbag.py:588} INFO - Filling up the DagBag from /home/airflow/.local/lib/python3.12/site-packages/airflow/example_dags/example_complex.py
[2024-09-24T23:44:52.520+0000] {processor.py:925} INFO - DAG(s) 'example_complex' retrieved from /home/airflow/.local/lib/python3.12/site-packages/airflow/example_dags/example_complex.py
[2024-09-24T23:44:52.622+0000] {logging_mixin.py:190} INFO - [2024-09-24T23:44:52.621+0000] {dag.py:3239} INFO - Sync 1 DAGs
[2024-09-24T23:44:52.663+0000] {logging_mixin.py:190} INFO - [2024-09-24T23:44:52.663+0000] {dag.py:4180} INFO - Setting next_dagrun for example_complex to None, run_after=None
[2024-09-24T23:44:52.720+0000] {processor.py:208} INFO - Processing /home/airflow/.local/lib/python3.12/site-packages/airflow/example_dags/example_complex.py took 0.277 seconds
[2024-09-24T23:45:23.306+0000] {processor.py:186} INFO - Started process (PID=4278) to work on /home/airflow/.local/lib/python3.12/site-packages/airflow/example_dags/example_complex.py
[2024-09-24T23:45:23.308+0000] {processor.py:914} INFO - Processing file /home/airflow/.local/lib/python3.12/site-packages/airflow/example_dags/example_complex.py for tasks to queue
[2024-09-24T23:45:23.312+0000] {logging_mixin.py:190} INFO - [2024-09-24T23:45:23.311+0000] {dagbag.py:588} INFO - Filling up the DagBag from /home/airflow/.local/lib/python3.12/site-packages/airflow/example_dags/example_complex.py
[2024-09-24T23:45:23.334+0000] {processor.py:925} INFO - DAG(s) 'example_complex' retrieved from /home/airflow/.local/lib/python3.12/site-packages/airflow/example_dags/example_complex.py
[2024-09-24T23:45:23.400+0000] {logging_mixin.py:190} INFO - [2024-09-24T23:45:23.400+0000] {dag.py:3239} INFO - Sync 1 DAGs
[2024-09-24T23:45:23.440+0000] {logging_mixin.py:190} INFO - [2024-09-24T23:45:23.439+0000] {dag.py:4180} INFO - Setting next_dagrun for example_complex to None, run_after=None
[2024-09-24T23:45:23.493+0000] {processor.py:208} INFO - Processing /home/airflow/.local/lib/python3.12/site-packages/airflow/example_dags/example_complex.py took 0.200 seconds
[2024-09-24T23:45:53.713+0000] {processor.py:186} INFO - Started process (PID=4562) to work on /home/airflow/.local/lib/python3.12/site-packages/airflow/example_dags/example_complex.py
[2024-09-24T23:45:53.716+0000] {processor.py:914} INFO - Processing file /home/airflow/.local/lib/python3.12/site-packages/airflow/example_dags/example_complex.py for tasks to queue
[2024-09-24T23:45:53.723+0000] {logging_mixin.py:190} INFO - [2024-09-24T23:45:53.722+0000] {dagbag.py:588} INFO - Filling up the DagBag from /home/airflow/.local/lib/python3.12/site-packages/airflow/example_dags/example_complex.py
[2024-09-24T23:45:53.775+0000] {processor.py:925} INFO - DAG(s) 'example_complex' retrieved from /home/airflow/.local/lib/python3.12/site-packages/airflow/example_dags/example_complex.py
[2024-09-24T23:45:53.892+0000] {logging_mixin.py:190} INFO - [2024-09-24T23:45:53.891+0000] {dag.py:3239} INFO - Sync 1 DAGs
[2024-09-24T23:45:53.946+0000] {logging_mixin.py:190} INFO - [2024-09-24T23:45:53.946+0000] {dag.py:4180} INFO - Setting next_dagrun for example_complex to None, run_after=None
[2024-09-24T23:45:54.005+0000] {processor.py:208} INFO - Processing /home/airflow/.local/lib/python3.12/site-packages/airflow/example_dags/example_complex.py took 0.306 seconds
[2024-09-24T23:46:24.456+0000] {processor.py:186} INFO - Started process (PID=4845) to work on /home/airflow/.local/lib/python3.12/site-packages/airflow/example_dags/example_complex.py
[2024-09-24T23:46:24.459+0000] {processor.py:914} INFO - Processing file /home/airflow/.local/lib/python3.12/site-packages/airflow/example_dags/example_complex.py for tasks to queue
[2024-09-24T23:46:24.465+0000] {logging_mixin.py:190} INFO - [2024-09-24T23:46:24.464+0000] {dagbag.py:588} INFO - Filling up the DagBag from /home/airflow/.local/lib/python3.12/site-packages/airflow/example_dags/example_complex.py
[2024-09-24T23:46:24.502+0000] {processor.py:925} INFO - DAG(s) 'example_complex' retrieved from /home/airflow/.local/lib/python3.12/site-packages/airflow/example_dags/example_complex.py
[2024-09-24T23:46:24.576+0000] {logging_mixin.py:190} INFO - [2024-09-24T23:46:24.576+0000] {dag.py:3239} INFO - Sync 1 DAGs
[2024-09-24T23:46:24.606+0000] {logging_mixin.py:190} INFO - [2024-09-24T23:46:24.606+0000] {dag.py:4180} INFO - Setting next_dagrun for example_complex to None, run_after=None
[2024-09-24T23:46:24.645+0000] {processor.py:208} INFO - Processing /home/airflow/.local/lib/python3.12/site-packages/airflow/example_dags/example_complex.py took 0.203 seconds
[2024-09-24T23:46:54.949+0000] {processor.py:186} INFO - Started process (PID=5129) to work on /home/airflow/.local/lib/python3.12/site-packages/airflow/example_dags/example_complex.py
[2024-09-24T23:46:54.952+0000] {processor.py:914} INFO - Processing file /home/airflow/.local/lib/python3.12/site-packages/airflow/example_dags/example_complex.py for tasks to queue
[2024-09-24T23:46:54.959+0000] {logging_mixin.py:190} INFO - [2024-09-24T23:46:54.957+0000] {dagbag.py:588} INFO - Filling up the DagBag from /home/airflow/.local/lib/python3.12/site-packages/airflow/example_dags/example_complex.py
[2024-09-24T23:46:55.006+0000] {processor.py:925} INFO - DAG(s) 'example_complex' retrieved from /home/airflow/.local/lib/python3.12/site-packages/airflow/example_dags/example_complex.py
[2024-09-24T23:46:55.160+0000] {logging_mixin.py:190} INFO - [2024-09-24T23:46:55.159+0000] {dag.py:3239} INFO - Sync 1 DAGs
[2024-09-24T23:46:55.207+0000] {logging_mixin.py:190} INFO - [2024-09-24T23:46:55.207+0000] {dag.py:4180} INFO - Setting next_dagrun for example_complex to None, run_after=None
[2024-09-24T23:46:55.272+0000] {processor.py:208} INFO - Processing /home/airflow/.local/lib/python3.12/site-packages/airflow/example_dags/example_complex.py took 0.347 seconds
[2024-09-24T23:47:25.754+0000] {processor.py:186} INFO - Started process (PID=5415) to work on /home/airflow/.local/lib/python3.12/site-packages/airflow/example_dags/example_complex.py
[2024-09-24T23:47:25.758+0000] {processor.py:914} INFO - Processing file /home/airflow/.local/lib/python3.12/site-packages/airflow/example_dags/example_complex.py for tasks to queue
[2024-09-24T23:47:25.764+0000] {logging_mixin.py:190} INFO - [2024-09-24T23:47:25.763+0000] {dagbag.py:588} INFO - Filling up the DagBag from /home/airflow/.local/lib/python3.12/site-packages/airflow/example_dags/example_complex.py
[2024-09-24T23:47:25.806+0000] {processor.py:925} INFO - DAG(s) 'example_complex' retrieved from /home/airflow/.local/lib/python3.12/site-packages/airflow/example_dags/example_complex.py
[2024-09-24T23:47:25.886+0000] {logging_mixin.py:190} INFO - [2024-09-24T23:47:25.885+0000] {dag.py:3239} INFO - Sync 1 DAGs
[2024-09-24T23:47:25.924+0000] {logging_mixin.py:190} INFO - [2024-09-24T23:47:25.924+0000] {dag.py:4180} INFO - Setting next_dagrun for example_complex to None, run_after=None
[2024-09-24T23:47:26.006+0000] {processor.py:208} INFO - Processing /home/airflow/.local/lib/python3.12/site-packages/airflow/example_dags/example_complex.py took 0.274 seconds
[2024-09-24T23:47:56.412+0000] {processor.py:186} INFO - Started process (PID=5701) to work on /home/airflow/.local/lib/python3.12/site-packages/airflow/example_dags/example_complex.py
[2024-09-24T23:47:56.414+0000] {processor.py:914} INFO - Processing file /home/airflow/.local/lib/python3.12/site-packages/airflow/example_dags/example_complex.py for tasks to queue
[2024-09-24T23:47:56.418+0000] {logging_mixin.py:190} INFO - [2024-09-24T23:47:56.418+0000] {dagbag.py:588} INFO - Filling up the DagBag from /home/airflow/.local/lib/python3.12/site-packages/airflow/example_dags/example_complex.py
[2024-09-24T23:47:56.449+0000] {processor.py:925} INFO - DAG(s) 'example_complex' retrieved from /home/airflow/.local/lib/python3.12/site-packages/airflow/example_dags/example_complex.py
[2024-09-24T23:47:56.518+0000] {logging_mixin.py:190} INFO - [2024-09-24T23:47:56.518+0000] {dag.py:3239} INFO - Sync 1 DAGs
[2024-09-24T23:47:56.554+0000] {logging_mixin.py:190} INFO - [2024-09-24T23:47:56.553+0000] {dag.py:4180} INFO - Setting next_dagrun for example_complex to None, run_after=None
[2024-09-24T23:47:56.601+0000] {processor.py:208} INFO - Processing /home/airflow/.local/lib/python3.12/site-packages/airflow/example_dags/example_complex.py took 0.200 seconds
[2024-09-24T23:48:26.990+0000] {processor.py:186} INFO - Started process (PID=5987) to work on /home/airflow/.local/lib/python3.12/site-packages/airflow/example_dags/example_complex.py
[2024-09-24T23:48:26.993+0000] {processor.py:914} INFO - Processing file /home/airflow/.local/lib/python3.12/site-packages/airflow/example_dags/example_complex.py for tasks to queue
[2024-09-24T23:48:26.997+0000] {logging_mixin.py:190} INFO - [2024-09-24T23:48:26.996+0000] {dagbag.py:588} INFO - Filling up the DagBag from /home/airflow/.local/lib/python3.12/site-packages/airflow/example_dags/example_complex.py
[2024-09-24T23:48:27.026+0000] {processor.py:925} INFO - DAG(s) 'example_complex' retrieved from /home/airflow/.local/lib/python3.12/site-packages/airflow/example_dags/example_complex.py
[2024-09-24T23:48:27.085+0000] {logging_mixin.py:190} INFO - [2024-09-24T23:48:27.085+0000] {dag.py:3239} INFO - Sync 1 DAGs
[2024-09-24T23:48:27.112+0000] {logging_mixin.py:190} INFO - [2024-09-24T23:48:27.112+0000] {dag.py:4180} INFO - Setting next_dagrun for example_complex to None, run_after=None
[2024-09-24T23:48:27.148+0000] {processor.py:208} INFO - Processing /home/airflow/.local/lib/python3.12/site-packages/airflow/example_dags/example_complex.py took 0.168 seconds
[2024-09-24T23:48:57.849+0000] {processor.py:186} INFO - Started process (PID=6275) to work on /home/airflow/.local/lib/python3.12/site-packages/airflow/example_dags/example_complex.py
[2024-09-24T23:48:57.855+0000] {processor.py:914} INFO - Processing file /home/airflow/.local/lib/python3.12/site-packages/airflow/example_dags/example_complex.py for tasks to queue
[2024-09-24T23:48:57.861+0000] {logging_mixin.py:190} INFO - [2024-09-24T23:48:57.860+0000] {dagbag.py:588} INFO - Filling up the DagBag from /home/airflow/.local/lib/python3.12/site-packages/airflow/example_dags/example_complex.py
[2024-09-24T23:48:57.956+0000] {processor.py:925} INFO - DAG(s) 'example_complex' retrieved from /home/airflow/.local/lib/python3.12/site-packages/airflow/example_dags/example_complex.py
[2024-09-24T23:48:58.263+0000] {logging_mixin.py:190} INFO - [2024-09-24T23:48:58.263+0000] {dag.py:3239} INFO - Sync 1 DAGs
[2024-09-24T23:48:58.318+0000] {logging_mixin.py:190} INFO - [2024-09-24T23:48:58.317+0000] {dag.py:4180} INFO - Setting next_dagrun for example_complex to None, run_after=None
[2024-09-24T23:48:58.384+0000] {processor.py:208} INFO - Processing /home/airflow/.local/lib/python3.12/site-packages/airflow/example_dags/example_complex.py took 0.560 seconds
[2024-09-24T23:49:28.961+0000] {processor.py:186} INFO - Started process (PID=6559) to work on /home/airflow/.local/lib/python3.12/site-packages/airflow/example_dags/example_complex.py
[2024-09-24T23:49:28.964+0000] {processor.py:914} INFO - Processing file /home/airflow/.local/lib/python3.12/site-packages/airflow/example_dags/example_complex.py for tasks to queue
[2024-09-24T23:49:28.971+0000] {logging_mixin.py:190} INFO - [2024-09-24T23:49:28.970+0000] {dagbag.py:588} INFO - Filling up the DagBag from /home/airflow/.local/lib/python3.12/site-packages/airflow/example_dags/example_complex.py
[2024-09-24T23:49:29.017+0000] {processor.py:925} INFO - DAG(s) 'example_complex' retrieved from /home/airflow/.local/lib/python3.12/site-packages/airflow/example_dags/example_complex.py
[2024-09-24T23:49:29.168+0000] {logging_mixin.py:190} INFO - [2024-09-24T23:49:29.167+0000] {dag.py:3239} INFO - Sync 1 DAGs
[2024-09-24T23:49:29.236+0000] {logging_mixin.py:190} INFO - [2024-09-24T23:49:29.235+0000] {dag.py:4180} INFO - Setting next_dagrun for example_complex to None, run_after=None
[2024-09-24T23:49:29.337+0000] {processor.py:208} INFO - Processing /home/airflow/.local/lib/python3.12/site-packages/airflow/example_dags/example_complex.py took 0.390 seconds
[2024-09-24T23:49:59.593+0000] {processor.py:186} INFO - Started process (PID=6845) to work on /home/airflow/.local/lib/python3.12/site-packages/airflow/example_dags/example_complex.py
[2024-09-24T23:49:59.595+0000] {processor.py:914} INFO - Processing file /home/airflow/.local/lib/python3.12/site-packages/airflow/example_dags/example_complex.py for tasks to queue
[2024-09-24T23:49:59.600+0000] {logging_mixin.py:190} INFO - [2024-09-24T23:49:59.599+0000] {dagbag.py:588} INFO - Filling up the DagBag from /home/airflow/.local/lib/python3.12/site-packages/airflow/example_dags/example_complex.py
[2024-09-24T23:49:59.632+0000] {processor.py:925} INFO - DAG(s) 'example_complex' retrieved from /home/airflow/.local/lib/python3.12/site-packages/airflow/example_dags/example_complex.py
[2024-09-24T23:49:59.713+0000] {logging_mixin.py:190} INFO - [2024-09-24T23:49:59.712+0000] {dag.py:3239} INFO - Sync 1 DAGs
[2024-09-24T23:49:59.744+0000] {logging_mixin.py:190} INFO - [2024-09-24T23:49:59.744+0000] {dag.py:4180} INFO - Setting next_dagrun for example_complex to None, run_after=None
[2024-09-24T23:49:59.786+0000] {processor.py:208} INFO - Processing /home/airflow/.local/lib/python3.12/site-packages/airflow/example_dags/example_complex.py took 0.209 seconds
[2024-09-24T23:50:30.642+0000] {processor.py:186} INFO - Started process (PID=7131) to work on /home/airflow/.local/lib/python3.12/site-packages/airflow/example_dags/example_complex.py
[2024-09-24T23:50:30.645+0000] {processor.py:914} INFO - Processing file /home/airflow/.local/lib/python3.12/site-packages/airflow/example_dags/example_complex.py for tasks to queue
[2024-09-24T23:50:30.650+0000] {logging_mixin.py:190} INFO - [2024-09-24T23:50:30.649+0000] {dagbag.py:588} INFO - Filling up the DagBag from /home/airflow/.local/lib/python3.12/site-packages/airflow/example_dags/example_complex.py
[2024-09-24T23:50:30.677+0000] {processor.py:925} INFO - DAG(s) 'example_complex' retrieved from /home/airflow/.local/lib/python3.12/site-packages/airflow/example_dags/example_complex.py
[2024-09-24T23:50:30.775+0000] {logging_mixin.py:190} INFO - [2024-09-24T23:50:30.774+0000] {dag.py:3239} INFO - Sync 1 DAGs
[2024-09-24T23:50:30.813+0000] {logging_mixin.py:190} INFO - [2024-09-24T23:50:30.813+0000] {dag.py:4180} INFO - Setting next_dagrun for example_complex to None, run_after=None
[2024-09-24T23:50:30.863+0000] {processor.py:208} INFO - Processing /home/airflow/.local/lib/python3.12/site-packages/airflow/example_dags/example_complex.py took 0.231 seconds
[2024-09-24T23:51:02.043+0000] {processor.py:186} INFO - Started process (PID=7419) to work on /home/airflow/.local/lib/python3.12/site-packages/airflow/example_dags/example_complex.py
[2024-09-24T23:51:02.046+0000] {processor.py:914} INFO - Processing file /home/airflow/.local/lib/python3.12/site-packages/airflow/example_dags/example_complex.py for tasks to queue
[2024-09-24T23:51:02.053+0000] {logging_mixin.py:190} INFO - [2024-09-24T23:51:02.053+0000] {dagbag.py:588} INFO - Filling up the DagBag from /home/airflow/.local/lib/python3.12/site-packages/airflow/example_dags/example_complex.py
[2024-09-24T23:51:02.118+0000] {processor.py:925} INFO - DAG(s) 'example_complex' retrieved from /home/airflow/.local/lib/python3.12/site-packages/airflow/example_dags/example_complex.py
[2024-09-24T23:51:02.255+0000] {logging_mixin.py:190} INFO - [2024-09-24T23:51:02.254+0000] {dag.py:3239} INFO - Sync 1 DAGs
[2024-09-24T23:51:02.342+0000] {logging_mixin.py:190} INFO - [2024-09-24T23:51:02.341+0000] {dag.py:4180} INFO - Setting next_dagrun for example_complex to None, run_after=None
[2024-09-24T23:51:02.432+0000] {processor.py:208} INFO - Processing /home/airflow/.local/lib/python3.12/site-packages/airflow/example_dags/example_complex.py took 0.410 seconds
[2024-09-24T23:51:33.042+0000] {processor.py:186} INFO - Started process (PID=7711) to work on /home/airflow/.local/lib/python3.12/site-packages/airflow/example_dags/example_complex.py
[2024-09-24T23:51:33.045+0000] {processor.py:914} INFO - Processing file /home/airflow/.local/lib/python3.12/site-packages/airflow/example_dags/example_complex.py for tasks to queue
[2024-09-24T23:51:33.049+0000] {logging_mixin.py:190} INFO - [2024-09-24T23:51:33.048+0000] {dagbag.py:588} INFO - Filling up the DagBag from /home/airflow/.local/lib/python3.12/site-packages/airflow/example_dags/example_complex.py
[2024-09-24T23:51:33.072+0000] {processor.py:925} INFO - DAG(s) 'example_complex' retrieved from /home/airflow/.local/lib/python3.12/site-packages/airflow/example_dags/example_complex.py
[2024-09-24T23:51:33.155+0000] {logging_mixin.py:190} INFO - [2024-09-24T23:51:33.154+0000] {dag.py:3239} INFO - Sync 1 DAGs
[2024-09-24T23:51:33.189+0000] {logging_mixin.py:190} INFO - [2024-09-24T23:51:33.189+0000] {dag.py:4180} INFO - Setting next_dagrun for example_complex to None, run_after=None
[2024-09-24T23:51:33.235+0000] {processor.py:208} INFO - Processing /home/airflow/.local/lib/python3.12/site-packages/airflow/example_dags/example_complex.py took 0.205 seconds
[2024-09-24T23:52:03.483+0000] {processor.py:186} INFO - Started process (PID=7998) to work on /home/airflow/.local/lib/python3.12/site-packages/airflow/example_dags/example_complex.py
[2024-09-24T23:52:03.485+0000] {processor.py:914} INFO - Processing file /home/airflow/.local/lib/python3.12/site-packages/airflow/example_dags/example_complex.py for tasks to queue
[2024-09-24T23:52:03.489+0000] {logging_mixin.py:190} INFO - [2024-09-24T23:52:03.488+0000] {dagbag.py:588} INFO - Filling up the DagBag from /home/airflow/.local/lib/python3.12/site-packages/airflow/example_dags/example_complex.py
[2024-09-24T23:52:03.511+0000] {processor.py:925} INFO - DAG(s) 'example_complex' retrieved from /home/airflow/.local/lib/python3.12/site-packages/airflow/example_dags/example_complex.py
[2024-09-24T23:52:03.579+0000] {logging_mixin.py:190} INFO - [2024-09-24T23:52:03.579+0000] {dag.py:3239} INFO - Sync 1 DAGs
[2024-09-24T23:52:03.605+0000] {logging_mixin.py:190} INFO - [2024-09-24T23:52:03.605+0000] {dag.py:4180} INFO - Setting next_dagrun for example_complex to None, run_after=None
[2024-09-24T23:52:03.649+0000] {processor.py:208} INFO - Processing /home/airflow/.local/lib/python3.12/site-packages/airflow/example_dags/example_complex.py took 0.176 seconds
[2024-09-24T23:52:34.451+0000] {processor.py:186} INFO - Started process (PID=8284) to work on /home/airflow/.local/lib/python3.12/site-packages/airflow/example_dags/example_complex.py
[2024-09-24T23:52:34.453+0000] {processor.py:914} INFO - Processing file /home/airflow/.local/lib/python3.12/site-packages/airflow/example_dags/example_complex.py for tasks to queue
[2024-09-24T23:52:34.459+0000] {logging_mixin.py:190} INFO - [2024-09-24T23:52:34.458+0000] {dagbag.py:588} INFO - Filling up the DagBag from /home/airflow/.local/lib/python3.12/site-packages/airflow/example_dags/example_complex.py
[2024-09-24T23:52:34.490+0000] {processor.py:925} INFO - DAG(s) 'example_complex' retrieved from /home/airflow/.local/lib/python3.12/site-packages/airflow/example_dags/example_complex.py
[2024-09-24T23:52:34.586+0000] {logging_mixin.py:190} INFO - [2024-09-24T23:52:34.585+0000] {dag.py:3239} INFO - Sync 1 DAGs
[2024-09-24T23:52:34.628+0000] {logging_mixin.py:190} INFO - [2024-09-24T23:52:34.628+0000] {dag.py:4180} INFO - Setting next_dagrun for example_complex to None, run_after=None
[2024-09-24T23:52:34.679+0000] {processor.py:208} INFO - Processing /home/airflow/.local/lib/python3.12/site-packages/airflow/example_dags/example_complex.py took 0.242 seconds
[2024-09-24T23:53:04.771+0000] {processor.py:186} INFO - Started process (PID=8570) to work on /home/airflow/.local/lib/python3.12/site-packages/airflow/example_dags/example_complex.py
[2024-09-24T23:53:04.773+0000] {processor.py:914} INFO - Processing file /home/airflow/.local/lib/python3.12/site-packages/airflow/example_dags/example_complex.py for tasks to queue
[2024-09-24T23:53:04.777+0000] {logging_mixin.py:190} INFO - [2024-09-24T23:53:04.776+0000] {dagbag.py:588} INFO - Filling up the DagBag from /home/airflow/.local/lib/python3.12/site-packages/airflow/example_dags/example_complex.py
[2024-09-24T23:53:04.808+0000] {processor.py:925} INFO - DAG(s) 'example_complex' retrieved from /home/airflow/.local/lib/python3.12/site-packages/airflow/example_dags/example_complex.py
[2024-09-24T23:53:04.883+0000] {logging_mixin.py:190} INFO - [2024-09-24T23:53:04.883+0000] {dag.py:3239} INFO - Sync 1 DAGs
[2024-09-24T23:53:04.918+0000] {logging_mixin.py:190} INFO - [2024-09-24T23:53:04.917+0000] {dag.py:4180} INFO - Setting next_dagrun for example_complex to None, run_after=None
[2024-09-24T23:53:04.963+0000] {processor.py:208} INFO - Processing /home/airflow/.local/lib/python3.12/site-packages/airflow/example_dags/example_complex.py took 0.203 seconds
[2024-09-24T23:53:35.211+0000] {processor.py:186} INFO - Started process (PID=8856) to work on /home/airflow/.local/lib/python3.12/site-packages/airflow/example_dags/example_complex.py
[2024-09-24T23:53:35.213+0000] {processor.py:914} INFO - Processing file /home/airflow/.local/lib/python3.12/site-packages/airflow/example_dags/example_complex.py for tasks to queue
[2024-09-24T23:53:35.218+0000] {logging_mixin.py:190} INFO - [2024-09-24T23:53:35.217+0000] {dagbag.py:588} INFO - Filling up the DagBag from /home/airflow/.local/lib/python3.12/site-packages/airflow/example_dags/example_complex.py
[2024-09-24T23:53:35.243+0000] {processor.py:925} INFO - DAG(s) 'example_complex' retrieved from /home/airflow/.local/lib/python3.12/site-packages/airflow/example_dags/example_complex.py
[2024-09-24T23:53:35.304+0000] {logging_mixin.py:190} INFO - [2024-09-24T23:53:35.303+0000] {dag.py:3239} INFO - Sync 1 DAGs
[2024-09-24T23:53:35.332+0000] {logging_mixin.py:190} INFO - [2024-09-24T23:53:35.332+0000] {dag.py:4180} INFO - Setting next_dagrun for example_complex to None, run_after=None
[2024-09-24T23:53:35.371+0000] {processor.py:208} INFO - Processing /home/airflow/.local/lib/python3.12/site-packages/airflow/example_dags/example_complex.py took 0.171 seconds
[2024-09-24T23:54:05.756+0000] {processor.py:186} INFO - Started process (PID=9142) to work on /home/airflow/.local/lib/python3.12/site-packages/airflow/example_dags/example_complex.py
[2024-09-24T23:54:05.757+0000] {processor.py:914} INFO - Processing file /home/airflow/.local/lib/python3.12/site-packages/airflow/example_dags/example_complex.py for tasks to queue
[2024-09-24T23:54:05.761+0000] {logging_mixin.py:190} INFO - [2024-09-24T23:54:05.760+0000] {dagbag.py:588} INFO - Filling up the DagBag from /home/airflow/.local/lib/python3.12/site-packages/airflow/example_dags/example_complex.py
[2024-09-24T23:54:05.787+0000] {processor.py:925} INFO - DAG(s) 'example_complex' retrieved from /home/airflow/.local/lib/python3.12/site-packages/airflow/example_dags/example_complex.py
[2024-09-24T23:54:05.848+0000] {logging_mixin.py:190} INFO - [2024-09-24T23:54:05.848+0000] {dag.py:3239} INFO - Sync 1 DAGs
[2024-09-24T23:54:05.881+0000] {logging_mixin.py:190} INFO - [2024-09-24T23:54:05.881+0000] {dag.py:4180} INFO - Setting next_dagrun for example_complex to None, run_after=None
[2024-09-24T23:54:05.922+0000] {processor.py:208} INFO - Processing /home/airflow/.local/lib/python3.12/site-packages/airflow/example_dags/example_complex.py took 0.175 seconds
[2024-09-24T23:54:36.561+0000] {processor.py:186} INFO - Started process (PID=9428) to work on /home/airflow/.local/lib/python3.12/site-packages/airflow/example_dags/example_complex.py
[2024-09-24T23:54:36.563+0000] {processor.py:914} INFO - Processing file /home/airflow/.local/lib/python3.12/site-packages/airflow/example_dags/example_complex.py for tasks to queue
[2024-09-24T23:54:36.567+0000] {logging_mixin.py:190} INFO - [2024-09-24T23:54:36.566+0000] {dagbag.py:588} INFO - Filling up the DagBag from /home/airflow/.local/lib/python3.12/site-packages/airflow/example_dags/example_complex.py
[2024-09-24T23:54:36.589+0000] {processor.py:925} INFO - DAG(s) 'example_complex' retrieved from /home/airflow/.local/lib/python3.12/site-packages/airflow/example_dags/example_complex.py
[2024-09-24T23:54:36.664+0000] {logging_mixin.py:190} INFO - [2024-09-24T23:54:36.663+0000] {dag.py:3239} INFO - Sync 1 DAGs
[2024-09-24T23:54:36.693+0000] {logging_mixin.py:190} INFO - [2024-09-24T23:54:36.693+0000] {dag.py:4180} INFO - Setting next_dagrun for example_complex to None, run_after=None
[2024-09-24T23:54:36.734+0000] {processor.py:208} INFO - Processing /home/airflow/.local/lib/python3.12/site-packages/airflow/example_dags/example_complex.py took 0.185 seconds
[2024-09-24T23:55:07.120+0000] {processor.py:186} INFO - Started process (PID=9717) to work on /home/airflow/.local/lib/python3.12/site-packages/airflow/example_dags/example_complex.py
[2024-09-24T23:55:07.123+0000] {processor.py:914} INFO - Processing file /home/airflow/.local/lib/python3.12/site-packages/airflow/example_dags/example_complex.py for tasks to queue
[2024-09-24T23:55:07.138+0000] {logging_mixin.py:190} INFO - [2024-09-24T23:55:07.136+0000] {dagbag.py:588} INFO - Filling up the DagBag from /home/airflow/.local/lib/python3.12/site-packages/airflow/example_dags/example_complex.py
[2024-09-24T23:55:07.201+0000] {processor.py:925} INFO - DAG(s) 'example_complex' retrieved from /home/airflow/.local/lib/python3.12/site-packages/airflow/example_dags/example_complex.py
[2024-09-24T23:55:07.362+0000] {logging_mixin.py:190} INFO - [2024-09-24T23:55:07.361+0000] {dag.py:3239} INFO - Sync 1 DAGs
[2024-09-24T23:55:07.416+0000] {logging_mixin.py:190} INFO - [2024-09-24T23:55:07.415+0000] {dag.py:4180} INFO - Setting next_dagrun for example_complex to None, run_after=None
[2024-09-24T23:55:07.491+0000] {processor.py:208} INFO - Processing /home/airflow/.local/lib/python3.12/site-packages/airflow/example_dags/example_complex.py took 0.393 seconds
[2024-09-24T23:55:38.316+0000] {processor.py:186} INFO - Started process (PID=9993) to work on /home/airflow/.local/lib/python3.12/site-packages/airflow/example_dags/example_complex.py
[2024-09-24T23:55:38.320+0000] {processor.py:914} INFO - Processing file /home/airflow/.local/lib/python3.12/site-packages/airflow/example_dags/example_complex.py for tasks to queue
[2024-09-24T23:55:38.328+0000] {logging_mixin.py:190} INFO - [2024-09-24T23:55:38.327+0000] {dagbag.py:588} INFO - Filling up the DagBag from /home/airflow/.local/lib/python3.12/site-packages/airflow/example_dags/example_complex.py
[2024-09-24T23:55:38.366+0000] {processor.py:925} INFO - DAG(s) 'example_complex' retrieved from /home/airflow/.local/lib/python3.12/site-packages/airflow/example_dags/example_complex.py
[2024-09-24T23:55:38.457+0000] {logging_mixin.py:190} INFO - [2024-09-24T23:55:38.456+0000] {dag.py:3239} INFO - Sync 1 DAGs
[2024-09-24T23:55:38.503+0000] {logging_mixin.py:190} INFO - [2024-09-24T23:55:38.502+0000] {dag.py:4180} INFO - Setting next_dagrun for example_complex to None, run_after=None
[2024-09-24T23:55:38.588+0000] {processor.py:208} INFO - Processing /home/airflow/.local/lib/python3.12/site-packages/airflow/example_dags/example_complex.py took 0.294 seconds
[2024-09-24T23:56:08.940+0000] {processor.py:186} INFO - Started process (PID=10276) to work on /home/airflow/.local/lib/python3.12/site-packages/airflow/example_dags/example_complex.py
[2024-09-24T23:56:08.942+0000] {processor.py:914} INFO - Processing file /home/airflow/.local/lib/python3.12/site-packages/airflow/example_dags/example_complex.py for tasks to queue
[2024-09-24T23:56:08.951+0000] {logging_mixin.py:190} INFO - [2024-09-24T23:56:08.950+0000] {dagbag.py:588} INFO - Filling up the DagBag from /home/airflow/.local/lib/python3.12/site-packages/airflow/example_dags/example_complex.py
[2024-09-24T23:56:08.988+0000] {processor.py:925} INFO - DAG(s) 'example_complex' retrieved from /home/airflow/.local/lib/python3.12/site-packages/airflow/example_dags/example_complex.py
[2024-09-24T23:56:09.123+0000] {logging_mixin.py:190} INFO - [2024-09-24T23:56:09.122+0000] {dag.py:3239} INFO - Sync 1 DAGs
[2024-09-24T23:56:09.183+0000] {logging_mixin.py:190} INFO - [2024-09-24T23:56:09.182+0000] {dag.py:4180} INFO - Setting next_dagrun for example_complex to None, run_after=None
[2024-09-24T23:56:09.241+0000] {processor.py:208} INFO - Processing /home/airflow/.local/lib/python3.12/site-packages/airflow/example_dags/example_complex.py took 0.321 seconds
