[2024-09-24T23:38:18.330+0000] {processor.py:186} INFO - Started process (PID=366) to work on /home/airflow/.local/lib/python3.12/site-packages/airflow/example_dags/example_dataset_alias.py
[2024-09-24T23:38:18.333+0000] {processor.py:914} INFO - Processing file /home/airflow/.local/lib/python3.12/site-packages/airflow/example_dags/example_dataset_alias.py for tasks to queue
[2024-09-24T23:38:18.340+0000] {logging_mixin.py:190} INFO - [2024-09-24T23:38:18.339+0000] {dagbag.py:588} INFO - Filling up the DagBag from /home/airflow/.local/lib/python3.12/site-packages/airflow/example_dags/example_dataset_alias.py
[2024-09-24T23:38:19.160+0000] {processor.py:925} INFO - DAG(s) 'dataset_alias_example_alias_consumer', 'dataset_s3_bucket_consumer', 'dataset_s3_bucket_producer', 'dataset_alias_example_alias_producer' retrieved from /home/airflow/.local/lib/python3.12/site-packages/airflow/example_dags/example_dataset_alias.py
[2024-09-24T23:38:20.034+0000] {logging_mixin.py:190} INFO - [2024-09-24T23:38:20.031+0000] {override.py:1900} INFO - Created Permission View: can edit on DAG:dataset_alias_example_alias_consumer
[2024-09-24T23:38:20.083+0000] {logging_mixin.py:190} INFO - [2024-09-24T23:38:20.082+0000] {override.py:1900} INFO - Created Permission View: can read on DAG:dataset_alias_example_alias_consumer
[2024-09-24T23:38:20.111+0000] {logging_mixin.py:190} INFO - [2024-09-24T23:38:20.110+0000] {override.py:1900} INFO - Created Permission View: can delete on DAG:dataset_alias_example_alias_consumer
[2024-09-24T23:38:20.143+0000] {logging_mixin.py:190} INFO - [2024-09-24T23:38:20.143+0000] {override.py:1900} INFO - Created Permission View: can read on DAG Run:dataset_alias_example_alias_consumer
[2024-09-24T23:38:20.173+0000] {logging_mixin.py:190} INFO - [2024-09-24T23:38:20.172+0000] {override.py:1900} INFO - Created Permission View: menu access on DAG Run:dataset_alias_example_alias_consumer
[2024-09-24T23:38:20.220+0000] {logging_mixin.py:190} INFO - [2024-09-24T23:38:20.218+0000] {override.py:1900} INFO - Created Permission View: can delete on DAG Run:dataset_alias_example_alias_consumer
[2024-09-24T23:38:20.268+0000] {logging_mixin.py:190} INFO - [2024-09-24T23:38:20.267+0000] {override.py:1900} INFO - Created Permission View: can create on DAG Run:dataset_alias_example_alias_consumer
[2024-09-24T23:38:20.333+0000] {logging_mixin.py:190} INFO - [2024-09-24T23:38:20.332+0000] {override.py:1900} INFO - Created Permission View: can edit on DAG:dataset_s3_bucket_consumer
[2024-09-24T23:38:20.359+0000] {logging_mixin.py:190} INFO - [2024-09-24T23:38:20.358+0000] {override.py:1900} INFO - Created Permission View: can read on DAG:dataset_s3_bucket_consumer
[2024-09-24T23:38:20.387+0000] {logging_mixin.py:190} INFO - [2024-09-24T23:38:20.386+0000] {override.py:1900} INFO - Created Permission View: can delete on DAG:dataset_s3_bucket_consumer
[2024-09-24T23:38:20.443+0000] {logging_mixin.py:190} INFO - [2024-09-24T23:38:20.442+0000] {override.py:1900} INFO - Created Permission View: can read on DAG Run:dataset_s3_bucket_consumer
[2024-09-24T23:38:20.471+0000] {logging_mixin.py:190} INFO - [2024-09-24T23:38:20.471+0000] {override.py:1900} INFO - Created Permission View: menu access on DAG Run:dataset_s3_bucket_consumer
[2024-09-24T23:38:20.503+0000] {logging_mixin.py:190} INFO - [2024-09-24T23:38:20.502+0000] {override.py:1900} INFO - Created Permission View: can delete on DAG Run:dataset_s3_bucket_consumer
[2024-09-24T23:38:20.544+0000] {logging_mixin.py:190} INFO - [2024-09-24T23:38:20.540+0000] {override.py:1900} INFO - Created Permission View: can create on DAG Run:dataset_s3_bucket_consumer
[2024-09-24T23:38:20.615+0000] {logging_mixin.py:190} INFO - [2024-09-24T23:38:20.614+0000] {override.py:1900} INFO - Created Permission View: can edit on DAG:dataset_s3_bucket_producer
[2024-09-24T23:38:20.648+0000] {logging_mixin.py:190} INFO - [2024-09-24T23:38:20.647+0000] {override.py:1900} INFO - Created Permission View: can read on DAG:dataset_s3_bucket_producer
[2024-09-24T23:38:20.676+0000] {logging_mixin.py:190} INFO - [2024-09-24T23:38:20.675+0000] {override.py:1900} INFO - Created Permission View: can delete on DAG:dataset_s3_bucket_producer
[2024-09-24T23:38:20.703+0000] {logging_mixin.py:190} INFO - [2024-09-24T23:38:20.702+0000] {override.py:1900} INFO - Created Permission View: can read on DAG Run:dataset_s3_bucket_producer
[2024-09-24T23:38:20.728+0000] {logging_mixin.py:190} INFO - [2024-09-24T23:38:20.727+0000] {override.py:1900} INFO - Created Permission View: menu access on DAG Run:dataset_s3_bucket_producer
[2024-09-24T23:38:20.753+0000] {logging_mixin.py:190} INFO - [2024-09-24T23:38:20.752+0000] {override.py:1900} INFO - Created Permission View: can delete on DAG Run:dataset_s3_bucket_producer
[2024-09-24T23:38:20.779+0000] {logging_mixin.py:190} INFO - [2024-09-24T23:38:20.778+0000] {override.py:1900} INFO - Created Permission View: can create on DAG Run:dataset_s3_bucket_producer
[2024-09-24T23:38:20.836+0000] {logging_mixin.py:190} INFO - [2024-09-24T23:38:20.835+0000] {override.py:1900} INFO - Created Permission View: can edit on DAG:dataset_alias_example_alias_producer
[2024-09-24T23:38:20.881+0000] {logging_mixin.py:190} INFO - [2024-09-24T23:38:20.880+0000] {override.py:1900} INFO - Created Permission View: can read on DAG:dataset_alias_example_alias_producer
[2024-09-24T23:38:20.925+0000] {logging_mixin.py:190} INFO - [2024-09-24T23:38:20.924+0000] {override.py:1900} INFO - Created Permission View: can delete on DAG:dataset_alias_example_alias_producer
[2024-09-24T23:38:20.956+0000] {logging_mixin.py:190} INFO - [2024-09-24T23:38:20.955+0000] {override.py:1900} INFO - Created Permission View: can read on DAG Run:dataset_alias_example_alias_producer
[2024-09-24T23:38:20.989+0000] {logging_mixin.py:190} INFO - [2024-09-24T23:38:20.988+0000] {override.py:1900} INFO - Created Permission View: menu access on DAG Run:dataset_alias_example_alias_producer
[2024-09-24T23:38:21.014+0000] {logging_mixin.py:190} INFO - [2024-09-24T23:38:21.013+0000] {override.py:1900} INFO - Created Permission View: can delete on DAG Run:dataset_alias_example_alias_producer
[2024-09-24T23:38:21.038+0000] {logging_mixin.py:190} INFO - [2024-09-24T23:38:21.037+0000] {override.py:1900} INFO - Created Permission View: can create on DAG Run:dataset_alias_example_alias_producer
[2024-09-24T23:38:21.040+0000] {logging_mixin.py:190} INFO - [2024-09-24T23:38:21.039+0000] {dag.py:3239} INFO - Sync 4 DAGs
[2024-09-24T23:38:21.103+0000] {logging_mixin.py:190} INFO - [2024-09-24T23:38:21.102+0000] {dag.py:3262} INFO - Creating ORM DAG for dataset_alias_example_alias_producer
[2024-09-24T23:38:21.107+0000] {logging_mixin.py:190} INFO - [2024-09-24T23:38:21.107+0000] {dag.py:3262} INFO - Creating ORM DAG for dataset_alias_example_alias_consumer
[2024-09-24T23:38:21.111+0000] {logging_mixin.py:190} INFO - [2024-09-24T23:38:21.110+0000] {dag.py:3262} INFO - Creating ORM DAG for dataset_s3_bucket_consumer
[2024-09-24T23:38:21.121+0000] {logging_mixin.py:190} INFO - [2024-09-24T23:38:21.115+0000] {dag.py:3262} INFO - Creating ORM DAG for dataset_s3_bucket_producer
[2024-09-24T23:38:21.196+0000] {logging_mixin.py:190} INFO - [2024-09-24T23:38:21.195+0000] {dag.py:4180} INFO - Setting next_dagrun for dataset_alias_example_alias_consumer to None, run_after=None
[2024-09-24T23:38:21.207+0000] {logging_mixin.py:190} INFO - [2024-09-24T23:38:21.202+0000] {dag.py:4180} INFO - Setting next_dagrun for dataset_alias_example_alias_producer to None, run_after=None
[2024-09-24T23:38:21.211+0000] {logging_mixin.py:190} INFO - [2024-09-24T23:38:21.210+0000] {dag.py:4180} INFO - Setting next_dagrun for dataset_s3_bucket_consumer to None, run_after=None
[2024-09-24T23:38:21.214+0000] {logging_mixin.py:190} INFO - [2024-09-24T23:38:21.214+0000] {dag.py:4180} INFO - Setting next_dagrun for dataset_s3_bucket_producer to None, run_after=None
[2024-09-24T23:38:21.321+0000] {processor.py:208} INFO - Processing /home/airflow/.local/lib/python3.12/site-packages/airflow/example_dags/example_dataset_alias.py took 3.008 seconds
[2024-09-24T23:38:51.660+0000] {processor.py:186} INFO - Started process (PID=659) to work on /home/airflow/.local/lib/python3.12/site-packages/airflow/example_dags/example_dataset_alias.py
[2024-09-24T23:38:51.664+0000] {processor.py:914} INFO - Processing file /home/airflow/.local/lib/python3.12/site-packages/airflow/example_dags/example_dataset_alias.py for tasks to queue
[2024-09-24T23:38:51.673+0000] {logging_mixin.py:190} INFO - [2024-09-24T23:38:51.672+0000] {dagbag.py:588} INFO - Filling up the DagBag from /home/airflow/.local/lib/python3.12/site-packages/airflow/example_dags/example_dataset_alias.py
[2024-09-24T23:38:52.588+0000] {processor.py:925} INFO - DAG(s) 'dataset_alias_example_alias_consumer', 'dataset_alias_example_alias_producer', 'dataset_s3_bucket_producer', 'dataset_s3_bucket_consumer' retrieved from /home/airflow/.local/lib/python3.12/site-packages/airflow/example_dags/example_dataset_alias.py
[2024-09-24T23:38:52.683+0000] {logging_mixin.py:190} INFO - [2024-09-24T23:38:52.682+0000] {dag.py:3239} INFO - Sync 4 DAGs
[2024-09-24T23:38:52.814+0000] {logging_mixin.py:190} INFO - [2024-09-24T23:38:52.813+0000] {dag.py:4180} INFO - Setting next_dagrun for dataset_alias_example_alias_consumer to None, run_after=None
[2024-09-24T23:38:52.836+0000] {logging_mixin.py:190} INFO - [2024-09-24T23:38:52.836+0000] {dag.py:4180} INFO - Setting next_dagrun for dataset_alias_example_alias_producer to None, run_after=None
[2024-09-24T23:38:52.843+0000] {logging_mixin.py:190} INFO - [2024-09-24T23:38:52.843+0000] {dag.py:4180} INFO - Setting next_dagrun for dataset_s3_bucket_consumer to None, run_after=None
[2024-09-24T23:38:52.848+0000] {logging_mixin.py:190} INFO - [2024-09-24T23:38:52.848+0000] {dag.py:4180} INFO - Setting next_dagrun for dataset_s3_bucket_producer to None, run_after=None
[2024-09-24T23:38:52.983+0000] {processor.py:208} INFO - Processing /home/airflow/.local/lib/python3.12/site-packages/airflow/example_dags/example_dataset_alias.py took 1.349 seconds
[2024-09-24T23:39:23.495+0000] {processor.py:186} INFO - Started process (PID=944) to work on /home/airflow/.local/lib/python3.12/site-packages/airflow/example_dags/example_dataset_alias.py
[2024-09-24T23:39:23.498+0000] {processor.py:914} INFO - Processing file /home/airflow/.local/lib/python3.12/site-packages/airflow/example_dags/example_dataset_alias.py for tasks to queue
[2024-09-24T23:39:23.502+0000] {logging_mixin.py:190} INFO - [2024-09-24T23:39:23.502+0000] {dagbag.py:588} INFO - Filling up the DagBag from /home/airflow/.local/lib/python3.12/site-packages/airflow/example_dags/example_dataset_alias.py
[2024-09-24T23:39:24.163+0000] {processor.py:925} INFO - DAG(s) 'dataset_alias_example_alias_consumer', 'dataset_s3_bucket_consumer', 'dataset_s3_bucket_producer', 'dataset_alias_example_alias_producer' retrieved from /home/airflow/.local/lib/python3.12/site-packages/airflow/example_dags/example_dataset_alias.py
[2024-09-24T23:39:24.319+0000] {logging_mixin.py:190} INFO - [2024-09-24T23:39:24.319+0000] {dag.py:3239} INFO - Sync 4 DAGs
[2024-09-24T23:39:24.480+0000] {logging_mixin.py:190} INFO - [2024-09-24T23:39:24.479+0000] {dag.py:4180} INFO - Setting next_dagrun for dataset_alias_example_alias_consumer to None, run_after=None
[2024-09-24T23:39:24.495+0000] {logging_mixin.py:190} INFO - [2024-09-24T23:39:24.494+0000] {dag.py:4180} INFO - Setting next_dagrun for dataset_alias_example_alias_producer to None, run_after=None
[2024-09-24T23:39:24.506+0000] {logging_mixin.py:190} INFO - [2024-09-24T23:39:24.500+0000] {dag.py:4180} INFO - Setting next_dagrun for dataset_s3_bucket_consumer to None, run_after=None
[2024-09-24T23:39:24.513+0000] {logging_mixin.py:190} INFO - [2024-09-24T23:39:24.512+0000] {dag.py:4180} INFO - Setting next_dagrun for dataset_s3_bucket_producer to None, run_after=None
[2024-09-24T23:39:24.644+0000] {processor.py:208} INFO - Processing /home/airflow/.local/lib/python3.12/site-packages/airflow/example_dags/example_dataset_alias.py took 1.160 seconds
[2024-09-24T23:39:54.922+0000] {processor.py:186} INFO - Started process (PID=1240) to work on /home/airflow/.local/lib/python3.12/site-packages/airflow/example_dags/example_dataset_alias.py
[2024-09-24T23:39:54.924+0000] {processor.py:914} INFO - Processing file /home/airflow/.local/lib/python3.12/site-packages/airflow/example_dags/example_dataset_alias.py for tasks to queue
[2024-09-24T23:39:54.929+0000] {logging_mixin.py:190} INFO - [2024-09-24T23:39:54.928+0000] {dagbag.py:588} INFO - Filling up the DagBag from /home/airflow/.local/lib/python3.12/site-packages/airflow/example_dags/example_dataset_alias.py
[2024-09-24T23:39:55.211+0000] {processor.py:925} INFO - DAG(s) 'dataset_alias_example_alias_consumer', 'dataset_s3_bucket_consumer', 'dataset_alias_example_alias_producer', 'dataset_s3_bucket_producer' retrieved from /home/airflow/.local/lib/python3.12/site-packages/airflow/example_dags/example_dataset_alias.py
[2024-09-24T23:39:55.261+0000] {logging_mixin.py:190} INFO - [2024-09-24T23:39:55.261+0000] {dag.py:3239} INFO - Sync 4 DAGs
[2024-09-24T23:39:55.307+0000] {logging_mixin.py:190} INFO - [2024-09-24T23:39:55.307+0000] {dag.py:4180} INFO - Setting next_dagrun for dataset_alias_example_alias_consumer to None, run_after=None
[2024-09-24T23:39:55.313+0000] {logging_mixin.py:190} INFO - [2024-09-24T23:39:55.313+0000] {dag.py:4180} INFO - Setting next_dagrun for dataset_alias_example_alias_producer to None, run_after=None
[2024-09-24T23:39:55.317+0000] {logging_mixin.py:190} INFO - [2024-09-24T23:39:55.316+0000] {dag.py:4180} INFO - Setting next_dagrun for dataset_s3_bucket_consumer to None, run_after=None
[2024-09-24T23:39:55.320+0000] {logging_mixin.py:190} INFO - [2024-09-24T23:39:55.320+0000] {dag.py:4180} INFO - Setting next_dagrun for dataset_s3_bucket_producer to None, run_after=None
[2024-09-24T23:39:55.366+0000] {processor.py:208} INFO - Processing /home/airflow/.local/lib/python3.12/site-packages/airflow/example_dags/example_dataset_alias.py took 0.455 seconds
[2024-09-24T23:40:25.504+0000] {processor.py:186} INFO - Started process (PID=1526) to work on /home/airflow/.local/lib/python3.12/site-packages/airflow/example_dags/example_dataset_alias.py
[2024-09-24T23:40:25.506+0000] {processor.py:914} INFO - Processing file /home/airflow/.local/lib/python3.12/site-packages/airflow/example_dags/example_dataset_alias.py for tasks to queue
[2024-09-24T23:40:25.513+0000] {logging_mixin.py:190} INFO - [2024-09-24T23:40:25.512+0000] {dagbag.py:588} INFO - Filling up the DagBag from /home/airflow/.local/lib/python3.12/site-packages/airflow/example_dags/example_dataset_alias.py
[2024-09-24T23:40:25.846+0000] {processor.py:925} INFO - DAG(s) 'dataset_alias_example_alias_producer', 'dataset_s3_bucket_producer', 'dataset_s3_bucket_consumer', 'dataset_alias_example_alias_consumer' retrieved from /home/airflow/.local/lib/python3.12/site-packages/airflow/example_dags/example_dataset_alias.py
[2024-09-24T23:40:25.904+0000] {logging_mixin.py:190} INFO - [2024-09-24T23:40:25.903+0000] {dag.py:3239} INFO - Sync 4 DAGs
[2024-09-24T23:40:25.955+0000] {logging_mixin.py:190} INFO - [2024-09-24T23:40:25.955+0000] {dag.py:4180} INFO - Setting next_dagrun for dataset_alias_example_alias_consumer to None, run_after=None
[2024-09-24T23:40:25.962+0000] {logging_mixin.py:190} INFO - [2024-09-24T23:40:25.961+0000] {dag.py:4180} INFO - Setting next_dagrun for dataset_alias_example_alias_producer to None, run_after=None
[2024-09-24T23:40:25.965+0000] {logging_mixin.py:190} INFO - [2024-09-24T23:40:25.965+0000] {dag.py:4180} INFO - Setting next_dagrun for dataset_s3_bucket_consumer to None, run_after=None
[2024-09-24T23:40:25.970+0000] {logging_mixin.py:190} INFO - [2024-09-24T23:40:25.969+0000] {dag.py:4180} INFO - Setting next_dagrun for dataset_s3_bucket_producer to None, run_after=None
[2024-09-24T23:40:26.029+0000] {processor.py:208} INFO - Processing /home/airflow/.local/lib/python3.12/site-packages/airflow/example_dags/example_dataset_alias.py took 0.539 seconds
[2024-09-24T23:40:56.811+0000] {processor.py:186} INFO - Started process (PID=1811) to work on /home/airflow/.local/lib/python3.12/site-packages/airflow/example_dags/example_dataset_alias.py
[2024-09-24T23:40:56.830+0000] {processor.py:914} INFO - Processing file /home/airflow/.local/lib/python3.12/site-packages/airflow/example_dags/example_dataset_alias.py for tasks to queue
[2024-09-24T23:40:56.846+0000] {logging_mixin.py:190} INFO - [2024-09-24T23:40:56.845+0000] {dagbag.py:588} INFO - Filling up the DagBag from /home/airflow/.local/lib/python3.12/site-packages/airflow/example_dags/example_dataset_alias.py
[2024-09-24T23:40:58.581+0000] {processor.py:925} INFO - DAG(s) 'dataset_alias_example_alias_consumer', 'dataset_alias_example_alias_producer', 'dataset_s3_bucket_producer', 'dataset_s3_bucket_consumer' retrieved from /home/airflow/.local/lib/python3.12/site-packages/airflow/example_dags/example_dataset_alias.py
[2024-09-24T23:40:59.119+0000] {logging_mixin.py:190} INFO - [2024-09-24T23:40:59.118+0000] {dag.py:3239} INFO - Sync 4 DAGs
[2024-09-24T23:40:59.428+0000] {logging_mixin.py:190} INFO - [2024-09-24T23:40:59.427+0000] {dag.py:4180} INFO - Setting next_dagrun for dataset_alias_example_alias_consumer to None, run_after=None
[2024-09-24T23:40:59.470+0000] {logging_mixin.py:190} INFO - [2024-09-24T23:40:59.460+0000] {dag.py:4180} INFO - Setting next_dagrun for dataset_alias_example_alias_producer to None, run_after=None
[2024-09-24T23:40:59.487+0000] {logging_mixin.py:190} INFO - [2024-09-24T23:40:59.486+0000] {dag.py:4180} INFO - Setting next_dagrun for dataset_s3_bucket_consumer to None, run_after=None
[2024-09-24T23:40:59.497+0000] {logging_mixin.py:190} INFO - [2024-09-24T23:40:59.495+0000] {dag.py:4180} INFO - Setting next_dagrun for dataset_s3_bucket_producer to None, run_after=None
[2024-09-24T23:40:59.766+0000] {processor.py:208} INFO - Processing /home/airflow/.local/lib/python3.12/site-packages/airflow/example_dags/example_dataset_alias.py took 3.019 seconds
[2024-09-24T23:41:30.330+0000] {processor.py:186} INFO - Started process (PID=2114) to work on /home/airflow/.local/lib/python3.12/site-packages/airflow/example_dags/example_dataset_alias.py
[2024-09-24T23:41:30.344+0000] {processor.py:914} INFO - Processing file /home/airflow/.local/lib/python3.12/site-packages/airflow/example_dags/example_dataset_alias.py for tasks to queue
[2024-09-24T23:41:30.358+0000] {logging_mixin.py:190} INFO - [2024-09-24T23:41:30.356+0000] {dagbag.py:588} INFO - Filling up the DagBag from /home/airflow/.local/lib/python3.12/site-packages/airflow/example_dags/example_dataset_alias.py
[2024-09-24T23:41:31.412+0000] {processor.py:925} INFO - DAG(s) 'dataset_alias_example_alias_producer', 'dataset_alias_example_alias_consumer', 'dataset_s3_bucket_producer', 'dataset_s3_bucket_consumer' retrieved from /home/airflow/.local/lib/python3.12/site-packages/airflow/example_dags/example_dataset_alias.py
[2024-09-24T23:41:31.603+0000] {logging_mixin.py:190} INFO - [2024-09-24T23:41:31.602+0000] {dag.py:3239} INFO - Sync 4 DAGs
[2024-09-24T23:41:31.708+0000] {logging_mixin.py:190} INFO - [2024-09-24T23:41:31.708+0000] {dag.py:4180} INFO - Setting next_dagrun for dataset_alias_example_alias_consumer to None, run_after=None
[2024-09-24T23:41:31.729+0000] {logging_mixin.py:190} INFO - [2024-09-24T23:41:31.724+0000] {dag.py:4180} INFO - Setting next_dagrun for dataset_alias_example_alias_producer to None, run_after=None
[2024-09-24T23:41:31.735+0000] {logging_mixin.py:190} INFO - [2024-09-24T23:41:31.735+0000] {dag.py:4180} INFO - Setting next_dagrun for dataset_s3_bucket_consumer to None, run_after=None
[2024-09-24T23:41:31.747+0000] {logging_mixin.py:190} INFO - [2024-09-24T23:41:31.744+0000] {dag.py:4180} INFO - Setting next_dagrun for dataset_s3_bucket_producer to None, run_after=None
[2024-09-24T23:41:31.876+0000] {processor.py:208} INFO - Processing /home/airflow/.local/lib/python3.12/site-packages/airflow/example_dags/example_dataset_alias.py took 1.579 seconds
[2024-09-24T23:42:02.463+0000] {processor.py:186} INFO - Started process (PID=2402) to work on /home/airflow/.local/lib/python3.12/site-packages/airflow/example_dags/example_dataset_alias.py
[2024-09-24T23:42:02.466+0000] {processor.py:914} INFO - Processing file /home/airflow/.local/lib/python3.12/site-packages/airflow/example_dags/example_dataset_alias.py for tasks to queue
[2024-09-24T23:42:02.479+0000] {logging_mixin.py:190} INFO - [2024-09-24T23:42:02.478+0000] {dagbag.py:588} INFO - Filling up the DagBag from /home/airflow/.local/lib/python3.12/site-packages/airflow/example_dags/example_dataset_alias.py
[2024-09-24T23:42:03.030+0000] {processor.py:925} INFO - DAG(s) 'dataset_s3_bucket_consumer', 'dataset_s3_bucket_producer', 'dataset_alias_example_alias_producer', 'dataset_alias_example_alias_consumer' retrieved from /home/airflow/.local/lib/python3.12/site-packages/airflow/example_dags/example_dataset_alias.py
[2024-09-24T23:42:03.108+0000] {logging_mixin.py:190} INFO - [2024-09-24T23:42:03.107+0000] {dag.py:3239} INFO - Sync 4 DAGs
[2024-09-24T23:42:03.196+0000] {logging_mixin.py:190} INFO - [2024-09-24T23:42:03.196+0000] {dag.py:4180} INFO - Setting next_dagrun for dataset_alias_example_alias_consumer to None, run_after=None
[2024-09-24T23:42:03.206+0000] {logging_mixin.py:190} INFO - [2024-09-24T23:42:03.205+0000] {dag.py:4180} INFO - Setting next_dagrun for dataset_alias_example_alias_producer to None, run_after=None
[2024-09-24T23:42:03.214+0000] {logging_mixin.py:190} INFO - [2024-09-24T23:42:03.213+0000] {dag.py:4180} INFO - Setting next_dagrun for dataset_s3_bucket_consumer to None, run_after=None
[2024-09-24T23:42:03.219+0000] {logging_mixin.py:190} INFO - [2024-09-24T23:42:03.218+0000] {dag.py:4180} INFO - Setting next_dagrun for dataset_s3_bucket_producer to None, run_after=None
[2024-09-24T23:42:03.312+0000] {processor.py:208} INFO - Processing /home/airflow/.local/lib/python3.12/site-packages/airflow/example_dags/example_dataset_alias.py took 0.871 seconds
[2024-09-24T23:42:33.873+0000] {processor.py:186} INFO - Started process (PID=2693) to work on /home/airflow/.local/lib/python3.12/site-packages/airflow/example_dags/example_dataset_alias.py
[2024-09-24T23:42:33.875+0000] {processor.py:914} INFO - Processing file /home/airflow/.local/lib/python3.12/site-packages/airflow/example_dags/example_dataset_alias.py for tasks to queue
[2024-09-24T23:42:33.880+0000] {logging_mixin.py:190} INFO - [2024-09-24T23:42:33.880+0000] {dagbag.py:588} INFO - Filling up the DagBag from /home/airflow/.local/lib/python3.12/site-packages/airflow/example_dags/example_dataset_alias.py
[2024-09-24T23:42:34.351+0000] {processor.py:925} INFO - DAG(s) 'dataset_s3_bucket_consumer', 'dataset_alias_example_alias_consumer', 'dataset_s3_bucket_producer', 'dataset_alias_example_alias_producer' retrieved from /home/airflow/.local/lib/python3.12/site-packages/airflow/example_dags/example_dataset_alias.py
[2024-09-24T23:42:34.396+0000] {logging_mixin.py:190} INFO - [2024-09-24T23:42:34.396+0000] {dag.py:3239} INFO - Sync 4 DAGs
[2024-09-24T23:42:34.436+0000] {logging_mixin.py:190} INFO - [2024-09-24T23:42:34.436+0000] {dag.py:4180} INFO - Setting next_dagrun for dataset_alias_example_alias_consumer to None, run_after=None
[2024-09-24T23:42:34.442+0000] {logging_mixin.py:190} INFO - [2024-09-24T23:42:34.441+0000] {dag.py:4180} INFO - Setting next_dagrun for dataset_alias_example_alias_producer to None, run_after=None
[2024-09-24T23:42:34.445+0000] {logging_mixin.py:190} INFO - [2024-09-24T23:42:34.444+0000] {dag.py:4180} INFO - Setting next_dagrun for dataset_s3_bucket_consumer to None, run_after=None
[2024-09-24T23:42:34.448+0000] {logging_mixin.py:190} INFO - [2024-09-24T23:42:34.448+0000] {dag.py:4180} INFO - Setting next_dagrun for dataset_s3_bucket_producer to None, run_after=None
[2024-09-24T23:42:34.494+0000] {processor.py:208} INFO - Processing /home/airflow/.local/lib/python3.12/site-packages/airflow/example_dags/example_dataset_alias.py took 0.632 seconds
[2024-09-24T23:43:04.975+0000] {processor.py:186} INFO - Started process (PID=2979) to work on /home/airflow/.local/lib/python3.12/site-packages/airflow/example_dags/example_dataset_alias.py
[2024-09-24T23:43:04.980+0000] {processor.py:914} INFO - Processing file /home/airflow/.local/lib/python3.12/site-packages/airflow/example_dags/example_dataset_alias.py for tasks to queue
[2024-09-24T23:43:04.993+0000] {logging_mixin.py:190} INFO - [2024-09-24T23:43:04.992+0000] {dagbag.py:588} INFO - Filling up the DagBag from /home/airflow/.local/lib/python3.12/site-packages/airflow/example_dags/example_dataset_alias.py
[2024-09-24T23:43:05.533+0000] {processor.py:925} INFO - DAG(s) 'dataset_alias_example_alias_producer', 'dataset_s3_bucket_producer', 'dataset_alias_example_alias_consumer', 'dataset_s3_bucket_consumer' retrieved from /home/airflow/.local/lib/python3.12/site-packages/airflow/example_dags/example_dataset_alias.py
[2024-09-24T23:43:05.581+0000] {logging_mixin.py:190} INFO - [2024-09-24T23:43:05.580+0000] {dag.py:3239} INFO - Sync 4 DAGs
[2024-09-24T23:43:05.630+0000] {logging_mixin.py:190} INFO - [2024-09-24T23:43:05.630+0000] {dag.py:4180} INFO - Setting next_dagrun for dataset_alias_example_alias_consumer to None, run_after=None
[2024-09-24T23:43:05.636+0000] {logging_mixin.py:190} INFO - [2024-09-24T23:43:05.636+0000] {dag.py:4180} INFO - Setting next_dagrun for dataset_alias_example_alias_producer to None, run_after=None
[2024-09-24T23:43:05.639+0000] {logging_mixin.py:190} INFO - [2024-09-24T23:43:05.639+0000] {dag.py:4180} INFO - Setting next_dagrun for dataset_s3_bucket_consumer to None, run_after=None
[2024-09-24T23:43:05.642+0000] {logging_mixin.py:190} INFO - [2024-09-24T23:43:05.642+0000] {dag.py:4180} INFO - Setting next_dagrun for dataset_s3_bucket_producer to None, run_after=None
[2024-09-24T23:43:05.688+0000] {processor.py:208} INFO - Processing /home/airflow/.local/lib/python3.12/site-packages/airflow/example_dags/example_dataset_alias.py took 0.739 seconds
[2024-09-24T23:43:36.038+0000] {processor.py:186} INFO - Started process (PID=3265) to work on /home/airflow/.local/lib/python3.12/site-packages/airflow/example_dags/example_dataset_alias.py
[2024-09-24T23:43:36.044+0000] {processor.py:914} INFO - Processing file /home/airflow/.local/lib/python3.12/site-packages/airflow/example_dags/example_dataset_alias.py for tasks to queue
[2024-09-24T23:43:36.049+0000] {logging_mixin.py:190} INFO - [2024-09-24T23:43:36.049+0000] {dagbag.py:588} INFO - Filling up the DagBag from /home/airflow/.local/lib/python3.12/site-packages/airflow/example_dags/example_dataset_alias.py
[2024-09-24T23:43:36.390+0000] {processor.py:925} INFO - DAG(s) 'dataset_s3_bucket_producer', 'dataset_alias_example_alias_consumer', 'dataset_s3_bucket_consumer', 'dataset_alias_example_alias_producer' retrieved from /home/airflow/.local/lib/python3.12/site-packages/airflow/example_dags/example_dataset_alias.py
[2024-09-24T23:43:36.444+0000] {logging_mixin.py:190} INFO - [2024-09-24T23:43:36.443+0000] {dag.py:3239} INFO - Sync 4 DAGs
[2024-09-24T23:43:36.497+0000] {logging_mixin.py:190} INFO - [2024-09-24T23:43:36.496+0000] {dag.py:4180} INFO - Setting next_dagrun for dataset_alias_example_alias_consumer to None, run_after=None
[2024-09-24T23:43:36.502+0000] {logging_mixin.py:190} INFO - [2024-09-24T23:43:36.502+0000] {dag.py:4180} INFO - Setting next_dagrun for dataset_alias_example_alias_producer to None, run_after=None
[2024-09-24T23:43:36.505+0000] {logging_mixin.py:190} INFO - [2024-09-24T23:43:36.505+0000] {dag.py:4180} INFO - Setting next_dagrun for dataset_s3_bucket_consumer to None, run_after=None
[2024-09-24T23:43:36.510+0000] {logging_mixin.py:190} INFO - [2024-09-24T23:43:36.510+0000] {dag.py:4180} INFO - Setting next_dagrun for dataset_s3_bucket_producer to None, run_after=None
[2024-09-24T23:43:36.560+0000] {processor.py:208} INFO - Processing /home/airflow/.local/lib/python3.12/site-packages/airflow/example_dags/example_dataset_alias.py took 0.534 seconds
[2024-09-24T23:44:07.103+0000] {processor.py:186} INFO - Started process (PID=3551) to work on /home/airflow/.local/lib/python3.12/site-packages/airflow/example_dags/example_dataset_alias.py
[2024-09-24T23:44:07.107+0000] {processor.py:914} INFO - Processing file /home/airflow/.local/lib/python3.12/site-packages/airflow/example_dags/example_dataset_alias.py for tasks to queue
[2024-09-24T23:44:07.114+0000] {logging_mixin.py:190} INFO - [2024-09-24T23:44:07.113+0000] {dagbag.py:588} INFO - Filling up the DagBag from /home/airflow/.local/lib/python3.12/site-packages/airflow/example_dags/example_dataset_alias.py
[2024-09-24T23:44:07.621+0000] {processor.py:925} INFO - DAG(s) 'dataset_s3_bucket_consumer', 'dataset_s3_bucket_producer', 'dataset_alias_example_alias_producer', 'dataset_alias_example_alias_consumer' retrieved from /home/airflow/.local/lib/python3.12/site-packages/airflow/example_dags/example_dataset_alias.py
[2024-09-24T23:44:07.702+0000] {logging_mixin.py:190} INFO - [2024-09-24T23:44:07.702+0000] {dag.py:3239} INFO - Sync 4 DAGs
[2024-09-24T23:44:07.800+0000] {logging_mixin.py:190} INFO - [2024-09-24T23:44:07.800+0000] {dag.py:4180} INFO - Setting next_dagrun for dataset_alias_example_alias_consumer to None, run_after=None
[2024-09-24T23:44:07.809+0000] {logging_mixin.py:190} INFO - [2024-09-24T23:44:07.808+0000] {dag.py:4180} INFO - Setting next_dagrun for dataset_alias_example_alias_producer to None, run_after=None
[2024-09-24T23:44:07.815+0000] {logging_mixin.py:190} INFO - [2024-09-24T23:44:07.815+0000] {dag.py:4180} INFO - Setting next_dagrun for dataset_s3_bucket_consumer to None, run_after=None
[2024-09-24T23:44:07.820+0000] {logging_mixin.py:190} INFO - [2024-09-24T23:44:07.819+0000] {dag.py:4180} INFO - Setting next_dagrun for dataset_s3_bucket_producer to None, run_after=None
[2024-09-24T23:44:07.912+0000] {processor.py:208} INFO - Processing /home/airflow/.local/lib/python3.12/site-packages/airflow/example_dags/example_dataset_alias.py took 0.831 seconds
[2024-09-24T23:44:38.425+0000] {processor.py:186} INFO - Started process (PID=3847) to work on /home/airflow/.local/lib/python3.12/site-packages/airflow/example_dags/example_dataset_alias.py
[2024-09-24T23:44:38.427+0000] {processor.py:914} INFO - Processing file /home/airflow/.local/lib/python3.12/site-packages/airflow/example_dags/example_dataset_alias.py for tasks to queue
[2024-09-24T23:44:38.433+0000] {logging_mixin.py:190} INFO - [2024-09-24T23:44:38.432+0000] {dagbag.py:588} INFO - Filling up the DagBag from /home/airflow/.local/lib/python3.12/site-packages/airflow/example_dags/example_dataset_alias.py
[2024-09-24T23:44:39.032+0000] {processor.py:925} INFO - DAG(s) 'dataset_alias_example_alias_producer', 'dataset_s3_bucket_producer', 'dataset_s3_bucket_consumer', 'dataset_alias_example_alias_consumer' retrieved from /home/airflow/.local/lib/python3.12/site-packages/airflow/example_dags/example_dataset_alias.py
[2024-09-24T23:44:39.141+0000] {logging_mixin.py:190} INFO - [2024-09-24T23:44:39.141+0000] {dag.py:3239} INFO - Sync 4 DAGs
[2024-09-24T23:44:39.208+0000] {logging_mixin.py:190} INFO - [2024-09-24T23:44:39.208+0000] {dag.py:4180} INFO - Setting next_dagrun for dataset_alias_example_alias_consumer to None, run_after=None
[2024-09-24T23:44:39.217+0000] {logging_mixin.py:190} INFO - [2024-09-24T23:44:39.217+0000] {dag.py:4180} INFO - Setting next_dagrun for dataset_alias_example_alias_producer to None, run_after=None
[2024-09-24T23:44:39.222+0000] {logging_mixin.py:190} INFO - [2024-09-24T23:44:39.222+0000] {dag.py:4180} INFO - Setting next_dagrun for dataset_s3_bucket_consumer to None, run_after=None
[2024-09-24T23:44:39.226+0000] {logging_mixin.py:190} INFO - [2024-09-24T23:44:39.225+0000] {dag.py:4180} INFO - Setting next_dagrun for dataset_s3_bucket_producer to None, run_after=None
[2024-09-24T23:44:39.286+0000] {processor.py:208} INFO - Processing /home/airflow/.local/lib/python3.12/site-packages/airflow/example_dags/example_dataset_alias.py took 0.878 seconds
[2024-09-24T23:45:10.007+0000] {processor.py:186} INFO - Started process (PID=4133) to work on /home/airflow/.local/lib/python3.12/site-packages/airflow/example_dags/example_dataset_alias.py
[2024-09-24T23:45:10.009+0000] {processor.py:914} INFO - Processing file /home/airflow/.local/lib/python3.12/site-packages/airflow/example_dags/example_dataset_alias.py for tasks to queue
[2024-09-24T23:45:10.015+0000] {logging_mixin.py:190} INFO - [2024-09-24T23:45:10.014+0000] {dagbag.py:588} INFO - Filling up the DagBag from /home/airflow/.local/lib/python3.12/site-packages/airflow/example_dags/example_dataset_alias.py
[2024-09-24T23:45:10.315+0000] {processor.py:925} INFO - DAG(s) 'dataset_alias_example_alias_consumer', 'dataset_s3_bucket_producer', 'dataset_alias_example_alias_producer', 'dataset_s3_bucket_consumer' retrieved from /home/airflow/.local/lib/python3.12/site-packages/airflow/example_dags/example_dataset_alias.py
[2024-09-24T23:45:10.367+0000] {logging_mixin.py:190} INFO - [2024-09-24T23:45:10.366+0000] {dag.py:3239} INFO - Sync 4 DAGs
[2024-09-24T23:45:10.421+0000] {logging_mixin.py:190} INFO - [2024-09-24T23:45:10.420+0000] {dag.py:4180} INFO - Setting next_dagrun for dataset_alias_example_alias_consumer to None, run_after=None
[2024-09-24T23:45:10.427+0000] {logging_mixin.py:190} INFO - [2024-09-24T23:45:10.426+0000] {dag.py:4180} INFO - Setting next_dagrun for dataset_alias_example_alias_producer to None, run_after=None
[2024-09-24T23:45:10.430+0000] {logging_mixin.py:190} INFO - [2024-09-24T23:45:10.429+0000] {dag.py:4180} INFO - Setting next_dagrun for dataset_s3_bucket_consumer to None, run_after=None
[2024-09-24T23:45:10.433+0000] {logging_mixin.py:190} INFO - [2024-09-24T23:45:10.433+0000] {dag.py:4180} INFO - Setting next_dagrun for dataset_s3_bucket_producer to None, run_after=None
[2024-09-24T23:45:10.482+0000] {processor.py:208} INFO - Processing /home/airflow/.local/lib/python3.12/site-packages/airflow/example_dags/example_dataset_alias.py took 0.489 seconds
[2024-09-24T23:45:40.747+0000] {processor.py:186} INFO - Started process (PID=4427) to work on /home/airflow/.local/lib/python3.12/site-packages/airflow/example_dags/example_dataset_alias.py
[2024-09-24T23:45:40.750+0000] {processor.py:914} INFO - Processing file /home/airflow/.local/lib/python3.12/site-packages/airflow/example_dags/example_dataset_alias.py for tasks to queue
[2024-09-24T23:45:40.755+0000] {logging_mixin.py:190} INFO - [2024-09-24T23:45:40.755+0000] {dagbag.py:588} INFO - Filling up the DagBag from /home/airflow/.local/lib/python3.12/site-packages/airflow/example_dags/example_dataset_alias.py
[2024-09-24T23:45:41.055+0000] {processor.py:925} INFO - DAG(s) 'dataset_alias_example_alias_producer', 'dataset_s3_bucket_consumer', 'dataset_s3_bucket_producer', 'dataset_alias_example_alias_consumer' retrieved from /home/airflow/.local/lib/python3.12/site-packages/airflow/example_dags/example_dataset_alias.py
[2024-09-24T23:45:41.103+0000] {logging_mixin.py:190} INFO - [2024-09-24T23:45:41.102+0000] {dag.py:3239} INFO - Sync 4 DAGs
[2024-09-24T23:45:41.151+0000] {logging_mixin.py:190} INFO - [2024-09-24T23:45:41.150+0000] {dag.py:4180} INFO - Setting next_dagrun for dataset_alias_example_alias_consumer to None, run_after=None
[2024-09-24T23:45:41.163+0000] {logging_mixin.py:190} INFO - [2024-09-24T23:45:41.162+0000] {dag.py:4180} INFO - Setting next_dagrun for dataset_alias_example_alias_producer to None, run_after=None
[2024-09-24T23:45:41.166+0000] {logging_mixin.py:190} INFO - [2024-09-24T23:45:41.166+0000] {dag.py:4180} INFO - Setting next_dagrun for dataset_s3_bucket_consumer to None, run_after=None
[2024-09-24T23:45:41.170+0000] {logging_mixin.py:190} INFO - [2024-09-24T23:45:41.169+0000] {dag.py:4180} INFO - Setting next_dagrun for dataset_s3_bucket_producer to None, run_after=None
[2024-09-24T23:45:41.223+0000] {processor.py:208} INFO - Processing /home/airflow/.local/lib/python3.12/site-packages/airflow/example_dags/example_dataset_alias.py took 0.487 seconds
[2024-09-24T23:46:12.174+0000] {processor.py:186} INFO - Started process (PID=4718) to work on /home/airflow/.local/lib/python3.12/site-packages/airflow/example_dags/example_dataset_alias.py
[2024-09-24T23:46:12.187+0000] {processor.py:914} INFO - Processing file /home/airflow/.local/lib/python3.12/site-packages/airflow/example_dags/example_dataset_alias.py for tasks to queue
[2024-09-24T23:46:12.202+0000] {logging_mixin.py:190} INFO - [2024-09-24T23:46:12.195+0000] {dagbag.py:588} INFO - Filling up the DagBag from /home/airflow/.local/lib/python3.12/site-packages/airflow/example_dags/example_dataset_alias.py
[2024-09-24T23:46:13.082+0000] {processor.py:925} INFO - DAG(s) 'dataset_alias_example_alias_consumer', 'dataset_alias_example_alias_producer', 'dataset_s3_bucket_consumer', 'dataset_s3_bucket_producer' retrieved from /home/airflow/.local/lib/python3.12/site-packages/airflow/example_dags/example_dataset_alias.py
[2024-09-24T23:46:13.186+0000] {logging_mixin.py:190} INFO - [2024-09-24T23:46:13.181+0000] {dag.py:3239} INFO - Sync 4 DAGs
[2024-09-24T23:46:13.334+0000] {logging_mixin.py:190} INFO - [2024-09-24T23:46:13.334+0000] {dag.py:4180} INFO - Setting next_dagrun for dataset_alias_example_alias_consumer to None, run_after=None
[2024-09-24T23:46:13.343+0000] {logging_mixin.py:190} INFO - [2024-09-24T23:46:13.342+0000] {dag.py:4180} INFO - Setting next_dagrun for dataset_alias_example_alias_producer to None, run_after=None
[2024-09-24T23:46:13.348+0000] {logging_mixin.py:190} INFO - [2024-09-24T23:46:13.347+0000] {dag.py:4180} INFO - Setting next_dagrun for dataset_s3_bucket_consumer to None, run_after=None
[2024-09-24T23:46:13.351+0000] {logging_mixin.py:190} INFO - [2024-09-24T23:46:13.351+0000] {dag.py:4180} INFO - Setting next_dagrun for dataset_s3_bucket_producer to None, run_after=None
[2024-09-24T23:46:13.414+0000] {processor.py:208} INFO - Processing /home/airflow/.local/lib/python3.12/site-packages/airflow/example_dags/example_dataset_alias.py took 1.274 seconds
[2024-09-24T23:46:44.063+0000] {processor.py:186} INFO - Started process (PID=5011) to work on /home/airflow/.local/lib/python3.12/site-packages/airflow/example_dags/example_dataset_alias.py
[2024-09-24T23:46:44.067+0000] {processor.py:914} INFO - Processing file /home/airflow/.local/lib/python3.12/site-packages/airflow/example_dags/example_dataset_alias.py for tasks to queue
[2024-09-24T23:46:44.074+0000] {logging_mixin.py:190} INFO - [2024-09-24T23:46:44.073+0000] {dagbag.py:588} INFO - Filling up the DagBag from /home/airflow/.local/lib/python3.12/site-packages/airflow/example_dags/example_dataset_alias.py
[2024-09-24T23:46:44.713+0000] {processor.py:925} INFO - DAG(s) 'dataset_s3_bucket_producer', 'dataset_alias_example_alias_consumer', 'dataset_alias_example_alias_producer', 'dataset_s3_bucket_consumer' retrieved from /home/airflow/.local/lib/python3.12/site-packages/airflow/example_dags/example_dataset_alias.py
[2024-09-24T23:46:44.822+0000] {logging_mixin.py:190} INFO - [2024-09-24T23:46:44.821+0000] {dag.py:3239} INFO - Sync 4 DAGs
[2024-09-24T23:46:44.965+0000] {logging_mixin.py:190} INFO - [2024-09-24T23:46:44.964+0000] {dag.py:4180} INFO - Setting next_dagrun for dataset_alias_example_alias_consumer to None, run_after=None
[2024-09-24T23:46:44.980+0000] {logging_mixin.py:190} INFO - [2024-09-24T23:46:44.979+0000] {dag.py:4180} INFO - Setting next_dagrun for dataset_alias_example_alias_producer to None, run_after=None
[2024-09-24T23:46:44.985+0000] {logging_mixin.py:190} INFO - [2024-09-24T23:46:44.984+0000] {dag.py:4180} INFO - Setting next_dagrun for dataset_s3_bucket_consumer to None, run_after=None
[2024-09-24T23:46:44.990+0000] {logging_mixin.py:190} INFO - [2024-09-24T23:46:44.990+0000] {dag.py:4180} INFO - Setting next_dagrun for dataset_s3_bucket_producer to None, run_after=None
[2024-09-24T23:46:45.084+0000] {processor.py:208} INFO - Processing /home/airflow/.local/lib/python3.12/site-packages/airflow/example_dags/example_dataset_alias.py took 1.046 seconds
[2024-09-24T23:47:15.387+0000] {processor.py:186} INFO - Started process (PID=5307) to work on /home/airflow/.local/lib/python3.12/site-packages/airflow/example_dags/example_dataset_alias.py
[2024-09-24T23:47:15.390+0000] {processor.py:914} INFO - Processing file /home/airflow/.local/lib/python3.12/site-packages/airflow/example_dags/example_dataset_alias.py for tasks to queue
[2024-09-24T23:47:15.395+0000] {logging_mixin.py:190} INFO - [2024-09-24T23:47:15.394+0000] {dagbag.py:588} INFO - Filling up the DagBag from /home/airflow/.local/lib/python3.12/site-packages/airflow/example_dags/example_dataset_alias.py
[2024-09-24T23:47:15.685+0000] {processor.py:925} INFO - DAG(s) 'dataset_alias_example_alias_producer', 'dataset_alias_example_alias_consumer', 'dataset_s3_bucket_consumer', 'dataset_s3_bucket_producer' retrieved from /home/airflow/.local/lib/python3.12/site-packages/airflow/example_dags/example_dataset_alias.py
[2024-09-24T23:47:15.737+0000] {logging_mixin.py:190} INFO - [2024-09-24T23:47:15.736+0000] {dag.py:3239} INFO - Sync 4 DAGs
[2024-09-24T23:47:15.779+0000] {logging_mixin.py:190} INFO - [2024-09-24T23:47:15.778+0000] {dag.py:4180} INFO - Setting next_dagrun for dataset_alias_example_alias_consumer to None, run_after=None
[2024-09-24T23:47:15.784+0000] {logging_mixin.py:190} INFO - [2024-09-24T23:47:15.784+0000] {dag.py:4180} INFO - Setting next_dagrun for dataset_alias_example_alias_producer to None, run_after=None
[2024-09-24T23:47:15.787+0000] {logging_mixin.py:190} INFO - [2024-09-24T23:47:15.787+0000] {dag.py:4180} INFO - Setting next_dagrun for dataset_s3_bucket_consumer to None, run_after=None
[2024-09-24T23:47:15.790+0000] {logging_mixin.py:190} INFO - [2024-09-24T23:47:15.790+0000] {dag.py:4180} INFO - Setting next_dagrun for dataset_s3_bucket_producer to None, run_after=None
[2024-09-24T23:47:15.836+0000] {processor.py:208} INFO - Processing /home/airflow/.local/lib/python3.12/site-packages/airflow/example_dags/example_dataset_alias.py took 0.458 seconds
[2024-09-24T23:47:46.609+0000] {processor.py:186} INFO - Started process (PID=5593) to work on /home/airflow/.local/lib/python3.12/site-packages/airflow/example_dags/example_dataset_alias.py
[2024-09-24T23:47:46.611+0000] {processor.py:914} INFO - Processing file /home/airflow/.local/lib/python3.12/site-packages/airflow/example_dags/example_dataset_alias.py for tasks to queue
[2024-09-24T23:47:46.615+0000] {logging_mixin.py:190} INFO - [2024-09-24T23:47:46.614+0000] {dagbag.py:588} INFO - Filling up the DagBag from /home/airflow/.local/lib/python3.12/site-packages/airflow/example_dags/example_dataset_alias.py
[2024-09-24T23:47:46.902+0000] {processor.py:925} INFO - DAG(s) 'dataset_alias_example_alias_producer', 'dataset_s3_bucket_consumer', 'dataset_s3_bucket_producer', 'dataset_alias_example_alias_consumer' retrieved from /home/airflow/.local/lib/python3.12/site-packages/airflow/example_dags/example_dataset_alias.py
[2024-09-24T23:47:46.948+0000] {logging_mixin.py:190} INFO - [2024-09-24T23:47:46.947+0000] {dag.py:3239} INFO - Sync 4 DAGs
[2024-09-24T23:47:46.998+0000] {logging_mixin.py:190} INFO - [2024-09-24T23:47:46.998+0000] {dag.py:4180} INFO - Setting next_dagrun for dataset_alias_example_alias_consumer to None, run_after=None
[2024-09-24T23:47:47.004+0000] {logging_mixin.py:190} INFO - [2024-09-24T23:47:47.004+0000] {dag.py:4180} INFO - Setting next_dagrun for dataset_alias_example_alias_producer to None, run_after=None
[2024-09-24T23:47:47.007+0000] {logging_mixin.py:190} INFO - [2024-09-24T23:47:47.007+0000] {dag.py:4180} INFO - Setting next_dagrun for dataset_s3_bucket_consumer to None, run_after=None
[2024-09-24T23:47:47.010+0000] {logging_mixin.py:190} INFO - [2024-09-24T23:47:47.010+0000] {dag.py:4180} INFO - Setting next_dagrun for dataset_s3_bucket_producer to None, run_after=None
[2024-09-24T23:47:47.061+0000] {processor.py:208} INFO - Processing /home/airflow/.local/lib/python3.12/site-packages/airflow/example_dags/example_dataset_alias.py took 0.461 seconds
[2024-09-24T23:48:17.236+0000] {processor.py:186} INFO - Started process (PID=5879) to work on /home/airflow/.local/lib/python3.12/site-packages/airflow/example_dags/example_dataset_alias.py
[2024-09-24T23:48:17.238+0000] {processor.py:914} INFO - Processing file /home/airflow/.local/lib/python3.12/site-packages/airflow/example_dags/example_dataset_alias.py for tasks to queue
[2024-09-24T23:48:17.242+0000] {logging_mixin.py:190} INFO - [2024-09-24T23:48:17.242+0000] {dagbag.py:588} INFO - Filling up the DagBag from /home/airflow/.local/lib/python3.12/site-packages/airflow/example_dags/example_dataset_alias.py
[2024-09-24T23:48:17.582+0000] {processor.py:925} INFO - DAG(s) 'dataset_s3_bucket_producer', 'dataset_alias_example_alias_producer', 'dataset_s3_bucket_consumer', 'dataset_alias_example_alias_consumer' retrieved from /home/airflow/.local/lib/python3.12/site-packages/airflow/example_dags/example_dataset_alias.py
[2024-09-24T23:48:17.632+0000] {logging_mixin.py:190} INFO - [2024-09-24T23:48:17.632+0000] {dag.py:3239} INFO - Sync 4 DAGs
[2024-09-24T23:48:17.691+0000] {logging_mixin.py:190} INFO - [2024-09-24T23:48:17.691+0000] {dag.py:4180} INFO - Setting next_dagrun for dataset_alias_example_alias_consumer to None, run_after=None
[2024-09-24T23:48:17.697+0000] {logging_mixin.py:190} INFO - [2024-09-24T23:48:17.697+0000] {dag.py:4180} INFO - Setting next_dagrun for dataset_alias_example_alias_producer to None, run_after=None
[2024-09-24T23:48:17.702+0000] {logging_mixin.py:190} INFO - [2024-09-24T23:48:17.702+0000] {dag.py:4180} INFO - Setting next_dagrun for dataset_s3_bucket_consumer to None, run_after=None
[2024-09-24T23:48:17.706+0000] {logging_mixin.py:190} INFO - [2024-09-24T23:48:17.706+0000] {dag.py:4180} INFO - Setting next_dagrun for dataset_s3_bucket_producer to None, run_after=None
[2024-09-24T23:48:17.760+0000] {processor.py:208} INFO - Processing /home/airflow/.local/lib/python3.12/site-packages/airflow/example_dags/example_dataset_alias.py took 0.533 seconds
[2024-09-24T23:48:47.957+0000] {processor.py:186} INFO - Started process (PID=6170) to work on /home/airflow/.local/lib/python3.12/site-packages/airflow/example_dags/example_dataset_alias.py
[2024-09-24T23:48:47.960+0000] {processor.py:914} INFO - Processing file /home/airflow/.local/lib/python3.12/site-packages/airflow/example_dags/example_dataset_alias.py for tasks to queue
[2024-09-24T23:48:47.969+0000] {logging_mixin.py:190} INFO - [2024-09-24T23:48:47.968+0000] {dagbag.py:588} INFO - Filling up the DagBag from /home/airflow/.local/lib/python3.12/site-packages/airflow/example_dags/example_dataset_alias.py
[2024-09-24T23:48:48.536+0000] {processor.py:925} INFO - DAG(s) 'dataset_s3_bucket_producer', 'dataset_alias_example_alias_producer', 'dataset_s3_bucket_consumer', 'dataset_alias_example_alias_consumer' retrieved from /home/airflow/.local/lib/python3.12/site-packages/airflow/example_dags/example_dataset_alias.py
[2024-09-24T23:48:48.617+0000] {logging_mixin.py:190} INFO - [2024-09-24T23:48:48.616+0000] {dag.py:3239} INFO - Sync 4 DAGs
[2024-09-24T23:48:48.749+0000] {logging_mixin.py:190} INFO - [2024-09-24T23:48:48.748+0000] {dag.py:4180} INFO - Setting next_dagrun for dataset_alias_example_alias_consumer to None, run_after=None
[2024-09-24T23:48:48.764+0000] {logging_mixin.py:190} INFO - [2024-09-24T23:48:48.762+0000] {dag.py:4180} INFO - Setting next_dagrun for dataset_alias_example_alias_producer to None, run_after=None
[2024-09-24T23:48:48.775+0000] {logging_mixin.py:190} INFO - [2024-09-24T23:48:48.774+0000] {dag.py:4180} INFO - Setting next_dagrun for dataset_s3_bucket_consumer to None, run_after=None
[2024-09-24T23:48:48.780+0000] {logging_mixin.py:190} INFO - [2024-09-24T23:48:48.779+0000] {dag.py:4180} INFO - Setting next_dagrun for dataset_s3_bucket_producer to None, run_after=None
[2024-09-24T23:48:48.848+0000] {processor.py:208} INFO - Processing /home/airflow/.local/lib/python3.12/site-packages/airflow/example_dags/example_dataset_alias.py took 0.911 seconds
[2024-09-24T23:49:19.097+0000] {processor.py:186} INFO - Started process (PID=6464) to work on /home/airflow/.local/lib/python3.12/site-packages/airflow/example_dags/example_dataset_alias.py
[2024-09-24T23:49:19.100+0000] {processor.py:914} INFO - Processing file /home/airflow/.local/lib/python3.12/site-packages/airflow/example_dags/example_dataset_alias.py for tasks to queue
[2024-09-24T23:49:19.107+0000] {logging_mixin.py:190} INFO - [2024-09-24T23:49:19.106+0000] {dagbag.py:588} INFO - Filling up the DagBag from /home/airflow/.local/lib/python3.12/site-packages/airflow/example_dags/example_dataset_alias.py
[2024-09-24T23:49:19.791+0000] {processor.py:925} INFO - DAG(s) 'dataset_alias_example_alias_consumer', 'dataset_alias_example_alias_producer', 'dataset_s3_bucket_producer', 'dataset_s3_bucket_consumer' retrieved from /home/airflow/.local/lib/python3.12/site-packages/airflow/example_dags/example_dataset_alias.py
[2024-09-24T23:49:19.849+0000] {logging_mixin.py:190} INFO - [2024-09-24T23:49:19.848+0000] {dag.py:3239} INFO - Sync 4 DAGs
[2024-09-24T23:49:19.927+0000] {logging_mixin.py:190} INFO - [2024-09-24T23:49:19.926+0000] {dag.py:4180} INFO - Setting next_dagrun for dataset_alias_example_alias_consumer to None, run_after=None
[2024-09-24T23:49:19.936+0000] {logging_mixin.py:190} INFO - [2024-09-24T23:49:19.936+0000] {dag.py:4180} INFO - Setting next_dagrun for dataset_alias_example_alias_producer to None, run_after=None
[2024-09-24T23:49:19.943+0000] {logging_mixin.py:190} INFO - [2024-09-24T23:49:19.942+0000] {dag.py:4180} INFO - Setting next_dagrun for dataset_s3_bucket_consumer to None, run_after=None
[2024-09-24T23:49:19.948+0000] {logging_mixin.py:190} INFO - [2024-09-24T23:49:19.947+0000] {dag.py:4180} INFO - Setting next_dagrun for dataset_s3_bucket_producer to None, run_after=None
[2024-09-24T23:49:20.017+0000] {processor.py:208} INFO - Processing /home/airflow/.local/lib/python3.12/site-packages/airflow/example_dags/example_dataset_alias.py took 0.950 seconds
[2024-09-24T23:49:50.832+0000] {processor.py:186} INFO - Started process (PID=6757) to work on /home/airflow/.local/lib/python3.12/site-packages/airflow/example_dags/example_dataset_alias.py
[2024-09-24T23:49:50.834+0000] {processor.py:914} INFO - Processing file /home/airflow/.local/lib/python3.12/site-packages/airflow/example_dags/example_dataset_alias.py for tasks to queue
[2024-09-24T23:49:50.838+0000] {logging_mixin.py:190} INFO - [2024-09-24T23:49:50.838+0000] {dagbag.py:588} INFO - Filling up the DagBag from /home/airflow/.local/lib/python3.12/site-packages/airflow/example_dags/example_dataset_alias.py
[2024-09-24T23:49:51.160+0000] {processor.py:925} INFO - DAG(s) 'dataset_alias_example_alias_consumer', 'dataset_s3_bucket_producer', 'dataset_s3_bucket_consumer', 'dataset_alias_example_alias_producer' retrieved from /home/airflow/.local/lib/python3.12/site-packages/airflow/example_dags/example_dataset_alias.py
[2024-09-24T23:49:51.202+0000] {logging_mixin.py:190} INFO - [2024-09-24T23:49:51.201+0000] {dag.py:3239} INFO - Sync 4 DAGs
[2024-09-24T23:49:51.248+0000] {logging_mixin.py:190} INFO - [2024-09-24T23:49:51.248+0000] {dag.py:4180} INFO - Setting next_dagrun for dataset_alias_example_alias_consumer to None, run_after=None
[2024-09-24T23:49:51.254+0000] {logging_mixin.py:190} INFO - [2024-09-24T23:49:51.253+0000] {dag.py:4180} INFO - Setting next_dagrun for dataset_alias_example_alias_producer to None, run_after=None
[2024-09-24T23:49:51.257+0000] {logging_mixin.py:190} INFO - [2024-09-24T23:49:51.256+0000] {dag.py:4180} INFO - Setting next_dagrun for dataset_s3_bucket_consumer to None, run_after=None
[2024-09-24T23:49:51.260+0000] {logging_mixin.py:190} INFO - [2024-09-24T23:49:51.259+0000] {dag.py:4180} INFO - Setting next_dagrun for dataset_s3_bucket_producer to None, run_after=None
[2024-09-24T23:49:51.300+0000] {processor.py:208} INFO - Processing /home/airflow/.local/lib/python3.12/site-packages/airflow/example_dags/example_dataset_alias.py took 0.480 seconds
[2024-09-24T23:50:21.522+0000] {processor.py:186} INFO - Started process (PID=7043) to work on /home/airflow/.local/lib/python3.12/site-packages/airflow/example_dags/example_dataset_alias.py
[2024-09-24T23:50:21.530+0000] {processor.py:914} INFO - Processing file /home/airflow/.local/lib/python3.12/site-packages/airflow/example_dags/example_dataset_alias.py for tasks to queue
[2024-09-24T23:50:21.540+0000] {logging_mixin.py:190} INFO - [2024-09-24T23:50:21.538+0000] {dagbag.py:588} INFO - Filling up the DagBag from /home/airflow/.local/lib/python3.12/site-packages/airflow/example_dags/example_dataset_alias.py
[2024-09-24T23:50:22.007+0000] {processor.py:925} INFO - DAG(s) 'dataset_s3_bucket_producer', 'dataset_alias_example_alias_producer', 'dataset_s3_bucket_consumer', 'dataset_alias_example_alias_consumer' retrieved from /home/airflow/.local/lib/python3.12/site-packages/airflow/example_dags/example_dataset_alias.py
[2024-09-24T23:50:22.083+0000] {logging_mixin.py:190} INFO - [2024-09-24T23:50:22.083+0000] {dag.py:3239} INFO - Sync 4 DAGs
[2024-09-24T23:50:22.180+0000] {logging_mixin.py:190} INFO - [2024-09-24T23:50:22.179+0000] {dag.py:4180} INFO - Setting next_dagrun for dataset_alias_example_alias_consumer to None, run_after=None
[2024-09-24T23:50:22.205+0000] {logging_mixin.py:190} INFO - [2024-09-24T23:50:22.204+0000] {dag.py:4180} INFO - Setting next_dagrun for dataset_alias_example_alias_producer to None, run_after=None
[2024-09-24T23:50:22.209+0000] {logging_mixin.py:190} INFO - [2024-09-24T23:50:22.209+0000] {dag.py:4180} INFO - Setting next_dagrun for dataset_s3_bucket_consumer to None, run_after=None
[2024-09-24T23:50:22.220+0000] {logging_mixin.py:190} INFO - [2024-09-24T23:50:22.220+0000] {dag.py:4180} INFO - Setting next_dagrun for dataset_s3_bucket_producer to None, run_after=None
[2024-09-24T23:50:22.299+0000] {processor.py:208} INFO - Processing /home/airflow/.local/lib/python3.12/site-packages/airflow/example_dags/example_dataset_alias.py took 0.791 seconds
[2024-09-24T23:50:52.979+0000] {processor.py:186} INFO - Started process (PID=7329) to work on /home/airflow/.local/lib/python3.12/site-packages/airflow/example_dags/example_dataset_alias.py
[2024-09-24T23:50:52.981+0000] {processor.py:914} INFO - Processing file /home/airflow/.local/lib/python3.12/site-packages/airflow/example_dags/example_dataset_alias.py for tasks to queue
[2024-09-24T23:50:52.985+0000] {logging_mixin.py:190} INFO - [2024-09-24T23:50:52.985+0000] {dagbag.py:588} INFO - Filling up the DagBag from /home/airflow/.local/lib/python3.12/site-packages/airflow/example_dags/example_dataset_alias.py
[2024-09-24T23:50:53.262+0000] {processor.py:925} INFO - DAG(s) 'dataset_alias_example_alias_producer', 'dataset_s3_bucket_producer', 'dataset_alias_example_alias_consumer', 'dataset_s3_bucket_consumer' retrieved from /home/airflow/.local/lib/python3.12/site-packages/airflow/example_dags/example_dataset_alias.py
[2024-09-24T23:50:53.309+0000] {logging_mixin.py:190} INFO - [2024-09-24T23:50:53.309+0000] {dag.py:3239} INFO - Sync 4 DAGs
[2024-09-24T23:50:53.351+0000] {logging_mixin.py:190} INFO - [2024-09-24T23:50:53.350+0000] {dag.py:4180} INFO - Setting next_dagrun for dataset_alias_example_alias_consumer to None, run_after=None
[2024-09-24T23:50:53.356+0000] {logging_mixin.py:190} INFO - [2024-09-24T23:50:53.356+0000] {dag.py:4180} INFO - Setting next_dagrun for dataset_alias_example_alias_producer to None, run_after=None
[2024-09-24T23:50:53.360+0000] {logging_mixin.py:190} INFO - [2024-09-24T23:50:53.359+0000] {dag.py:4180} INFO - Setting next_dagrun for dataset_s3_bucket_consumer to None, run_after=None
[2024-09-24T23:50:53.363+0000] {logging_mixin.py:190} INFO - [2024-09-24T23:50:53.362+0000] {dag.py:4180} INFO - Setting next_dagrun for dataset_s3_bucket_producer to None, run_after=None
[2024-09-24T23:50:53.403+0000] {processor.py:208} INFO - Processing /home/airflow/.local/lib/python3.12/site-packages/airflow/example_dags/example_dataset_alias.py took 0.436 seconds
[2024-09-24T23:51:23.609+0000] {processor.py:186} INFO - Started process (PID=7615) to work on /home/airflow/.local/lib/python3.12/site-packages/airflow/example_dags/example_dataset_alias.py
[2024-09-24T23:51:23.612+0000] {processor.py:914} INFO - Processing file /home/airflow/.local/lib/python3.12/site-packages/airflow/example_dags/example_dataset_alias.py for tasks to queue
[2024-09-24T23:51:23.619+0000] {logging_mixin.py:190} INFO - [2024-09-24T23:51:23.618+0000] {dagbag.py:588} INFO - Filling up the DagBag from /home/airflow/.local/lib/python3.12/site-packages/airflow/example_dags/example_dataset_alias.py
[2024-09-24T23:51:24.094+0000] {processor.py:925} INFO - DAG(s) 'dataset_s3_bucket_producer', 'dataset_s3_bucket_consumer', 'dataset_alias_example_alias_producer', 'dataset_alias_example_alias_consumer' retrieved from /home/airflow/.local/lib/python3.12/site-packages/airflow/example_dags/example_dataset_alias.py
[2024-09-24T23:51:24.174+0000] {logging_mixin.py:190} INFO - [2024-09-24T23:51:24.173+0000] {dag.py:3239} INFO - Sync 4 DAGs
[2024-09-24T23:51:24.245+0000] {logging_mixin.py:190} INFO - [2024-09-24T23:51:24.244+0000] {dag.py:4180} INFO - Setting next_dagrun for dataset_alias_example_alias_consumer to None, run_after=None
[2024-09-24T23:51:24.256+0000] {logging_mixin.py:190} INFO - [2024-09-24T23:51:24.256+0000] {dag.py:4180} INFO - Setting next_dagrun for dataset_alias_example_alias_producer to None, run_after=None
[2024-09-24T23:51:24.261+0000] {logging_mixin.py:190} INFO - [2024-09-24T23:51:24.261+0000] {dag.py:4180} INFO - Setting next_dagrun for dataset_s3_bucket_consumer to None, run_after=None
[2024-09-24T23:51:24.267+0000] {logging_mixin.py:190} INFO - [2024-09-24T23:51:24.266+0000] {dag.py:4180} INFO - Setting next_dagrun for dataset_s3_bucket_producer to None, run_after=None
[2024-09-24T23:51:24.325+0000] {processor.py:208} INFO - Processing /home/airflow/.local/lib/python3.12/site-packages/airflow/example_dags/example_dataset_alias.py took 0.735 seconds
[2024-09-24T23:51:54.589+0000] {processor.py:186} INFO - Started process (PID=7904) to work on /home/airflow/.local/lib/python3.12/site-packages/airflow/example_dags/example_dataset_alias.py
[2024-09-24T23:51:54.591+0000] {processor.py:914} INFO - Processing file /home/airflow/.local/lib/python3.12/site-packages/airflow/example_dags/example_dataset_alias.py for tasks to queue
[2024-09-24T23:51:54.596+0000] {logging_mixin.py:190} INFO - [2024-09-24T23:51:54.595+0000] {dagbag.py:588} INFO - Filling up the DagBag from /home/airflow/.local/lib/python3.12/site-packages/airflow/example_dags/example_dataset_alias.py
[2024-09-24T23:51:54.949+0000] {processor.py:925} INFO - DAG(s) 'dataset_alias_example_alias_consumer', 'dataset_alias_example_alias_producer', 'dataset_s3_bucket_producer', 'dataset_s3_bucket_consumer' retrieved from /home/airflow/.local/lib/python3.12/site-packages/airflow/example_dags/example_dataset_alias.py
[2024-09-24T23:51:54.999+0000] {logging_mixin.py:190} INFO - [2024-09-24T23:51:54.998+0000] {dag.py:3239} INFO - Sync 4 DAGs
[2024-09-24T23:51:55.047+0000] {logging_mixin.py:190} INFO - [2024-09-24T23:51:55.047+0000] {dag.py:4180} INFO - Setting next_dagrun for dataset_alias_example_alias_consumer to None, run_after=None
[2024-09-24T23:51:55.053+0000] {logging_mixin.py:190} INFO - [2024-09-24T23:51:55.053+0000] {dag.py:4180} INFO - Setting next_dagrun for dataset_alias_example_alias_producer to None, run_after=None
[2024-09-24T23:51:55.057+0000] {logging_mixin.py:190} INFO - [2024-09-24T23:51:55.056+0000] {dag.py:4180} INFO - Setting next_dagrun for dataset_s3_bucket_consumer to None, run_after=None
[2024-09-24T23:51:55.060+0000] {logging_mixin.py:190} INFO - [2024-09-24T23:51:55.059+0000] {dag.py:4180} INFO - Setting next_dagrun for dataset_s3_bucket_producer to None, run_after=None
[2024-09-24T23:51:55.110+0000] {processor.py:208} INFO - Processing /home/airflow/.local/lib/python3.12/site-packages/airflow/example_dags/example_dataset_alias.py took 0.531 seconds
[2024-09-24T23:52:25.780+0000] {processor.py:186} INFO - Started process (PID=8193) to work on /home/airflow/.local/lib/python3.12/site-packages/airflow/example_dags/example_dataset_alias.py
[2024-09-24T23:52:25.781+0000] {processor.py:914} INFO - Processing file /home/airflow/.local/lib/python3.12/site-packages/airflow/example_dags/example_dataset_alias.py for tasks to queue
[2024-09-24T23:52:25.785+0000] {logging_mixin.py:190} INFO - [2024-09-24T23:52:25.785+0000] {dagbag.py:588} INFO - Filling up the DagBag from /home/airflow/.local/lib/python3.12/site-packages/airflow/example_dags/example_dataset_alias.py
[2024-09-24T23:52:26.052+0000] {processor.py:925} INFO - DAG(s) 'dataset_s3_bucket_producer', 'dataset_alias_example_alias_producer', 'dataset_s3_bucket_consumer', 'dataset_alias_example_alias_consumer' retrieved from /home/airflow/.local/lib/python3.12/site-packages/airflow/example_dags/example_dataset_alias.py
[2024-09-24T23:52:26.097+0000] {logging_mixin.py:190} INFO - [2024-09-24T23:52:26.096+0000] {dag.py:3239} INFO - Sync 4 DAGs
[2024-09-24T23:52:26.137+0000] {logging_mixin.py:190} INFO - [2024-09-24T23:52:26.136+0000] {dag.py:4180} INFO - Setting next_dagrun for dataset_alias_example_alias_consumer to None, run_after=None
[2024-09-24T23:52:26.142+0000] {logging_mixin.py:190} INFO - [2024-09-24T23:52:26.142+0000] {dag.py:4180} INFO - Setting next_dagrun for dataset_alias_example_alias_producer to None, run_after=None
[2024-09-24T23:52:26.145+0000] {logging_mixin.py:190} INFO - [2024-09-24T23:52:26.144+0000] {dag.py:4180} INFO - Setting next_dagrun for dataset_s3_bucket_consumer to None, run_after=None
[2024-09-24T23:52:26.147+0000] {logging_mixin.py:190} INFO - [2024-09-24T23:52:26.147+0000] {dag.py:4180} INFO - Setting next_dagrun for dataset_s3_bucket_producer to None, run_after=None
[2024-09-24T23:52:26.189+0000] {processor.py:208} INFO - Processing /home/airflow/.local/lib/python3.12/site-packages/airflow/example_dags/example_dataset_alias.py took 0.421 seconds
[2024-09-24T23:52:56.448+0000] {processor.py:186} INFO - Started process (PID=8479) to work on /home/airflow/.local/lib/python3.12/site-packages/airflow/example_dags/example_dataset_alias.py
[2024-09-24T23:52:56.450+0000] {processor.py:914} INFO - Processing file /home/airflow/.local/lib/python3.12/site-packages/airflow/example_dags/example_dataset_alias.py for tasks to queue
[2024-09-24T23:52:56.453+0000] {logging_mixin.py:190} INFO - [2024-09-24T23:52:56.453+0000] {dagbag.py:588} INFO - Filling up the DagBag from /home/airflow/.local/lib/python3.12/site-packages/airflow/example_dags/example_dataset_alias.py
[2024-09-24T23:52:56.703+0000] {processor.py:925} INFO - DAG(s) 'dataset_alias_example_alias_consumer', 'dataset_s3_bucket_consumer', 'dataset_s3_bucket_producer', 'dataset_alias_example_alias_producer' retrieved from /home/airflow/.local/lib/python3.12/site-packages/airflow/example_dags/example_dataset_alias.py
[2024-09-24T23:52:56.744+0000] {logging_mixin.py:190} INFO - [2024-09-24T23:52:56.744+0000] {dag.py:3239} INFO - Sync 4 DAGs
[2024-09-24T23:52:56.788+0000] {logging_mixin.py:190} INFO - [2024-09-24T23:52:56.788+0000] {dag.py:4180} INFO - Setting next_dagrun for dataset_alias_example_alias_consumer to None, run_after=None
[2024-09-24T23:52:56.793+0000] {logging_mixin.py:190} INFO - [2024-09-24T23:52:56.793+0000] {dag.py:4180} INFO - Setting next_dagrun for dataset_alias_example_alias_producer to None, run_after=None
[2024-09-24T23:52:56.796+0000] {logging_mixin.py:190} INFO - [2024-09-24T23:52:56.796+0000] {dag.py:4180} INFO - Setting next_dagrun for dataset_s3_bucket_consumer to None, run_after=None
[2024-09-24T23:52:56.799+0000] {logging_mixin.py:190} INFO - [2024-09-24T23:52:56.799+0000] {dag.py:4180} INFO - Setting next_dagrun for dataset_s3_bucket_producer to None, run_after=None
[2024-09-24T23:52:56.843+0000] {processor.py:208} INFO - Processing /home/airflow/.local/lib/python3.12/site-packages/airflow/example_dags/example_dataset_alias.py took 0.404 seconds
[2024-09-24T23:53:27.294+0000] {processor.py:186} INFO - Started process (PID=8765) to work on /home/airflow/.local/lib/python3.12/site-packages/airflow/example_dags/example_dataset_alias.py
[2024-09-24T23:53:27.296+0000] {processor.py:914} INFO - Processing file /home/airflow/.local/lib/python3.12/site-packages/airflow/example_dags/example_dataset_alias.py for tasks to queue
[2024-09-24T23:53:27.299+0000] {logging_mixin.py:190} INFO - [2024-09-24T23:53:27.299+0000] {dagbag.py:588} INFO - Filling up the DagBag from /home/airflow/.local/lib/python3.12/site-packages/airflow/example_dags/example_dataset_alias.py
[2024-09-24T23:53:27.538+0000] {processor.py:925} INFO - DAG(s) 'dataset_alias_example_alias_consumer', 'dataset_s3_bucket_producer', 'dataset_alias_example_alias_producer', 'dataset_s3_bucket_consumer' retrieved from /home/airflow/.local/lib/python3.12/site-packages/airflow/example_dags/example_dataset_alias.py
[2024-09-24T23:53:27.577+0000] {logging_mixin.py:190} INFO - [2024-09-24T23:53:27.576+0000] {dag.py:3239} INFO - Sync 4 DAGs
[2024-09-24T23:53:27.618+0000] {logging_mixin.py:190} INFO - [2024-09-24T23:53:27.618+0000] {dag.py:4180} INFO - Setting next_dagrun for dataset_alias_example_alias_consumer to None, run_after=None
[2024-09-24T23:53:27.624+0000] {logging_mixin.py:190} INFO - [2024-09-24T23:53:27.624+0000] {dag.py:4180} INFO - Setting next_dagrun for dataset_alias_example_alias_producer to None, run_after=None
[2024-09-24T23:53:27.627+0000] {logging_mixin.py:190} INFO - [2024-09-24T23:53:27.627+0000] {dag.py:4180} INFO - Setting next_dagrun for dataset_s3_bucket_consumer to None, run_after=None
[2024-09-24T23:53:27.630+0000] {logging_mixin.py:190} INFO - [2024-09-24T23:53:27.630+0000] {dag.py:4180} INFO - Setting next_dagrun for dataset_s3_bucket_producer to None, run_after=None
[2024-09-24T23:53:27.672+0000] {processor.py:208} INFO - Processing /home/airflow/.local/lib/python3.12/site-packages/airflow/example_dags/example_dataset_alias.py took 0.389 seconds
[2024-09-24T23:53:58.280+0000] {processor.py:186} INFO - Started process (PID=9051) to work on /home/airflow/.local/lib/python3.12/site-packages/airflow/example_dags/example_dataset_alias.py
[2024-09-24T23:53:58.282+0000] {processor.py:914} INFO - Processing file /home/airflow/.local/lib/python3.12/site-packages/airflow/example_dags/example_dataset_alias.py for tasks to queue
[2024-09-24T23:53:58.286+0000] {logging_mixin.py:190} INFO - [2024-09-24T23:53:58.286+0000] {dagbag.py:588} INFO - Filling up the DagBag from /home/airflow/.local/lib/python3.12/site-packages/airflow/example_dags/example_dataset_alias.py
[2024-09-24T23:53:58.615+0000] {processor.py:925} INFO - DAG(s) 'dataset_alias_example_alias_producer', 'dataset_s3_bucket_producer', 'dataset_alias_example_alias_consumer', 'dataset_s3_bucket_consumer' retrieved from /home/airflow/.local/lib/python3.12/site-packages/airflow/example_dags/example_dataset_alias.py
[2024-09-24T23:53:58.686+0000] {logging_mixin.py:190} INFO - [2024-09-24T23:53:58.686+0000] {dag.py:3239} INFO - Sync 4 DAGs
[2024-09-24T23:53:58.761+0000] {logging_mixin.py:190} INFO - [2024-09-24T23:53:58.760+0000] {dag.py:4180} INFO - Setting next_dagrun for dataset_alias_example_alias_consumer to None, run_after=None
[2024-09-24T23:53:58.770+0000] {logging_mixin.py:190} INFO - [2024-09-24T23:53:58.769+0000] {dag.py:4180} INFO - Setting next_dagrun for dataset_alias_example_alias_producer to None, run_after=None
[2024-09-24T23:53:58.774+0000] {logging_mixin.py:190} INFO - [2024-09-24T23:53:58.773+0000] {dag.py:4180} INFO - Setting next_dagrun for dataset_s3_bucket_consumer to None, run_after=None
[2024-09-24T23:53:58.777+0000] {logging_mixin.py:190} INFO - [2024-09-24T23:53:58.777+0000] {dag.py:4180} INFO - Setting next_dagrun for dataset_s3_bucket_producer to None, run_after=None
[2024-09-24T23:53:58.827+0000] {processor.py:208} INFO - Processing /home/airflow/.local/lib/python3.12/site-packages/airflow/example_dags/example_dataset_alias.py took 0.558 seconds
[2024-09-24T23:54:29.930+0000] {processor.py:186} INFO - Started process (PID=9347) to work on /home/airflow/.local/lib/python3.12/site-packages/airflow/example_dags/example_dataset_alias.py
[2024-09-24T23:54:29.932+0000] {processor.py:914} INFO - Processing file /home/airflow/.local/lib/python3.12/site-packages/airflow/example_dags/example_dataset_alias.py for tasks to queue
[2024-09-24T23:54:29.937+0000] {logging_mixin.py:190} INFO - [2024-09-24T23:54:29.936+0000] {dagbag.py:588} INFO - Filling up the DagBag from /home/airflow/.local/lib/python3.12/site-packages/airflow/example_dags/example_dataset_alias.py
[2024-09-24T23:54:30.193+0000] {processor.py:925} INFO - DAG(s) 'dataset_alias_example_alias_consumer', 'dataset_alias_example_alias_producer', 'dataset_s3_bucket_consumer', 'dataset_s3_bucket_producer' retrieved from /home/airflow/.local/lib/python3.12/site-packages/airflow/example_dags/example_dataset_alias.py
[2024-09-24T23:54:30.234+0000] {logging_mixin.py:190} INFO - [2024-09-24T23:54:30.234+0000] {dag.py:3239} INFO - Sync 4 DAGs
[2024-09-24T23:54:30.274+0000] {logging_mixin.py:190} INFO - [2024-09-24T23:54:30.274+0000] {dag.py:4180} INFO - Setting next_dagrun for dataset_alias_example_alias_consumer to None, run_after=None
[2024-09-24T23:54:30.284+0000] {logging_mixin.py:190} INFO - [2024-09-24T23:54:30.283+0000] {dag.py:4180} INFO - Setting next_dagrun for dataset_alias_example_alias_producer to None, run_after=None
[2024-09-24T23:54:30.287+0000] {logging_mixin.py:190} INFO - [2024-09-24T23:54:30.287+0000] {dag.py:4180} INFO - Setting next_dagrun for dataset_s3_bucket_consumer to None, run_after=None
[2024-09-24T23:54:30.290+0000] {logging_mixin.py:190} INFO - [2024-09-24T23:54:30.290+0000] {dag.py:4180} INFO - Setting next_dagrun for dataset_s3_bucket_producer to None, run_after=None
[2024-09-24T23:54:30.335+0000] {processor.py:208} INFO - Processing /home/airflow/.local/lib/python3.12/site-packages/airflow/example_dags/example_dataset_alias.py took 0.416 seconds
[2024-09-24T23:55:00.496+0000] {processor.py:186} INFO - Started process (PID=9633) to work on /home/airflow/.local/lib/python3.12/site-packages/airflow/example_dags/example_dataset_alias.py
[2024-09-24T23:55:00.501+0000] {processor.py:914} INFO - Processing file /home/airflow/.local/lib/python3.12/site-packages/airflow/example_dags/example_dataset_alias.py for tasks to queue
[2024-09-24T23:55:00.511+0000] {logging_mixin.py:190} INFO - [2024-09-24T23:55:00.509+0000] {dagbag.py:588} INFO - Filling up the DagBag from /home/airflow/.local/lib/python3.12/site-packages/airflow/example_dags/example_dataset_alias.py
[2024-09-24T23:55:00.995+0000] {processor.py:925} INFO - DAG(s) 'dataset_alias_example_alias_consumer', 'dataset_s3_bucket_consumer', 'dataset_s3_bucket_producer', 'dataset_alias_example_alias_producer' retrieved from /home/airflow/.local/lib/python3.12/site-packages/airflow/example_dags/example_dataset_alias.py
[2024-09-24T23:55:01.062+0000] {logging_mixin.py:190} INFO - [2024-09-24T23:55:01.061+0000] {dag.py:3239} INFO - Sync 4 DAGs
[2024-09-24T23:55:01.125+0000] {logging_mixin.py:190} INFO - [2024-09-24T23:55:01.124+0000] {dag.py:4180} INFO - Setting next_dagrun for dataset_alias_example_alias_consumer to None, run_after=None
[2024-09-24T23:55:01.133+0000] {logging_mixin.py:190} INFO - [2024-09-24T23:55:01.132+0000] {dag.py:4180} INFO - Setting next_dagrun for dataset_alias_example_alias_producer to None, run_after=None
[2024-09-24T23:55:01.138+0000] {logging_mixin.py:190} INFO - [2024-09-24T23:55:01.137+0000] {dag.py:4180} INFO - Setting next_dagrun for dataset_s3_bucket_consumer to None, run_after=None
[2024-09-24T23:55:01.144+0000] {logging_mixin.py:190} INFO - [2024-09-24T23:55:01.143+0000] {dag.py:4180} INFO - Setting next_dagrun for dataset_s3_bucket_producer to None, run_after=None
[2024-09-24T23:55:01.210+0000] {processor.py:208} INFO - Processing /home/airflow/.local/lib/python3.12/site-packages/airflow/example_dags/example_dataset_alias.py took 0.735 seconds
[2024-09-24T23:55:31.841+0000] {processor.py:186} INFO - Started process (PID=9919) to work on /home/airflow/.local/lib/python3.12/site-packages/airflow/example_dags/example_dataset_alias.py
[2024-09-24T23:55:31.844+0000] {processor.py:914} INFO - Processing file /home/airflow/.local/lib/python3.12/site-packages/airflow/example_dags/example_dataset_alias.py for tasks to queue
[2024-09-24T23:55:31.850+0000] {logging_mixin.py:190} INFO - [2024-09-24T23:55:31.849+0000] {dagbag.py:588} INFO - Filling up the DagBag from /home/airflow/.local/lib/python3.12/site-packages/airflow/example_dags/example_dataset_alias.py
[2024-09-24T23:55:32.220+0000] {processor.py:925} INFO - DAG(s) 'dataset_s3_bucket_consumer', 'dataset_s3_bucket_producer', 'dataset_alias_example_alias_consumer', 'dataset_alias_example_alias_producer' retrieved from /home/airflow/.local/lib/python3.12/site-packages/airflow/example_dags/example_dataset_alias.py
[2024-09-24T23:55:32.280+0000] {logging_mixin.py:190} INFO - [2024-09-24T23:55:32.280+0000] {dag.py:3239} INFO - Sync 4 DAGs
[2024-09-24T23:55:32.360+0000] {logging_mixin.py:190} INFO - [2024-09-24T23:55:32.358+0000] {dag.py:4180} INFO - Setting next_dagrun for dataset_alias_example_alias_consumer to None, run_after=None
[2024-09-24T23:55:32.368+0000] {logging_mixin.py:190} INFO - [2024-09-24T23:55:32.368+0000] {dag.py:4180} INFO - Setting next_dagrun for dataset_alias_example_alias_producer to None, run_after=None
[2024-09-24T23:55:32.374+0000] {logging_mixin.py:190} INFO - [2024-09-24T23:55:32.373+0000] {dag.py:4180} INFO - Setting next_dagrun for dataset_s3_bucket_consumer to None, run_after=None
[2024-09-24T23:55:32.384+0000] {logging_mixin.py:190} INFO - [2024-09-24T23:55:32.381+0000] {dag.py:4180} INFO - Setting next_dagrun for dataset_s3_bucket_producer to None, run_after=None
[2024-09-24T23:55:39.273+0000] {processor.py:208} INFO - Processing /home/airflow/.local/lib/python3.12/site-packages/airflow/example_dags/example_dataset_alias.py took 7.443 seconds
[2024-09-24T23:56:09.678+0000] {processor.py:186} INFO - Started process (PID=10286) to work on /home/airflow/.local/lib/python3.12/site-packages/airflow/example_dags/example_dataset_alias.py
[2024-09-24T23:56:09.681+0000] {processor.py:914} INFO - Processing file /home/airflow/.local/lib/python3.12/site-packages/airflow/example_dags/example_dataset_alias.py for tasks to queue
[2024-09-24T23:56:09.685+0000] {logging_mixin.py:190} INFO - [2024-09-24T23:56:09.685+0000] {dagbag.py:588} INFO - Filling up the DagBag from /home/airflow/.local/lib/python3.12/site-packages/airflow/example_dags/example_dataset_alias.py
[2024-09-24T23:56:10.090+0000] {processor.py:925} INFO - DAG(s) 'dataset_alias_example_alias_producer', 'dataset_s3_bucket_consumer', 'dataset_s3_bucket_producer', 'dataset_alias_example_alias_consumer' retrieved from /home/airflow/.local/lib/python3.12/site-packages/airflow/example_dags/example_dataset_alias.py
[2024-09-24T23:56:10.149+0000] {logging_mixin.py:190} INFO - [2024-09-24T23:56:10.148+0000] {dag.py:3239} INFO - Sync 4 DAGs
[2024-09-24T23:56:10.205+0000] {logging_mixin.py:190} INFO - [2024-09-24T23:56:10.204+0000] {dag.py:4180} INFO - Setting next_dagrun for dataset_alias_example_alias_consumer to None, run_after=None
[2024-09-24T23:56:10.214+0000] {logging_mixin.py:190} INFO - [2024-09-24T23:56:10.214+0000] {dag.py:4180} INFO - Setting next_dagrun for dataset_alias_example_alias_producer to None, run_after=None
[2024-09-24T23:56:10.220+0000] {logging_mixin.py:190} INFO - [2024-09-24T23:56:10.219+0000] {dag.py:4180} INFO - Setting next_dagrun for dataset_s3_bucket_consumer to None, run_after=None
[2024-09-24T23:56:10.225+0000] {logging_mixin.py:190} INFO - [2024-09-24T23:56:10.224+0000] {dag.py:4180} INFO - Setting next_dagrun for dataset_s3_bucket_producer to None, run_after=None
[2024-09-24T23:56:10.637+0000] {processor.py:208} INFO - Processing /home/airflow/.local/lib/python3.12/site-packages/airflow/example_dags/example_dataset_alias.py took 0.972 seconds
