[2024-09-24T23:38:10.368+0000] {processor.py:186} INFO - Started process (PID=326) to work on /home/airflow/.local/lib/python3.12/site-packages/airflow/example_dags/example_dataset_alias_with_no_taskflow.py
[2024-09-24T23:38:10.381+0000] {processor.py:914} INFO - Processing file /home/airflow/.local/lib/python3.12/site-packages/airflow/example_dags/example_dataset_alias_with_no_taskflow.py for tasks to queue
[2024-09-24T23:38:10.425+0000] {logging_mixin.py:190} INFO - [2024-09-24T23:38:10.424+0000] {dagbag.py:588} INFO - Filling up the DagBag from /home/airflow/.local/lib/python3.12/site-packages/airflow/example_dags/example_dataset_alias_with_no_taskflow.py
[2024-09-24T23:38:11.476+0000] {processor.py:925} INFO - DAG(s) 'dataset_alias_example_alias_producer_with_no_taskflow', 'dataset_s3_bucket_consumer_with_no_taskflow', 'dataset_alias_example_alias_consumer_with_no_taskflow', 'dataset_s3_bucket_producer_with_no_taskflow' retrieved from /home/airflow/.local/lib/python3.12/site-packages/airflow/example_dags/example_dataset_alias_with_no_taskflow.py
[2024-09-24T23:38:11.984+0000] {logging_mixin.py:190} INFO - [2024-09-24T23:38:11.982+0000] {override.py:1900} INFO - Created Permission View: can edit on DAG:dataset_alias_example_alias_producer_with_no_taskflow
[2024-09-24T23:38:12.031+0000] {logging_mixin.py:190} INFO - [2024-09-24T23:38:12.031+0000] {override.py:1900} INFO - Created Permission View: can read on DAG:dataset_alias_example_alias_producer_with_no_taskflow
[2024-09-24T23:38:12.058+0000] {logging_mixin.py:190} INFO - [2024-09-24T23:38:12.058+0000] {override.py:1900} INFO - Created Permission View: can delete on DAG:dataset_alias_example_alias_producer_with_no_taskflow
[2024-09-24T23:38:12.105+0000] {logging_mixin.py:190} INFO - [2024-09-24T23:38:12.104+0000] {override.py:1900} INFO - Created Permission View: can read on DAG Run:dataset_alias_example_alias_producer_with_no_taskflow
[2024-09-24T23:38:12.132+0000] {logging_mixin.py:190} INFO - [2024-09-24T23:38:12.131+0000] {override.py:1900} INFO - Created Permission View: menu access on DAG Run:dataset_alias_example_alias_producer_with_no_taskflow
[2024-09-24T23:38:12.156+0000] {logging_mixin.py:190} INFO - [2024-09-24T23:38:12.156+0000] {override.py:1900} INFO - Created Permission View: can delete on DAG Run:dataset_alias_example_alias_producer_with_no_taskflow
[2024-09-24T23:38:12.187+0000] {logging_mixin.py:190} INFO - [2024-09-24T23:38:12.186+0000] {override.py:1900} INFO - Created Permission View: can create on DAG Run:dataset_alias_example_alias_producer_with_no_taskflow
[2024-09-24T23:38:12.231+0000] {logging_mixin.py:190} INFO - [2024-09-24T23:38:12.230+0000] {override.py:1900} INFO - Created Permission View: can edit on DAG:dataset_s3_bucket_consumer_with_no_taskflow
[2024-09-24T23:38:12.260+0000] {logging_mixin.py:190} INFO - [2024-09-24T23:38:12.259+0000] {override.py:1900} INFO - Created Permission View: can read on DAG:dataset_s3_bucket_consumer_with_no_taskflow
[2024-09-24T23:38:12.283+0000] {logging_mixin.py:190} INFO - [2024-09-24T23:38:12.282+0000] {override.py:1900} INFO - Created Permission View: can delete on DAG:dataset_s3_bucket_consumer_with_no_taskflow
[2024-09-24T23:38:12.310+0000] {logging_mixin.py:190} INFO - [2024-09-24T23:38:12.309+0000] {override.py:1900} INFO - Created Permission View: can read on DAG Run:dataset_s3_bucket_consumer_with_no_taskflow
[2024-09-24T23:38:12.334+0000] {logging_mixin.py:190} INFO - [2024-09-24T23:38:12.333+0000] {override.py:1900} INFO - Created Permission View: menu access on DAG Run:dataset_s3_bucket_consumer_with_no_taskflow
[2024-09-24T23:38:12.359+0000] {logging_mixin.py:190} INFO - [2024-09-24T23:38:12.358+0000] {override.py:1900} INFO - Created Permission View: can delete on DAG Run:dataset_s3_bucket_consumer_with_no_taskflow
[2024-09-24T23:38:12.389+0000] {logging_mixin.py:190} INFO - [2024-09-24T23:38:12.388+0000] {override.py:1900} INFO - Created Permission View: can create on DAG Run:dataset_s3_bucket_consumer_with_no_taskflow
[2024-09-24T23:38:12.442+0000] {logging_mixin.py:190} INFO - [2024-09-24T23:38:12.441+0000] {override.py:1900} INFO - Created Permission View: can edit on DAG:dataset_alias_example_alias_consumer_with_no_taskflow
[2024-09-24T23:38:12.468+0000] {logging_mixin.py:190} INFO - [2024-09-24T23:38:12.467+0000] {override.py:1900} INFO - Created Permission View: can read on DAG:dataset_alias_example_alias_consumer_with_no_taskflow
[2024-09-24T23:38:12.495+0000] {logging_mixin.py:190} INFO - [2024-09-24T23:38:12.494+0000] {override.py:1900} INFO - Created Permission View: can delete on DAG:dataset_alias_example_alias_consumer_with_no_taskflow
[2024-09-24T23:38:12.519+0000] {logging_mixin.py:190} INFO - [2024-09-24T23:38:12.518+0000] {override.py:1900} INFO - Created Permission View: can read on DAG Run:dataset_alias_example_alias_consumer_with_no_taskflow
[2024-09-24T23:38:12.542+0000] {logging_mixin.py:190} INFO - [2024-09-24T23:38:12.541+0000] {override.py:1900} INFO - Created Permission View: menu access on DAG Run:dataset_alias_example_alias_consumer_with_no_taskflow
[2024-09-24T23:38:12.572+0000] {logging_mixin.py:190} INFO - [2024-09-24T23:38:12.572+0000] {override.py:1900} INFO - Created Permission View: can delete on DAG Run:dataset_alias_example_alias_consumer_with_no_taskflow
[2024-09-24T23:38:12.597+0000] {logging_mixin.py:190} INFO - [2024-09-24T23:38:12.597+0000] {override.py:1900} INFO - Created Permission View: can create on DAG Run:dataset_alias_example_alias_consumer_with_no_taskflow
[2024-09-24T23:38:12.641+0000] {logging_mixin.py:190} INFO - [2024-09-24T23:38:12.640+0000] {override.py:1900} INFO - Created Permission View: can edit on DAG:dataset_s3_bucket_producer_with_no_taskflow
[2024-09-24T23:38:12.663+0000] {logging_mixin.py:190} INFO - [2024-09-24T23:38:12.662+0000] {override.py:1900} INFO - Created Permission View: can read on DAG:dataset_s3_bucket_producer_with_no_taskflow
[2024-09-24T23:38:12.691+0000] {logging_mixin.py:190} INFO - [2024-09-24T23:38:12.690+0000] {override.py:1900} INFO - Created Permission View: can delete on DAG:dataset_s3_bucket_producer_with_no_taskflow
[2024-09-24T23:38:12.718+0000] {logging_mixin.py:190} INFO - [2024-09-24T23:38:12.717+0000] {override.py:1900} INFO - Created Permission View: can read on DAG Run:dataset_s3_bucket_producer_with_no_taskflow
[2024-09-24T23:38:12.744+0000] {logging_mixin.py:190} INFO - [2024-09-24T23:38:12.743+0000] {override.py:1900} INFO - Created Permission View: menu access on DAG Run:dataset_s3_bucket_producer_with_no_taskflow
[2024-09-24T23:38:12.778+0000] {logging_mixin.py:190} INFO - [2024-09-24T23:38:12.777+0000] {override.py:1900} INFO - Created Permission View: can delete on DAG Run:dataset_s3_bucket_producer_with_no_taskflow
[2024-09-24T23:38:12.809+0000] {logging_mixin.py:190} INFO - [2024-09-24T23:38:12.808+0000] {override.py:1900} INFO - Created Permission View: can create on DAG Run:dataset_s3_bucket_producer_with_no_taskflow
[2024-09-24T23:38:12.812+0000] {logging_mixin.py:190} INFO - [2024-09-24T23:38:12.811+0000] {dag.py:3239} INFO - Sync 4 DAGs
[2024-09-24T23:38:12.871+0000] {logging_mixin.py:190} INFO - [2024-09-24T23:38:12.869+0000] {dag.py:3262} INFO - Creating ORM DAG for dataset_alias_example_alias_producer_with_no_taskflow
[2024-09-24T23:38:12.874+0000] {logging_mixin.py:190} INFO - [2024-09-24T23:38:12.874+0000] {dag.py:3262} INFO - Creating ORM DAG for dataset_alias_example_alias_consumer_with_no_taskflow
[2024-09-24T23:38:12.877+0000] {logging_mixin.py:190} INFO - [2024-09-24T23:38:12.877+0000] {dag.py:3262} INFO - Creating ORM DAG for dataset_s3_bucket_producer_with_no_taskflow
[2024-09-24T23:38:12.880+0000] {logging_mixin.py:190} INFO - [2024-09-24T23:38:12.879+0000] {dag.py:3262} INFO - Creating ORM DAG for dataset_s3_bucket_consumer_with_no_taskflow
[2024-09-24T23:38:12.946+0000] {logging_mixin.py:190} INFO - [2024-09-24T23:38:12.945+0000] {dag.py:4180} INFO - Setting next_dagrun for dataset_alias_example_alias_consumer_with_no_taskflow to None, run_after=None
[2024-09-24T23:38:12.949+0000] {logging_mixin.py:190} INFO - [2024-09-24T23:38:12.948+0000] {dag.py:4180} INFO - Setting next_dagrun for dataset_alias_example_alias_producer_with_no_taskflow to None, run_after=None
[2024-09-24T23:38:12.951+0000] {logging_mixin.py:190} INFO - [2024-09-24T23:38:12.951+0000] {dag.py:4180} INFO - Setting next_dagrun for dataset_s3_bucket_consumer_with_no_taskflow to None, run_after=None
[2024-09-24T23:38:12.955+0000] {logging_mixin.py:190} INFO - [2024-09-24T23:38:12.954+0000] {dag.py:4180} INFO - Setting next_dagrun for dataset_s3_bucket_producer_with_no_taskflow to None, run_after=None
[2024-09-24T23:38:13.270+0000] {processor.py:208} INFO - Processing /home/airflow/.local/lib/python3.12/site-packages/airflow/example_dags/example_dataset_alias_with_no_taskflow.py took 2.924 seconds
[2024-09-24T23:38:44.057+0000] {processor.py:186} INFO - Started process (PID=619) to work on /home/airflow/.local/lib/python3.12/site-packages/airflow/example_dags/example_dataset_alias_with_no_taskflow.py
[2024-09-24T23:38:44.060+0000] {processor.py:914} INFO - Processing file /home/airflow/.local/lib/python3.12/site-packages/airflow/example_dags/example_dataset_alias_with_no_taskflow.py for tasks to queue
[2024-09-24T23:38:44.067+0000] {logging_mixin.py:190} INFO - [2024-09-24T23:38:44.066+0000] {dagbag.py:588} INFO - Filling up the DagBag from /home/airflow/.local/lib/python3.12/site-packages/airflow/example_dags/example_dataset_alias_with_no_taskflow.py
[2024-09-24T23:38:45.190+0000] {processor.py:925} INFO - DAG(s) 'dataset_s3_bucket_producer_with_no_taskflow', 'dataset_s3_bucket_consumer_with_no_taskflow', 'dataset_alias_example_alias_producer_with_no_taskflow', 'dataset_alias_example_alias_consumer_with_no_taskflow' retrieved from /home/airflow/.local/lib/python3.12/site-packages/airflow/example_dags/example_dataset_alias_with_no_taskflow.py
[2024-09-24T23:38:45.327+0000] {logging_mixin.py:190} INFO - [2024-09-24T23:38:45.326+0000] {dag.py:3239} INFO - Sync 4 DAGs
[2024-09-24T23:38:45.409+0000] {logging_mixin.py:190} INFO - [2024-09-24T23:38:45.408+0000] {dag.py:4180} INFO - Setting next_dagrun for dataset_alias_example_alias_consumer_with_no_taskflow to None, run_after=None
[2024-09-24T23:38:45.416+0000] {logging_mixin.py:190} INFO - [2024-09-24T23:38:45.416+0000] {dag.py:4180} INFO - Setting next_dagrun for dataset_alias_example_alias_producer_with_no_taskflow to None, run_after=None
[2024-09-24T23:38:45.421+0000] {logging_mixin.py:190} INFO - [2024-09-24T23:38:45.420+0000] {dag.py:4180} INFO - Setting next_dagrun for dataset_s3_bucket_consumer_with_no_taskflow to None, run_after=None
[2024-09-24T23:38:45.426+0000] {logging_mixin.py:190} INFO - [2024-09-24T23:38:45.425+0000] {dag.py:4180} INFO - Setting next_dagrun for dataset_s3_bucket_producer_with_no_taskflow to None, run_after=None
[2024-09-24T23:38:45.500+0000] {processor.py:208} INFO - Processing /home/airflow/.local/lib/python3.12/site-packages/airflow/example_dags/example_dataset_alias_with_no_taskflow.py took 1.456 seconds
[2024-09-24T23:39:15.752+0000] {processor.py:186} INFO - Started process (PID=904) to work on /home/airflow/.local/lib/python3.12/site-packages/airflow/example_dags/example_dataset_alias_with_no_taskflow.py
[2024-09-24T23:39:15.757+0000] {processor.py:914} INFO - Processing file /home/airflow/.local/lib/python3.12/site-packages/airflow/example_dags/example_dataset_alias_with_no_taskflow.py for tasks to queue
[2024-09-24T23:39:15.764+0000] {logging_mixin.py:190} INFO - [2024-09-24T23:39:15.763+0000] {dagbag.py:588} INFO - Filling up the DagBag from /home/airflow/.local/lib/python3.12/site-packages/airflow/example_dags/example_dataset_alias_with_no_taskflow.py
[2024-09-24T23:39:16.309+0000] {processor.py:925} INFO - DAG(s) 'dataset_s3_bucket_consumer_with_no_taskflow', 'dataset_alias_example_alias_consumer_with_no_taskflow', 'dataset_alias_example_alias_producer_with_no_taskflow', 'dataset_s3_bucket_producer_with_no_taskflow' retrieved from /home/airflow/.local/lib/python3.12/site-packages/airflow/example_dags/example_dataset_alias_with_no_taskflow.py
[2024-09-24T23:39:16.376+0000] {logging_mixin.py:190} INFO - [2024-09-24T23:39:16.376+0000] {dag.py:3239} INFO - Sync 4 DAGs
[2024-09-24T23:39:16.434+0000] {logging_mixin.py:190} INFO - [2024-09-24T23:39:16.433+0000] {dag.py:4180} INFO - Setting next_dagrun for dataset_alias_example_alias_consumer_with_no_taskflow to None, run_after=None
[2024-09-24T23:39:16.440+0000] {logging_mixin.py:190} INFO - [2024-09-24T23:39:16.440+0000] {dag.py:4180} INFO - Setting next_dagrun for dataset_alias_example_alias_producer_with_no_taskflow to None, run_after=None
[2024-09-24T23:39:16.444+0000] {logging_mixin.py:190} INFO - [2024-09-24T23:39:16.444+0000] {dag.py:4180} INFO - Setting next_dagrun for dataset_s3_bucket_consumer_with_no_taskflow to None, run_after=None
[2024-09-24T23:39:16.448+0000] {logging_mixin.py:190} INFO - [2024-09-24T23:39:16.448+0000] {dag.py:4180} INFO - Setting next_dagrun for dataset_s3_bucket_producer_with_no_taskflow to None, run_after=None
[2024-09-24T23:39:16.504+0000] {processor.py:208} INFO - Processing /home/airflow/.local/lib/python3.12/site-packages/airflow/example_dags/example_dataset_alias_with_no_taskflow.py took 0.771 seconds
[2024-09-24T23:39:46.802+0000] {processor.py:186} INFO - Started process (PID=1190) to work on /home/airflow/.local/lib/python3.12/site-packages/airflow/example_dags/example_dataset_alias_with_no_taskflow.py
[2024-09-24T23:39:46.805+0000] {processor.py:914} INFO - Processing file /home/airflow/.local/lib/python3.12/site-packages/airflow/example_dags/example_dataset_alias_with_no_taskflow.py for tasks to queue
[2024-09-24T23:39:46.812+0000] {logging_mixin.py:190} INFO - [2024-09-24T23:39:46.811+0000] {dagbag.py:588} INFO - Filling up the DagBag from /home/airflow/.local/lib/python3.12/site-packages/airflow/example_dags/example_dataset_alias_with_no_taskflow.py
[2024-09-24T23:39:47.443+0000] {processor.py:925} INFO - DAG(s) 'dataset_alias_example_alias_producer_with_no_taskflow', 'dataset_s3_bucket_producer_with_no_taskflow', 'dataset_s3_bucket_consumer_with_no_taskflow', 'dataset_alias_example_alias_consumer_with_no_taskflow' retrieved from /home/airflow/.local/lib/python3.12/site-packages/airflow/example_dags/example_dataset_alias_with_no_taskflow.py
[2024-09-24T23:39:47.542+0000] {logging_mixin.py:190} INFO - [2024-09-24T23:39:47.541+0000] {dag.py:3239} INFO - Sync 4 DAGs
[2024-09-24T23:39:47.620+0000] {logging_mixin.py:190} INFO - [2024-09-24T23:39:47.619+0000] {dag.py:4180} INFO - Setting next_dagrun for dataset_alias_example_alias_consumer_with_no_taskflow to None, run_after=None
[2024-09-24T23:39:47.630+0000] {logging_mixin.py:190} INFO - [2024-09-24T23:39:47.629+0000] {dag.py:4180} INFO - Setting next_dagrun for dataset_alias_example_alias_producer_with_no_taskflow to None, run_after=None
[2024-09-24T23:39:47.634+0000] {logging_mixin.py:190} INFO - [2024-09-24T23:39:47.633+0000] {dag.py:4180} INFO - Setting next_dagrun for dataset_s3_bucket_consumer_with_no_taskflow to None, run_after=None
[2024-09-24T23:39:47.639+0000] {logging_mixin.py:190} INFO - [2024-09-24T23:39:47.638+0000] {dag.py:4180} INFO - Setting next_dagrun for dataset_s3_bucket_producer_with_no_taskflow to None, run_after=None
[2024-09-24T23:39:47.725+0000] {processor.py:208} INFO - Processing /home/airflow/.local/lib/python3.12/site-packages/airflow/example_dags/example_dataset_alias_with_no_taskflow.py took 0.947 seconds
[2024-09-24T23:40:18.125+0000] {processor.py:186} INFO - Started process (PID=1486) to work on /home/airflow/.local/lib/python3.12/site-packages/airflow/example_dags/example_dataset_alias_with_no_taskflow.py
[2024-09-24T23:40:18.128+0000] {processor.py:914} INFO - Processing file /home/airflow/.local/lib/python3.12/site-packages/airflow/example_dags/example_dataset_alias_with_no_taskflow.py for tasks to queue
[2024-09-24T23:40:18.132+0000] {logging_mixin.py:190} INFO - [2024-09-24T23:40:18.131+0000] {dagbag.py:588} INFO - Filling up the DagBag from /home/airflow/.local/lib/python3.12/site-packages/airflow/example_dags/example_dataset_alias_with_no_taskflow.py
[2024-09-24T23:40:18.469+0000] {processor.py:925} INFO - DAG(s) 'dataset_alias_example_alias_consumer_with_no_taskflow', 'dataset_alias_example_alias_producer_with_no_taskflow', 'dataset_s3_bucket_consumer_with_no_taskflow', 'dataset_s3_bucket_producer_with_no_taskflow' retrieved from /home/airflow/.local/lib/python3.12/site-packages/airflow/example_dags/example_dataset_alias_with_no_taskflow.py
[2024-09-24T23:40:18.516+0000] {logging_mixin.py:190} INFO - [2024-09-24T23:40:18.515+0000] {dag.py:3239} INFO - Sync 4 DAGs
[2024-09-24T23:40:18.560+0000] {logging_mixin.py:190} INFO - [2024-09-24T23:40:18.560+0000] {dag.py:4180} INFO - Setting next_dagrun for dataset_alias_example_alias_consumer_with_no_taskflow to None, run_after=None
[2024-09-24T23:40:18.567+0000] {logging_mixin.py:190} INFO - [2024-09-24T23:40:18.567+0000] {dag.py:4180} INFO - Setting next_dagrun for dataset_alias_example_alias_producer_with_no_taskflow to None, run_after=None
[2024-09-24T23:40:18.570+0000] {logging_mixin.py:190} INFO - [2024-09-24T23:40:18.570+0000] {dag.py:4180} INFO - Setting next_dagrun for dataset_s3_bucket_consumer_with_no_taskflow to None, run_after=None
[2024-09-24T23:40:18.573+0000] {logging_mixin.py:190} INFO - [2024-09-24T23:40:18.573+0000] {dag.py:4180} INFO - Setting next_dagrun for dataset_s3_bucket_producer_with_no_taskflow to None, run_after=None
[2024-09-24T23:40:18.615+0000] {processor.py:208} INFO - Processing /home/airflow/.local/lib/python3.12/site-packages/airflow/example_dags/example_dataset_alias_with_no_taskflow.py took 0.501 seconds
[2024-09-24T23:40:50.002+0000] {processor.py:186} INFO - Started process (PID=1756) to work on /home/airflow/.local/lib/python3.12/site-packages/airflow/example_dags/example_dataset_alias_with_no_taskflow.py
[2024-09-24T23:40:50.005+0000] {processor.py:914} INFO - Processing file /home/airflow/.local/lib/python3.12/site-packages/airflow/example_dags/example_dataset_alias_with_no_taskflow.py for tasks to queue
[2024-09-24T23:40:50.013+0000] {logging_mixin.py:190} INFO - [2024-09-24T23:40:50.012+0000] {dagbag.py:588} INFO - Filling up the DagBag from /home/airflow/.local/lib/python3.12/site-packages/airflow/example_dags/example_dataset_alias_with_no_taskflow.py
[2024-09-24T23:40:50.632+0000] {processor.py:925} INFO - DAG(s) 'dataset_alias_example_alias_producer_with_no_taskflow', 'dataset_s3_bucket_consumer_with_no_taskflow', 'dataset_alias_example_alias_consumer_with_no_taskflow', 'dataset_s3_bucket_producer_with_no_taskflow' retrieved from /home/airflow/.local/lib/python3.12/site-packages/airflow/example_dags/example_dataset_alias_with_no_taskflow.py
[2024-09-24T23:40:50.731+0000] {logging_mixin.py:190} INFO - [2024-09-24T23:40:50.730+0000] {dag.py:3239} INFO - Sync 4 DAGs
[2024-09-24T23:40:50.822+0000] {logging_mixin.py:190} INFO - [2024-09-24T23:40:50.821+0000] {dag.py:4180} INFO - Setting next_dagrun for dataset_alias_example_alias_consumer_with_no_taskflow to None, run_after=None
[2024-09-24T23:40:50.839+0000] {logging_mixin.py:190} INFO - [2024-09-24T23:40:50.838+0000] {dag.py:4180} INFO - Setting next_dagrun for dataset_alias_example_alias_producer_with_no_taskflow to None, run_after=None
[2024-09-24T23:40:50.847+0000] {logging_mixin.py:190} INFO - [2024-09-24T23:40:50.846+0000] {dag.py:4180} INFO - Setting next_dagrun for dataset_s3_bucket_consumer_with_no_taskflow to None, run_after=None
[2024-09-24T23:40:50.853+0000] {logging_mixin.py:190} INFO - [2024-09-24T23:40:50.852+0000] {dag.py:4180} INFO - Setting next_dagrun for dataset_s3_bucket_producer_with_no_taskflow to None, run_after=None
[2024-09-24T23:40:50.941+0000] {processor.py:208} INFO - Processing /home/airflow/.local/lib/python3.12/site-packages/airflow/example_dags/example_dataset_alias_with_no_taskflow.py took 0.965 seconds
[2024-09-24T23:41:21.184+0000] {processor.py:186} INFO - Started process (PID=2050) to work on /home/airflow/.local/lib/python3.12/site-packages/airflow/example_dags/example_dataset_alias_with_no_taskflow.py
[2024-09-24T23:41:21.187+0000] {processor.py:914} INFO - Processing file /home/airflow/.local/lib/python3.12/site-packages/airflow/example_dags/example_dataset_alias_with_no_taskflow.py for tasks to queue
[2024-09-24T23:41:21.194+0000] {logging_mixin.py:190} INFO - [2024-09-24T23:41:21.192+0000] {dagbag.py:588} INFO - Filling up the DagBag from /home/airflow/.local/lib/python3.12/site-packages/airflow/example_dags/example_dataset_alias_with_no_taskflow.py
[2024-09-24T23:41:22.244+0000] {processor.py:925} INFO - DAG(s) 'dataset_alias_example_alias_consumer_with_no_taskflow', 'dataset_alias_example_alias_producer_with_no_taskflow', 'dataset_s3_bucket_producer_with_no_taskflow', 'dataset_s3_bucket_consumer_with_no_taskflow' retrieved from /home/airflow/.local/lib/python3.12/site-packages/airflow/example_dags/example_dataset_alias_with_no_taskflow.py
[2024-09-24T23:41:22.390+0000] {logging_mixin.py:190} INFO - [2024-09-24T23:41:22.389+0000] {dag.py:3239} INFO - Sync 4 DAGs
[2024-09-24T23:41:22.571+0000] {logging_mixin.py:190} INFO - [2024-09-24T23:41:22.570+0000] {dag.py:4180} INFO - Setting next_dagrun for dataset_alias_example_alias_consumer_with_no_taskflow to None, run_after=None
[2024-09-24T23:41:22.602+0000] {logging_mixin.py:190} INFO - [2024-09-24T23:41:22.602+0000] {dag.py:4180} INFO - Setting next_dagrun for dataset_alias_example_alias_producer_with_no_taskflow to None, run_after=None
[2024-09-24T23:41:22.617+0000] {logging_mixin.py:190} INFO - [2024-09-24T23:41:22.616+0000] {dag.py:4180} INFO - Setting next_dagrun for dataset_s3_bucket_consumer_with_no_taskflow to None, run_after=None
[2024-09-24T23:41:22.631+0000] {logging_mixin.py:190} INFO - [2024-09-24T23:41:22.630+0000] {dag.py:4180} INFO - Setting next_dagrun for dataset_s3_bucket_producer_with_no_taskflow to None, run_after=None
[2024-09-24T23:41:22.843+0000] {processor.py:208} INFO - Processing /home/airflow/.local/lib/python3.12/site-packages/airflow/example_dags/example_dataset_alias_with_no_taskflow.py took 1.680 seconds
[2024-09-24T23:41:53.276+0000] {processor.py:186} INFO - Started process (PID=2339) to work on /home/airflow/.local/lib/python3.12/site-packages/airflow/example_dags/example_dataset_alias_with_no_taskflow.py
[2024-09-24T23:41:53.280+0000] {processor.py:914} INFO - Processing file /home/airflow/.local/lib/python3.12/site-packages/airflow/example_dags/example_dataset_alias_with_no_taskflow.py for tasks to queue
[2024-09-24T23:41:53.301+0000] {logging_mixin.py:190} INFO - [2024-09-24T23:41:53.300+0000] {dagbag.py:588} INFO - Filling up the DagBag from /home/airflow/.local/lib/python3.12/site-packages/airflow/example_dags/example_dataset_alias_with_no_taskflow.py
[2024-09-24T23:41:53.931+0000] {processor.py:925} INFO - DAG(s) 'dataset_alias_example_alias_producer_with_no_taskflow', 'dataset_s3_bucket_consumer_with_no_taskflow', 'dataset_alias_example_alias_consumer_with_no_taskflow', 'dataset_s3_bucket_producer_with_no_taskflow' retrieved from /home/airflow/.local/lib/python3.12/site-packages/airflow/example_dags/example_dataset_alias_with_no_taskflow.py
[2024-09-24T23:41:54.020+0000] {logging_mixin.py:190} INFO - [2024-09-24T23:41:54.019+0000] {dag.py:3239} INFO - Sync 4 DAGs
[2024-09-24T23:41:54.090+0000] {logging_mixin.py:190} INFO - [2024-09-24T23:41:54.089+0000] {dag.py:4180} INFO - Setting next_dagrun for dataset_alias_example_alias_consumer_with_no_taskflow to None, run_after=None
[2024-09-24T23:41:54.099+0000] {logging_mixin.py:190} INFO - [2024-09-24T23:41:54.099+0000] {dag.py:4180} INFO - Setting next_dagrun for dataset_alias_example_alias_producer_with_no_taskflow to None, run_after=None
[2024-09-24T23:41:54.104+0000] {logging_mixin.py:190} INFO - [2024-09-24T23:41:54.104+0000] {dag.py:4180} INFO - Setting next_dagrun for dataset_s3_bucket_consumer_with_no_taskflow to None, run_after=None
[2024-09-24T23:41:54.109+0000] {logging_mixin.py:190} INFO - [2024-09-24T23:41:54.108+0000] {dag.py:4180} INFO - Setting next_dagrun for dataset_s3_bucket_producer_with_no_taskflow to None, run_after=None
[2024-09-24T23:41:54.179+0000] {processor.py:208} INFO - Processing /home/airflow/.local/lib/python3.12/site-packages/airflow/example_dags/example_dataset_alias_with_no_taskflow.py took 0.928 seconds
[2024-09-24T23:42:25.074+0000] {processor.py:186} INFO - Started process (PID=2627) to work on /home/airflow/.local/lib/python3.12/site-packages/airflow/example_dags/example_dataset_alias_with_no_taskflow.py
[2024-09-24T23:42:25.076+0000] {processor.py:914} INFO - Processing file /home/airflow/.local/lib/python3.12/site-packages/airflow/example_dags/example_dataset_alias_with_no_taskflow.py for tasks to queue
[2024-09-24T23:42:25.082+0000] {logging_mixin.py:190} INFO - [2024-09-24T23:42:25.081+0000] {dagbag.py:588} INFO - Filling up the DagBag from /home/airflow/.local/lib/python3.12/site-packages/airflow/example_dags/example_dataset_alias_with_no_taskflow.py
[2024-09-24T23:42:25.522+0000] {processor.py:925} INFO - DAG(s) 'dataset_alias_example_alias_producer_with_no_taskflow', 'dataset_alias_example_alias_consumer_with_no_taskflow', 'dataset_s3_bucket_consumer_with_no_taskflow', 'dataset_s3_bucket_producer_with_no_taskflow' retrieved from /home/airflow/.local/lib/python3.12/site-packages/airflow/example_dags/example_dataset_alias_with_no_taskflow.py
[2024-09-24T23:42:25.571+0000] {logging_mixin.py:190} INFO - [2024-09-24T23:42:25.571+0000] {dag.py:3239} INFO - Sync 4 DAGs
[2024-09-24T23:42:25.632+0000] {logging_mixin.py:190} INFO - [2024-09-24T23:42:25.631+0000] {dag.py:4180} INFO - Setting next_dagrun for dataset_alias_example_alias_consumer_with_no_taskflow to None, run_after=None
[2024-09-24T23:42:25.639+0000] {logging_mixin.py:190} INFO - [2024-09-24T23:42:25.639+0000] {dag.py:4180} INFO - Setting next_dagrun for dataset_alias_example_alias_producer_with_no_taskflow to None, run_after=None
[2024-09-24T23:42:25.644+0000] {logging_mixin.py:190} INFO - [2024-09-24T23:42:25.643+0000] {dag.py:4180} INFO - Setting next_dagrun for dataset_s3_bucket_consumer_with_no_taskflow to None, run_after=None
[2024-09-24T23:42:25.648+0000] {logging_mixin.py:190} INFO - [2024-09-24T23:42:25.648+0000] {dag.py:4180} INFO - Setting next_dagrun for dataset_s3_bucket_producer_with_no_taskflow to None, run_after=None
[2024-09-24T23:42:25.719+0000] {processor.py:208} INFO - Processing /home/airflow/.local/lib/python3.12/site-packages/airflow/example_dags/example_dataset_alias_with_no_taskflow.py took 0.658 seconds
[2024-09-24T23:42:56.327+0000] {processor.py:186} INFO - Started process (PID=2913) to work on /home/airflow/.local/lib/python3.12/site-packages/airflow/example_dags/example_dataset_alias_with_no_taskflow.py
[2024-09-24T23:42:56.330+0000] {processor.py:914} INFO - Processing file /home/airflow/.local/lib/python3.12/site-packages/airflow/example_dags/example_dataset_alias_with_no_taskflow.py for tasks to queue
[2024-09-24T23:42:56.334+0000] {logging_mixin.py:190} INFO - [2024-09-24T23:42:56.334+0000] {dagbag.py:588} INFO - Filling up the DagBag from /home/airflow/.local/lib/python3.12/site-packages/airflow/example_dags/example_dataset_alias_with_no_taskflow.py
[2024-09-24T23:42:56.864+0000] {processor.py:925} INFO - DAG(s) 'dataset_alias_example_alias_consumer_with_no_taskflow', 'dataset_s3_bucket_consumer_with_no_taskflow', 'dataset_alias_example_alias_producer_with_no_taskflow', 'dataset_s3_bucket_producer_with_no_taskflow' retrieved from /home/airflow/.local/lib/python3.12/site-packages/airflow/example_dags/example_dataset_alias_with_no_taskflow.py
[2024-09-24T23:42:56.916+0000] {logging_mixin.py:190} INFO - [2024-09-24T23:42:56.915+0000] {dag.py:3239} INFO - Sync 4 DAGs
[2024-09-24T23:42:56.972+0000] {logging_mixin.py:190} INFO - [2024-09-24T23:42:56.971+0000] {dag.py:4180} INFO - Setting next_dagrun for dataset_alias_example_alias_consumer_with_no_taskflow to None, run_after=None
[2024-09-24T23:42:56.979+0000] {logging_mixin.py:190} INFO - [2024-09-24T23:42:56.978+0000] {dag.py:4180} INFO - Setting next_dagrun for dataset_alias_example_alias_producer_with_no_taskflow to None, run_after=None
[2024-09-24T23:42:56.985+0000] {logging_mixin.py:190} INFO - [2024-09-24T23:42:56.985+0000] {dag.py:4180} INFO - Setting next_dagrun for dataset_s3_bucket_consumer_with_no_taskflow to None, run_after=None
[2024-09-24T23:42:56.991+0000] {logging_mixin.py:190} INFO - [2024-09-24T23:42:56.991+0000] {dag.py:4180} INFO - Setting next_dagrun for dataset_s3_bucket_producer_with_no_taskflow to None, run_after=None
[2024-09-24T23:42:57.040+0000] {processor.py:208} INFO - Processing /home/airflow/.local/lib/python3.12/site-packages/airflow/example_dags/example_dataset_alias_with_no_taskflow.py took 0.723 seconds
[2024-09-24T23:43:28.029+0000] {processor.py:186} INFO - Started process (PID=3204) to work on /home/airflow/.local/lib/python3.12/site-packages/airflow/example_dags/example_dataset_alias_with_no_taskflow.py
[2024-09-24T23:43:28.032+0000] {processor.py:914} INFO - Processing file /home/airflow/.local/lib/python3.12/site-packages/airflow/example_dags/example_dataset_alias_with_no_taskflow.py for tasks to queue
[2024-09-24T23:43:28.039+0000] {logging_mixin.py:190} INFO - [2024-09-24T23:43:28.038+0000] {dagbag.py:588} INFO - Filling up the DagBag from /home/airflow/.local/lib/python3.12/site-packages/airflow/example_dags/example_dataset_alias_with_no_taskflow.py
[2024-09-24T23:43:28.417+0000] {processor.py:925} INFO - DAG(s) 'dataset_alias_example_alias_consumer_with_no_taskflow', 'dataset_alias_example_alias_producer_with_no_taskflow', 'dataset_s3_bucket_consumer_with_no_taskflow', 'dataset_s3_bucket_producer_with_no_taskflow' retrieved from /home/airflow/.local/lib/python3.12/site-packages/airflow/example_dags/example_dataset_alias_with_no_taskflow.py
[2024-09-24T23:43:28.493+0000] {logging_mixin.py:190} INFO - [2024-09-24T23:43:28.493+0000] {dag.py:3239} INFO - Sync 4 DAGs
[2024-09-24T23:43:28.553+0000] {logging_mixin.py:190} INFO - [2024-09-24T23:43:28.552+0000] {dag.py:4180} INFO - Setting next_dagrun for dataset_alias_example_alias_consumer_with_no_taskflow to None, run_after=None
[2024-09-24T23:43:28.562+0000] {logging_mixin.py:190} INFO - [2024-09-24T23:43:28.562+0000] {dag.py:4180} INFO - Setting next_dagrun for dataset_alias_example_alias_producer_with_no_taskflow to None, run_after=None
[2024-09-24T23:43:28.567+0000] {logging_mixin.py:190} INFO - [2024-09-24T23:43:28.566+0000] {dag.py:4180} INFO - Setting next_dagrun for dataset_s3_bucket_consumer_with_no_taskflow to None, run_after=None
[2024-09-24T23:43:28.572+0000] {logging_mixin.py:190} INFO - [2024-09-24T23:43:28.571+0000] {dag.py:4180} INFO - Setting next_dagrun for dataset_s3_bucket_producer_with_no_taskflow to None, run_after=None
[2024-09-24T23:43:28.627+0000] {processor.py:208} INFO - Processing /home/airflow/.local/lib/python3.12/site-packages/airflow/example_dags/example_dataset_alias_with_no_taskflow.py took 0.611 seconds
[2024-09-24T23:43:59.075+0000] {processor.py:186} INFO - Started process (PID=3495) to work on /home/airflow/.local/lib/python3.12/site-packages/airflow/example_dags/example_dataset_alias_with_no_taskflow.py
[2024-09-24T23:43:59.078+0000] {processor.py:914} INFO - Processing file /home/airflow/.local/lib/python3.12/site-packages/airflow/example_dags/example_dataset_alias_with_no_taskflow.py for tasks to queue
[2024-09-24T23:43:59.084+0000] {logging_mixin.py:190} INFO - [2024-09-24T23:43:59.083+0000] {dagbag.py:588} INFO - Filling up the DagBag from /home/airflow/.local/lib/python3.12/site-packages/airflow/example_dags/example_dataset_alias_with_no_taskflow.py
[2024-09-24T23:43:59.525+0000] {processor.py:925} INFO - DAG(s) 'dataset_s3_bucket_producer_with_no_taskflow', 'dataset_alias_example_alias_consumer_with_no_taskflow', 'dataset_s3_bucket_consumer_with_no_taskflow', 'dataset_alias_example_alias_producer_with_no_taskflow' retrieved from /home/airflow/.local/lib/python3.12/site-packages/airflow/example_dags/example_dataset_alias_with_no_taskflow.py
[2024-09-24T23:43:59.619+0000] {logging_mixin.py:190} INFO - [2024-09-24T23:43:59.619+0000] {dag.py:3239} INFO - Sync 4 DAGs
[2024-09-24T23:43:59.706+0000] {logging_mixin.py:190} INFO - [2024-09-24T23:43:59.705+0000] {dag.py:4180} INFO - Setting next_dagrun for dataset_alias_example_alias_consumer_with_no_taskflow to None, run_after=None
[2024-09-24T23:43:59.715+0000] {logging_mixin.py:190} INFO - [2024-09-24T23:43:59.714+0000] {dag.py:4180} INFO - Setting next_dagrun for dataset_alias_example_alias_producer_with_no_taskflow to None, run_after=None
[2024-09-24T23:43:59.720+0000] {logging_mixin.py:190} INFO - [2024-09-24T23:43:59.720+0000] {dag.py:4180} INFO - Setting next_dagrun for dataset_s3_bucket_consumer_with_no_taskflow to None, run_after=None
[2024-09-24T23:43:59.725+0000] {logging_mixin.py:190} INFO - [2024-09-24T23:43:59.724+0000] {dag.py:4180} INFO - Setting next_dagrun for dataset_s3_bucket_producer_with_no_taskflow to None, run_after=None
[2024-09-24T23:43:59.789+0000] {processor.py:208} INFO - Processing /home/airflow/.local/lib/python3.12/site-packages/airflow/example_dags/example_dataset_alias_with_no_taskflow.py took 0.731 seconds
[2024-09-24T23:44:30.133+0000] {processor.py:186} INFO - Started process (PID=3786) to work on /home/airflow/.local/lib/python3.12/site-packages/airflow/example_dags/example_dataset_alias_with_no_taskflow.py
[2024-09-24T23:44:30.135+0000] {processor.py:914} INFO - Processing file /home/airflow/.local/lib/python3.12/site-packages/airflow/example_dags/example_dataset_alias_with_no_taskflow.py for tasks to queue
[2024-09-24T23:44:30.141+0000] {logging_mixin.py:190} INFO - [2024-09-24T23:44:30.140+0000] {dagbag.py:588} INFO - Filling up the DagBag from /home/airflow/.local/lib/python3.12/site-packages/airflow/example_dags/example_dataset_alias_with_no_taskflow.py
[2024-09-24T23:44:30.460+0000] {processor.py:925} INFO - DAG(s) 'dataset_s3_bucket_producer_with_no_taskflow', 'dataset_s3_bucket_consumer_with_no_taskflow', 'dataset_alias_example_alias_consumer_with_no_taskflow', 'dataset_alias_example_alias_producer_with_no_taskflow' retrieved from /home/airflow/.local/lib/python3.12/site-packages/airflow/example_dags/example_dataset_alias_with_no_taskflow.py
[2024-09-24T23:44:30.501+0000] {logging_mixin.py:190} INFO - [2024-09-24T23:44:30.501+0000] {dag.py:3239} INFO - Sync 4 DAGs
[2024-09-24T23:44:30.544+0000] {logging_mixin.py:190} INFO - [2024-09-24T23:44:30.544+0000] {dag.py:4180} INFO - Setting next_dagrun for dataset_alias_example_alias_consumer_with_no_taskflow to None, run_after=None
[2024-09-24T23:44:30.550+0000] {logging_mixin.py:190} INFO - [2024-09-24T23:44:30.549+0000] {dag.py:4180} INFO - Setting next_dagrun for dataset_alias_example_alias_producer_with_no_taskflow to None, run_after=None
[2024-09-24T23:44:30.552+0000] {logging_mixin.py:190} INFO - [2024-09-24T23:44:30.552+0000] {dag.py:4180} INFO - Setting next_dagrun for dataset_s3_bucket_consumer_with_no_taskflow to None, run_after=None
[2024-09-24T23:44:30.555+0000] {logging_mixin.py:190} INFO - [2024-09-24T23:44:30.554+0000] {dag.py:4180} INFO - Setting next_dagrun for dataset_s3_bucket_producer_with_no_taskflow to None, run_after=None
[2024-09-24T23:44:30.593+0000] {processor.py:208} INFO - Processing /home/airflow/.local/lib/python3.12/site-packages/airflow/example_dags/example_dataset_alias_with_no_taskflow.py took 0.473 seconds
[2024-09-24T23:45:00.749+0000] {processor.py:186} INFO - Started process (PID=4072) to work on /home/airflow/.local/lib/python3.12/site-packages/airflow/example_dags/example_dataset_alias_with_no_taskflow.py
[2024-09-24T23:45:00.751+0000] {processor.py:914} INFO - Processing file /home/airflow/.local/lib/python3.12/site-packages/airflow/example_dags/example_dataset_alias_with_no_taskflow.py for tasks to queue
[2024-09-24T23:45:00.757+0000] {logging_mixin.py:190} INFO - [2024-09-24T23:45:00.756+0000] {dagbag.py:588} INFO - Filling up the DagBag from /home/airflow/.local/lib/python3.12/site-packages/airflow/example_dags/example_dataset_alias_with_no_taskflow.py
[2024-09-24T23:45:01.298+0000] {processor.py:925} INFO - DAG(s) 'dataset_s3_bucket_consumer_with_no_taskflow', 'dataset_s3_bucket_producer_with_no_taskflow', 'dataset_alias_example_alias_producer_with_no_taskflow', 'dataset_alias_example_alias_consumer_with_no_taskflow' retrieved from /home/airflow/.local/lib/python3.12/site-packages/airflow/example_dags/example_dataset_alias_with_no_taskflow.py
[2024-09-24T23:45:01.365+0000] {logging_mixin.py:190} INFO - [2024-09-24T23:45:01.365+0000] {dag.py:3239} INFO - Sync 4 DAGs
[2024-09-24T23:45:01.456+0000] {logging_mixin.py:190} INFO - [2024-09-24T23:45:01.455+0000] {dag.py:4180} INFO - Setting next_dagrun for dataset_alias_example_alias_consumer_with_no_taskflow to None, run_after=None
[2024-09-24T23:45:01.479+0000] {logging_mixin.py:190} INFO - [2024-09-24T23:45:01.478+0000] {dag.py:4180} INFO - Setting next_dagrun for dataset_alias_example_alias_producer_with_no_taskflow to None, run_after=None
[2024-09-24T23:45:01.484+0000] {logging_mixin.py:190} INFO - [2024-09-24T23:45:01.483+0000] {dag.py:4180} INFO - Setting next_dagrun for dataset_s3_bucket_consumer_with_no_taskflow to None, run_after=None
[2024-09-24T23:45:01.490+0000] {logging_mixin.py:190} INFO - [2024-09-24T23:45:01.489+0000] {dag.py:4180} INFO - Setting next_dagrun for dataset_s3_bucket_producer_with_no_taskflow to None, run_after=None
[2024-09-24T23:45:01.566+0000] {processor.py:208} INFO - Processing /home/airflow/.local/lib/python3.12/site-packages/airflow/example_dags/example_dataset_alias_with_no_taskflow.py took 0.831 seconds
[2024-09-24T23:45:32.447+0000] {processor.py:186} INFO - Started process (PID=4364) to work on /home/airflow/.local/lib/python3.12/site-packages/airflow/example_dags/example_dataset_alias_with_no_taskflow.py
[2024-09-24T23:45:32.450+0000] {processor.py:914} INFO - Processing file /home/airflow/.local/lib/python3.12/site-packages/airflow/example_dags/example_dataset_alias_with_no_taskflow.py for tasks to queue
[2024-09-24T23:45:32.459+0000] {logging_mixin.py:190} INFO - [2024-09-24T23:45:32.457+0000] {dagbag.py:588} INFO - Filling up the DagBag from /home/airflow/.local/lib/python3.12/site-packages/airflow/example_dags/example_dataset_alias_with_no_taskflow.py
[2024-09-24T23:45:32.947+0000] {processor.py:925} INFO - DAG(s) 'dataset_s3_bucket_consumer_with_no_taskflow', 'dataset_alias_example_alias_consumer_with_no_taskflow', 'dataset_s3_bucket_producer_with_no_taskflow', 'dataset_alias_example_alias_producer_with_no_taskflow' retrieved from /home/airflow/.local/lib/python3.12/site-packages/airflow/example_dags/example_dataset_alias_with_no_taskflow.py
[2024-09-24T23:45:33.053+0000] {logging_mixin.py:190} INFO - [2024-09-24T23:45:33.053+0000] {dag.py:3239} INFO - Sync 4 DAGs
[2024-09-24T23:45:33.261+0000] {logging_mixin.py:190} INFO - [2024-09-24T23:45:33.260+0000] {dag.py:4180} INFO - Setting next_dagrun for dataset_alias_example_alias_consumer_with_no_taskflow to None, run_after=None
[2024-09-24T23:45:33.271+0000] {logging_mixin.py:190} INFO - [2024-09-24T23:45:33.270+0000] {dag.py:4180} INFO - Setting next_dagrun for dataset_alias_example_alias_producer_with_no_taskflow to None, run_after=None
[2024-09-24T23:45:33.275+0000] {logging_mixin.py:190} INFO - [2024-09-24T23:45:33.275+0000] {dag.py:4180} INFO - Setting next_dagrun for dataset_s3_bucket_consumer_with_no_taskflow to None, run_after=None
[2024-09-24T23:45:33.279+0000] {logging_mixin.py:190} INFO - [2024-09-24T23:45:33.279+0000] {dag.py:4180} INFO - Setting next_dagrun for dataset_s3_bucket_producer_with_no_taskflow to None, run_after=None
[2024-09-24T23:45:33.365+0000] {processor.py:208} INFO - Processing /home/airflow/.local/lib/python3.12/site-packages/airflow/example_dags/example_dataset_alias_with_no_taskflow.py took 0.942 seconds
[2024-09-24T23:46:03.539+0000] {processor.py:186} INFO - Started process (PID=4650) to work on /home/airflow/.local/lib/python3.12/site-packages/airflow/example_dags/example_dataset_alias_with_no_taskflow.py
[2024-09-24T23:46:03.547+0000] {processor.py:914} INFO - Processing file /home/airflow/.local/lib/python3.12/site-packages/airflow/example_dags/example_dataset_alias_with_no_taskflow.py for tasks to queue
[2024-09-24T23:46:03.554+0000] {logging_mixin.py:190} INFO - [2024-09-24T23:46:03.553+0000] {dagbag.py:588} INFO - Filling up the DagBag from /home/airflow/.local/lib/python3.12/site-packages/airflow/example_dags/example_dataset_alias_with_no_taskflow.py
[2024-09-24T23:46:04.021+0000] {processor.py:925} INFO - DAG(s) 'dataset_alias_example_alias_consumer_with_no_taskflow', 'dataset_s3_bucket_consumer_with_no_taskflow', 'dataset_alias_example_alias_producer_with_no_taskflow', 'dataset_s3_bucket_producer_with_no_taskflow' retrieved from /home/airflow/.local/lib/python3.12/site-packages/airflow/example_dags/example_dataset_alias_with_no_taskflow.py
[2024-09-24T23:46:04.088+0000] {logging_mixin.py:190} INFO - [2024-09-24T23:46:04.087+0000] {dag.py:3239} INFO - Sync 4 DAGs
[2024-09-24T23:46:04.171+0000] {logging_mixin.py:190} INFO - [2024-09-24T23:46:04.171+0000] {dag.py:4180} INFO - Setting next_dagrun for dataset_alias_example_alias_consumer_with_no_taskflow to None, run_after=None
[2024-09-24T23:46:04.181+0000] {logging_mixin.py:190} INFO - [2024-09-24T23:46:04.179+0000] {dag.py:4180} INFO - Setting next_dagrun for dataset_alias_example_alias_producer_with_no_taskflow to None, run_after=None
[2024-09-24T23:46:04.188+0000] {logging_mixin.py:190} INFO - [2024-09-24T23:46:04.187+0000] {dag.py:4180} INFO - Setting next_dagrun for dataset_s3_bucket_consumer_with_no_taskflow to None, run_after=None
[2024-09-24T23:46:04.192+0000] {logging_mixin.py:190} INFO - [2024-09-24T23:46:04.192+0000] {dag.py:4180} INFO - Setting next_dagrun for dataset_s3_bucket_producer_with_no_taskflow to None, run_after=None
[2024-09-24T23:46:04.258+0000] {processor.py:208} INFO - Processing /home/airflow/.local/lib/python3.12/site-packages/airflow/example_dags/example_dataset_alias_with_no_taskflow.py took 0.736 seconds
[2024-09-24T23:46:34.492+0000] {processor.py:186} INFO - Started process (PID=4946) to work on /home/airflow/.local/lib/python3.12/site-packages/airflow/example_dags/example_dataset_alias_with_no_taskflow.py
[2024-09-24T23:46:34.494+0000] {processor.py:914} INFO - Processing file /home/airflow/.local/lib/python3.12/site-packages/airflow/example_dags/example_dataset_alias_with_no_taskflow.py for tasks to queue
[2024-09-24T23:46:34.499+0000] {logging_mixin.py:190} INFO - [2024-09-24T23:46:34.498+0000] {dagbag.py:588} INFO - Filling up the DagBag from /home/airflow/.local/lib/python3.12/site-packages/airflow/example_dags/example_dataset_alias_with_no_taskflow.py
[2024-09-24T23:46:34.813+0000] {processor.py:925} INFO - DAG(s) 'dataset_s3_bucket_producer_with_no_taskflow', 'dataset_alias_example_alias_producer_with_no_taskflow', 'dataset_s3_bucket_consumer_with_no_taskflow', 'dataset_alias_example_alias_consumer_with_no_taskflow' retrieved from /home/airflow/.local/lib/python3.12/site-packages/airflow/example_dags/example_dataset_alias_with_no_taskflow.py
[2024-09-24T23:46:34.879+0000] {logging_mixin.py:190} INFO - [2024-09-24T23:46:34.879+0000] {dag.py:3239} INFO - Sync 4 DAGs
[2024-09-24T23:46:34.938+0000] {logging_mixin.py:190} INFO - [2024-09-24T23:46:34.937+0000] {dag.py:4180} INFO - Setting next_dagrun for dataset_alias_example_alias_consumer_with_no_taskflow to None, run_after=None
[2024-09-24T23:46:34.944+0000] {logging_mixin.py:190} INFO - [2024-09-24T23:46:34.944+0000] {dag.py:4180} INFO - Setting next_dagrun for dataset_alias_example_alias_producer_with_no_taskflow to None, run_after=None
[2024-09-24T23:46:34.948+0000] {logging_mixin.py:190} INFO - [2024-09-24T23:46:34.948+0000] {dag.py:4180} INFO - Setting next_dagrun for dataset_s3_bucket_consumer_with_no_taskflow to None, run_after=None
[2024-09-24T23:46:34.952+0000] {logging_mixin.py:190} INFO - [2024-09-24T23:46:34.951+0000] {dag.py:4180} INFO - Setting next_dagrun for dataset_s3_bucket_producer_with_no_taskflow to None, run_after=None
[2024-09-24T23:46:35.003+0000] {processor.py:208} INFO - Processing /home/airflow/.local/lib/python3.12/site-packages/airflow/example_dags/example_dataset_alias_with_no_taskflow.py took 0.520 seconds
[2024-09-24T23:47:05.897+0000] {processor.py:186} INFO - Started process (PID=5232) to work on /home/airflow/.local/lib/python3.12/site-packages/airflow/example_dags/example_dataset_alias_with_no_taskflow.py
[2024-09-24T23:47:05.906+0000] {processor.py:914} INFO - Processing file /home/airflow/.local/lib/python3.12/site-packages/airflow/example_dags/example_dataset_alias_with_no_taskflow.py for tasks to queue
[2024-09-24T23:47:05.911+0000] {logging_mixin.py:190} INFO - [2024-09-24T23:47:05.911+0000] {dagbag.py:588} INFO - Filling up the DagBag from /home/airflow/.local/lib/python3.12/site-packages/airflow/example_dags/example_dataset_alias_with_no_taskflow.py
[2024-09-24T23:47:06.241+0000] {processor.py:925} INFO - DAG(s) 'dataset_s3_bucket_consumer_with_no_taskflow', 'dataset_s3_bucket_producer_with_no_taskflow', 'dataset_alias_example_alias_consumer_with_no_taskflow', 'dataset_alias_example_alias_producer_with_no_taskflow' retrieved from /home/airflow/.local/lib/python3.12/site-packages/airflow/example_dags/example_dataset_alias_with_no_taskflow.py
[2024-09-24T23:47:06.290+0000] {logging_mixin.py:190} INFO - [2024-09-24T23:47:06.289+0000] {dag.py:3239} INFO - Sync 4 DAGs
[2024-09-24T23:47:06.345+0000] {logging_mixin.py:190} INFO - [2024-09-24T23:47:06.344+0000] {dag.py:4180} INFO - Setting next_dagrun for dataset_alias_example_alias_consumer_with_no_taskflow to None, run_after=None
[2024-09-24T23:47:06.353+0000] {logging_mixin.py:190} INFO - [2024-09-24T23:47:06.352+0000] {dag.py:4180} INFO - Setting next_dagrun for dataset_alias_example_alias_producer_with_no_taskflow to None, run_after=None
[2024-09-24T23:47:06.356+0000] {logging_mixin.py:190} INFO - [2024-09-24T23:47:06.356+0000] {dag.py:4180} INFO - Setting next_dagrun for dataset_s3_bucket_consumer_with_no_taskflow to None, run_after=None
[2024-09-24T23:47:06.360+0000] {logging_mixin.py:190} INFO - [2024-09-24T23:47:06.359+0000] {dag.py:4180} INFO - Setting next_dagrun for dataset_s3_bucket_producer_with_no_taskflow to None, run_after=None
[2024-09-24T23:47:06.425+0000] {processor.py:208} INFO - Processing /home/airflow/.local/lib/python3.12/site-packages/airflow/example_dags/example_dataset_alias_with_no_taskflow.py took 0.545 seconds
[2024-09-24T23:47:37.282+0000] {processor.py:186} INFO - Started process (PID=5518) to work on /home/airflow/.local/lib/python3.12/site-packages/airflow/example_dags/example_dataset_alias_with_no_taskflow.py
[2024-09-24T23:47:37.283+0000] {processor.py:914} INFO - Processing file /home/airflow/.local/lib/python3.12/site-packages/airflow/example_dags/example_dataset_alias_with_no_taskflow.py for tasks to queue
[2024-09-24T23:47:37.288+0000] {logging_mixin.py:190} INFO - [2024-09-24T23:47:37.287+0000] {dagbag.py:588} INFO - Filling up the DagBag from /home/airflow/.local/lib/python3.12/site-packages/airflow/example_dags/example_dataset_alias_with_no_taskflow.py
[2024-09-24T23:47:37.565+0000] {processor.py:925} INFO - DAG(s) 'dataset_s3_bucket_producer_with_no_taskflow', 'dataset_alias_example_alias_producer_with_no_taskflow', 'dataset_alias_example_alias_consumer_with_no_taskflow', 'dataset_s3_bucket_consumer_with_no_taskflow' retrieved from /home/airflow/.local/lib/python3.12/site-packages/airflow/example_dags/example_dataset_alias_with_no_taskflow.py
[2024-09-24T23:47:37.617+0000] {logging_mixin.py:190} INFO - [2024-09-24T23:47:37.616+0000] {dag.py:3239} INFO - Sync 4 DAGs
[2024-09-24T23:47:37.661+0000] {logging_mixin.py:190} INFO - [2024-09-24T23:47:37.660+0000] {dag.py:4180} INFO - Setting next_dagrun for dataset_alias_example_alias_consumer_with_no_taskflow to None, run_after=None
[2024-09-24T23:47:37.668+0000] {logging_mixin.py:190} INFO - [2024-09-24T23:47:37.667+0000] {dag.py:4180} INFO - Setting next_dagrun for dataset_alias_example_alias_producer_with_no_taskflow to None, run_after=None
[2024-09-24T23:47:37.671+0000] {logging_mixin.py:190} INFO - [2024-09-24T23:47:37.671+0000] {dag.py:4180} INFO - Setting next_dagrun for dataset_s3_bucket_consumer_with_no_taskflow to None, run_after=None
[2024-09-24T23:47:37.674+0000] {logging_mixin.py:190} INFO - [2024-09-24T23:47:37.674+0000] {dag.py:4180} INFO - Setting next_dagrun for dataset_s3_bucket_producer_with_no_taskflow to None, run_after=None
[2024-09-24T23:47:37.716+0000] {processor.py:208} INFO - Processing /home/airflow/.local/lib/python3.12/site-packages/airflow/example_dags/example_dataset_alias_with_no_taskflow.py took 0.446 seconds
[2024-09-24T23:48:07.924+0000] {processor.py:186} INFO - Started process (PID=5804) to work on /home/airflow/.local/lib/python3.12/site-packages/airflow/example_dags/example_dataset_alias_with_no_taskflow.py
[2024-09-24T23:48:07.927+0000] {processor.py:914} INFO - Processing file /home/airflow/.local/lib/python3.12/site-packages/airflow/example_dags/example_dataset_alias_with_no_taskflow.py for tasks to queue
[2024-09-24T23:48:07.933+0000] {logging_mixin.py:190} INFO - [2024-09-24T23:48:07.932+0000] {dagbag.py:588} INFO - Filling up the DagBag from /home/airflow/.local/lib/python3.12/site-packages/airflow/example_dags/example_dataset_alias_with_no_taskflow.py
[2024-09-24T23:48:08.410+0000] {processor.py:925} INFO - DAG(s) 'dataset_s3_bucket_consumer_with_no_taskflow', 'dataset_alias_example_alias_consumer_with_no_taskflow', 'dataset_alias_example_alias_producer_with_no_taskflow', 'dataset_s3_bucket_producer_with_no_taskflow' retrieved from /home/airflow/.local/lib/python3.12/site-packages/airflow/example_dags/example_dataset_alias_with_no_taskflow.py
[2024-09-24T23:48:08.474+0000] {logging_mixin.py:190} INFO - [2024-09-24T23:48:08.473+0000] {dag.py:3239} INFO - Sync 4 DAGs
[2024-09-24T23:48:08.538+0000] {logging_mixin.py:190} INFO - [2024-09-24T23:48:08.538+0000] {dag.py:4180} INFO - Setting next_dagrun for dataset_alias_example_alias_consumer_with_no_taskflow to None, run_after=None
[2024-09-24T23:48:08.552+0000] {logging_mixin.py:190} INFO - [2024-09-24T23:48:08.551+0000] {dag.py:4180} INFO - Setting next_dagrun for dataset_alias_example_alias_producer_with_no_taskflow to None, run_after=None
[2024-09-24T23:48:08.558+0000] {logging_mixin.py:190} INFO - [2024-09-24T23:48:08.556+0000] {dag.py:4180} INFO - Setting next_dagrun for dataset_s3_bucket_consumer_with_no_taskflow to None, run_after=None
[2024-09-24T23:48:08.562+0000] {logging_mixin.py:190} INFO - [2024-09-24T23:48:08.561+0000] {dag.py:4180} INFO - Setting next_dagrun for dataset_s3_bucket_producer_with_no_taskflow to None, run_after=None
[2024-09-24T23:48:08.630+0000] {processor.py:208} INFO - Processing /home/airflow/.local/lib/python3.12/site-packages/airflow/example_dags/example_dataset_alias_with_no_taskflow.py took 0.719 seconds
[2024-09-24T23:48:38.840+0000] {processor.py:186} INFO - Started process (PID=6093) to work on /home/airflow/.local/lib/python3.12/site-packages/airflow/example_dags/example_dataset_alias_with_no_taskflow.py
[2024-09-24T23:48:38.842+0000] {processor.py:914} INFO - Processing file /home/airflow/.local/lib/python3.12/site-packages/airflow/example_dags/example_dataset_alias_with_no_taskflow.py for tasks to queue
[2024-09-24T23:48:38.846+0000] {logging_mixin.py:190} INFO - [2024-09-24T23:48:38.846+0000] {dagbag.py:588} INFO - Filling up the DagBag from /home/airflow/.local/lib/python3.12/site-packages/airflow/example_dags/example_dataset_alias_with_no_taskflow.py
[2024-09-24T23:48:39.206+0000] {processor.py:925} INFO - DAG(s) 'dataset_alias_example_alias_consumer_with_no_taskflow', 'dataset_s3_bucket_consumer_with_no_taskflow', 'dataset_s3_bucket_producer_with_no_taskflow', 'dataset_alias_example_alias_producer_with_no_taskflow' retrieved from /home/airflow/.local/lib/python3.12/site-packages/airflow/example_dags/example_dataset_alias_with_no_taskflow.py
[2024-09-24T23:48:39.257+0000] {logging_mixin.py:190} INFO - [2024-09-24T23:48:39.256+0000] {dag.py:3239} INFO - Sync 4 DAGs
[2024-09-24T23:48:39.309+0000] {logging_mixin.py:190} INFO - [2024-09-24T23:48:39.309+0000] {dag.py:4180} INFO - Setting next_dagrun for dataset_alias_example_alias_consumer_with_no_taskflow to None, run_after=None
[2024-09-24T23:48:39.315+0000] {logging_mixin.py:190} INFO - [2024-09-24T23:48:39.315+0000] {dag.py:4180} INFO - Setting next_dagrun for dataset_alias_example_alias_producer_with_no_taskflow to None, run_after=None
[2024-09-24T23:48:39.319+0000] {logging_mixin.py:190} INFO - [2024-09-24T23:48:39.318+0000] {dag.py:4180} INFO - Setting next_dagrun for dataset_s3_bucket_consumer_with_no_taskflow to None, run_after=None
[2024-09-24T23:48:39.323+0000] {logging_mixin.py:190} INFO - [2024-09-24T23:48:39.322+0000] {dag.py:4180} INFO - Setting next_dagrun for dataset_s3_bucket_producer_with_no_taskflow to None, run_after=None
[2024-09-24T23:48:39.374+0000] {processor.py:208} INFO - Processing /home/airflow/.local/lib/python3.12/site-packages/airflow/example_dags/example_dataset_alias_with_no_taskflow.py took 0.546 seconds
[2024-09-24T23:49:09.581+0000] {processor.py:186} INFO - Started process (PID=6386) to work on /home/airflow/.local/lib/python3.12/site-packages/airflow/example_dags/example_dataset_alias_with_no_taskflow.py
[2024-09-24T23:49:09.583+0000] {processor.py:914} INFO - Processing file /home/airflow/.local/lib/python3.12/site-packages/airflow/example_dags/example_dataset_alias_with_no_taskflow.py for tasks to queue
[2024-09-24T23:49:09.587+0000] {logging_mixin.py:190} INFO - [2024-09-24T23:49:09.587+0000] {dagbag.py:588} INFO - Filling up the DagBag from /home/airflow/.local/lib/python3.12/site-packages/airflow/example_dags/example_dataset_alias_with_no_taskflow.py
[2024-09-24T23:49:09.895+0000] {processor.py:925} INFO - DAG(s) 'dataset_s3_bucket_consumer_with_no_taskflow', 'dataset_alias_example_alias_producer_with_no_taskflow', 'dataset_alias_example_alias_consumer_with_no_taskflow', 'dataset_s3_bucket_producer_with_no_taskflow' retrieved from /home/airflow/.local/lib/python3.12/site-packages/airflow/example_dags/example_dataset_alias_with_no_taskflow.py
[2024-09-24T23:49:09.977+0000] {logging_mixin.py:190} INFO - [2024-09-24T23:49:09.976+0000] {dag.py:3239} INFO - Sync 4 DAGs
[2024-09-24T23:49:10.105+0000] {logging_mixin.py:190} INFO - [2024-09-24T23:49:10.104+0000] {dag.py:4180} INFO - Setting next_dagrun for dataset_alias_example_alias_consumer_with_no_taskflow to None, run_after=None
[2024-09-24T23:49:10.118+0000] {logging_mixin.py:190} INFO - [2024-09-24T23:49:10.117+0000] {dag.py:4180} INFO - Setting next_dagrun for dataset_alias_example_alias_producer_with_no_taskflow to None, run_after=None
[2024-09-24T23:49:10.125+0000] {logging_mixin.py:190} INFO - [2024-09-24T23:49:10.124+0000] {dag.py:4180} INFO - Setting next_dagrun for dataset_s3_bucket_consumer_with_no_taskflow to None, run_after=None
[2024-09-24T23:49:10.130+0000] {logging_mixin.py:190} INFO - [2024-09-24T23:49:10.129+0000] {dag.py:4180} INFO - Setting next_dagrun for dataset_s3_bucket_producer_with_no_taskflow to None, run_after=None
[2024-09-24T23:49:10.222+0000] {processor.py:208} INFO - Processing /home/airflow/.local/lib/python3.12/site-packages/airflow/example_dags/example_dataset_alias_with_no_taskflow.py took 0.656 seconds
[2024-09-24T23:49:41.103+0000] {processor.py:186} INFO - Started process (PID=6672) to work on /home/airflow/.local/lib/python3.12/site-packages/airflow/example_dags/example_dataset_alias_with_no_taskflow.py
[2024-09-24T23:49:41.108+0000] {processor.py:914} INFO - Processing file /home/airflow/.local/lib/python3.12/site-packages/airflow/example_dags/example_dataset_alias_with_no_taskflow.py for tasks to queue
[2024-09-24T23:49:41.114+0000] {logging_mixin.py:190} INFO - [2024-09-24T23:49:41.113+0000] {dagbag.py:588} INFO - Filling up the DagBag from /home/airflow/.local/lib/python3.12/site-packages/airflow/example_dags/example_dataset_alias_with_no_taskflow.py
[2024-09-24T23:49:41.634+0000] {processor.py:925} INFO - DAG(s) 'dataset_alias_example_alias_consumer_with_no_taskflow', 'dataset_alias_example_alias_producer_with_no_taskflow', 'dataset_s3_bucket_consumer_with_no_taskflow', 'dataset_s3_bucket_producer_with_no_taskflow' retrieved from /home/airflow/.local/lib/python3.12/site-packages/airflow/example_dags/example_dataset_alias_with_no_taskflow.py
[2024-09-24T23:49:41.719+0000] {logging_mixin.py:190} INFO - [2024-09-24T23:49:41.718+0000] {dag.py:3239} INFO - Sync 4 DAGs
[2024-09-24T23:49:41.820+0000] {logging_mixin.py:190} INFO - [2024-09-24T23:49:41.819+0000] {dag.py:4180} INFO - Setting next_dagrun for dataset_alias_example_alias_consumer_with_no_taskflow to None, run_after=None
[2024-09-24T23:49:41.833+0000] {logging_mixin.py:190} INFO - [2024-09-24T23:49:41.833+0000] {dag.py:4180} INFO - Setting next_dagrun for dataset_alias_example_alias_producer_with_no_taskflow to None, run_after=None
[2024-09-24T23:49:41.839+0000] {logging_mixin.py:190} INFO - [2024-09-24T23:49:41.839+0000] {dag.py:4180} INFO - Setting next_dagrun for dataset_s3_bucket_consumer_with_no_taskflow to None, run_after=None
[2024-09-24T23:49:41.844+0000] {logging_mixin.py:190} INFO - [2024-09-24T23:49:41.843+0000] {dag.py:4180} INFO - Setting next_dagrun for dataset_s3_bucket_producer_with_no_taskflow to None, run_after=None
[2024-09-24T23:49:41.921+0000] {processor.py:208} INFO - Processing /home/airflow/.local/lib/python3.12/site-packages/airflow/example_dags/example_dataset_alias_with_no_taskflow.py took 0.835 seconds
[2024-09-24T23:50:12.103+0000] {processor.py:186} INFO - Started process (PID=6963) to work on /home/airflow/.local/lib/python3.12/site-packages/airflow/example_dags/example_dataset_alias_with_no_taskflow.py
[2024-09-24T23:50:12.104+0000] {processor.py:914} INFO - Processing file /home/airflow/.local/lib/python3.12/site-packages/airflow/example_dags/example_dataset_alias_with_no_taskflow.py for tasks to queue
[2024-09-24T23:50:12.109+0000] {logging_mixin.py:190} INFO - [2024-09-24T23:50:12.108+0000] {dagbag.py:588} INFO - Filling up the DagBag from /home/airflow/.local/lib/python3.12/site-packages/airflow/example_dags/example_dataset_alias_with_no_taskflow.py
[2024-09-24T23:50:12.394+0000] {processor.py:925} INFO - DAG(s) 'dataset_alias_example_alias_producer_with_no_taskflow', 'dataset_s3_bucket_producer_with_no_taskflow', 'dataset_alias_example_alias_consumer_with_no_taskflow', 'dataset_s3_bucket_consumer_with_no_taskflow' retrieved from /home/airflow/.local/lib/python3.12/site-packages/airflow/example_dags/example_dataset_alias_with_no_taskflow.py
[2024-09-24T23:50:12.445+0000] {logging_mixin.py:190} INFO - [2024-09-24T23:50:12.444+0000] {dag.py:3239} INFO - Sync 4 DAGs
[2024-09-24T23:50:12.494+0000] {logging_mixin.py:190} INFO - [2024-09-24T23:50:12.493+0000] {dag.py:4180} INFO - Setting next_dagrun for dataset_alias_example_alias_consumer_with_no_taskflow to None, run_after=None
[2024-09-24T23:50:12.503+0000] {logging_mixin.py:190} INFO - [2024-09-24T23:50:12.502+0000] {dag.py:4180} INFO - Setting next_dagrun for dataset_alias_example_alias_producer_with_no_taskflow to None, run_after=None
[2024-09-24T23:50:12.506+0000] {logging_mixin.py:190} INFO - [2024-09-24T23:50:12.505+0000] {dag.py:4180} INFO - Setting next_dagrun for dataset_s3_bucket_consumer_with_no_taskflow to None, run_after=None
[2024-09-24T23:50:12.509+0000] {logging_mixin.py:190} INFO - [2024-09-24T23:50:12.509+0000] {dag.py:4180} INFO - Setting next_dagrun for dataset_s3_bucket_producer_with_no_taskflow to None, run_after=None
[2024-09-24T23:50:12.560+0000] {processor.py:208} INFO - Processing /home/airflow/.local/lib/python3.12/site-packages/airflow/example_dags/example_dataset_alias_with_no_taskflow.py took 0.469 seconds
[2024-09-24T23:50:43.047+0000] {processor.py:186} INFO - Started process (PID=7257) to work on /home/airflow/.local/lib/python3.12/site-packages/airflow/example_dags/example_dataset_alias_with_no_taskflow.py
[2024-09-24T23:50:43.050+0000] {processor.py:914} INFO - Processing file /home/airflow/.local/lib/python3.12/site-packages/airflow/example_dags/example_dataset_alias_with_no_taskflow.py for tasks to queue
[2024-09-24T23:50:43.057+0000] {logging_mixin.py:190} INFO - [2024-09-24T23:50:43.056+0000] {dagbag.py:588} INFO - Filling up the DagBag from /home/airflow/.local/lib/python3.12/site-packages/airflow/example_dags/example_dataset_alias_with_no_taskflow.py
[2024-09-24T23:50:43.456+0000] {processor.py:925} INFO - DAG(s) 'dataset_s3_bucket_producer_with_no_taskflow', 'dataset_alias_example_alias_consumer_with_no_taskflow', 'dataset_s3_bucket_consumer_with_no_taskflow', 'dataset_alias_example_alias_producer_with_no_taskflow' retrieved from /home/airflow/.local/lib/python3.12/site-packages/airflow/example_dags/example_dataset_alias_with_no_taskflow.py
[2024-09-24T23:50:43.509+0000] {logging_mixin.py:190} INFO - [2024-09-24T23:50:43.508+0000] {dag.py:3239} INFO - Sync 4 DAGs
[2024-09-24T23:50:43.573+0000] {logging_mixin.py:190} INFO - [2024-09-24T23:50:43.572+0000] {dag.py:4180} INFO - Setting next_dagrun for dataset_alias_example_alias_consumer_with_no_taskflow to None, run_after=None
[2024-09-24T23:50:43.584+0000] {logging_mixin.py:190} INFO - [2024-09-24T23:50:43.583+0000] {dag.py:4180} INFO - Setting next_dagrun for dataset_alias_example_alias_producer_with_no_taskflow to None, run_after=None
[2024-09-24T23:50:43.588+0000] {logging_mixin.py:190} INFO - [2024-09-24T23:50:43.587+0000] {dag.py:4180} INFO - Setting next_dagrun for dataset_s3_bucket_consumer_with_no_taskflow to None, run_after=None
[2024-09-24T23:50:43.593+0000] {logging_mixin.py:190} INFO - [2024-09-24T23:50:43.593+0000] {dag.py:4180} INFO - Setting next_dagrun for dataset_s3_bucket_producer_with_no_taskflow to None, run_after=None
[2024-09-24T23:50:43.670+0000] {processor.py:208} INFO - Processing /home/airflow/.local/lib/python3.12/site-packages/airflow/example_dags/example_dataset_alias_with_no_taskflow.py took 0.640 seconds
[2024-09-24T23:51:14.028+0000] {processor.py:186} INFO - Started process (PID=7543) to work on /home/airflow/.local/lib/python3.12/site-packages/airflow/example_dags/example_dataset_alias_with_no_taskflow.py
[2024-09-24T23:51:14.031+0000] {processor.py:914} INFO - Processing file /home/airflow/.local/lib/python3.12/site-packages/airflow/example_dags/example_dataset_alias_with_no_taskflow.py for tasks to queue
[2024-09-24T23:51:14.039+0000] {logging_mixin.py:190} INFO - [2024-09-24T23:51:14.037+0000] {dagbag.py:588} INFO - Filling up the DagBag from /home/airflow/.local/lib/python3.12/site-packages/airflow/example_dags/example_dataset_alias_with_no_taskflow.py
[2024-09-24T23:51:14.473+0000] {processor.py:925} INFO - DAG(s) 'dataset_alias_example_alias_producer_with_no_taskflow', 'dataset_alias_example_alias_consumer_with_no_taskflow', 'dataset_s3_bucket_producer_with_no_taskflow', 'dataset_s3_bucket_consumer_with_no_taskflow' retrieved from /home/airflow/.local/lib/python3.12/site-packages/airflow/example_dags/example_dataset_alias_with_no_taskflow.py
[2024-09-24T23:51:14.549+0000] {logging_mixin.py:190} INFO - [2024-09-24T23:51:14.548+0000] {dag.py:3239} INFO - Sync 4 DAGs
[2024-09-24T23:51:14.615+0000] {logging_mixin.py:190} INFO - [2024-09-24T23:51:14.615+0000] {dag.py:4180} INFO - Setting next_dagrun for dataset_alias_example_alias_consumer_with_no_taskflow to None, run_after=None
[2024-09-24T23:51:14.622+0000] {logging_mixin.py:190} INFO - [2024-09-24T23:51:14.622+0000] {dag.py:4180} INFO - Setting next_dagrun for dataset_alias_example_alias_producer_with_no_taskflow to None, run_after=None
[2024-09-24T23:51:14.626+0000] {logging_mixin.py:190} INFO - [2024-09-24T23:51:14.625+0000] {dag.py:4180} INFO - Setting next_dagrun for dataset_s3_bucket_consumer_with_no_taskflow to None, run_after=None
[2024-09-24T23:51:14.630+0000] {logging_mixin.py:190} INFO - [2024-09-24T23:51:14.629+0000] {dag.py:4180} INFO - Setting next_dagrun for dataset_s3_bucket_producer_with_no_taskflow to None, run_after=None
[2024-09-24T23:51:14.695+0000] {processor.py:208} INFO - Processing /home/airflow/.local/lib/python3.12/site-packages/airflow/example_dags/example_dataset_alias_with_no_taskflow.py took 0.694 seconds
[2024-09-24T23:51:45.111+0000] {processor.py:186} INFO - Started process (PID=7831) to work on /home/airflow/.local/lib/python3.12/site-packages/airflow/example_dags/example_dataset_alias_with_no_taskflow.py
[2024-09-24T23:51:45.116+0000] {processor.py:914} INFO - Processing file /home/airflow/.local/lib/python3.12/site-packages/airflow/example_dags/example_dataset_alias_with_no_taskflow.py for tasks to queue
[2024-09-24T23:51:45.121+0000] {logging_mixin.py:190} INFO - [2024-09-24T23:51:45.120+0000] {dagbag.py:588} INFO - Filling up the DagBag from /home/airflow/.local/lib/python3.12/site-packages/airflow/example_dags/example_dataset_alias_with_no_taskflow.py
[2024-09-24T23:51:45.495+0000] {processor.py:925} INFO - DAG(s) 'dataset_alias_example_alias_consumer_with_no_taskflow', 'dataset_s3_bucket_consumer_with_no_taskflow', 'dataset_alias_example_alias_producer_with_no_taskflow', 'dataset_s3_bucket_producer_with_no_taskflow' retrieved from /home/airflow/.local/lib/python3.12/site-packages/airflow/example_dags/example_dataset_alias_with_no_taskflow.py
[2024-09-24T23:51:45.557+0000] {logging_mixin.py:190} INFO - [2024-09-24T23:51:45.557+0000] {dag.py:3239} INFO - Sync 4 DAGs
[2024-09-24T23:51:45.633+0000] {logging_mixin.py:190} INFO - [2024-09-24T23:51:45.632+0000] {dag.py:4180} INFO - Setting next_dagrun for dataset_alias_example_alias_consumer_with_no_taskflow to None, run_after=None
[2024-09-24T23:51:45.639+0000] {logging_mixin.py:190} INFO - [2024-09-24T23:51:45.639+0000] {dag.py:4180} INFO - Setting next_dagrun for dataset_alias_example_alias_producer_with_no_taskflow to None, run_after=None
[2024-09-24T23:51:45.643+0000] {logging_mixin.py:190} INFO - [2024-09-24T23:51:45.642+0000] {dag.py:4180} INFO - Setting next_dagrun for dataset_s3_bucket_consumer_with_no_taskflow to None, run_after=None
[2024-09-24T23:51:45.647+0000] {logging_mixin.py:190} INFO - [2024-09-24T23:51:45.647+0000] {dag.py:4180} INFO - Setting next_dagrun for dataset_s3_bucket_producer_with_no_taskflow to None, run_after=None
[2024-09-24T23:51:45.695+0000] {processor.py:208} INFO - Processing /home/airflow/.local/lib/python3.12/site-packages/airflow/example_dags/example_dataset_alias_with_no_taskflow.py took 0.597 seconds
[2024-09-24T23:52:15.944+0000] {processor.py:186} INFO - Started process (PID=8121) to work on /home/airflow/.local/lib/python3.12/site-packages/airflow/example_dags/example_dataset_alias_with_no_taskflow.py
[2024-09-24T23:52:15.946+0000] {processor.py:914} INFO - Processing file /home/airflow/.local/lib/python3.12/site-packages/airflow/example_dags/example_dataset_alias_with_no_taskflow.py for tasks to queue
[2024-09-24T23:52:15.950+0000] {logging_mixin.py:190} INFO - [2024-09-24T23:52:15.949+0000] {dagbag.py:588} INFO - Filling up the DagBag from /home/airflow/.local/lib/python3.12/site-packages/airflow/example_dags/example_dataset_alias_with_no_taskflow.py
[2024-09-24T23:52:16.254+0000] {processor.py:925} INFO - DAG(s) 'dataset_alias_example_alias_consumer_with_no_taskflow', 'dataset_s3_bucket_consumer_with_no_taskflow', 'dataset_s3_bucket_producer_with_no_taskflow', 'dataset_alias_example_alias_producer_with_no_taskflow' retrieved from /home/airflow/.local/lib/python3.12/site-packages/airflow/example_dags/example_dataset_alias_with_no_taskflow.py
[2024-09-24T23:52:16.296+0000] {logging_mixin.py:190} INFO - [2024-09-24T23:52:16.296+0000] {dag.py:3239} INFO - Sync 4 DAGs
[2024-09-24T23:52:16.340+0000] {logging_mixin.py:190} INFO - [2024-09-24T23:52:16.340+0000] {dag.py:4180} INFO - Setting next_dagrun for dataset_alias_example_alias_consumer_with_no_taskflow to None, run_after=None
[2024-09-24T23:52:16.347+0000] {logging_mixin.py:190} INFO - [2024-09-24T23:52:16.346+0000] {dag.py:4180} INFO - Setting next_dagrun for dataset_alias_example_alias_producer_with_no_taskflow to None, run_after=None
[2024-09-24T23:52:16.350+0000] {logging_mixin.py:190} INFO - [2024-09-24T23:52:16.350+0000] {dag.py:4180} INFO - Setting next_dagrun for dataset_s3_bucket_consumer_with_no_taskflow to None, run_after=None
[2024-09-24T23:52:16.354+0000] {logging_mixin.py:190} INFO - [2024-09-24T23:52:16.354+0000] {dag.py:4180} INFO - Setting next_dagrun for dataset_s3_bucket_producer_with_no_taskflow to None, run_after=None
[2024-09-24T23:52:16.402+0000] {processor.py:208} INFO - Processing /home/airflow/.local/lib/python3.12/site-packages/airflow/example_dags/example_dataset_alias_with_no_taskflow.py took 0.468 seconds
[2024-09-24T23:52:46.683+0000] {processor.py:186} INFO - Started process (PID=8399) to work on /home/airflow/.local/lib/python3.12/site-packages/airflow/example_dags/example_dataset_alias_with_no_taskflow.py
[2024-09-24T23:52:46.685+0000] {processor.py:914} INFO - Processing file /home/airflow/.local/lib/python3.12/site-packages/airflow/example_dags/example_dataset_alias_with_no_taskflow.py for tasks to queue
[2024-09-24T23:52:46.689+0000] {logging_mixin.py:190} INFO - [2024-09-24T23:52:46.688+0000] {dagbag.py:588} INFO - Filling up the DagBag from /home/airflow/.local/lib/python3.12/site-packages/airflow/example_dags/example_dataset_alias_with_no_taskflow.py
[2024-09-24T23:52:47.008+0000] {processor.py:925} INFO - DAG(s) 'dataset_alias_example_alias_producer_with_no_taskflow', 'dataset_s3_bucket_producer_with_no_taskflow', 'dataset_s3_bucket_consumer_with_no_taskflow', 'dataset_alias_example_alias_consumer_with_no_taskflow' retrieved from /home/airflow/.local/lib/python3.12/site-packages/airflow/example_dags/example_dataset_alias_with_no_taskflow.py
[2024-09-24T23:52:47.058+0000] {logging_mixin.py:190} INFO - [2024-09-24T23:52:47.057+0000] {dag.py:3239} INFO - Sync 4 DAGs
[2024-09-24T23:52:47.108+0000] {logging_mixin.py:190} INFO - [2024-09-24T23:52:47.107+0000] {dag.py:4180} INFO - Setting next_dagrun for dataset_alias_example_alias_consumer_with_no_taskflow to None, run_after=None
[2024-09-24T23:52:47.119+0000] {logging_mixin.py:190} INFO - [2024-09-24T23:52:47.118+0000] {dag.py:4180} INFO - Setting next_dagrun for dataset_alias_example_alias_producer_with_no_taskflow to None, run_after=None
[2024-09-24T23:52:47.122+0000] {logging_mixin.py:190} INFO - [2024-09-24T23:52:47.122+0000] {dag.py:4180} INFO - Setting next_dagrun for dataset_s3_bucket_consumer_with_no_taskflow to None, run_after=None
[2024-09-24T23:52:47.125+0000] {logging_mixin.py:190} INFO - [2024-09-24T23:52:47.125+0000] {dag.py:4180} INFO - Setting next_dagrun for dataset_s3_bucket_producer_with_no_taskflow to None, run_after=None
[2024-09-24T23:52:47.176+0000] {processor.py:208} INFO - Processing /home/airflow/.local/lib/python3.12/site-packages/airflow/example_dags/example_dataset_alias_with_no_taskflow.py took 0.504 seconds
[2024-09-24T23:53:17.304+0000] {processor.py:186} INFO - Started process (PID=8685) to work on /home/airflow/.local/lib/python3.12/site-packages/airflow/example_dags/example_dataset_alias_with_no_taskflow.py
[2024-09-24T23:53:17.306+0000] {processor.py:914} INFO - Processing file /home/airflow/.local/lib/python3.12/site-packages/airflow/example_dags/example_dataset_alias_with_no_taskflow.py for tasks to queue
[2024-09-24T23:53:17.310+0000] {logging_mixin.py:190} INFO - [2024-09-24T23:53:17.309+0000] {dagbag.py:588} INFO - Filling up the DagBag from /home/airflow/.local/lib/python3.12/site-packages/airflow/example_dags/example_dataset_alias_with_no_taskflow.py
[2024-09-24T23:53:17.600+0000] {processor.py:925} INFO - DAG(s) 'dataset_s3_bucket_consumer_with_no_taskflow', 'dataset_alias_example_alias_consumer_with_no_taskflow', 'dataset_s3_bucket_producer_with_no_taskflow', 'dataset_alias_example_alias_producer_with_no_taskflow' retrieved from /home/airflow/.local/lib/python3.12/site-packages/airflow/example_dags/example_dataset_alias_with_no_taskflow.py
[2024-09-24T23:53:17.648+0000] {logging_mixin.py:190} INFO - [2024-09-24T23:53:17.648+0000] {dag.py:3239} INFO - Sync 4 DAGs
[2024-09-24T23:53:17.695+0000] {logging_mixin.py:190} INFO - [2024-09-24T23:53:17.694+0000] {dag.py:4180} INFO - Setting next_dagrun for dataset_alias_example_alias_consumer_with_no_taskflow to None, run_after=None
[2024-09-24T23:53:17.703+0000] {logging_mixin.py:190} INFO - [2024-09-24T23:53:17.703+0000] {dag.py:4180} INFO - Setting next_dagrun for dataset_alias_example_alias_producer_with_no_taskflow to None, run_after=None
[2024-09-24T23:53:17.706+0000] {logging_mixin.py:190} INFO - [2024-09-24T23:53:17.705+0000] {dag.py:4180} INFO - Setting next_dagrun for dataset_s3_bucket_consumer_with_no_taskflow to None, run_after=None
[2024-09-24T23:53:17.709+0000] {logging_mixin.py:190} INFO - [2024-09-24T23:53:17.708+0000] {dag.py:4180} INFO - Setting next_dagrun for dataset_s3_bucket_producer_with_no_taskflow to None, run_after=None
[2024-09-24T23:53:17.755+0000] {processor.py:208} INFO - Processing /home/airflow/.local/lib/python3.12/site-packages/airflow/example_dags/example_dataset_alias_with_no_taskflow.py took 0.459 seconds
[2024-09-24T23:53:47.885+0000] {processor.py:186} INFO - Started process (PID=8971) to work on /home/airflow/.local/lib/python3.12/site-packages/airflow/example_dags/example_dataset_alias_with_no_taskflow.py
[2024-09-24T23:53:47.888+0000] {processor.py:914} INFO - Processing file /home/airflow/.local/lib/python3.12/site-packages/airflow/example_dags/example_dataset_alias_with_no_taskflow.py for tasks to queue
[2024-09-24T23:53:47.893+0000] {logging_mixin.py:190} INFO - [2024-09-24T23:53:47.892+0000] {dagbag.py:588} INFO - Filling up the DagBag from /home/airflow/.local/lib/python3.12/site-packages/airflow/example_dags/example_dataset_alias_with_no_taskflow.py
[2024-09-24T23:53:48.222+0000] {processor.py:925} INFO - DAG(s) 'dataset_s3_bucket_producer_with_no_taskflow', 'dataset_alias_example_alias_producer_with_no_taskflow', 'dataset_alias_example_alias_consumer_with_no_taskflow', 'dataset_s3_bucket_consumer_with_no_taskflow' retrieved from /home/airflow/.local/lib/python3.12/site-packages/airflow/example_dags/example_dataset_alias_with_no_taskflow.py
[2024-09-24T23:53:48.280+0000] {logging_mixin.py:190} INFO - [2024-09-24T23:53:48.280+0000] {dag.py:3239} INFO - Sync 4 DAGs
[2024-09-24T23:53:48.345+0000] {logging_mixin.py:190} INFO - [2024-09-24T23:53:48.344+0000] {dag.py:4180} INFO - Setting next_dagrun for dataset_alias_example_alias_consumer_with_no_taskflow to None, run_after=None
[2024-09-24T23:53:48.353+0000] {logging_mixin.py:190} INFO - [2024-09-24T23:53:48.352+0000] {dag.py:4180} INFO - Setting next_dagrun for dataset_alias_example_alias_producer_with_no_taskflow to None, run_after=None
[2024-09-24T23:53:48.357+0000] {logging_mixin.py:190} INFO - [2024-09-24T23:53:48.357+0000] {dag.py:4180} INFO - Setting next_dagrun for dataset_s3_bucket_consumer_with_no_taskflow to None, run_after=None
[2024-09-24T23:53:48.362+0000] {logging_mixin.py:190} INFO - [2024-09-24T23:53:48.361+0000] {dag.py:4180} INFO - Setting next_dagrun for dataset_s3_bucket_producer_with_no_taskflow to None, run_after=None
[2024-09-24T23:53:48.425+0000] {processor.py:208} INFO - Processing /home/airflow/.local/lib/python3.12/site-packages/airflow/example_dags/example_dataset_alias_with_no_taskflow.py took 0.551 seconds
[2024-09-24T23:54:19.233+0000] {processor.py:186} INFO - Started process (PID=9262) to work on /home/airflow/.local/lib/python3.12/site-packages/airflow/example_dags/example_dataset_alias_with_no_taskflow.py
[2024-09-24T23:54:19.235+0000] {processor.py:914} INFO - Processing file /home/airflow/.local/lib/python3.12/site-packages/airflow/example_dags/example_dataset_alias_with_no_taskflow.py for tasks to queue
[2024-09-24T23:54:19.240+0000] {logging_mixin.py:190} INFO - [2024-09-24T23:54:19.239+0000] {dagbag.py:588} INFO - Filling up the DagBag from /home/airflow/.local/lib/python3.12/site-packages/airflow/example_dags/example_dataset_alias_with_no_taskflow.py
[2024-09-24T23:54:19.587+0000] {processor.py:925} INFO - DAG(s) 'dataset_s3_bucket_producer_with_no_taskflow', 'dataset_alias_example_alias_consumer_with_no_taskflow', 'dataset_alias_example_alias_producer_with_no_taskflow', 'dataset_s3_bucket_consumer_with_no_taskflow' retrieved from /home/airflow/.local/lib/python3.12/site-packages/airflow/example_dags/example_dataset_alias_with_no_taskflow.py
[2024-09-24T23:54:19.636+0000] {logging_mixin.py:190} INFO - [2024-09-24T23:54:19.636+0000] {dag.py:3239} INFO - Sync 4 DAGs
[2024-09-24T23:54:19.687+0000] {logging_mixin.py:190} INFO - [2024-09-24T23:54:19.686+0000] {dag.py:4180} INFO - Setting next_dagrun for dataset_alias_example_alias_consumer_with_no_taskflow to None, run_after=None
[2024-09-24T23:54:19.692+0000] {logging_mixin.py:190} INFO - [2024-09-24T23:54:19.692+0000] {dag.py:4180} INFO - Setting next_dagrun for dataset_alias_example_alias_producer_with_no_taskflow to None, run_after=None
[2024-09-24T23:54:19.696+0000] {logging_mixin.py:190} INFO - [2024-09-24T23:54:19.695+0000] {dag.py:4180} INFO - Setting next_dagrun for dataset_s3_bucket_consumer_with_no_taskflow to None, run_after=None
[2024-09-24T23:54:19.699+0000] {logging_mixin.py:190} INFO - [2024-09-24T23:54:19.698+0000] {dag.py:4180} INFO - Setting next_dagrun for dataset_s3_bucket_producer_with_no_taskflow to None, run_after=None
[2024-09-24T23:54:19.748+0000] {processor.py:208} INFO - Processing /home/airflow/.local/lib/python3.12/site-packages/airflow/example_dags/example_dataset_alias_with_no_taskflow.py took 0.531 seconds
[2024-09-24T23:54:49.921+0000] {processor.py:186} INFO - Started process (PID=9548) to work on /home/airflow/.local/lib/python3.12/site-packages/airflow/example_dags/example_dataset_alias_with_no_taskflow.py
[2024-09-24T23:54:49.923+0000] {processor.py:914} INFO - Processing file /home/airflow/.local/lib/python3.12/site-packages/airflow/example_dags/example_dataset_alias_with_no_taskflow.py for tasks to queue
[2024-09-24T23:54:49.927+0000] {logging_mixin.py:190} INFO - [2024-09-24T23:54:49.926+0000] {dagbag.py:588} INFO - Filling up the DagBag from /home/airflow/.local/lib/python3.12/site-packages/airflow/example_dags/example_dataset_alias_with_no_taskflow.py
[2024-09-24T23:54:50.207+0000] {processor.py:925} INFO - DAG(s) 'dataset_alias_example_alias_producer_with_no_taskflow', 'dataset_alias_example_alias_consumer_with_no_taskflow', 'dataset_s3_bucket_producer_with_no_taskflow', 'dataset_s3_bucket_consumer_with_no_taskflow' retrieved from /home/airflow/.local/lib/python3.12/site-packages/airflow/example_dags/example_dataset_alias_with_no_taskflow.py
[2024-09-24T23:54:50.254+0000] {logging_mixin.py:190} INFO - [2024-09-24T23:54:50.253+0000] {dag.py:3239} INFO - Sync 4 DAGs
[2024-09-24T23:54:50.300+0000] {logging_mixin.py:190} INFO - [2024-09-24T23:54:50.299+0000] {dag.py:4180} INFO - Setting next_dagrun for dataset_alias_example_alias_consumer_with_no_taskflow to None, run_after=None
[2024-09-24T23:54:50.307+0000] {logging_mixin.py:190} INFO - [2024-09-24T23:54:50.307+0000] {dag.py:4180} INFO - Setting next_dagrun for dataset_alias_example_alias_producer_with_no_taskflow to None, run_after=None
[2024-09-24T23:54:50.311+0000] {logging_mixin.py:190} INFO - [2024-09-24T23:54:50.310+0000] {dag.py:4180} INFO - Setting next_dagrun for dataset_s3_bucket_consumer_with_no_taskflow to None, run_after=None
[2024-09-24T23:54:50.315+0000] {logging_mixin.py:190} INFO - [2024-09-24T23:54:50.314+0000] {dag.py:4180} INFO - Setting next_dagrun for dataset_s3_bucket_producer_with_no_taskflow to None, run_after=None
[2024-09-24T23:54:50.378+0000] {processor.py:208} INFO - Processing /home/airflow/.local/lib/python3.12/site-packages/airflow/example_dags/example_dataset_alias_with_no_taskflow.py took 0.467 seconds
[2024-09-24T23:55:20.771+0000] {processor.py:186} INFO - Started process (PID=9834) to work on /home/airflow/.local/lib/python3.12/site-packages/airflow/example_dags/example_dataset_alias_with_no_taskflow.py
[2024-09-24T23:55:20.773+0000] {processor.py:914} INFO - Processing file /home/airflow/.local/lib/python3.12/site-packages/airflow/example_dags/example_dataset_alias_with_no_taskflow.py for tasks to queue
[2024-09-24T23:55:20.778+0000] {logging_mixin.py:190} INFO - [2024-09-24T23:55:20.777+0000] {dagbag.py:588} INFO - Filling up the DagBag from /home/airflow/.local/lib/python3.12/site-packages/airflow/example_dags/example_dataset_alias_with_no_taskflow.py
[2024-09-24T23:55:21.102+0000] {processor.py:925} INFO - DAG(s) 'dataset_s3_bucket_consumer_with_no_taskflow', 'dataset_alias_example_alias_producer_with_no_taskflow', 'dataset_alias_example_alias_consumer_with_no_taskflow', 'dataset_s3_bucket_producer_with_no_taskflow' retrieved from /home/airflow/.local/lib/python3.12/site-packages/airflow/example_dags/example_dataset_alias_with_no_taskflow.py
[2024-09-24T23:55:21.149+0000] {logging_mixin.py:190} INFO - [2024-09-24T23:55:21.149+0000] {dag.py:3239} INFO - Sync 4 DAGs
[2024-09-24T23:55:21.206+0000] {logging_mixin.py:190} INFO - [2024-09-24T23:55:21.206+0000] {dag.py:4180} INFO - Setting next_dagrun for dataset_alias_example_alias_consumer_with_no_taskflow to None, run_after=None
[2024-09-24T23:55:21.214+0000] {logging_mixin.py:190} INFO - [2024-09-24T23:55:21.214+0000] {dag.py:4180} INFO - Setting next_dagrun for dataset_alias_example_alias_producer_with_no_taskflow to None, run_after=None
[2024-09-24T23:55:21.218+0000] {logging_mixin.py:190} INFO - [2024-09-24T23:55:21.218+0000] {dag.py:4180} INFO - Setting next_dagrun for dataset_s3_bucket_consumer_with_no_taskflow to None, run_after=None
[2024-09-24T23:55:21.222+0000] {logging_mixin.py:190} INFO - [2024-09-24T23:55:21.221+0000] {dag.py:4180} INFO - Setting next_dagrun for dataset_s3_bucket_producer_with_no_taskflow to None, run_after=None
[2024-09-24T23:55:21.281+0000] {processor.py:208} INFO - Processing /home/airflow/.local/lib/python3.12/site-packages/airflow/example_dags/example_dataset_alias_with_no_taskflow.py took 0.522 seconds
[2024-09-24T23:55:53.554+0000] {processor.py:186} INFO - Started process (PID=10088) to work on /home/airflow/.local/lib/python3.12/site-packages/airflow/example_dags/example_dataset_alias_with_no_taskflow.py
[2024-09-24T23:55:53.558+0000] {processor.py:914} INFO - Processing file /home/airflow/.local/lib/python3.12/site-packages/airflow/example_dags/example_dataset_alias_with_no_taskflow.py for tasks to queue
[2024-09-24T23:55:53.571+0000] {logging_mixin.py:190} INFO - [2024-09-24T23:55:53.567+0000] {dagbag.py:588} INFO - Filling up the DagBag from /home/airflow/.local/lib/python3.12/site-packages/airflow/example_dags/example_dataset_alias_with_no_taskflow.py
[2024-09-24T23:55:54.512+0000] {processor.py:925} INFO - DAG(s) 'dataset_s3_bucket_producer_with_no_taskflow', 'dataset_alias_example_alias_producer_with_no_taskflow', 'dataset_s3_bucket_consumer_with_no_taskflow', 'dataset_alias_example_alias_consumer_with_no_taskflow' retrieved from /home/airflow/.local/lib/python3.12/site-packages/airflow/example_dags/example_dataset_alias_with_no_taskflow.py
[2024-09-24T23:55:54.666+0000] {logging_mixin.py:190} INFO - [2024-09-24T23:55:54.665+0000] {dag.py:3239} INFO - Sync 4 DAGs
[2024-09-24T23:55:54.775+0000] {logging_mixin.py:190} INFO - [2024-09-24T23:55:54.775+0000] {dag.py:4180} INFO - Setting next_dagrun for dataset_alias_example_alias_consumer_with_no_taskflow to None, run_after=None
[2024-09-24T23:55:54.786+0000] {logging_mixin.py:190} INFO - [2024-09-24T23:55:54.785+0000] {dag.py:4180} INFO - Setting next_dagrun for dataset_alias_example_alias_producer_with_no_taskflow to None, run_after=None
[2024-09-24T23:55:54.791+0000] {logging_mixin.py:190} INFO - [2024-09-24T23:55:54.790+0000] {dag.py:4180} INFO - Setting next_dagrun for dataset_s3_bucket_consumer_with_no_taskflow to None, run_after=None
[2024-09-24T23:55:54.799+0000] {logging_mixin.py:190} INFO - [2024-09-24T23:55:54.798+0000] {dag.py:4180} INFO - Setting next_dagrun for dataset_s3_bucket_producer_with_no_taskflow to None, run_after=None
[2024-09-24T23:55:54.889+0000] {processor.py:208} INFO - Processing /home/airflow/.local/lib/python3.12/site-packages/airflow/example_dags/example_dataset_alias_with_no_taskflow.py took 1.357 seconds
