[2024-09-24T23:37:52.409+0000] {processor.py:186} INFO - Started process (PID=215) to work on /home/airflow/.local/lib/python3.12/site-packages/airflow/example_dags/tutorial_objectstorage.py
[2024-09-24T23:37:52.413+0000] {processor.py:914} INFO - Processing file /home/airflow/.local/lib/python3.12/site-packages/airflow/example_dags/tutorial_objectstorage.py for tasks to queue
[2024-09-24T23:37:52.427+0000] {logging_mixin.py:190} INFO - [2024-09-24T23:37:52.426+0000] {dagbag.py:588} INFO - Filling up the DagBag from /home/airflow/.local/lib/python3.12/site-packages/airflow/example_dags/tutorial_objectstorage.py
[2024-09-24T23:37:52.468+0000] {processor.py:925} INFO - DAG(s) 'tutorial_objectstorage' retrieved from /home/airflow/.local/lib/python3.12/site-packages/airflow/example_dags/tutorial_objectstorage.py
[2024-09-24T23:37:53.105+0000] {logging_mixin.py:190} INFO - [2024-09-24T23:37:53.103+0000] {override.py:1900} INFO - Created Permission View: can edit on DAG:tutorial_objectstorage
[2024-09-24T23:37:53.153+0000] {logging_mixin.py:190} INFO - [2024-09-24T23:37:53.152+0000] {override.py:1900} INFO - Created Permission View: can read on DAG:tutorial_objectstorage
[2024-09-24T23:37:53.200+0000] {logging_mixin.py:190} INFO - [2024-09-24T23:37:53.199+0000] {override.py:1900} INFO - Created Permission View: can delete on DAG:tutorial_objectstorage
[2024-09-24T23:37:53.295+0000] {logging_mixin.py:190} INFO - [2024-09-24T23:37:53.293+0000] {override.py:1900} INFO - Created Permission View: can read on DAG Run:tutorial_objectstorage
[2024-09-24T23:37:53.363+0000] {logging_mixin.py:190} INFO - [2024-09-24T23:37:53.362+0000] {override.py:1900} INFO - Created Permission View: menu access on DAG Run:tutorial_objectstorage
[2024-09-24T23:37:53.441+0000] {logging_mixin.py:190} INFO - [2024-09-24T23:37:53.434+0000] {override.py:1900} INFO - Created Permission View: can delete on DAG Run:tutorial_objectstorage
[2024-09-24T23:37:53.505+0000] {logging_mixin.py:190} INFO - [2024-09-24T23:37:53.504+0000] {override.py:1900} INFO - Created Permission View: can create on DAG Run:tutorial_objectstorage
[2024-09-24T23:37:53.507+0000] {logging_mixin.py:190} INFO - [2024-09-24T23:37:53.507+0000] {dag.py:3239} INFO - Sync 1 DAGs
[2024-09-24T23:37:53.600+0000] {logging_mixin.py:190} INFO - [2024-09-24T23:37:53.600+0000] {dag.py:3262} INFO - Creating ORM DAG for tutorial_objectstorage
[2024-09-24T23:37:53.605+0000] {logging_mixin.py:190} INFO - [2024-09-24T23:37:53.605+0000] {dag.py:4180} INFO - Setting next_dagrun for tutorial_objectstorage to None, run_after=None
[2024-09-24T23:37:53.740+0000] {processor.py:208} INFO - Processing /home/airflow/.local/lib/python3.12/site-packages/airflow/example_dags/tutorial_objectstorage.py took 1.388 seconds
[2024-09-24T23:38:34.520+0000] {processor.py:186} INFO - Started process (PID=507) to work on /home/airflow/.local/lib/python3.12/site-packages/airflow/example_dags/tutorial_objectstorage.py
[2024-09-24T23:38:34.524+0000] {processor.py:914} INFO - Processing file /home/airflow/.local/lib/python3.12/site-packages/airflow/example_dags/tutorial_objectstorage.py for tasks to queue
[2024-09-24T23:38:34.530+0000] {logging_mixin.py:190} INFO - [2024-09-24T23:38:34.529+0000] {dagbag.py:588} INFO - Filling up the DagBag from /home/airflow/.local/lib/python3.12/site-packages/airflow/example_dags/tutorial_objectstorage.py
[2024-09-24T23:38:34.557+0000] {processor.py:925} INFO - DAG(s) 'tutorial_objectstorage' retrieved from /home/airflow/.local/lib/python3.12/site-packages/airflow/example_dags/tutorial_objectstorage.py
[2024-09-24T23:38:34.606+0000] {logging_mixin.py:190} INFO - [2024-09-24T23:38:34.606+0000] {dag.py:3239} INFO - Sync 1 DAGs
[2024-09-24T23:38:34.659+0000] {logging_mixin.py:190} INFO - [2024-09-24T23:38:34.659+0000] {dag.py:4180} INFO - Setting next_dagrun for tutorial_objectstorage to None, run_after=None
[2024-09-24T23:38:34.721+0000] {processor.py:208} INFO - Processing /home/airflow/.local/lib/python3.12/site-packages/airflow/example_dags/tutorial_objectstorage.py took 0.215 seconds
[2024-09-24T23:39:05.714+0000] {processor.py:186} INFO - Started process (PID=788) to work on /home/airflow/.local/lib/python3.12/site-packages/airflow/example_dags/tutorial_objectstorage.py
[2024-09-24T23:39:05.722+0000] {processor.py:914} INFO - Processing file /home/airflow/.local/lib/python3.12/site-packages/airflow/example_dags/tutorial_objectstorage.py for tasks to queue
[2024-09-24T23:39:05.727+0000] {logging_mixin.py:190} INFO - [2024-09-24T23:39:05.727+0000] {dagbag.py:588} INFO - Filling up the DagBag from /home/airflow/.local/lib/python3.12/site-packages/airflow/example_dags/tutorial_objectstorage.py
[2024-09-24T23:39:05.765+0000] {processor.py:925} INFO - DAG(s) 'tutorial_objectstorage' retrieved from /home/airflow/.local/lib/python3.12/site-packages/airflow/example_dags/tutorial_objectstorage.py
[2024-09-24T23:39:05.849+0000] {logging_mixin.py:190} INFO - [2024-09-24T23:39:05.848+0000] {dag.py:3239} INFO - Sync 1 DAGs
[2024-09-24T23:39:05.917+0000] {logging_mixin.py:190} INFO - [2024-09-24T23:39:05.916+0000] {dag.py:4180} INFO - Setting next_dagrun for tutorial_objectstorage to None, run_after=None
[2024-09-24T23:39:05.985+0000] {processor.py:208} INFO - Processing /home/airflow/.local/lib/python3.12/site-packages/airflow/example_dags/tutorial_objectstorage.py took 0.290 seconds
[2024-09-24T23:39:39.018+0000] {processor.py:186} INFO - Started process (PID=1058) to work on /home/airflow/.local/lib/python3.12/site-packages/airflow/example_dags/tutorial_objectstorage.py
[2024-09-24T23:39:39.022+0000] {processor.py:914} INFO - Processing file /home/airflow/.local/lib/python3.12/site-packages/airflow/example_dags/tutorial_objectstorage.py for tasks to queue
[2024-09-24T23:39:39.032+0000] {logging_mixin.py:190} INFO - [2024-09-24T23:39:39.030+0000] {dagbag.py:588} INFO - Filling up the DagBag from /home/airflow/.local/lib/python3.12/site-packages/airflow/example_dags/tutorial_objectstorage.py
[2024-09-24T23:39:39.199+0000] {processor.py:925} INFO - DAG(s) 'tutorial_objectstorage' retrieved from /home/airflow/.local/lib/python3.12/site-packages/airflow/example_dags/tutorial_objectstorage.py
[2024-09-24T23:39:39.297+0000] {logging_mixin.py:190} INFO - [2024-09-24T23:39:39.296+0000] {dag.py:3239} INFO - Sync 1 DAGs
[2024-09-24T23:39:39.370+0000] {logging_mixin.py:190} INFO - [2024-09-24T23:39:39.370+0000] {dag.py:4180} INFO - Setting next_dagrun for tutorial_objectstorage to None, run_after=None
[2024-09-24T23:39:39.443+0000] {processor.py:208} INFO - Processing /home/airflow/.local/lib/python3.12/site-packages/airflow/example_dags/tutorial_objectstorage.py took 0.464 seconds
[2024-09-24T23:40:09.578+0000] {processor.py:186} INFO - Started process (PID=1346) to work on /home/airflow/.local/lib/python3.12/site-packages/airflow/example_dags/tutorial_objectstorage.py
[2024-09-24T23:40:09.581+0000] {processor.py:914} INFO - Processing file /home/airflow/.local/lib/python3.12/site-packages/airflow/example_dags/tutorial_objectstorage.py for tasks to queue
[2024-09-24T23:40:09.587+0000] {logging_mixin.py:190} INFO - [2024-09-24T23:40:09.586+0000] {dagbag.py:588} INFO - Filling up the DagBag from /home/airflow/.local/lib/python3.12/site-packages/airflow/example_dags/tutorial_objectstorage.py
[2024-09-24T23:40:09.609+0000] {processor.py:925} INFO - DAG(s) 'tutorial_objectstorage' retrieved from /home/airflow/.local/lib/python3.12/site-packages/airflow/example_dags/tutorial_objectstorage.py
[2024-09-24T23:40:09.660+0000] {logging_mixin.py:190} INFO - [2024-09-24T23:40:09.659+0000] {dag.py:3239} INFO - Sync 1 DAGs
[2024-09-24T23:40:09.701+0000] {logging_mixin.py:190} INFO - [2024-09-24T23:40:09.700+0000] {dag.py:4180} INFO - Setting next_dagrun for tutorial_objectstorage to None, run_after=None
[2024-09-24T23:40:09.759+0000] {processor.py:208} INFO - Processing /home/airflow/.local/lib/python3.12/site-packages/airflow/example_dags/tutorial_objectstorage.py took 0.200 seconds
[2024-09-24T23:40:40.699+0000] {processor.py:186} INFO - Started process (PID=1631) to work on /home/airflow/.local/lib/python3.12/site-packages/airflow/example_dags/tutorial_objectstorage.py
[2024-09-24T23:40:40.702+0000] {processor.py:914} INFO - Processing file /home/airflow/.local/lib/python3.12/site-packages/airflow/example_dags/tutorial_objectstorage.py for tasks to queue
[2024-09-24T23:40:40.710+0000] {logging_mixin.py:190} INFO - [2024-09-24T23:40:40.709+0000] {dagbag.py:588} INFO - Filling up the DagBag from /home/airflow/.local/lib/python3.12/site-packages/airflow/example_dags/tutorial_objectstorage.py
[2024-09-24T23:40:40.742+0000] {processor.py:925} INFO - DAG(s) 'tutorial_objectstorage' retrieved from /home/airflow/.local/lib/python3.12/site-packages/airflow/example_dags/tutorial_objectstorage.py
[2024-09-24T23:40:40.801+0000] {logging_mixin.py:190} INFO - [2024-09-24T23:40:40.800+0000] {dag.py:3239} INFO - Sync 1 DAGs
[2024-09-24T23:40:40.858+0000] {logging_mixin.py:190} INFO - [2024-09-24T23:40:40.857+0000] {dag.py:4180} INFO - Setting next_dagrun for tutorial_objectstorage to None, run_after=None
[2024-09-24T23:40:40.950+0000] {processor.py:208} INFO - Processing /home/airflow/.local/lib/python3.12/site-packages/airflow/example_dags/tutorial_objectstorage.py took 0.267 seconds
[2024-09-24T23:41:11.502+0000] {processor.py:186} INFO - Started process (PID=1918) to work on /home/airflow/.local/lib/python3.12/site-packages/airflow/example_dags/tutorial_objectstorage.py
[2024-09-24T23:41:11.506+0000] {processor.py:914} INFO - Processing file /home/airflow/.local/lib/python3.12/site-packages/airflow/example_dags/tutorial_objectstorage.py for tasks to queue
[2024-09-24T23:41:11.513+0000] {logging_mixin.py:190} INFO - [2024-09-24T23:41:11.512+0000] {dagbag.py:588} INFO - Filling up the DagBag from /home/airflow/.local/lib/python3.12/site-packages/airflow/example_dags/tutorial_objectstorage.py
[2024-09-24T23:41:11.543+0000] {processor.py:925} INFO - DAG(s) 'tutorial_objectstorage' retrieved from /home/airflow/.local/lib/python3.12/site-packages/airflow/example_dags/tutorial_objectstorage.py
[2024-09-24T23:41:11.607+0000] {logging_mixin.py:190} INFO - [2024-09-24T23:41:11.607+0000] {dag.py:3239} INFO - Sync 1 DAGs
[2024-09-24T23:41:11.653+0000] {logging_mixin.py:190} INFO - [2024-09-24T23:41:11.652+0000] {dag.py:4180} INFO - Setting next_dagrun for tutorial_objectstorage to None, run_after=None
[2024-09-24T23:41:11.769+0000] {processor.py:208} INFO - Processing /home/airflow/.local/lib/python3.12/site-packages/airflow/example_dags/tutorial_objectstorage.py took 0.288 seconds
[2024-09-24T23:41:42.574+0000] {processor.py:186} INFO - Started process (PID=2201) to work on /home/airflow/.local/lib/python3.12/site-packages/airflow/example_dags/tutorial_objectstorage.py
[2024-09-24T23:41:42.577+0000] {processor.py:914} INFO - Processing file /home/airflow/.local/lib/python3.12/site-packages/airflow/example_dags/tutorial_objectstorage.py for tasks to queue
[2024-09-24T23:41:42.583+0000] {logging_mixin.py:190} INFO - [2024-09-24T23:41:42.582+0000] {dagbag.py:588} INFO - Filling up the DagBag from /home/airflow/.local/lib/python3.12/site-packages/airflow/example_dags/tutorial_objectstorage.py
[2024-09-24T23:41:42.605+0000] {processor.py:925} INFO - DAG(s) 'tutorial_objectstorage' retrieved from /home/airflow/.local/lib/python3.12/site-packages/airflow/example_dags/tutorial_objectstorage.py
[2024-09-24T23:41:42.654+0000] {logging_mixin.py:190} INFO - [2024-09-24T23:41:42.653+0000] {dag.py:3239} INFO - Sync 1 DAGs
[2024-09-24T23:41:42.693+0000] {logging_mixin.py:190} INFO - [2024-09-24T23:41:42.692+0000] {dag.py:4180} INFO - Setting next_dagrun for tutorial_objectstorage to None, run_after=None
[2024-09-24T23:41:42.771+0000] {processor.py:208} INFO - Processing /home/airflow/.local/lib/python3.12/site-packages/airflow/example_dags/tutorial_objectstorage.py took 0.210 seconds
[2024-09-24T23:42:13.513+0000] {processor.py:186} INFO - Started process (PID=2487) to work on /home/airflow/.local/lib/python3.12/site-packages/airflow/example_dags/tutorial_objectstorage.py
[2024-09-24T23:42:13.516+0000] {processor.py:914} INFO - Processing file /home/airflow/.local/lib/python3.12/site-packages/airflow/example_dags/tutorial_objectstorage.py for tasks to queue
[2024-09-24T23:42:13.523+0000] {logging_mixin.py:190} INFO - [2024-09-24T23:42:13.522+0000] {dagbag.py:588} INFO - Filling up the DagBag from /home/airflow/.local/lib/python3.12/site-packages/airflow/example_dags/tutorial_objectstorage.py
[2024-09-24T23:42:13.547+0000] {processor.py:925} INFO - DAG(s) 'tutorial_objectstorage' retrieved from /home/airflow/.local/lib/python3.12/site-packages/airflow/example_dags/tutorial_objectstorage.py
[2024-09-24T23:42:13.602+0000] {logging_mixin.py:190} INFO - [2024-09-24T23:42:13.601+0000] {dag.py:3239} INFO - Sync 1 DAGs
[2024-09-24T23:42:13.650+0000] {logging_mixin.py:190} INFO - [2024-09-24T23:42:13.649+0000] {dag.py:4180} INFO - Setting next_dagrun for tutorial_objectstorage to None, run_after=None
[2024-09-24T23:42:13.713+0000] {processor.py:208} INFO - Processing /home/airflow/.local/lib/python3.12/site-packages/airflow/example_dags/tutorial_objectstorage.py took 0.212 seconds
[2024-09-24T23:42:44.170+0000] {processor.py:186} INFO - Started process (PID=2773) to work on /home/airflow/.local/lib/python3.12/site-packages/airflow/example_dags/tutorial_objectstorage.py
[2024-09-24T23:42:44.172+0000] {processor.py:914} INFO - Processing file /home/airflow/.local/lib/python3.12/site-packages/airflow/example_dags/tutorial_objectstorage.py for tasks to queue
[2024-09-24T23:42:44.176+0000] {logging_mixin.py:190} INFO - [2024-09-24T23:42:44.175+0000] {dagbag.py:588} INFO - Filling up the DagBag from /home/airflow/.local/lib/python3.12/site-packages/airflow/example_dags/tutorial_objectstorage.py
[2024-09-24T23:42:44.212+0000] {processor.py:925} INFO - DAG(s) 'tutorial_objectstorage' retrieved from /home/airflow/.local/lib/python3.12/site-packages/airflow/example_dags/tutorial_objectstorage.py
[2024-09-24T23:42:44.262+0000] {logging_mixin.py:190} INFO - [2024-09-24T23:42:44.261+0000] {dag.py:3239} INFO - Sync 1 DAGs
[2024-09-24T23:42:44.297+0000] {logging_mixin.py:190} INFO - [2024-09-24T23:42:44.297+0000] {dag.py:4180} INFO - Setting next_dagrun for tutorial_objectstorage to None, run_after=None
[2024-09-24T23:42:44.341+0000] {processor.py:208} INFO - Processing /home/airflow/.local/lib/python3.12/site-packages/airflow/example_dags/tutorial_objectstorage.py took 0.182 seconds
[2024-09-24T23:43:14.845+0000] {processor.py:186} INFO - Started process (PID=3059) to work on /home/airflow/.local/lib/python3.12/site-packages/airflow/example_dags/tutorial_objectstorage.py
[2024-09-24T23:43:14.847+0000] {processor.py:914} INFO - Processing file /home/airflow/.local/lib/python3.12/site-packages/airflow/example_dags/tutorial_objectstorage.py for tasks to queue
[2024-09-24T23:43:14.852+0000] {logging_mixin.py:190} INFO - [2024-09-24T23:43:14.851+0000] {dagbag.py:588} INFO - Filling up the DagBag from /home/airflow/.local/lib/python3.12/site-packages/airflow/example_dags/tutorial_objectstorage.py
[2024-09-24T23:43:14.876+0000] {processor.py:925} INFO - DAG(s) 'tutorial_objectstorage' retrieved from /home/airflow/.local/lib/python3.12/site-packages/airflow/example_dags/tutorial_objectstorage.py
[2024-09-24T23:43:14.929+0000] {logging_mixin.py:190} INFO - [2024-09-24T23:43:14.928+0000] {dag.py:3239} INFO - Sync 1 DAGs
[2024-09-24T23:43:14.990+0000] {logging_mixin.py:190} INFO - [2024-09-24T23:43:14.989+0000] {dag.py:4180} INFO - Setting next_dagrun for tutorial_objectstorage to None, run_after=None
[2024-09-24T23:43:15.061+0000] {processor.py:208} INFO - Processing /home/airflow/.local/lib/python3.12/site-packages/airflow/example_dags/tutorial_objectstorage.py took 0.226 seconds
[2024-09-24T23:43:45.920+0000] {processor.py:186} INFO - Started process (PID=3345) to work on /home/airflow/.local/lib/python3.12/site-packages/airflow/example_dags/tutorial_objectstorage.py
[2024-09-24T23:43:45.923+0000] {processor.py:914} INFO - Processing file /home/airflow/.local/lib/python3.12/site-packages/airflow/example_dags/tutorial_objectstorage.py for tasks to queue
[2024-09-24T23:43:45.930+0000] {logging_mixin.py:190} INFO - [2024-09-24T23:43:45.929+0000] {dagbag.py:588} INFO - Filling up the DagBag from /home/airflow/.local/lib/python3.12/site-packages/airflow/example_dags/tutorial_objectstorage.py
[2024-09-24T23:43:45.970+0000] {processor.py:925} INFO - DAG(s) 'tutorial_objectstorage' retrieved from /home/airflow/.local/lib/python3.12/site-packages/airflow/example_dags/tutorial_objectstorage.py
[2024-09-24T23:43:46.070+0000] {logging_mixin.py:190} INFO - [2024-09-24T23:43:46.069+0000] {dag.py:3239} INFO - Sync 1 DAGs
[2024-09-24T23:43:46.159+0000] {logging_mixin.py:190} INFO - [2024-09-24T23:43:46.159+0000] {dag.py:4180} INFO - Setting next_dagrun for tutorial_objectstorage to None, run_after=None
[2024-09-24T23:43:46.255+0000] {processor.py:208} INFO - Processing /home/airflow/.local/lib/python3.12/site-packages/airflow/example_dags/tutorial_objectstorage.py took 0.358 seconds
[2024-09-24T23:44:16.788+0000] {processor.py:186} INFO - Started process (PID=3631) to work on /home/airflow/.local/lib/python3.12/site-packages/airflow/example_dags/tutorial_objectstorage.py
[2024-09-24T23:44:16.791+0000] {processor.py:914} INFO - Processing file /home/airflow/.local/lib/python3.12/site-packages/airflow/example_dags/tutorial_objectstorage.py for tasks to queue
[2024-09-24T23:44:16.796+0000] {logging_mixin.py:190} INFO - [2024-09-24T23:44:16.795+0000] {dagbag.py:588} INFO - Filling up the DagBag from /home/airflow/.local/lib/python3.12/site-packages/airflow/example_dags/tutorial_objectstorage.py
[2024-09-24T23:44:16.816+0000] {processor.py:925} INFO - DAG(s) 'tutorial_objectstorage' retrieved from /home/airflow/.local/lib/python3.12/site-packages/airflow/example_dags/tutorial_objectstorage.py
[2024-09-24T23:44:16.869+0000] {logging_mixin.py:190} INFO - [2024-09-24T23:44:16.868+0000] {dag.py:3239} INFO - Sync 1 DAGs
[2024-09-24T23:44:16.918+0000] {logging_mixin.py:190} INFO - [2024-09-24T23:44:16.918+0000] {dag.py:4180} INFO - Setting next_dagrun for tutorial_objectstorage to None, run_after=None
[2024-09-24T23:44:16.983+0000] {processor.py:208} INFO - Processing /home/airflow/.local/lib/python3.12/site-packages/airflow/example_dags/tutorial_objectstorage.py took 0.239 seconds
[2024-09-24T23:44:47.914+0000] {processor.py:186} INFO - Started process (PID=3917) to work on /home/airflow/.local/lib/python3.12/site-packages/airflow/example_dags/tutorial_objectstorage.py
[2024-09-24T23:44:47.916+0000] {processor.py:914} INFO - Processing file /home/airflow/.local/lib/python3.12/site-packages/airflow/example_dags/tutorial_objectstorage.py for tasks to queue
[2024-09-24T23:44:47.922+0000] {logging_mixin.py:190} INFO - [2024-09-24T23:44:47.921+0000] {dagbag.py:588} INFO - Filling up the DagBag from /home/airflow/.local/lib/python3.12/site-packages/airflow/example_dags/tutorial_objectstorage.py
[2024-09-24T23:44:47.942+0000] {processor.py:925} INFO - DAG(s) 'tutorial_objectstorage' retrieved from /home/airflow/.local/lib/python3.12/site-packages/airflow/example_dags/tutorial_objectstorage.py
[2024-09-24T23:44:47.992+0000] {logging_mixin.py:190} INFO - [2024-09-24T23:44:47.992+0000] {dag.py:3239} INFO - Sync 1 DAGs
[2024-09-24T23:44:48.028+0000] {logging_mixin.py:190} INFO - [2024-09-24T23:44:48.028+0000] {dag.py:4180} INFO - Setting next_dagrun for tutorial_objectstorage to None, run_after=None
[2024-09-24T23:44:48.082+0000] {processor.py:208} INFO - Processing /home/airflow/.local/lib/python3.12/site-packages/airflow/example_dags/tutorial_objectstorage.py took 0.186 seconds
[2024-09-24T23:45:18.789+0000] {processor.py:186} INFO - Started process (PID=4203) to work on /home/airflow/.local/lib/python3.12/site-packages/airflow/example_dags/tutorial_objectstorage.py
[2024-09-24T23:45:18.791+0000] {processor.py:914} INFO - Processing file /home/airflow/.local/lib/python3.12/site-packages/airflow/example_dags/tutorial_objectstorage.py for tasks to queue
[2024-09-24T23:45:18.797+0000] {logging_mixin.py:190} INFO - [2024-09-24T23:45:18.796+0000] {dagbag.py:588} INFO - Filling up the DagBag from /home/airflow/.local/lib/python3.12/site-packages/airflow/example_dags/tutorial_objectstorage.py
[2024-09-24T23:45:18.818+0000] {processor.py:925} INFO - DAG(s) 'tutorial_objectstorage' retrieved from /home/airflow/.local/lib/python3.12/site-packages/airflow/example_dags/tutorial_objectstorage.py
[2024-09-24T23:45:18.869+0000] {logging_mixin.py:190} INFO - [2024-09-24T23:45:18.868+0000] {dag.py:3239} INFO - Sync 1 DAGs
[2024-09-24T23:45:18.920+0000] {logging_mixin.py:190} INFO - [2024-09-24T23:45:18.920+0000] {dag.py:4180} INFO - Setting next_dagrun for tutorial_objectstorage to None, run_after=None
[2024-09-24T23:45:18.976+0000] {processor.py:208} INFO - Processing /home/airflow/.local/lib/python3.12/site-packages/airflow/example_dags/tutorial_objectstorage.py took 0.198 seconds
[2024-09-24T23:45:49.411+0000] {processor.py:186} INFO - Started process (PID=4489) to work on /home/airflow/.local/lib/python3.12/site-packages/airflow/example_dags/tutorial_objectstorage.py
[2024-09-24T23:45:49.413+0000] {processor.py:914} INFO - Processing file /home/airflow/.local/lib/python3.12/site-packages/airflow/example_dags/tutorial_objectstorage.py for tasks to queue
[2024-09-24T23:45:49.418+0000] {logging_mixin.py:190} INFO - [2024-09-24T23:45:49.418+0000] {dagbag.py:588} INFO - Filling up the DagBag from /home/airflow/.local/lib/python3.12/site-packages/airflow/example_dags/tutorial_objectstorage.py
[2024-09-24T23:45:49.432+0000] {processor.py:925} INFO - DAG(s) 'tutorial_objectstorage' retrieved from /home/airflow/.local/lib/python3.12/site-packages/airflow/example_dags/tutorial_objectstorage.py
[2024-09-24T23:45:49.469+0000] {logging_mixin.py:190} INFO - [2024-09-24T23:45:49.469+0000] {dag.py:3239} INFO - Sync 1 DAGs
[2024-09-24T23:45:49.497+0000] {logging_mixin.py:190} INFO - [2024-09-24T23:45:49.496+0000] {dag.py:4180} INFO - Setting next_dagrun for tutorial_objectstorage to None, run_after=None
[2024-09-24T23:45:49.536+0000] {processor.py:208} INFO - Processing /home/airflow/.local/lib/python3.12/site-packages/airflow/example_dags/tutorial_objectstorage.py took 0.135 seconds
[2024-09-24T23:46:19.932+0000] {processor.py:186} INFO - Started process (PID=4775) to work on /home/airflow/.local/lib/python3.12/site-packages/airflow/example_dags/tutorial_objectstorage.py
[2024-09-24T23:46:19.935+0000] {processor.py:914} INFO - Processing file /home/airflow/.local/lib/python3.12/site-packages/airflow/example_dags/tutorial_objectstorage.py for tasks to queue
[2024-09-24T23:46:19.940+0000] {logging_mixin.py:190} INFO - [2024-09-24T23:46:19.939+0000] {dagbag.py:588} INFO - Filling up the DagBag from /home/airflow/.local/lib/python3.12/site-packages/airflow/example_dags/tutorial_objectstorage.py
[2024-09-24T23:46:19.957+0000] {processor.py:925} INFO - DAG(s) 'tutorial_objectstorage' retrieved from /home/airflow/.local/lib/python3.12/site-packages/airflow/example_dags/tutorial_objectstorage.py
[2024-09-24T23:46:19.998+0000] {logging_mixin.py:190} INFO - [2024-09-24T23:46:19.997+0000] {dag.py:3239} INFO - Sync 1 DAGs
[2024-09-24T23:46:20.040+0000] {logging_mixin.py:190} INFO - [2024-09-24T23:46:20.039+0000] {dag.py:4180} INFO - Setting next_dagrun for tutorial_objectstorage to None, run_after=None
[2024-09-24T23:46:20.108+0000] {processor.py:208} INFO - Processing /home/airflow/.local/lib/python3.12/site-packages/airflow/example_dags/tutorial_objectstorage.py took 0.192 seconds
[2024-09-24T23:46:50.873+0000] {processor.py:186} INFO - Started process (PID=5061) to work on /home/airflow/.local/lib/python3.12/site-packages/airflow/example_dags/tutorial_objectstorage.py
[2024-09-24T23:46:50.876+0000] {processor.py:914} INFO - Processing file /home/airflow/.local/lib/python3.12/site-packages/airflow/example_dags/tutorial_objectstorage.py for tasks to queue
[2024-09-24T23:46:50.904+0000] {logging_mixin.py:190} INFO - [2024-09-24T23:46:50.903+0000] {dagbag.py:588} INFO - Filling up the DagBag from /home/airflow/.local/lib/python3.12/site-packages/airflow/example_dags/tutorial_objectstorage.py
[2024-09-24T23:46:50.966+0000] {processor.py:925} INFO - DAG(s) 'tutorial_objectstorage' retrieved from /home/airflow/.local/lib/python3.12/site-packages/airflow/example_dags/tutorial_objectstorage.py
[2024-09-24T23:46:51.157+0000] {logging_mixin.py:190} INFO - [2024-09-24T23:46:51.157+0000] {dag.py:3239} INFO - Sync 1 DAGs
[2024-09-24T23:46:51.215+0000] {logging_mixin.py:190} INFO - [2024-09-24T23:46:51.214+0000] {dag.py:4180} INFO - Setting next_dagrun for tutorial_objectstorage to None, run_after=None
[2024-09-24T23:46:51.281+0000] {processor.py:208} INFO - Processing /home/airflow/.local/lib/python3.12/site-packages/airflow/example_dags/tutorial_objectstorage.py took 0.508 seconds
[2024-09-24T23:47:21.817+0000] {processor.py:186} INFO - Started process (PID=5347) to work on /home/airflow/.local/lib/python3.12/site-packages/airflow/example_dags/tutorial_objectstorage.py
[2024-09-24T23:47:21.819+0000] {processor.py:914} INFO - Processing file /home/airflow/.local/lib/python3.12/site-packages/airflow/example_dags/tutorial_objectstorage.py for tasks to queue
[2024-09-24T23:47:21.824+0000] {logging_mixin.py:190} INFO - [2024-09-24T23:47:21.824+0000] {dagbag.py:588} INFO - Filling up the DagBag from /home/airflow/.local/lib/python3.12/site-packages/airflow/example_dags/tutorial_objectstorage.py
[2024-09-24T23:47:21.844+0000] {processor.py:925} INFO - DAG(s) 'tutorial_objectstorage' retrieved from /home/airflow/.local/lib/python3.12/site-packages/airflow/example_dags/tutorial_objectstorage.py
[2024-09-24T23:47:21.887+0000] {logging_mixin.py:190} INFO - [2024-09-24T23:47:21.886+0000] {dag.py:3239} INFO - Sync 1 DAGs
[2024-09-24T23:47:21.925+0000] {logging_mixin.py:190} INFO - [2024-09-24T23:47:21.924+0000] {dag.py:4180} INFO - Setting next_dagrun for tutorial_objectstorage to None, run_after=None
[2024-09-24T23:47:21.971+0000] {processor.py:208} INFO - Processing /home/airflow/.local/lib/python3.12/site-packages/airflow/example_dags/tutorial_objectstorage.py took 0.165 seconds
[2024-09-24T23:47:52.735+0000] {processor.py:186} INFO - Started process (PID=5633) to work on /home/airflow/.local/lib/python3.12/site-packages/airflow/example_dags/tutorial_objectstorage.py
[2024-09-24T23:47:52.738+0000] {processor.py:914} INFO - Processing file /home/airflow/.local/lib/python3.12/site-packages/airflow/example_dags/tutorial_objectstorage.py for tasks to queue
[2024-09-24T23:47:52.744+0000] {logging_mixin.py:190} INFO - [2024-09-24T23:47:52.744+0000] {dagbag.py:588} INFO - Filling up the DagBag from /home/airflow/.local/lib/python3.12/site-packages/airflow/example_dags/tutorial_objectstorage.py
[2024-09-24T23:47:52.773+0000] {processor.py:925} INFO - DAG(s) 'tutorial_objectstorage' retrieved from /home/airflow/.local/lib/python3.12/site-packages/airflow/example_dags/tutorial_objectstorage.py
[2024-09-24T23:47:52.823+0000] {logging_mixin.py:190} INFO - [2024-09-24T23:47:52.822+0000] {dag.py:3239} INFO - Sync 1 DAGs
[2024-09-24T23:47:52.862+0000] {logging_mixin.py:190} INFO - [2024-09-24T23:47:52.862+0000] {dag.py:4180} INFO - Setting next_dagrun for tutorial_objectstorage to None, run_after=None
[2024-09-24T23:47:52.924+0000] {processor.py:208} INFO - Processing /home/airflow/.local/lib/python3.12/site-packages/airflow/example_dags/tutorial_objectstorage.py took 0.203 seconds
[2024-09-24T23:48:23.322+0000] {processor.py:186} INFO - Started process (PID=5919) to work on /home/airflow/.local/lib/python3.12/site-packages/airflow/example_dags/tutorial_objectstorage.py
[2024-09-24T23:48:23.324+0000] {processor.py:914} INFO - Processing file /home/airflow/.local/lib/python3.12/site-packages/airflow/example_dags/tutorial_objectstorage.py for tasks to queue
[2024-09-24T23:48:23.330+0000] {logging_mixin.py:190} INFO - [2024-09-24T23:48:23.329+0000] {dagbag.py:588} INFO - Filling up the DagBag from /home/airflow/.local/lib/python3.12/site-packages/airflow/example_dags/tutorial_objectstorage.py
[2024-09-24T23:48:23.352+0000] {processor.py:925} INFO - DAG(s) 'tutorial_objectstorage' retrieved from /home/airflow/.local/lib/python3.12/site-packages/airflow/example_dags/tutorial_objectstorage.py
[2024-09-24T23:48:23.400+0000] {logging_mixin.py:190} INFO - [2024-09-24T23:48:23.399+0000] {dag.py:3239} INFO - Sync 1 DAGs
[2024-09-24T23:48:23.439+0000] {logging_mixin.py:190} INFO - [2024-09-24T23:48:23.438+0000] {dag.py:4180} INFO - Setting next_dagrun for tutorial_objectstorage to None, run_after=None
[2024-09-24T23:48:23.490+0000] {processor.py:208} INFO - Processing /home/airflow/.local/lib/python3.12/site-packages/airflow/example_dags/tutorial_objectstorage.py took 0.180 seconds
[2024-09-24T23:48:54.277+0000] {processor.py:186} INFO - Started process (PID=6205) to work on /home/airflow/.local/lib/python3.12/site-packages/airflow/example_dags/tutorial_objectstorage.py
[2024-09-24T23:48:54.279+0000] {processor.py:914} INFO - Processing file /home/airflow/.local/lib/python3.12/site-packages/airflow/example_dags/tutorial_objectstorage.py for tasks to queue
[2024-09-24T23:48:54.284+0000] {logging_mixin.py:190} INFO - [2024-09-24T23:48:54.284+0000] {dagbag.py:588} INFO - Filling up the DagBag from /home/airflow/.local/lib/python3.12/site-packages/airflow/example_dags/tutorial_objectstorage.py
[2024-09-24T23:48:54.298+0000] {processor.py:925} INFO - DAG(s) 'tutorial_objectstorage' retrieved from /home/airflow/.local/lib/python3.12/site-packages/airflow/example_dags/tutorial_objectstorage.py
[2024-09-24T23:48:54.350+0000] {logging_mixin.py:190} INFO - [2024-09-24T23:48:54.349+0000] {dag.py:3239} INFO - Sync 1 DAGs
[2024-09-24T23:48:54.391+0000] {logging_mixin.py:190} INFO - [2024-09-24T23:48:54.391+0000] {dag.py:4180} INFO - Setting next_dagrun for tutorial_objectstorage to None, run_after=None
[2024-09-24T23:48:54.446+0000] {processor.py:208} INFO - Processing /home/airflow/.local/lib/python3.12/site-packages/airflow/example_dags/tutorial_objectstorage.py took 0.178 seconds
[2024-09-24T23:49:25.270+0000] {processor.py:186} INFO - Started process (PID=6491) to work on /home/airflow/.local/lib/python3.12/site-packages/airflow/example_dags/tutorial_objectstorage.py
[2024-09-24T23:49:25.273+0000] {processor.py:914} INFO - Processing file /home/airflow/.local/lib/python3.12/site-packages/airflow/example_dags/tutorial_objectstorage.py for tasks to queue
[2024-09-24T23:49:25.288+0000] {logging_mixin.py:190} INFO - [2024-09-24T23:49:25.287+0000] {dagbag.py:588} INFO - Filling up the DagBag from /home/airflow/.local/lib/python3.12/site-packages/airflow/example_dags/tutorial_objectstorage.py
[2024-09-24T23:49:25.331+0000] {processor.py:925} INFO - DAG(s) 'tutorial_objectstorage' retrieved from /home/airflow/.local/lib/python3.12/site-packages/airflow/example_dags/tutorial_objectstorage.py
[2024-09-24T23:49:25.396+0000] {logging_mixin.py:190} INFO - [2024-09-24T23:49:25.396+0000] {dag.py:3239} INFO - Sync 1 DAGs
[2024-09-24T23:49:25.485+0000] {logging_mixin.py:190} INFO - [2024-09-24T23:49:25.484+0000] {dag.py:4180} INFO - Setting next_dagrun for tutorial_objectstorage to None, run_after=None
[2024-09-24T23:49:25.613+0000] {processor.py:208} INFO - Processing /home/airflow/.local/lib/python3.12/site-packages/airflow/example_dags/tutorial_objectstorage.py took 0.378 seconds
[2024-09-24T23:49:56.593+0000] {processor.py:186} INFO - Started process (PID=6777) to work on /home/airflow/.local/lib/python3.12/site-packages/airflow/example_dags/tutorial_objectstorage.py
[2024-09-24T23:49:56.595+0000] {processor.py:914} INFO - Processing file /home/airflow/.local/lib/python3.12/site-packages/airflow/example_dags/tutorial_objectstorage.py for tasks to queue
[2024-09-24T23:49:56.601+0000] {logging_mixin.py:190} INFO - [2024-09-24T23:49:56.600+0000] {dagbag.py:588} INFO - Filling up the DagBag from /home/airflow/.local/lib/python3.12/site-packages/airflow/example_dags/tutorial_objectstorage.py
[2024-09-24T23:49:56.619+0000] {processor.py:925} INFO - DAG(s) 'tutorial_objectstorage' retrieved from /home/airflow/.local/lib/python3.12/site-packages/airflow/example_dags/tutorial_objectstorage.py
[2024-09-24T23:49:56.661+0000] {logging_mixin.py:190} INFO - [2024-09-24T23:49:56.661+0000] {dag.py:3239} INFO - Sync 1 DAGs
[2024-09-24T23:49:56.691+0000] {logging_mixin.py:190} INFO - [2024-09-24T23:49:56.691+0000] {dag.py:4180} INFO - Setting next_dagrun for tutorial_objectstorage to None, run_after=None
[2024-09-24T23:49:56.737+0000] {processor.py:208} INFO - Processing /home/airflow/.local/lib/python3.12/site-packages/airflow/example_dags/tutorial_objectstorage.py took 0.153 seconds
[2024-09-24T23:50:27.188+0000] {processor.py:186} INFO - Started process (PID=7063) to work on /home/airflow/.local/lib/python3.12/site-packages/airflow/example_dags/tutorial_objectstorage.py
[2024-09-24T23:50:27.190+0000] {processor.py:914} INFO - Processing file /home/airflow/.local/lib/python3.12/site-packages/airflow/example_dags/tutorial_objectstorage.py for tasks to queue
[2024-09-24T23:50:27.194+0000] {logging_mixin.py:190} INFO - [2024-09-24T23:50:27.194+0000] {dagbag.py:588} INFO - Filling up the DagBag from /home/airflow/.local/lib/python3.12/site-packages/airflow/example_dags/tutorial_objectstorage.py
[2024-09-24T23:50:27.210+0000] {processor.py:925} INFO - DAG(s) 'tutorial_objectstorage' retrieved from /home/airflow/.local/lib/python3.12/site-packages/airflow/example_dags/tutorial_objectstorage.py
[2024-09-24T23:50:27.249+0000] {logging_mixin.py:190} INFO - [2024-09-24T23:50:27.249+0000] {dag.py:3239} INFO - Sync 1 DAGs
[2024-09-24T23:50:27.277+0000] {logging_mixin.py:190} INFO - [2024-09-24T23:50:27.276+0000] {dag.py:4180} INFO - Setting next_dagrun for tutorial_objectstorage to None, run_after=None
[2024-09-24T23:50:27.319+0000] {processor.py:208} INFO - Processing /home/airflow/.local/lib/python3.12/site-packages/airflow/example_dags/tutorial_objectstorage.py took 0.140 seconds
[2024-09-24T23:50:57.582+0000] {processor.py:186} INFO - Started process (PID=7349) to work on /home/airflow/.local/lib/python3.12/site-packages/airflow/example_dags/tutorial_objectstorage.py
[2024-09-24T23:50:57.585+0000] {processor.py:914} INFO - Processing file /home/airflow/.local/lib/python3.12/site-packages/airflow/example_dags/tutorial_objectstorage.py for tasks to queue
[2024-09-24T23:50:57.589+0000] {logging_mixin.py:190} INFO - [2024-09-24T23:50:57.588+0000] {dagbag.py:588} INFO - Filling up the DagBag from /home/airflow/.local/lib/python3.12/site-packages/airflow/example_dags/tutorial_objectstorage.py
[2024-09-24T23:50:57.604+0000] {processor.py:925} INFO - DAG(s) 'tutorial_objectstorage' retrieved from /home/airflow/.local/lib/python3.12/site-packages/airflow/example_dags/tutorial_objectstorage.py
[2024-09-24T23:50:57.642+0000] {logging_mixin.py:190} INFO - [2024-09-24T23:50:57.641+0000] {dag.py:3239} INFO - Sync 1 DAGs
[2024-09-24T23:50:57.672+0000] {logging_mixin.py:190} INFO - [2024-09-24T23:50:57.671+0000] {dag.py:4180} INFO - Setting next_dagrun for tutorial_objectstorage to None, run_after=None
[2024-09-24T23:50:57.715+0000] {processor.py:208} INFO - Processing /home/airflow/.local/lib/python3.12/site-packages/airflow/example_dags/tutorial_objectstorage.py took 0.142 seconds
[2024-09-24T23:51:28.355+0000] {processor.py:186} INFO - Started process (PID=7635) to work on /home/airflow/.local/lib/python3.12/site-packages/airflow/example_dags/tutorial_objectstorage.py
[2024-09-24T23:51:28.357+0000] {processor.py:914} INFO - Processing file /home/airflow/.local/lib/python3.12/site-packages/airflow/example_dags/tutorial_objectstorage.py for tasks to queue
[2024-09-24T23:51:28.361+0000] {logging_mixin.py:190} INFO - [2024-09-24T23:51:28.360+0000] {dagbag.py:588} INFO - Filling up the DagBag from /home/airflow/.local/lib/python3.12/site-packages/airflow/example_dags/tutorial_objectstorage.py
[2024-09-24T23:51:28.377+0000] {processor.py:925} INFO - DAG(s) 'tutorial_objectstorage' retrieved from /home/airflow/.local/lib/python3.12/site-packages/airflow/example_dags/tutorial_objectstorage.py
[2024-09-24T23:51:28.413+0000] {logging_mixin.py:190} INFO - [2024-09-24T23:51:28.413+0000] {dag.py:3239} INFO - Sync 1 DAGs
[2024-09-24T23:51:28.440+0000] {logging_mixin.py:190} INFO - [2024-09-24T23:51:28.440+0000] {dag.py:4180} INFO - Setting next_dagrun for tutorial_objectstorage to None, run_after=None
[2024-09-24T23:51:28.491+0000] {processor.py:208} INFO - Processing /home/airflow/.local/lib/python3.12/site-packages/airflow/example_dags/tutorial_objectstorage.py took 0.146 seconds
[2024-09-24T23:51:59.134+0000] {processor.py:186} INFO - Started process (PID=7921) to work on /home/airflow/.local/lib/python3.12/site-packages/airflow/example_dags/tutorial_objectstorage.py
[2024-09-24T23:51:59.137+0000] {processor.py:914} INFO - Processing file /home/airflow/.local/lib/python3.12/site-packages/airflow/example_dags/tutorial_objectstorage.py for tasks to queue
[2024-09-24T23:51:59.148+0000] {logging_mixin.py:190} INFO - [2024-09-24T23:51:59.147+0000] {dagbag.py:588} INFO - Filling up the DagBag from /home/airflow/.local/lib/python3.12/site-packages/airflow/example_dags/tutorial_objectstorage.py
[2024-09-24T23:51:59.176+0000] {processor.py:925} INFO - DAG(s) 'tutorial_objectstorage' retrieved from /home/airflow/.local/lib/python3.12/site-packages/airflow/example_dags/tutorial_objectstorage.py
[2024-09-24T23:51:59.245+0000] {logging_mixin.py:190} INFO - [2024-09-24T23:51:59.244+0000] {dag.py:3239} INFO - Sync 1 DAGs
[2024-09-24T23:51:59.307+0000] {logging_mixin.py:190} INFO - [2024-09-24T23:51:59.306+0000] {dag.py:4180} INFO - Setting next_dagrun for tutorial_objectstorage to None, run_after=None
[2024-09-24T23:51:59.396+0000] {processor.py:208} INFO - Processing /home/airflow/.local/lib/python3.12/site-packages/airflow/example_dags/tutorial_objectstorage.py took 0.281 seconds
[2024-09-24T23:52:29.573+0000] {processor.py:186} INFO - Started process (PID=8208) to work on /home/airflow/.local/lib/python3.12/site-packages/airflow/example_dags/tutorial_objectstorage.py
[2024-09-24T23:52:29.574+0000] {processor.py:914} INFO - Processing file /home/airflow/.local/lib/python3.12/site-packages/airflow/example_dags/tutorial_objectstorage.py for tasks to queue
[2024-09-24T23:52:29.578+0000] {logging_mixin.py:190} INFO - [2024-09-24T23:52:29.577+0000] {dagbag.py:588} INFO - Filling up the DagBag from /home/airflow/.local/lib/python3.12/site-packages/airflow/example_dags/tutorial_objectstorage.py
[2024-09-24T23:52:29.593+0000] {processor.py:925} INFO - DAG(s) 'tutorial_objectstorage' retrieved from /home/airflow/.local/lib/python3.12/site-packages/airflow/example_dags/tutorial_objectstorage.py
[2024-09-24T23:52:29.631+0000] {logging_mixin.py:190} INFO - [2024-09-24T23:52:29.631+0000] {dag.py:3239} INFO - Sync 1 DAGs
[2024-09-24T23:52:29.656+0000] {logging_mixin.py:190} INFO - [2024-09-24T23:52:29.656+0000] {dag.py:4180} INFO - Setting next_dagrun for tutorial_objectstorage to None, run_after=None
[2024-09-24T23:52:29.694+0000] {processor.py:208} INFO - Processing /home/airflow/.local/lib/python3.12/site-packages/airflow/example_dags/tutorial_objectstorage.py took 0.129 seconds
[2024-09-24T23:52:59.851+0000] {processor.py:186} INFO - Started process (PID=8494) to work on /home/airflow/.local/lib/python3.12/site-packages/airflow/example_dags/tutorial_objectstorage.py
[2024-09-24T23:52:59.853+0000] {processor.py:914} INFO - Processing file /home/airflow/.local/lib/python3.12/site-packages/airflow/example_dags/tutorial_objectstorage.py for tasks to queue
[2024-09-24T23:52:59.857+0000] {logging_mixin.py:190} INFO - [2024-09-24T23:52:59.856+0000] {dagbag.py:588} INFO - Filling up the DagBag from /home/airflow/.local/lib/python3.12/site-packages/airflow/example_dags/tutorial_objectstorage.py
[2024-09-24T23:52:59.874+0000] {processor.py:925} INFO - DAG(s) 'tutorial_objectstorage' retrieved from /home/airflow/.local/lib/python3.12/site-packages/airflow/example_dags/tutorial_objectstorage.py
[2024-09-24T23:52:59.912+0000] {logging_mixin.py:190} INFO - [2024-09-24T23:52:59.911+0000] {dag.py:3239} INFO - Sync 1 DAGs
[2024-09-24T23:52:59.945+0000] {logging_mixin.py:190} INFO - [2024-09-24T23:52:59.944+0000] {dag.py:4180} INFO - Setting next_dagrun for tutorial_objectstorage to None, run_after=None
[2024-09-24T23:52:59.983+0000] {processor.py:208} INFO - Processing /home/airflow/.local/lib/python3.12/site-packages/airflow/example_dags/tutorial_objectstorage.py took 0.143 seconds
[2024-09-24T23:53:30.726+0000] {processor.py:186} INFO - Started process (PID=8780) to work on /home/airflow/.local/lib/python3.12/site-packages/airflow/example_dags/tutorial_objectstorage.py
[2024-09-24T23:53:30.728+0000] {processor.py:914} INFO - Processing file /home/airflow/.local/lib/python3.12/site-packages/airflow/example_dags/tutorial_objectstorage.py for tasks to queue
[2024-09-24T23:53:30.732+0000] {logging_mixin.py:190} INFO - [2024-09-24T23:53:30.731+0000] {dagbag.py:588} INFO - Filling up the DagBag from /home/airflow/.local/lib/python3.12/site-packages/airflow/example_dags/tutorial_objectstorage.py
[2024-09-24T23:53:30.746+0000] {processor.py:925} INFO - DAG(s) 'tutorial_objectstorage' retrieved from /home/airflow/.local/lib/python3.12/site-packages/airflow/example_dags/tutorial_objectstorage.py
[2024-09-24T23:53:30.783+0000] {logging_mixin.py:190} INFO - [2024-09-24T23:53:30.782+0000] {dag.py:3239} INFO - Sync 1 DAGs
[2024-09-24T23:53:30.812+0000] {logging_mixin.py:190} INFO - [2024-09-24T23:53:30.812+0000] {dag.py:4180} INFO - Setting next_dagrun for tutorial_objectstorage to None, run_after=None
[2024-09-24T23:53:30.853+0000] {processor.py:208} INFO - Processing /home/airflow/.local/lib/python3.12/site-packages/airflow/example_dags/tutorial_objectstorage.py took 0.139 seconds
[2024-09-24T23:54:01.290+0000] {processor.py:186} INFO - Started process (PID=9066) to work on /home/airflow/.local/lib/python3.12/site-packages/airflow/example_dags/tutorial_objectstorage.py
[2024-09-24T23:54:01.292+0000] {processor.py:914} INFO - Processing file /home/airflow/.local/lib/python3.12/site-packages/airflow/example_dags/tutorial_objectstorage.py for tasks to queue
[2024-09-24T23:54:01.295+0000] {logging_mixin.py:190} INFO - [2024-09-24T23:54:01.295+0000] {dagbag.py:588} INFO - Filling up the DagBag from /home/airflow/.local/lib/python3.12/site-packages/airflow/example_dags/tutorial_objectstorage.py
[2024-09-24T23:54:01.308+0000] {processor.py:925} INFO - DAG(s) 'tutorial_objectstorage' retrieved from /home/airflow/.local/lib/python3.12/site-packages/airflow/example_dags/tutorial_objectstorage.py
[2024-09-24T23:54:01.344+0000] {logging_mixin.py:190} INFO - [2024-09-24T23:54:01.343+0000] {dag.py:3239} INFO - Sync 1 DAGs
[2024-09-24T23:54:01.370+0000] {logging_mixin.py:190} INFO - [2024-09-24T23:54:01.370+0000] {dag.py:4180} INFO - Setting next_dagrun for tutorial_objectstorage to None, run_after=None
[2024-09-24T23:54:01.412+0000] {processor.py:208} INFO - Processing /home/airflow/.local/lib/python3.12/site-packages/airflow/example_dags/tutorial_objectstorage.py took 0.131 seconds
[2024-09-24T23:54:32.028+0000] {processor.py:186} INFO - Started process (PID=9352) to work on /home/airflow/.local/lib/python3.12/site-packages/airflow/example_dags/tutorial_objectstorage.py
[2024-09-24T23:54:32.030+0000] {processor.py:914} INFO - Processing file /home/airflow/.local/lib/python3.12/site-packages/airflow/example_dags/tutorial_objectstorage.py for tasks to queue
[2024-09-24T23:54:32.035+0000] {logging_mixin.py:190} INFO - [2024-09-24T23:54:32.034+0000] {dagbag.py:588} INFO - Filling up the DagBag from /home/airflow/.local/lib/python3.12/site-packages/airflow/example_dags/tutorial_objectstorage.py
[2024-09-24T23:54:32.054+0000] {processor.py:925} INFO - DAG(s) 'tutorial_objectstorage' retrieved from /home/airflow/.local/lib/python3.12/site-packages/airflow/example_dags/tutorial_objectstorage.py
[2024-09-24T23:54:32.114+0000] {logging_mixin.py:190} INFO - [2024-09-24T23:54:32.113+0000] {dag.py:3239} INFO - Sync 1 DAGs
[2024-09-24T23:54:32.147+0000] {logging_mixin.py:190} INFO - [2024-09-24T23:54:32.146+0000] {dag.py:4180} INFO - Setting next_dagrun for tutorial_objectstorage to None, run_after=None
[2024-09-24T23:54:32.192+0000] {processor.py:208} INFO - Processing /home/airflow/.local/lib/python3.12/site-packages/airflow/example_dags/tutorial_objectstorage.py took 0.174 seconds
[2024-09-24T23:55:02.382+0000] {processor.py:186} INFO - Started process (PID=9638) to work on /home/airflow/.local/lib/python3.12/site-packages/airflow/example_dags/tutorial_objectstorage.py
[2024-09-24T23:55:02.385+0000] {processor.py:914} INFO - Processing file /home/airflow/.local/lib/python3.12/site-packages/airflow/example_dags/tutorial_objectstorage.py for tasks to queue
[2024-09-24T23:55:02.396+0000] {logging_mixin.py:190} INFO - [2024-09-24T23:55:02.394+0000] {dagbag.py:588} INFO - Filling up the DagBag from /home/airflow/.local/lib/python3.12/site-packages/airflow/example_dags/tutorial_objectstorage.py
[2024-09-24T23:55:02.430+0000] {processor.py:925} INFO - DAG(s) 'tutorial_objectstorage' retrieved from /home/airflow/.local/lib/python3.12/site-packages/airflow/example_dags/tutorial_objectstorage.py
[2024-09-24T23:55:02.486+0000] {logging_mixin.py:190} INFO - [2024-09-24T23:55:02.486+0000] {dag.py:3239} INFO - Sync 1 DAGs
[2024-09-24T23:55:02.542+0000] {logging_mixin.py:190} INFO - [2024-09-24T23:55:02.541+0000] {dag.py:4180} INFO - Setting next_dagrun for tutorial_objectstorage to None, run_after=None
[2024-09-24T23:55:02.608+0000] {processor.py:208} INFO - Processing /home/airflow/.local/lib/python3.12/site-packages/airflow/example_dags/tutorial_objectstorage.py took 0.259 seconds
[2024-09-24T23:55:32.977+0000] {processor.py:186} INFO - Started process (PID=9922) to work on /home/airflow/.local/lib/python3.12/site-packages/airflow/example_dags/tutorial_objectstorage.py
[2024-09-24T23:55:32.980+0000] {processor.py:914} INFO - Processing file /home/airflow/.local/lib/python3.12/site-packages/airflow/example_dags/tutorial_objectstorage.py for tasks to queue
[2024-09-24T23:55:32.989+0000] {logging_mixin.py:190} INFO - [2024-09-24T23:55:32.987+0000] {dagbag.py:588} INFO - Filling up the DagBag from /home/airflow/.local/lib/python3.12/site-packages/airflow/example_dags/tutorial_objectstorage.py
[2024-09-24T23:55:33.047+0000] {processor.py:925} INFO - DAG(s) 'tutorial_objectstorage' retrieved from /home/airflow/.local/lib/python3.12/site-packages/airflow/example_dags/tutorial_objectstorage.py
[2024-09-24T23:55:33.244+0000] {logging_mixin.py:190} INFO - [2024-09-24T23:55:33.243+0000] {dag.py:3239} INFO - Sync 1 DAGs
[2024-09-24T23:55:33.317+0000] {logging_mixin.py:190} INFO - [2024-09-24T23:55:33.316+0000] {dag.py:4180} INFO - Setting next_dagrun for tutorial_objectstorage to None, run_after=None
[2024-09-24T23:55:33.401+0000] {processor.py:208} INFO - Processing /home/airflow/.local/lib/python3.12/site-packages/airflow/example_dags/tutorial_objectstorage.py took 0.458 seconds
[2024-09-24T23:56:03.650+0000] {processor.py:186} INFO - Started process (PID=10205) to work on /home/airflow/.local/lib/python3.12/site-packages/airflow/example_dags/tutorial_objectstorage.py
[2024-09-24T23:56:03.653+0000] {processor.py:914} INFO - Processing file /home/airflow/.local/lib/python3.12/site-packages/airflow/example_dags/tutorial_objectstorage.py for tasks to queue
[2024-09-24T23:56:03.659+0000] {logging_mixin.py:190} INFO - [2024-09-24T23:56:03.658+0000] {dagbag.py:588} INFO - Filling up the DagBag from /home/airflow/.local/lib/python3.12/site-packages/airflow/example_dags/tutorial_objectstorage.py
[2024-09-24T23:56:03.684+0000] {processor.py:925} INFO - DAG(s) 'tutorial_objectstorage' retrieved from /home/airflow/.local/lib/python3.12/site-packages/airflow/example_dags/tutorial_objectstorage.py
[2024-09-24T23:56:03.751+0000] {logging_mixin.py:190} INFO - [2024-09-24T23:56:03.750+0000] {dag.py:3239} INFO - Sync 1 DAGs
[2024-09-24T23:56:03.847+0000] {logging_mixin.py:190} INFO - [2024-09-24T23:56:03.846+0000] {dag.py:4180} INFO - Setting next_dagrun for tutorial_objectstorage to None, run_after=None
[2024-09-24T23:56:03.914+0000] {processor.py:208} INFO - Processing /home/airflow/.local/lib/python3.12/site-packages/airflow/example_dags/tutorial_objectstorage.py took 0.278 seconds
