[2024-09-24T23:38:23.382+0000] {processor.py:186} INFO - Started process (PID=401) to work on /home/airflow/.local/lib/python3.12/site-packages/airflow/example_dags/tutorial_dag.py
[2024-09-24T23:38:23.385+0000] {processor.py:914} INFO - Processing file /home/airflow/.local/lib/python3.12/site-packages/airflow/example_dags/tutorial_dag.py for tasks to queue
[2024-09-24T23:38:23.391+0000] {logging_mixin.py:190} INFO - [2024-09-24T23:38:23.391+0000] {dagbag.py:588} INFO - Filling up the DagBag from /home/airflow/.local/lib/python3.12/site-packages/airflow/example_dags/tutorial_dag.py
[2024-09-24T23:38:23.413+0000] {processor.py:925} INFO - DAG(s) 'tutorial_dag' retrieved from /home/airflow/.local/lib/python3.12/site-packages/airflow/example_dags/tutorial_dag.py
[2024-09-24T23:38:24.361+0000] {logging_mixin.py:190} INFO - [2024-09-24T23:38:24.356+0000] {override.py:1900} INFO - Created Permission View: can edit on DAG:tutorial_dag
[2024-09-24T23:38:24.410+0000] {logging_mixin.py:190} INFO - [2024-09-24T23:38:24.409+0000] {override.py:1900} INFO - Created Permission View: can read on DAG:tutorial_dag
[2024-09-24T23:38:24.446+0000] {logging_mixin.py:190} INFO - [2024-09-24T23:38:24.445+0000] {override.py:1900} INFO - Created Permission View: can delete on DAG:tutorial_dag
[2024-09-24T23:38:24.485+0000] {logging_mixin.py:190} INFO - [2024-09-24T23:38:24.484+0000] {override.py:1900} INFO - Created Permission View: can read on DAG Run:tutorial_dag
[2024-09-24T23:38:24.517+0000] {logging_mixin.py:190} INFO - [2024-09-24T23:38:24.516+0000] {override.py:1900} INFO - Created Permission View: menu access on DAG Run:tutorial_dag
[2024-09-24T23:38:24.548+0000] {logging_mixin.py:190} INFO - [2024-09-24T23:38:24.546+0000] {override.py:1900} INFO - Created Permission View: can delete on DAG Run:tutorial_dag
[2024-09-24T23:38:24.587+0000] {logging_mixin.py:190} INFO - [2024-09-24T23:38:24.587+0000] {override.py:1900} INFO - Created Permission View: can create on DAG Run:tutorial_dag
[2024-09-24T23:38:24.590+0000] {logging_mixin.py:190} INFO - [2024-09-24T23:38:24.590+0000] {dag.py:3239} INFO - Sync 1 DAGs
[2024-09-24T23:38:24.693+0000] {logging_mixin.py:190} INFO - [2024-09-24T23:38:24.693+0000] {dag.py:3262} INFO - Creating ORM DAG for tutorial_dag
[2024-09-24T23:38:24.697+0000] {logging_mixin.py:190} INFO - [2024-09-24T23:38:24.696+0000] {dag.py:4180} INFO - Setting next_dagrun for tutorial_dag to None, run_after=None
[2024-09-24T23:38:24.781+0000] {processor.py:208} INFO - Processing /home/airflow/.local/lib/python3.12/site-packages/airflow/example_dags/tutorial_dag.py took 1.420 seconds
[2024-09-24T23:38:55.118+0000] {processor.py:186} INFO - Started process (PID=687) to work on /home/airflow/.local/lib/python3.12/site-packages/airflow/example_dags/tutorial_dag.py
[2024-09-24T23:38:55.144+0000] {processor.py:914} INFO - Processing file /home/airflow/.local/lib/python3.12/site-packages/airflow/example_dags/tutorial_dag.py for tasks to queue
[2024-09-24T23:38:55.268+0000] {logging_mixin.py:190} INFO - [2024-09-24T23:38:55.247+0000] {dagbag.py:588} INFO - Filling up the DagBag from /home/airflow/.local/lib/python3.12/site-packages/airflow/example_dags/tutorial_dag.py
[2024-09-24T23:38:55.453+0000] {processor.py:925} INFO - DAG(s) 'tutorial_dag' retrieved from /home/airflow/.local/lib/python3.12/site-packages/airflow/example_dags/tutorial_dag.py
[2024-09-24T23:38:55.794+0000] {logging_mixin.py:190} INFO - [2024-09-24T23:38:55.788+0000] {dag.py:3239} INFO - Sync 1 DAGs
[2024-09-24T23:38:55.902+0000] {logging_mixin.py:190} INFO - [2024-09-24T23:38:55.901+0000] {dag.py:4180} INFO - Setting next_dagrun for tutorial_dag to None, run_after=None
[2024-09-24T23:38:56.048+0000] {processor.py:208} INFO - Processing /home/airflow/.local/lib/python3.12/site-packages/airflow/example_dags/tutorial_dag.py took 0.991 seconds
[2024-09-24T23:39:26.327+0000] {processor.py:186} INFO - Started process (PID=972) to work on /home/airflow/.local/lib/python3.12/site-packages/airflow/example_dags/tutorial_dag.py
[2024-09-24T23:39:26.330+0000] {processor.py:914} INFO - Processing file /home/airflow/.local/lib/python3.12/site-packages/airflow/example_dags/tutorial_dag.py for tasks to queue
[2024-09-24T23:39:26.338+0000] {logging_mixin.py:190} INFO - [2024-09-24T23:39:26.337+0000] {dagbag.py:588} INFO - Filling up the DagBag from /home/airflow/.local/lib/python3.12/site-packages/airflow/example_dags/tutorial_dag.py
[2024-09-24T23:39:26.391+0000] {processor.py:925} INFO - DAG(s) 'tutorial_dag' retrieved from /home/airflow/.local/lib/python3.12/site-packages/airflow/example_dags/tutorial_dag.py
[2024-09-24T23:39:26.506+0000] {logging_mixin.py:190} INFO - [2024-09-24T23:39:26.496+0000] {dag.py:3239} INFO - Sync 1 DAGs
[2024-09-24T23:39:26.589+0000] {logging_mixin.py:190} INFO - [2024-09-24T23:39:26.588+0000] {dag.py:4180} INFO - Setting next_dagrun for tutorial_dag to None, run_after=None
[2024-09-24T23:39:26.697+0000] {processor.py:208} INFO - Processing /home/airflow/.local/lib/python3.12/site-packages/airflow/example_dags/tutorial_dag.py took 0.396 seconds
[2024-09-24T23:39:57.519+0000] {processor.py:186} INFO - Started process (PID=1258) to work on /home/airflow/.local/lib/python3.12/site-packages/airflow/example_dags/tutorial_dag.py
[2024-09-24T23:39:57.521+0000] {processor.py:914} INFO - Processing file /home/airflow/.local/lib/python3.12/site-packages/airflow/example_dags/tutorial_dag.py for tasks to queue
[2024-09-24T23:39:57.527+0000] {logging_mixin.py:190} INFO - [2024-09-24T23:39:57.526+0000] {dagbag.py:588} INFO - Filling up the DagBag from /home/airflow/.local/lib/python3.12/site-packages/airflow/example_dags/tutorial_dag.py
[2024-09-24T23:39:57.541+0000] {processor.py:925} INFO - DAG(s) 'tutorial_dag' retrieved from /home/airflow/.local/lib/python3.12/site-packages/airflow/example_dags/tutorial_dag.py
[2024-09-24T23:39:57.586+0000] {logging_mixin.py:190} INFO - [2024-09-24T23:39:57.585+0000] {dag.py:3239} INFO - Sync 1 DAGs
[2024-09-24T23:39:57.614+0000] {logging_mixin.py:190} INFO - [2024-09-24T23:39:57.614+0000] {dag.py:4180} INFO - Setting next_dagrun for tutorial_dag to None, run_after=None
[2024-09-24T23:39:57.657+0000] {processor.py:208} INFO - Processing /home/airflow/.local/lib/python3.12/site-packages/airflow/example_dags/tutorial_dag.py took 0.152 seconds
[2024-09-24T23:40:28.278+0000] {processor.py:186} INFO - Started process (PID=1544) to work on /home/airflow/.local/lib/python3.12/site-packages/airflow/example_dags/tutorial_dag.py
[2024-09-24T23:40:28.281+0000] {processor.py:914} INFO - Processing file /home/airflow/.local/lib/python3.12/site-packages/airflow/example_dags/tutorial_dag.py for tasks to queue
[2024-09-24T23:40:28.292+0000] {logging_mixin.py:190} INFO - [2024-09-24T23:40:28.291+0000] {dagbag.py:588} INFO - Filling up the DagBag from /home/airflow/.local/lib/python3.12/site-packages/airflow/example_dags/tutorial_dag.py
[2024-09-24T23:40:28.322+0000] {processor.py:925} INFO - DAG(s) 'tutorial_dag' retrieved from /home/airflow/.local/lib/python3.12/site-packages/airflow/example_dags/tutorial_dag.py
[2024-09-24T23:40:28.401+0000] {logging_mixin.py:190} INFO - [2024-09-24T23:40:28.400+0000] {dag.py:3239} INFO - Sync 1 DAGs
[2024-09-24T23:40:28.467+0000] {logging_mixin.py:190} INFO - [2024-09-24T23:40:28.466+0000] {dag.py:4180} INFO - Setting next_dagrun for tutorial_dag to None, run_after=None
[2024-09-24T23:40:28.580+0000] {processor.py:208} INFO - Processing /home/airflow/.local/lib/python3.12/site-packages/airflow/example_dags/tutorial_dag.py took 0.327 seconds
[2024-09-24T23:40:59.596+0000] {processor.py:186} INFO - Started process (PID=1833) to work on /home/airflow/.local/lib/python3.12/site-packages/airflow/example_dags/tutorial_dag.py
[2024-09-24T23:40:59.618+0000] {processor.py:914} INFO - Processing file /home/airflow/.local/lib/python3.12/site-packages/airflow/example_dags/tutorial_dag.py for tasks to queue
[2024-09-24T23:40:59.644+0000] {logging_mixin.py:190} INFO - [2024-09-24T23:40:59.632+0000] {dagbag.py:588} INFO - Filling up the DagBag from /home/airflow/.local/lib/python3.12/site-packages/airflow/example_dags/tutorial_dag.py
[2024-09-24T23:40:59.726+0000] {processor.py:925} INFO - DAG(s) 'tutorial_dag' retrieved from /home/airflow/.local/lib/python3.12/site-packages/airflow/example_dags/tutorial_dag.py
[2024-09-24T23:41:00.032+0000] {logging_mixin.py:190} INFO - [2024-09-24T23:41:00.030+0000] {dag.py:3239} INFO - Sync 1 DAGs
[2024-09-24T23:41:00.268+0000] {logging_mixin.py:190} INFO - [2024-09-24T23:41:00.268+0000] {dag.py:4180} INFO - Setting next_dagrun for tutorial_dag to None, run_after=None
[2024-09-24T23:41:00.471+0000] {processor.py:208} INFO - Processing /home/airflow/.local/lib/python3.12/site-packages/airflow/example_dags/tutorial_dag.py took 0.935 seconds
[2024-09-24T23:41:31.533+0000] {processor.py:186} INFO - Started process (PID=2119) to work on /home/airflow/.local/lib/python3.12/site-packages/airflow/example_dags/tutorial_dag.py
[2024-09-24T23:41:31.537+0000] {processor.py:914} INFO - Processing file /home/airflow/.local/lib/python3.12/site-packages/airflow/example_dags/tutorial_dag.py for tasks to queue
[2024-09-24T23:41:31.552+0000] {logging_mixin.py:190} INFO - [2024-09-24T23:41:31.550+0000] {dagbag.py:588} INFO - Filling up the DagBag from /home/airflow/.local/lib/python3.12/site-packages/airflow/example_dags/tutorial_dag.py
[2024-09-24T23:41:31.581+0000] {processor.py:925} INFO - DAG(s) 'tutorial_dag' retrieved from /home/airflow/.local/lib/python3.12/site-packages/airflow/example_dags/tutorial_dag.py
[2024-09-24T23:41:31.662+0000] {logging_mixin.py:190} INFO - [2024-09-24T23:41:31.661+0000] {dag.py:3239} INFO - Sync 1 DAGs
[2024-09-24T23:41:31.736+0000] {logging_mixin.py:190} INFO - [2024-09-24T23:41:31.735+0000] {dag.py:4180} INFO - Setting next_dagrun for tutorial_dag to None, run_after=None
[2024-09-24T23:41:31.842+0000] {processor.py:208} INFO - Processing /home/airflow/.local/lib/python3.12/site-packages/airflow/example_dags/tutorial_dag.py took 0.345 seconds
[2024-09-24T23:42:02.467+0000] {processor.py:186} INFO - Started process (PID=2405) to work on /home/airflow/.local/lib/python3.12/site-packages/airflow/example_dags/tutorial_dag.py
[2024-09-24T23:42:02.470+0000] {processor.py:914} INFO - Processing file /home/airflow/.local/lib/python3.12/site-packages/airflow/example_dags/tutorial_dag.py for tasks to queue
[2024-09-24T23:42:02.484+0000] {logging_mixin.py:190} INFO - [2024-09-24T23:42:02.483+0000] {dagbag.py:588} INFO - Filling up the DagBag from /home/airflow/.local/lib/python3.12/site-packages/airflow/example_dags/tutorial_dag.py
[2024-09-24T23:42:02.503+0000] {processor.py:925} INFO - DAG(s) 'tutorial_dag' retrieved from /home/airflow/.local/lib/python3.12/site-packages/airflow/example_dags/tutorial_dag.py
[2024-09-24T23:42:02.567+0000] {logging_mixin.py:190} INFO - [2024-09-24T23:42:02.558+0000] {dag.py:3239} INFO - Sync 1 DAGs
[2024-09-24T23:42:02.638+0000] {logging_mixin.py:190} INFO - [2024-09-24T23:42:02.637+0000] {dag.py:4180} INFO - Setting next_dagrun for tutorial_dag to None, run_after=None
[2024-09-24T23:42:02.704+0000] {processor.py:208} INFO - Processing /home/airflow/.local/lib/python3.12/site-packages/airflow/example_dags/tutorial_dag.py took 0.258 seconds
[2024-09-24T23:42:32.864+0000] {processor.py:186} INFO - Started process (PID=2688) to work on /home/airflow/.local/lib/python3.12/site-packages/airflow/example_dags/tutorial_dag.py
[2024-09-24T23:42:32.867+0000] {processor.py:914} INFO - Processing file /home/airflow/.local/lib/python3.12/site-packages/airflow/example_dags/tutorial_dag.py for tasks to queue
[2024-09-24T23:42:32.873+0000] {logging_mixin.py:190} INFO - [2024-09-24T23:42:32.871+0000] {dagbag.py:588} INFO - Filling up the DagBag from /home/airflow/.local/lib/python3.12/site-packages/airflow/example_dags/tutorial_dag.py
[2024-09-24T23:42:32.888+0000] {processor.py:925} INFO - DAG(s) 'tutorial_dag' retrieved from /home/airflow/.local/lib/python3.12/site-packages/airflow/example_dags/tutorial_dag.py
[2024-09-24T23:42:32.949+0000] {logging_mixin.py:190} INFO - [2024-09-24T23:42:32.948+0000] {dag.py:3239} INFO - Sync 1 DAGs
[2024-09-24T23:42:33.003+0000] {logging_mixin.py:190} INFO - [2024-09-24T23:42:33.002+0000] {dag.py:4180} INFO - Setting next_dagrun for tutorial_dag to None, run_after=None
[2024-09-24T23:42:33.096+0000] {processor.py:208} INFO - Processing /home/airflow/.local/lib/python3.12/site-packages/airflow/example_dags/tutorial_dag.py took 0.246 seconds
[2024-09-24T23:43:03.838+0000] {processor.py:186} INFO - Started process (PID=2974) to work on /home/airflow/.local/lib/python3.12/site-packages/airflow/example_dags/tutorial_dag.py
[2024-09-24T23:43:03.841+0000] {processor.py:914} INFO - Processing file /home/airflow/.local/lib/python3.12/site-packages/airflow/example_dags/tutorial_dag.py for tasks to queue
[2024-09-24T23:43:03.847+0000] {logging_mixin.py:190} INFO - [2024-09-24T23:43:03.846+0000] {dagbag.py:588} INFO - Filling up the DagBag from /home/airflow/.local/lib/python3.12/site-packages/airflow/example_dags/tutorial_dag.py
[2024-09-24T23:43:03.863+0000] {processor.py:925} INFO - DAG(s) 'tutorial_dag' retrieved from /home/airflow/.local/lib/python3.12/site-packages/airflow/example_dags/tutorial_dag.py
[2024-09-24T23:43:03.923+0000] {logging_mixin.py:190} INFO - [2024-09-24T23:43:03.922+0000] {dag.py:3239} INFO - Sync 1 DAGs
[2024-09-24T23:43:03.977+0000] {logging_mixin.py:190} INFO - [2024-09-24T23:43:03.976+0000] {dag.py:4180} INFO - Setting next_dagrun for tutorial_dag to None, run_after=None
[2024-09-24T23:43:04.042+0000] {processor.py:208} INFO - Processing /home/airflow/.local/lib/python3.12/site-packages/airflow/example_dags/tutorial_dag.py took 0.219 seconds
[2024-09-24T23:43:34.996+0000] {processor.py:186} INFO - Started process (PID=3260) to work on /home/airflow/.local/lib/python3.12/site-packages/airflow/example_dags/tutorial_dag.py
[2024-09-24T23:43:34.999+0000] {processor.py:914} INFO - Processing file /home/airflow/.local/lib/python3.12/site-packages/airflow/example_dags/tutorial_dag.py for tasks to queue
[2024-09-24T23:43:35.006+0000] {logging_mixin.py:190} INFO - [2024-09-24T23:43:35.005+0000] {dagbag.py:588} INFO - Filling up the DagBag from /home/airflow/.local/lib/python3.12/site-packages/airflow/example_dags/tutorial_dag.py
[2024-09-24T23:43:35.022+0000] {processor.py:925} INFO - DAG(s) 'tutorial_dag' retrieved from /home/airflow/.local/lib/python3.12/site-packages/airflow/example_dags/tutorial_dag.py
[2024-09-24T23:43:35.070+0000] {logging_mixin.py:190} INFO - [2024-09-24T23:43:35.070+0000] {dag.py:3239} INFO - Sync 1 DAGs
[2024-09-24T23:43:35.111+0000] {logging_mixin.py:190} INFO - [2024-09-24T23:43:35.111+0000] {dag.py:4180} INFO - Setting next_dagrun for tutorial_dag to None, run_after=None
[2024-09-24T23:43:35.174+0000] {processor.py:208} INFO - Processing /home/airflow/.local/lib/python3.12/site-packages/airflow/example_dags/tutorial_dag.py took 0.193 seconds
[2024-09-24T23:44:06.014+0000] {processor.py:186} INFO - Started process (PID=3546) to work on /home/airflow/.local/lib/python3.12/site-packages/airflow/example_dags/tutorial_dag.py
[2024-09-24T23:44:06.016+0000] {processor.py:914} INFO - Processing file /home/airflow/.local/lib/python3.12/site-packages/airflow/example_dags/tutorial_dag.py for tasks to queue
[2024-09-24T23:44:06.024+0000] {logging_mixin.py:190} INFO - [2024-09-24T23:44:06.023+0000] {dagbag.py:588} INFO - Filling up the DagBag from /home/airflow/.local/lib/python3.12/site-packages/airflow/example_dags/tutorial_dag.py
[2024-09-24T23:44:06.044+0000] {processor.py:925} INFO - DAG(s) 'tutorial_dag' retrieved from /home/airflow/.local/lib/python3.12/site-packages/airflow/example_dags/tutorial_dag.py
[2024-09-24T23:44:06.098+0000] {logging_mixin.py:190} INFO - [2024-09-24T23:44:06.097+0000] {dag.py:3239} INFO - Sync 1 DAGs
[2024-09-24T23:44:06.147+0000] {logging_mixin.py:190} INFO - [2024-09-24T23:44:06.146+0000] {dag.py:4180} INFO - Setting next_dagrun for tutorial_dag to None, run_after=None
[2024-09-24T23:44:06.228+0000] {processor.py:208} INFO - Processing /home/airflow/.local/lib/python3.12/site-packages/airflow/example_dags/tutorial_dag.py took 0.227 seconds
[2024-09-24T23:44:36.374+0000] {processor.py:186} INFO - Started process (PID=3832) to work on /home/airflow/.local/lib/python3.12/site-packages/airflow/example_dags/tutorial_dag.py
[2024-09-24T23:44:36.376+0000] {processor.py:914} INFO - Processing file /home/airflow/.local/lib/python3.12/site-packages/airflow/example_dags/tutorial_dag.py for tasks to queue
[2024-09-24T23:44:36.385+0000] {logging_mixin.py:190} INFO - [2024-09-24T23:44:36.384+0000] {dagbag.py:588} INFO - Filling up the DagBag from /home/airflow/.local/lib/python3.12/site-packages/airflow/example_dags/tutorial_dag.py
[2024-09-24T23:44:36.405+0000] {processor.py:925} INFO - DAG(s) 'tutorial_dag' retrieved from /home/airflow/.local/lib/python3.12/site-packages/airflow/example_dags/tutorial_dag.py
[2024-09-24T23:44:36.462+0000] {logging_mixin.py:190} INFO - [2024-09-24T23:44:36.461+0000] {dag.py:3239} INFO - Sync 1 DAGs
[2024-09-24T23:44:36.512+0000] {logging_mixin.py:190} INFO - [2024-09-24T23:44:36.511+0000] {dag.py:4180} INFO - Setting next_dagrun for tutorial_dag to None, run_after=None
[2024-09-24T23:44:36.576+0000] {processor.py:208} INFO - Processing /home/airflow/.local/lib/python3.12/site-packages/airflow/example_dags/tutorial_dag.py took 0.214 seconds
[2024-09-24T23:45:07.662+0000] {processor.py:186} INFO - Started process (PID=4118) to work on /home/airflow/.local/lib/python3.12/site-packages/airflow/example_dags/tutorial_dag.py
[2024-09-24T23:45:07.665+0000] {processor.py:914} INFO - Processing file /home/airflow/.local/lib/python3.12/site-packages/airflow/example_dags/tutorial_dag.py for tasks to queue
[2024-09-24T23:45:07.672+0000] {logging_mixin.py:190} INFO - [2024-09-24T23:45:07.671+0000] {dagbag.py:588} INFO - Filling up the DagBag from /home/airflow/.local/lib/python3.12/site-packages/airflow/example_dags/tutorial_dag.py
[2024-09-24T23:45:07.689+0000] {processor.py:925} INFO - DAG(s) 'tutorial_dag' retrieved from /home/airflow/.local/lib/python3.12/site-packages/airflow/example_dags/tutorial_dag.py
[2024-09-24T23:45:07.750+0000] {logging_mixin.py:190} INFO - [2024-09-24T23:45:07.750+0000] {dag.py:3239} INFO - Sync 1 DAGs
[2024-09-24T23:45:07.800+0000] {logging_mixin.py:190} INFO - [2024-09-24T23:45:07.800+0000] {dag.py:4180} INFO - Setting next_dagrun for tutorial_dag to None, run_after=None
[2024-09-24T23:45:07.858+0000] {processor.py:208} INFO - Processing /home/airflow/.local/lib/python3.12/site-packages/airflow/example_dags/tutorial_dag.py took 0.207 seconds
[2024-09-24T23:45:38.062+0000] {processor.py:186} INFO - Started process (PID=4404) to work on /home/airflow/.local/lib/python3.12/site-packages/airflow/example_dags/tutorial_dag.py
[2024-09-24T23:45:38.064+0000] {processor.py:914} INFO - Processing file /home/airflow/.local/lib/python3.12/site-packages/airflow/example_dags/tutorial_dag.py for tasks to queue
[2024-09-24T23:45:38.069+0000] {logging_mixin.py:190} INFO - [2024-09-24T23:45:38.069+0000] {dagbag.py:588} INFO - Filling up the DagBag from /home/airflow/.local/lib/python3.12/site-packages/airflow/example_dags/tutorial_dag.py
[2024-09-24T23:45:38.089+0000] {processor.py:925} INFO - DAG(s) 'tutorial_dag' retrieved from /home/airflow/.local/lib/python3.12/site-packages/airflow/example_dags/tutorial_dag.py
[2024-09-24T23:45:38.143+0000] {logging_mixin.py:190} INFO - [2024-09-24T23:45:38.142+0000] {dag.py:3239} INFO - Sync 1 DAGs
[2024-09-24T23:45:38.185+0000] {logging_mixin.py:190} INFO - [2024-09-24T23:45:38.185+0000] {dag.py:4180} INFO - Setting next_dagrun for tutorial_dag to None, run_after=None
[2024-09-24T23:45:38.247+0000] {processor.py:208} INFO - Processing /home/airflow/.local/lib/python3.12/site-packages/airflow/example_dags/tutorial_dag.py took 0.196 seconds
[2024-09-24T23:46:08.444+0000] {processor.py:186} INFO - Started process (PID=4690) to work on /home/airflow/.local/lib/python3.12/site-packages/airflow/example_dags/tutorial_dag.py
[2024-09-24T23:46:08.446+0000] {processor.py:914} INFO - Processing file /home/airflow/.local/lib/python3.12/site-packages/airflow/example_dags/tutorial_dag.py for tasks to queue
[2024-09-24T23:46:08.452+0000] {logging_mixin.py:190} INFO - [2024-09-24T23:46:08.451+0000] {dagbag.py:588} INFO - Filling up the DagBag from /home/airflow/.local/lib/python3.12/site-packages/airflow/example_dags/tutorial_dag.py
[2024-09-24T23:46:08.469+0000] {processor.py:925} INFO - DAG(s) 'tutorial_dag' retrieved from /home/airflow/.local/lib/python3.12/site-packages/airflow/example_dags/tutorial_dag.py
[2024-09-24T23:46:08.519+0000] {logging_mixin.py:190} INFO - [2024-09-24T23:46:08.518+0000] {dag.py:3239} INFO - Sync 1 DAGs
[2024-09-24T23:46:08.551+0000] {logging_mixin.py:190} INFO - [2024-09-24T23:46:08.551+0000] {dag.py:4180} INFO - Setting next_dagrun for tutorial_dag to None, run_after=None
[2024-09-24T23:46:08.594+0000] {processor.py:208} INFO - Processing /home/airflow/.local/lib/python3.12/site-packages/airflow/example_dags/tutorial_dag.py took 0.163 seconds
[2024-09-24T23:46:38.855+0000] {processor.py:186} INFO - Started process (PID=4976) to work on /home/airflow/.local/lib/python3.12/site-packages/airflow/example_dags/tutorial_dag.py
[2024-09-24T23:46:38.857+0000] {processor.py:914} INFO - Processing file /home/airflow/.local/lib/python3.12/site-packages/airflow/example_dags/tutorial_dag.py for tasks to queue
[2024-09-24T23:46:38.865+0000] {logging_mixin.py:190} INFO - [2024-09-24T23:46:38.863+0000] {dagbag.py:588} INFO - Filling up the DagBag from /home/airflow/.local/lib/python3.12/site-packages/airflow/example_dags/tutorial_dag.py
[2024-09-24T23:46:38.890+0000] {processor.py:925} INFO - DAG(s) 'tutorial_dag' retrieved from /home/airflow/.local/lib/python3.12/site-packages/airflow/example_dags/tutorial_dag.py
[2024-09-24T23:46:38.958+0000] {logging_mixin.py:190} INFO - [2024-09-24T23:46:38.957+0000] {dag.py:3239} INFO - Sync 1 DAGs
[2024-09-24T23:46:39.012+0000] {logging_mixin.py:190} INFO - [2024-09-24T23:46:39.010+0000] {dag.py:4180} INFO - Setting next_dagrun for tutorial_dag to None, run_after=None
[2024-09-24T23:46:39.083+0000] {processor.py:208} INFO - Processing /home/airflow/.local/lib/python3.12/site-packages/airflow/example_dags/tutorial_dag.py took 0.240 seconds
[2024-09-24T23:47:10.146+0000] {processor.py:186} INFO - Started process (PID=5262) to work on /home/airflow/.local/lib/python3.12/site-packages/airflow/example_dags/tutorial_dag.py
[2024-09-24T23:47:10.148+0000] {processor.py:914} INFO - Processing file /home/airflow/.local/lib/python3.12/site-packages/airflow/example_dags/tutorial_dag.py for tasks to queue
[2024-09-24T23:47:10.151+0000] {logging_mixin.py:190} INFO - [2024-09-24T23:47:10.150+0000] {dagbag.py:588} INFO - Filling up the DagBag from /home/airflow/.local/lib/python3.12/site-packages/airflow/example_dags/tutorial_dag.py
[2024-09-24T23:47:10.161+0000] {processor.py:925} INFO - DAG(s) 'tutorial_dag' retrieved from /home/airflow/.local/lib/python3.12/site-packages/airflow/example_dags/tutorial_dag.py
[2024-09-24T23:47:10.196+0000] {logging_mixin.py:190} INFO - [2024-09-24T23:47:10.196+0000] {dag.py:3239} INFO - Sync 1 DAGs
[2024-09-24T23:47:10.224+0000] {logging_mixin.py:190} INFO - [2024-09-24T23:47:10.223+0000] {dag.py:4180} INFO - Setting next_dagrun for tutorial_dag to None, run_after=None
[2024-09-24T23:47:10.260+0000] {processor.py:208} INFO - Processing /home/airflow/.local/lib/python3.12/site-packages/airflow/example_dags/tutorial_dag.py took 0.123 seconds
[2024-09-24T23:47:40.341+0000] {processor.py:186} INFO - Started process (PID=5548) to work on /home/airflow/.local/lib/python3.12/site-packages/airflow/example_dags/tutorial_dag.py
[2024-09-24T23:47:40.343+0000] {processor.py:914} INFO - Processing file /home/airflow/.local/lib/python3.12/site-packages/airflow/example_dags/tutorial_dag.py for tasks to queue
[2024-09-24T23:47:40.347+0000] {logging_mixin.py:190} INFO - [2024-09-24T23:47:40.346+0000] {dagbag.py:588} INFO - Filling up the DagBag from /home/airflow/.local/lib/python3.12/site-packages/airflow/example_dags/tutorial_dag.py
[2024-09-24T23:47:40.359+0000] {processor.py:925} INFO - DAG(s) 'tutorial_dag' retrieved from /home/airflow/.local/lib/python3.12/site-packages/airflow/example_dags/tutorial_dag.py
[2024-09-24T23:47:40.394+0000] {logging_mixin.py:190} INFO - [2024-09-24T23:47:40.394+0000] {dag.py:3239} INFO - Sync 1 DAGs
[2024-09-24T23:47:40.421+0000] {logging_mixin.py:190} INFO - [2024-09-24T23:47:40.420+0000] {dag.py:4180} INFO - Setting next_dagrun for tutorial_dag to None, run_after=None
[2024-09-24T23:47:40.456+0000] {processor.py:208} INFO - Processing /home/airflow/.local/lib/python3.12/site-packages/airflow/example_dags/tutorial_dag.py took 0.124 seconds
[2024-09-24T23:48:11.114+0000] {processor.py:186} INFO - Started process (PID=5834) to work on /home/airflow/.local/lib/python3.12/site-packages/airflow/example_dags/tutorial_dag.py
[2024-09-24T23:48:11.116+0000] {processor.py:914} INFO - Processing file /home/airflow/.local/lib/python3.12/site-packages/airflow/example_dags/tutorial_dag.py for tasks to queue
[2024-09-24T23:48:11.121+0000] {logging_mixin.py:190} INFO - [2024-09-24T23:48:11.120+0000] {dagbag.py:588} INFO - Filling up the DagBag from /home/airflow/.local/lib/python3.12/site-packages/airflow/example_dags/tutorial_dag.py
[2024-09-24T23:48:11.134+0000] {processor.py:925} INFO - DAG(s) 'tutorial_dag' retrieved from /home/airflow/.local/lib/python3.12/site-packages/airflow/example_dags/tutorial_dag.py
[2024-09-24T23:48:11.178+0000] {logging_mixin.py:190} INFO - [2024-09-24T23:48:11.177+0000] {dag.py:3239} INFO - Sync 1 DAGs
[2024-09-24T23:48:11.212+0000] {logging_mixin.py:190} INFO - [2024-09-24T23:48:11.211+0000] {dag.py:4180} INFO - Setting next_dagrun for tutorial_dag to None, run_after=None
[2024-09-24T23:48:11.259+0000] {processor.py:208} INFO - Processing /home/airflow/.local/lib/python3.12/site-packages/airflow/example_dags/tutorial_dag.py took 0.152 seconds
[2024-09-24T23:48:41.845+0000] {processor.py:186} INFO - Started process (PID=6120) to work on /home/airflow/.local/lib/python3.12/site-packages/airflow/example_dags/tutorial_dag.py
[2024-09-24T23:48:41.847+0000] {processor.py:914} INFO - Processing file /home/airflow/.local/lib/python3.12/site-packages/airflow/example_dags/tutorial_dag.py for tasks to queue
[2024-09-24T23:48:41.852+0000] {logging_mixin.py:190} INFO - [2024-09-24T23:48:41.851+0000] {dagbag.py:588} INFO - Filling up the DagBag from /home/airflow/.local/lib/python3.12/site-packages/airflow/example_dags/tutorial_dag.py
[2024-09-24T23:48:41.862+0000] {processor.py:925} INFO - DAG(s) 'tutorial_dag' retrieved from /home/airflow/.local/lib/python3.12/site-packages/airflow/example_dags/tutorial_dag.py
[2024-09-24T23:48:41.899+0000] {logging_mixin.py:190} INFO - [2024-09-24T23:48:41.899+0000] {dag.py:3239} INFO - Sync 1 DAGs
[2024-09-24T23:48:41.928+0000] {logging_mixin.py:190} INFO - [2024-09-24T23:48:41.928+0000] {dag.py:4180} INFO - Setting next_dagrun for tutorial_dag to None, run_after=None
[2024-09-24T23:48:41.963+0000] {processor.py:208} INFO - Processing /home/airflow/.local/lib/python3.12/site-packages/airflow/example_dags/tutorial_dag.py took 0.128 seconds
[2024-09-24T23:49:12.248+0000] {processor.py:186} INFO - Started process (PID=6406) to work on /home/airflow/.local/lib/python3.12/site-packages/airflow/example_dags/tutorial_dag.py
[2024-09-24T23:49:12.251+0000] {processor.py:914} INFO - Processing file /home/airflow/.local/lib/python3.12/site-packages/airflow/example_dags/tutorial_dag.py for tasks to queue
[2024-09-24T23:49:12.267+0000] {logging_mixin.py:190} INFO - [2024-09-24T23:49:12.266+0000] {dagbag.py:588} INFO - Filling up the DagBag from /home/airflow/.local/lib/python3.12/site-packages/airflow/example_dags/tutorial_dag.py
[2024-09-24T23:49:12.309+0000] {processor.py:925} INFO - DAG(s) 'tutorial_dag' retrieved from /home/airflow/.local/lib/python3.12/site-packages/airflow/example_dags/tutorial_dag.py
[2024-09-24T23:49:12.456+0000] {logging_mixin.py:190} INFO - [2024-09-24T23:49:12.455+0000] {dag.py:3239} INFO - Sync 1 DAGs
[2024-09-24T23:49:12.532+0000] {logging_mixin.py:190} INFO - [2024-09-24T23:49:12.532+0000] {dag.py:4180} INFO - Setting next_dagrun for tutorial_dag to None, run_after=None
[2024-09-24T23:49:12.647+0000] {processor.py:208} INFO - Processing /home/airflow/.local/lib/python3.12/site-packages/airflow/example_dags/tutorial_dag.py took 0.423 seconds
[2024-09-24T23:49:43.137+0000] {processor.py:186} INFO - Started process (PID=6692) to work on /home/airflow/.local/lib/python3.12/site-packages/airflow/example_dags/tutorial_dag.py
[2024-09-24T23:49:43.140+0000] {processor.py:914} INFO - Processing file /home/airflow/.local/lib/python3.12/site-packages/airflow/example_dags/tutorial_dag.py for tasks to queue
[2024-09-24T23:49:43.147+0000] {logging_mixin.py:190} INFO - [2024-09-24T23:49:43.146+0000] {dagbag.py:588} INFO - Filling up the DagBag from /home/airflow/.local/lib/python3.12/site-packages/airflow/example_dags/tutorial_dag.py
[2024-09-24T23:49:43.171+0000] {processor.py:925} INFO - DAG(s) 'tutorial_dag' retrieved from /home/airflow/.local/lib/python3.12/site-packages/airflow/example_dags/tutorial_dag.py
[2024-09-24T23:49:43.237+0000] {logging_mixin.py:190} INFO - [2024-09-24T23:49:43.236+0000] {dag.py:3239} INFO - Sync 1 DAGs
[2024-09-24T23:49:43.300+0000] {logging_mixin.py:190} INFO - [2024-09-24T23:49:43.300+0000] {dag.py:4180} INFO - Setting next_dagrun for tutorial_dag to None, run_after=None
[2024-09-24T23:49:43.364+0000] {processor.py:208} INFO - Processing /home/airflow/.local/lib/python3.12/site-packages/airflow/example_dags/tutorial_dag.py took 0.252 seconds
[2024-09-24T23:50:13.594+0000] {processor.py:186} INFO - Started process (PID=6978) to work on /home/airflow/.local/lib/python3.12/site-packages/airflow/example_dags/tutorial_dag.py
[2024-09-24T23:50:13.596+0000] {processor.py:914} INFO - Processing file /home/airflow/.local/lib/python3.12/site-packages/airflow/example_dags/tutorial_dag.py for tasks to queue
[2024-09-24T23:50:13.600+0000] {logging_mixin.py:190} INFO - [2024-09-24T23:50:13.599+0000] {dagbag.py:588} INFO - Filling up the DagBag from /home/airflow/.local/lib/python3.12/site-packages/airflow/example_dags/tutorial_dag.py
[2024-09-24T23:50:13.611+0000] {processor.py:925} INFO - DAG(s) 'tutorial_dag' retrieved from /home/airflow/.local/lib/python3.12/site-packages/airflow/example_dags/tutorial_dag.py
[2024-09-24T23:50:13.649+0000] {logging_mixin.py:190} INFO - [2024-09-24T23:50:13.648+0000] {dag.py:3239} INFO - Sync 1 DAGs
[2024-09-24T23:50:13.688+0000] {logging_mixin.py:190} INFO - [2024-09-24T23:50:13.687+0000] {dag.py:4180} INFO - Setting next_dagrun for tutorial_dag to None, run_after=None
[2024-09-24T23:50:13.754+0000] {processor.py:208} INFO - Processing /home/airflow/.local/lib/python3.12/site-packages/airflow/example_dags/tutorial_dag.py took 0.168 seconds
[2024-09-24T23:50:44.159+0000] {processor.py:186} INFO - Started process (PID=7264) to work on /home/airflow/.local/lib/python3.12/site-packages/airflow/example_dags/tutorial_dag.py
[2024-09-24T23:50:44.161+0000] {processor.py:914} INFO - Processing file /home/airflow/.local/lib/python3.12/site-packages/airflow/example_dags/tutorial_dag.py for tasks to queue
[2024-09-24T23:50:44.165+0000] {logging_mixin.py:190} INFO - [2024-09-24T23:50:44.165+0000] {dagbag.py:588} INFO - Filling up the DagBag from /home/airflow/.local/lib/python3.12/site-packages/airflow/example_dags/tutorial_dag.py
[2024-09-24T23:50:44.181+0000] {processor.py:925} INFO - DAG(s) 'tutorial_dag' retrieved from /home/airflow/.local/lib/python3.12/site-packages/airflow/example_dags/tutorial_dag.py
[2024-09-24T23:50:44.222+0000] {logging_mixin.py:190} INFO - [2024-09-24T23:50:44.221+0000] {dag.py:3239} INFO - Sync 1 DAGs
[2024-09-24T23:50:44.252+0000] {logging_mixin.py:190} INFO - [2024-09-24T23:50:44.252+0000] {dag.py:4180} INFO - Setting next_dagrun for tutorial_dag to None, run_after=None
[2024-09-24T23:50:44.294+0000] {processor.py:208} INFO - Processing /home/airflow/.local/lib/python3.12/site-packages/airflow/example_dags/tutorial_dag.py took 0.146 seconds
[2024-09-24T23:51:14.810+0000] {processor.py:186} INFO - Started process (PID=7550) to work on /home/airflow/.local/lib/python3.12/site-packages/airflow/example_dags/tutorial_dag.py
[2024-09-24T23:51:14.812+0000] {processor.py:914} INFO - Processing file /home/airflow/.local/lib/python3.12/site-packages/airflow/example_dags/tutorial_dag.py for tasks to queue
[2024-09-24T23:51:14.817+0000] {logging_mixin.py:190} INFO - [2024-09-24T23:51:14.816+0000] {dagbag.py:588} INFO - Filling up the DagBag from /home/airflow/.local/lib/python3.12/site-packages/airflow/example_dags/tutorial_dag.py
[2024-09-24T23:51:14.831+0000] {processor.py:925} INFO - DAG(s) 'tutorial_dag' retrieved from /home/airflow/.local/lib/python3.12/site-packages/airflow/example_dags/tutorial_dag.py
[2024-09-24T23:51:14.870+0000] {logging_mixin.py:190} INFO - [2024-09-24T23:51:14.869+0000] {dag.py:3239} INFO - Sync 1 DAGs
[2024-09-24T23:51:14.907+0000] {logging_mixin.py:190} INFO - [2024-09-24T23:51:14.907+0000] {dag.py:4180} INFO - Setting next_dagrun for tutorial_dag to None, run_after=None
[2024-09-24T23:51:14.971+0000] {processor.py:208} INFO - Processing /home/airflow/.local/lib/python3.12/site-packages/airflow/example_dags/tutorial_dag.py took 0.173 seconds
[2024-09-24T23:51:45.114+0000] {processor.py:186} INFO - Started process (PID=7834) to work on /home/airflow/.local/lib/python3.12/site-packages/airflow/example_dags/tutorial_dag.py
[2024-09-24T23:51:45.119+0000] {processor.py:914} INFO - Processing file /home/airflow/.local/lib/python3.12/site-packages/airflow/example_dags/tutorial_dag.py for tasks to queue
[2024-09-24T23:51:45.123+0000] {logging_mixin.py:190} INFO - [2024-09-24T23:51:45.122+0000] {dagbag.py:588} INFO - Filling up the DagBag from /home/airflow/.local/lib/python3.12/site-packages/airflow/example_dags/tutorial_dag.py
[2024-09-24T23:51:45.137+0000] {processor.py:925} INFO - DAG(s) 'tutorial_dag' retrieved from /home/airflow/.local/lib/python3.12/site-packages/airflow/example_dags/tutorial_dag.py
[2024-09-24T23:51:45.185+0000] {logging_mixin.py:190} INFO - [2024-09-24T23:51:45.184+0000] {dag.py:3239} INFO - Sync 1 DAGs
[2024-09-24T23:51:45.222+0000] {logging_mixin.py:190} INFO - [2024-09-24T23:51:45.222+0000] {dag.py:4180} INFO - Setting next_dagrun for tutorial_dag to None, run_after=None
[2024-09-24T23:51:45.289+0000] {processor.py:208} INFO - Processing /home/airflow/.local/lib/python3.12/site-packages/airflow/example_dags/tutorial_dag.py took 0.187 seconds
[2024-09-24T23:52:15.741+0000] {processor.py:186} INFO - Started process (PID=8113) to work on /home/airflow/.local/lib/python3.12/site-packages/airflow/example_dags/tutorial_dag.py
[2024-09-24T23:52:15.743+0000] {processor.py:914} INFO - Processing file /home/airflow/.local/lib/python3.12/site-packages/airflow/example_dags/tutorial_dag.py for tasks to queue
[2024-09-24T23:52:15.747+0000] {logging_mixin.py:190} INFO - [2024-09-24T23:52:15.746+0000] {dagbag.py:588} INFO - Filling up the DagBag from /home/airflow/.local/lib/python3.12/site-packages/airflow/example_dags/tutorial_dag.py
[2024-09-24T23:52:15.760+0000] {processor.py:925} INFO - DAG(s) 'tutorial_dag' retrieved from /home/airflow/.local/lib/python3.12/site-packages/airflow/example_dags/tutorial_dag.py
[2024-09-24T23:52:15.798+0000] {logging_mixin.py:190} INFO - [2024-09-24T23:52:15.798+0000] {dag.py:3239} INFO - Sync 1 DAGs
[2024-09-24T23:52:15.827+0000] {logging_mixin.py:190} INFO - [2024-09-24T23:52:15.827+0000] {dag.py:4180} INFO - Setting next_dagrun for tutorial_dag to None, run_after=None
[2024-09-24T23:52:15.867+0000] {processor.py:208} INFO - Processing /home/airflow/.local/lib/python3.12/site-packages/airflow/example_dags/tutorial_dag.py took 0.136 seconds
[2024-09-24T23:52:46.687+0000] {processor.py:186} INFO - Started process (PID=8402) to work on /home/airflow/.local/lib/python3.12/site-packages/airflow/example_dags/tutorial_dag.py
[2024-09-24T23:52:46.689+0000] {processor.py:914} INFO - Processing file /home/airflow/.local/lib/python3.12/site-packages/airflow/example_dags/tutorial_dag.py for tasks to queue
[2024-09-24T23:52:46.693+0000] {logging_mixin.py:190} INFO - [2024-09-24T23:52:46.692+0000] {dagbag.py:588} INFO - Filling up the DagBag from /home/airflow/.local/lib/python3.12/site-packages/airflow/example_dags/tutorial_dag.py
[2024-09-24T23:52:46.705+0000] {processor.py:925} INFO - DAG(s) 'tutorial_dag' retrieved from /home/airflow/.local/lib/python3.12/site-packages/airflow/example_dags/tutorial_dag.py
[2024-09-24T23:52:46.742+0000] {logging_mixin.py:190} INFO - [2024-09-24T23:52:46.742+0000] {dag.py:3239} INFO - Sync 1 DAGs
[2024-09-24T23:52:46.783+0000] {logging_mixin.py:190} INFO - [2024-09-24T23:52:46.782+0000] {dag.py:4180} INFO - Setting next_dagrun for tutorial_dag to None, run_after=None
[2024-09-24T23:52:46.824+0000] {processor.py:208} INFO - Processing /home/airflow/.local/lib/python3.12/site-packages/airflow/example_dags/tutorial_dag.py took 0.147 seconds
[2024-09-24T23:53:17.310+0000] {processor.py:186} INFO - Started process (PID=8688) to work on /home/airflow/.local/lib/python3.12/site-packages/airflow/example_dags/tutorial_dag.py
[2024-09-24T23:53:17.312+0000] {processor.py:914} INFO - Processing file /home/airflow/.local/lib/python3.12/site-packages/airflow/example_dags/tutorial_dag.py for tasks to queue
[2024-09-24T23:53:17.317+0000] {logging_mixin.py:190} INFO - [2024-09-24T23:53:17.317+0000] {dagbag.py:588} INFO - Filling up the DagBag from /home/airflow/.local/lib/python3.12/site-packages/airflow/example_dags/tutorial_dag.py
[2024-09-24T23:53:17.329+0000] {processor.py:925} INFO - DAG(s) 'tutorial_dag' retrieved from /home/airflow/.local/lib/python3.12/site-packages/airflow/example_dags/tutorial_dag.py
[2024-09-24T23:53:17.370+0000] {logging_mixin.py:190} INFO - [2024-09-24T23:53:17.370+0000] {dag.py:3239} INFO - Sync 1 DAGs
[2024-09-24T23:53:17.403+0000] {logging_mixin.py:190} INFO - [2024-09-24T23:53:17.403+0000] {dag.py:4180} INFO - Setting next_dagrun for tutorial_dag to None, run_after=None
[2024-09-24T23:53:17.445+0000] {processor.py:208} INFO - Processing /home/airflow/.local/lib/python3.12/site-packages/airflow/example_dags/tutorial_dag.py took 0.147 seconds
[2024-09-24T23:53:47.889+0000] {processor.py:186} INFO - Started process (PID=8974) to work on /home/airflow/.local/lib/python3.12/site-packages/airflow/example_dags/tutorial_dag.py
[2024-09-24T23:53:47.891+0000] {processor.py:914} INFO - Processing file /home/airflow/.local/lib/python3.12/site-packages/airflow/example_dags/tutorial_dag.py for tasks to queue
[2024-09-24T23:53:47.898+0000] {logging_mixin.py:190} INFO - [2024-09-24T23:53:47.897+0000] {dagbag.py:588} INFO - Filling up the DagBag from /home/airflow/.local/lib/python3.12/site-packages/airflow/example_dags/tutorial_dag.py
[2024-09-24T23:53:47.915+0000] {processor.py:925} INFO - DAG(s) 'tutorial_dag' retrieved from /home/airflow/.local/lib/python3.12/site-packages/airflow/example_dags/tutorial_dag.py
[2024-09-24T23:53:47.960+0000] {logging_mixin.py:190} INFO - [2024-09-24T23:53:47.960+0000] {dag.py:3239} INFO - Sync 1 DAGs
[2024-09-24T23:53:47.996+0000] {logging_mixin.py:190} INFO - [2024-09-24T23:53:47.996+0000] {dag.py:4180} INFO - Setting next_dagrun for tutorial_dag to None, run_after=None
[2024-09-24T23:53:48.046+0000] {processor.py:208} INFO - Processing /home/airflow/.local/lib/python3.12/site-packages/airflow/example_dags/tutorial_dag.py took 0.169 seconds
[2024-09-24T23:54:18.190+0000] {processor.py:186} INFO - Started process (PID=9257) to work on /home/airflow/.local/lib/python3.12/site-packages/airflow/example_dags/tutorial_dag.py
[2024-09-24T23:54:18.192+0000] {processor.py:914} INFO - Processing file /home/airflow/.local/lib/python3.12/site-packages/airflow/example_dags/tutorial_dag.py for tasks to queue
[2024-09-24T23:54:18.195+0000] {logging_mixin.py:190} INFO - [2024-09-24T23:54:18.195+0000] {dagbag.py:588} INFO - Filling up the DagBag from /home/airflow/.local/lib/python3.12/site-packages/airflow/example_dags/tutorial_dag.py
[2024-09-24T23:54:18.206+0000] {processor.py:925} INFO - DAG(s) 'tutorial_dag' retrieved from /home/airflow/.local/lib/python3.12/site-packages/airflow/example_dags/tutorial_dag.py
[2024-09-24T23:54:18.240+0000] {logging_mixin.py:190} INFO - [2024-09-24T23:54:18.240+0000] {dag.py:3239} INFO - Sync 1 DAGs
[2024-09-24T23:54:18.267+0000] {logging_mixin.py:190} INFO - [2024-09-24T23:54:18.267+0000] {dag.py:4180} INFO - Setting next_dagrun for tutorial_dag to None, run_after=None
[2024-09-24T23:54:18.308+0000] {processor.py:208} INFO - Processing /home/airflow/.local/lib/python3.12/site-packages/airflow/example_dags/tutorial_dag.py took 0.128 seconds
[2024-09-24T23:54:48.716+0000] {processor.py:186} INFO - Started process (PID=9543) to work on /home/airflow/.local/lib/python3.12/site-packages/airflow/example_dags/tutorial_dag.py
[2024-09-24T23:54:48.718+0000] {processor.py:914} INFO - Processing file /home/airflow/.local/lib/python3.12/site-packages/airflow/example_dags/tutorial_dag.py for tasks to queue
[2024-09-24T23:54:48.722+0000] {logging_mixin.py:190} INFO - [2024-09-24T23:54:48.721+0000] {dagbag.py:588} INFO - Filling up the DagBag from /home/airflow/.local/lib/python3.12/site-packages/airflow/example_dags/tutorial_dag.py
[2024-09-24T23:54:48.738+0000] {processor.py:925} INFO - DAG(s) 'tutorial_dag' retrieved from /home/airflow/.local/lib/python3.12/site-packages/airflow/example_dags/tutorial_dag.py
[2024-09-24T23:54:48.773+0000] {logging_mixin.py:190} INFO - [2024-09-24T23:54:48.773+0000] {dag.py:3239} INFO - Sync 1 DAGs
[2024-09-24T23:54:48.798+0000] {logging_mixin.py:190} INFO - [2024-09-24T23:54:48.798+0000] {dag.py:4180} INFO - Setting next_dagrun for tutorial_dag to None, run_after=None
[2024-09-24T23:54:48.832+0000] {processor.py:208} INFO - Processing /home/airflow/.local/lib/python3.12/site-packages/airflow/example_dags/tutorial_dag.py took 0.127 seconds
[2024-09-24T23:55:19.556+0000] {processor.py:186} INFO - Started process (PID=9827) to work on /home/airflow/.local/lib/python3.12/site-packages/airflow/example_dags/tutorial_dag.py
[2024-09-24T23:55:19.558+0000] {processor.py:914} INFO - Processing file /home/airflow/.local/lib/python3.12/site-packages/airflow/example_dags/tutorial_dag.py for tasks to queue
[2024-09-24T23:55:19.563+0000] {logging_mixin.py:190} INFO - [2024-09-24T23:55:19.562+0000] {dagbag.py:588} INFO - Filling up the DagBag from /home/airflow/.local/lib/python3.12/site-packages/airflow/example_dags/tutorial_dag.py
[2024-09-24T23:55:19.581+0000] {processor.py:925} INFO - DAG(s) 'tutorial_dag' retrieved from /home/airflow/.local/lib/python3.12/site-packages/airflow/example_dags/tutorial_dag.py
[2024-09-24T23:55:19.644+0000] {logging_mixin.py:190} INFO - [2024-09-24T23:55:19.642+0000] {dag.py:3239} INFO - Sync 1 DAGs
[2024-09-24T23:55:19.690+0000] {logging_mixin.py:190} INFO - [2024-09-24T23:55:19.690+0000] {dag.py:4180} INFO - Setting next_dagrun for tutorial_dag to None, run_after=None
[2024-09-24T23:55:19.744+0000] {processor.py:208} INFO - Processing /home/airflow/.local/lib/python3.12/site-packages/airflow/example_dags/tutorial_dag.py took 0.199 seconds
[2024-09-24T23:55:55.663+0000] {processor.py:186} INFO - Started process (PID=10118) to work on /home/airflow/.local/lib/python3.12/site-packages/airflow/example_dags/tutorial_dag.py
[2024-09-24T23:55:55.666+0000] {processor.py:914} INFO - Processing file /home/airflow/.local/lib/python3.12/site-packages/airflow/example_dags/tutorial_dag.py for tasks to queue
[2024-09-24T23:55:55.675+0000] {logging_mixin.py:190} INFO - [2024-09-24T23:55:55.674+0000] {dagbag.py:588} INFO - Filling up the DagBag from /home/airflow/.local/lib/python3.12/site-packages/airflow/example_dags/tutorial_dag.py
[2024-09-24T23:55:55.698+0000] {processor.py:925} INFO - DAG(s) 'tutorial_dag' retrieved from /home/airflow/.local/lib/python3.12/site-packages/airflow/example_dags/tutorial_dag.py
[2024-09-24T23:55:55.766+0000] {logging_mixin.py:190} INFO - [2024-09-24T23:55:55.765+0000] {dag.py:3239} INFO - Sync 1 DAGs
[2024-09-24T23:55:55.812+0000] {logging_mixin.py:190} INFO - [2024-09-24T23:55:55.811+0000] {dag.py:4180} INFO - Setting next_dagrun for tutorial_dag to None, run_after=None
[2024-09-24T23:55:55.865+0000] {processor.py:208} INFO - Processing /home/airflow/.local/lib/python3.12/site-packages/airflow/example_dags/tutorial_dag.py took 0.217 seconds
