[2024-09-24T23:37:54.760+0000] {processor.py:186} INFO - Started process (PID=230) to work on /home/airflow/.local/lib/python3.12/site-packages/airflow/example_dags/tutorial.py
[2024-09-24T23:37:54.772+0000] {processor.py:914} INFO - Processing file /home/airflow/.local/lib/python3.12/site-packages/airflow/example_dags/tutorial.py for tasks to queue
[2024-09-24T23:37:54.791+0000] {logging_mixin.py:190} INFO - [2024-09-24T23:37:54.787+0000] {dagbag.py:588} INFO - Filling up the DagBag from /home/airflow/.local/lib/python3.12/site-packages/airflow/example_dags/tutorial.py
[2024-09-24T23:37:54.832+0000] {processor.py:925} INFO - DAG(s) 'tutorial' retrieved from /home/airflow/.local/lib/python3.12/site-packages/airflow/example_dags/tutorial.py
[2024-09-24T23:37:55.625+0000] {logging_mixin.py:190} INFO - [2024-09-24T23:37:55.622+0000] {override.py:1900} INFO - Created Permission View: can edit on DAG:tutorial
[2024-09-24T23:37:55.690+0000] {logging_mixin.py:190} INFO - [2024-09-24T23:37:55.689+0000] {override.py:1900} INFO - Created Permission View: can read on DAG:tutorial
[2024-09-24T23:37:55.730+0000] {logging_mixin.py:190} INFO - [2024-09-24T23:37:55.728+0000] {override.py:1900} INFO - Created Permission View: can delete on DAG:tutorial
[2024-09-24T23:37:55.791+0000] {logging_mixin.py:190} INFO - [2024-09-24T23:37:55.790+0000] {override.py:1900} INFO - Created Permission View: can read on DAG Run:tutorial
[2024-09-24T23:37:55.841+0000] {logging_mixin.py:190} INFO - [2024-09-24T23:37:55.840+0000] {override.py:1900} INFO - Created Permission View: menu access on DAG Run:tutorial
[2024-09-24T23:37:55.908+0000] {logging_mixin.py:190} INFO - [2024-09-24T23:37:55.907+0000] {override.py:1900} INFO - Created Permission View: can delete on DAG Run:tutorial
[2024-09-24T23:37:55.953+0000] {logging_mixin.py:190} INFO - [2024-09-24T23:37:55.953+0000] {override.py:1900} INFO - Created Permission View: can create on DAG Run:tutorial
[2024-09-24T23:37:55.956+0000] {logging_mixin.py:190} INFO - [2024-09-24T23:37:55.955+0000] {dag.py:3239} INFO - Sync 1 DAGs
[2024-09-24T23:37:56.037+0000] {logging_mixin.py:190} INFO - [2024-09-24T23:37:56.036+0000] {dag.py:3262} INFO - Creating ORM DAG for tutorial
[2024-09-24T23:37:56.097+0000] {logging_mixin.py:190} INFO - [2024-09-24T23:37:56.096+0000] {dag.py:4180} INFO - Setting next_dagrun for tutorial to 2024-09-23 00:00:00+00:00, run_after=2024-09-24 00:00:00+00:00
[2024-09-24T23:37:56.176+0000] {processor.py:208} INFO - Processing /home/airflow/.local/lib/python3.12/site-packages/airflow/example_dags/tutorial.py took 1.444 seconds
[2024-09-24T23:38:35.172+0000] {processor.py:186} INFO - Started process (PID=522) to work on /home/airflow/.local/lib/python3.12/site-packages/airflow/example_dags/tutorial.py
[2024-09-24T23:38:35.175+0000] {processor.py:914} INFO - Processing file /home/airflow/.local/lib/python3.12/site-packages/airflow/example_dags/tutorial.py for tasks to queue
[2024-09-24T23:38:35.180+0000] {logging_mixin.py:190} INFO - [2024-09-24T23:38:35.179+0000] {dagbag.py:588} INFO - Filling up the DagBag from /home/airflow/.local/lib/python3.12/site-packages/airflow/example_dags/tutorial.py
[2024-09-24T23:38:35.202+0000] {processor.py:925} INFO - DAG(s) 'tutorial' retrieved from /home/airflow/.local/lib/python3.12/site-packages/airflow/example_dags/tutorial.py
[2024-09-24T23:38:35.250+0000] {logging_mixin.py:190} INFO - [2024-09-24T23:38:35.249+0000] {dag.py:3239} INFO - Sync 1 DAGs
[2024-09-24T23:38:35.320+0000] {logging_mixin.py:190} INFO - [2024-09-24T23:38:35.319+0000] {dag.py:4180} INFO - Setting next_dagrun for tutorial to 2024-09-23 00:00:00+00:00, run_after=2024-09-24 00:00:00+00:00
[2024-09-24T23:38:35.376+0000] {processor.py:208} INFO - Processing /home/airflow/.local/lib/python3.12/site-packages/airflow/example_dags/tutorial.py took 0.219 seconds
[2024-09-24T23:39:06.963+0000] {processor.py:186} INFO - Started process (PID=807) to work on /home/airflow/.local/lib/python3.12/site-packages/airflow/example_dags/tutorial.py
[2024-09-24T23:39:06.966+0000] {processor.py:914} INFO - Processing file /home/airflow/.local/lib/python3.12/site-packages/airflow/example_dags/tutorial.py for tasks to queue
[2024-09-24T23:39:06.981+0000] {logging_mixin.py:190} INFO - [2024-09-24T23:39:06.980+0000] {dagbag.py:588} INFO - Filling up the DagBag from /home/airflow/.local/lib/python3.12/site-packages/airflow/example_dags/tutorial.py
[2024-09-24T23:39:07.012+0000] {processor.py:925} INFO - DAG(s) 'tutorial' retrieved from /home/airflow/.local/lib/python3.12/site-packages/airflow/example_dags/tutorial.py
[2024-09-24T23:39:07.082+0000] {logging_mixin.py:190} INFO - [2024-09-24T23:39:07.081+0000] {dag.py:3239} INFO - Sync 1 DAGs
[2024-09-24T23:39:07.201+0000] {logging_mixin.py:190} INFO - [2024-09-24T23:39:07.200+0000] {dag.py:4180} INFO - Setting next_dagrun for tutorial to 2024-09-23 00:00:00+00:00, run_after=2024-09-24 00:00:00+00:00
[2024-09-24T23:39:07.303+0000] {processor.py:208} INFO - Processing /home/airflow/.local/lib/python3.12/site-packages/airflow/example_dags/tutorial.py took 0.371 seconds
[2024-09-24T23:39:39.762+0000] {processor.py:186} INFO - Started process (PID=1073) to work on /home/airflow/.local/lib/python3.12/site-packages/airflow/example_dags/tutorial.py
[2024-09-24T23:39:39.766+0000] {processor.py:914} INFO - Processing file /home/airflow/.local/lib/python3.12/site-packages/airflow/example_dags/tutorial.py for tasks to queue
[2024-09-24T23:39:39.772+0000] {logging_mixin.py:190} INFO - [2024-09-24T23:39:39.771+0000] {dagbag.py:588} INFO - Filling up the DagBag from /home/airflow/.local/lib/python3.12/site-packages/airflow/example_dags/tutorial.py
[2024-09-24T23:39:39.794+0000] {processor.py:925} INFO - DAG(s) 'tutorial' retrieved from /home/airflow/.local/lib/python3.12/site-packages/airflow/example_dags/tutorial.py
[2024-09-24T23:39:39.857+0000] {logging_mixin.py:190} INFO - [2024-09-24T23:39:39.856+0000] {dag.py:3239} INFO - Sync 1 DAGs
[2024-09-24T23:39:39.958+0000] {logging_mixin.py:190} INFO - [2024-09-24T23:39:39.957+0000] {dag.py:4180} INFO - Setting next_dagrun for tutorial to 2024-09-23 00:00:00+00:00, run_after=2024-09-24 00:00:00+00:00
[2024-09-24T23:39:40.030+0000] {processor.py:208} INFO - Processing /home/airflow/.local/lib/python3.12/site-packages/airflow/example_dags/tutorial.py took 0.283 seconds
[2024-09-24T23:40:10.345+0000] {processor.py:186} INFO - Started process (PID=1359) to work on /home/airflow/.local/lib/python3.12/site-packages/airflow/example_dags/tutorial.py
[2024-09-24T23:40:10.349+0000] {processor.py:914} INFO - Processing file /home/airflow/.local/lib/python3.12/site-packages/airflow/example_dags/tutorial.py for tasks to queue
[2024-09-24T23:40:10.356+0000] {logging_mixin.py:190} INFO - [2024-09-24T23:40:10.355+0000] {dagbag.py:588} INFO - Filling up the DagBag from /home/airflow/.local/lib/python3.12/site-packages/airflow/example_dags/tutorial.py
[2024-09-24T23:40:10.378+0000] {processor.py:925} INFO - DAG(s) 'tutorial' retrieved from /home/airflow/.local/lib/python3.12/site-packages/airflow/example_dags/tutorial.py
[2024-09-24T23:40:10.447+0000] {logging_mixin.py:190} INFO - [2024-09-24T23:40:10.446+0000] {dag.py:3239} INFO - Sync 1 DAGs
[2024-09-24T23:40:10.550+0000] {logging_mixin.py:190} INFO - [2024-09-24T23:40:10.550+0000] {dag.py:4180} INFO - Setting next_dagrun for tutorial to 2024-09-23 00:00:00+00:00, run_after=2024-09-24 00:00:00+00:00
[2024-09-24T23:40:10.608+0000] {processor.py:208} INFO - Processing /home/airflow/.local/lib/python3.12/site-packages/airflow/example_dags/tutorial.py took 0.275 seconds
[2024-09-24T23:40:41.652+0000] {processor.py:186} INFO - Started process (PID=1646) to work on /home/airflow/.local/lib/python3.12/site-packages/airflow/example_dags/tutorial.py
[2024-09-24T23:40:41.656+0000] {processor.py:914} INFO - Processing file /home/airflow/.local/lib/python3.12/site-packages/airflow/example_dags/tutorial.py for tasks to queue
[2024-09-24T23:40:41.664+0000] {logging_mixin.py:190} INFO - [2024-09-24T23:40:41.662+0000] {dagbag.py:588} INFO - Filling up the DagBag from /home/airflow/.local/lib/python3.12/site-packages/airflow/example_dags/tutorial.py
[2024-09-24T23:40:41.691+0000] {processor.py:925} INFO - DAG(s) 'tutorial' retrieved from /home/airflow/.local/lib/python3.12/site-packages/airflow/example_dags/tutorial.py
[2024-09-24T23:40:41.748+0000] {logging_mixin.py:190} INFO - [2024-09-24T23:40:41.747+0000] {dag.py:3239} INFO - Sync 1 DAGs
[2024-09-24T23:40:41.824+0000] {logging_mixin.py:190} INFO - [2024-09-24T23:40:41.824+0000] {dag.py:4180} INFO - Setting next_dagrun for tutorial to 2024-09-23 00:00:00+00:00, run_after=2024-09-24 00:00:00+00:00
[2024-09-24T23:40:41.879+0000] {processor.py:208} INFO - Processing /home/airflow/.local/lib/python3.12/site-packages/airflow/example_dags/tutorial.py took 0.246 seconds
[2024-09-24T23:41:12.338+0000] {processor.py:186} INFO - Started process (PID=1933) to work on /home/airflow/.local/lib/python3.12/site-packages/airflow/example_dags/tutorial.py
[2024-09-24T23:41:12.341+0000] {processor.py:914} INFO - Processing file /home/airflow/.local/lib/python3.12/site-packages/airflow/example_dags/tutorial.py for tasks to queue
[2024-09-24T23:41:12.348+0000] {logging_mixin.py:190} INFO - [2024-09-24T23:41:12.347+0000] {dagbag.py:588} INFO - Filling up the DagBag from /home/airflow/.local/lib/python3.12/site-packages/airflow/example_dags/tutorial.py
[2024-09-24T23:41:12.378+0000] {processor.py:925} INFO - DAG(s) 'tutorial' retrieved from /home/airflow/.local/lib/python3.12/site-packages/airflow/example_dags/tutorial.py
[2024-09-24T23:41:12.448+0000] {logging_mixin.py:190} INFO - [2024-09-24T23:41:12.447+0000] {dag.py:3239} INFO - Sync 1 DAGs
[2024-09-24T23:41:12.545+0000] {logging_mixin.py:190} INFO - [2024-09-24T23:41:12.544+0000] {dag.py:4180} INFO - Setting next_dagrun for tutorial to 2024-09-23 00:00:00+00:00, run_after=2024-09-24 00:00:00+00:00
[2024-09-24T23:41:12.606+0000] {processor.py:208} INFO - Processing /home/airflow/.local/lib/python3.12/site-packages/airflow/example_dags/tutorial.py took 0.284 seconds
[2024-09-24T23:41:43.356+0000] {processor.py:186} INFO - Started process (PID=2219) to work on /home/airflow/.local/lib/python3.12/site-packages/airflow/example_dags/tutorial.py
[2024-09-24T23:41:43.358+0000] {processor.py:914} INFO - Processing file /home/airflow/.local/lib/python3.12/site-packages/airflow/example_dags/tutorial.py for tasks to queue
[2024-09-24T23:41:43.365+0000] {logging_mixin.py:190} INFO - [2024-09-24T23:41:43.363+0000] {dagbag.py:588} INFO - Filling up the DagBag from /home/airflow/.local/lib/python3.12/site-packages/airflow/example_dags/tutorial.py
[2024-09-24T23:41:43.384+0000] {processor.py:925} INFO - DAG(s) 'tutorial' retrieved from /home/airflow/.local/lib/python3.12/site-packages/airflow/example_dags/tutorial.py
[2024-09-24T23:41:43.440+0000] {logging_mixin.py:190} INFO - [2024-09-24T23:41:43.439+0000] {dag.py:3239} INFO - Sync 1 DAGs
[2024-09-24T23:41:43.497+0000] {logging_mixin.py:190} INFO - [2024-09-24T23:41:43.496+0000] {dag.py:4180} INFO - Setting next_dagrun for tutorial to 2024-09-23 00:00:00+00:00, run_after=2024-09-24 00:00:00+00:00
[2024-09-24T23:41:43.556+0000] {processor.py:208} INFO - Processing /home/airflow/.local/lib/python3.12/site-packages/airflow/example_dags/tutorial.py took 0.215 seconds
[2024-09-24T23:42:13.967+0000] {processor.py:186} INFO - Started process (PID=2500) to work on /home/airflow/.local/lib/python3.12/site-packages/airflow/example_dags/tutorial.py
[2024-09-24T23:42:13.970+0000] {processor.py:914} INFO - Processing file /home/airflow/.local/lib/python3.12/site-packages/airflow/example_dags/tutorial.py for tasks to queue
[2024-09-24T23:42:13.977+0000] {logging_mixin.py:190} INFO - [2024-09-24T23:42:13.976+0000] {dagbag.py:588} INFO - Filling up the DagBag from /home/airflow/.local/lib/python3.12/site-packages/airflow/example_dags/tutorial.py
[2024-09-24T23:42:14.001+0000] {processor.py:925} INFO - DAG(s) 'tutorial' retrieved from /home/airflow/.local/lib/python3.12/site-packages/airflow/example_dags/tutorial.py
[2024-09-24T23:42:14.054+0000] {logging_mixin.py:190} INFO - [2024-09-24T23:42:14.054+0000] {dag.py:3239} INFO - Sync 1 DAGs
[2024-09-24T23:42:14.124+0000] {logging_mixin.py:190} INFO - [2024-09-24T23:42:14.123+0000] {dag.py:4180} INFO - Setting next_dagrun for tutorial to 2024-09-23 00:00:00+00:00, run_after=2024-09-24 00:00:00+00:00
[2024-09-24T23:42:14.174+0000] {processor.py:208} INFO - Processing /home/airflow/.local/lib/python3.12/site-packages/airflow/example_dags/tutorial.py took 0.223 seconds
[2024-09-24T23:42:44.483+0000] {processor.py:186} INFO - Started process (PID=2786) to work on /home/airflow/.local/lib/python3.12/site-packages/airflow/example_dags/tutorial.py
[2024-09-24T23:42:44.485+0000] {processor.py:914} INFO - Processing file /home/airflow/.local/lib/python3.12/site-packages/airflow/example_dags/tutorial.py for tasks to queue
[2024-09-24T23:42:44.490+0000] {logging_mixin.py:190} INFO - [2024-09-24T23:42:44.489+0000] {dagbag.py:588} INFO - Filling up the DagBag from /home/airflow/.local/lib/python3.12/site-packages/airflow/example_dags/tutorial.py
[2024-09-24T23:42:44.515+0000] {processor.py:925} INFO - DAG(s) 'tutorial' retrieved from /home/airflow/.local/lib/python3.12/site-packages/airflow/example_dags/tutorial.py
[2024-09-24T23:42:44.578+0000] {logging_mixin.py:190} INFO - [2024-09-24T23:42:44.577+0000] {dag.py:3239} INFO - Sync 1 DAGs
[2024-09-24T23:42:44.642+0000] {logging_mixin.py:190} INFO - [2024-09-24T23:42:44.641+0000] {dag.py:4180} INFO - Setting next_dagrun for tutorial to 2024-09-23 00:00:00+00:00, run_after=2024-09-24 00:00:00+00:00
[2024-09-24T23:42:44.706+0000] {processor.py:208} INFO - Processing /home/airflow/.local/lib/python3.12/site-packages/airflow/example_dags/tutorial.py took 0.237 seconds
[2024-09-24T23:43:15.335+0000] {processor.py:186} INFO - Started process (PID=3072) to work on /home/airflow/.local/lib/python3.12/site-packages/airflow/example_dags/tutorial.py
[2024-09-24T23:43:15.338+0000] {processor.py:914} INFO - Processing file /home/airflow/.local/lib/python3.12/site-packages/airflow/example_dags/tutorial.py for tasks to queue
[2024-09-24T23:43:15.343+0000] {logging_mixin.py:190} INFO - [2024-09-24T23:43:15.343+0000] {dagbag.py:588} INFO - Filling up the DagBag from /home/airflow/.local/lib/python3.12/site-packages/airflow/example_dags/tutorial.py
[2024-09-24T23:43:15.359+0000] {processor.py:925} INFO - DAG(s) 'tutorial' retrieved from /home/airflow/.local/lib/python3.12/site-packages/airflow/example_dags/tutorial.py
[2024-09-24T23:43:15.409+0000] {logging_mixin.py:190} INFO - [2024-09-24T23:43:15.408+0000] {dag.py:3239} INFO - Sync 1 DAGs
[2024-09-24T23:43:15.465+0000] {logging_mixin.py:190} INFO - [2024-09-24T23:43:15.464+0000] {dag.py:4180} INFO - Setting next_dagrun for tutorial to 2024-09-23 00:00:00+00:00, run_after=2024-09-24 00:00:00+00:00
[2024-09-24T23:43:15.511+0000] {processor.py:208} INFO - Processing /home/airflow/.local/lib/python3.12/site-packages/airflow/example_dags/tutorial.py took 0.189 seconds
[2024-09-24T23:43:46.599+0000] {processor.py:186} INFO - Started process (PID=3358) to work on /home/airflow/.local/lib/python3.12/site-packages/airflow/example_dags/tutorial.py
[2024-09-24T23:43:46.601+0000] {processor.py:914} INFO - Processing file /home/airflow/.local/lib/python3.12/site-packages/airflow/example_dags/tutorial.py for tasks to queue
[2024-09-24T23:43:46.616+0000] {logging_mixin.py:190} INFO - [2024-09-24T23:43:46.615+0000] {dagbag.py:588} INFO - Filling up the DagBag from /home/airflow/.local/lib/python3.12/site-packages/airflow/example_dags/tutorial.py
[2024-09-24T23:43:46.671+0000] {processor.py:925} INFO - DAG(s) 'tutorial' retrieved from /home/airflow/.local/lib/python3.12/site-packages/airflow/example_dags/tutorial.py
[2024-09-24T23:43:46.773+0000] {logging_mixin.py:190} INFO - [2024-09-24T23:43:46.772+0000] {dag.py:3239} INFO - Sync 1 DAGs
[2024-09-24T23:43:46.848+0000] {logging_mixin.py:190} INFO - [2024-09-24T23:43:46.847+0000] {dag.py:4180} INFO - Setting next_dagrun for tutorial to 2024-09-23 00:00:00+00:00, run_after=2024-09-24 00:00:00+00:00
[2024-09-24T23:43:46.953+0000] {processor.py:208} INFO - Processing /home/airflow/.local/lib/python3.12/site-packages/airflow/example_dags/tutorial.py took 0.375 seconds
[2024-09-24T23:44:17.340+0000] {processor.py:186} INFO - Started process (PID=3646) to work on /home/airflow/.local/lib/python3.12/site-packages/airflow/example_dags/tutorial.py
[2024-09-24T23:44:17.342+0000] {processor.py:914} INFO - Processing file /home/airflow/.local/lib/python3.12/site-packages/airflow/example_dags/tutorial.py for tasks to queue
[2024-09-24T23:44:17.347+0000] {logging_mixin.py:190} INFO - [2024-09-24T23:44:17.346+0000] {dagbag.py:588} INFO - Filling up the DagBag from /home/airflow/.local/lib/python3.12/site-packages/airflow/example_dags/tutorial.py
[2024-09-24T23:44:17.362+0000] {processor.py:925} INFO - DAG(s) 'tutorial' retrieved from /home/airflow/.local/lib/python3.12/site-packages/airflow/example_dags/tutorial.py
[2024-09-24T23:44:17.403+0000] {logging_mixin.py:190} INFO - [2024-09-24T23:44:17.403+0000] {dag.py:3239} INFO - Sync 1 DAGs
[2024-09-24T23:44:17.459+0000] {logging_mixin.py:190} INFO - [2024-09-24T23:44:17.458+0000] {dag.py:4180} INFO - Setting next_dagrun for tutorial to 2024-09-23 00:00:00+00:00, run_after=2024-09-24 00:00:00+00:00
[2024-09-24T23:44:17.500+0000] {processor.py:208} INFO - Processing /home/airflow/.local/lib/python3.12/site-packages/airflow/example_dags/tutorial.py took 0.171 seconds
[2024-09-24T23:44:48.356+0000] {processor.py:186} INFO - Started process (PID=3930) to work on /home/airflow/.local/lib/python3.12/site-packages/airflow/example_dags/tutorial.py
[2024-09-24T23:44:48.359+0000] {processor.py:914} INFO - Processing file /home/airflow/.local/lib/python3.12/site-packages/airflow/example_dags/tutorial.py for tasks to queue
[2024-09-24T23:44:48.365+0000] {logging_mixin.py:190} INFO - [2024-09-24T23:44:48.364+0000] {dagbag.py:588} INFO - Filling up the DagBag from /home/airflow/.local/lib/python3.12/site-packages/airflow/example_dags/tutorial.py
[2024-09-24T23:44:48.383+0000] {processor.py:925} INFO - DAG(s) 'tutorial' retrieved from /home/airflow/.local/lib/python3.12/site-packages/airflow/example_dags/tutorial.py
[2024-09-24T23:44:48.445+0000] {logging_mixin.py:190} INFO - [2024-09-24T23:44:48.444+0000] {dag.py:3239} INFO - Sync 1 DAGs
[2024-09-24T23:44:48.536+0000] {logging_mixin.py:190} INFO - [2024-09-24T23:44:48.535+0000] {dag.py:4180} INFO - Setting next_dagrun for tutorial to 2024-09-23 00:00:00+00:00, run_after=2024-09-24 00:00:00+00:00
[2024-09-24T23:44:48.609+0000] {processor.py:208} INFO - Processing /home/airflow/.local/lib/python3.12/site-packages/airflow/example_dags/tutorial.py took 0.270 seconds
[2024-09-24T23:45:19.172+0000] {processor.py:186} INFO - Started process (PID=4216) to work on /home/airflow/.local/lib/python3.12/site-packages/airflow/example_dags/tutorial.py
[2024-09-24T23:45:19.175+0000] {processor.py:914} INFO - Processing file /home/airflow/.local/lib/python3.12/site-packages/airflow/example_dags/tutorial.py for tasks to queue
[2024-09-24T23:45:19.180+0000] {logging_mixin.py:190} INFO - [2024-09-24T23:45:19.179+0000] {dagbag.py:588} INFO - Filling up the DagBag from /home/airflow/.local/lib/python3.12/site-packages/airflow/example_dags/tutorial.py
[2024-09-24T23:45:19.197+0000] {processor.py:925} INFO - DAG(s) 'tutorial' retrieved from /home/airflow/.local/lib/python3.12/site-packages/airflow/example_dags/tutorial.py
[2024-09-24T23:45:19.239+0000] {logging_mixin.py:190} INFO - [2024-09-24T23:45:19.239+0000] {dag.py:3239} INFO - Sync 1 DAGs
[2024-09-24T23:45:19.294+0000] {logging_mixin.py:190} INFO - [2024-09-24T23:45:19.294+0000] {dag.py:4180} INFO - Setting next_dagrun for tutorial to 2024-09-23 00:00:00+00:00, run_after=2024-09-24 00:00:00+00:00
[2024-09-24T23:45:19.339+0000] {processor.py:208} INFO - Processing /home/airflow/.local/lib/python3.12/site-packages/airflow/example_dags/tutorial.py took 0.179 seconds
[2024-09-24T23:45:49.697+0000] {processor.py:186} INFO - Started process (PID=4502) to work on /home/airflow/.local/lib/python3.12/site-packages/airflow/example_dags/tutorial.py
[2024-09-24T23:45:49.699+0000] {processor.py:914} INFO - Processing file /home/airflow/.local/lib/python3.12/site-packages/airflow/example_dags/tutorial.py for tasks to queue
[2024-09-24T23:45:49.704+0000] {logging_mixin.py:190} INFO - [2024-09-24T23:45:49.704+0000] {dagbag.py:588} INFO - Filling up the DagBag from /home/airflow/.local/lib/python3.12/site-packages/airflow/example_dags/tutorial.py
[2024-09-24T23:45:49.720+0000] {processor.py:925} INFO - DAG(s) 'tutorial' retrieved from /home/airflow/.local/lib/python3.12/site-packages/airflow/example_dags/tutorial.py
[2024-09-24T23:45:49.763+0000] {logging_mixin.py:190} INFO - [2024-09-24T23:45:49.762+0000] {dag.py:3239} INFO - Sync 1 DAGs
[2024-09-24T23:45:49.817+0000] {logging_mixin.py:190} INFO - [2024-09-24T23:45:49.816+0000] {dag.py:4180} INFO - Setting next_dagrun for tutorial to 2024-09-23 00:00:00+00:00, run_after=2024-09-24 00:00:00+00:00
[2024-09-24T23:45:49.877+0000] {processor.py:208} INFO - Processing /home/airflow/.local/lib/python3.12/site-packages/airflow/example_dags/tutorial.py took 0.192 seconds
[2024-09-24T23:46:20.371+0000] {processor.py:186} INFO - Started process (PID=4788) to work on /home/airflow/.local/lib/python3.12/site-packages/airflow/example_dags/tutorial.py
[2024-09-24T23:46:20.374+0000] {processor.py:914} INFO - Processing file /home/airflow/.local/lib/python3.12/site-packages/airflow/example_dags/tutorial.py for tasks to queue
[2024-09-24T23:46:20.380+0000] {logging_mixin.py:190} INFO - [2024-09-24T23:46:20.379+0000] {dagbag.py:588} INFO - Filling up the DagBag from /home/airflow/.local/lib/python3.12/site-packages/airflow/example_dags/tutorial.py
[2024-09-24T23:46:20.406+0000] {processor.py:925} INFO - DAG(s) 'tutorial' retrieved from /home/airflow/.local/lib/python3.12/site-packages/airflow/example_dags/tutorial.py
[2024-09-24T23:46:20.482+0000] {logging_mixin.py:190} INFO - [2024-09-24T23:46:20.482+0000] {dag.py:3239} INFO - Sync 1 DAGs
[2024-09-24T23:46:20.585+0000] {logging_mixin.py:190} INFO - [2024-09-24T23:46:20.584+0000] {dag.py:4180} INFO - Setting next_dagrun for tutorial to 2024-09-23 00:00:00+00:00, run_after=2024-09-24 00:00:00+00:00
[2024-09-24T23:46:20.648+0000] {processor.py:208} INFO - Processing /home/airflow/.local/lib/python3.12/site-packages/airflow/example_dags/tutorial.py took 0.293 seconds
[2024-09-24T23:46:51.475+0000] {processor.py:186} INFO - Started process (PID=5074) to work on /home/airflow/.local/lib/python3.12/site-packages/airflow/example_dags/tutorial.py
[2024-09-24T23:46:51.478+0000] {processor.py:914} INFO - Processing file /home/airflow/.local/lib/python3.12/site-packages/airflow/example_dags/tutorial.py for tasks to queue
[2024-09-24T23:46:51.485+0000] {logging_mixin.py:190} INFO - [2024-09-24T23:46:51.484+0000] {dagbag.py:588} INFO - Filling up the DagBag from /home/airflow/.local/lib/python3.12/site-packages/airflow/example_dags/tutorial.py
[2024-09-24T23:46:51.518+0000] {processor.py:925} INFO - DAG(s) 'tutorial' retrieved from /home/airflow/.local/lib/python3.12/site-packages/airflow/example_dags/tutorial.py
[2024-09-24T23:46:51.588+0000] {logging_mixin.py:190} INFO - [2024-09-24T23:46:51.587+0000] {dag.py:3239} INFO - Sync 1 DAGs
[2024-09-24T23:46:51.782+0000] {logging_mixin.py:190} INFO - [2024-09-24T23:46:51.782+0000] {dag.py:4180} INFO - Setting next_dagrun for tutorial to 2024-09-23 00:00:00+00:00, run_after=2024-09-24 00:00:00+00:00
[2024-09-24T23:46:51.868+0000] {processor.py:208} INFO - Processing /home/airflow/.local/lib/python3.12/site-packages/airflow/example_dags/tutorial.py took 0.409 seconds
[2024-09-24T23:47:22.140+0000] {processor.py:186} INFO - Started process (PID=5360) to work on /home/airflow/.local/lib/python3.12/site-packages/airflow/example_dags/tutorial.py
[2024-09-24T23:47:22.143+0000] {processor.py:914} INFO - Processing file /home/airflow/.local/lib/python3.12/site-packages/airflow/example_dags/tutorial.py for tasks to queue
[2024-09-24T23:47:22.148+0000] {logging_mixin.py:190} INFO - [2024-09-24T23:47:22.147+0000] {dagbag.py:588} INFO - Filling up the DagBag from /home/airflow/.local/lib/python3.12/site-packages/airflow/example_dags/tutorial.py
[2024-09-24T23:47:22.164+0000] {processor.py:925} INFO - DAG(s) 'tutorial' retrieved from /home/airflow/.local/lib/python3.12/site-packages/airflow/example_dags/tutorial.py
[2024-09-24T23:47:22.207+0000] {logging_mixin.py:190} INFO - [2024-09-24T23:47:22.206+0000] {dag.py:3239} INFO - Sync 1 DAGs
[2024-09-24T23:47:22.265+0000] {logging_mixin.py:190} INFO - [2024-09-24T23:47:22.264+0000] {dag.py:4180} INFO - Setting next_dagrun for tutorial to 2024-09-23 00:00:00+00:00, run_after=2024-09-24 00:00:00+00:00
[2024-09-24T23:47:22.319+0000] {processor.py:208} INFO - Processing /home/airflow/.local/lib/python3.12/site-packages/airflow/example_dags/tutorial.py took 0.190 seconds
[2024-09-24T23:47:53.123+0000] {processor.py:186} INFO - Started process (PID=5646) to work on /home/airflow/.local/lib/python3.12/site-packages/airflow/example_dags/tutorial.py
[2024-09-24T23:47:53.126+0000] {processor.py:914} INFO - Processing file /home/airflow/.local/lib/python3.12/site-packages/airflow/example_dags/tutorial.py for tasks to queue
[2024-09-24T23:47:53.130+0000] {logging_mixin.py:190} INFO - [2024-09-24T23:47:53.129+0000] {dagbag.py:588} INFO - Filling up the DagBag from /home/airflow/.local/lib/python3.12/site-packages/airflow/example_dags/tutorial.py
[2024-09-24T23:47:53.146+0000] {processor.py:925} INFO - DAG(s) 'tutorial' retrieved from /home/airflow/.local/lib/python3.12/site-packages/airflow/example_dags/tutorial.py
[2024-09-24T23:47:53.187+0000] {logging_mixin.py:190} INFO - [2024-09-24T23:47:53.186+0000] {dag.py:3239} INFO - Sync 1 DAGs
[2024-09-24T23:47:53.246+0000] {logging_mixin.py:190} INFO - [2024-09-24T23:47:53.245+0000] {dag.py:4180} INFO - Setting next_dagrun for tutorial to 2024-09-23 00:00:00+00:00, run_after=2024-09-24 00:00:00+00:00
[2024-09-24T23:47:53.294+0000] {processor.py:208} INFO - Processing /home/airflow/.local/lib/python3.12/site-packages/airflow/example_dags/tutorial.py took 0.184 seconds
[2024-09-24T23:48:23.664+0000] {processor.py:186} INFO - Started process (PID=5932) to work on /home/airflow/.local/lib/python3.12/site-packages/airflow/example_dags/tutorial.py
[2024-09-24T23:48:23.667+0000] {processor.py:914} INFO - Processing file /home/airflow/.local/lib/python3.12/site-packages/airflow/example_dags/tutorial.py for tasks to queue
[2024-09-24T23:48:23.672+0000] {logging_mixin.py:190} INFO - [2024-09-24T23:48:23.671+0000] {dagbag.py:588} INFO - Filling up the DagBag from /home/airflow/.local/lib/python3.12/site-packages/airflow/example_dags/tutorial.py
[2024-09-24T23:48:23.691+0000] {processor.py:925} INFO - DAG(s) 'tutorial' retrieved from /home/airflow/.local/lib/python3.12/site-packages/airflow/example_dags/tutorial.py
[2024-09-24T23:48:23.737+0000] {logging_mixin.py:190} INFO - [2024-09-24T23:48:23.736+0000] {dag.py:3239} INFO - Sync 1 DAGs
[2024-09-24T23:48:23.815+0000] {logging_mixin.py:190} INFO - [2024-09-24T23:48:23.815+0000] {dag.py:4180} INFO - Setting next_dagrun for tutorial to 2024-09-23 00:00:00+00:00, run_after=2024-09-24 00:00:00+00:00
[2024-09-24T23:48:23.868+0000] {processor.py:208} INFO - Processing /home/airflow/.local/lib/python3.12/site-packages/airflow/example_dags/tutorial.py took 0.219 seconds
[2024-09-24T23:48:54.633+0000] {processor.py:186} INFO - Started process (PID=6218) to work on /home/airflow/.local/lib/python3.12/site-packages/airflow/example_dags/tutorial.py
[2024-09-24T23:48:54.635+0000] {processor.py:914} INFO - Processing file /home/airflow/.local/lib/python3.12/site-packages/airflow/example_dags/tutorial.py for tasks to queue
[2024-09-24T23:48:54.641+0000] {logging_mixin.py:190} INFO - [2024-09-24T23:48:54.640+0000] {dagbag.py:588} INFO - Filling up the DagBag from /home/airflow/.local/lib/python3.12/site-packages/airflow/example_dags/tutorial.py
[2024-09-24T23:48:54.665+0000] {processor.py:925} INFO - DAG(s) 'tutorial' retrieved from /home/airflow/.local/lib/python3.12/site-packages/airflow/example_dags/tutorial.py
[2024-09-24T23:48:54.724+0000] {logging_mixin.py:190} INFO - [2024-09-24T23:48:54.723+0000] {dag.py:3239} INFO - Sync 1 DAGs
[2024-09-24T23:48:54.790+0000] {logging_mixin.py:190} INFO - [2024-09-24T23:48:54.790+0000] {dag.py:4180} INFO - Setting next_dagrun for tutorial to 2024-09-23 00:00:00+00:00, run_after=2024-09-24 00:00:00+00:00
[2024-09-24T23:48:54.849+0000] {processor.py:208} INFO - Processing /home/airflow/.local/lib/python3.12/site-packages/airflow/example_dags/tutorial.py took 0.230 seconds
[2024-09-24T23:49:25.942+0000] {processor.py:186} INFO - Started process (PID=6504) to work on /home/airflow/.local/lib/python3.12/site-packages/airflow/example_dags/tutorial.py
[2024-09-24T23:49:25.946+0000] {processor.py:914} INFO - Processing file /home/airflow/.local/lib/python3.12/site-packages/airflow/example_dags/tutorial.py for tasks to queue
[2024-09-24T23:49:25.963+0000] {logging_mixin.py:190} INFO - [2024-09-24T23:49:25.962+0000] {dagbag.py:588} INFO - Filling up the DagBag from /home/airflow/.local/lib/python3.12/site-packages/airflow/example_dags/tutorial.py
[2024-09-24T23:49:26.002+0000] {processor.py:925} INFO - DAG(s) 'tutorial' retrieved from /home/airflow/.local/lib/python3.12/site-packages/airflow/example_dags/tutorial.py
[2024-09-24T23:49:26.093+0000] {logging_mixin.py:190} INFO - [2024-09-24T23:49:26.092+0000] {dag.py:3239} INFO - Sync 1 DAGs
[2024-09-24T23:49:26.331+0000] {logging_mixin.py:190} INFO - [2024-09-24T23:49:26.331+0000] {dag.py:4180} INFO - Setting next_dagrun for tutorial to 2024-09-23 00:00:00+00:00, run_after=2024-09-24 00:00:00+00:00
[2024-09-24T23:49:26.427+0000] {processor.py:208} INFO - Processing /home/airflow/.local/lib/python3.12/site-packages/airflow/example_dags/tutorial.py took 0.520 seconds
[2024-09-24T23:49:56.905+0000] {processor.py:186} INFO - Started process (PID=6790) to work on /home/airflow/.local/lib/python3.12/site-packages/airflow/example_dags/tutorial.py
[2024-09-24T23:49:56.908+0000] {processor.py:914} INFO - Processing file /home/airflow/.local/lib/python3.12/site-packages/airflow/example_dags/tutorial.py for tasks to queue
[2024-09-24T23:49:56.913+0000] {logging_mixin.py:190} INFO - [2024-09-24T23:49:56.913+0000] {dagbag.py:588} INFO - Filling up the DagBag from /home/airflow/.local/lib/python3.12/site-packages/airflow/example_dags/tutorial.py
[2024-09-24T23:49:56.932+0000] {processor.py:925} INFO - DAG(s) 'tutorial' retrieved from /home/airflow/.local/lib/python3.12/site-packages/airflow/example_dags/tutorial.py
[2024-09-24T23:49:56.988+0000] {logging_mixin.py:190} INFO - [2024-09-24T23:49:56.988+0000] {dag.py:3239} INFO - Sync 1 DAGs
[2024-09-24T23:49:57.052+0000] {logging_mixin.py:190} INFO - [2024-09-24T23:49:57.052+0000] {dag.py:4180} INFO - Setting next_dagrun for tutorial to 2024-09-23 00:00:00+00:00, run_after=2024-09-24 00:00:00+00:00
[2024-09-24T23:49:57.103+0000] {processor.py:208} INFO - Processing /home/airflow/.local/lib/python3.12/site-packages/airflow/example_dags/tutorial.py took 0.210 seconds
[2024-09-24T23:50:27.484+0000] {processor.py:186} INFO - Started process (PID=7076) to work on /home/airflow/.local/lib/python3.12/site-packages/airflow/example_dags/tutorial.py
[2024-09-24T23:50:27.487+0000] {processor.py:914} INFO - Processing file /home/airflow/.local/lib/python3.12/site-packages/airflow/example_dags/tutorial.py for tasks to queue
[2024-09-24T23:50:27.492+0000] {logging_mixin.py:190} INFO - [2024-09-24T23:50:27.491+0000] {dagbag.py:588} INFO - Filling up the DagBag from /home/airflow/.local/lib/python3.12/site-packages/airflow/example_dags/tutorial.py
[2024-09-24T23:50:27.507+0000] {processor.py:925} INFO - DAG(s) 'tutorial' retrieved from /home/airflow/.local/lib/python3.12/site-packages/airflow/example_dags/tutorial.py
[2024-09-24T23:50:27.551+0000] {logging_mixin.py:190} INFO - [2024-09-24T23:50:27.551+0000] {dag.py:3239} INFO - Sync 1 DAGs
[2024-09-24T23:50:27.608+0000] {logging_mixin.py:190} INFO - [2024-09-24T23:50:27.607+0000] {dag.py:4180} INFO - Setting next_dagrun for tutorial to 2024-09-23 00:00:00+00:00, run_after=2024-09-24 00:00:00+00:00
[2024-09-24T23:50:27.659+0000] {processor.py:208} INFO - Processing /home/airflow/.local/lib/python3.12/site-packages/airflow/example_dags/tutorial.py took 0.186 seconds
[2024-09-24T23:50:57.868+0000] {processor.py:186} INFO - Started process (PID=7362) to work on /home/airflow/.local/lib/python3.12/site-packages/airflow/example_dags/tutorial.py
[2024-09-24T23:50:57.871+0000] {processor.py:914} INFO - Processing file /home/airflow/.local/lib/python3.12/site-packages/airflow/example_dags/tutorial.py for tasks to queue
[2024-09-24T23:50:57.875+0000] {logging_mixin.py:190} INFO - [2024-09-24T23:50:57.874+0000] {dagbag.py:588} INFO - Filling up the DagBag from /home/airflow/.local/lib/python3.12/site-packages/airflow/example_dags/tutorial.py
[2024-09-24T23:50:57.891+0000] {processor.py:925} INFO - DAG(s) 'tutorial' retrieved from /home/airflow/.local/lib/python3.12/site-packages/airflow/example_dags/tutorial.py
[2024-09-24T23:50:57.937+0000] {logging_mixin.py:190} INFO - [2024-09-24T23:50:57.937+0000] {dag.py:3239} INFO - Sync 1 DAGs
[2024-09-24T23:50:57.999+0000] {logging_mixin.py:190} INFO - [2024-09-24T23:50:57.999+0000] {dag.py:4180} INFO - Setting next_dagrun for tutorial to 2024-09-23 00:00:00+00:00, run_after=2024-09-24 00:00:00+00:00
[2024-09-24T23:50:58.060+0000] {processor.py:208} INFO - Processing /home/airflow/.local/lib/python3.12/site-packages/airflow/example_dags/tutorial.py took 0.203 seconds
[2024-09-24T23:51:28.707+0000] {processor.py:186} INFO - Started process (PID=7648) to work on /home/airflow/.local/lib/python3.12/site-packages/airflow/example_dags/tutorial.py
[2024-09-24T23:51:28.709+0000] {processor.py:914} INFO - Processing file /home/airflow/.local/lib/python3.12/site-packages/airflow/example_dags/tutorial.py for tasks to queue
[2024-09-24T23:51:28.716+0000] {logging_mixin.py:190} INFO - [2024-09-24T23:51:28.715+0000] {dagbag.py:588} INFO - Filling up the DagBag from /home/airflow/.local/lib/python3.12/site-packages/airflow/example_dags/tutorial.py
[2024-09-24T23:51:28.744+0000] {processor.py:925} INFO - DAG(s) 'tutorial' retrieved from /home/airflow/.local/lib/python3.12/site-packages/airflow/example_dags/tutorial.py
[2024-09-24T23:51:28.797+0000] {logging_mixin.py:190} INFO - [2024-09-24T23:51:28.797+0000] {dag.py:3239} INFO - Sync 1 DAGs
[2024-09-24T23:51:28.851+0000] {logging_mixin.py:190} INFO - [2024-09-24T23:51:28.851+0000] {dag.py:4180} INFO - Setting next_dagrun for tutorial to 2024-09-23 00:00:00+00:00, run_after=2024-09-24 00:00:00+00:00
[2024-09-24T23:51:28.912+0000] {processor.py:208} INFO - Processing /home/airflow/.local/lib/python3.12/site-packages/airflow/example_dags/tutorial.py took 0.220 seconds
[2024-09-24T23:51:59.661+0000] {processor.py:186} INFO - Started process (PID=7934) to work on /home/airflow/.local/lib/python3.12/site-packages/airflow/example_dags/tutorial.py
[2024-09-24T23:51:59.676+0000] {processor.py:914} INFO - Processing file /home/airflow/.local/lib/python3.12/site-packages/airflow/example_dags/tutorial.py for tasks to queue
[2024-09-24T23:51:59.689+0000] {logging_mixin.py:190} INFO - [2024-09-24T23:51:59.686+0000] {dagbag.py:588} INFO - Filling up the DagBag from /home/airflow/.local/lib/python3.12/site-packages/airflow/example_dags/tutorial.py
[2024-09-24T23:51:59.726+0000] {processor.py:925} INFO - DAG(s) 'tutorial' retrieved from /home/airflow/.local/lib/python3.12/site-packages/airflow/example_dags/tutorial.py
[2024-09-24T23:51:59.833+0000] {logging_mixin.py:190} INFO - [2024-09-24T23:51:59.833+0000] {dag.py:3239} INFO - Sync 1 DAGs
[2024-09-24T23:51:59.941+0000] {logging_mixin.py:190} INFO - [2024-09-24T23:51:59.940+0000] {dag.py:4180} INFO - Setting next_dagrun for tutorial to 2024-09-23 00:00:00+00:00, run_after=2024-09-24 00:00:00+00:00
[2024-09-24T23:51:59.999+0000] {processor.py:208} INFO - Processing /home/airflow/.local/lib/python3.12/site-packages/airflow/example_dags/tutorial.py took 0.357 seconds
[2024-09-24T23:52:30.316+0000] {processor.py:186} INFO - Started process (PID=8223) to work on /home/airflow/.local/lib/python3.12/site-packages/airflow/example_dags/tutorial.py
[2024-09-24T23:52:30.318+0000] {processor.py:914} INFO - Processing file /home/airflow/.local/lib/python3.12/site-packages/airflow/example_dags/tutorial.py for tasks to queue
[2024-09-24T23:52:30.324+0000] {logging_mixin.py:190} INFO - [2024-09-24T23:52:30.323+0000] {dagbag.py:588} INFO - Filling up the DagBag from /home/airflow/.local/lib/python3.12/site-packages/airflow/example_dags/tutorial.py
[2024-09-24T23:52:30.339+0000] {processor.py:925} INFO - DAG(s) 'tutorial' retrieved from /home/airflow/.local/lib/python3.12/site-packages/airflow/example_dags/tutorial.py
[2024-09-24T23:52:30.379+0000] {logging_mixin.py:190} INFO - [2024-09-24T23:52:30.379+0000] {dag.py:3239} INFO - Sync 1 DAGs
[2024-09-24T23:52:30.425+0000] {logging_mixin.py:190} INFO - [2024-09-24T23:52:30.425+0000] {dag.py:4180} INFO - Setting next_dagrun for tutorial to 2024-09-23 00:00:00+00:00, run_after=2024-09-24 00:00:00+00:00
[2024-09-24T23:52:30.467+0000] {processor.py:208} INFO - Processing /home/airflow/.local/lib/python3.12/site-packages/airflow/example_dags/tutorial.py took 0.164 seconds
[2024-09-24T23:53:00.601+0000] {processor.py:186} INFO - Started process (PID=8509) to work on /home/airflow/.local/lib/python3.12/site-packages/airflow/example_dags/tutorial.py
[2024-09-24T23:53:00.604+0000] {processor.py:914} INFO - Processing file /home/airflow/.local/lib/python3.12/site-packages/airflow/example_dags/tutorial.py for tasks to queue
[2024-09-24T23:53:00.609+0000] {logging_mixin.py:190} INFO - [2024-09-24T23:53:00.608+0000] {dagbag.py:588} INFO - Filling up the DagBag from /home/airflow/.local/lib/python3.12/site-packages/airflow/example_dags/tutorial.py
[2024-09-24T23:53:00.631+0000] {processor.py:925} INFO - DAG(s) 'tutorial' retrieved from /home/airflow/.local/lib/python3.12/site-packages/airflow/example_dags/tutorial.py
[2024-09-24T23:53:00.673+0000] {logging_mixin.py:190} INFO - [2024-09-24T23:53:00.673+0000] {dag.py:3239} INFO - Sync 1 DAGs
[2024-09-24T23:53:00.727+0000] {logging_mixin.py:190} INFO - [2024-09-24T23:53:00.726+0000] {dag.py:4180} INFO - Setting next_dagrun for tutorial to 2024-09-23 00:00:00+00:00, run_after=2024-09-24 00:00:00+00:00
[2024-09-24T23:53:00.767+0000] {processor.py:208} INFO - Processing /home/airflow/.local/lib/python3.12/site-packages/airflow/example_dags/tutorial.py took 0.178 seconds
[2024-09-24T23:53:30.996+0000] {processor.py:186} INFO - Started process (PID=8793) to work on /home/airflow/.local/lib/python3.12/site-packages/airflow/example_dags/tutorial.py
[2024-09-24T23:53:30.998+0000] {processor.py:914} INFO - Processing file /home/airflow/.local/lib/python3.12/site-packages/airflow/example_dags/tutorial.py for tasks to queue
[2024-09-24T23:53:31.001+0000] {logging_mixin.py:190} INFO - [2024-09-24T23:53:31.001+0000] {dagbag.py:588} INFO - Filling up the DagBag from /home/airflow/.local/lib/python3.12/site-packages/airflow/example_dags/tutorial.py
[2024-09-24T23:53:31.017+0000] {processor.py:925} INFO - DAG(s) 'tutorial' retrieved from /home/airflow/.local/lib/python3.12/site-packages/airflow/example_dags/tutorial.py
[2024-09-24T23:53:31.058+0000] {logging_mixin.py:190} INFO - [2024-09-24T23:53:31.057+0000] {dag.py:3239} INFO - Sync 1 DAGs
[2024-09-24T23:53:31.141+0000] {logging_mixin.py:190} INFO - [2024-09-24T23:53:31.140+0000] {dag.py:4180} INFO - Setting next_dagrun for tutorial to 2024-09-23 00:00:00+00:00, run_after=2024-09-24 00:00:00+00:00
[2024-09-24T23:53:31.195+0000] {processor.py:208} INFO - Processing /home/airflow/.local/lib/python3.12/site-packages/airflow/example_dags/tutorial.py took 0.210 seconds
[2024-09-24T23:54:01.610+0000] {processor.py:186} INFO - Started process (PID=9079) to work on /home/airflow/.local/lib/python3.12/site-packages/airflow/example_dags/tutorial.py
[2024-09-24T23:54:01.613+0000] {processor.py:914} INFO - Processing file /home/airflow/.local/lib/python3.12/site-packages/airflow/example_dags/tutorial.py for tasks to queue
[2024-09-24T23:54:01.618+0000] {logging_mixin.py:190} INFO - [2024-09-24T23:54:01.617+0000] {dagbag.py:588} INFO - Filling up the DagBag from /home/airflow/.local/lib/python3.12/site-packages/airflow/example_dags/tutorial.py
[2024-09-24T23:54:01.638+0000] {processor.py:925} INFO - DAG(s) 'tutorial' retrieved from /home/airflow/.local/lib/python3.12/site-packages/airflow/example_dags/tutorial.py
[2024-09-24T23:54:01.688+0000] {logging_mixin.py:190} INFO - [2024-09-24T23:54:01.688+0000] {dag.py:3239} INFO - Sync 1 DAGs
[2024-09-24T23:54:01.756+0000] {logging_mixin.py:190} INFO - [2024-09-24T23:54:01.755+0000] {dag.py:4180} INFO - Setting next_dagrun for tutorial to 2024-09-23 00:00:00+00:00, run_after=2024-09-24 00:00:00+00:00
[2024-09-24T23:54:01.804+0000] {processor.py:208} INFO - Processing /home/airflow/.local/lib/python3.12/site-packages/airflow/example_dags/tutorial.py took 0.217 seconds
[2024-09-24T23:54:32.348+0000] {processor.py:186} INFO - Started process (PID=9365) to work on /home/airflow/.local/lib/python3.12/site-packages/airflow/example_dags/tutorial.py
[2024-09-24T23:54:32.350+0000] {processor.py:914} INFO - Processing file /home/airflow/.local/lib/python3.12/site-packages/airflow/example_dags/tutorial.py for tasks to queue
[2024-09-24T23:54:32.354+0000] {logging_mixin.py:190} INFO - [2024-09-24T23:54:32.353+0000] {dagbag.py:588} INFO - Filling up the DagBag from /home/airflow/.local/lib/python3.12/site-packages/airflow/example_dags/tutorial.py
[2024-09-24T23:54:32.370+0000] {processor.py:925} INFO - DAG(s) 'tutorial' retrieved from /home/airflow/.local/lib/python3.12/site-packages/airflow/example_dags/tutorial.py
[2024-09-24T23:54:32.408+0000] {logging_mixin.py:190} INFO - [2024-09-24T23:54:32.408+0000] {dag.py:3239} INFO - Sync 1 DAGs
[2024-09-24T23:54:32.460+0000] {logging_mixin.py:190} INFO - [2024-09-24T23:54:32.460+0000] {dag.py:4180} INFO - Setting next_dagrun for tutorial to 2024-09-23 00:00:00+00:00, run_after=2024-09-24 00:00:00+00:00
[2024-09-24T23:54:32.503+0000] {processor.py:208} INFO - Processing /home/airflow/.local/lib/python3.12/site-packages/airflow/example_dags/tutorial.py took 0.166 seconds
[2024-09-24T23:55:03.099+0000] {processor.py:186} INFO - Started process (PID=9651) to work on /home/airflow/.local/lib/python3.12/site-packages/airflow/example_dags/tutorial.py
[2024-09-24T23:55:03.112+0000] {processor.py:914} INFO - Processing file /home/airflow/.local/lib/python3.12/site-packages/airflow/example_dags/tutorial.py for tasks to queue
[2024-09-24T23:55:03.131+0000] {logging_mixin.py:190} INFO - [2024-09-24T23:55:03.130+0000] {dagbag.py:588} INFO - Filling up the DagBag from /home/airflow/.local/lib/python3.12/site-packages/airflow/example_dags/tutorial.py
[2024-09-24T23:55:03.171+0000] {processor.py:925} INFO - DAG(s) 'tutorial' retrieved from /home/airflow/.local/lib/python3.12/site-packages/airflow/example_dags/tutorial.py
[2024-09-24T23:55:03.254+0000] {logging_mixin.py:190} INFO - [2024-09-24T23:55:03.253+0000] {dag.py:3239} INFO - Sync 1 DAGs
[2024-09-24T23:55:03.351+0000] {logging_mixin.py:190} INFO - [2024-09-24T23:55:03.350+0000] {dag.py:4180} INFO - Setting next_dagrun for tutorial to 2024-09-23 00:00:00+00:00, run_after=2024-09-24 00:00:00+00:00
[2024-09-24T23:55:03.464+0000] {processor.py:208} INFO - Processing /home/airflow/.local/lib/python3.12/site-packages/airflow/example_dags/tutorial.py took 0.392 seconds
[2024-09-24T23:55:34.592+0000] {processor.py:186} INFO - Started process (PID=9943) to work on /home/airflow/.local/lib/python3.12/site-packages/airflow/example_dags/tutorial.py
[2024-09-24T23:55:34.598+0000] {processor.py:914} INFO - Processing file /home/airflow/.local/lib/python3.12/site-packages/airflow/example_dags/tutorial.py for tasks to queue
[2024-09-24T23:55:34.608+0000] {logging_mixin.py:190} INFO - [2024-09-24T23:55:34.606+0000] {dagbag.py:588} INFO - Filling up the DagBag from /home/airflow/.local/lib/python3.12/site-packages/airflow/example_dags/tutorial.py
[2024-09-24T23:55:34.647+0000] {processor.py:925} INFO - DAG(s) 'tutorial' retrieved from /home/airflow/.local/lib/python3.12/site-packages/airflow/example_dags/tutorial.py
[2024-09-24T23:55:34.722+0000] {logging_mixin.py:190} INFO - [2024-09-24T23:55:34.721+0000] {dag.py:3239} INFO - Sync 1 DAGs
[2024-09-24T23:55:34.813+0000] {logging_mixin.py:190} INFO - [2024-09-24T23:55:34.812+0000] {dag.py:4180} INFO - Setting next_dagrun for tutorial to 2024-09-23 00:00:00+00:00, run_after=2024-09-24 00:00:00+00:00
[2024-09-24T23:55:34.903+0000] {processor.py:208} INFO - Processing /home/airflow/.local/lib/python3.12/site-packages/airflow/example_dags/tutorial.py took 0.335 seconds
[2024-09-24T23:56:05.440+0000] {processor.py:186} INFO - Started process (PID=10224) to work on /home/airflow/.local/lib/python3.12/site-packages/airflow/example_dags/tutorial.py
[2024-09-24T23:56:05.444+0000] {processor.py:914} INFO - Processing file /home/airflow/.local/lib/python3.12/site-packages/airflow/example_dags/tutorial.py for tasks to queue
[2024-09-24T23:56:05.452+0000] {logging_mixin.py:190} INFO - [2024-09-24T23:56:05.451+0000] {dagbag.py:588} INFO - Filling up the DagBag from /home/airflow/.local/lib/python3.12/site-packages/airflow/example_dags/tutorial.py
[2024-09-24T23:56:05.483+0000] {processor.py:925} INFO - DAG(s) 'tutorial' retrieved from /home/airflow/.local/lib/python3.12/site-packages/airflow/example_dags/tutorial.py
[2024-09-24T23:56:05.562+0000] {logging_mixin.py:190} INFO - [2024-09-24T23:56:05.561+0000] {dag.py:3239} INFO - Sync 1 DAGs
[2024-09-24T23:56:05.645+0000] {logging_mixin.py:190} INFO - [2024-09-24T23:56:05.644+0000] {dag.py:4180} INFO - Setting next_dagrun for tutorial to 2024-09-23 00:00:00+00:00, run_after=2024-09-24 00:00:00+00:00
[2024-09-24T23:56:05.692+0000] {processor.py:208} INFO - Processing /home/airflow/.local/lib/python3.12/site-packages/airflow/example_dags/tutorial.py took 0.285 seconds
